[2024-11-18T02:55:41.323+0000] {processor.py:186} INFO - Started process (PID=97) to work on /home/airflow/.local/lib/python3.12/site-packages/airflow/example_dags/example_display_name.py
[2024-11-18T02:55:41.327+0000] {processor.py:914} INFO - Processing file /home/airflow/.local/lib/python3.12/site-packages/airflow/example_dags/example_display_name.py for tasks to queue
[2024-11-18T02:55:41.344+0000] {logging_mixin.py:190} INFO - [2024-11-18T02:55:41.338+0000] {dagbag.py:587} INFO - Filling up the DagBag from /home/airflow/.local/lib/python3.12/site-packages/airflow/example_dags/example_display_name.py
[2024-11-18T02:55:41.413+0000] {processor.py:925} INFO - DAG(s) 'example_display_name' retrieved from /home/airflow/.local/lib/python3.12/site-packages/airflow/example_dags/example_display_name.py
[2024-11-18T02:55:41.593+0000] {logging_mixin.py:190} INFO - [2024-11-18T02:55:41.593+0000] {dag.py:3229} INFO - Sync 1 DAGs
[2024-11-18T02:55:41.724+0000] {logging_mixin.py:190} INFO - [2024-11-18T02:55:41.724+0000] {dag.py:4156} INFO - Setting next_dagrun for example_display_name to None, run_after=None
[2024-11-18T02:55:41.926+0000] {processor.py:208} INFO - Processing /home/airflow/.local/lib/python3.12/site-packages/airflow/example_dags/example_display_name.py took 0.653 seconds
[2024-11-18T02:56:12.982+0000] {processor.py:186} INFO - Started process (PID=159) to work on /home/airflow/.local/lib/python3.12/site-packages/airflow/example_dags/example_display_name.py
[2024-11-18T02:56:12.985+0000] {processor.py:914} INFO - Processing file /home/airflow/.local/lib/python3.12/site-packages/airflow/example_dags/example_display_name.py for tasks to queue
[2024-11-18T02:56:13.008+0000] {logging_mixin.py:190} INFO - [2024-11-18T02:56:13.002+0000] {dagbag.py:587} INFO - Filling up the DagBag from /home/airflow/.local/lib/python3.12/site-packages/airflow/example_dags/example_display_name.py
[2024-11-18T02:56:13.059+0000] {processor.py:925} INFO - DAG(s) 'example_display_name' retrieved from /home/airflow/.local/lib/python3.12/site-packages/airflow/example_dags/example_display_name.py
[2024-11-18T02:56:13.189+0000] {logging_mixin.py:190} INFO - [2024-11-18T02:56:13.189+0000] {dag.py:3229} INFO - Sync 1 DAGs
[2024-11-18T02:56:13.284+0000] {logging_mixin.py:190} INFO - [2024-11-18T02:56:13.278+0000] {dag.py:4156} INFO - Setting next_dagrun for example_display_name to None, run_after=None
[2024-11-18T02:56:13.378+0000] {processor.py:208} INFO - Processing /home/airflow/.local/lib/python3.12/site-packages/airflow/example_dags/example_display_name.py took 0.436 seconds
[2024-11-18T02:56:43.539+0000] {processor.py:186} INFO - Started process (PID=221) to work on /home/airflow/.local/lib/python3.12/site-packages/airflow/example_dags/example_display_name.py
[2024-11-18T02:56:43.542+0000] {processor.py:914} INFO - Processing file /home/airflow/.local/lib/python3.12/site-packages/airflow/example_dags/example_display_name.py for tasks to queue
[2024-11-18T02:56:43.546+0000] {logging_mixin.py:190} INFO - [2024-11-18T02:56:43.546+0000] {dagbag.py:587} INFO - Filling up the DagBag from /home/airflow/.local/lib/python3.12/site-packages/airflow/example_dags/example_display_name.py
[2024-11-18T02:56:43.564+0000] {processor.py:925} INFO - DAG(s) 'example_display_name' retrieved from /home/airflow/.local/lib/python3.12/site-packages/airflow/example_dags/example_display_name.py
[2024-11-18T02:56:43.604+0000] {logging_mixin.py:190} INFO - [2024-11-18T02:56:43.604+0000] {dag.py:3229} INFO - Sync 1 DAGs
[2024-11-18T02:56:43.636+0000] {logging_mixin.py:190} INFO - [2024-11-18T02:56:43.636+0000] {dag.py:4156} INFO - Setting next_dagrun for example_display_name to None, run_after=None
[2024-11-18T02:56:43.674+0000] {processor.py:208} INFO - Processing /home/airflow/.local/lib/python3.12/site-packages/airflow/example_dags/example_display_name.py took 0.150 seconds
[2024-11-18T02:57:13.745+0000] {processor.py:186} INFO - Started process (PID=281) to work on /home/airflow/.local/lib/python3.12/site-packages/airflow/example_dags/example_display_name.py
[2024-11-18T02:57:13.747+0000] {processor.py:914} INFO - Processing file /home/airflow/.local/lib/python3.12/site-packages/airflow/example_dags/example_display_name.py for tasks to queue
[2024-11-18T02:57:13.753+0000] {logging_mixin.py:190} INFO - [2024-11-18T02:57:13.752+0000] {dagbag.py:587} INFO - Filling up the DagBag from /home/airflow/.local/lib/python3.12/site-packages/airflow/example_dags/example_display_name.py
[2024-11-18T02:57:13.769+0000] {processor.py:925} INFO - DAG(s) 'example_display_name' retrieved from /home/airflow/.local/lib/python3.12/site-packages/airflow/example_dags/example_display_name.py
[2024-11-18T02:57:13.807+0000] {logging_mixin.py:190} INFO - [2024-11-18T02:57:13.807+0000] {dag.py:3229} INFO - Sync 1 DAGs
[2024-11-18T02:57:13.837+0000] {logging_mixin.py:190} INFO - [2024-11-18T02:57:13.835+0000] {dag.py:4156} INFO - Setting next_dagrun for example_display_name to None, run_after=None
[2024-11-18T02:57:13.874+0000] {processor.py:208} INFO - Processing /home/airflow/.local/lib/python3.12/site-packages/airflow/example_dags/example_display_name.py took 0.143 seconds
[2024-11-18T02:57:44.021+0000] {processor.py:186} INFO - Started process (PID=343) to work on /home/airflow/.local/lib/python3.12/site-packages/airflow/example_dags/example_display_name.py
[2024-11-18T02:57:44.024+0000] {processor.py:914} INFO - Processing file /home/airflow/.local/lib/python3.12/site-packages/airflow/example_dags/example_display_name.py for tasks to queue
[2024-11-18T02:57:44.028+0000] {logging_mixin.py:190} INFO - [2024-11-18T02:57:44.028+0000] {dagbag.py:587} INFO - Filling up the DagBag from /home/airflow/.local/lib/python3.12/site-packages/airflow/example_dags/example_display_name.py
[2024-11-18T02:57:44.043+0000] {processor.py:925} INFO - DAG(s) 'example_display_name' retrieved from /home/airflow/.local/lib/python3.12/site-packages/airflow/example_dags/example_display_name.py
[2024-11-18T02:57:44.080+0000] {logging_mixin.py:190} INFO - [2024-11-18T02:57:44.080+0000] {dag.py:3229} INFO - Sync 1 DAGs
[2024-11-18T02:57:44.107+0000] {logging_mixin.py:190} INFO - [2024-11-18T02:57:44.106+0000] {dag.py:4156} INFO - Setting next_dagrun for example_display_name to None, run_after=None
[2024-11-18T02:57:44.135+0000] {processor.py:208} INFO - Processing /home/airflow/.local/lib/python3.12/site-packages/airflow/example_dags/example_display_name.py took 0.132 seconds
[2024-11-18T02:58:14.213+0000] {processor.py:186} INFO - Started process (PID=404) to work on /home/airflow/.local/lib/python3.12/site-packages/airflow/example_dags/example_display_name.py
[2024-11-18T02:58:14.217+0000] {processor.py:914} INFO - Processing file /home/airflow/.local/lib/python3.12/site-packages/airflow/example_dags/example_display_name.py for tasks to queue
[2024-11-18T02:58:14.221+0000] {logging_mixin.py:190} INFO - [2024-11-18T02:58:14.221+0000] {dagbag.py:587} INFO - Filling up the DagBag from /home/airflow/.local/lib/python3.12/site-packages/airflow/example_dags/example_display_name.py
[2024-11-18T02:58:14.237+0000] {processor.py:925} INFO - DAG(s) 'example_display_name' retrieved from /home/airflow/.local/lib/python3.12/site-packages/airflow/example_dags/example_display_name.py
[2024-11-18T02:58:14.274+0000] {logging_mixin.py:190} INFO - [2024-11-18T02:58:14.274+0000] {dag.py:3229} INFO - Sync 1 DAGs
[2024-11-18T02:58:14.304+0000] {logging_mixin.py:190} INFO - [2024-11-18T02:58:14.304+0000] {dag.py:4156} INFO - Setting next_dagrun for example_display_name to None, run_after=None
[2024-11-18T02:58:14.338+0000] {processor.py:208} INFO - Processing /home/airflow/.local/lib/python3.12/site-packages/airflow/example_dags/example_display_name.py took 0.137 seconds
[2024-11-18T02:58:45.739+0000] {processor.py:186} INFO - Started process (PID=469) to work on /home/airflow/.local/lib/python3.12/site-packages/airflow/example_dags/example_display_name.py
[2024-11-18T02:58:45.749+0000] {processor.py:914} INFO - Processing file /home/airflow/.local/lib/python3.12/site-packages/airflow/example_dags/example_display_name.py for tasks to queue
[2024-11-18T02:58:45.761+0000] {logging_mixin.py:190} INFO - [2024-11-18T02:58:45.761+0000] {dagbag.py:587} INFO - Filling up the DagBag from /home/airflow/.local/lib/python3.12/site-packages/airflow/example_dags/example_display_name.py
[2024-11-18T02:58:45.818+0000] {processor.py:925} INFO - DAG(s) 'example_display_name' retrieved from /home/airflow/.local/lib/python3.12/site-packages/airflow/example_dags/example_display_name.py
[2024-11-18T02:58:45.956+0000] {logging_mixin.py:190} INFO - [2024-11-18T02:58:45.956+0000] {dag.py:3229} INFO - Sync 1 DAGs
[2024-11-18T02:58:46.023+0000] {logging_mixin.py:190} INFO - [2024-11-18T02:58:46.020+0000] {dag.py:4156} INFO - Setting next_dagrun for example_display_name to None, run_after=None
[2024-11-18T02:58:46.126+0000] {processor.py:208} INFO - Processing /home/airflow/.local/lib/python3.12/site-packages/airflow/example_dags/example_display_name.py took 0.429 seconds
[2024-11-18T02:59:16.367+0000] {processor.py:186} INFO - Started process (PID=530) to work on /home/airflow/.local/lib/python3.12/site-packages/airflow/example_dags/example_display_name.py
[2024-11-18T02:59:16.369+0000] {processor.py:914} INFO - Processing file /home/airflow/.local/lib/python3.12/site-packages/airflow/example_dags/example_display_name.py for tasks to queue
[2024-11-18T02:59:16.375+0000] {logging_mixin.py:190} INFO - [2024-11-18T02:59:16.373+0000] {dagbag.py:587} INFO - Filling up the DagBag from /home/airflow/.local/lib/python3.12/site-packages/airflow/example_dags/example_display_name.py
[2024-11-18T02:59:16.396+0000] {processor.py:925} INFO - DAG(s) 'example_display_name' retrieved from /home/airflow/.local/lib/python3.12/site-packages/airflow/example_dags/example_display_name.py
[2024-11-18T02:59:16.442+0000] {logging_mixin.py:190} INFO - [2024-11-18T02:59:16.442+0000] {dag.py:3229} INFO - Sync 1 DAGs
[2024-11-18T02:59:16.475+0000] {logging_mixin.py:190} INFO - [2024-11-18T02:59:16.475+0000] {dag.py:4156} INFO - Setting next_dagrun for example_display_name to None, run_after=None
[2024-11-18T02:59:16.514+0000] {processor.py:208} INFO - Processing /home/airflow/.local/lib/python3.12/site-packages/airflow/example_dags/example_display_name.py took 0.163 seconds
[2024-11-18T02:59:47.503+0000] {processor.py:186} INFO - Started process (PID=592) to work on /home/airflow/.local/lib/python3.12/site-packages/airflow/example_dags/example_display_name.py
[2024-11-18T02:59:47.506+0000] {processor.py:914} INFO - Processing file /home/airflow/.local/lib/python3.12/site-packages/airflow/example_dags/example_display_name.py for tasks to queue
[2024-11-18T02:59:47.510+0000] {logging_mixin.py:190} INFO - [2024-11-18T02:59:47.510+0000] {dagbag.py:587} INFO - Filling up the DagBag from /home/airflow/.local/lib/python3.12/site-packages/airflow/example_dags/example_display_name.py
[2024-11-18T02:59:47.526+0000] {processor.py:925} INFO - DAG(s) 'example_display_name' retrieved from /home/airflow/.local/lib/python3.12/site-packages/airflow/example_dags/example_display_name.py
[2024-11-18T02:59:47.564+0000] {logging_mixin.py:190} INFO - [2024-11-18T02:59:47.564+0000] {dag.py:3229} INFO - Sync 1 DAGs
[2024-11-18T02:59:47.591+0000] {logging_mixin.py:190} INFO - [2024-11-18T02:59:47.589+0000] {dag.py:4156} INFO - Setting next_dagrun for example_display_name to None, run_after=None
[2024-11-18T02:59:47.620+0000] {processor.py:208} INFO - Processing /home/airflow/.local/lib/python3.12/site-packages/airflow/example_dags/example_display_name.py took 0.129 seconds
[2024-11-18T03:00:18.364+0000] {processor.py:186} INFO - Started process (PID=654) to work on /home/airflow/.local/lib/python3.12/site-packages/airflow/example_dags/example_display_name.py
[2024-11-18T03:00:18.366+0000] {processor.py:914} INFO - Processing file /home/airflow/.local/lib/python3.12/site-packages/airflow/example_dags/example_display_name.py for tasks to queue
[2024-11-18T03:00:18.372+0000] {logging_mixin.py:190} INFO - [2024-11-18T03:00:18.372+0000] {dagbag.py:587} INFO - Filling up the DagBag from /home/airflow/.local/lib/python3.12/site-packages/airflow/example_dags/example_display_name.py
[2024-11-18T03:00:18.392+0000] {processor.py:925} INFO - DAG(s) 'example_display_name' retrieved from /home/airflow/.local/lib/python3.12/site-packages/airflow/example_dags/example_display_name.py
[2024-11-18T03:00:18.431+0000] {logging_mixin.py:190} INFO - [2024-11-18T03:00:18.431+0000] {dag.py:3229} INFO - Sync 1 DAGs
[2024-11-18T03:00:18.461+0000] {logging_mixin.py:190} INFO - [2024-11-18T03:00:18.460+0000] {dag.py:4156} INFO - Setting next_dagrun for example_display_name to None, run_after=None
[2024-11-18T03:00:18.510+0000] {processor.py:208} INFO - Processing /home/airflow/.local/lib/python3.12/site-packages/airflow/example_dags/example_display_name.py took 0.159 seconds
[2024-11-18T03:00:49.304+0000] {processor.py:186} INFO - Started process (PID=716) to work on /home/airflow/.local/lib/python3.12/site-packages/airflow/example_dags/example_display_name.py
[2024-11-18T03:00:49.307+0000] {processor.py:914} INFO - Processing file /home/airflow/.local/lib/python3.12/site-packages/airflow/example_dags/example_display_name.py for tasks to queue
[2024-11-18T03:00:49.311+0000] {logging_mixin.py:190} INFO - [2024-11-18T03:00:49.311+0000] {dagbag.py:587} INFO - Filling up the DagBag from /home/airflow/.local/lib/python3.12/site-packages/airflow/example_dags/example_display_name.py
[2024-11-18T03:00:49.328+0000] {processor.py:925} INFO - DAG(s) 'example_display_name' retrieved from /home/airflow/.local/lib/python3.12/site-packages/airflow/example_dags/example_display_name.py
[2024-11-18T03:00:49.367+0000] {logging_mixin.py:190} INFO - [2024-11-18T03:00:49.365+0000] {dag.py:3229} INFO - Sync 1 DAGs
[2024-11-18T03:00:49.397+0000] {logging_mixin.py:190} INFO - [2024-11-18T03:00:49.395+0000] {dag.py:4156} INFO - Setting next_dagrun for example_display_name to None, run_after=None
[2024-11-18T03:00:49.434+0000] {processor.py:208} INFO - Processing /home/airflow/.local/lib/python3.12/site-packages/airflow/example_dags/example_display_name.py took 0.143 seconds
[2024-11-18T03:01:20.746+0000] {processor.py:186} INFO - Started process (PID=785) to work on /home/airflow/.local/lib/python3.12/site-packages/airflow/example_dags/example_display_name.py
[2024-11-18T03:01:20.753+0000] {processor.py:914} INFO - Processing file /home/airflow/.local/lib/python3.12/site-packages/airflow/example_dags/example_display_name.py for tasks to queue
[2024-11-18T03:01:20.767+0000] {logging_mixin.py:190} INFO - [2024-11-18T03:01:20.767+0000] {dagbag.py:587} INFO - Filling up the DagBag from /home/airflow/.local/lib/python3.12/site-packages/airflow/example_dags/example_display_name.py
[2024-11-18T03:01:20.821+0000] {processor.py:925} INFO - DAG(s) 'example_display_name' retrieved from /home/airflow/.local/lib/python3.12/site-packages/airflow/example_dags/example_display_name.py
[2024-11-18T03:01:20.931+0000] {logging_mixin.py:190} INFO - [2024-11-18T03:01:20.931+0000] {dag.py:3229} INFO - Sync 1 DAGs
[2024-11-18T03:01:21.005+0000] {logging_mixin.py:190} INFO - [2024-11-18T03:01:21.005+0000] {dag.py:4156} INFO - Setting next_dagrun for example_display_name to None, run_after=None
[2024-11-18T03:01:21.120+0000] {processor.py:208} INFO - Processing /home/airflow/.local/lib/python3.12/site-packages/airflow/example_dags/example_display_name.py took 0.416 seconds
[2024-11-18T03:01:51.829+0000] {processor.py:186} INFO - Started process (PID=847) to work on /home/airflow/.local/lib/python3.12/site-packages/airflow/example_dags/example_display_name.py
[2024-11-18T03:01:51.832+0000] {processor.py:914} INFO - Processing file /home/airflow/.local/lib/python3.12/site-packages/airflow/example_dags/example_display_name.py for tasks to queue
[2024-11-18T03:01:51.838+0000] {logging_mixin.py:190} INFO - [2024-11-18T03:01:51.836+0000] {dagbag.py:587} INFO - Filling up the DagBag from /home/airflow/.local/lib/python3.12/site-packages/airflow/example_dags/example_display_name.py
[2024-11-18T03:01:51.856+0000] {processor.py:925} INFO - DAG(s) 'example_display_name' retrieved from /home/airflow/.local/lib/python3.12/site-packages/airflow/example_dags/example_display_name.py
[2024-11-18T03:01:51.900+0000] {logging_mixin.py:190} INFO - [2024-11-18T03:01:51.900+0000] {dag.py:3229} INFO - Sync 1 DAGs
[2024-11-18T03:01:51.929+0000] {logging_mixin.py:190} INFO - [2024-11-18T03:01:51.929+0000] {dag.py:4156} INFO - Setting next_dagrun for example_display_name to None, run_after=None
[2024-11-18T03:01:51.964+0000] {processor.py:208} INFO - Processing /home/airflow/.local/lib/python3.12/site-packages/airflow/example_dags/example_display_name.py took 0.149 seconds
[2024-11-18T03:02:22.361+0000] {processor.py:186} INFO - Started process (PID=909) to work on /home/airflow/.local/lib/python3.12/site-packages/airflow/example_dags/example_display_name.py
[2024-11-18T03:02:22.363+0000] {processor.py:914} INFO - Processing file /home/airflow/.local/lib/python3.12/site-packages/airflow/example_dags/example_display_name.py for tasks to queue
[2024-11-18T03:02:22.369+0000] {logging_mixin.py:190} INFO - [2024-11-18T03:02:22.367+0000] {dagbag.py:587} INFO - Filling up the DagBag from /home/airflow/.local/lib/python3.12/site-packages/airflow/example_dags/example_display_name.py
[2024-11-18T03:02:22.385+0000] {processor.py:925} INFO - DAG(s) 'example_display_name' retrieved from /home/airflow/.local/lib/python3.12/site-packages/airflow/example_dags/example_display_name.py
[2024-11-18T03:02:22.435+0000] {logging_mixin.py:190} INFO - [2024-11-18T03:02:22.434+0000] {dag.py:3229} INFO - Sync 1 DAGs
[2024-11-18T03:02:22.466+0000] {logging_mixin.py:190} INFO - [2024-11-18T03:02:22.466+0000] {dag.py:4156} INFO - Setting next_dagrun for example_display_name to None, run_after=None
[2024-11-18T03:02:22.501+0000] {processor.py:208} INFO - Processing /home/airflow/.local/lib/python3.12/site-packages/airflow/example_dags/example_display_name.py took 0.155 seconds
[2024-11-18T03:02:52.663+0000] {processor.py:186} INFO - Started process (PID=970) to work on /home/airflow/.local/lib/python3.12/site-packages/airflow/example_dags/example_display_name.py
[2024-11-18T03:02:52.665+0000] {processor.py:914} INFO - Processing file /home/airflow/.local/lib/python3.12/site-packages/airflow/example_dags/example_display_name.py for tasks to queue
[2024-11-18T03:02:52.667+0000] {logging_mixin.py:190} INFO - [2024-11-18T03:02:52.666+0000] {dagbag.py:587} INFO - Filling up the DagBag from /home/airflow/.local/lib/python3.12/site-packages/airflow/example_dags/example_display_name.py
[2024-11-18T03:02:52.674+0000] {processor.py:925} INFO - DAG(s) 'example_display_name' retrieved from /home/airflow/.local/lib/python3.12/site-packages/airflow/example_dags/example_display_name.py
[2024-11-18T03:02:52.691+0000] {logging_mixin.py:190} INFO - [2024-11-18T03:02:52.691+0000] {dag.py:3229} INFO - Sync 1 DAGs
[2024-11-18T03:02:52.705+0000] {logging_mixin.py:190} INFO - [2024-11-18T03:02:52.704+0000] {dag.py:4156} INFO - Setting next_dagrun for example_display_name to None, run_after=None
[2024-11-18T03:02:52.721+0000] {processor.py:208} INFO - Processing /home/airflow/.local/lib/python3.12/site-packages/airflow/example_dags/example_display_name.py took 0.068 seconds
[2024-11-18T03:03:22.836+0000] {processor.py:186} INFO - Started process (PID=1031) to work on /home/airflow/.local/lib/python3.12/site-packages/airflow/example_dags/example_display_name.py
[2024-11-18T03:03:22.837+0000] {processor.py:914} INFO - Processing file /home/airflow/.local/lib/python3.12/site-packages/airflow/example_dags/example_display_name.py for tasks to queue
[2024-11-18T03:03:22.839+0000] {logging_mixin.py:190} INFO - [2024-11-18T03:03:22.838+0000] {dagbag.py:587} INFO - Filling up the DagBag from /home/airflow/.local/lib/python3.12/site-packages/airflow/example_dags/example_display_name.py
[2024-11-18T03:03:22.846+0000] {processor.py:925} INFO - DAG(s) 'example_display_name' retrieved from /home/airflow/.local/lib/python3.12/site-packages/airflow/example_dags/example_display_name.py
[2024-11-18T03:03:22.864+0000] {logging_mixin.py:190} INFO - [2024-11-18T03:03:22.863+0000] {dag.py:3229} INFO - Sync 1 DAGs
[2024-11-18T03:03:22.878+0000] {logging_mixin.py:190} INFO - [2024-11-18T03:03:22.877+0000] {dag.py:4156} INFO - Setting next_dagrun for example_display_name to None, run_after=None
[2024-11-18T03:03:22.893+0000] {processor.py:208} INFO - Processing /home/airflow/.local/lib/python3.12/site-packages/airflow/example_dags/example_display_name.py took 0.063 seconds
[2024-11-18T03:03:52.981+0000] {processor.py:186} INFO - Started process (PID=1093) to work on /home/airflow/.local/lib/python3.12/site-packages/airflow/example_dags/example_display_name.py
[2024-11-18T03:03:52.982+0000] {processor.py:914} INFO - Processing file /home/airflow/.local/lib/python3.12/site-packages/airflow/example_dags/example_display_name.py for tasks to queue
[2024-11-18T03:03:52.984+0000] {logging_mixin.py:190} INFO - [2024-11-18T03:03:52.984+0000] {dagbag.py:587} INFO - Filling up the DagBag from /home/airflow/.local/lib/python3.12/site-packages/airflow/example_dags/example_display_name.py
[2024-11-18T03:03:52.992+0000] {processor.py:925} INFO - DAG(s) 'example_display_name' retrieved from /home/airflow/.local/lib/python3.12/site-packages/airflow/example_dags/example_display_name.py
[2024-11-18T03:03:53.010+0000] {logging_mixin.py:190} INFO - [2024-11-18T03:03:53.009+0000] {dag.py:3229} INFO - Sync 1 DAGs
[2024-11-18T03:03:53.023+0000] {logging_mixin.py:190} INFO - [2024-11-18T03:03:53.022+0000] {dag.py:4156} INFO - Setting next_dagrun for example_display_name to None, run_after=None
[2024-11-18T03:03:53.039+0000] {processor.py:208} INFO - Processing /home/airflow/.local/lib/python3.12/site-packages/airflow/example_dags/example_display_name.py took 0.068 seconds
[2024-11-18T03:04:24.013+0000] {processor.py:186} INFO - Started process (PID=1155) to work on /home/airflow/.local/lib/python3.12/site-packages/airflow/example_dags/example_display_name.py
[2024-11-18T03:04:24.025+0000] {processor.py:914} INFO - Processing file /home/airflow/.local/lib/python3.12/site-packages/airflow/example_dags/example_display_name.py for tasks to queue
[2024-11-18T03:04:24.035+0000] {logging_mixin.py:190} INFO - [2024-11-18T03:04:24.035+0000] {dagbag.py:587} INFO - Filling up the DagBag from /home/airflow/.local/lib/python3.12/site-packages/airflow/example_dags/example_display_name.py
[2024-11-18T03:04:24.077+0000] {processor.py:925} INFO - DAG(s) 'example_display_name' retrieved from /home/airflow/.local/lib/python3.12/site-packages/airflow/example_dags/example_display_name.py
[2024-11-18T03:04:24.144+0000] {logging_mixin.py:190} INFO - [2024-11-18T03:04:24.144+0000] {dag.py:3229} INFO - Sync 1 DAGs
[2024-11-18T03:04:24.198+0000] {logging_mixin.py:190} INFO - [2024-11-18T03:04:24.194+0000] {dag.py:4156} INFO - Setting next_dagrun for example_display_name to None, run_after=None
[2024-11-18T03:04:24.259+0000] {processor.py:208} INFO - Processing /home/airflow/.local/lib/python3.12/site-packages/airflow/example_dags/example_display_name.py took 0.271 seconds
[2024-11-18T03:04:54.550+0000] {processor.py:186} INFO - Started process (PID=1217) to work on /home/airflow/.local/lib/python3.12/site-packages/airflow/example_dags/example_display_name.py
[2024-11-18T03:04:54.554+0000] {processor.py:914} INFO - Processing file /home/airflow/.local/lib/python3.12/site-packages/airflow/example_dags/example_display_name.py for tasks to queue
[2024-11-18T03:04:54.565+0000] {logging_mixin.py:190} INFO - [2024-11-18T03:04:54.558+0000] {dagbag.py:587} INFO - Filling up the DagBag from /home/airflow/.local/lib/python3.12/site-packages/airflow/example_dags/example_display_name.py
[2024-11-18T03:04:54.597+0000] {processor.py:925} INFO - DAG(s) 'example_display_name' retrieved from /home/airflow/.local/lib/python3.12/site-packages/airflow/example_dags/example_display_name.py
[2024-11-18T03:04:54.672+0000] {logging_mixin.py:190} INFO - [2024-11-18T03:04:54.671+0000] {dag.py:3229} INFO - Sync 1 DAGs
[2024-11-18T03:04:54.730+0000] {logging_mixin.py:190} INFO - [2024-11-18T03:04:54.729+0000] {dag.py:4156} INFO - Setting next_dagrun for example_display_name to None, run_after=None
[2024-11-18T03:04:54.800+0000] {processor.py:208} INFO - Processing /home/airflow/.local/lib/python3.12/site-packages/airflow/example_dags/example_display_name.py took 0.282 seconds
[2024-11-18T03:05:25.305+0000] {processor.py:186} INFO - Started process (PID=1279) to work on /home/airflow/.local/lib/python3.12/site-packages/airflow/example_dags/example_display_name.py
[2024-11-18T03:05:25.311+0000] {processor.py:914} INFO - Processing file /home/airflow/.local/lib/python3.12/site-packages/airflow/example_dags/example_display_name.py for tasks to queue
[2024-11-18T03:05:25.315+0000] {logging_mixin.py:190} INFO - [2024-11-18T03:05:25.315+0000] {dagbag.py:587} INFO - Filling up the DagBag from /home/airflow/.local/lib/python3.12/site-packages/airflow/example_dags/example_display_name.py
[2024-11-18T03:05:25.330+0000] {processor.py:925} INFO - DAG(s) 'example_display_name' retrieved from /home/airflow/.local/lib/python3.12/site-packages/airflow/example_dags/example_display_name.py
[2024-11-18T03:05:25.370+0000] {logging_mixin.py:190} INFO - [2024-11-18T03:05:25.370+0000] {dag.py:3229} INFO - Sync 1 DAGs
[2024-11-18T03:05:25.407+0000] {logging_mixin.py:190} INFO - [2024-11-18T03:05:25.405+0000] {dag.py:4156} INFO - Setting next_dagrun for example_display_name to None, run_after=None
[2024-11-18T03:05:25.446+0000] {processor.py:208} INFO - Processing /home/airflow/.local/lib/python3.12/site-packages/airflow/example_dags/example_display_name.py took 0.151 seconds
[2024-11-18T03:05:55.546+0000] {processor.py:186} INFO - Started process (PID=1341) to work on /home/airflow/.local/lib/python3.12/site-packages/airflow/example_dags/example_display_name.py
[2024-11-18T03:05:55.549+0000] {processor.py:914} INFO - Processing file /home/airflow/.local/lib/python3.12/site-packages/airflow/example_dags/example_display_name.py for tasks to queue
[2024-11-18T03:05:55.553+0000] {logging_mixin.py:190} INFO - [2024-11-18T03:05:55.553+0000] {dagbag.py:587} INFO - Filling up the DagBag from /home/airflow/.local/lib/python3.12/site-packages/airflow/example_dags/example_display_name.py
[2024-11-18T03:05:55.568+0000] {processor.py:925} INFO - DAG(s) 'example_display_name' retrieved from /home/airflow/.local/lib/python3.12/site-packages/airflow/example_dags/example_display_name.py
[2024-11-18T03:05:55.607+0000] {logging_mixin.py:190} INFO - [2024-11-18T03:05:55.607+0000] {dag.py:3229} INFO - Sync 1 DAGs
[2024-11-18T03:05:55.637+0000] {logging_mixin.py:190} INFO - [2024-11-18T03:05:55.637+0000] {dag.py:4156} INFO - Setting next_dagrun for example_display_name to None, run_after=None
[2024-11-18T03:05:55.669+0000] {processor.py:208} INFO - Processing /home/airflow/.local/lib/python3.12/site-packages/airflow/example_dags/example_display_name.py took 0.138 seconds
[2024-11-18T03:06:25.850+0000] {processor.py:186} INFO - Started process (PID=1403) to work on /home/airflow/.local/lib/python3.12/site-packages/airflow/example_dags/example_display_name.py
[2024-11-18T03:06:25.850+0000] {processor.py:914} INFO - Processing file /home/airflow/.local/lib/python3.12/site-packages/airflow/example_dags/example_display_name.py for tasks to queue
[2024-11-18T03:06:25.856+0000] {logging_mixin.py:190} INFO - [2024-11-18T03:06:25.854+0000] {dagbag.py:587} INFO - Filling up the DagBag from /home/airflow/.local/lib/python3.12/site-packages/airflow/example_dags/example_display_name.py
[2024-11-18T03:06:25.873+0000] {processor.py:925} INFO - DAG(s) 'example_display_name' retrieved from /home/airflow/.local/lib/python3.12/site-packages/airflow/example_dags/example_display_name.py
[2024-11-18T03:06:25.913+0000] {logging_mixin.py:190} INFO - [2024-11-18T03:06:25.913+0000] {dag.py:3229} INFO - Sync 1 DAGs
[2024-11-18T03:06:25.945+0000] {logging_mixin.py:190} INFO - [2024-11-18T03:06:25.944+0000] {dag.py:4156} INFO - Setting next_dagrun for example_display_name to None, run_after=None
[2024-11-18T03:06:25.982+0000] {processor.py:208} INFO - Processing /home/airflow/.local/lib/python3.12/site-packages/airflow/example_dags/example_display_name.py took 0.146 seconds
[2024-11-18T03:06:56.903+0000] {processor.py:186} INFO - Started process (PID=1465) to work on /home/airflow/.local/lib/python3.12/site-packages/airflow/example_dags/example_display_name.py
[2024-11-18T03:06:56.909+0000] {processor.py:914} INFO - Processing file /home/airflow/.local/lib/python3.12/site-packages/airflow/example_dags/example_display_name.py for tasks to queue
[2024-11-18T03:06:56.921+0000] {logging_mixin.py:190} INFO - [2024-11-18T03:06:56.920+0000] {dagbag.py:587} INFO - Filling up the DagBag from /home/airflow/.local/lib/python3.12/site-packages/airflow/example_dags/example_display_name.py
[2024-11-18T03:06:56.940+0000] {processor.py:925} INFO - DAG(s) 'example_display_name' retrieved from /home/airflow/.local/lib/python3.12/site-packages/airflow/example_dags/example_display_name.py
[2024-11-18T03:06:56.981+0000] {logging_mixin.py:190} INFO - [2024-11-18T03:06:56.980+0000] {dag.py:3229} INFO - Sync 1 DAGs
[2024-11-18T03:06:57.013+0000] {logging_mixin.py:190} INFO - [2024-11-18T03:06:57.013+0000] {dag.py:4156} INFO - Setting next_dagrun for example_display_name to None, run_after=None
[2024-11-18T03:06:57.049+0000] {processor.py:208} INFO - Processing /home/airflow/.local/lib/python3.12/site-packages/airflow/example_dags/example_display_name.py took 0.160 seconds
[2024-11-18T03:07:27.811+0000] {processor.py:186} INFO - Started process (PID=1526) to work on /home/airflow/.local/lib/python3.12/site-packages/airflow/example_dags/example_display_name.py
[2024-11-18T03:07:27.813+0000] {processor.py:914} INFO - Processing file /home/airflow/.local/lib/python3.12/site-packages/airflow/example_dags/example_display_name.py for tasks to queue
[2024-11-18T03:07:27.818+0000] {logging_mixin.py:190} INFO - [2024-11-18T03:07:27.816+0000] {dagbag.py:587} INFO - Filling up the DagBag from /home/airflow/.local/lib/python3.12/site-packages/airflow/example_dags/example_display_name.py
[2024-11-18T03:07:27.834+0000] {processor.py:925} INFO - DAG(s) 'example_display_name' retrieved from /home/airflow/.local/lib/python3.12/site-packages/airflow/example_dags/example_display_name.py
[2024-11-18T03:07:27.872+0000] {logging_mixin.py:190} INFO - [2024-11-18T03:07:27.870+0000] {dag.py:3229} INFO - Sync 1 DAGs
[2024-11-18T03:07:27.896+0000] {logging_mixin.py:190} INFO - [2024-11-18T03:07:27.896+0000] {dag.py:4156} INFO - Setting next_dagrun for example_display_name to None, run_after=None
[2024-11-18T03:07:27.933+0000] {processor.py:208} INFO - Processing /home/airflow/.local/lib/python3.12/site-packages/airflow/example_dags/example_display_name.py took 0.137 seconds
[2024-11-18T03:07:58.002+0000] {processor.py:186} INFO - Started process (PID=1587) to work on /home/airflow/.local/lib/python3.12/site-packages/airflow/example_dags/example_display_name.py
[2024-11-18T03:07:58.004+0000] {processor.py:914} INFO - Processing file /home/airflow/.local/lib/python3.12/site-packages/airflow/example_dags/example_display_name.py for tasks to queue
[2024-11-18T03:07:58.007+0000] {logging_mixin.py:190} INFO - [2024-11-18T03:07:58.007+0000] {dagbag.py:587} INFO - Filling up the DagBag from /home/airflow/.local/lib/python3.12/site-packages/airflow/example_dags/example_display_name.py
[2024-11-18T03:07:58.025+0000] {processor.py:925} INFO - DAG(s) 'example_display_name' retrieved from /home/airflow/.local/lib/python3.12/site-packages/airflow/example_dags/example_display_name.py
[2024-11-18T03:07:58.063+0000] {logging_mixin.py:190} INFO - [2024-11-18T03:07:58.063+0000] {dag.py:3229} INFO - Sync 1 DAGs
[2024-11-18T03:07:58.088+0000] {logging_mixin.py:190} INFO - [2024-11-18T03:07:58.087+0000] {dag.py:4156} INFO - Setting next_dagrun for example_display_name to None, run_after=None
[2024-11-18T03:07:58.124+0000] {processor.py:208} INFO - Processing /home/airflow/.local/lib/python3.12/site-packages/airflow/example_dags/example_display_name.py took 0.136 seconds
[2024-11-18T03:08:28.490+0000] {processor.py:186} INFO - Started process (PID=1651) to work on /home/airflow/.local/lib/python3.12/site-packages/airflow/example_dags/example_display_name.py
[2024-11-18T03:08:28.494+0000] {processor.py:914} INFO - Processing file /home/airflow/.local/lib/python3.12/site-packages/airflow/example_dags/example_display_name.py for tasks to queue
[2024-11-18T03:08:28.507+0000] {logging_mixin.py:190} INFO - [2024-11-18T03:08:28.507+0000] {dagbag.py:587} INFO - Filling up the DagBag from /home/airflow/.local/lib/python3.12/site-packages/airflow/example_dags/example_display_name.py
[2024-11-18T03:08:28.539+0000] {processor.py:925} INFO - DAG(s) 'example_display_name' retrieved from /home/airflow/.local/lib/python3.12/site-packages/airflow/example_dags/example_display_name.py
[2024-11-18T03:08:28.613+0000] {logging_mixin.py:190} INFO - [2024-11-18T03:08:28.613+0000] {dag.py:3229} INFO - Sync 1 DAGs
[2024-11-18T03:08:28.674+0000] {logging_mixin.py:190} INFO - [2024-11-18T03:08:28.674+0000] {dag.py:4156} INFO - Setting next_dagrun for example_display_name to None, run_after=None
[2024-11-18T03:08:28.748+0000] {processor.py:208} INFO - Processing /home/airflow/.local/lib/python3.12/site-packages/airflow/example_dags/example_display_name.py took 0.292 seconds
[2024-11-18T03:08:58.933+0000] {processor.py:186} INFO - Started process (PID=1713) to work on /home/airflow/.local/lib/python3.12/site-packages/airflow/example_dags/example_display_name.py
[2024-11-18T03:08:58.936+0000] {processor.py:914} INFO - Processing file /home/airflow/.local/lib/python3.12/site-packages/airflow/example_dags/example_display_name.py for tasks to queue
[2024-11-18T03:08:58.944+0000] {logging_mixin.py:190} INFO - [2024-11-18T03:08:58.944+0000] {dagbag.py:587} INFO - Filling up the DagBag from /home/airflow/.local/lib/python3.12/site-packages/airflow/example_dags/example_display_name.py
[2024-11-18T03:08:58.978+0000] {processor.py:925} INFO - DAG(s) 'example_display_name' retrieved from /home/airflow/.local/lib/python3.12/site-packages/airflow/example_dags/example_display_name.py
[2024-11-18T03:08:59.056+0000] {logging_mixin.py:190} INFO - [2024-11-18T03:08:59.056+0000] {dag.py:3229} INFO - Sync 1 DAGs
[2024-11-18T03:08:59.117+0000] {logging_mixin.py:190} INFO - [2024-11-18T03:08:59.114+0000] {dag.py:4156} INFO - Setting next_dagrun for example_display_name to None, run_after=None
[2024-11-18T03:08:59.186+0000] {processor.py:208} INFO - Processing /home/airflow/.local/lib/python3.12/site-packages/airflow/example_dags/example_display_name.py took 0.297 seconds
[2024-11-18T03:09:29.316+0000] {processor.py:186} INFO - Started process (PID=1776) to work on /home/airflow/.local/lib/python3.12/site-packages/airflow/example_dags/example_display_name.py
[2024-11-18T03:09:29.316+0000] {processor.py:914} INFO - Processing file /home/airflow/.local/lib/python3.12/site-packages/airflow/example_dags/example_display_name.py for tasks to queue
[2024-11-18T03:09:29.322+0000] {logging_mixin.py:190} INFO - [2024-11-18T03:09:29.320+0000] {dagbag.py:587} INFO - Filling up the DagBag from /home/airflow/.local/lib/python3.12/site-packages/airflow/example_dags/example_display_name.py
[2024-11-18T03:09:29.339+0000] {processor.py:925} INFO - DAG(s) 'example_display_name' retrieved from /home/airflow/.local/lib/python3.12/site-packages/airflow/example_dags/example_display_name.py
[2024-11-18T03:09:29.385+0000] {logging_mixin.py:190} INFO - [2024-11-18T03:09:29.385+0000] {dag.py:3229} INFO - Sync 1 DAGs
[2024-11-18T03:09:29.415+0000] {logging_mixin.py:190} INFO - [2024-11-18T03:09:29.415+0000] {dag.py:4156} INFO - Setting next_dagrun for example_display_name to None, run_after=None
[2024-11-18T03:09:29.451+0000] {processor.py:208} INFO - Processing /home/airflow/.local/lib/python3.12/site-packages/airflow/example_dags/example_display_name.py took 0.155 seconds
[2024-11-18T03:09:59.525+0000] {processor.py:186} INFO - Started process (PID=1839) to work on /home/airflow/.local/lib/python3.12/site-packages/airflow/example_dags/example_display_name.py
[2024-11-18T03:09:59.527+0000] {processor.py:914} INFO - Processing file /home/airflow/.local/lib/python3.12/site-packages/airflow/example_dags/example_display_name.py for tasks to queue
[2024-11-18T03:09:59.531+0000] {logging_mixin.py:190} INFO - [2024-11-18T03:09:59.531+0000] {dagbag.py:587} INFO - Filling up the DagBag from /home/airflow/.local/lib/python3.12/site-packages/airflow/example_dags/example_display_name.py
[2024-11-18T03:09:59.550+0000] {processor.py:925} INFO - DAG(s) 'example_display_name' retrieved from /home/airflow/.local/lib/python3.12/site-packages/airflow/example_dags/example_display_name.py
[2024-11-18T03:09:59.588+0000] {logging_mixin.py:190} INFO - [2024-11-18T03:09:59.588+0000] {dag.py:3229} INFO - Sync 1 DAGs
[2024-11-18T03:09:59.618+0000] {logging_mixin.py:190} INFO - [2024-11-18T03:09:59.618+0000] {dag.py:4156} INFO - Setting next_dagrun for example_display_name to None, run_after=None
[2024-11-18T03:09:59.652+0000] {processor.py:208} INFO - Processing /home/airflow/.local/lib/python3.12/site-packages/airflow/example_dags/example_display_name.py took 0.139 seconds
[2024-11-18T03:10:30.638+0000] {processor.py:186} INFO - Started process (PID=1901) to work on /home/airflow/.local/lib/python3.12/site-packages/airflow/example_dags/example_display_name.py
[2024-11-18T03:10:30.639+0000] {processor.py:914} INFO - Processing file /home/airflow/.local/lib/python3.12/site-packages/airflow/example_dags/example_display_name.py for tasks to queue
[2024-11-18T03:10:30.648+0000] {logging_mixin.py:190} INFO - [2024-11-18T03:10:30.648+0000] {dagbag.py:587} INFO - Filling up the DagBag from /home/airflow/.local/lib/python3.12/site-packages/airflow/example_dags/example_display_name.py
[2024-11-18T03:10:30.672+0000] {processor.py:925} INFO - DAG(s) 'example_display_name' retrieved from /home/airflow/.local/lib/python3.12/site-packages/airflow/example_dags/example_display_name.py
[2024-11-18T03:10:30.692+0000] {logging_mixin.py:190} INFO - [2024-11-18T03:10:30.692+0000] {dag.py:3229} INFO - Sync 1 DAGs
[2024-11-18T03:10:30.710+0000] {logging_mixin.py:190} INFO - [2024-11-18T03:10:30.710+0000] {dag.py:4156} INFO - Setting next_dagrun for example_display_name to None, run_after=None
[2024-11-18T03:10:30.772+0000] {processor.py:208} INFO - Processing /home/airflow/.local/lib/python3.12/site-packages/airflow/example_dags/example_display_name.py took 0.159 seconds
[2024-11-18T03:11:02.373+0000] {processor.py:186} INFO - Started process (PID=1963) to work on /home/airflow/.local/lib/python3.12/site-packages/airflow/example_dags/example_display_name.py
[2024-11-18T03:11:02.377+0000] {processor.py:914} INFO - Processing file /home/airflow/.local/lib/python3.12/site-packages/airflow/example_dags/example_display_name.py for tasks to queue
[2024-11-18T03:11:02.384+0000] {logging_mixin.py:190} INFO - [2024-11-18T03:11:02.384+0000] {dagbag.py:587} INFO - Filling up the DagBag from /home/airflow/.local/lib/python3.12/site-packages/airflow/example_dags/example_display_name.py
[2024-11-18T03:11:02.406+0000] {processor.py:925} INFO - DAG(s) 'example_display_name' retrieved from /home/airflow/.local/lib/python3.12/site-packages/airflow/example_dags/example_display_name.py
[2024-11-18T03:11:02.470+0000] {logging_mixin.py:190} INFO - [2024-11-18T03:11:02.469+0000] {dag.py:3229} INFO - Sync 1 DAGs
[2024-11-18T03:11:02.594+0000] {logging_mixin.py:190} INFO - [2024-11-18T03:11:02.580+0000] {dag.py:4156} INFO - Setting next_dagrun for example_display_name to None, run_after=None
[2024-11-18T03:11:02.718+0000] {processor.py:208} INFO - Processing /home/airflow/.local/lib/python3.12/site-packages/airflow/example_dags/example_display_name.py took 0.362 seconds
[2024-11-18T03:11:35.005+0000] {processor.py:186} INFO - Started process (PID=2026) to work on /home/airflow/.local/lib/python3.12/site-packages/airflow/example_dags/example_display_name.py
[2024-11-18T03:11:35.009+0000] {processor.py:914} INFO - Processing file /home/airflow/.local/lib/python3.12/site-packages/airflow/example_dags/example_display_name.py for tasks to queue
[2024-11-18T03:11:35.015+0000] {logging_mixin.py:190} INFO - [2024-11-18T03:11:35.015+0000] {dagbag.py:587} INFO - Filling up the DagBag from /home/airflow/.local/lib/python3.12/site-packages/airflow/example_dags/example_display_name.py
[2024-11-18T03:11:35.061+0000] {processor.py:925} INFO - DAG(s) 'example_display_name' retrieved from /home/airflow/.local/lib/python3.12/site-packages/airflow/example_dags/example_display_name.py
[2024-11-18T03:11:35.167+0000] {logging_mixin.py:190} INFO - [2024-11-18T03:11:35.167+0000] {dag.py:3229} INFO - Sync 1 DAGs
[2024-11-18T03:11:35.211+0000] {logging_mixin.py:190} INFO - [2024-11-18T03:11:35.209+0000] {dag.py:4156} INFO - Setting next_dagrun for example_display_name to None, run_after=None
[2024-11-18T03:11:35.258+0000] {processor.py:208} INFO - Processing /home/airflow/.local/lib/python3.12/site-packages/airflow/example_dags/example_display_name.py took 0.306 seconds
[2024-11-18T03:12:09.346+0000] {processor.py:186} INFO - Started process (PID=2088) to work on /home/airflow/.local/lib/python3.12/site-packages/airflow/example_dags/example_display_name.py
[2024-11-18T03:12:09.363+0000] {processor.py:914} INFO - Processing file /home/airflow/.local/lib/python3.12/site-packages/airflow/example_dags/example_display_name.py for tasks to queue
[2024-11-18T03:12:09.391+0000] {logging_mixin.py:190} INFO - [2024-11-18T03:12:09.377+0000] {dagbag.py:587} INFO - Filling up the DagBag from /home/airflow/.local/lib/python3.12/site-packages/airflow/example_dags/example_display_name.py
[2024-11-18T03:12:09.513+0000] {processor.py:925} INFO - DAG(s) 'example_display_name' retrieved from /home/airflow/.local/lib/python3.12/site-packages/airflow/example_dags/example_display_name.py
[2024-11-18T03:12:09.578+0000] {logging_mixin.py:190} INFO - [2024-11-18T03:12:09.578+0000] {dag.py:3229} INFO - Sync 1 DAGs
[2024-11-18T03:12:09.597+0000] {logging_mixin.py:190} INFO - [2024-11-18T03:12:09.597+0000] {dag.py:4156} INFO - Setting next_dagrun for example_display_name to None, run_after=None
[2024-11-18T03:12:09.718+0000] {processor.py:208} INFO - Processing /home/airflow/.local/lib/python3.12/site-packages/airflow/example_dags/example_display_name.py took 0.408 seconds
[2024-11-18T03:12:39.988+0000] {processor.py:186} INFO - Started process (PID=2150) to work on /home/airflow/.local/lib/python3.12/site-packages/airflow/example_dags/example_display_name.py
[2024-11-18T03:12:40.022+0000] {processor.py:914} INFO - Processing file /home/airflow/.local/lib/python3.12/site-packages/airflow/example_dags/example_display_name.py for tasks to queue
[2024-11-18T03:12:40.042+0000] {logging_mixin.py:190} INFO - [2024-11-18T03:12:40.042+0000] {dagbag.py:587} INFO - Filling up the DagBag from /home/airflow/.local/lib/python3.12/site-packages/airflow/example_dags/example_display_name.py
[2024-11-18T03:12:40.078+0000] {processor.py:925} INFO - DAG(s) 'example_display_name' retrieved from /home/airflow/.local/lib/python3.12/site-packages/airflow/example_dags/example_display_name.py
[2024-11-18T03:12:40.131+0000] {logging_mixin.py:190} INFO - [2024-11-18T03:12:40.131+0000] {dag.py:3229} INFO - Sync 1 DAGs
[2024-11-18T03:12:40.240+0000] {logging_mixin.py:190} INFO - [2024-11-18T03:12:40.240+0000] {dag.py:4156} INFO - Setting next_dagrun for example_display_name to None, run_after=None
[2024-11-18T03:12:40.333+0000] {processor.py:208} INFO - Processing /home/airflow/.local/lib/python3.12/site-packages/airflow/example_dags/example_display_name.py took 0.430 seconds
[2024-11-18T03:13:10.576+0000] {processor.py:186} INFO - Started process (PID=2211) to work on /home/airflow/.local/lib/python3.12/site-packages/airflow/example_dags/example_display_name.py
[2024-11-18T03:13:10.581+0000] {processor.py:914} INFO - Processing file /home/airflow/.local/lib/python3.12/site-packages/airflow/example_dags/example_display_name.py for tasks to queue
[2024-11-18T03:13:10.586+0000] {logging_mixin.py:190} INFO - [2024-11-18T03:13:10.586+0000] {dagbag.py:587} INFO - Filling up the DagBag from /home/airflow/.local/lib/python3.12/site-packages/airflow/example_dags/example_display_name.py
[2024-11-18T03:13:10.632+0000] {processor.py:925} INFO - DAG(s) 'example_display_name' retrieved from /home/airflow/.local/lib/python3.12/site-packages/airflow/example_dags/example_display_name.py
[2024-11-18T03:13:10.798+0000] {logging_mixin.py:190} INFO - [2024-11-18T03:13:10.793+0000] {dag.py:3229} INFO - Sync 1 DAGs
[2024-11-18T03:13:10.892+0000] {logging_mixin.py:190} INFO - [2024-11-18T03:13:10.891+0000] {dag.py:4156} INFO - Setting next_dagrun for example_display_name to None, run_after=None
[2024-11-18T03:13:11.040+0000] {processor.py:208} INFO - Processing /home/airflow/.local/lib/python3.12/site-packages/airflow/example_dags/example_display_name.py took 0.474 seconds
[2024-11-18T03:13:41.900+0000] {processor.py:186} INFO - Started process (PID=2273) to work on /home/airflow/.local/lib/python3.12/site-packages/airflow/example_dags/example_display_name.py
[2024-11-18T03:13:41.901+0000] {processor.py:914} INFO - Processing file /home/airflow/.local/lib/python3.12/site-packages/airflow/example_dags/example_display_name.py for tasks to queue
[2024-11-18T03:13:41.903+0000] {logging_mixin.py:190} INFO - [2024-11-18T03:13:41.903+0000] {dagbag.py:587} INFO - Filling up the DagBag from /home/airflow/.local/lib/python3.12/site-packages/airflow/example_dags/example_display_name.py
[2024-11-18T03:13:41.918+0000] {processor.py:925} INFO - DAG(s) 'example_display_name' retrieved from /home/airflow/.local/lib/python3.12/site-packages/airflow/example_dags/example_display_name.py
[2024-11-18T03:13:41.961+0000] {logging_mixin.py:190} INFO - [2024-11-18T03:13:41.961+0000] {dag.py:3229} INFO - Sync 1 DAGs
[2024-11-18T03:13:41.978+0000] {logging_mixin.py:190} INFO - [2024-11-18T03:13:41.978+0000] {dag.py:4156} INFO - Setting next_dagrun for example_display_name to None, run_after=None
[2024-11-18T03:13:42.050+0000] {processor.py:208} INFO - Processing /home/airflow/.local/lib/python3.12/site-packages/airflow/example_dags/example_display_name.py took 0.157 seconds
[2024-11-18T03:14:17.570+0000] {processor.py:186} INFO - Started process (PID=2336) to work on /home/airflow/.local/lib/python3.12/site-packages/airflow/example_dags/example_display_name.py
[2024-11-18T03:14:17.619+0000] {processor.py:914} INFO - Processing file /home/airflow/.local/lib/python3.12/site-packages/airflow/example_dags/example_display_name.py for tasks to queue
[2024-11-18T03:14:17.652+0000] {logging_mixin.py:190} INFO - [2024-11-18T03:14:17.647+0000] {dagbag.py:587} INFO - Filling up the DagBag from /home/airflow/.local/lib/python3.12/site-packages/airflow/example_dags/example_display_name.py
[2024-11-18T03:14:17.700+0000] {processor.py:925} INFO - DAG(s) 'example_display_name' retrieved from /home/airflow/.local/lib/python3.12/site-packages/airflow/example_dags/example_display_name.py
[2024-11-18T03:14:17.792+0000] {logging_mixin.py:190} INFO - [2024-11-18T03:14:17.781+0000] {dag.py:3229} INFO - Sync 1 DAGs
[2024-11-18T03:14:17.861+0000] {logging_mixin.py:190} INFO - [2024-11-18T03:14:17.861+0000] {dag.py:4156} INFO - Setting next_dagrun for example_display_name to None, run_after=None
[2024-11-18T03:14:17.942+0000] {processor.py:208} INFO - Processing /home/airflow/.local/lib/python3.12/site-packages/airflow/example_dags/example_display_name.py took 0.399 seconds
[2024-11-18T03:14:51.670+0000] {processor.py:186} INFO - Started process (PID=2398) to work on /home/airflow/.local/lib/python3.12/site-packages/airflow/example_dags/example_display_name.py
[2024-11-18T03:14:51.672+0000] {processor.py:914} INFO - Processing file /home/airflow/.local/lib/python3.12/site-packages/airflow/example_dags/example_display_name.py for tasks to queue
[2024-11-18T03:14:51.675+0000] {logging_mixin.py:190} INFO - [2024-11-18T03:14:51.675+0000] {dagbag.py:587} INFO - Filling up the DagBag from /home/airflow/.local/lib/python3.12/site-packages/airflow/example_dags/example_display_name.py
[2024-11-18T03:14:51.691+0000] {processor.py:925} INFO - DAG(s) 'example_display_name' retrieved from /home/airflow/.local/lib/python3.12/site-packages/airflow/example_dags/example_display_name.py
[2024-11-18T03:14:51.745+0000] {logging_mixin.py:190} INFO - [2024-11-18T03:14:51.745+0000] {dag.py:3229} INFO - Sync 1 DAGs
[2024-11-18T03:14:51.764+0000] {logging_mixin.py:190} INFO - [2024-11-18T03:14:51.763+0000] {dag.py:4156} INFO - Setting next_dagrun for example_display_name to None, run_after=None
[2024-11-18T03:14:51.875+0000] {processor.py:208} INFO - Processing /home/airflow/.local/lib/python3.12/site-packages/airflow/example_dags/example_display_name.py took 0.212 seconds
[2024-11-18T03:15:22.791+0000] {processor.py:186} INFO - Started process (PID=2459) to work on /home/airflow/.local/lib/python3.12/site-packages/airflow/example_dags/example_display_name.py
[2024-11-18T03:15:22.791+0000] {processor.py:914} INFO - Processing file /home/airflow/.local/lib/python3.12/site-packages/airflow/example_dags/example_display_name.py for tasks to queue
[2024-11-18T03:15:22.837+0000] {logging_mixin.py:190} INFO - [2024-11-18T03:15:22.820+0000] {dagbag.py:587} INFO - Filling up the DagBag from /home/airflow/.local/lib/python3.12/site-packages/airflow/example_dags/example_display_name.py
[2024-11-18T03:15:22.943+0000] {processor.py:925} INFO - DAG(s) 'example_display_name' retrieved from /home/airflow/.local/lib/python3.12/site-packages/airflow/example_dags/example_display_name.py
[2024-11-18T03:15:23.100+0000] {logging_mixin.py:190} INFO - [2024-11-18T03:15:23.100+0000] {dag.py:3229} INFO - Sync 1 DAGs
[2024-11-18T03:15:23.258+0000] {logging_mixin.py:190} INFO - [2024-11-18T03:15:23.258+0000] {dag.py:4156} INFO - Setting next_dagrun for example_display_name to None, run_after=None
[2024-11-18T03:15:23.488+0000] {processor.py:208} INFO - Processing /home/airflow/.local/lib/python3.12/site-packages/airflow/example_dags/example_display_name.py took 0.775 seconds
[2024-11-18T03:15:53.933+0000] {processor.py:186} INFO - Started process (PID=2519) to work on /home/airflow/.local/lib/python3.12/site-packages/airflow/example_dags/example_display_name.py
[2024-11-18T03:15:53.935+0000] {processor.py:914} INFO - Processing file /home/airflow/.local/lib/python3.12/site-packages/airflow/example_dags/example_display_name.py for tasks to queue
[2024-11-18T03:15:53.938+0000] {logging_mixin.py:190} INFO - [2024-11-18T03:15:53.937+0000] {dagbag.py:587} INFO - Filling up the DagBag from /home/airflow/.local/lib/python3.12/site-packages/airflow/example_dags/example_display_name.py
[2024-11-18T03:15:53.947+0000] {processor.py:925} INFO - DAG(s) 'example_display_name' retrieved from /home/airflow/.local/lib/python3.12/site-packages/airflow/example_dags/example_display_name.py
[2024-11-18T03:15:53.978+0000] {logging_mixin.py:190} INFO - [2024-11-18T03:15:53.977+0000] {dag.py:3229} INFO - Sync 1 DAGs
[2024-11-18T03:15:54.033+0000] {logging_mixin.py:190} INFO - [2024-11-18T03:15:54.032+0000] {dag.py:4156} INFO - Setting next_dagrun for example_display_name to None, run_after=None
[2024-11-18T03:15:54.055+0000] {processor.py:208} INFO - Processing /home/airflow/.local/lib/python3.12/site-packages/airflow/example_dags/example_display_name.py took 0.129 seconds
[2024-11-18T03:16:24.723+0000] {processor.py:186} INFO - Started process (PID=2581) to work on /home/airflow/.local/lib/python3.12/site-packages/airflow/example_dags/example_display_name.py
[2024-11-18T03:16:24.724+0000] {processor.py:914} INFO - Processing file /home/airflow/.local/lib/python3.12/site-packages/airflow/example_dags/example_display_name.py for tasks to queue
[2024-11-18T03:16:24.727+0000] {logging_mixin.py:190} INFO - [2024-11-18T03:16:24.726+0000] {dagbag.py:587} INFO - Filling up the DagBag from /home/airflow/.local/lib/python3.12/site-packages/airflow/example_dags/example_display_name.py
[2024-11-18T03:16:24.743+0000] {processor.py:925} INFO - DAG(s) 'example_display_name' retrieved from /home/airflow/.local/lib/python3.12/site-packages/airflow/example_dags/example_display_name.py
[2024-11-18T03:16:24.764+0000] {logging_mixin.py:190} INFO - [2024-11-18T03:16:24.764+0000] {dag.py:3229} INFO - Sync 1 DAGs
[2024-11-18T03:16:24.789+0000] {logging_mixin.py:190} INFO - [2024-11-18T03:16:24.787+0000] {dag.py:4156} INFO - Setting next_dagrun for example_display_name to None, run_after=None
[2024-11-18T03:16:24.811+0000] {processor.py:208} INFO - Processing /home/airflow/.local/lib/python3.12/site-packages/airflow/example_dags/example_display_name.py took 0.108 seconds
[2024-11-18T03:16:55.748+0000] {processor.py:186} INFO - Started process (PID=2642) to work on /home/airflow/.local/lib/python3.12/site-packages/airflow/example_dags/example_display_name.py
[2024-11-18T03:16:55.757+0000] {processor.py:914} INFO - Processing file /home/airflow/.local/lib/python3.12/site-packages/airflow/example_dags/example_display_name.py for tasks to queue
[2024-11-18T03:16:55.765+0000] {logging_mixin.py:190} INFO - [2024-11-18T03:16:55.765+0000] {dagbag.py:587} INFO - Filling up the DagBag from /home/airflow/.local/lib/python3.12/site-packages/airflow/example_dags/example_display_name.py
[2024-11-18T03:16:55.859+0000] {processor.py:925} INFO - DAG(s) 'example_display_name' retrieved from /home/airflow/.local/lib/python3.12/site-packages/airflow/example_dags/example_display_name.py
[2024-11-18T03:16:55.965+0000] {logging_mixin.py:190} INFO - [2024-11-18T03:16:55.965+0000] {dag.py:3229} INFO - Sync 1 DAGs
[2024-11-18T03:16:56.007+0000] {logging_mixin.py:190} INFO - [2024-11-18T03:16:56.007+0000] {dag.py:4156} INFO - Setting next_dagrun for example_display_name to None, run_after=None
[2024-11-18T03:16:56.091+0000] {processor.py:208} INFO - Processing /home/airflow/.local/lib/python3.12/site-packages/airflow/example_dags/example_display_name.py took 0.377 seconds
