[2024-11-18T02:55:46.013+0000] {processor.py:186} INFO - Started process (PID=108) to work on /home/airflow/.local/lib/python3.12/site-packages/airflow/example_dags/example_latest_only.py
[2024-11-18T02:55:46.022+0000] {processor.py:914} INFO - Processing file /home/airflow/.local/lib/python3.12/site-packages/airflow/example_dags/example_latest_only.py for tasks to queue
[2024-11-18T02:55:46.040+0000] {logging_mixin.py:190} INFO - [2024-11-18T02:55:46.034+0000] {dagbag.py:587} INFO - Filling up the DagBag from /home/airflow/.local/lib/python3.12/site-packages/airflow/example_dags/example_latest_only.py
[2024-11-18T02:55:46.091+0000] {processor.py:925} INFO - DAG(s) 'latest_only' retrieved from /home/airflow/.local/lib/python3.12/site-packages/airflow/example_dags/example_latest_only.py
[2024-11-18T02:55:46.170+0000] {logging_mixin.py:190} INFO - [2024-11-18T02:55:46.170+0000] {dag.py:3229} INFO - Sync 1 DAGs
[2024-11-18T02:55:46.266+0000] {logging_mixin.py:190} INFO - [2024-11-18T02:55:46.266+0000] {dag.py:4156} INFO - Setting next_dagrun for latest_only to 2024-11-17 20:00:00+00:00, run_after=2024-11-18 00:00:00+00:00
[2024-11-18T02:55:46.347+0000] {processor.py:208} INFO - Processing /home/airflow/.local/lib/python3.12/site-packages/airflow/example_dags/example_latest_only.py took 0.378 seconds
[2024-11-18T02:56:16.757+0000] {processor.py:186} INFO - Started process (PID=170) to work on /home/airflow/.local/lib/python3.12/site-packages/airflow/example_dags/example_latest_only.py
[2024-11-18T02:56:16.763+0000] {processor.py:914} INFO - Processing file /home/airflow/.local/lib/python3.12/site-packages/airflow/example_dags/example_latest_only.py for tasks to queue
[2024-11-18T02:56:16.768+0000] {logging_mixin.py:190} INFO - [2024-11-18T02:56:16.768+0000] {dagbag.py:587} INFO - Filling up the DagBag from /home/airflow/.local/lib/python3.12/site-packages/airflow/example_dags/example_latest_only.py
[2024-11-18T02:56:16.790+0000] {processor.py:925} INFO - DAG(s) 'latest_only' retrieved from /home/airflow/.local/lib/python3.12/site-packages/airflow/example_dags/example_latest_only.py
[2024-11-18T02:56:16.849+0000] {logging_mixin.py:190} INFO - [2024-11-18T02:56:16.849+0000] {dag.py:3229} INFO - Sync 1 DAGs
[2024-11-18T02:56:16.921+0000] {logging_mixin.py:190} INFO - [2024-11-18T02:56:16.920+0000] {dag.py:4156} INFO - Setting next_dagrun for latest_only to 2024-11-17 20:00:00+00:00, run_after=2024-11-18 00:00:00+00:00
[2024-11-18T02:56:16.970+0000] {processor.py:208} INFO - Processing /home/airflow/.local/lib/python3.12/site-packages/airflow/example_dags/example_latest_only.py took 0.232 seconds
[2024-11-18T02:56:47.719+0000] {processor.py:186} INFO - Started process (PID=232) to work on /home/airflow/.local/lib/python3.12/site-packages/airflow/example_dags/example_latest_only.py
[2024-11-18T02:56:47.721+0000] {processor.py:914} INFO - Processing file /home/airflow/.local/lib/python3.12/site-packages/airflow/example_dags/example_latest_only.py for tasks to queue
[2024-11-18T02:56:47.723+0000] {logging_mixin.py:190} INFO - [2024-11-18T02:56:47.723+0000] {dagbag.py:587} INFO - Filling up the DagBag from /home/airflow/.local/lib/python3.12/site-packages/airflow/example_dags/example_latest_only.py
[2024-11-18T02:56:47.731+0000] {processor.py:925} INFO - DAG(s) 'latest_only' retrieved from /home/airflow/.local/lib/python3.12/site-packages/airflow/example_dags/example_latest_only.py
[2024-11-18T02:56:47.750+0000] {logging_mixin.py:190} INFO - [2024-11-18T02:56:47.750+0000] {dag.py:3229} INFO - Sync 1 DAGs
[2024-11-18T02:56:47.772+0000] {logging_mixin.py:190} INFO - [2024-11-18T02:56:47.772+0000] {dag.py:4156} INFO - Setting next_dagrun for latest_only to 2024-11-17 20:00:00+00:00, run_after=2024-11-18 00:00:00+00:00
[2024-11-18T02:56:47.790+0000] {processor.py:208} INFO - Processing /home/airflow/.local/lib/python3.12/site-packages/airflow/example_dags/example_latest_only.py took 0.076 seconds
[2024-11-18T02:57:18.337+0000] {processor.py:186} INFO - Started process (PID=293) to work on /home/airflow/.local/lib/python3.12/site-packages/airflow/example_dags/example_latest_only.py
[2024-11-18T02:57:18.339+0000] {processor.py:914} INFO - Processing file /home/airflow/.local/lib/python3.12/site-packages/airflow/example_dags/example_latest_only.py for tasks to queue
[2024-11-18T02:57:18.341+0000] {logging_mixin.py:190} INFO - [2024-11-18T02:57:18.340+0000] {dagbag.py:587} INFO - Filling up the DagBag from /home/airflow/.local/lib/python3.12/site-packages/airflow/example_dags/example_latest_only.py
[2024-11-18T02:57:18.347+0000] {processor.py:925} INFO - DAG(s) 'latest_only' retrieved from /home/airflow/.local/lib/python3.12/site-packages/airflow/example_dags/example_latest_only.py
[2024-11-18T02:57:18.365+0000] {logging_mixin.py:190} INFO - [2024-11-18T02:57:18.365+0000] {dag.py:3229} INFO - Sync 1 DAGs
[2024-11-18T02:57:18.386+0000] {logging_mixin.py:190} INFO - [2024-11-18T02:57:18.386+0000] {dag.py:4156} INFO - Setting next_dagrun for latest_only to 2024-11-17 20:00:00+00:00, run_after=2024-11-18 00:00:00+00:00
[2024-11-18T02:57:18.402+0000] {processor.py:208} INFO - Processing /home/airflow/.local/lib/python3.12/site-packages/airflow/example_dags/example_latest_only.py took 0.075 seconds
[2024-11-18T02:57:49.311+0000] {processor.py:186} INFO - Started process (PID=361) to work on /home/airflow/.local/lib/python3.12/site-packages/airflow/example_dags/example_latest_only.py
[2024-11-18T02:57:49.313+0000] {processor.py:914} INFO - Processing file /home/airflow/.local/lib/python3.12/site-packages/airflow/example_dags/example_latest_only.py for tasks to queue
[2024-11-18T02:57:49.315+0000] {logging_mixin.py:190} INFO - [2024-11-18T02:57:49.315+0000] {dagbag.py:587} INFO - Filling up the DagBag from /home/airflow/.local/lib/python3.12/site-packages/airflow/example_dags/example_latest_only.py
[2024-11-18T02:57:49.322+0000] {processor.py:925} INFO - DAG(s) 'latest_only' retrieved from /home/airflow/.local/lib/python3.12/site-packages/airflow/example_dags/example_latest_only.py
[2024-11-18T02:57:49.341+0000] {logging_mixin.py:190} INFO - [2024-11-18T02:57:49.341+0000] {dag.py:3229} INFO - Sync 1 DAGs
[2024-11-18T02:57:49.362+0000] {logging_mixin.py:190} INFO - [2024-11-18T02:57:49.362+0000] {dag.py:4156} INFO - Setting next_dagrun for latest_only to 2024-11-17 20:00:00+00:00, run_after=2024-11-18 00:00:00+00:00
[2024-11-18T02:57:49.380+0000] {processor.py:208} INFO - Processing /home/airflow/.local/lib/python3.12/site-packages/airflow/example_dags/example_latest_only.py took 0.075 seconds
[2024-11-18T02:58:19.515+0000] {processor.py:186} INFO - Started process (PID=424) to work on /home/airflow/.local/lib/python3.12/site-packages/airflow/example_dags/example_latest_only.py
[2024-11-18T02:58:19.516+0000] {processor.py:914} INFO - Processing file /home/airflow/.local/lib/python3.12/site-packages/airflow/example_dags/example_latest_only.py for tasks to queue
[2024-11-18T02:58:19.518+0000] {logging_mixin.py:190} INFO - [2024-11-18T02:58:19.518+0000] {dagbag.py:587} INFO - Filling up the DagBag from /home/airflow/.local/lib/python3.12/site-packages/airflow/example_dags/example_latest_only.py
[2024-11-18T02:58:19.526+0000] {processor.py:925} INFO - DAG(s) 'latest_only' retrieved from /home/airflow/.local/lib/python3.12/site-packages/airflow/example_dags/example_latest_only.py
[2024-11-18T02:58:19.544+0000] {logging_mixin.py:190} INFO - [2024-11-18T02:58:19.544+0000] {dag.py:3229} INFO - Sync 1 DAGs
[2024-11-18T02:58:19.565+0000] {logging_mixin.py:190} INFO - [2024-11-18T02:58:19.565+0000] {dag.py:4156} INFO - Setting next_dagrun for latest_only to 2024-11-17 20:00:00+00:00, run_after=2024-11-18 00:00:00+00:00
[2024-11-18T02:58:19.581+0000] {processor.py:208} INFO - Processing /home/airflow/.local/lib/python3.12/site-packages/airflow/example_dags/example_latest_only.py took 0.072 seconds
[2024-11-18T02:58:49.837+0000] {processor.py:186} INFO - Started process (PID=486) to work on /home/airflow/.local/lib/python3.12/site-packages/airflow/example_dags/example_latest_only.py
[2024-11-18T02:58:49.840+0000] {processor.py:914} INFO - Processing file /home/airflow/.local/lib/python3.12/site-packages/airflow/example_dags/example_latest_only.py for tasks to queue
[2024-11-18T02:58:49.846+0000] {logging_mixin.py:190} INFO - [2024-11-18T02:58:49.846+0000] {dagbag.py:587} INFO - Filling up the DagBag from /home/airflow/.local/lib/python3.12/site-packages/airflow/example_dags/example_latest_only.py
[2024-11-18T02:58:49.872+0000] {processor.py:925} INFO - DAG(s) 'latest_only' retrieved from /home/airflow/.local/lib/python3.12/site-packages/airflow/example_dags/example_latest_only.py
[2024-11-18T02:58:49.928+0000] {logging_mixin.py:190} INFO - [2024-11-18T02:58:49.927+0000] {dag.py:3229} INFO - Sync 1 DAGs
[2024-11-18T02:58:49.998+0000] {logging_mixin.py:190} INFO - [2024-11-18T02:58:49.998+0000] {dag.py:4156} INFO - Setting next_dagrun for latest_only to 2024-11-17 20:00:00+00:00, run_after=2024-11-18 00:00:00+00:00
[2024-11-18T02:58:50.051+0000] {processor.py:208} INFO - Processing /home/airflow/.local/lib/python3.12/site-packages/airflow/example_dags/example_latest_only.py took 0.232 seconds
[2024-11-18T02:59:20.728+0000] {processor.py:186} INFO - Started process (PID=547) to work on /home/airflow/.local/lib/python3.12/site-packages/airflow/example_dags/example_latest_only.py
[2024-11-18T02:59:20.729+0000] {processor.py:914} INFO - Processing file /home/airflow/.local/lib/python3.12/site-packages/airflow/example_dags/example_latest_only.py for tasks to queue
[2024-11-18T02:59:20.732+0000] {logging_mixin.py:190} INFO - [2024-11-18T02:59:20.731+0000] {dagbag.py:587} INFO - Filling up the DagBag from /home/airflow/.local/lib/python3.12/site-packages/airflow/example_dags/example_latest_only.py
[2024-11-18T02:59:20.739+0000] {processor.py:925} INFO - DAG(s) 'latest_only' retrieved from /home/airflow/.local/lib/python3.12/site-packages/airflow/example_dags/example_latest_only.py
[2024-11-18T02:59:20.759+0000] {logging_mixin.py:190} INFO - [2024-11-18T02:59:20.759+0000] {dag.py:3229} INFO - Sync 1 DAGs
[2024-11-18T02:59:20.781+0000] {logging_mixin.py:190} INFO - [2024-11-18T02:59:20.781+0000] {dag.py:4156} INFO - Setting next_dagrun for latest_only to 2024-11-17 20:00:00+00:00, run_after=2024-11-18 00:00:00+00:00
[2024-11-18T02:59:20.797+0000] {processor.py:208} INFO - Processing /home/airflow/.local/lib/python3.12/site-packages/airflow/example_dags/example_latest_only.py took 0.075 seconds
[2024-11-18T02:59:51.659+0000] {processor.py:186} INFO - Started process (PID=609) to work on /home/airflow/.local/lib/python3.12/site-packages/airflow/example_dags/example_latest_only.py
[2024-11-18T02:59:51.660+0000] {processor.py:914} INFO - Processing file /home/airflow/.local/lib/python3.12/site-packages/airflow/example_dags/example_latest_only.py for tasks to queue
[2024-11-18T02:59:51.662+0000] {logging_mixin.py:190} INFO - [2024-11-18T02:59:51.662+0000] {dagbag.py:587} INFO - Filling up the DagBag from /home/airflow/.local/lib/python3.12/site-packages/airflow/example_dags/example_latest_only.py
[2024-11-18T02:59:51.670+0000] {processor.py:925} INFO - DAG(s) 'latest_only' retrieved from /home/airflow/.local/lib/python3.12/site-packages/airflow/example_dags/example_latest_only.py
[2024-11-18T02:59:51.689+0000] {logging_mixin.py:190} INFO - [2024-11-18T02:59:51.688+0000] {dag.py:3229} INFO - Sync 1 DAGs
[2024-11-18T02:59:51.710+0000] {logging_mixin.py:190} INFO - [2024-11-18T02:59:51.710+0000] {dag.py:4156} INFO - Setting next_dagrun for latest_only to 2024-11-17 20:00:00+00:00, run_after=2024-11-18 00:00:00+00:00
[2024-11-18T02:59:51.727+0000] {processor.py:208} INFO - Processing /home/airflow/.local/lib/python3.12/site-packages/airflow/example_dags/example_latest_only.py took 0.074 seconds
[2024-11-18T03:00:22.587+0000] {processor.py:186} INFO - Started process (PID=671) to work on /home/airflow/.local/lib/python3.12/site-packages/airflow/example_dags/example_latest_only.py
[2024-11-18T03:00:22.589+0000] {processor.py:914} INFO - Processing file /home/airflow/.local/lib/python3.12/site-packages/airflow/example_dags/example_latest_only.py for tasks to queue
[2024-11-18T03:00:22.591+0000] {logging_mixin.py:190} INFO - [2024-11-18T03:00:22.591+0000] {dagbag.py:587} INFO - Filling up the DagBag from /home/airflow/.local/lib/python3.12/site-packages/airflow/example_dags/example_latest_only.py
[2024-11-18T03:00:22.599+0000] {processor.py:925} INFO - DAG(s) 'latest_only' retrieved from /home/airflow/.local/lib/python3.12/site-packages/airflow/example_dags/example_latest_only.py
[2024-11-18T03:00:22.619+0000] {logging_mixin.py:190} INFO - [2024-11-18T03:00:22.619+0000] {dag.py:3229} INFO - Sync 1 DAGs
[2024-11-18T03:00:22.642+0000] {logging_mixin.py:190} INFO - [2024-11-18T03:00:22.642+0000] {dag.py:4156} INFO - Setting next_dagrun for latest_only to 2024-11-17 20:00:00+00:00, run_after=2024-11-18 00:00:00+00:00
[2024-11-18T03:00:22.659+0000] {processor.py:208} INFO - Processing /home/airflow/.local/lib/python3.12/site-packages/airflow/example_dags/example_latest_only.py took 0.078 seconds
[2024-11-18T03:00:53.386+0000] {processor.py:186} INFO - Started process (PID=734) to work on /home/airflow/.local/lib/python3.12/site-packages/airflow/example_dags/example_latest_only.py
[2024-11-18T03:00:53.387+0000] {processor.py:914} INFO - Processing file /home/airflow/.local/lib/python3.12/site-packages/airflow/example_dags/example_latest_only.py for tasks to queue
[2024-11-18T03:00:53.391+0000] {logging_mixin.py:190} INFO - [2024-11-18T03:00:53.390+0000] {dagbag.py:587} INFO - Filling up the DagBag from /home/airflow/.local/lib/python3.12/site-packages/airflow/example_dags/example_latest_only.py
[2024-11-18T03:00:53.398+0000] {processor.py:925} INFO - DAG(s) 'latest_only' retrieved from /home/airflow/.local/lib/python3.12/site-packages/airflow/example_dags/example_latest_only.py
[2024-11-18T03:00:53.420+0000] {logging_mixin.py:190} INFO - [2024-11-18T03:00:53.420+0000] {dag.py:3229} INFO - Sync 1 DAGs
[2024-11-18T03:00:53.442+0000] {logging_mixin.py:190} INFO - [2024-11-18T03:00:53.442+0000] {dag.py:4156} INFO - Setting next_dagrun for latest_only to 2024-11-17 20:00:00+00:00, run_after=2024-11-18 00:00:00+00:00
[2024-11-18T03:00:53.458+0000] {processor.py:208} INFO - Processing /home/airflow/.local/lib/python3.12/site-packages/airflow/example_dags/example_latest_only.py took 0.079 seconds
[2024-11-18T03:01:24.043+0000] {processor.py:186} INFO - Started process (PID=796) to work on /home/airflow/.local/lib/python3.12/site-packages/airflow/example_dags/example_latest_only.py
[2024-11-18T03:01:24.046+0000] {processor.py:914} INFO - Processing file /home/airflow/.local/lib/python3.12/site-packages/airflow/example_dags/example_latest_only.py for tasks to queue
[2024-11-18T03:01:24.054+0000] {logging_mixin.py:190} INFO - [2024-11-18T03:01:24.054+0000] {dagbag.py:587} INFO - Filling up the DagBag from /home/airflow/.local/lib/python3.12/site-packages/airflow/example_dags/example_latest_only.py
[2024-11-18T03:01:24.135+0000] {processor.py:925} INFO - DAG(s) 'latest_only' retrieved from /home/airflow/.local/lib/python3.12/site-packages/airflow/example_dags/example_latest_only.py
[2024-11-18T03:01:24.272+0000] {logging_mixin.py:190} INFO - [2024-11-18T03:01:24.271+0000] {dag.py:3229} INFO - Sync 1 DAGs
[2024-11-18T03:01:24.342+0000] {logging_mixin.py:190} INFO - [2024-11-18T03:01:24.342+0000] {dag.py:4156} INFO - Setting next_dagrun for latest_only to 2024-11-17 20:00:00+00:00, run_after=2024-11-18 00:00:00+00:00
[2024-11-18T03:01:24.373+0000] {processor.py:208} INFO - Processing /home/airflow/.local/lib/python3.12/site-packages/airflow/example_dags/example_latest_only.py took 0.359 seconds
[2024-11-18T03:01:55.153+0000] {processor.py:186} INFO - Started process (PID=858) to work on /home/airflow/.local/lib/python3.12/site-packages/airflow/example_dags/example_latest_only.py
[2024-11-18T03:01:55.157+0000] {processor.py:914} INFO - Processing file /home/airflow/.local/lib/python3.12/site-packages/airflow/example_dags/example_latest_only.py for tasks to queue
[2024-11-18T03:01:55.165+0000] {logging_mixin.py:190} INFO - [2024-11-18T03:01:55.165+0000] {dagbag.py:587} INFO - Filling up the DagBag from /home/airflow/.local/lib/python3.12/site-packages/airflow/example_dags/example_latest_only.py
[2024-11-18T03:01:55.194+0000] {processor.py:925} INFO - DAG(s) 'latest_only' retrieved from /home/airflow/.local/lib/python3.12/site-packages/airflow/example_dags/example_latest_only.py
[2024-11-18T03:01:55.274+0000] {logging_mixin.py:190} INFO - [2024-11-18T03:01:55.274+0000] {dag.py:3229} INFO - Sync 1 DAGs
[2024-11-18T03:01:55.372+0000] {logging_mixin.py:190} INFO - [2024-11-18T03:01:55.372+0000] {dag.py:4156} INFO - Setting next_dagrun for latest_only to 2024-11-17 20:00:00+00:00, run_after=2024-11-18 00:00:00+00:00
[2024-11-18T03:01:55.428+0000] {processor.py:208} INFO - Processing /home/airflow/.local/lib/python3.12/site-packages/airflow/example_dags/example_latest_only.py took 0.306 seconds
[2024-11-18T03:02:25.674+0000] {processor.py:186} INFO - Started process (PID=920) to work on /home/airflow/.local/lib/python3.12/site-packages/airflow/example_dags/example_latest_only.py
[2024-11-18T03:02:25.674+0000] {processor.py:914} INFO - Processing file /home/airflow/.local/lib/python3.12/site-packages/airflow/example_dags/example_latest_only.py for tasks to queue
[2024-11-18T03:02:25.680+0000] {logging_mixin.py:190} INFO - [2024-11-18T03:02:25.680+0000] {dagbag.py:587} INFO - Filling up the DagBag from /home/airflow/.local/lib/python3.12/site-packages/airflow/example_dags/example_latest_only.py
[2024-11-18T03:02:25.694+0000] {processor.py:925} INFO - DAG(s) 'latest_only' retrieved from /home/airflow/.local/lib/python3.12/site-packages/airflow/example_dags/example_latest_only.py
[2024-11-18T03:02:25.730+0000] {logging_mixin.py:190} INFO - [2024-11-18T03:02:25.730+0000] {dag.py:3229} INFO - Sync 1 DAGs
[2024-11-18T03:02:25.776+0000] {logging_mixin.py:190} INFO - [2024-11-18T03:02:25.776+0000] {dag.py:4156} INFO - Setting next_dagrun for latest_only to 2024-11-17 20:00:00+00:00, run_after=2024-11-18 00:00:00+00:00
[2024-11-18T03:02:25.801+0000] {processor.py:208} INFO - Processing /home/airflow/.local/lib/python3.12/site-packages/airflow/example_dags/example_latest_only.py took 0.141 seconds
[2024-11-18T03:02:55.998+0000] {processor.py:186} INFO - Started process (PID=982) to work on /home/airflow/.local/lib/python3.12/site-packages/airflow/example_dags/example_latest_only.py
[2024-11-18T03:02:55.999+0000] {processor.py:914} INFO - Processing file /home/airflow/.local/lib/python3.12/site-packages/airflow/example_dags/example_latest_only.py for tasks to queue
[2024-11-18T03:02:56.005+0000] {logging_mixin.py:190} INFO - [2024-11-18T03:02:56.003+0000] {dagbag.py:587} INFO - Filling up the DagBag from /home/airflow/.local/lib/python3.12/site-packages/airflow/example_dags/example_latest_only.py
[2024-11-18T03:02:56.020+0000] {processor.py:925} INFO - DAG(s) 'latest_only' retrieved from /home/airflow/.local/lib/python3.12/site-packages/airflow/example_dags/example_latest_only.py
[2024-11-18T03:02:56.056+0000] {logging_mixin.py:190} INFO - [2024-11-18T03:02:56.056+0000] {dag.py:3229} INFO - Sync 1 DAGs
[2024-11-18T03:02:56.097+0000] {logging_mixin.py:190} INFO - [2024-11-18T03:02:56.097+0000] {dag.py:4156} INFO - Setting next_dagrun for latest_only to 2024-11-17 20:00:00+00:00, run_after=2024-11-18 00:00:00+00:00
[2024-11-18T03:02:56.130+0000] {processor.py:208} INFO - Processing /home/airflow/.local/lib/python3.12/site-packages/airflow/example_dags/example_latest_only.py took 0.150 seconds
[2024-11-18T03:03:26.262+0000] {processor.py:186} INFO - Started process (PID=1043) to work on /home/airflow/.local/lib/python3.12/site-packages/airflow/example_dags/example_latest_only.py
[2024-11-18T03:03:26.264+0000] {processor.py:914} INFO - Processing file /home/airflow/.local/lib/python3.12/site-packages/airflow/example_dags/example_latest_only.py for tasks to queue
[2024-11-18T03:03:26.269+0000] {logging_mixin.py:190} INFO - [2024-11-18T03:03:26.267+0000] {dagbag.py:587} INFO - Filling up the DagBag from /home/airflow/.local/lib/python3.12/site-packages/airflow/example_dags/example_latest_only.py
[2024-11-18T03:03:26.285+0000] {processor.py:925} INFO - DAG(s) 'latest_only' retrieved from /home/airflow/.local/lib/python3.12/site-packages/airflow/example_dags/example_latest_only.py
[2024-11-18T03:03:26.319+0000] {logging_mixin.py:190} INFO - [2024-11-18T03:03:26.319+0000] {dag.py:3229} INFO - Sync 1 DAGs
[2024-11-18T03:03:26.341+0000] {logging_mixin.py:190} INFO - [2024-11-18T03:03:26.341+0000] {dag.py:4156} INFO - Setting next_dagrun for latest_only to 2024-11-17 20:00:00+00:00, run_after=2024-11-18 00:00:00+00:00
[2024-11-18T03:03:26.363+0000] {processor.py:208} INFO - Processing /home/airflow/.local/lib/python3.12/site-packages/airflow/example_dags/example_latest_only.py took 0.113 seconds
[2024-11-18T03:03:57.256+0000] {processor.py:186} INFO - Started process (PID=1105) to work on /home/airflow/.local/lib/python3.12/site-packages/airflow/example_dags/example_latest_only.py
[2024-11-18T03:03:57.260+0000] {processor.py:914} INFO - Processing file /home/airflow/.local/lib/python3.12/site-packages/airflow/example_dags/example_latest_only.py for tasks to queue
[2024-11-18T03:03:57.263+0000] {logging_mixin.py:190} INFO - [2024-11-18T03:03:57.263+0000] {dagbag.py:587} INFO - Filling up the DagBag from /home/airflow/.local/lib/python3.12/site-packages/airflow/example_dags/example_latest_only.py
[2024-11-18T03:03:57.282+0000] {processor.py:925} INFO - DAG(s) 'latest_only' retrieved from /home/airflow/.local/lib/python3.12/site-packages/airflow/example_dags/example_latest_only.py
[2024-11-18T03:03:57.313+0000] {logging_mixin.py:190} INFO - [2024-11-18T03:03:57.313+0000] {dag.py:3229} INFO - Sync 1 DAGs
[2024-11-18T03:03:57.336+0000] {logging_mixin.py:190} INFO - [2024-11-18T03:03:57.336+0000] {dag.py:4156} INFO - Setting next_dagrun for latest_only to 2024-11-17 20:00:00+00:00, run_after=2024-11-18 00:00:00+00:00
[2024-11-18T03:03:57.351+0000] {processor.py:208} INFO - Processing /home/airflow/.local/lib/python3.12/site-packages/airflow/example_dags/example_latest_only.py took 0.107 seconds
[2024-11-18T03:04:27.596+0000] {processor.py:186} INFO - Started process (PID=1167) to work on /home/airflow/.local/lib/python3.12/site-packages/airflow/example_dags/example_latest_only.py
[2024-11-18T03:04:27.599+0000] {processor.py:914} INFO - Processing file /home/airflow/.local/lib/python3.12/site-packages/airflow/example_dags/example_latest_only.py for tasks to queue
[2024-11-18T03:04:27.605+0000] {logging_mixin.py:190} INFO - [2024-11-18T03:04:27.603+0000] {dagbag.py:587} INFO - Filling up the DagBag from /home/airflow/.local/lib/python3.12/site-packages/airflow/example_dags/example_latest_only.py
[2024-11-18T03:04:27.620+0000] {processor.py:925} INFO - DAG(s) 'latest_only' retrieved from /home/airflow/.local/lib/python3.12/site-packages/airflow/example_dags/example_latest_only.py
[2024-11-18T03:04:27.663+0000] {logging_mixin.py:190} INFO - [2024-11-18T03:04:27.663+0000] {dag.py:3229} INFO - Sync 1 DAGs
[2024-11-18T03:04:27.691+0000] {logging_mixin.py:190} INFO - [2024-11-18T03:04:27.691+0000] {dag.py:4156} INFO - Setting next_dagrun for latest_only to 2024-11-17 20:00:00+00:00, run_after=2024-11-18 00:00:00+00:00
[2024-11-18T03:04:27.707+0000] {processor.py:208} INFO - Processing /home/airflow/.local/lib/python3.12/site-packages/airflow/example_dags/example_latest_only.py took 0.126 seconds
[2024-11-18T03:04:59.638+0000] {processor.py:186} INFO - Started process (PID=1229) to work on /home/airflow/.local/lib/python3.12/site-packages/airflow/example_dags/example_latest_only.py
[2024-11-18T03:04:59.638+0000] {processor.py:914} INFO - Processing file /home/airflow/.local/lib/python3.12/site-packages/airflow/example_dags/example_latest_only.py for tasks to queue
[2024-11-18T03:04:59.656+0000] {logging_mixin.py:190} INFO - [2024-11-18T03:04:59.650+0000] {dagbag.py:587} INFO - Filling up the DagBag from /home/airflow/.local/lib/python3.12/site-packages/airflow/example_dags/example_latest_only.py
[2024-11-18T03:04:59.710+0000] {processor.py:925} INFO - DAG(s) 'latest_only' retrieved from /home/airflow/.local/lib/python3.12/site-packages/airflow/example_dags/example_latest_only.py
[2024-11-18T03:04:59.765+0000] {logging_mixin.py:190} INFO - [2024-11-18T03:04:59.765+0000] {dag.py:3229} INFO - Sync 1 DAGs
[2024-11-18T03:04:59.811+0000] {logging_mixin.py:190} INFO - [2024-11-18T03:04:59.811+0000] {dag.py:4156} INFO - Setting next_dagrun for latest_only to 2024-11-17 20:00:00+00:00, run_after=2024-11-18 00:00:00+00:00
[2024-11-18T03:04:59.843+0000] {processor.py:208} INFO - Processing /home/airflow/.local/lib/python3.12/site-packages/airflow/example_dags/example_latest_only.py took 0.232 seconds
[2024-11-18T03:05:30.810+0000] {processor.py:186} INFO - Started process (PID=1291) to work on /home/airflow/.local/lib/python3.12/site-packages/airflow/example_dags/example_latest_only.py
[2024-11-18T03:05:30.813+0000] {processor.py:914} INFO - Processing file /home/airflow/.local/lib/python3.12/site-packages/airflow/example_dags/example_latest_only.py for tasks to queue
[2024-11-18T03:05:30.821+0000] {logging_mixin.py:190} INFO - [2024-11-18T03:05:30.821+0000] {dagbag.py:587} INFO - Filling up the DagBag from /home/airflow/.local/lib/python3.12/site-packages/airflow/example_dags/example_latest_only.py
[2024-11-18T03:05:30.849+0000] {processor.py:925} INFO - DAG(s) 'latest_only' retrieved from /home/airflow/.local/lib/python3.12/site-packages/airflow/example_dags/example_latest_only.py
[2024-11-18T03:05:30.928+0000] {logging_mixin.py:190} INFO - [2024-11-18T03:05:30.928+0000] {dag.py:3229} INFO - Sync 1 DAGs
[2024-11-18T03:05:31.000+0000] {logging_mixin.py:190} INFO - [2024-11-18T03:05:30.995+0000] {dag.py:4156} INFO - Setting next_dagrun for latest_only to 2024-11-17 20:00:00+00:00, run_after=2024-11-18 00:00:00+00:00
[2024-11-18T03:05:31.071+0000] {processor.py:208} INFO - Processing /home/airflow/.local/lib/python3.12/site-packages/airflow/example_dags/example_latest_only.py took 0.287 seconds
[2024-11-18T03:06:02.093+0000] {processor.py:186} INFO - Started process (PID=1353) to work on /home/airflow/.local/lib/python3.12/site-packages/airflow/example_dags/example_latest_only.py
[2024-11-18T03:06:02.096+0000] {processor.py:914} INFO - Processing file /home/airflow/.local/lib/python3.12/site-packages/airflow/example_dags/example_latest_only.py for tasks to queue
[2024-11-18T03:06:02.105+0000] {logging_mixin.py:190} INFO - [2024-11-18T03:06:02.103+0000] {dagbag.py:587} INFO - Filling up the DagBag from /home/airflow/.local/lib/python3.12/site-packages/airflow/example_dags/example_latest_only.py
[2024-11-18T03:06:02.124+0000] {processor.py:925} INFO - DAG(s) 'latest_only' retrieved from /home/airflow/.local/lib/python3.12/site-packages/airflow/example_dags/example_latest_only.py
[2024-11-18T03:06:02.164+0000] {logging_mixin.py:190} INFO - [2024-11-18T03:06:02.164+0000] {dag.py:3229} INFO - Sync 1 DAGs
[2024-11-18T03:06:02.210+0000] {logging_mixin.py:190} INFO - [2024-11-18T03:06:02.210+0000] {dag.py:4156} INFO - Setting next_dagrun for latest_only to 2024-11-17 20:00:00+00:00, run_after=2024-11-18 00:00:00+00:00
[2024-11-18T03:06:02.249+0000] {processor.py:208} INFO - Processing /home/airflow/.local/lib/python3.12/site-packages/airflow/example_dags/example_latest_only.py took 0.173 seconds
[2024-11-18T03:06:33.172+0000] {processor.py:186} INFO - Started process (PID=1415) to work on /home/airflow/.local/lib/python3.12/site-packages/airflow/example_dags/example_latest_only.py
[2024-11-18T03:06:33.175+0000] {processor.py:914} INFO - Processing file /home/airflow/.local/lib/python3.12/site-packages/airflow/example_dags/example_latest_only.py for tasks to queue
[2024-11-18T03:06:33.179+0000] {logging_mixin.py:190} INFO - [2024-11-18T03:06:33.179+0000] {dagbag.py:587} INFO - Filling up the DagBag from /home/airflow/.local/lib/python3.12/site-packages/airflow/example_dags/example_latest_only.py
[2024-11-18T03:06:33.197+0000] {processor.py:925} INFO - DAG(s) 'latest_only' retrieved from /home/airflow/.local/lib/python3.12/site-packages/airflow/example_dags/example_latest_only.py
[2024-11-18T03:06:33.237+0000] {logging_mixin.py:190} INFO - [2024-11-18T03:06:33.237+0000] {dag.py:3229} INFO - Sync 1 DAGs
[2024-11-18T03:06:33.284+0000] {logging_mixin.py:190} INFO - [2024-11-18T03:06:33.283+0000] {dag.py:4156} INFO - Setting next_dagrun for latest_only to 2024-11-17 20:00:00+00:00, run_after=2024-11-18 00:00:00+00:00
[2024-11-18T03:06:33.312+0000] {processor.py:208} INFO - Processing /home/airflow/.local/lib/python3.12/site-packages/airflow/example_dags/example_latest_only.py took 0.155 seconds
[2024-11-18T03:07:03.488+0000] {processor.py:186} INFO - Started process (PID=1477) to work on /home/airflow/.local/lib/python3.12/site-packages/airflow/example_dags/example_latest_only.py
[2024-11-18T03:07:03.490+0000] {processor.py:914} INFO - Processing file /home/airflow/.local/lib/python3.12/site-packages/airflow/example_dags/example_latest_only.py for tasks to queue
[2024-11-18T03:07:03.494+0000] {logging_mixin.py:190} INFO - [2024-11-18T03:07:03.494+0000] {dagbag.py:587} INFO - Filling up the DagBag from /home/airflow/.local/lib/python3.12/site-packages/airflow/example_dags/example_latest_only.py
[2024-11-18T03:07:03.511+0000] {processor.py:925} INFO - DAG(s) 'latest_only' retrieved from /home/airflow/.local/lib/python3.12/site-packages/airflow/example_dags/example_latest_only.py
[2024-11-18T03:07:03.552+0000] {logging_mixin.py:190} INFO - [2024-11-18T03:07:03.551+0000] {dag.py:3229} INFO - Sync 1 DAGs
[2024-11-18T03:07:03.606+0000] {logging_mixin.py:190} INFO - [2024-11-18T03:07:03.606+0000] {dag.py:4156} INFO - Setting next_dagrun for latest_only to 2024-11-17 20:00:00+00:00, run_after=2024-11-18 00:00:00+00:00
[2024-11-18T03:07:03.646+0000] {processor.py:208} INFO - Processing /home/airflow/.local/lib/python3.12/site-packages/airflow/example_dags/example_latest_only.py took 0.171 seconds
[2024-11-18T03:07:34.337+0000] {processor.py:186} INFO - Started process (PID=1538) to work on /home/airflow/.local/lib/python3.12/site-packages/airflow/example_dags/example_latest_only.py
[2024-11-18T03:07:34.340+0000] {processor.py:914} INFO - Processing file /home/airflow/.local/lib/python3.12/site-packages/airflow/example_dags/example_latest_only.py for tasks to queue
[2024-11-18T03:07:34.345+0000] {logging_mixin.py:190} INFO - [2024-11-18T03:07:34.345+0000] {dagbag.py:587} INFO - Filling up the DagBag from /home/airflow/.local/lib/python3.12/site-packages/airflow/example_dags/example_latest_only.py
[2024-11-18T03:07:34.364+0000] {processor.py:925} INFO - DAG(s) 'latest_only' retrieved from /home/airflow/.local/lib/python3.12/site-packages/airflow/example_dags/example_latest_only.py
[2024-11-18T03:07:34.404+0000] {logging_mixin.py:190} INFO - [2024-11-18T03:07:34.404+0000] {dag.py:3229} INFO - Sync 1 DAGs
[2024-11-18T03:07:34.450+0000] {logging_mixin.py:190} INFO - [2024-11-18T03:07:34.450+0000] {dag.py:4156} INFO - Setting next_dagrun for latest_only to 2024-11-17 20:00:00+00:00, run_after=2024-11-18 00:00:00+00:00
[2024-11-18T03:07:34.483+0000] {processor.py:208} INFO - Processing /home/airflow/.local/lib/python3.12/site-packages/airflow/example_dags/example_latest_only.py took 0.159 seconds
[2024-11-18T03:08:04.696+0000] {processor.py:186} INFO - Started process (PID=1600) to work on /home/airflow/.local/lib/python3.12/site-packages/airflow/example_dags/example_latest_only.py
[2024-11-18T03:08:04.699+0000] {processor.py:914} INFO - Processing file /home/airflow/.local/lib/python3.12/site-packages/airflow/example_dags/example_latest_only.py for tasks to queue
[2024-11-18T03:08:04.703+0000] {logging_mixin.py:190} INFO - [2024-11-18T03:08:04.703+0000] {dagbag.py:587} INFO - Filling up the DagBag from /home/airflow/.local/lib/python3.12/site-packages/airflow/example_dags/example_latest_only.py
[2024-11-18T03:08:04.718+0000] {processor.py:925} INFO - DAG(s) 'latest_only' retrieved from /home/airflow/.local/lib/python3.12/site-packages/airflow/example_dags/example_latest_only.py
[2024-11-18T03:08:04.759+0000] {logging_mixin.py:190} INFO - [2024-11-18T03:08:04.759+0000] {dag.py:3229} INFO - Sync 1 DAGs
[2024-11-18T03:08:04.807+0000] {logging_mixin.py:190} INFO - [2024-11-18T03:08:04.807+0000] {dag.py:4156} INFO - Setting next_dagrun for latest_only to 2024-11-17 20:00:00+00:00, run_after=2024-11-18 00:00:00+00:00
[2024-11-18T03:08:04.839+0000] {processor.py:208} INFO - Processing /home/airflow/.local/lib/python3.12/site-packages/airflow/example_dags/example_latest_only.py took 0.155 seconds
[2024-11-18T03:08:35.850+0000] {processor.py:186} INFO - Started process (PID=1664) to work on /home/airflow/.local/lib/python3.12/site-packages/airflow/example_dags/example_latest_only.py
[2024-11-18T03:08:35.855+0000] {processor.py:914} INFO - Processing file /home/airflow/.local/lib/python3.12/site-packages/airflow/example_dags/example_latest_only.py for tasks to queue
[2024-11-18T03:08:35.861+0000] {logging_mixin.py:190} INFO - [2024-11-18T03:08:35.859+0000] {dagbag.py:587} INFO - Filling up the DagBag from /home/airflow/.local/lib/python3.12/site-packages/airflow/example_dags/example_latest_only.py
[2024-11-18T03:08:35.875+0000] {processor.py:925} INFO - DAG(s) 'latest_only' retrieved from /home/airflow/.local/lib/python3.12/site-packages/airflow/example_dags/example_latest_only.py
[2024-11-18T03:08:35.914+0000] {logging_mixin.py:190} INFO - [2024-11-18T03:08:35.914+0000] {dag.py:3229} INFO - Sync 1 DAGs
[2024-11-18T03:08:35.958+0000] {logging_mixin.py:190} INFO - [2024-11-18T03:08:35.956+0000] {dag.py:4156} INFO - Setting next_dagrun for latest_only to 2024-11-17 20:00:00+00:00, run_after=2024-11-18 00:00:00+00:00
[2024-11-18T03:08:35.989+0000] {processor.py:208} INFO - Processing /home/airflow/.local/lib/python3.12/site-packages/airflow/example_dags/example_latest_only.py took 0.151 seconds
[2024-11-18T03:09:06.768+0000] {processor.py:186} INFO - Started process (PID=1726) to work on /home/airflow/.local/lib/python3.12/site-packages/airflow/example_dags/example_latest_only.py
[2024-11-18T03:09:06.771+0000] {processor.py:914} INFO - Processing file /home/airflow/.local/lib/python3.12/site-packages/airflow/example_dags/example_latest_only.py for tasks to queue
[2024-11-18T03:09:06.775+0000] {logging_mixin.py:190} INFO - [2024-11-18T03:09:06.775+0000] {dagbag.py:587} INFO - Filling up the DagBag from /home/airflow/.local/lib/python3.12/site-packages/airflow/example_dags/example_latest_only.py
[2024-11-18T03:09:06.789+0000] {processor.py:925} INFO - DAG(s) 'latest_only' retrieved from /home/airflow/.local/lib/python3.12/site-packages/airflow/example_dags/example_latest_only.py
[2024-11-18T03:09:06.828+0000] {logging_mixin.py:190} INFO - [2024-11-18T03:09:06.827+0000] {dag.py:3229} INFO - Sync 1 DAGs
[2024-11-18T03:09:06.869+0000] {logging_mixin.py:190} INFO - [2024-11-18T03:09:06.869+0000] {dag.py:4156} INFO - Setting next_dagrun for latest_only to 2024-11-17 20:00:00+00:00, run_after=2024-11-18 00:00:00+00:00
[2024-11-18T03:09:06.905+0000] {processor.py:208} INFO - Processing /home/airflow/.local/lib/python3.12/site-packages/airflow/example_dags/example_latest_only.py took 0.153 seconds
[2024-11-18T03:09:38.074+0000] {processor.py:186} INFO - Started process (PID=1789) to work on /home/airflow/.local/lib/python3.12/site-packages/airflow/example_dags/example_latest_only.py
[2024-11-18T03:09:38.076+0000] {processor.py:914} INFO - Processing file /home/airflow/.local/lib/python3.12/site-packages/airflow/example_dags/example_latest_only.py for tasks to queue
[2024-11-18T03:09:38.084+0000] {logging_mixin.py:190} INFO - [2024-11-18T03:09:38.079+0000] {dagbag.py:587} INFO - Filling up the DagBag from /home/airflow/.local/lib/python3.12/site-packages/airflow/example_dags/example_latest_only.py
[2024-11-18T03:09:38.119+0000] {processor.py:925} INFO - DAG(s) 'latest_only' retrieved from /home/airflow/.local/lib/python3.12/site-packages/airflow/example_dags/example_latest_only.py
[2024-11-18T03:09:38.191+0000] {logging_mixin.py:190} INFO - [2024-11-18T03:09:38.190+0000] {dag.py:3229} INFO - Sync 1 DAGs
[2024-11-18T03:09:38.276+0000] {logging_mixin.py:190} INFO - [2024-11-18T03:09:38.268+0000] {dag.py:4156} INFO - Setting next_dagrun for latest_only to 2024-11-17 20:00:00+00:00, run_after=2024-11-18 00:00:00+00:00
[2024-11-18T03:09:38.342+0000] {processor.py:208} INFO - Processing /home/airflow/.local/lib/python3.12/site-packages/airflow/example_dags/example_latest_only.py took 0.296 seconds
[2024-11-18T03:10:08.527+0000] {processor.py:186} INFO - Started process (PID=1852) to work on /home/airflow/.local/lib/python3.12/site-packages/airflow/example_dags/example_latest_only.py
[2024-11-18T03:10:08.528+0000] {processor.py:914} INFO - Processing file /home/airflow/.local/lib/python3.12/site-packages/airflow/example_dags/example_latest_only.py for tasks to queue
[2024-11-18T03:10:08.530+0000] {logging_mixin.py:190} INFO - [2024-11-18T03:10:08.530+0000] {dagbag.py:587} INFO - Filling up the DagBag from /home/airflow/.local/lib/python3.12/site-packages/airflow/example_dags/example_latest_only.py
[2024-11-18T03:10:08.538+0000] {processor.py:925} INFO - DAG(s) 'latest_only' retrieved from /home/airflow/.local/lib/python3.12/site-packages/airflow/example_dags/example_latest_only.py
[2024-11-18T03:10:08.557+0000] {logging_mixin.py:190} INFO - [2024-11-18T03:10:08.557+0000] {dag.py:3229} INFO - Sync 1 DAGs
[2024-11-18T03:10:08.580+0000] {logging_mixin.py:190} INFO - [2024-11-18T03:10:08.580+0000] {dag.py:4156} INFO - Setting next_dagrun for latest_only to 2024-11-17 20:00:00+00:00, run_after=2024-11-18 00:00:00+00:00
[2024-11-18T03:10:08.596+0000] {processor.py:208} INFO - Processing /home/airflow/.local/lib/python3.12/site-packages/airflow/example_dags/example_latest_only.py took 0.076 seconds
[2024-11-18T03:10:41.464+0000] {processor.py:186} INFO - Started process (PID=1914) to work on /home/airflow/.local/lib/python3.12/site-packages/airflow/example_dags/example_latest_only.py
[2024-11-18T03:10:41.466+0000] {processor.py:914} INFO - Processing file /home/airflow/.local/lib/python3.12/site-packages/airflow/example_dags/example_latest_only.py for tasks to queue
[2024-11-18T03:10:41.469+0000] {logging_mixin.py:190} INFO - [2024-11-18T03:10:41.468+0000] {dagbag.py:587} INFO - Filling up the DagBag from /home/airflow/.local/lib/python3.12/site-packages/airflow/example_dags/example_latest_only.py
[2024-11-18T03:10:41.478+0000] {processor.py:925} INFO - DAG(s) 'latest_only' retrieved from /home/airflow/.local/lib/python3.12/site-packages/airflow/example_dags/example_latest_only.py
[2024-11-18T03:10:41.528+0000] {logging_mixin.py:190} INFO - [2024-11-18T03:10:41.528+0000] {dag.py:3229} INFO - Sync 1 DAGs
[2024-11-18T03:10:41.597+0000] {logging_mixin.py:190} INFO - [2024-11-18T03:10:41.597+0000] {dag.py:4156} INFO - Setting next_dagrun for latest_only to 2024-11-17 20:00:00+00:00, run_after=2024-11-18 00:00:00+00:00
[2024-11-18T03:10:41.659+0000] {processor.py:208} INFO - Processing /home/airflow/.local/lib/python3.12/site-packages/airflow/example_dags/example_latest_only.py took 0.203 seconds
[2024-11-18T03:11:11.915+0000] {processor.py:186} INFO - Started process (PID=1976) to work on /home/airflow/.local/lib/python3.12/site-packages/airflow/example_dags/example_latest_only.py
[2024-11-18T03:11:11.918+0000] {processor.py:914} INFO - Processing file /home/airflow/.local/lib/python3.12/site-packages/airflow/example_dags/example_latest_only.py for tasks to queue
[2024-11-18T03:11:11.925+0000] {logging_mixin.py:190} INFO - [2024-11-18T03:11:11.925+0000] {dagbag.py:587} INFO - Filling up the DagBag from /home/airflow/.local/lib/python3.12/site-packages/airflow/example_dags/example_latest_only.py
[2024-11-18T03:11:11.947+0000] {processor.py:925} INFO - DAG(s) 'latest_only' retrieved from /home/airflow/.local/lib/python3.12/site-packages/airflow/example_dags/example_latest_only.py
[2024-11-18T03:11:12.038+0000] {logging_mixin.py:190} INFO - [2024-11-18T03:11:12.036+0000] {dag.py:3229} INFO - Sync 1 DAGs
[2024-11-18T03:11:12.328+0000] {logging_mixin.py:190} INFO - [2024-11-18T03:11:12.323+0000] {dag.py:4156} INFO - Setting next_dagrun for latest_only to 2024-11-17 20:00:00+00:00, run_after=2024-11-18 00:00:00+00:00
[2024-11-18T03:11:12.383+0000] {processor.py:208} INFO - Processing /home/airflow/.local/lib/python3.12/site-packages/airflow/example_dags/example_latest_only.py took 0.492 seconds
[2024-11-18T03:11:43.430+0000] {processor.py:186} INFO - Started process (PID=2038) to work on /home/airflow/.local/lib/python3.12/site-packages/airflow/example_dags/example_latest_only.py
[2024-11-18T03:11:43.439+0000] {processor.py:914} INFO - Processing file /home/airflow/.local/lib/python3.12/site-packages/airflow/example_dags/example_latest_only.py for tasks to queue
[2024-11-18T03:11:43.462+0000] {logging_mixin.py:190} INFO - [2024-11-18T03:11:43.460+0000] {dagbag.py:587} INFO - Filling up the DagBag from /home/airflow/.local/lib/python3.12/site-packages/airflow/example_dags/example_latest_only.py
[2024-11-18T03:11:43.497+0000] {processor.py:925} INFO - DAG(s) 'latest_only' retrieved from /home/airflow/.local/lib/python3.12/site-packages/airflow/example_dags/example_latest_only.py
[2024-11-18T03:11:43.573+0000] {logging_mixin.py:190} INFO - [2024-11-18T03:11:43.573+0000] {dag.py:3229} INFO - Sync 1 DAGs
[2024-11-18T03:11:43.670+0000] {logging_mixin.py:190} INFO - [2024-11-18T03:11:43.670+0000] {dag.py:4156} INFO - Setting next_dagrun for latest_only to 2024-11-17 20:00:00+00:00, run_after=2024-11-18 00:00:00+00:00
[2024-11-18T03:11:43.784+0000] {processor.py:208} INFO - Processing /home/airflow/.local/lib/python3.12/site-packages/airflow/example_dags/example_latest_only.py took 0.395 seconds
[2024-11-18T03:12:16.116+0000] {processor.py:186} INFO - Started process (PID=2100) to work on /home/airflow/.local/lib/python3.12/site-packages/airflow/example_dags/example_latest_only.py
[2024-11-18T03:12:16.118+0000] {processor.py:914} INFO - Processing file /home/airflow/.local/lib/python3.12/site-packages/airflow/example_dags/example_latest_only.py for tasks to queue
[2024-11-18T03:12:16.125+0000] {logging_mixin.py:190} INFO - [2024-11-18T03:12:16.125+0000] {dagbag.py:587} INFO - Filling up the DagBag from /home/airflow/.local/lib/python3.12/site-packages/airflow/example_dags/example_latest_only.py
[2024-11-18T03:12:16.191+0000] {processor.py:925} INFO - DAG(s) 'latest_only' retrieved from /home/airflow/.local/lib/python3.12/site-packages/airflow/example_dags/example_latest_only.py
[2024-11-18T03:12:16.224+0000] {logging_mixin.py:190} INFO - [2024-11-18T03:12:16.224+0000] {dag.py:3229} INFO - Sync 1 DAGs
[2024-11-18T03:12:16.365+0000] {logging_mixin.py:190} INFO - [2024-11-18T03:12:16.363+0000] {dag.py:4156} INFO - Setting next_dagrun for latest_only to 2024-11-17 20:00:00+00:00, run_after=2024-11-18 00:00:00+00:00
[2024-11-18T03:12:16.495+0000] {processor.py:208} INFO - Processing /home/airflow/.local/lib/python3.12/site-packages/airflow/example_dags/example_latest_only.py took 0.404 seconds
[2024-11-18T03:12:47.192+0000] {processor.py:186} INFO - Started process (PID=2163) to work on /home/airflow/.local/lib/python3.12/site-packages/airflow/example_dags/example_latest_only.py
[2024-11-18T03:12:47.200+0000] {processor.py:914} INFO - Processing file /home/airflow/.local/lib/python3.12/site-packages/airflow/example_dags/example_latest_only.py for tasks to queue
[2024-11-18T03:12:47.246+0000] {logging_mixin.py:190} INFO - [2024-11-18T03:12:47.238+0000] {dagbag.py:587} INFO - Filling up the DagBag from /home/airflow/.local/lib/python3.12/site-packages/airflow/example_dags/example_latest_only.py
[2024-11-18T03:12:47.294+0000] {processor.py:925} INFO - DAG(s) 'latest_only' retrieved from /home/airflow/.local/lib/python3.12/site-packages/airflow/example_dags/example_latest_only.py
[2024-11-18T03:12:47.349+0000] {logging_mixin.py:190} INFO - [2024-11-18T03:12:47.347+0000] {dag.py:3229} INFO - Sync 1 DAGs
[2024-11-18T03:12:47.504+0000] {logging_mixin.py:190} INFO - [2024-11-18T03:12:47.503+0000] {dag.py:4156} INFO - Setting next_dagrun for latest_only to 2024-11-17 20:00:00+00:00, run_after=2024-11-18 00:00:00+00:00
[2024-11-18T03:12:47.726+0000] {processor.py:208} INFO - Processing /home/airflow/.local/lib/python3.12/site-packages/airflow/example_dags/example_latest_only.py took 0.609 seconds
[2024-11-18T03:13:21.729+0000] {processor.py:186} INFO - Started process (PID=2225) to work on /home/airflow/.local/lib/python3.12/site-packages/airflow/example_dags/example_latest_only.py
[2024-11-18T03:13:21.749+0000] {processor.py:914} INFO - Processing file /home/airflow/.local/lib/python3.12/site-packages/airflow/example_dags/example_latest_only.py for tasks to queue
[2024-11-18T03:13:21.777+0000] {logging_mixin.py:190} INFO - [2024-11-18T03:13:21.767+0000] {dagbag.py:587} INFO - Filling up the DagBag from /home/airflow/.local/lib/python3.12/site-packages/airflow/example_dags/example_latest_only.py
[2024-11-18T03:13:21.818+0000] {processor.py:925} INFO - DAG(s) 'latest_only' retrieved from /home/airflow/.local/lib/python3.12/site-packages/airflow/example_dags/example_latest_only.py
[2024-11-18T03:13:21.984+0000] {logging_mixin.py:190} INFO - [2024-11-18T03:13:21.983+0000] {dag.py:3229} INFO - Sync 1 DAGs
[2024-11-18T03:13:22.080+0000] {logging_mixin.py:190} INFO - [2024-11-18T03:13:22.080+0000] {dag.py:4156} INFO - Setting next_dagrun for latest_only to 2024-11-17 20:00:00+00:00, run_after=2024-11-18 00:00:00+00:00
[2024-11-18T03:13:22.203+0000] {processor.py:208} INFO - Processing /home/airflow/.local/lib/python3.12/site-packages/airflow/example_dags/example_latest_only.py took 0.523 seconds
[2024-11-18T03:13:53.056+0000] {processor.py:186} INFO - Started process (PID=2287) to work on /home/airflow/.local/lib/python3.12/site-packages/airflow/example_dags/example_latest_only.py
[2024-11-18T03:13:53.060+0000] {processor.py:914} INFO - Processing file /home/airflow/.local/lib/python3.12/site-packages/airflow/example_dags/example_latest_only.py for tasks to queue
[2024-11-18T03:13:53.097+0000] {logging_mixin.py:190} INFO - [2024-11-18T03:13:53.081+0000] {dagbag.py:587} INFO - Filling up the DagBag from /home/airflow/.local/lib/python3.12/site-packages/airflow/example_dags/example_latest_only.py
[2024-11-18T03:13:53.191+0000] {processor.py:925} INFO - DAG(s) 'latest_only' retrieved from /home/airflow/.local/lib/python3.12/site-packages/airflow/example_dags/example_latest_only.py
[2024-11-18T03:13:53.347+0000] {logging_mixin.py:190} INFO - [2024-11-18T03:13:53.347+0000] {dag.py:3229} INFO - Sync 1 DAGs
[2024-11-18T03:13:53.471+0000] {logging_mixin.py:190} INFO - [2024-11-18T03:13:53.470+0000] {dag.py:4156} INFO - Setting next_dagrun for latest_only to 2024-11-17 20:00:00+00:00, run_after=2024-11-18 00:00:00+00:00
[2024-11-18T03:13:53.645+0000] {processor.py:208} INFO - Processing /home/airflow/.local/lib/python3.12/site-packages/airflow/example_dags/example_latest_only.py took 0.621 seconds
[2024-11-18T03:14:27.487+0000] {processor.py:186} INFO - Started process (PID=2352) to work on /home/airflow/.local/lib/python3.12/site-packages/airflow/example_dags/example_latest_only.py
[2024-11-18T03:14:27.555+0000] {processor.py:914} INFO - Processing file /home/airflow/.local/lib/python3.12/site-packages/airflow/example_dags/example_latest_only.py for tasks to queue
[2024-11-18T03:14:27.616+0000] {logging_mixin.py:190} INFO - [2024-11-18T03:14:27.600+0000] {dagbag.py:587} INFO - Filling up the DagBag from /home/airflow/.local/lib/python3.12/site-packages/airflow/example_dags/example_latest_only.py
[2024-11-18T03:14:27.839+0000] {processor.py:925} INFO - DAG(s) 'latest_only' retrieved from /home/airflow/.local/lib/python3.12/site-packages/airflow/example_dags/example_latest_only.py
[2024-11-18T03:14:28.166+0000] {logging_mixin.py:190} INFO - [2024-11-18T03:14:28.166+0000] {dag.py:3229} INFO - Sync 1 DAGs
[2024-11-18T03:14:28.494+0000] {logging_mixin.py:190} INFO - [2024-11-18T03:14:28.494+0000] {dag.py:4156} INFO - Setting next_dagrun for latest_only to 2024-11-17 20:00:00+00:00, run_after=2024-11-18 00:00:00+00:00
[2024-11-18T03:14:28.670+0000] {processor.py:208} INFO - Processing /home/airflow/.local/lib/python3.12/site-packages/airflow/example_dags/example_latest_only.py took 1.238 seconds
[2024-11-18T03:14:59.248+0000] {processor.py:186} INFO - Started process (PID=2419) to work on /home/airflow/.local/lib/python3.12/site-packages/airflow/example_dags/example_latest_only.py
[2024-11-18T03:14:59.249+0000] {processor.py:914} INFO - Processing file /home/airflow/.local/lib/python3.12/site-packages/airflow/example_dags/example_latest_only.py for tasks to queue
[2024-11-18T03:14:59.294+0000] {logging_mixin.py:190} INFO - [2024-11-18T03:14:59.287+0000] {dagbag.py:587} INFO - Filling up the DagBag from /home/airflow/.local/lib/python3.12/site-packages/airflow/example_dags/example_latest_only.py
[2024-11-18T03:14:59.351+0000] {processor.py:925} INFO - DAG(s) 'latest_only' retrieved from /home/airflow/.local/lib/python3.12/site-packages/airflow/example_dags/example_latest_only.py
[2024-11-18T03:14:59.564+0000] {logging_mixin.py:190} INFO - [2024-11-18T03:14:59.564+0000] {dag.py:3229} INFO - Sync 1 DAGs
[2024-11-18T03:14:59.628+0000] {logging_mixin.py:190} INFO - [2024-11-18T03:14:59.628+0000] {dag.py:4156} INFO - Setting next_dagrun for latest_only to 2024-11-17 20:00:00+00:00, run_after=2024-11-18 00:00:00+00:00
[2024-11-18T03:14:59.748+0000] {processor.py:208} INFO - Processing /home/airflow/.local/lib/python3.12/site-packages/airflow/example_dags/example_latest_only.py took 0.532 seconds
[2024-11-18T03:15:32.561+0000] {processor.py:186} INFO - Started process (PID=2479) to work on /home/airflow/.local/lib/python3.12/site-packages/airflow/example_dags/example_latest_only.py
[2024-11-18T03:15:32.562+0000] {processor.py:914} INFO - Processing file /home/airflow/.local/lib/python3.12/site-packages/airflow/example_dags/example_latest_only.py for tasks to queue
[2024-11-18T03:15:32.565+0000] {logging_mixin.py:190} INFO - [2024-11-18T03:15:32.565+0000] {dagbag.py:587} INFO - Filling up the DagBag from /home/airflow/.local/lib/python3.12/site-packages/airflow/example_dags/example_latest_only.py
[2024-11-18T03:15:32.574+0000] {processor.py:925} INFO - DAG(s) 'latest_only' retrieved from /home/airflow/.local/lib/python3.12/site-packages/airflow/example_dags/example_latest_only.py
[2024-11-18T03:15:32.675+0000] {logging_mixin.py:190} INFO - [2024-11-18T03:15:32.675+0000] {dag.py:3229} INFO - Sync 1 DAGs
[2024-11-18T03:15:32.860+0000] {logging_mixin.py:190} INFO - [2024-11-18T03:15:32.860+0000] {dag.py:4156} INFO - Setting next_dagrun for latest_only to 2024-11-17 20:00:00+00:00, run_after=2024-11-18 00:00:00+00:00
[2024-11-18T03:15:32.941+0000] {processor.py:208} INFO - Processing /home/airflow/.local/lib/python3.12/site-packages/airflow/example_dags/example_latest_only.py took 0.392 seconds
[2024-11-18T03:16:05.675+0000] {processor.py:186} INFO - Started process (PID=2542) to work on /home/airflow/.local/lib/python3.12/site-packages/airflow/example_dags/example_latest_only.py
[2024-11-18T03:16:05.677+0000] {processor.py:914} INFO - Processing file /home/airflow/.local/lib/python3.12/site-packages/airflow/example_dags/example_latest_only.py for tasks to queue
[2024-11-18T03:16:05.703+0000] {logging_mixin.py:190} INFO - [2024-11-18T03:16:05.703+0000] {dagbag.py:587} INFO - Filling up the DagBag from /home/airflow/.local/lib/python3.12/site-packages/airflow/example_dags/example_latest_only.py
[2024-11-18T03:16:05.736+0000] {processor.py:925} INFO - DAG(s) 'latest_only' retrieved from /home/airflow/.local/lib/python3.12/site-packages/airflow/example_dags/example_latest_only.py
[2024-11-18T03:16:05.851+0000] {logging_mixin.py:190} INFO - [2024-11-18T03:16:05.851+0000] {dag.py:3229} INFO - Sync 1 DAGs
[2024-11-18T03:16:06.041+0000] {logging_mixin.py:190} INFO - [2024-11-18T03:16:06.041+0000] {dag.py:4156} INFO - Setting next_dagrun for latest_only to 2024-11-17 20:00:00+00:00, run_after=2024-11-18 00:00:00+00:00
[2024-11-18T03:16:06.092+0000] {processor.py:208} INFO - Processing /home/airflow/.local/lib/python3.12/site-packages/airflow/example_dags/example_latest_only.py took 0.434 seconds
[2024-11-18T03:16:37.796+0000] {processor.py:186} INFO - Started process (PID=2604) to work on /home/airflow/.local/lib/python3.12/site-packages/airflow/example_dags/example_latest_only.py
[2024-11-18T03:16:37.878+0000] {processor.py:914} INFO - Processing file /home/airflow/.local/lib/python3.12/site-packages/airflow/example_dags/example_latest_only.py for tasks to queue
[2024-11-18T03:16:37.895+0000] {logging_mixin.py:190} INFO - [2024-11-18T03:16:37.895+0000] {dagbag.py:587} INFO - Filling up the DagBag from /home/airflow/.local/lib/python3.12/site-packages/airflow/example_dags/example_latest_only.py
[2024-11-18T03:16:37.956+0000] {processor.py:925} INFO - DAG(s) 'latest_only' retrieved from /home/airflow/.local/lib/python3.12/site-packages/airflow/example_dags/example_latest_only.py
[2024-11-18T03:16:38.079+0000] {logging_mixin.py:190} INFO - [2024-11-18T03:16:38.077+0000] {dag.py:3229} INFO - Sync 1 DAGs
[2024-11-18T03:16:38.188+0000] {logging_mixin.py:190} INFO - [2024-11-18T03:16:38.188+0000] {dag.py:4156} INFO - Setting next_dagrun for latest_only to 2024-11-17 20:00:00+00:00, run_after=2024-11-18 00:00:00+00:00
[2024-11-18T03:16:38.349+0000] {processor.py:208} INFO - Processing /home/airflow/.local/lib/python3.12/site-packages/airflow/example_dags/example_latest_only.py took 0.569 seconds
