[2024-11-18T02:55:26.689+0000] {processor.py:186} INFO - Started process (PID=73) to work on /home/airflow/.local/lib/python3.12/site-packages/airflow/example_dags/example_subdag_operator.py
[2024-11-18T02:55:26.693+0000] {processor.py:914} INFO - Processing file /home/airflow/.local/lib/python3.12/site-packages/airflow/example_dags/example_subdag_operator.py for tasks to queue
[2024-11-18T02:55:26.718+0000] {logging_mixin.py:190} INFO - [2024-11-18T02:55:26.718+0000] {dagbag.py:587} INFO - Filling up the DagBag from /home/airflow/.local/lib/python3.12/site-packages/airflow/example_dags/example_subdag_operator.py
[2024-11-18T02:55:26.938+0000] {processor.py:925} INFO - DAG(s) 'example_subdag_operator.section-1', 'example_subdag_operator.section-2', 'example_subdag_operator' retrieved from /home/airflow/.local/lib/python3.12/site-packages/airflow/example_dags/example_subdag_operator.py
[2024-11-18T02:55:27.129+0000] {logging_mixin.py:190} INFO - [2024-11-18T02:55:27.129+0000] {dag.py:3229} INFO - Sync 3 DAGs
[2024-11-18T02:55:27.315+0000] {logging_mixin.py:190} INFO - [2024-11-18T02:55:27.315+0000] {dag.py:4156} INFO - Setting next_dagrun for example_subdag_operator to 2022-01-01 00:00:00+00:00, run_after=2022-01-01 00:00:00+00:00
[2024-11-18T02:55:27.353+0000] {logging_mixin.py:190} INFO - [2024-11-18T02:55:27.347+0000] {dag.py:4156} INFO - Setting next_dagrun for example_subdag_operator.section-1 to None, run_after=None
[2024-11-18T02:55:27.359+0000] {logging_mixin.py:190} INFO - [2024-11-18T02:55:27.358+0000] {dag.py:4156} INFO - Setting next_dagrun for example_subdag_operator.section-2 to None, run_after=None
[2024-11-18T02:55:27.436+0000] {logging_mixin.py:190} INFO - [2024-11-18T02:55:27.436+0000] {dag.py:3229} INFO - Sync 2 DAGs
[2024-11-18T02:55:27.517+0000] {logging_mixin.py:190} INFO - [2024-11-18T02:55:27.508+0000] {dag.py:4156} INFO - Setting next_dagrun for example_subdag_operator.section-1 to None, run_after=None
[2024-11-18T02:55:27.517+0000] {logging_mixin.py:190} INFO - [2024-11-18T02:55:27.517+0000] {dag.py:4156} INFO - Setting next_dagrun for example_subdag_operator.section-2 to None, run_after=None
[2024-11-18T02:55:27.672+0000] {processor.py:208} INFO - Processing /home/airflow/.local/lib/python3.12/site-packages/airflow/example_dags/example_subdag_operator.py took 1.030 seconds
[2024-11-18T02:55:58.241+0000] {processor.py:186} INFO - Started process (PID=135) to work on /home/airflow/.local/lib/python3.12/site-packages/airflow/example_dags/example_subdag_operator.py
[2024-11-18T02:55:58.248+0000] {processor.py:914} INFO - Processing file /home/airflow/.local/lib/python3.12/site-packages/airflow/example_dags/example_subdag_operator.py for tasks to queue
[2024-11-18T02:55:58.255+0000] {logging_mixin.py:190} INFO - [2024-11-18T02:55:58.255+0000] {dagbag.py:587} INFO - Filling up the DagBag from /home/airflow/.local/lib/python3.12/site-packages/airflow/example_dags/example_subdag_operator.py
[2024-11-18T02:55:58.367+0000] {processor.py:925} INFO - DAG(s) 'example_subdag_operator.section-1', 'example_subdag_operator.section-2', 'example_subdag_operator' retrieved from /home/airflow/.local/lib/python3.12/site-packages/airflow/example_dags/example_subdag_operator.py
[2024-11-18T02:55:58.425+0000] {logging_mixin.py:190} INFO - [2024-11-18T02:55:58.425+0000] {dag.py:3229} INFO - Sync 3 DAGs
[2024-11-18T02:55:58.519+0000] {logging_mixin.py:190} INFO - [2024-11-18T02:55:58.519+0000] {dag.py:4156} INFO - Setting next_dagrun for example_subdag_operator to 2022-01-01 00:00:00+00:00, run_after=2022-01-01 00:00:00+00:00
[2024-11-18T02:55:58.531+0000] {logging_mixin.py:190} INFO - [2024-11-18T02:55:58.531+0000] {dag.py:4156} INFO - Setting next_dagrun for example_subdag_operator.section-1 to None, run_after=None
[2024-11-18T02:55:58.537+0000] {logging_mixin.py:190} INFO - [2024-11-18T02:55:58.537+0000] {dag.py:4156} INFO - Setting next_dagrun for example_subdag_operator.section-2 to None, run_after=None
[2024-11-18T02:55:58.566+0000] {logging_mixin.py:190} INFO - [2024-11-18T02:55:58.566+0000] {dag.py:3229} INFO - Sync 2 DAGs
[2024-11-18T02:55:58.583+0000] {logging_mixin.py:190} INFO - [2024-11-18T02:55:58.583+0000] {dag.py:4156} INFO - Setting next_dagrun for example_subdag_operator.section-1 to None, run_after=None
[2024-11-18T02:55:58.583+0000] {logging_mixin.py:190} INFO - [2024-11-18T02:55:58.583+0000] {dag.py:4156} INFO - Setting next_dagrun for example_subdag_operator.section-2 to None, run_after=None
[2024-11-18T02:55:58.625+0000] {processor.py:208} INFO - Processing /home/airflow/.local/lib/python3.12/site-packages/airflow/example_dags/example_subdag_operator.py took 0.420 seconds
[2024-11-18T02:56:29.223+0000] {processor.py:186} INFO - Started process (PID=197) to work on /home/airflow/.local/lib/python3.12/site-packages/airflow/example_dags/example_subdag_operator.py
[2024-11-18T02:56:29.225+0000] {processor.py:914} INFO - Processing file /home/airflow/.local/lib/python3.12/site-packages/airflow/example_dags/example_subdag_operator.py for tasks to queue
[2024-11-18T02:56:29.229+0000] {logging_mixin.py:190} INFO - [2024-11-18T02:56:29.229+0000] {dagbag.py:587} INFO - Filling up the DagBag from /home/airflow/.local/lib/python3.12/site-packages/airflow/example_dags/example_subdag_operator.py
[2024-11-18T02:56:29.287+0000] {processor.py:925} INFO - DAG(s) 'example_subdag_operator.section-1', 'example_subdag_operator.section-2', 'example_subdag_operator' retrieved from /home/airflow/.local/lib/python3.12/site-packages/airflow/example_dags/example_subdag_operator.py
[2024-11-18T02:56:29.323+0000] {logging_mixin.py:190} INFO - [2024-11-18T02:56:29.323+0000] {dag.py:3229} INFO - Sync 3 DAGs
[2024-11-18T02:56:29.374+0000] {logging_mixin.py:190} INFO - [2024-11-18T02:56:29.372+0000] {dag.py:4156} INFO - Setting next_dagrun for example_subdag_operator to 2022-01-01 00:00:00+00:00, run_after=2022-01-01 00:00:00+00:00
[2024-11-18T02:56:29.381+0000] {logging_mixin.py:190} INFO - [2024-11-18T02:56:29.381+0000] {dag.py:4156} INFO - Setting next_dagrun for example_subdag_operator.section-1 to None, run_after=None
[2024-11-18T02:56:29.384+0000] {logging_mixin.py:190} INFO - [2024-11-18T02:56:29.384+0000] {dag.py:4156} INFO - Setting next_dagrun for example_subdag_operator.section-2 to None, run_after=None
[2024-11-18T02:56:29.398+0000] {logging_mixin.py:190} INFO - [2024-11-18T02:56:29.398+0000] {dag.py:3229} INFO - Sync 2 DAGs
[2024-11-18T02:56:29.410+0000] {logging_mixin.py:190} INFO - [2024-11-18T02:56:29.410+0000] {dag.py:4156} INFO - Setting next_dagrun for example_subdag_operator.section-1 to None, run_after=None
[2024-11-18T02:56:29.410+0000] {logging_mixin.py:190} INFO - [2024-11-18T02:56:29.410+0000] {dag.py:4156} INFO - Setting next_dagrun for example_subdag_operator.section-2 to None, run_after=None
[2024-11-18T02:56:29.431+0000] {processor.py:208} INFO - Processing /home/airflow/.local/lib/python3.12/site-packages/airflow/example_dags/example_subdag_operator.py took 0.222 seconds
[2024-11-18T02:57:00.215+0000] {processor.py:186} INFO - Started process (PID=258) to work on /home/airflow/.local/lib/python3.12/site-packages/airflow/example_dags/example_subdag_operator.py
[2024-11-18T02:57:00.216+0000] {processor.py:914} INFO - Processing file /home/airflow/.local/lib/python3.12/site-packages/airflow/example_dags/example_subdag_operator.py for tasks to queue
[2024-11-18T02:57:00.222+0000] {logging_mixin.py:190} INFO - [2024-11-18T02:57:00.222+0000] {dagbag.py:587} INFO - Filling up the DagBag from /home/airflow/.local/lib/python3.12/site-packages/airflow/example_dags/example_subdag_operator.py
[2024-11-18T02:57:00.278+0000] {processor.py:925} INFO - DAG(s) 'example_subdag_operator.section-1', 'example_subdag_operator.section-2', 'example_subdag_operator' retrieved from /home/airflow/.local/lib/python3.12/site-packages/airflow/example_dags/example_subdag_operator.py
[2024-11-18T02:57:00.310+0000] {logging_mixin.py:190} INFO - [2024-11-18T02:57:00.310+0000] {dag.py:3229} INFO - Sync 3 DAGs
[2024-11-18T02:57:00.365+0000] {logging_mixin.py:190} INFO - [2024-11-18T02:57:00.365+0000] {dag.py:4156} INFO - Setting next_dagrun for example_subdag_operator to 2022-01-01 00:00:00+00:00, run_after=2022-01-01 00:00:00+00:00
[2024-11-18T02:57:00.373+0000] {logging_mixin.py:190} INFO - [2024-11-18T02:57:00.373+0000] {dag.py:4156} INFO - Setting next_dagrun for example_subdag_operator.section-1 to None, run_after=None
[2024-11-18T02:57:00.377+0000] {logging_mixin.py:190} INFO - [2024-11-18T02:57:00.377+0000] {dag.py:4156} INFO - Setting next_dagrun for example_subdag_operator.section-2 to None, run_after=None
[2024-11-18T02:57:00.393+0000] {logging_mixin.py:190} INFO - [2024-11-18T02:57:00.393+0000] {dag.py:3229} INFO - Sync 2 DAGs
[2024-11-18T02:57:00.406+0000] {logging_mixin.py:190} INFO - [2024-11-18T02:57:00.406+0000] {dag.py:4156} INFO - Setting next_dagrun for example_subdag_operator.section-1 to None, run_after=None
[2024-11-18T02:57:00.406+0000] {logging_mixin.py:190} INFO - [2024-11-18T02:57:00.406+0000] {dag.py:4156} INFO - Setting next_dagrun for example_subdag_operator.section-2 to None, run_after=None
[2024-11-18T02:57:00.430+0000] {processor.py:208} INFO - Processing /home/airflow/.local/lib/python3.12/site-packages/airflow/example_dags/example_subdag_operator.py took 0.233 seconds
[2024-11-18T02:57:31.291+0000] {processor.py:186} INFO - Started process (PID=320) to work on /home/airflow/.local/lib/python3.12/site-packages/airflow/example_dags/example_subdag_operator.py
[2024-11-18T02:57:31.297+0000] {processor.py:914} INFO - Processing file /home/airflow/.local/lib/python3.12/site-packages/airflow/example_dags/example_subdag_operator.py for tasks to queue
[2024-11-18T02:57:31.309+0000] {logging_mixin.py:190} INFO - [2024-11-18T02:57:31.309+0000] {dagbag.py:587} INFO - Filling up the DagBag from /home/airflow/.local/lib/python3.12/site-packages/airflow/example_dags/example_subdag_operator.py
[2024-11-18T02:57:31.479+0000] {processor.py:925} INFO - DAG(s) 'example_subdag_operator.section-1', 'example_subdag_operator.section-2', 'example_subdag_operator' retrieved from /home/airflow/.local/lib/python3.12/site-packages/airflow/example_dags/example_subdag_operator.py
[2024-11-18T02:57:31.579+0000] {logging_mixin.py:190} INFO - [2024-11-18T02:57:31.579+0000] {dag.py:3229} INFO - Sync 3 DAGs
[2024-11-18T02:57:31.721+0000] {logging_mixin.py:190} INFO - [2024-11-18T02:57:31.721+0000] {dag.py:4156} INFO - Setting next_dagrun for example_subdag_operator to 2022-01-01 00:00:00+00:00, run_after=2022-01-01 00:00:00+00:00
[2024-11-18T02:57:31.747+0000] {logging_mixin.py:190} INFO - [2024-11-18T02:57:31.747+0000] {dag.py:4156} INFO - Setting next_dagrun for example_subdag_operator.section-1 to None, run_after=None
[2024-11-18T02:57:31.756+0000] {logging_mixin.py:190} INFO - [2024-11-18T02:57:31.756+0000] {dag.py:4156} INFO - Setting next_dagrun for example_subdag_operator.section-2 to None, run_after=None
[2024-11-18T02:57:31.803+0000] {logging_mixin.py:190} INFO - [2024-11-18T02:57:31.797+0000] {dag.py:3229} INFO - Sync 2 DAGs
[2024-11-18T02:57:31.831+0000] {logging_mixin.py:190} INFO - [2024-11-18T02:57:31.831+0000] {dag.py:4156} INFO - Setting next_dagrun for example_subdag_operator.section-1 to None, run_after=None
[2024-11-18T02:57:31.831+0000] {logging_mixin.py:190} INFO - [2024-11-18T02:57:31.831+0000] {dag.py:4156} INFO - Setting next_dagrun for example_subdag_operator.section-2 to None, run_after=None
[2024-11-18T02:57:31.913+0000] {processor.py:208} INFO - Processing /home/airflow/.local/lib/python3.12/site-packages/airflow/example_dags/example_subdag_operator.py took 0.689 seconds
[2024-11-18T02:58:02.598+0000] {processor.py:186} INFO - Started process (PID=381) to work on /home/airflow/.local/lib/python3.12/site-packages/airflow/example_dags/example_subdag_operator.py
[2024-11-18T02:58:02.603+0000] {processor.py:914} INFO - Processing file /home/airflow/.local/lib/python3.12/site-packages/airflow/example_dags/example_subdag_operator.py for tasks to queue
[2024-11-18T02:58:02.607+0000] {logging_mixin.py:190} INFO - [2024-11-18T02:58:02.607+0000] {dagbag.py:587} INFO - Filling up the DagBag from /home/airflow/.local/lib/python3.12/site-packages/airflow/example_dags/example_subdag_operator.py
[2024-11-18T02:58:02.640+0000] {processor.py:925} INFO - DAG(s) 'example_subdag_operator.section-1', 'example_subdag_operator.section-2', 'example_subdag_operator' retrieved from /home/airflow/.local/lib/python3.12/site-packages/airflow/example_dags/example_subdag_operator.py
[2024-11-18T02:58:02.655+0000] {logging_mixin.py:190} INFO - [2024-11-18T02:58:02.655+0000] {dag.py:3229} INFO - Sync 3 DAGs
[2024-11-18T02:58:02.678+0000] {logging_mixin.py:190} INFO - [2024-11-18T02:58:02.678+0000] {dag.py:4156} INFO - Setting next_dagrun for example_subdag_operator to 2022-01-01 00:00:00+00:00, run_after=2022-01-01 00:00:00+00:00
[2024-11-18T02:58:02.681+0000] {logging_mixin.py:190} INFO - [2024-11-18T02:58:02.681+0000] {dag.py:4156} INFO - Setting next_dagrun for example_subdag_operator.section-1 to None, run_after=None
[2024-11-18T02:58:02.684+0000] {logging_mixin.py:190} INFO - [2024-11-18T02:58:02.684+0000] {dag.py:4156} INFO - Setting next_dagrun for example_subdag_operator.section-2 to None, run_after=None
[2024-11-18T02:58:02.690+0000] {logging_mixin.py:190} INFO - [2024-11-18T02:58:02.690+0000] {dag.py:3229} INFO - Sync 2 DAGs
[2024-11-18T02:58:02.695+0000] {logging_mixin.py:190} INFO - [2024-11-18T02:58:02.695+0000] {dag.py:4156} INFO - Setting next_dagrun for example_subdag_operator.section-1 to None, run_after=None
[2024-11-18T02:58:02.696+0000] {logging_mixin.py:190} INFO - [2024-11-18T02:58:02.695+0000] {dag.py:4156} INFO - Setting next_dagrun for example_subdag_operator.section-2 to None, run_after=None
[2024-11-18T02:58:02.705+0000] {processor.py:208} INFO - Processing /home/airflow/.local/lib/python3.12/site-packages/airflow/example_dags/example_subdag_operator.py took 0.113 seconds
[2024-11-18T02:58:33.577+0000] {processor.py:186} INFO - Started process (PID=445) to work on /home/airflow/.local/lib/python3.12/site-packages/airflow/example_dags/example_subdag_operator.py
[2024-11-18T02:58:33.579+0000] {processor.py:914} INFO - Processing file /home/airflow/.local/lib/python3.12/site-packages/airflow/example_dags/example_subdag_operator.py for tasks to queue
[2024-11-18T02:58:33.583+0000] {logging_mixin.py:190} INFO - [2024-11-18T02:58:33.583+0000] {dagbag.py:587} INFO - Filling up the DagBag from /home/airflow/.local/lib/python3.12/site-packages/airflow/example_dags/example_subdag_operator.py
[2024-11-18T02:58:33.634+0000] {processor.py:925} INFO - DAG(s) 'example_subdag_operator.section-1', 'example_subdag_operator.section-2', 'example_subdag_operator' retrieved from /home/airflow/.local/lib/python3.12/site-packages/airflow/example_dags/example_subdag_operator.py
[2024-11-18T02:58:33.663+0000] {logging_mixin.py:190} INFO - [2024-11-18T02:58:33.663+0000] {dag.py:3229} INFO - Sync 3 DAGs
[2024-11-18T02:58:33.712+0000] {logging_mixin.py:190} INFO - [2024-11-18T02:58:33.712+0000] {dag.py:4156} INFO - Setting next_dagrun for example_subdag_operator to 2022-01-01 00:00:00+00:00, run_after=2022-01-01 00:00:00+00:00
[2024-11-18T02:58:33.721+0000] {logging_mixin.py:190} INFO - [2024-11-18T02:58:33.719+0000] {dag.py:4156} INFO - Setting next_dagrun for example_subdag_operator.section-1 to None, run_after=None
[2024-11-18T02:58:33.723+0000] {logging_mixin.py:190} INFO - [2024-11-18T02:58:33.723+0000] {dag.py:4156} INFO - Setting next_dagrun for example_subdag_operator.section-2 to None, run_after=None
[2024-11-18T02:58:33.737+0000] {logging_mixin.py:190} INFO - [2024-11-18T02:58:33.737+0000] {dag.py:3229} INFO - Sync 2 DAGs
[2024-11-18T02:58:33.750+0000] {logging_mixin.py:190} INFO - [2024-11-18T02:58:33.750+0000] {dag.py:4156} INFO - Setting next_dagrun for example_subdag_operator.section-1 to None, run_after=None
[2024-11-18T02:58:33.752+0000] {logging_mixin.py:190} INFO - [2024-11-18T02:58:33.752+0000] {dag.py:4156} INFO - Setting next_dagrun for example_subdag_operator.section-2 to None, run_after=None
[2024-11-18T02:58:33.785+0000] {processor.py:208} INFO - Processing /home/airflow/.local/lib/python3.12/site-packages/airflow/example_dags/example_subdag_operator.py took 0.224 seconds
[2024-11-18T02:59:04.001+0000] {processor.py:186} INFO - Started process (PID=506) to work on /home/airflow/.local/lib/python3.12/site-packages/airflow/example_dags/example_subdag_operator.py
[2024-11-18T02:59:04.003+0000] {processor.py:914} INFO - Processing file /home/airflow/.local/lib/python3.12/site-packages/airflow/example_dags/example_subdag_operator.py for tasks to queue
[2024-11-18T02:59:04.006+0000] {logging_mixin.py:190} INFO - [2024-11-18T02:59:04.006+0000] {dagbag.py:587} INFO - Filling up the DagBag from /home/airflow/.local/lib/python3.12/site-packages/airflow/example_dags/example_subdag_operator.py
[2024-11-18T02:59:04.033+0000] {processor.py:925} INFO - DAG(s) 'example_subdag_operator.section-1', 'example_subdag_operator.section-2', 'example_subdag_operator' retrieved from /home/airflow/.local/lib/python3.12/site-packages/airflow/example_dags/example_subdag_operator.py
[2024-11-18T02:59:04.046+0000] {logging_mixin.py:190} INFO - [2024-11-18T02:59:04.046+0000] {dag.py:3229} INFO - Sync 3 DAGs
[2024-11-18T02:59:04.067+0000] {logging_mixin.py:190} INFO - [2024-11-18T02:59:04.067+0000] {dag.py:4156} INFO - Setting next_dagrun for example_subdag_operator to 2022-01-01 00:00:00+00:00, run_after=2022-01-01 00:00:00+00:00
[2024-11-18T02:59:04.070+0000] {logging_mixin.py:190} INFO - [2024-11-18T02:59:04.070+0000] {dag.py:4156} INFO - Setting next_dagrun for example_subdag_operator.section-1 to None, run_after=None
[2024-11-18T02:59:04.071+0000] {logging_mixin.py:190} INFO - [2024-11-18T02:59:04.071+0000] {dag.py:4156} INFO - Setting next_dagrun for example_subdag_operator.section-2 to None, run_after=None
[2024-11-18T02:59:04.078+0000] {logging_mixin.py:190} INFO - [2024-11-18T02:59:04.077+0000] {dag.py:3229} INFO - Sync 2 DAGs
[2024-11-18T02:59:04.082+0000] {logging_mixin.py:190} INFO - [2024-11-18T02:59:04.082+0000] {dag.py:4156} INFO - Setting next_dagrun for example_subdag_operator.section-1 to None, run_after=None
[2024-11-18T02:59:04.082+0000] {logging_mixin.py:190} INFO - [2024-11-18T02:59:04.082+0000] {dag.py:4156} INFO - Setting next_dagrun for example_subdag_operator.section-2 to None, run_after=None
[2024-11-18T02:59:04.091+0000] {processor.py:208} INFO - Processing /home/airflow/.local/lib/python3.12/site-packages/airflow/example_dags/example_subdag_operator.py took 0.099 seconds
[2024-11-18T02:59:35.026+0000] {processor.py:186} INFO - Started process (PID=568) to work on /home/airflow/.local/lib/python3.12/site-packages/airflow/example_dags/example_subdag_operator.py
[2024-11-18T02:59:35.026+0000] {processor.py:914} INFO - Processing file /home/airflow/.local/lib/python3.12/site-packages/airflow/example_dags/example_subdag_operator.py for tasks to queue
[2024-11-18T02:59:35.031+0000] {logging_mixin.py:190} INFO - [2024-11-18T02:59:35.030+0000] {dagbag.py:587} INFO - Filling up the DagBag from /home/airflow/.local/lib/python3.12/site-packages/airflow/example_dags/example_subdag_operator.py
[2024-11-18T02:59:35.085+0000] {processor.py:925} INFO - DAG(s) 'example_subdag_operator.section-1', 'example_subdag_operator.section-2', 'example_subdag_operator' retrieved from /home/airflow/.local/lib/python3.12/site-packages/airflow/example_dags/example_subdag_operator.py
[2024-11-18T02:59:35.115+0000] {logging_mixin.py:190} INFO - [2024-11-18T02:59:35.115+0000] {dag.py:3229} INFO - Sync 3 DAGs
[2024-11-18T02:59:35.161+0000] {logging_mixin.py:190} INFO - [2024-11-18T02:59:35.159+0000] {dag.py:4156} INFO - Setting next_dagrun for example_subdag_operator to 2022-01-01 00:00:00+00:00, run_after=2022-01-01 00:00:00+00:00
[2024-11-18T02:59:35.167+0000] {logging_mixin.py:190} INFO - [2024-11-18T02:59:35.167+0000] {dag.py:4156} INFO - Setting next_dagrun for example_subdag_operator.section-1 to None, run_after=None
[2024-11-18T02:59:35.169+0000] {logging_mixin.py:190} INFO - [2024-11-18T02:59:35.169+0000] {dag.py:4156} INFO - Setting next_dagrun for example_subdag_operator.section-2 to None, run_after=None
[2024-11-18T02:59:35.181+0000] {logging_mixin.py:190} INFO - [2024-11-18T02:59:35.181+0000] {dag.py:3229} INFO - Sync 2 DAGs
[2024-11-18T02:59:35.190+0000] {logging_mixin.py:190} INFO - [2024-11-18T02:59:35.190+0000] {dag.py:4156} INFO - Setting next_dagrun for example_subdag_operator.section-1 to None, run_after=None
[2024-11-18T02:59:35.190+0000] {logging_mixin.py:190} INFO - [2024-11-18T02:59:35.190+0000] {dag.py:4156} INFO - Setting next_dagrun for example_subdag_operator.section-2 to None, run_after=None
[2024-11-18T02:59:35.209+0000] {processor.py:208} INFO - Processing /home/airflow/.local/lib/python3.12/site-packages/airflow/example_dags/example_subdag_operator.py took 0.196 seconds
[2024-11-18T03:00:05.449+0000] {processor.py:186} INFO - Started process (PID=629) to work on /home/airflow/.local/lib/python3.12/site-packages/airflow/example_dags/example_subdag_operator.py
[2024-11-18T03:00:05.455+0000] {processor.py:914} INFO - Processing file /home/airflow/.local/lib/python3.12/site-packages/airflow/example_dags/example_subdag_operator.py for tasks to queue
[2024-11-18T03:00:05.474+0000] {logging_mixin.py:190} INFO - [2024-11-18T03:00:05.462+0000] {dagbag.py:587} INFO - Filling up the DagBag from /home/airflow/.local/lib/python3.12/site-packages/airflow/example_dags/example_subdag_operator.py
[2024-11-18T03:00:05.662+0000] {processor.py:925} INFO - DAG(s) 'example_subdag_operator.section-1', 'example_subdag_operator.section-2', 'example_subdag_operator' retrieved from /home/airflow/.local/lib/python3.12/site-packages/airflow/example_dags/example_subdag_operator.py
[2024-11-18T03:00:05.770+0000] {logging_mixin.py:190} INFO - [2024-11-18T03:00:05.770+0000] {dag.py:3229} INFO - Sync 3 DAGs
[2024-11-18T03:00:05.922+0000] {logging_mixin.py:190} INFO - [2024-11-18T03:00:05.922+0000] {dag.py:4156} INFO - Setting next_dagrun for example_subdag_operator to 2022-01-01 00:00:00+00:00, run_after=2022-01-01 00:00:00+00:00
[2024-11-18T03:00:05.947+0000] {logging_mixin.py:190} INFO - [2024-11-18T03:00:05.947+0000] {dag.py:4156} INFO - Setting next_dagrun for example_subdag_operator.section-1 to None, run_after=None
[2024-11-18T03:00:05.959+0000] {logging_mixin.py:190} INFO - [2024-11-18T03:00:05.959+0000] {dag.py:4156} INFO - Setting next_dagrun for example_subdag_operator.section-2 to None, run_after=None
[2024-11-18T03:00:06.007+0000] {logging_mixin.py:190} INFO - [2024-11-18T03:00:06.001+0000] {dag.py:3229} INFO - Sync 2 DAGs
[2024-11-18T03:00:06.039+0000] {logging_mixin.py:190} INFO - [2024-11-18T03:00:06.039+0000] {dag.py:4156} INFO - Setting next_dagrun for example_subdag_operator.section-1 to None, run_after=None
[2024-11-18T03:00:06.039+0000] {logging_mixin.py:190} INFO - [2024-11-18T03:00:06.039+0000] {dag.py:4156} INFO - Setting next_dagrun for example_subdag_operator.section-2 to None, run_after=None
[2024-11-18T03:00:06.108+0000] {processor.py:208} INFO - Processing /home/airflow/.local/lib/python3.12/site-packages/airflow/example_dags/example_subdag_operator.py took 0.702 seconds
[2024-11-18T03:00:36.524+0000] {processor.py:186} INFO - Started process (PID=691) to work on /home/airflow/.local/lib/python3.12/site-packages/airflow/example_dags/example_subdag_operator.py
[2024-11-18T03:00:36.527+0000] {processor.py:914} INFO - Processing file /home/airflow/.local/lib/python3.12/site-packages/airflow/example_dags/example_subdag_operator.py for tasks to queue
[2024-11-18T03:00:36.531+0000] {logging_mixin.py:190} INFO - [2024-11-18T03:00:36.531+0000] {dagbag.py:587} INFO - Filling up the DagBag from /home/airflow/.local/lib/python3.12/site-packages/airflow/example_dags/example_subdag_operator.py
[2024-11-18T03:00:36.588+0000] {processor.py:925} INFO - DAG(s) 'example_subdag_operator.section-1', 'example_subdag_operator.section-2', 'example_subdag_operator' retrieved from /home/airflow/.local/lib/python3.12/site-packages/airflow/example_dags/example_subdag_operator.py
[2024-11-18T03:00:36.620+0000] {logging_mixin.py:190} INFO - [2024-11-18T03:00:36.620+0000] {dag.py:3229} INFO - Sync 3 DAGs
[2024-11-18T03:00:36.665+0000] {logging_mixin.py:190} INFO - [2024-11-18T03:00:36.665+0000] {dag.py:4156} INFO - Setting next_dagrun for example_subdag_operator to 2022-01-01 00:00:00+00:00, run_after=2022-01-01 00:00:00+00:00
[2024-11-18T03:00:36.676+0000] {logging_mixin.py:190} INFO - [2024-11-18T03:00:36.674+0000] {dag.py:4156} INFO - Setting next_dagrun for example_subdag_operator.section-1 to None, run_after=None
[2024-11-18T03:00:36.677+0000] {logging_mixin.py:190} INFO - [2024-11-18T03:00:36.677+0000] {dag.py:4156} INFO - Setting next_dagrun for example_subdag_operator.section-2 to None, run_after=None
[2024-11-18T03:00:36.690+0000] {logging_mixin.py:190} INFO - [2024-11-18T03:00:36.690+0000] {dag.py:3229} INFO - Sync 2 DAGs
[2024-11-18T03:00:36.699+0000] {logging_mixin.py:190} INFO - [2024-11-18T03:00:36.698+0000] {dag.py:4156} INFO - Setting next_dagrun for example_subdag_operator.section-1 to None, run_after=None
[2024-11-18T03:00:36.699+0000] {logging_mixin.py:190} INFO - [2024-11-18T03:00:36.699+0000] {dag.py:4156} INFO - Setting next_dagrun for example_subdag_operator.section-2 to None, run_after=None
[2024-11-18T03:00:36.708+0000] {processor.py:208} INFO - Processing /home/airflow/.local/lib/python3.12/site-packages/airflow/example_dags/example_subdag_operator.py took 0.202 seconds
[2024-11-18T03:01:07.222+0000] {processor.py:186} INFO - Started process (PID=754) to work on /home/airflow/.local/lib/python3.12/site-packages/airflow/example_dags/example_subdag_operator.py
[2024-11-18T03:01:07.223+0000] {processor.py:914} INFO - Processing file /home/airflow/.local/lib/python3.12/site-packages/airflow/example_dags/example_subdag_operator.py for tasks to queue
[2024-11-18T03:01:07.227+0000] {logging_mixin.py:190} INFO - [2024-11-18T03:01:07.227+0000] {dagbag.py:587} INFO - Filling up the DagBag from /home/airflow/.local/lib/python3.12/site-packages/airflow/example_dags/example_subdag_operator.py
[2024-11-18T03:01:07.276+0000] {processor.py:925} INFO - DAG(s) 'example_subdag_operator.section-1', 'example_subdag_operator.section-2', 'example_subdag_operator' retrieved from /home/airflow/.local/lib/python3.12/site-packages/airflow/example_dags/example_subdag_operator.py
[2024-11-18T03:01:07.306+0000] {logging_mixin.py:190} INFO - [2024-11-18T03:01:07.306+0000] {dag.py:3229} INFO - Sync 3 DAGs
[2024-11-18T03:01:07.358+0000] {logging_mixin.py:190} INFO - [2024-11-18T03:01:07.358+0000] {dag.py:4156} INFO - Setting next_dagrun for example_subdag_operator to 2022-01-01 00:00:00+00:00, run_after=2022-01-01 00:00:00+00:00
[2024-11-18T03:01:07.370+0000] {logging_mixin.py:190} INFO - [2024-11-18T03:01:07.370+0000] {dag.py:4156} INFO - Setting next_dagrun for example_subdag_operator.section-1 to None, run_after=None
[2024-11-18T03:01:07.372+0000] {logging_mixin.py:190} INFO - [2024-11-18T03:01:07.372+0000] {dag.py:4156} INFO - Setting next_dagrun for example_subdag_operator.section-2 to None, run_after=None
[2024-11-18T03:01:07.385+0000] {logging_mixin.py:190} INFO - [2024-11-18T03:01:07.385+0000] {dag.py:3229} INFO - Sync 2 DAGs
[2024-11-18T03:01:07.393+0000] {logging_mixin.py:190} INFO - [2024-11-18T03:01:07.392+0000] {dag.py:4156} INFO - Setting next_dagrun for example_subdag_operator.section-1 to None, run_after=None
[2024-11-18T03:01:07.393+0000] {logging_mixin.py:190} INFO - [2024-11-18T03:01:07.393+0000] {dag.py:4156} INFO - Setting next_dagrun for example_subdag_operator.section-2 to None, run_after=None
[2024-11-18T03:01:07.402+0000] {processor.py:208} INFO - Processing /home/airflow/.local/lib/python3.12/site-packages/airflow/example_dags/example_subdag_operator.py took 0.193 seconds
[2024-11-18T03:01:38.143+0000] {processor.py:186} INFO - Started process (PID=816) to work on /home/airflow/.local/lib/python3.12/site-packages/airflow/example_dags/example_subdag_operator.py
[2024-11-18T03:01:38.145+0000] {processor.py:914} INFO - Processing file /home/airflow/.local/lib/python3.12/site-packages/airflow/example_dags/example_subdag_operator.py for tasks to queue
[2024-11-18T03:01:38.149+0000] {logging_mixin.py:190} INFO - [2024-11-18T03:01:38.149+0000] {dagbag.py:587} INFO - Filling up the DagBag from /home/airflow/.local/lib/python3.12/site-packages/airflow/example_dags/example_subdag_operator.py
[2024-11-18T03:01:38.224+0000] {processor.py:925} INFO - DAG(s) 'example_subdag_operator.section-1', 'example_subdag_operator.section-2', 'example_subdag_operator' retrieved from /home/airflow/.local/lib/python3.12/site-packages/airflow/example_dags/example_subdag_operator.py
[2024-11-18T03:01:38.302+0000] {logging_mixin.py:190} INFO - [2024-11-18T03:01:38.302+0000] {dag.py:3229} INFO - Sync 3 DAGs
[2024-11-18T03:01:38.351+0000] {logging_mixin.py:190} INFO - [2024-11-18T03:01:38.350+0000] {dag.py:4156} INFO - Setting next_dagrun for example_subdag_operator to 2022-01-01 00:00:00+00:00, run_after=2022-01-01 00:00:00+00:00
[2024-11-18T03:01:38.359+0000] {logging_mixin.py:190} INFO - [2024-11-18T03:01:38.359+0000] {dag.py:4156} INFO - Setting next_dagrun for example_subdag_operator.section-1 to None, run_after=None
[2024-11-18T03:01:38.363+0000] {logging_mixin.py:190} INFO - [2024-11-18T03:01:38.363+0000] {dag.py:4156} INFO - Setting next_dagrun for example_subdag_operator.section-2 to None, run_after=None
[2024-11-18T03:01:38.376+0000] {logging_mixin.py:190} INFO - [2024-11-18T03:01:38.375+0000] {dag.py:3229} INFO - Sync 2 DAGs
[2024-11-18T03:01:38.383+0000] {logging_mixin.py:190} INFO - [2024-11-18T03:01:38.383+0000] {dag.py:4156} INFO - Setting next_dagrun for example_subdag_operator.section-1 to None, run_after=None
[2024-11-18T03:01:38.383+0000] {logging_mixin.py:190} INFO - [2024-11-18T03:01:38.383+0000] {dag.py:4156} INFO - Setting next_dagrun for example_subdag_operator.section-2 to None, run_after=None
[2024-11-18T03:01:38.393+0000] {processor.py:208} INFO - Processing /home/airflow/.local/lib/python3.12/site-packages/airflow/example_dags/example_subdag_operator.py took 0.263 seconds
[2024-11-18T03:02:08.599+0000] {processor.py:186} INFO - Started process (PID=878) to work on /home/airflow/.local/lib/python3.12/site-packages/airflow/example_dags/example_subdag_operator.py
[2024-11-18T03:02:08.602+0000] {processor.py:914} INFO - Processing file /home/airflow/.local/lib/python3.12/site-packages/airflow/example_dags/example_subdag_operator.py for tasks to queue
[2024-11-18T03:02:08.606+0000] {logging_mixin.py:190} INFO - [2024-11-18T03:02:08.604+0000] {dagbag.py:587} INFO - Filling up the DagBag from /home/airflow/.local/lib/python3.12/site-packages/airflow/example_dags/example_subdag_operator.py
[2024-11-18T03:02:08.656+0000] {processor.py:925} INFO - DAG(s) 'example_subdag_operator.section-1', 'example_subdag_operator.section-2', 'example_subdag_operator' retrieved from /home/airflow/.local/lib/python3.12/site-packages/airflow/example_dags/example_subdag_operator.py
[2024-11-18T03:02:08.687+0000] {logging_mixin.py:190} INFO - [2024-11-18T03:02:08.687+0000] {dag.py:3229} INFO - Sync 3 DAGs
[2024-11-18T03:02:08.732+0000] {logging_mixin.py:190} INFO - [2024-11-18T03:02:08.732+0000] {dag.py:4156} INFO - Setting next_dagrun for example_subdag_operator to 2022-01-01 00:00:00+00:00, run_after=2022-01-01 00:00:00+00:00
[2024-11-18T03:02:08.740+0000] {logging_mixin.py:190} INFO - [2024-11-18T03:02:08.740+0000] {dag.py:4156} INFO - Setting next_dagrun for example_subdag_operator.section-1 to None, run_after=None
[2024-11-18T03:02:08.743+0000] {logging_mixin.py:190} INFO - [2024-11-18T03:02:08.743+0000] {dag.py:4156} INFO - Setting next_dagrun for example_subdag_operator.section-2 to None, run_after=None
[2024-11-18T03:02:08.759+0000] {logging_mixin.py:190} INFO - [2024-11-18T03:02:08.759+0000] {dag.py:3229} INFO - Sync 2 DAGs
[2024-11-18T03:02:08.769+0000] {logging_mixin.py:190} INFO - [2024-11-18T03:02:08.769+0000] {dag.py:4156} INFO - Setting next_dagrun for example_subdag_operator.section-1 to None, run_after=None
[2024-11-18T03:02:08.770+0000] {logging_mixin.py:190} INFO - [2024-11-18T03:02:08.769+0000] {dag.py:4156} INFO - Setting next_dagrun for example_subdag_operator.section-2 to None, run_after=None
[2024-11-18T03:02:08.784+0000] {processor.py:208} INFO - Processing /home/airflow/.local/lib/python3.12/site-packages/airflow/example_dags/example_subdag_operator.py took 0.197 seconds
[2024-11-18T03:02:38.967+0000] {processor.py:186} INFO - Started process (PID=939) to work on /home/airflow/.local/lib/python3.12/site-packages/airflow/example_dags/example_subdag_operator.py
[2024-11-18T03:02:38.969+0000] {processor.py:914} INFO - Processing file /home/airflow/.local/lib/python3.12/site-packages/airflow/example_dags/example_subdag_operator.py for tasks to queue
[2024-11-18T03:02:38.973+0000] {logging_mixin.py:190} INFO - [2024-11-18T03:02:38.973+0000] {dagbag.py:587} INFO - Filling up the DagBag from /home/airflow/.local/lib/python3.12/site-packages/airflow/example_dags/example_subdag_operator.py
[2024-11-18T03:02:39.025+0000] {processor.py:925} INFO - DAG(s) 'example_subdag_operator.section-1', 'example_subdag_operator.section-2', 'example_subdag_operator' retrieved from /home/airflow/.local/lib/python3.12/site-packages/airflow/example_dags/example_subdag_operator.py
[2024-11-18T03:02:39.052+0000] {logging_mixin.py:190} INFO - [2024-11-18T03:02:39.052+0000] {dag.py:3229} INFO - Sync 3 DAGs
[2024-11-18T03:02:39.093+0000] {logging_mixin.py:190} INFO - [2024-11-18T03:02:39.093+0000] {dag.py:4156} INFO - Setting next_dagrun for example_subdag_operator to 2022-01-01 00:00:00+00:00, run_after=2022-01-01 00:00:00+00:00
[2024-11-18T03:02:39.100+0000] {logging_mixin.py:190} INFO - [2024-11-18T03:02:39.100+0000] {dag.py:4156} INFO - Setting next_dagrun for example_subdag_operator.section-1 to None, run_after=None
[2024-11-18T03:02:39.102+0000] {logging_mixin.py:190} INFO - [2024-11-18T03:02:39.102+0000] {dag.py:4156} INFO - Setting next_dagrun for example_subdag_operator.section-2 to None, run_after=None
[2024-11-18T03:02:39.119+0000] {logging_mixin.py:190} INFO - [2024-11-18T03:02:39.118+0000] {dag.py:3229} INFO - Sync 2 DAGs
[2024-11-18T03:02:39.128+0000] {logging_mixin.py:190} INFO - [2024-11-18T03:02:39.128+0000] {dag.py:4156} INFO - Setting next_dagrun for example_subdag_operator.section-1 to None, run_after=None
[2024-11-18T03:02:39.130+0000] {logging_mixin.py:190} INFO - [2024-11-18T03:02:39.129+0000] {dag.py:4156} INFO - Setting next_dagrun for example_subdag_operator.section-2 to None, run_after=None
[2024-11-18T03:02:39.149+0000] {processor.py:208} INFO - Processing /home/airflow/.local/lib/python3.12/site-packages/airflow/example_dags/example_subdag_operator.py took 0.199 seconds
[2024-11-18T03:03:10.010+0000] {processor.py:186} INFO - Started process (PID=1001) to work on /home/airflow/.local/lib/python3.12/site-packages/airflow/example_dags/example_subdag_operator.py
[2024-11-18T03:03:10.022+0000] {processor.py:914} INFO - Processing file /home/airflow/.local/lib/python3.12/site-packages/airflow/example_dags/example_subdag_operator.py for tasks to queue
[2024-11-18T03:03:10.031+0000] {logging_mixin.py:190} INFO - [2024-11-18T03:03:10.031+0000] {dagbag.py:587} INFO - Filling up the DagBag from /home/airflow/.local/lib/python3.12/site-packages/airflow/example_dags/example_subdag_operator.py
[2024-11-18T03:03:10.185+0000] {processor.py:925} INFO - DAG(s) 'example_subdag_operator.section-1', 'example_subdag_operator.section-2', 'example_subdag_operator' retrieved from /home/airflow/.local/lib/python3.12/site-packages/airflow/example_dags/example_subdag_operator.py
[2024-11-18T03:03:10.252+0000] {logging_mixin.py:190} INFO - [2024-11-18T03:03:10.252+0000] {dag.py:3229} INFO - Sync 3 DAGs
[2024-11-18T03:03:10.341+0000] {logging_mixin.py:190} INFO - [2024-11-18T03:03:10.341+0000] {dag.py:4156} INFO - Setting next_dagrun for example_subdag_operator to 2022-01-01 00:00:00+00:00, run_after=2022-01-01 00:00:00+00:00
[2024-11-18T03:03:10.362+0000] {logging_mixin.py:190} INFO - [2024-11-18T03:03:10.362+0000] {dag.py:4156} INFO - Setting next_dagrun for example_subdag_operator.section-1 to None, run_after=None
[2024-11-18T03:03:10.369+0000] {logging_mixin.py:190} INFO - [2024-11-18T03:03:10.369+0000] {dag.py:4156} INFO - Setting next_dagrun for example_subdag_operator.section-2 to None, run_after=None
[2024-11-18T03:03:10.392+0000] {logging_mixin.py:190} INFO - [2024-11-18T03:03:10.392+0000] {dag.py:3229} INFO - Sync 2 DAGs
[2024-11-18T03:03:10.409+0000] {logging_mixin.py:190} INFO - [2024-11-18T03:03:10.409+0000] {dag.py:4156} INFO - Setting next_dagrun for example_subdag_operator.section-1 to None, run_after=None
[2024-11-18T03:03:10.409+0000] {logging_mixin.py:190} INFO - [2024-11-18T03:03:10.409+0000] {dag.py:4156} INFO - Setting next_dagrun for example_subdag_operator.section-2 to None, run_after=None
[2024-11-18T03:03:10.452+0000] {processor.py:208} INFO - Processing /home/airflow/.local/lib/python3.12/site-packages/airflow/example_dags/example_subdag_operator.py took 0.478 seconds
[2024-11-18T03:03:41.018+0000] {processor.py:186} INFO - Started process (PID=1062) to work on /home/airflow/.local/lib/python3.12/site-packages/airflow/example_dags/example_subdag_operator.py
[2024-11-18T03:03:41.022+0000] {processor.py:914} INFO - Processing file /home/airflow/.local/lib/python3.12/site-packages/airflow/example_dags/example_subdag_operator.py for tasks to queue
[2024-11-18T03:03:41.033+0000] {logging_mixin.py:190} INFO - [2024-11-18T03:03:41.030+0000] {dagbag.py:587} INFO - Filling up the DagBag from /home/airflow/.local/lib/python3.12/site-packages/airflow/example_dags/example_subdag_operator.py
[2024-11-18T03:03:41.144+0000] {processor.py:925} INFO - DAG(s) 'example_subdag_operator.section-1', 'example_subdag_operator.section-2', 'example_subdag_operator' retrieved from /home/airflow/.local/lib/python3.12/site-packages/airflow/example_dags/example_subdag_operator.py
[2024-11-18T03:03:41.207+0000] {logging_mixin.py:190} INFO - [2024-11-18T03:03:41.207+0000] {dag.py:3229} INFO - Sync 3 DAGs
[2024-11-18T03:03:41.301+0000] {logging_mixin.py:190} INFO - [2024-11-18T03:03:41.300+0000] {dag.py:4156} INFO - Setting next_dagrun for example_subdag_operator to 2022-01-01 00:00:00+00:00, run_after=2022-01-01 00:00:00+00:00
[2024-11-18T03:03:41.319+0000] {logging_mixin.py:190} INFO - [2024-11-18T03:03:41.315+0000] {dag.py:4156} INFO - Setting next_dagrun for example_subdag_operator.section-1 to None, run_after=None
[2024-11-18T03:03:41.321+0000] {logging_mixin.py:190} INFO - [2024-11-18T03:03:41.321+0000] {dag.py:4156} INFO - Setting next_dagrun for example_subdag_operator.section-2 to None, run_after=None
[2024-11-18T03:03:41.352+0000] {logging_mixin.py:190} INFO - [2024-11-18T03:03:41.352+0000] {dag.py:3229} INFO - Sync 2 DAGs
[2024-11-18T03:03:41.364+0000] {logging_mixin.py:190} INFO - [2024-11-18T03:03:41.364+0000] {dag.py:4156} INFO - Setting next_dagrun for example_subdag_operator.section-1 to None, run_after=None
[2024-11-18T03:03:41.364+0000] {logging_mixin.py:190} INFO - [2024-11-18T03:03:41.364+0000] {dag.py:4156} INFO - Setting next_dagrun for example_subdag_operator.section-2 to None, run_after=None
[2024-11-18T03:03:41.408+0000] {processor.py:208} INFO - Processing /home/airflow/.local/lib/python3.12/site-packages/airflow/example_dags/example_subdag_operator.py took 0.414 seconds
[2024-11-18T03:04:11.629+0000] {processor.py:186} INFO - Started process (PID=1124) to work on /home/airflow/.local/lib/python3.12/site-packages/airflow/example_dags/example_subdag_operator.py
[2024-11-18T03:04:11.632+0000] {processor.py:914} INFO - Processing file /home/airflow/.local/lib/python3.12/site-packages/airflow/example_dags/example_subdag_operator.py for tasks to queue
[2024-11-18T03:04:11.636+0000] {logging_mixin.py:190} INFO - [2024-11-18T03:04:11.636+0000] {dagbag.py:587} INFO - Filling up the DagBag from /home/airflow/.local/lib/python3.12/site-packages/airflow/example_dags/example_subdag_operator.py
[2024-11-18T03:04:11.690+0000] {processor.py:925} INFO - DAG(s) 'example_subdag_operator.section-1', 'example_subdag_operator.section-2', 'example_subdag_operator' retrieved from /home/airflow/.local/lib/python3.12/site-packages/airflow/example_dags/example_subdag_operator.py
[2024-11-18T03:04:11.718+0000] {logging_mixin.py:190} INFO - [2024-11-18T03:04:11.718+0000] {dag.py:3229} INFO - Sync 3 DAGs
[2024-11-18T03:04:11.768+0000] {logging_mixin.py:190} INFO - [2024-11-18T03:04:11.767+0000] {dag.py:4156} INFO - Setting next_dagrun for example_subdag_operator to 2022-01-01 00:00:00+00:00, run_after=2022-01-01 00:00:00+00:00
[2024-11-18T03:04:11.777+0000] {logging_mixin.py:190} INFO - [2024-11-18T03:04:11.774+0000] {dag.py:4156} INFO - Setting next_dagrun for example_subdag_operator.section-1 to None, run_after=None
[2024-11-18T03:04:11.780+0000] {logging_mixin.py:190} INFO - [2024-11-18T03:04:11.780+0000] {dag.py:4156} INFO - Setting next_dagrun for example_subdag_operator.section-2 to None, run_after=None
[2024-11-18T03:04:11.793+0000] {logging_mixin.py:190} INFO - [2024-11-18T03:04:11.791+0000] {dag.py:3229} INFO - Sync 2 DAGs
[2024-11-18T03:04:11.803+0000] {logging_mixin.py:190} INFO - [2024-11-18T03:04:11.803+0000] {dag.py:4156} INFO - Setting next_dagrun for example_subdag_operator.section-1 to None, run_after=None
[2024-11-18T03:04:11.803+0000] {logging_mixin.py:190} INFO - [2024-11-18T03:04:11.803+0000] {dag.py:4156} INFO - Setting next_dagrun for example_subdag_operator.section-2 to None, run_after=None
[2024-11-18T03:04:11.825+0000] {processor.py:208} INFO - Processing /home/airflow/.local/lib/python3.12/site-packages/airflow/example_dags/example_subdag_operator.py took 0.210 seconds
[2024-11-18T03:04:42.074+0000] {processor.py:186} INFO - Started process (PID=1186) to work on /home/airflow/.local/lib/python3.12/site-packages/airflow/example_dags/example_subdag_operator.py
[2024-11-18T03:04:42.074+0000] {processor.py:914} INFO - Processing file /home/airflow/.local/lib/python3.12/site-packages/airflow/example_dags/example_subdag_operator.py for tasks to queue
[2024-11-18T03:04:42.078+0000] {logging_mixin.py:190} INFO - [2024-11-18T03:04:42.078+0000] {dagbag.py:587} INFO - Filling up the DagBag from /home/airflow/.local/lib/python3.12/site-packages/airflow/example_dags/example_subdag_operator.py
[2024-11-18T03:04:42.131+0000] {processor.py:925} INFO - DAG(s) 'example_subdag_operator.section-1', 'example_subdag_operator.section-2', 'example_subdag_operator' retrieved from /home/airflow/.local/lib/python3.12/site-packages/airflow/example_dags/example_subdag_operator.py
[2024-11-18T03:04:42.164+0000] {logging_mixin.py:190} INFO - [2024-11-18T03:04:42.164+0000] {dag.py:3229} INFO - Sync 3 DAGs
[2024-11-18T03:04:42.211+0000] {logging_mixin.py:190} INFO - [2024-11-18T03:04:42.211+0000] {dag.py:4156} INFO - Setting next_dagrun for example_subdag_operator to 2022-01-01 00:00:00+00:00, run_after=2022-01-01 00:00:00+00:00
[2024-11-18T03:04:42.219+0000] {logging_mixin.py:190} INFO - [2024-11-18T03:04:42.219+0000] {dag.py:4156} INFO - Setting next_dagrun for example_subdag_operator.section-1 to None, run_after=None
[2024-11-18T03:04:42.224+0000] {logging_mixin.py:190} INFO - [2024-11-18T03:04:42.224+0000] {dag.py:4156} INFO - Setting next_dagrun for example_subdag_operator.section-2 to None, run_after=None
[2024-11-18T03:04:42.237+0000] {logging_mixin.py:190} INFO - [2024-11-18T03:04:42.237+0000] {dag.py:3229} INFO - Sync 2 DAGs
[2024-11-18T03:04:42.244+0000] {logging_mixin.py:190} INFO - [2024-11-18T03:04:42.244+0000] {dag.py:4156} INFO - Setting next_dagrun for example_subdag_operator.section-1 to None, run_after=None
[2024-11-18T03:04:42.244+0000] {logging_mixin.py:190} INFO - [2024-11-18T03:04:42.244+0000] {dag.py:4156} INFO - Setting next_dagrun for example_subdag_operator.section-2 to None, run_after=None
[2024-11-18T03:04:42.262+0000] {processor.py:208} INFO - Processing /home/airflow/.local/lib/python3.12/site-packages/airflow/example_dags/example_subdag_operator.py took 0.202 seconds
[2024-11-18T03:05:12.424+0000] {processor.py:186} INFO - Started process (PID=1248) to work on /home/airflow/.local/lib/python3.12/site-packages/airflow/example_dags/example_subdag_operator.py
[2024-11-18T03:05:12.428+0000] {processor.py:914} INFO - Processing file /home/airflow/.local/lib/python3.12/site-packages/airflow/example_dags/example_subdag_operator.py for tasks to queue
[2024-11-18T03:05:12.432+0000] {logging_mixin.py:190} INFO - [2024-11-18T03:05:12.432+0000] {dagbag.py:587} INFO - Filling up the DagBag from /home/airflow/.local/lib/python3.12/site-packages/airflow/example_dags/example_subdag_operator.py
[2024-11-18T03:05:12.485+0000] {processor.py:925} INFO - DAG(s) 'example_subdag_operator.section-1', 'example_subdag_operator.section-2', 'example_subdag_operator' retrieved from /home/airflow/.local/lib/python3.12/site-packages/airflow/example_dags/example_subdag_operator.py
[2024-11-18T03:05:12.516+0000] {logging_mixin.py:190} INFO - [2024-11-18T03:05:12.516+0000] {dag.py:3229} INFO - Sync 3 DAGs
[2024-11-18T03:05:12.570+0000] {logging_mixin.py:190} INFO - [2024-11-18T03:05:12.569+0000] {dag.py:4156} INFO - Setting next_dagrun for example_subdag_operator to 2022-01-01 00:00:00+00:00, run_after=2022-01-01 00:00:00+00:00
[2024-11-18T03:05:12.579+0000] {logging_mixin.py:190} INFO - [2024-11-18T03:05:12.579+0000] {dag.py:4156} INFO - Setting next_dagrun for example_subdag_operator.section-1 to None, run_after=None
[2024-11-18T03:05:12.583+0000] {logging_mixin.py:190} INFO - [2024-11-18T03:05:12.583+0000] {dag.py:4156} INFO - Setting next_dagrun for example_subdag_operator.section-2 to None, run_after=None
[2024-11-18T03:05:12.593+0000] {logging_mixin.py:190} INFO - [2024-11-18T03:05:12.593+0000] {dag.py:3229} INFO - Sync 2 DAGs
[2024-11-18T03:05:12.605+0000] {logging_mixin.py:190} INFO - [2024-11-18T03:05:12.605+0000] {dag.py:4156} INFO - Setting next_dagrun for example_subdag_operator.section-1 to None, run_after=None
[2024-11-18T03:05:12.605+0000] {logging_mixin.py:190} INFO - [2024-11-18T03:05:12.605+0000] {dag.py:4156} INFO - Setting next_dagrun for example_subdag_operator.section-2 to None, run_after=None
[2024-11-18T03:05:12.626+0000] {processor.py:208} INFO - Processing /home/airflow/.local/lib/python3.12/site-packages/airflow/example_dags/example_subdag_operator.py took 0.216 seconds
[2024-11-18T03:05:42.735+0000] {processor.py:186} INFO - Started process (PID=1310) to work on /home/airflow/.local/lib/python3.12/site-packages/airflow/example_dags/example_subdag_operator.py
[2024-11-18T03:05:42.736+0000] {processor.py:914} INFO - Processing file /home/airflow/.local/lib/python3.12/site-packages/airflow/example_dags/example_subdag_operator.py for tasks to queue
[2024-11-18T03:05:42.742+0000] {logging_mixin.py:190} INFO - [2024-11-18T03:05:42.740+0000] {dagbag.py:587} INFO - Filling up the DagBag from /home/airflow/.local/lib/python3.12/site-packages/airflow/example_dags/example_subdag_operator.py
[2024-11-18T03:05:42.805+0000] {processor.py:925} INFO - DAG(s) 'example_subdag_operator.section-1', 'example_subdag_operator.section-2', 'example_subdag_operator' retrieved from /home/airflow/.local/lib/python3.12/site-packages/airflow/example_dags/example_subdag_operator.py
[2024-11-18T03:05:42.839+0000] {logging_mixin.py:190} INFO - [2024-11-18T03:05:42.839+0000] {dag.py:3229} INFO - Sync 3 DAGs
[2024-11-18T03:05:42.891+0000] {logging_mixin.py:190} INFO - [2024-11-18T03:05:42.891+0000] {dag.py:4156} INFO - Setting next_dagrun for example_subdag_operator to 2022-01-01 00:00:00+00:00, run_after=2022-01-01 00:00:00+00:00
[2024-11-18T03:05:42.901+0000] {logging_mixin.py:190} INFO - [2024-11-18T03:05:42.901+0000] {dag.py:4156} INFO - Setting next_dagrun for example_subdag_operator.section-1 to None, run_after=None
[2024-11-18T03:05:42.905+0000] {logging_mixin.py:190} INFO - [2024-11-18T03:05:42.905+0000] {dag.py:4156} INFO - Setting next_dagrun for example_subdag_operator.section-2 to None, run_after=None
[2024-11-18T03:05:42.916+0000] {logging_mixin.py:190} INFO - [2024-11-18T03:05:42.916+0000] {dag.py:3229} INFO - Sync 2 DAGs
[2024-11-18T03:05:42.927+0000] {logging_mixin.py:190} INFO - [2024-11-18T03:05:42.927+0000] {dag.py:4156} INFO - Setting next_dagrun for example_subdag_operator.section-1 to None, run_after=None
[2024-11-18T03:05:42.927+0000] {logging_mixin.py:190} INFO - [2024-11-18T03:05:42.927+0000] {dag.py:4156} INFO - Setting next_dagrun for example_subdag_operator.section-2 to None, run_after=None
[2024-11-18T03:05:42.949+0000] {processor.py:208} INFO - Processing /home/airflow/.local/lib/python3.12/site-packages/airflow/example_dags/example_subdag_operator.py took 0.226 seconds
[2024-11-18T03:06:13.054+0000] {processor.py:186} INFO - Started process (PID=1372) to work on /home/airflow/.local/lib/python3.12/site-packages/airflow/example_dags/example_subdag_operator.py
[2024-11-18T03:06:13.056+0000] {processor.py:914} INFO - Processing file /home/airflow/.local/lib/python3.12/site-packages/airflow/example_dags/example_subdag_operator.py for tasks to queue
[2024-11-18T03:06:13.060+0000] {logging_mixin.py:190} INFO - [2024-11-18T03:06:13.060+0000] {dagbag.py:587} INFO - Filling up the DagBag from /home/airflow/.local/lib/python3.12/site-packages/airflow/example_dags/example_subdag_operator.py
[2024-11-18T03:06:13.091+0000] {processor.py:925} INFO - DAG(s) 'example_subdag_operator.section-1', 'example_subdag_operator.section-2', 'example_subdag_operator' retrieved from /home/airflow/.local/lib/python3.12/site-packages/airflow/example_dags/example_subdag_operator.py
[2024-11-18T03:06:13.105+0000] {logging_mixin.py:190} INFO - [2024-11-18T03:06:13.105+0000] {dag.py:3229} INFO - Sync 3 DAGs
[2024-11-18T03:06:13.130+0000] {logging_mixin.py:190} INFO - [2024-11-18T03:06:13.129+0000] {dag.py:4156} INFO - Setting next_dagrun for example_subdag_operator to 2022-01-01 00:00:00+00:00, run_after=2022-01-01 00:00:00+00:00
[2024-11-18T03:06:13.133+0000] {logging_mixin.py:190} INFO - [2024-11-18T03:06:13.133+0000] {dag.py:4156} INFO - Setting next_dagrun for example_subdag_operator.section-1 to None, run_after=None
[2024-11-18T03:06:13.134+0000] {logging_mixin.py:190} INFO - [2024-11-18T03:06:13.134+0000] {dag.py:4156} INFO - Setting next_dagrun for example_subdag_operator.section-2 to None, run_after=None
[2024-11-18T03:06:13.141+0000] {logging_mixin.py:190} INFO - [2024-11-18T03:06:13.140+0000] {dag.py:3229} INFO - Sync 2 DAGs
[2024-11-18T03:06:13.146+0000] {logging_mixin.py:190} INFO - [2024-11-18T03:06:13.146+0000] {dag.py:4156} INFO - Setting next_dagrun for example_subdag_operator.section-1 to None, run_after=None
[2024-11-18T03:06:13.146+0000] {logging_mixin.py:190} INFO - [2024-11-18T03:06:13.146+0000] {dag.py:4156} INFO - Setting next_dagrun for example_subdag_operator.section-2 to None, run_after=None
[2024-11-18T03:06:13.155+0000] {processor.py:208} INFO - Processing /home/airflow/.local/lib/python3.12/site-packages/airflow/example_dags/example_subdag_operator.py took 0.117 seconds
[2024-11-18T03:06:43.537+0000] {processor.py:186} INFO - Started process (PID=1434) to work on /home/airflow/.local/lib/python3.12/site-packages/airflow/example_dags/example_subdag_operator.py
[2024-11-18T03:06:43.541+0000] {processor.py:914} INFO - Processing file /home/airflow/.local/lib/python3.12/site-packages/airflow/example_dags/example_subdag_operator.py for tasks to queue
[2024-11-18T03:06:43.548+0000] {logging_mixin.py:190} INFO - [2024-11-18T03:06:43.548+0000] {dagbag.py:587} INFO - Filling up the DagBag from /home/airflow/.local/lib/python3.12/site-packages/airflow/example_dags/example_subdag_operator.py
[2024-11-18T03:06:43.659+0000] {processor.py:925} INFO - DAG(s) 'example_subdag_operator.section-1', 'example_subdag_operator.section-2', 'example_subdag_operator' retrieved from /home/airflow/.local/lib/python3.12/site-packages/airflow/example_dags/example_subdag_operator.py
[2024-11-18T03:06:43.727+0000] {logging_mixin.py:190} INFO - [2024-11-18T03:06:43.726+0000] {dag.py:3229} INFO - Sync 3 DAGs
[2024-11-18T03:06:43.814+0000] {logging_mixin.py:190} INFO - [2024-11-18T03:06:43.813+0000] {dag.py:4156} INFO - Setting next_dagrun for example_subdag_operator to 2022-01-01 00:00:00+00:00, run_after=2022-01-01 00:00:00+00:00
[2024-11-18T03:06:43.829+0000] {logging_mixin.py:190} INFO - [2024-11-18T03:06:43.829+0000] {dag.py:4156} INFO - Setting next_dagrun for example_subdag_operator.section-1 to None, run_after=None
[2024-11-18T03:06:43.834+0000] {logging_mixin.py:190} INFO - [2024-11-18T03:06:43.834+0000] {dag.py:4156} INFO - Setting next_dagrun for example_subdag_operator.section-2 to None, run_after=None
[2024-11-18T03:06:43.864+0000] {logging_mixin.py:190} INFO - [2024-11-18T03:06:43.862+0000] {dag.py:3229} INFO - Sync 2 DAGs
[2024-11-18T03:06:43.880+0000] {logging_mixin.py:190} INFO - [2024-11-18T03:06:43.880+0000] {dag.py:4156} INFO - Setting next_dagrun for example_subdag_operator.section-1 to None, run_after=None
[2024-11-18T03:06:43.882+0000] {logging_mixin.py:190} INFO - [2024-11-18T03:06:43.882+0000] {dag.py:4156} INFO - Setting next_dagrun for example_subdag_operator.section-2 to None, run_after=None
[2024-11-18T03:06:43.921+0000] {processor.py:208} INFO - Processing /home/airflow/.local/lib/python3.12/site-packages/airflow/example_dags/example_subdag_operator.py took 0.413 seconds
[2024-11-18T03:07:14.933+0000] {processor.py:186} INFO - Started process (PID=1496) to work on /home/airflow/.local/lib/python3.12/site-packages/airflow/example_dags/example_subdag_operator.py
[2024-11-18T03:07:14.937+0000] {processor.py:914} INFO - Processing file /home/airflow/.local/lib/python3.12/site-packages/airflow/example_dags/example_subdag_operator.py for tasks to queue
[2024-11-18T03:07:14.945+0000] {logging_mixin.py:190} INFO - [2024-11-18T03:07:14.945+0000] {dagbag.py:587} INFO - Filling up the DagBag from /home/airflow/.local/lib/python3.12/site-packages/airflow/example_dags/example_subdag_operator.py
[2024-11-18T03:07:15.046+0000] {processor.py:925} INFO - DAG(s) 'example_subdag_operator.section-1', 'example_subdag_operator.section-2', 'example_subdag_operator' retrieved from /home/airflow/.local/lib/python3.12/site-packages/airflow/example_dags/example_subdag_operator.py
[2024-11-18T03:07:15.114+0000] {logging_mixin.py:190} INFO - [2024-11-18T03:07:15.114+0000] {dag.py:3229} INFO - Sync 3 DAGs
[2024-11-18T03:07:15.212+0000] {logging_mixin.py:190} INFO - [2024-11-18T03:07:15.211+0000] {dag.py:4156} INFO - Setting next_dagrun for example_subdag_operator to 2022-01-01 00:00:00+00:00, run_after=2022-01-01 00:00:00+00:00
[2024-11-18T03:07:15.227+0000] {logging_mixin.py:190} INFO - [2024-11-18T03:07:15.227+0000] {dag.py:4156} INFO - Setting next_dagrun for example_subdag_operator.section-1 to None, run_after=None
[2024-11-18T03:07:15.231+0000] {logging_mixin.py:190} INFO - [2024-11-18T03:07:15.231+0000] {dag.py:4156} INFO - Setting next_dagrun for example_subdag_operator.section-2 to None, run_after=None
[2024-11-18T03:07:15.262+0000] {logging_mixin.py:190} INFO - [2024-11-18T03:07:15.258+0000] {dag.py:3229} INFO - Sync 2 DAGs
[2024-11-18T03:07:15.277+0000] {logging_mixin.py:190} INFO - [2024-11-18T03:07:15.277+0000] {dag.py:4156} INFO - Setting next_dagrun for example_subdag_operator.section-1 to None, run_after=None
[2024-11-18T03:07:15.277+0000] {logging_mixin.py:190} INFO - [2024-11-18T03:07:15.277+0000] {dag.py:4156} INFO - Setting next_dagrun for example_subdag_operator.section-2 to None, run_after=None
[2024-11-18T03:07:15.321+0000] {processor.py:208} INFO - Processing /home/airflow/.local/lib/python3.12/site-packages/airflow/example_dags/example_subdag_operator.py took 0.416 seconds
[2024-11-18T03:07:46.114+0000] {processor.py:186} INFO - Started process (PID=1557) to work on /home/airflow/.local/lib/python3.12/site-packages/airflow/example_dags/example_subdag_operator.py
[2024-11-18T03:07:46.116+0000] {processor.py:914} INFO - Processing file /home/airflow/.local/lib/python3.12/site-packages/airflow/example_dags/example_subdag_operator.py for tasks to queue
[2024-11-18T03:07:46.121+0000] {logging_mixin.py:190} INFO - [2024-11-18T03:07:46.121+0000] {dagbag.py:587} INFO - Filling up the DagBag from /home/airflow/.local/lib/python3.12/site-packages/airflow/example_dags/example_subdag_operator.py
[2024-11-18T03:07:46.171+0000] {processor.py:925} INFO - DAG(s) 'example_subdag_operator.section-1', 'example_subdag_operator.section-2', 'example_subdag_operator' retrieved from /home/airflow/.local/lib/python3.12/site-packages/airflow/example_dags/example_subdag_operator.py
[2024-11-18T03:07:46.199+0000] {logging_mixin.py:190} INFO - [2024-11-18T03:07:46.199+0000] {dag.py:3229} INFO - Sync 3 DAGs
[2024-11-18T03:07:46.245+0000] {logging_mixin.py:190} INFO - [2024-11-18T03:07:46.245+0000] {dag.py:4156} INFO - Setting next_dagrun for example_subdag_operator to 2022-01-01 00:00:00+00:00, run_after=2022-01-01 00:00:00+00:00
[2024-11-18T03:07:46.252+0000] {logging_mixin.py:190} INFO - [2024-11-18T03:07:46.252+0000] {dag.py:4156} INFO - Setting next_dagrun for example_subdag_operator.section-1 to None, run_after=None
[2024-11-18T03:07:46.255+0000] {logging_mixin.py:190} INFO - [2024-11-18T03:07:46.255+0000] {dag.py:4156} INFO - Setting next_dagrun for example_subdag_operator.section-2 to None, run_after=None
[2024-11-18T03:07:46.269+0000] {logging_mixin.py:190} INFO - [2024-11-18T03:07:46.269+0000] {dag.py:3229} INFO - Sync 2 DAGs
[2024-11-18T03:07:46.278+0000] {logging_mixin.py:190} INFO - [2024-11-18T03:07:46.278+0000] {dag.py:4156} INFO - Setting next_dagrun for example_subdag_operator.section-1 to None, run_after=None
[2024-11-18T03:07:46.278+0000] {logging_mixin.py:190} INFO - [2024-11-18T03:07:46.278+0000] {dag.py:4156} INFO - Setting next_dagrun for example_subdag_operator.section-2 to None, run_after=None
[2024-11-18T03:07:46.301+0000] {processor.py:208} INFO - Processing /home/airflow/.local/lib/python3.12/site-packages/airflow/example_dags/example_subdag_operator.py took 0.207 seconds
[2024-11-18T03:08:16.457+0000] {processor.py:186} INFO - Started process (PID=1619) to work on /home/airflow/.local/lib/python3.12/site-packages/airflow/example_dags/example_subdag_operator.py
[2024-11-18T03:08:16.462+0000] {processor.py:914} INFO - Processing file /home/airflow/.local/lib/python3.12/site-packages/airflow/example_dags/example_subdag_operator.py for tasks to queue
[2024-11-18T03:08:16.471+0000] {logging_mixin.py:190} INFO - [2024-11-18T03:08:16.471+0000] {dagbag.py:587} INFO - Filling up the DagBag from /home/airflow/.local/lib/python3.12/site-packages/airflow/example_dags/example_subdag_operator.py
[2024-11-18T03:08:16.526+0000] {processor.py:925} INFO - DAG(s) 'example_subdag_operator.section-1', 'example_subdag_operator.section-2', 'example_subdag_operator' retrieved from /home/airflow/.local/lib/python3.12/site-packages/airflow/example_dags/example_subdag_operator.py
[2024-11-18T03:08:16.557+0000] {logging_mixin.py:190} INFO - [2024-11-18T03:08:16.557+0000] {dag.py:3229} INFO - Sync 3 DAGs
[2024-11-18T03:08:16.599+0000] {logging_mixin.py:190} INFO - [2024-11-18T03:08:16.599+0000] {dag.py:4156} INFO - Setting next_dagrun for example_subdag_operator to 2022-01-01 00:00:00+00:00, run_after=2022-01-01 00:00:00+00:00
[2024-11-18T03:08:16.607+0000] {logging_mixin.py:190} INFO - [2024-11-18T03:08:16.607+0000] {dag.py:4156} INFO - Setting next_dagrun for example_subdag_operator.section-1 to None, run_after=None
[2024-11-18T03:08:16.613+0000] {logging_mixin.py:190} INFO - [2024-11-18T03:08:16.609+0000] {dag.py:4156} INFO - Setting next_dagrun for example_subdag_operator.section-2 to None, run_after=None
[2024-11-18T03:08:16.628+0000] {logging_mixin.py:190} INFO - [2024-11-18T03:08:16.626+0000] {dag.py:3229} INFO - Sync 2 DAGs
[2024-11-18T03:08:16.640+0000] {logging_mixin.py:190} INFO - [2024-11-18T03:08:16.640+0000] {dag.py:4156} INFO - Setting next_dagrun for example_subdag_operator.section-1 to None, run_after=None
[2024-11-18T03:08:16.640+0000] {logging_mixin.py:190} INFO - [2024-11-18T03:08:16.640+0000] {dag.py:4156} INFO - Setting next_dagrun for example_subdag_operator.section-2 to None, run_after=None
[2024-11-18T03:08:16.660+0000] {processor.py:208} INFO - Processing /home/airflow/.local/lib/python3.12/site-packages/airflow/example_dags/example_subdag_operator.py took 0.222 seconds
[2024-11-18T03:08:47.600+0000] {processor.py:186} INFO - Started process (PID=1683) to work on /home/airflow/.local/lib/python3.12/site-packages/airflow/example_dags/example_subdag_operator.py
[2024-11-18T03:08:47.604+0000] {processor.py:914} INFO - Processing file /home/airflow/.local/lib/python3.12/site-packages/airflow/example_dags/example_subdag_operator.py for tasks to queue
[2024-11-18T03:08:47.610+0000] {logging_mixin.py:190} INFO - [2024-11-18T03:08:47.610+0000] {dagbag.py:587} INFO - Filling up the DagBag from /home/airflow/.local/lib/python3.12/site-packages/airflow/example_dags/example_subdag_operator.py
[2024-11-18T03:08:47.659+0000] {processor.py:925} INFO - DAG(s) 'example_subdag_operator.section-1', 'example_subdag_operator.section-2', 'example_subdag_operator' retrieved from /home/airflow/.local/lib/python3.12/site-packages/airflow/example_dags/example_subdag_operator.py
[2024-11-18T03:08:47.688+0000] {logging_mixin.py:190} INFO - [2024-11-18T03:08:47.688+0000] {dag.py:3229} INFO - Sync 3 DAGs
[2024-11-18T03:08:47.731+0000] {logging_mixin.py:190} INFO - [2024-11-18T03:08:47.731+0000] {dag.py:4156} INFO - Setting next_dagrun for example_subdag_operator to 2022-01-01 00:00:00+00:00, run_after=2022-01-01 00:00:00+00:00
[2024-11-18T03:08:47.737+0000] {logging_mixin.py:190} INFO - [2024-11-18T03:08:47.737+0000] {dag.py:4156} INFO - Setting next_dagrun for example_subdag_operator.section-1 to None, run_after=None
[2024-11-18T03:08:47.740+0000] {logging_mixin.py:190} INFO - [2024-11-18T03:08:47.740+0000] {dag.py:4156} INFO - Setting next_dagrun for example_subdag_operator.section-2 to None, run_after=None
[2024-11-18T03:08:47.755+0000] {logging_mixin.py:190} INFO - [2024-11-18T03:08:47.755+0000] {dag.py:3229} INFO - Sync 2 DAGs
[2024-11-18T03:08:47.764+0000] {logging_mixin.py:190} INFO - [2024-11-18T03:08:47.764+0000] {dag.py:4156} INFO - Setting next_dagrun for example_subdag_operator.section-1 to None, run_after=None
[2024-11-18T03:08:47.764+0000] {logging_mixin.py:190} INFO - [2024-11-18T03:08:47.764+0000] {dag.py:4156} INFO - Setting next_dagrun for example_subdag_operator.section-2 to None, run_after=None
[2024-11-18T03:08:47.783+0000] {processor.py:208} INFO - Processing /home/airflow/.local/lib/python3.12/site-packages/airflow/example_dags/example_subdag_operator.py took 0.197 seconds
[2024-11-18T03:09:18.561+0000] {processor.py:186} INFO - Started process (PID=1745) to work on /home/airflow/.local/lib/python3.12/site-packages/airflow/example_dags/example_subdag_operator.py
[2024-11-18T03:09:18.567+0000] {processor.py:914} INFO - Processing file /home/airflow/.local/lib/python3.12/site-packages/airflow/example_dags/example_subdag_operator.py for tasks to queue
[2024-11-18T03:09:18.572+0000] {logging_mixin.py:190} INFO - [2024-11-18T03:09:18.572+0000] {dagbag.py:587} INFO - Filling up the DagBag from /home/airflow/.local/lib/python3.12/site-packages/airflow/example_dags/example_subdag_operator.py
[2024-11-18T03:09:18.624+0000] {processor.py:925} INFO - DAG(s) 'example_subdag_operator.section-1', 'example_subdag_operator.section-2', 'example_subdag_operator' retrieved from /home/airflow/.local/lib/python3.12/site-packages/airflow/example_dags/example_subdag_operator.py
[2024-11-18T03:09:18.653+0000] {logging_mixin.py:190} INFO - [2024-11-18T03:09:18.653+0000] {dag.py:3229} INFO - Sync 3 DAGs
[2024-11-18T03:09:18.696+0000] {logging_mixin.py:190} INFO - [2024-11-18T03:09:18.695+0000] {dag.py:4156} INFO - Setting next_dagrun for example_subdag_operator to 2022-01-01 00:00:00+00:00, run_after=2022-01-01 00:00:00+00:00
[2024-11-18T03:09:18.703+0000] {logging_mixin.py:190} INFO - [2024-11-18T03:09:18.702+0000] {dag.py:4156} INFO - Setting next_dagrun for example_subdag_operator.section-1 to None, run_after=None
[2024-11-18T03:09:18.706+0000] {logging_mixin.py:190} INFO - [2024-11-18T03:09:18.706+0000] {dag.py:4156} INFO - Setting next_dagrun for example_subdag_operator.section-2 to None, run_after=None
[2024-11-18T03:09:18.720+0000] {logging_mixin.py:190} INFO - [2024-11-18T03:09:18.720+0000] {dag.py:3229} INFO - Sync 2 DAGs
[2024-11-18T03:09:18.729+0000] {logging_mixin.py:190} INFO - [2024-11-18T03:09:18.729+0000] {dag.py:4156} INFO - Setting next_dagrun for example_subdag_operator.section-1 to None, run_after=None
[2024-11-18T03:09:18.729+0000] {logging_mixin.py:190} INFO - [2024-11-18T03:09:18.729+0000] {dag.py:4156} INFO - Setting next_dagrun for example_subdag_operator.section-2 to None, run_after=None
[2024-11-18T03:09:18.747+0000] {processor.py:208} INFO - Processing /home/airflow/.local/lib/python3.12/site-packages/airflow/example_dags/example_subdag_operator.py took 0.200 seconds
[2024-11-18T03:09:48.889+0000] {processor.py:186} INFO - Started process (PID=1808) to work on /home/airflow/.local/lib/python3.12/site-packages/airflow/example_dags/example_subdag_operator.py
[2024-11-18T03:09:48.892+0000] {processor.py:914} INFO - Processing file /home/airflow/.local/lib/python3.12/site-packages/airflow/example_dags/example_subdag_operator.py for tasks to queue
[2024-11-18T03:09:48.898+0000] {logging_mixin.py:190} INFO - [2024-11-18T03:09:48.898+0000] {dagbag.py:587} INFO - Filling up the DagBag from /home/airflow/.local/lib/python3.12/site-packages/airflow/example_dags/example_subdag_operator.py
[2024-11-18T03:09:48.948+0000] {processor.py:925} INFO - DAG(s) 'example_subdag_operator.section-1', 'example_subdag_operator.section-2', 'example_subdag_operator' retrieved from /home/airflow/.local/lib/python3.12/site-packages/airflow/example_dags/example_subdag_operator.py
[2024-11-18T03:09:48.976+0000] {logging_mixin.py:190} INFO - [2024-11-18T03:09:48.976+0000] {dag.py:3229} INFO - Sync 3 DAGs
[2024-11-18T03:09:49.016+0000] {logging_mixin.py:190} INFO - [2024-11-18T03:09:49.016+0000] {dag.py:4156} INFO - Setting next_dagrun for example_subdag_operator to 2022-01-01 00:00:00+00:00, run_after=2022-01-01 00:00:00+00:00
[2024-11-18T03:09:49.022+0000] {logging_mixin.py:190} INFO - [2024-11-18T03:09:49.022+0000] {dag.py:4156} INFO - Setting next_dagrun for example_subdag_operator.section-1 to None, run_after=None
[2024-11-18T03:09:49.024+0000] {logging_mixin.py:190} INFO - [2024-11-18T03:09:49.024+0000] {dag.py:4156} INFO - Setting next_dagrun for example_subdag_operator.section-2 to None, run_after=None
[2024-11-18T03:09:49.037+0000] {logging_mixin.py:190} INFO - [2024-11-18T03:09:49.037+0000] {dag.py:3229} INFO - Sync 2 DAGs
[2024-11-18T03:09:49.047+0000] {logging_mixin.py:190} INFO - [2024-11-18T03:09:49.047+0000] {dag.py:4156} INFO - Setting next_dagrun for example_subdag_operator.section-1 to None, run_after=None
[2024-11-18T03:09:49.047+0000] {logging_mixin.py:190} INFO - [2024-11-18T03:09:49.047+0000] {dag.py:4156} INFO - Setting next_dagrun for example_subdag_operator.section-2 to None, run_after=None
[2024-11-18T03:09:49.064+0000] {processor.py:208} INFO - Processing /home/airflow/.local/lib/python3.12/site-packages/airflow/example_dags/example_subdag_operator.py took 0.191 seconds
[2024-11-18T03:10:19.143+0000] {processor.py:186} INFO - Started process (PID=1871) to work on /home/airflow/.local/lib/python3.12/site-packages/airflow/example_dags/example_subdag_operator.py
[2024-11-18T03:10:19.146+0000] {processor.py:914} INFO - Processing file /home/airflow/.local/lib/python3.12/site-packages/airflow/example_dags/example_subdag_operator.py for tasks to queue
[2024-11-18T03:10:19.150+0000] {logging_mixin.py:190} INFO - [2024-11-18T03:10:19.150+0000] {dagbag.py:587} INFO - Filling up the DagBag from /home/airflow/.local/lib/python3.12/site-packages/airflow/example_dags/example_subdag_operator.py
[2024-11-18T03:10:19.212+0000] {processor.py:925} INFO - DAG(s) 'example_subdag_operator.section-1', 'example_subdag_operator.section-2', 'example_subdag_operator' retrieved from /home/airflow/.local/lib/python3.12/site-packages/airflow/example_dags/example_subdag_operator.py
[2024-11-18T03:10:19.242+0000] {logging_mixin.py:190} INFO - [2024-11-18T03:10:19.242+0000] {dag.py:3229} INFO - Sync 3 DAGs
[2024-11-18T03:10:19.284+0000] {logging_mixin.py:190} INFO - [2024-11-18T03:10:19.284+0000] {dag.py:4156} INFO - Setting next_dagrun for example_subdag_operator to 2022-01-01 00:00:00+00:00, run_after=2022-01-01 00:00:00+00:00
[2024-11-18T03:10:19.295+0000] {logging_mixin.py:190} INFO - [2024-11-18T03:10:19.295+0000] {dag.py:4156} INFO - Setting next_dagrun for example_subdag_operator.section-1 to None, run_after=None
[2024-11-18T03:10:19.299+0000] {logging_mixin.py:190} INFO - [2024-11-18T03:10:19.299+0000] {dag.py:4156} INFO - Setting next_dagrun for example_subdag_operator.section-2 to None, run_after=None
[2024-11-18T03:10:19.311+0000] {logging_mixin.py:190} INFO - [2024-11-18T03:10:19.311+0000] {dag.py:3229} INFO - Sync 2 DAGs
[2024-11-18T03:10:19.320+0000] {logging_mixin.py:190} INFO - [2024-11-18T03:10:19.320+0000] {dag.py:4156} INFO - Setting next_dagrun for example_subdag_operator.section-1 to None, run_after=None
[2024-11-18T03:10:19.321+0000] {logging_mixin.py:190} INFO - [2024-11-18T03:10:19.321+0000] {dag.py:4156} INFO - Setting next_dagrun for example_subdag_operator.section-2 to None, run_after=None
[2024-11-18T03:10:19.341+0000] {processor.py:208} INFO - Processing /home/airflow/.local/lib/python3.12/site-packages/airflow/example_dags/example_subdag_operator.py took 0.210 seconds
[2024-11-18T03:10:52.177+0000] {processor.py:186} INFO - Started process (PID=1933) to work on /home/airflow/.local/lib/python3.12/site-packages/airflow/example_dags/example_subdag_operator.py
[2024-11-18T03:10:52.186+0000] {processor.py:914} INFO - Processing file /home/airflow/.local/lib/python3.12/site-packages/airflow/example_dags/example_subdag_operator.py for tasks to queue
[2024-11-18T03:10:52.210+0000] {logging_mixin.py:190} INFO - [2024-11-18T03:10:52.204+0000] {dagbag.py:587} INFO - Filling up the DagBag from /home/airflow/.local/lib/python3.12/site-packages/airflow/example_dags/example_subdag_operator.py
[2024-11-18T03:10:52.610+0000] {processor.py:925} INFO - DAG(s) 'example_subdag_operator.section-1', 'example_subdag_operator.section-2', 'example_subdag_operator' retrieved from /home/airflow/.local/lib/python3.12/site-packages/airflow/example_dags/example_subdag_operator.py
[2024-11-18T03:10:52.762+0000] {logging_mixin.py:190} INFO - [2024-11-18T03:10:52.762+0000] {dag.py:3229} INFO - Sync 3 DAGs
[2024-11-18T03:10:52.973+0000] {logging_mixin.py:190} INFO - [2024-11-18T03:10:52.973+0000] {dag.py:4156} INFO - Setting next_dagrun for example_subdag_operator to 2022-01-01 00:00:00+00:00, run_after=2022-01-01 00:00:00+00:00
[2024-11-18T03:10:52.993+0000] {logging_mixin.py:190} INFO - [2024-11-18T03:10:52.993+0000] {dag.py:4156} INFO - Setting next_dagrun for example_subdag_operator.section-1 to None, run_after=None
[2024-11-18T03:10:53.006+0000] {logging_mixin.py:190} INFO - [2024-11-18T03:10:53.006+0000] {dag.py:4156} INFO - Setting next_dagrun for example_subdag_operator.section-2 to None, run_after=None
[2024-11-18T03:10:53.119+0000] {logging_mixin.py:190} INFO - [2024-11-18T03:10:53.119+0000] {dag.py:3229} INFO - Sync 2 DAGs
[2024-11-18T03:10:53.154+0000] {logging_mixin.py:190} INFO - [2024-11-18T03:10:53.153+0000] {dag.py:4156} INFO - Setting next_dagrun for example_subdag_operator.section-1 to None, run_after=None
[2024-11-18T03:10:53.164+0000] {logging_mixin.py:190} INFO - [2024-11-18T03:10:53.164+0000] {dag.py:4156} INFO - Setting next_dagrun for example_subdag_operator.section-2 to None, run_after=None
[2024-11-18T03:10:53.273+0000] {processor.py:208} INFO - Processing /home/airflow/.local/lib/python3.12/site-packages/airflow/example_dags/example_subdag_operator.py took 1.219 seconds
[2024-11-18T03:11:25.084+0000] {processor.py:186} INFO - Started process (PID=2001) to work on /home/airflow/.local/lib/python3.12/site-packages/airflow/example_dags/example_subdag_operator.py
[2024-11-18T03:11:25.090+0000] {processor.py:914} INFO - Processing file /home/airflow/.local/lib/python3.12/site-packages/airflow/example_dags/example_subdag_operator.py for tasks to queue
[2024-11-18T03:11:25.106+0000] {logging_mixin.py:190} INFO - [2024-11-18T03:11:25.102+0000] {dagbag.py:587} INFO - Filling up the DagBag from /home/airflow/.local/lib/python3.12/site-packages/airflow/example_dags/example_subdag_operator.py
[2024-11-18T03:11:25.311+0000] {processor.py:925} INFO - DAG(s) 'example_subdag_operator.section-1', 'example_subdag_operator.section-2', 'example_subdag_operator' retrieved from /home/airflow/.local/lib/python3.12/site-packages/airflow/example_dags/example_subdag_operator.py
[2024-11-18T03:11:25.479+0000] {logging_mixin.py:190} INFO - [2024-11-18T03:11:25.464+0000] {dag.py:3229} INFO - Sync 3 DAGs
[2024-11-18T03:11:25.614+0000] {logging_mixin.py:190} INFO - [2024-11-18T03:11:25.614+0000] {dag.py:4156} INFO - Setting next_dagrun for example_subdag_operator to 2022-01-01 00:00:00+00:00, run_after=2022-01-01 00:00:00+00:00
[2024-11-18T03:11:25.693+0000] {logging_mixin.py:190} INFO - [2024-11-18T03:11:25.693+0000] {dag.py:4156} INFO - Setting next_dagrun for example_subdag_operator.section-1 to None, run_after=None
[2024-11-18T03:11:25.703+0000] {logging_mixin.py:190} INFO - [2024-11-18T03:11:25.703+0000] {dag.py:4156} INFO - Setting next_dagrun for example_subdag_operator.section-2 to None, run_after=None
[2024-11-18T03:11:25.773+0000] {logging_mixin.py:190} INFO - [2024-11-18T03:11:25.766+0000] {dag.py:3229} INFO - Sync 2 DAGs
[2024-11-18T03:11:25.836+0000] {logging_mixin.py:190} INFO - [2024-11-18T03:11:25.833+0000] {dag.py:4156} INFO - Setting next_dagrun for example_subdag_operator.section-1 to None, run_after=None
[2024-11-18T03:11:25.836+0000] {logging_mixin.py:190} INFO - [2024-11-18T03:11:25.836+0000] {dag.py:4156} INFO - Setting next_dagrun for example_subdag_operator.section-2 to None, run_after=None
[2024-11-18T03:11:25.913+0000] {processor.py:208} INFO - Processing /home/airflow/.local/lib/python3.12/site-packages/airflow/example_dags/example_subdag_operator.py took 0.895 seconds
[2024-11-18T03:11:56.324+0000] {processor.py:186} INFO - Started process (PID=2063) to work on /home/airflow/.local/lib/python3.12/site-packages/airflow/example_dags/example_subdag_operator.py
[2024-11-18T03:11:56.325+0000] {processor.py:914} INFO - Processing file /home/airflow/.local/lib/python3.12/site-packages/airflow/example_dags/example_subdag_operator.py for tasks to queue
[2024-11-18T03:11:56.328+0000] {logging_mixin.py:190} INFO - [2024-11-18T03:11:56.328+0000] {dagbag.py:587} INFO - Filling up the DagBag from /home/airflow/.local/lib/python3.12/site-packages/airflow/example_dags/example_subdag_operator.py
[2024-11-18T03:11:56.456+0000] {processor.py:925} INFO - DAG(s) 'example_subdag_operator.section-1', 'example_subdag_operator.section-2', 'example_subdag_operator' retrieved from /home/airflow/.local/lib/python3.12/site-packages/airflow/example_dags/example_subdag_operator.py
[2024-11-18T03:11:56.573+0000] {logging_mixin.py:190} INFO - [2024-11-18T03:11:56.573+0000] {dag.py:3229} INFO - Sync 3 DAGs
[2024-11-18T03:11:56.685+0000] {logging_mixin.py:190} INFO - [2024-11-18T03:11:56.682+0000] {dag.py:4156} INFO - Setting next_dagrun for example_subdag_operator to 2022-01-01 00:00:00+00:00, run_after=2022-01-01 00:00:00+00:00
[2024-11-18T03:11:56.701+0000] {logging_mixin.py:190} INFO - [2024-11-18T03:11:56.698+0000] {dag.py:4156} INFO - Setting next_dagrun for example_subdag_operator.section-1 to None, run_after=None
[2024-11-18T03:11:56.705+0000] {logging_mixin.py:190} INFO - [2024-11-18T03:11:56.705+0000] {dag.py:4156} INFO - Setting next_dagrun for example_subdag_operator.section-2 to None, run_after=None
[2024-11-18T03:11:56.736+0000] {logging_mixin.py:190} INFO - [2024-11-18T03:11:56.736+0000] {dag.py:3229} INFO - Sync 2 DAGs
[2024-11-18T03:11:56.767+0000] {logging_mixin.py:190} INFO - [2024-11-18T03:11:56.767+0000] {dag.py:4156} INFO - Setting next_dagrun for example_subdag_operator.section-1 to None, run_after=None
[2024-11-18T03:11:56.769+0000] {logging_mixin.py:190} INFO - [2024-11-18T03:11:56.769+0000] {dag.py:4156} INFO - Setting next_dagrun for example_subdag_operator.section-2 to None, run_after=None
[2024-11-18T03:11:56.797+0000] {processor.py:208} INFO - Processing /home/airflow/.local/lib/python3.12/site-packages/airflow/example_dags/example_subdag_operator.py took 0.483 seconds
[2024-11-18T03:12:27.326+0000] {processor.py:186} INFO - Started process (PID=2125) to work on /home/airflow/.local/lib/python3.12/site-packages/airflow/example_dags/example_subdag_operator.py
[2024-11-18T03:12:27.344+0000] {processor.py:914} INFO - Processing file /home/airflow/.local/lib/python3.12/site-packages/airflow/example_dags/example_subdag_operator.py for tasks to queue
[2024-11-18T03:12:27.390+0000] {logging_mixin.py:190} INFO - [2024-11-18T03:12:27.390+0000] {dagbag.py:587} INFO - Filling up the DagBag from /home/airflow/.local/lib/python3.12/site-packages/airflow/example_dags/example_subdag_operator.py
[2024-11-18T03:12:27.532+0000] {processor.py:925} INFO - DAG(s) 'example_subdag_operator.section-1', 'example_subdag_operator.section-2', 'example_subdag_operator' retrieved from /home/airflow/.local/lib/python3.12/site-packages/airflow/example_dags/example_subdag_operator.py
[2024-11-18T03:12:27.571+0000] {logging_mixin.py:190} INFO - [2024-11-18T03:12:27.571+0000] {dag.py:3229} INFO - Sync 3 DAGs
[2024-11-18T03:12:27.707+0000] {logging_mixin.py:190} INFO - [2024-11-18T03:12:27.706+0000] {dag.py:4156} INFO - Setting next_dagrun for example_subdag_operator to 2022-01-01 00:00:00+00:00, run_after=2022-01-01 00:00:00+00:00
[2024-11-18T03:12:27.722+0000] {logging_mixin.py:190} INFO - [2024-11-18T03:12:27.721+0000] {dag.py:4156} INFO - Setting next_dagrun for example_subdag_operator.section-1 to None, run_after=None
[2024-11-18T03:12:27.724+0000] {logging_mixin.py:190} INFO - [2024-11-18T03:12:27.724+0000] {dag.py:4156} INFO - Setting next_dagrun for example_subdag_operator.section-2 to None, run_after=None
[2024-11-18T03:12:27.757+0000] {logging_mixin.py:190} INFO - [2024-11-18T03:12:27.754+0000] {dag.py:3229} INFO - Sync 2 DAGs
[2024-11-18T03:12:27.793+0000] {logging_mixin.py:190} INFO - [2024-11-18T03:12:27.793+0000] {dag.py:4156} INFO - Setting next_dagrun for example_subdag_operator.section-1 to None, run_after=None
[2024-11-18T03:12:27.797+0000] {logging_mixin.py:190} INFO - [2024-11-18T03:12:27.797+0000] {dag.py:4156} INFO - Setting next_dagrun for example_subdag_operator.section-2 to None, run_after=None
[2024-11-18T03:12:27.847+0000] {processor.py:208} INFO - Processing /home/airflow/.local/lib/python3.12/site-packages/airflow/example_dags/example_subdag_operator.py took 0.593 seconds
[2024-11-18T03:12:58.739+0000] {processor.py:186} INFO - Started process (PID=2187) to work on /home/airflow/.local/lib/python3.12/site-packages/airflow/example_dags/example_subdag_operator.py
[2024-11-18T03:12:58.762+0000] {processor.py:914} INFO - Processing file /home/airflow/.local/lib/python3.12/site-packages/airflow/example_dags/example_subdag_operator.py for tasks to queue
[2024-11-18T03:12:58.778+0000] {logging_mixin.py:190} INFO - [2024-11-18T03:12:58.778+0000] {dagbag.py:587} INFO - Filling up the DagBag from /home/airflow/.local/lib/python3.12/site-packages/airflow/example_dags/example_subdag_operator.py
[2024-11-18T03:12:58.904+0000] {processor.py:925} INFO - DAG(s) 'example_subdag_operator.section-1', 'example_subdag_operator.section-2', 'example_subdag_operator' retrieved from /home/airflow/.local/lib/python3.12/site-packages/airflow/example_dags/example_subdag_operator.py
[2024-11-18T03:12:58.947+0000] {logging_mixin.py:190} INFO - [2024-11-18T03:12:58.946+0000] {dag.py:3229} INFO - Sync 3 DAGs
[2024-11-18T03:12:59.123+0000] {logging_mixin.py:190} INFO - [2024-11-18T03:12:59.122+0000] {dag.py:4156} INFO - Setting next_dagrun for example_subdag_operator to 2022-01-01 00:00:00+00:00, run_after=2022-01-01 00:00:00+00:00
[2024-11-18T03:12:59.153+0000] {logging_mixin.py:190} INFO - [2024-11-18T03:12:59.150+0000] {dag.py:4156} INFO - Setting next_dagrun for example_subdag_operator.section-1 to None, run_after=None
[2024-11-18T03:12:59.160+0000] {logging_mixin.py:190} INFO - [2024-11-18T03:12:59.160+0000] {dag.py:4156} INFO - Setting next_dagrun for example_subdag_operator.section-2 to None, run_after=None
[2024-11-18T03:12:59.223+0000] {logging_mixin.py:190} INFO - [2024-11-18T03:12:59.223+0000] {dag.py:3229} INFO - Sync 2 DAGs
[2024-11-18T03:12:59.237+0000] {logging_mixin.py:190} INFO - [2024-11-18T03:12:59.237+0000] {dag.py:4156} INFO - Setting next_dagrun for example_subdag_operator.section-1 to None, run_after=None
[2024-11-18T03:12:59.237+0000] {logging_mixin.py:190} INFO - [2024-11-18T03:12:59.237+0000] {dag.py:4156} INFO - Setting next_dagrun for example_subdag_operator.section-2 to None, run_after=None
[2024-11-18T03:12:59.265+0000] {processor.py:208} INFO - Processing /home/airflow/.local/lib/python3.12/site-packages/airflow/example_dags/example_subdag_operator.py took 0.582 seconds
[2024-11-18T03:13:30.255+0000] {processor.py:186} INFO - Started process (PID=2249) to work on /home/airflow/.local/lib/python3.12/site-packages/airflow/example_dags/example_subdag_operator.py
[2024-11-18T03:13:30.266+0000] {processor.py:914} INFO - Processing file /home/airflow/.local/lib/python3.12/site-packages/airflow/example_dags/example_subdag_operator.py for tasks to queue
[2024-11-18T03:13:30.306+0000] {logging_mixin.py:190} INFO - [2024-11-18T03:13:30.300+0000] {dagbag.py:587} INFO - Filling up the DagBag from /home/airflow/.local/lib/python3.12/site-packages/airflow/example_dags/example_subdag_operator.py
[2024-11-18T03:13:30.546+0000] {processor.py:925} INFO - DAG(s) 'example_subdag_operator.section-1', 'example_subdag_operator.section-2', 'example_subdag_operator' retrieved from /home/airflow/.local/lib/python3.12/site-packages/airflow/example_dags/example_subdag_operator.py
[2024-11-18T03:13:30.729+0000] {logging_mixin.py:190} INFO - [2024-11-18T03:13:30.729+0000] {dag.py:3229} INFO - Sync 3 DAGs
[2024-11-18T03:13:31.100+0000] {logging_mixin.py:190} INFO - [2024-11-18T03:13:31.099+0000] {dag.py:4156} INFO - Setting next_dagrun for example_subdag_operator to 2022-01-01 00:00:00+00:00, run_after=2022-01-01 00:00:00+00:00
[2024-11-18T03:13:31.117+0000] {logging_mixin.py:190} INFO - [2024-11-18T03:13:31.117+0000] {dag.py:4156} INFO - Setting next_dagrun for example_subdag_operator.section-1 to None, run_after=None
[2024-11-18T03:13:31.126+0000] {logging_mixin.py:190} INFO - [2024-11-18T03:13:31.123+0000] {dag.py:4156} INFO - Setting next_dagrun for example_subdag_operator.section-2 to None, run_after=None
[2024-11-18T03:13:31.158+0000] {logging_mixin.py:190} INFO - [2024-11-18T03:13:31.158+0000] {dag.py:3229} INFO - Sync 2 DAGs
[2024-11-18T03:13:31.169+0000] {logging_mixin.py:190} INFO - [2024-11-18T03:13:31.169+0000] {dag.py:4156} INFO - Setting next_dagrun for example_subdag_operator.section-1 to None, run_after=None
[2024-11-18T03:13:31.170+0000] {logging_mixin.py:190} INFO - [2024-11-18T03:13:31.170+0000] {dag.py:4156} INFO - Setting next_dagrun for example_subdag_operator.section-2 to None, run_after=None
[2024-11-18T03:13:31.246+0000] {processor.py:208} INFO - Processing /home/airflow/.local/lib/python3.12/site-packages/airflow/example_dags/example_subdag_operator.py took 1.102 seconds
[2024-11-18T03:14:01.968+0000] {processor.py:186} INFO - Started process (PID=2312) to work on /home/airflow/.local/lib/python3.12/site-packages/airflow/example_dags/example_subdag_operator.py
[2024-11-18T03:14:01.972+0000] {processor.py:914} INFO - Processing file /home/airflow/.local/lib/python3.12/site-packages/airflow/example_dags/example_subdag_operator.py for tasks to queue
[2024-11-18T03:14:01.980+0000] {logging_mixin.py:190} INFO - [2024-11-18T03:14:01.978+0000] {dagbag.py:587} INFO - Filling up the DagBag from /home/airflow/.local/lib/python3.12/site-packages/airflow/example_dags/example_subdag_operator.py
[2024-11-18T03:14:02.476+0000] {processor.py:925} INFO - DAG(s) 'example_subdag_operator.section-1', 'example_subdag_operator.section-2', 'example_subdag_operator' retrieved from /home/airflow/.local/lib/python3.12/site-packages/airflow/example_dags/example_subdag_operator.py
[2024-11-18T03:14:02.622+0000] {logging_mixin.py:190} INFO - [2024-11-18T03:14:02.622+0000] {dag.py:3229} INFO - Sync 3 DAGs
[2024-11-18T03:14:02.764+0000] {logging_mixin.py:190} INFO - [2024-11-18T03:14:02.761+0000] {dag.py:4156} INFO - Setting next_dagrun for example_subdag_operator to 2022-01-01 00:00:00+00:00, run_after=2022-01-01 00:00:00+00:00
[2024-11-18T03:14:02.777+0000] {logging_mixin.py:190} INFO - [2024-11-18T03:14:02.777+0000] {dag.py:4156} INFO - Setting next_dagrun for example_subdag_operator.section-1 to None, run_after=None
[2024-11-18T03:14:02.791+0000] {logging_mixin.py:190} INFO - [2024-11-18T03:14:02.786+0000] {dag.py:4156} INFO - Setting next_dagrun for example_subdag_operator.section-2 to None, run_after=None
[2024-11-18T03:14:02.829+0000] {logging_mixin.py:190} INFO - [2024-11-18T03:14:02.821+0000] {dag.py:3229} INFO - Sync 2 DAGs
[2024-11-18T03:14:02.907+0000] {logging_mixin.py:190} INFO - [2024-11-18T03:14:02.903+0000] {dag.py:4156} INFO - Setting next_dagrun for example_subdag_operator.section-1 to None, run_after=None
[2024-11-18T03:14:02.917+0000] {logging_mixin.py:190} INFO - [2024-11-18T03:14:02.907+0000] {dag.py:4156} INFO - Setting next_dagrun for example_subdag_operator.section-2 to None, run_after=None
[2024-11-18T03:14:02.985+0000] {processor.py:208} INFO - Processing /home/airflow/.local/lib/python3.12/site-packages/airflow/example_dags/example_subdag_operator.py took 1.039 seconds
[2024-11-18T03:14:33.763+0000] {processor.py:186} INFO - Started process (PID=2371) to work on /home/airflow/.local/lib/python3.12/site-packages/airflow/example_dags/example_subdag_operator.py
[2024-11-18T03:14:33.764+0000] {processor.py:914} INFO - Processing file /home/airflow/.local/lib/python3.12/site-packages/airflow/example_dags/example_subdag_operator.py for tasks to queue
[2024-11-18T03:14:33.772+0000] {logging_mixin.py:190} INFO - [2024-11-18T03:14:33.772+0000] {dagbag.py:587} INFO - Filling up the DagBag from /home/airflow/.local/lib/python3.12/site-packages/airflow/example_dags/example_subdag_operator.py
[2024-11-18T03:14:33.947+0000] {processor.py:925} INFO - DAG(s) 'example_subdag_operator.section-1', 'example_subdag_operator.section-2', 'example_subdag_operator' retrieved from /home/airflow/.local/lib/python3.12/site-packages/airflow/example_dags/example_subdag_operator.py
[2024-11-18T03:14:34.021+0000] {logging_mixin.py:190} INFO - [2024-11-18T03:14:34.020+0000] {dag.py:3229} INFO - Sync 3 DAGs
[2024-11-18T03:14:34.067+0000] {logging_mixin.py:190} INFO - [2024-11-18T03:14:34.067+0000] {dag.py:4156} INFO - Setting next_dagrun for example_subdag_operator to 2022-01-01 00:00:00+00:00, run_after=2022-01-01 00:00:00+00:00
[2024-11-18T03:14:34.071+0000] {logging_mixin.py:190} INFO - [2024-11-18T03:14:34.071+0000] {dag.py:4156} INFO - Setting next_dagrun for example_subdag_operator.section-1 to None, run_after=None
[2024-11-18T03:14:34.072+0000] {logging_mixin.py:190} INFO - [2024-11-18T03:14:34.072+0000] {dag.py:4156} INFO - Setting next_dagrun for example_subdag_operator.section-2 to None, run_after=None
[2024-11-18T03:14:34.080+0000] {logging_mixin.py:190} INFO - [2024-11-18T03:14:34.080+0000] {dag.py:3229} INFO - Sync 2 DAGs
[2024-11-18T03:14:34.085+0000] {logging_mixin.py:190} INFO - [2024-11-18T03:14:34.085+0000] {dag.py:4156} INFO - Setting next_dagrun for example_subdag_operator.section-1 to None, run_after=None
[2024-11-18T03:14:34.087+0000] {logging_mixin.py:190} INFO - [2024-11-18T03:14:34.085+0000] {dag.py:4156} INFO - Setting next_dagrun for example_subdag_operator.section-2 to None, run_after=None
[2024-11-18T03:14:34.110+0000] {processor.py:208} INFO - Processing /home/airflow/.local/lib/python3.12/site-packages/airflow/example_dags/example_subdag_operator.py took 0.354 seconds
[2024-11-18T03:15:08.066+0000] {processor.py:186} INFO - Started process (PID=2430) to work on /home/airflow/.local/lib/python3.12/site-packages/airflow/example_dags/example_subdag_operator.py
[2024-11-18T03:15:08.069+0000] {processor.py:914} INFO - Processing file /home/airflow/.local/lib/python3.12/site-packages/airflow/example_dags/example_subdag_operator.py for tasks to queue
[2024-11-18T03:15:08.078+0000] {logging_mixin.py:190} INFO - [2024-11-18T03:15:08.076+0000] {dagbag.py:587} INFO - Filling up the DagBag from /home/airflow/.local/lib/python3.12/site-packages/airflow/example_dags/example_subdag_operator.py
[2024-11-18T03:15:08.175+0000] {processor.py:925} INFO - DAG(s) 'example_subdag_operator.section-1', 'example_subdag_operator.section-2', 'example_subdag_operator' retrieved from /home/airflow/.local/lib/python3.12/site-packages/airflow/example_dags/example_subdag_operator.py
[2024-11-18T03:15:08.205+0000] {logging_mixin.py:190} INFO - [2024-11-18T03:15:08.195+0000] {dag.py:3229} INFO - Sync 3 DAGs
[2024-11-18T03:15:08.391+0000] {logging_mixin.py:190} INFO - [2024-11-18T03:15:08.388+0000] {dag.py:4156} INFO - Setting next_dagrun for example_subdag_operator to 2022-01-01 00:00:00+00:00, run_after=2022-01-01 00:00:00+00:00
[2024-11-18T03:15:08.437+0000] {logging_mixin.py:190} INFO - [2024-11-18T03:15:08.429+0000] {dag.py:4156} INFO - Setting next_dagrun for example_subdag_operator.section-1 to None, run_after=None
[2024-11-18T03:15:08.441+0000] {logging_mixin.py:190} INFO - [2024-11-18T03:15:08.441+0000] {dag.py:4156} INFO - Setting next_dagrun for example_subdag_operator.section-2 to None, run_after=None
[2024-11-18T03:15:08.464+0000] {logging_mixin.py:190} INFO - [2024-11-18T03:15:08.459+0000] {dag.py:3229} INFO - Sync 2 DAGs
[2024-11-18T03:15:08.488+0000] {logging_mixin.py:190} INFO - [2024-11-18T03:15:08.488+0000] {dag.py:4156} INFO - Setting next_dagrun for example_subdag_operator.section-1 to None, run_after=None
[2024-11-18T03:15:08.488+0000] {logging_mixin.py:190} INFO - [2024-11-18T03:15:08.488+0000] {dag.py:4156} INFO - Setting next_dagrun for example_subdag_operator.section-2 to None, run_after=None
[2024-11-18T03:15:08.525+0000] {processor.py:208} INFO - Processing /home/airflow/.local/lib/python3.12/site-packages/airflow/example_dags/example_subdag_operator.py took 0.475 seconds
[2024-11-18T03:15:39.016+0000] {processor.py:186} INFO - Started process (PID=2491) to work on /home/airflow/.local/lib/python3.12/site-packages/airflow/example_dags/example_subdag_operator.py
[2024-11-18T03:15:39.019+0000] {processor.py:914} INFO - Processing file /home/airflow/.local/lib/python3.12/site-packages/airflow/example_dags/example_subdag_operator.py for tasks to queue
[2024-11-18T03:15:39.039+0000] {logging_mixin.py:190} INFO - [2024-11-18T03:15:39.035+0000] {dagbag.py:587} INFO - Filling up the DagBag from /home/airflow/.local/lib/python3.12/site-packages/airflow/example_dags/example_subdag_operator.py
[2024-11-18T03:15:39.354+0000] {processor.py:925} INFO - DAG(s) 'example_subdag_operator.section-1', 'example_subdag_operator.section-2', 'example_subdag_operator' retrieved from /home/airflow/.local/lib/python3.12/site-packages/airflow/example_dags/example_subdag_operator.py
[2024-11-18T03:15:39.444+0000] {logging_mixin.py:190} INFO - [2024-11-18T03:15:39.444+0000] {dag.py:3229} INFO - Sync 3 DAGs
[2024-11-18T03:15:39.681+0000] {logging_mixin.py:190} INFO - [2024-11-18T03:15:39.681+0000] {dag.py:4156} INFO - Setting next_dagrun for example_subdag_operator to 2022-01-01 00:00:00+00:00, run_after=2022-01-01 00:00:00+00:00
[2024-11-18T03:15:39.702+0000] {logging_mixin.py:190} INFO - [2024-11-18T03:15:39.702+0000] {dag.py:4156} INFO - Setting next_dagrun for example_subdag_operator.section-1 to None, run_after=None
[2024-11-18T03:15:39.709+0000] {logging_mixin.py:190} INFO - [2024-11-18T03:15:39.709+0000] {dag.py:4156} INFO - Setting next_dagrun for example_subdag_operator.section-2 to None, run_after=None
[2024-11-18T03:15:39.773+0000] {logging_mixin.py:190} INFO - [2024-11-18T03:15:39.773+0000] {dag.py:3229} INFO - Sync 2 DAGs
[2024-11-18T03:15:39.827+0000] {logging_mixin.py:190} INFO - [2024-11-18T03:15:39.827+0000] {dag.py:4156} INFO - Setting next_dagrun for example_subdag_operator.section-1 to None, run_after=None
[2024-11-18T03:15:39.827+0000] {logging_mixin.py:190} INFO - [2024-11-18T03:15:39.827+0000] {dag.py:4156} INFO - Setting next_dagrun for example_subdag_operator.section-2 to None, run_after=None
[2024-11-18T03:15:39.993+0000] {processor.py:208} INFO - Processing /home/airflow/.local/lib/python3.12/site-packages/airflow/example_dags/example_subdag_operator.py took 1.056 seconds
[2024-11-18T03:16:12.360+0000] {processor.py:186} INFO - Started process (PID=2552) to work on /home/airflow/.local/lib/python3.12/site-packages/airflow/example_dags/example_subdag_operator.py
[2024-11-18T03:16:12.361+0000] {processor.py:914} INFO - Processing file /home/airflow/.local/lib/python3.12/site-packages/airflow/example_dags/example_subdag_operator.py for tasks to queue
[2024-11-18T03:16:12.364+0000] {logging_mixin.py:190} INFO - [2024-11-18T03:16:12.363+0000] {dagbag.py:587} INFO - Filling up the DagBag from /home/airflow/.local/lib/python3.12/site-packages/airflow/example_dags/example_subdag_operator.py
[2024-11-18T03:16:12.396+0000] {processor.py:925} INFO - DAG(s) 'example_subdag_operator.section-1', 'example_subdag_operator.section-2', 'example_subdag_operator' retrieved from /home/airflow/.local/lib/python3.12/site-packages/airflow/example_dags/example_subdag_operator.py
[2024-11-18T03:16:12.414+0000] {logging_mixin.py:190} INFO - [2024-11-18T03:16:12.414+0000] {dag.py:3229} INFO - Sync 3 DAGs
[2024-11-18T03:16:12.570+0000] {logging_mixin.py:190} INFO - [2024-11-18T03:16:12.568+0000] {dag.py:4156} INFO - Setting next_dagrun for example_subdag_operator to 2022-01-01 00:00:00+00:00, run_after=2022-01-01 00:00:00+00:00
[2024-11-18T03:16:12.579+0000] {logging_mixin.py:190} INFO - [2024-11-18T03:16:12.579+0000] {dag.py:4156} INFO - Setting next_dagrun for example_subdag_operator.section-1 to None, run_after=None
[2024-11-18T03:16:12.581+0000] {logging_mixin.py:190} INFO - [2024-11-18T03:16:12.581+0000] {dag.py:4156} INFO - Setting next_dagrun for example_subdag_operator.section-2 to None, run_after=None
[2024-11-18T03:16:12.608+0000] {logging_mixin.py:190} INFO - [2024-11-18T03:16:12.608+0000] {dag.py:3229} INFO - Sync 2 DAGs
[2024-11-18T03:16:12.630+0000] {logging_mixin.py:190} INFO - [2024-11-18T03:16:12.630+0000] {dag.py:4156} INFO - Setting next_dagrun for example_subdag_operator.section-1 to None, run_after=None
[2024-11-18T03:16:12.632+0000] {logging_mixin.py:190} INFO - [2024-11-18T03:16:12.632+0000] {dag.py:4156} INFO - Setting next_dagrun for example_subdag_operator.section-2 to None, run_after=None
[2024-11-18T03:16:12.684+0000] {processor.py:208} INFO - Processing /home/airflow/.local/lib/python3.12/site-packages/airflow/example_dags/example_subdag_operator.py took 0.332 seconds
[2024-11-18T03:16:46.403+0000] {processor.py:186} INFO - Started process (PID=2614) to work on /home/airflow/.local/lib/python3.12/site-packages/airflow/example_dags/example_subdag_operator.py
[2024-11-18T03:16:46.407+0000] {processor.py:914} INFO - Processing file /home/airflow/.local/lib/python3.12/site-packages/airflow/example_dags/example_subdag_operator.py for tasks to queue
[2024-11-18T03:16:46.416+0000] {logging_mixin.py:190} INFO - [2024-11-18T03:16:46.416+0000] {dagbag.py:587} INFO - Filling up the DagBag from /home/airflow/.local/lib/python3.12/site-packages/airflow/example_dags/example_subdag_operator.py
[2024-11-18T03:16:46.562+0000] {processor.py:925} INFO - DAG(s) 'example_subdag_operator.section-1', 'example_subdag_operator.section-2', 'example_subdag_operator' retrieved from /home/airflow/.local/lib/python3.12/site-packages/airflow/example_dags/example_subdag_operator.py
[2024-11-18T03:16:46.582+0000] {logging_mixin.py:190} INFO - [2024-11-18T03:16:46.581+0000] {dag.py:3229} INFO - Sync 3 DAGs
[2024-11-18T03:16:46.721+0000] {logging_mixin.py:190} INFO - [2024-11-18T03:16:46.720+0000] {dag.py:4156} INFO - Setting next_dagrun for example_subdag_operator to 2022-01-01 00:00:00+00:00, run_after=2022-01-01 00:00:00+00:00
[2024-11-18T03:16:46.726+0000] {logging_mixin.py:190} INFO - [2024-11-18T03:16:46.725+0000] {dag.py:4156} INFO - Setting next_dagrun for example_subdag_operator.section-1 to None, run_after=None
[2024-11-18T03:16:46.727+0000] {logging_mixin.py:190} INFO - [2024-11-18T03:16:46.727+0000] {dag.py:4156} INFO - Setting next_dagrun for example_subdag_operator.section-2 to None, run_after=None
[2024-11-18T03:16:46.735+0000] {logging_mixin.py:190} INFO - [2024-11-18T03:16:46.735+0000] {dag.py:3229} INFO - Sync 2 DAGs
[2024-11-18T03:16:46.744+0000] {logging_mixin.py:190} INFO - [2024-11-18T03:16:46.744+0000] {dag.py:4156} INFO - Setting next_dagrun for example_subdag_operator.section-1 to None, run_after=None
[2024-11-18T03:16:46.744+0000] {logging_mixin.py:190} INFO - [2024-11-18T03:16:46.744+0000] {dag.py:4156} INFO - Setting next_dagrun for example_subdag_operator.section-2 to None, run_after=None
[2024-11-18T03:16:46.757+0000] {processor.py:208} INFO - Processing /home/airflow/.local/lib/python3.12/site-packages/airflow/example_dags/example_subdag_operator.py took 0.374 seconds
