[2024-11-18T02:55:40.168+0000] {processor.py:186} INFO - Started process (PID=95) to work on /home/airflow/.local/lib/python3.12/site-packages/airflow/example_dags/example_short_circuit_operator.py
[2024-11-18T02:55:40.174+0000] {processor.py:914} INFO - Processing file /home/airflow/.local/lib/python3.12/site-packages/airflow/example_dags/example_short_circuit_operator.py for tasks to queue
[2024-11-18T02:55:40.194+0000] {logging_mixin.py:190} INFO - [2024-11-18T02:55:40.188+0000] {dagbag.py:587} INFO - Filling up the DagBag from /home/airflow/.local/lib/python3.12/site-packages/airflow/example_dags/example_short_circuit_operator.py
[2024-11-18T02:55:40.257+0000] {processor.py:925} INFO - DAG(s) 'example_short_circuit_operator' retrieved from /home/airflow/.local/lib/python3.12/site-packages/airflow/example_dags/example_short_circuit_operator.py
[2024-11-18T02:55:40.457+0000] {logging_mixin.py:190} INFO - [2024-11-18T02:55:40.449+0000] {dag.py:3229} INFO - Sync 1 DAGs
[2024-11-18T02:55:40.618+0000] {logging_mixin.py:190} INFO - [2024-11-18T02:55:40.614+0000] {dag.py:4156} INFO - Setting next_dagrun for example_short_circuit_operator to None, run_after=None
[2024-11-18T02:55:40.807+0000] {processor.py:208} INFO - Processing /home/airflow/.local/lib/python3.12/site-packages/airflow/example_dags/example_short_circuit_operator.py took 0.667 seconds
[2024-11-18T02:56:11.668+0000] {processor.py:186} INFO - Started process (PID=157) to work on /home/airflow/.local/lib/python3.12/site-packages/airflow/example_dags/example_short_circuit_operator.py
[2024-11-18T02:56:11.670+0000] {processor.py:914} INFO - Processing file /home/airflow/.local/lib/python3.12/site-packages/airflow/example_dags/example_short_circuit_operator.py for tasks to queue
[2024-11-18T02:56:11.686+0000] {logging_mixin.py:190} INFO - [2024-11-18T02:56:11.686+0000] {dagbag.py:587} INFO - Filling up the DagBag from /home/airflow/.local/lib/python3.12/site-packages/airflow/example_dags/example_short_circuit_operator.py
[2024-11-18T02:56:11.745+0000] {processor.py:925} INFO - DAG(s) 'example_short_circuit_operator' retrieved from /home/airflow/.local/lib/python3.12/site-packages/airflow/example_dags/example_short_circuit_operator.py
[2024-11-18T02:56:11.913+0000] {logging_mixin.py:190} INFO - [2024-11-18T02:56:11.908+0000] {dag.py:3229} INFO - Sync 1 DAGs
[2024-11-18T02:56:12.001+0000] {logging_mixin.py:190} INFO - [2024-11-18T02:56:12.001+0000] {dag.py:4156} INFO - Setting next_dagrun for example_short_circuit_operator to None, run_after=None
[2024-11-18T02:56:12.108+0000] {processor.py:208} INFO - Processing /home/airflow/.local/lib/python3.12/site-packages/airflow/example_dags/example_short_circuit_operator.py took 0.483 seconds
[2024-11-18T02:56:42.275+0000] {processor.py:186} INFO - Started process (PID=218) to work on /home/airflow/.local/lib/python3.12/site-packages/airflow/example_dags/example_short_circuit_operator.py
[2024-11-18T02:56:42.277+0000] {processor.py:914} INFO - Processing file /home/airflow/.local/lib/python3.12/site-packages/airflow/example_dags/example_short_circuit_operator.py for tasks to queue
[2024-11-18T02:56:42.279+0000] {logging_mixin.py:190} INFO - [2024-11-18T02:56:42.279+0000] {dagbag.py:587} INFO - Filling up the DagBag from /home/airflow/.local/lib/python3.12/site-packages/airflow/example_dags/example_short_circuit_operator.py
[2024-11-18T02:56:42.289+0000] {processor.py:925} INFO - DAG(s) 'example_short_circuit_operator' retrieved from /home/airflow/.local/lib/python3.12/site-packages/airflow/example_dags/example_short_circuit_operator.py
[2024-11-18T02:56:42.311+0000] {logging_mixin.py:190} INFO - [2024-11-18T02:56:42.311+0000] {dag.py:3229} INFO - Sync 1 DAGs
[2024-11-18T02:56:42.324+0000] {logging_mixin.py:190} INFO - [2024-11-18T02:56:42.324+0000] {dag.py:4156} INFO - Setting next_dagrun for example_short_circuit_operator to None, run_after=None
[2024-11-18T02:56:42.340+0000] {processor.py:208} INFO - Processing /home/airflow/.local/lib/python3.12/site-packages/airflow/example_dags/example_short_circuit_operator.py took 0.071 seconds
[2024-11-18T02:57:12.600+0000] {processor.py:186} INFO - Started process (PID=279) to work on /home/airflow/.local/lib/python3.12/site-packages/airflow/example_dags/example_short_circuit_operator.py
[2024-11-18T02:57:12.601+0000] {processor.py:914} INFO - Processing file /home/airflow/.local/lib/python3.12/site-packages/airflow/example_dags/example_short_circuit_operator.py for tasks to queue
[2024-11-18T02:57:12.603+0000] {logging_mixin.py:190} INFO - [2024-11-18T02:57:12.603+0000] {dagbag.py:587} INFO - Filling up the DagBag from /home/airflow/.local/lib/python3.12/site-packages/airflow/example_dags/example_short_circuit_operator.py
[2024-11-18T02:57:12.611+0000] {processor.py:925} INFO - DAG(s) 'example_short_circuit_operator' retrieved from /home/airflow/.local/lib/python3.12/site-packages/airflow/example_dags/example_short_circuit_operator.py
[2024-11-18T02:57:12.633+0000] {logging_mixin.py:190} INFO - [2024-11-18T02:57:12.633+0000] {dag.py:3229} INFO - Sync 1 DAGs
[2024-11-18T02:57:12.647+0000] {logging_mixin.py:190} INFO - [2024-11-18T02:57:12.647+0000] {dag.py:4156} INFO - Setting next_dagrun for example_short_circuit_operator to None, run_after=None
[2024-11-18T02:57:12.664+0000] {processor.py:208} INFO - Processing /home/airflow/.local/lib/python3.12/site-packages/airflow/example_dags/example_short_circuit_operator.py took 0.070 seconds
[2024-11-18T02:57:42.883+0000] {processor.py:186} INFO - Started process (PID=341) to work on /home/airflow/.local/lib/python3.12/site-packages/airflow/example_dags/example_short_circuit_operator.py
[2024-11-18T02:57:42.884+0000] {processor.py:914} INFO - Processing file /home/airflow/.local/lib/python3.12/site-packages/airflow/example_dags/example_short_circuit_operator.py for tasks to queue
[2024-11-18T02:57:42.887+0000] {logging_mixin.py:190} INFO - [2024-11-18T02:57:42.887+0000] {dagbag.py:587} INFO - Filling up the DagBag from /home/airflow/.local/lib/python3.12/site-packages/airflow/example_dags/example_short_circuit_operator.py
[2024-11-18T02:57:42.895+0000] {processor.py:925} INFO - DAG(s) 'example_short_circuit_operator' retrieved from /home/airflow/.local/lib/python3.12/site-packages/airflow/example_dags/example_short_circuit_operator.py
[2024-11-18T02:57:42.918+0000] {logging_mixin.py:190} INFO - [2024-11-18T02:57:42.918+0000] {dag.py:3229} INFO - Sync 1 DAGs
[2024-11-18T02:57:42.932+0000] {logging_mixin.py:190} INFO - [2024-11-18T02:57:42.931+0000] {dag.py:4156} INFO - Setting next_dagrun for example_short_circuit_operator to None, run_after=None
[2024-11-18T02:57:42.949+0000] {processor.py:208} INFO - Processing /home/airflow/.local/lib/python3.12/site-packages/airflow/example_dags/example_short_circuit_operator.py took 0.072 seconds
[2024-11-18T02:58:13.198+0000] {processor.py:186} INFO - Started process (PID=403) to work on /home/airflow/.local/lib/python3.12/site-packages/airflow/example_dags/example_short_circuit_operator.py
[2024-11-18T02:58:13.201+0000] {processor.py:914} INFO - Processing file /home/airflow/.local/lib/python3.12/site-packages/airflow/example_dags/example_short_circuit_operator.py for tasks to queue
[2024-11-18T02:58:13.210+0000] {logging_mixin.py:190} INFO - [2024-11-18T02:58:13.207+0000] {dagbag.py:587} INFO - Filling up the DagBag from /home/airflow/.local/lib/python3.12/site-packages/airflow/example_dags/example_short_circuit_operator.py
[2024-11-18T02:58:13.237+0000] {processor.py:925} INFO - DAG(s) 'example_short_circuit_operator' retrieved from /home/airflow/.local/lib/python3.12/site-packages/airflow/example_dags/example_short_circuit_operator.py
[2024-11-18T02:58:13.309+0000] {logging_mixin.py:190} INFO - [2024-11-18T02:58:13.309+0000] {dag.py:3229} INFO - Sync 1 DAGs
[2024-11-18T02:58:13.356+0000] {logging_mixin.py:190} INFO - [2024-11-18T02:58:13.356+0000] {dag.py:4156} INFO - Setting next_dagrun for example_short_circuit_operator to None, run_after=None
[2024-11-18T02:58:13.416+0000] {processor.py:208} INFO - Processing /home/airflow/.local/lib/python3.12/site-packages/airflow/example_dags/example_short_circuit_operator.py took 0.239 seconds
[2024-11-18T02:58:43.951+0000] {processor.py:186} INFO - Started process (PID=466) to work on /home/airflow/.local/lib/python3.12/site-packages/airflow/example_dags/example_short_circuit_operator.py
[2024-11-18T02:58:43.955+0000] {processor.py:914} INFO - Processing file /home/airflow/.local/lib/python3.12/site-packages/airflow/example_dags/example_short_circuit_operator.py for tasks to queue
[2024-11-18T02:58:43.959+0000] {logging_mixin.py:190} INFO - [2024-11-18T02:58:43.957+0000] {dagbag.py:587} INFO - Filling up the DagBag from /home/airflow/.local/lib/python3.12/site-packages/airflow/example_dags/example_short_circuit_operator.py
[2024-11-18T02:58:43.976+0000] {processor.py:925} INFO - DAG(s) 'example_short_circuit_operator' retrieved from /home/airflow/.local/lib/python3.12/site-packages/airflow/example_dags/example_short_circuit_operator.py
[2024-11-18T02:58:44.026+0000] {logging_mixin.py:190} INFO - [2024-11-18T02:58:44.026+0000] {dag.py:3229} INFO - Sync 1 DAGs
[2024-11-18T02:58:44.055+0000] {logging_mixin.py:190} INFO - [2024-11-18T02:58:44.055+0000] {dag.py:4156} INFO - Setting next_dagrun for example_short_circuit_operator to None, run_after=None
[2024-11-18T02:58:44.086+0000] {processor.py:208} INFO - Processing /home/airflow/.local/lib/python3.12/site-packages/airflow/example_dags/example_short_circuit_operator.py took 0.147 seconds
[2024-11-18T02:59:14.313+0000] {processor.py:186} INFO - Started process (PID=528) to work on /home/airflow/.local/lib/python3.12/site-packages/airflow/example_dags/example_short_circuit_operator.py
[2024-11-18T02:59:14.314+0000] {processor.py:914} INFO - Processing file /home/airflow/.local/lib/python3.12/site-packages/airflow/example_dags/example_short_circuit_operator.py for tasks to queue
[2024-11-18T02:59:14.316+0000] {logging_mixin.py:190} INFO - [2024-11-18T02:59:14.316+0000] {dagbag.py:587} INFO - Filling up the DagBag from /home/airflow/.local/lib/python3.12/site-packages/airflow/example_dags/example_short_circuit_operator.py
[2024-11-18T02:59:14.325+0000] {processor.py:925} INFO - DAG(s) 'example_short_circuit_operator' retrieved from /home/airflow/.local/lib/python3.12/site-packages/airflow/example_dags/example_short_circuit_operator.py
[2024-11-18T02:59:14.348+0000] {logging_mixin.py:190} INFO - [2024-11-18T02:59:14.348+0000] {dag.py:3229} INFO - Sync 1 DAGs
[2024-11-18T02:59:14.363+0000] {logging_mixin.py:190} INFO - [2024-11-18T02:59:14.362+0000] {dag.py:4156} INFO - Setting next_dagrun for example_short_circuit_operator to None, run_after=None
[2024-11-18T02:59:14.379+0000] {processor.py:208} INFO - Processing /home/airflow/.local/lib/python3.12/site-packages/airflow/example_dags/example_short_circuit_operator.py took 0.072 seconds
[2024-11-18T02:59:45.192+0000] {processor.py:186} INFO - Started process (PID=589) to work on /home/airflow/.local/lib/python3.12/site-packages/airflow/example_dags/example_short_circuit_operator.py
[2024-11-18T02:59:45.194+0000] {processor.py:914} INFO - Processing file /home/airflow/.local/lib/python3.12/site-packages/airflow/example_dags/example_short_circuit_operator.py for tasks to queue
[2024-11-18T02:59:45.196+0000] {logging_mixin.py:190} INFO - [2024-11-18T02:59:45.196+0000] {dagbag.py:587} INFO - Filling up the DagBag from /home/airflow/.local/lib/python3.12/site-packages/airflow/example_dags/example_short_circuit_operator.py
[2024-11-18T02:59:45.204+0000] {processor.py:925} INFO - DAG(s) 'example_short_circuit_operator' retrieved from /home/airflow/.local/lib/python3.12/site-packages/airflow/example_dags/example_short_circuit_operator.py
[2024-11-18T02:59:45.226+0000] {logging_mixin.py:190} INFO - [2024-11-18T02:59:45.226+0000] {dag.py:3229} INFO - Sync 1 DAGs
[2024-11-18T02:59:45.241+0000] {logging_mixin.py:190} INFO - [2024-11-18T02:59:45.240+0000] {dag.py:4156} INFO - Setting next_dagrun for example_short_circuit_operator to None, run_after=None
[2024-11-18T02:59:45.258+0000] {processor.py:208} INFO - Processing /home/airflow/.local/lib/python3.12/site-packages/airflow/example_dags/example_short_circuit_operator.py took 0.072 seconds
[2024-11-18T03:00:16.101+0000] {processor.py:186} INFO - Started process (PID=651) to work on /home/airflow/.local/lib/python3.12/site-packages/airflow/example_dags/example_short_circuit_operator.py
[2024-11-18T03:00:16.101+0000] {processor.py:914} INFO - Processing file /home/airflow/.local/lib/python3.12/site-packages/airflow/example_dags/example_short_circuit_operator.py for tasks to queue
[2024-11-18T03:00:16.104+0000] {logging_mixin.py:190} INFO - [2024-11-18T03:00:16.103+0000] {dagbag.py:587} INFO - Filling up the DagBag from /home/airflow/.local/lib/python3.12/site-packages/airflow/example_dags/example_short_circuit_operator.py
[2024-11-18T03:00:16.113+0000] {processor.py:925} INFO - DAG(s) 'example_short_circuit_operator' retrieved from /home/airflow/.local/lib/python3.12/site-packages/airflow/example_dags/example_short_circuit_operator.py
[2024-11-18T03:00:16.135+0000] {logging_mixin.py:190} INFO - [2024-11-18T03:00:16.135+0000] {dag.py:3229} INFO - Sync 1 DAGs
[2024-11-18T03:00:16.149+0000] {logging_mixin.py:190} INFO - [2024-11-18T03:00:16.149+0000] {dag.py:4156} INFO - Setting next_dagrun for example_short_circuit_operator to None, run_after=None
[2024-11-18T03:00:16.165+0000] {processor.py:208} INFO - Processing /home/airflow/.local/lib/python3.12/site-packages/airflow/example_dags/example_short_circuit_operator.py took 0.071 seconds
[2024-11-18T03:00:47.053+0000] {processor.py:186} INFO - Started process (PID=713) to work on /home/airflow/.local/lib/python3.12/site-packages/airflow/example_dags/example_short_circuit_operator.py
[2024-11-18T03:00:47.056+0000] {processor.py:914} INFO - Processing file /home/airflow/.local/lib/python3.12/site-packages/airflow/example_dags/example_short_circuit_operator.py for tasks to queue
[2024-11-18T03:00:47.060+0000] {logging_mixin.py:190} INFO - [2024-11-18T03:00:47.060+0000] {dagbag.py:587} INFO - Filling up the DagBag from /home/airflow/.local/lib/python3.12/site-packages/airflow/example_dags/example_short_circuit_operator.py
[2024-11-18T03:00:47.078+0000] {processor.py:925} INFO - DAG(s) 'example_short_circuit_operator' retrieved from /home/airflow/.local/lib/python3.12/site-packages/airflow/example_dags/example_short_circuit_operator.py
[2024-11-18T03:00:47.124+0000] {logging_mixin.py:190} INFO - [2024-11-18T03:00:47.124+0000] {dag.py:3229} INFO - Sync 1 DAGs
[2024-11-18T03:00:47.153+0000] {logging_mixin.py:190} INFO - [2024-11-18T03:00:47.151+0000] {dag.py:4156} INFO - Setting next_dagrun for example_short_circuit_operator to None, run_after=None
[2024-11-18T03:00:47.183+0000] {processor.py:208} INFO - Processing /home/airflow/.local/lib/python3.12/site-packages/airflow/example_dags/example_short_circuit_operator.py took 0.143 seconds
[2024-11-18T03:01:17.903+0000] {processor.py:186} INFO - Started process (PID=776) to work on /home/airflow/.local/lib/python3.12/site-packages/airflow/example_dags/example_short_circuit_operator.py
[2024-11-18T03:01:17.905+0000] {processor.py:914} INFO - Processing file /home/airflow/.local/lib/python3.12/site-packages/airflow/example_dags/example_short_circuit_operator.py for tasks to queue
[2024-11-18T03:01:17.909+0000] {logging_mixin.py:190} INFO - [2024-11-18T03:01:17.909+0000] {dagbag.py:587} INFO - Filling up the DagBag from /home/airflow/.local/lib/python3.12/site-packages/airflow/example_dags/example_short_circuit_operator.py
[2024-11-18T03:01:17.927+0000] {processor.py:925} INFO - DAG(s) 'example_short_circuit_operator' retrieved from /home/airflow/.local/lib/python3.12/site-packages/airflow/example_dags/example_short_circuit_operator.py
[2024-11-18T03:01:17.971+0000] {logging_mixin.py:190} INFO - [2024-11-18T03:01:17.971+0000] {dag.py:3229} INFO - Sync 1 DAGs
[2024-11-18T03:01:18.001+0000] {logging_mixin.py:190} INFO - [2024-11-18T03:01:18.000+0000] {dag.py:4156} INFO - Setting next_dagrun for example_short_circuit_operator to None, run_after=None
[2024-11-18T03:01:18.039+0000] {processor.py:208} INFO - Processing /home/airflow/.local/lib/python3.12/site-packages/airflow/example_dags/example_short_circuit_operator.py took 0.150 seconds
[2024-11-18T03:01:48.762+0000] {processor.py:186} INFO - Started process (PID=838) to work on /home/airflow/.local/lib/python3.12/site-packages/airflow/example_dags/example_short_circuit_operator.py
[2024-11-18T03:01:48.763+0000] {processor.py:914} INFO - Processing file /home/airflow/.local/lib/python3.12/site-packages/airflow/example_dags/example_short_circuit_operator.py for tasks to queue
[2024-11-18T03:01:48.765+0000] {logging_mixin.py:190} INFO - [2024-11-18T03:01:48.765+0000] {dagbag.py:587} INFO - Filling up the DagBag from /home/airflow/.local/lib/python3.12/site-packages/airflow/example_dags/example_short_circuit_operator.py
[2024-11-18T03:01:48.774+0000] {processor.py:925} INFO - DAG(s) 'example_short_circuit_operator' retrieved from /home/airflow/.local/lib/python3.12/site-packages/airflow/example_dags/example_short_circuit_operator.py
[2024-11-18T03:01:48.796+0000] {logging_mixin.py:190} INFO - [2024-11-18T03:01:48.796+0000] {dag.py:3229} INFO - Sync 1 DAGs
[2024-11-18T03:01:48.810+0000] {logging_mixin.py:190} INFO - [2024-11-18T03:01:48.809+0000] {dag.py:4156} INFO - Setting next_dagrun for example_short_circuit_operator to None, run_after=None
[2024-11-18T03:01:48.826+0000] {processor.py:208} INFO - Processing /home/airflow/.local/lib/python3.12/site-packages/airflow/example_dags/example_short_circuit_operator.py took 0.071 seconds
[2024-11-18T03:02:19.210+0000] {processor.py:186} INFO - Started process (PID=900) to work on /home/airflow/.local/lib/python3.12/site-packages/airflow/example_dags/example_short_circuit_operator.py
[2024-11-18T03:02:19.211+0000] {processor.py:914} INFO - Processing file /home/airflow/.local/lib/python3.12/site-packages/airflow/example_dags/example_short_circuit_operator.py for tasks to queue
[2024-11-18T03:02:19.213+0000] {logging_mixin.py:190} INFO - [2024-11-18T03:02:19.212+0000] {dagbag.py:587} INFO - Filling up the DagBag from /home/airflow/.local/lib/python3.12/site-packages/airflow/example_dags/example_short_circuit_operator.py
[2024-11-18T03:02:19.221+0000] {processor.py:925} INFO - DAG(s) 'example_short_circuit_operator' retrieved from /home/airflow/.local/lib/python3.12/site-packages/airflow/example_dags/example_short_circuit_operator.py
[2024-11-18T03:02:19.243+0000] {logging_mixin.py:190} INFO - [2024-11-18T03:02:19.242+0000] {dag.py:3229} INFO - Sync 1 DAGs
[2024-11-18T03:02:19.255+0000] {logging_mixin.py:190} INFO - [2024-11-18T03:02:19.255+0000] {dag.py:4156} INFO - Setting next_dagrun for example_short_circuit_operator to None, run_after=None
[2024-11-18T03:02:19.271+0000] {processor.py:208} INFO - Processing /home/airflow/.local/lib/python3.12/site-packages/airflow/example_dags/example_short_circuit_operator.py took 0.067 seconds
[2024-11-18T03:02:49.536+0000] {processor.py:186} INFO - Started process (PID=962) to work on /home/airflow/.local/lib/python3.12/site-packages/airflow/example_dags/example_short_circuit_operator.py
[2024-11-18T03:02:49.538+0000] {processor.py:914} INFO - Processing file /home/airflow/.local/lib/python3.12/site-packages/airflow/example_dags/example_short_circuit_operator.py for tasks to queue
[2024-11-18T03:02:49.540+0000] {logging_mixin.py:190} INFO - [2024-11-18T03:02:49.540+0000] {dagbag.py:587} INFO - Filling up the DagBag from /home/airflow/.local/lib/python3.12/site-packages/airflow/example_dags/example_short_circuit_operator.py
[2024-11-18T03:02:49.548+0000] {processor.py:925} INFO - DAG(s) 'example_short_circuit_operator' retrieved from /home/airflow/.local/lib/python3.12/site-packages/airflow/example_dags/example_short_circuit_operator.py
[2024-11-18T03:02:49.569+0000] {logging_mixin.py:190} INFO - [2024-11-18T03:02:49.569+0000] {dag.py:3229} INFO - Sync 1 DAGs
[2024-11-18T03:02:49.582+0000] {logging_mixin.py:190} INFO - [2024-11-18T03:02:49.582+0000] {dag.py:4156} INFO - Setting next_dagrun for example_short_circuit_operator to None, run_after=None
[2024-11-18T03:02:49.598+0000] {processor.py:208} INFO - Processing /home/airflow/.local/lib/python3.12/site-packages/airflow/example_dags/example_short_circuit_operator.py took 0.067 seconds
[2024-11-18T03:03:20.618+0000] {processor.py:186} INFO - Started process (PID=1029) to work on /home/airflow/.local/lib/python3.12/site-packages/airflow/example_dags/example_short_circuit_operator.py
[2024-11-18T03:03:20.619+0000] {processor.py:914} INFO - Processing file /home/airflow/.local/lib/python3.12/site-packages/airflow/example_dags/example_short_circuit_operator.py for tasks to queue
[2024-11-18T03:03:20.621+0000] {logging_mixin.py:190} INFO - [2024-11-18T03:03:20.621+0000] {dagbag.py:587} INFO - Filling up the DagBag from /home/airflow/.local/lib/python3.12/site-packages/airflow/example_dags/example_short_circuit_operator.py
[2024-11-18T03:03:20.630+0000] {processor.py:925} INFO - DAG(s) 'example_short_circuit_operator' retrieved from /home/airflow/.local/lib/python3.12/site-packages/airflow/example_dags/example_short_circuit_operator.py
[2024-11-18T03:03:20.652+0000] {logging_mixin.py:190} INFO - [2024-11-18T03:03:20.652+0000] {dag.py:3229} INFO - Sync 1 DAGs
[2024-11-18T03:03:20.666+0000] {logging_mixin.py:190} INFO - [2024-11-18T03:03:20.666+0000] {dag.py:4156} INFO - Setting next_dagrun for example_short_circuit_operator to None, run_after=None
[2024-11-18T03:03:20.681+0000] {processor.py:208} INFO - Processing /home/airflow/.local/lib/python3.12/site-packages/airflow/example_dags/example_short_circuit_operator.py took 0.070 seconds
[2024-11-18T03:03:50.849+0000] {processor.py:186} INFO - Started process (PID=1091) to work on /home/airflow/.local/lib/python3.12/site-packages/airflow/example_dags/example_short_circuit_operator.py
[2024-11-18T03:03:50.851+0000] {processor.py:914} INFO - Processing file /home/airflow/.local/lib/python3.12/site-packages/airflow/example_dags/example_short_circuit_operator.py for tasks to queue
[2024-11-18T03:03:50.853+0000] {logging_mixin.py:190} INFO - [2024-11-18T03:03:50.853+0000] {dagbag.py:587} INFO - Filling up the DagBag from /home/airflow/.local/lib/python3.12/site-packages/airflow/example_dags/example_short_circuit_operator.py
[2024-11-18T03:03:50.862+0000] {processor.py:925} INFO - DAG(s) 'example_short_circuit_operator' retrieved from /home/airflow/.local/lib/python3.12/site-packages/airflow/example_dags/example_short_circuit_operator.py
[2024-11-18T03:03:50.892+0000] {logging_mixin.py:190} INFO - [2024-11-18T03:03:50.892+0000] {dag.py:3229} INFO - Sync 1 DAGs
[2024-11-18T03:03:50.905+0000] {logging_mixin.py:190} INFO - [2024-11-18T03:03:50.905+0000] {dag.py:4156} INFO - Setting next_dagrun for example_short_circuit_operator to None, run_after=None
[2024-11-18T03:03:50.922+0000] {processor.py:208} INFO - Processing /home/airflow/.local/lib/python3.12/site-packages/airflow/example_dags/example_short_circuit_operator.py took 0.079 seconds
[2024-11-18T03:04:22.622+0000] {processor.py:186} INFO - Started process (PID=1153) to work on /home/airflow/.local/lib/python3.12/site-packages/airflow/example_dags/example_short_circuit_operator.py
[2024-11-18T03:04:22.630+0000] {processor.py:914} INFO - Processing file /home/airflow/.local/lib/python3.12/site-packages/airflow/example_dags/example_short_circuit_operator.py for tasks to queue
[2024-11-18T03:04:22.636+0000] {logging_mixin.py:190} INFO - [2024-11-18T03:04:22.636+0000] {dagbag.py:587} INFO - Filling up the DagBag from /home/airflow/.local/lib/python3.12/site-packages/airflow/example_dags/example_short_circuit_operator.py
[2024-11-18T03:04:22.671+0000] {processor.py:925} INFO - DAG(s) 'example_short_circuit_operator' retrieved from /home/airflow/.local/lib/python3.12/site-packages/airflow/example_dags/example_short_circuit_operator.py
[2024-11-18T03:04:22.767+0000] {logging_mixin.py:190} INFO - [2024-11-18T03:04:22.767+0000] {dag.py:3229} INFO - Sync 1 DAGs
[2024-11-18T03:04:22.814+0000] {logging_mixin.py:190} INFO - [2024-11-18T03:04:22.814+0000] {dag.py:4156} INFO - Setting next_dagrun for example_short_circuit_operator to None, run_after=None
[2024-11-18T03:04:22.884+0000] {processor.py:208} INFO - Processing /home/airflow/.local/lib/python3.12/site-packages/airflow/example_dags/example_short_circuit_operator.py took 0.291 seconds
[2024-11-18T03:04:53.105+0000] {processor.py:186} INFO - Started process (PID=1215) to work on /home/airflow/.local/lib/python3.12/site-packages/airflow/example_dags/example_short_circuit_operator.py
[2024-11-18T03:04:53.105+0000] {processor.py:914} INFO - Processing file /home/airflow/.local/lib/python3.12/site-packages/airflow/example_dags/example_short_circuit_operator.py for tasks to queue
[2024-11-18T03:04:53.111+0000] {logging_mixin.py:190} INFO - [2024-11-18T03:04:53.109+0000] {dagbag.py:587} INFO - Filling up the DagBag from /home/airflow/.local/lib/python3.12/site-packages/airflow/example_dags/example_short_circuit_operator.py
[2024-11-18T03:04:53.129+0000] {processor.py:925} INFO - DAG(s) 'example_short_circuit_operator' retrieved from /home/airflow/.local/lib/python3.12/site-packages/airflow/example_dags/example_short_circuit_operator.py
[2024-11-18T03:04:53.173+0000] {logging_mixin.py:190} INFO - [2024-11-18T03:04:53.172+0000] {dag.py:3229} INFO - Sync 1 DAGs
[2024-11-18T03:04:53.203+0000] {logging_mixin.py:190} INFO - [2024-11-18T03:04:53.201+0000] {dag.py:4156} INFO - Setting next_dagrun for example_short_circuit_operator to None, run_after=None
[2024-11-18T03:04:53.234+0000] {processor.py:208} INFO - Processing /home/airflow/.local/lib/python3.12/site-packages/airflow/example_dags/example_short_circuit_operator.py took 0.144 seconds
[2024-11-18T03:05:24.107+0000] {processor.py:186} INFO - Started process (PID=1277) to work on /home/airflow/.local/lib/python3.12/site-packages/airflow/example_dags/example_short_circuit_operator.py
[2024-11-18T03:05:24.110+0000] {processor.py:914} INFO - Processing file /home/airflow/.local/lib/python3.12/site-packages/airflow/example_dags/example_short_circuit_operator.py for tasks to queue
[2024-11-18T03:05:24.114+0000] {logging_mixin.py:190} INFO - [2024-11-18T03:05:24.114+0000] {dagbag.py:587} INFO - Filling up the DagBag from /home/airflow/.local/lib/python3.12/site-packages/airflow/example_dags/example_short_circuit_operator.py
[2024-11-18T03:05:24.132+0000] {processor.py:925} INFO - DAG(s) 'example_short_circuit_operator' retrieved from /home/airflow/.local/lib/python3.12/site-packages/airflow/example_dags/example_short_circuit_operator.py
[2024-11-18T03:05:24.179+0000] {logging_mixin.py:190} INFO - [2024-11-18T03:05:24.178+0000] {dag.py:3229} INFO - Sync 1 DAGs
[2024-11-18T03:05:24.209+0000] {logging_mixin.py:190} INFO - [2024-11-18T03:05:24.209+0000] {dag.py:4156} INFO - Setting next_dagrun for example_short_circuit_operator to None, run_after=None
[2024-11-18T03:05:24.240+0000] {processor.py:208} INFO - Processing /home/airflow/.local/lib/python3.12/site-packages/airflow/example_dags/example_short_circuit_operator.py took 0.146 seconds
[2024-11-18T03:05:55.198+0000] {processor.py:186} INFO - Started process (PID=1339) to work on /home/airflow/.local/lib/python3.12/site-packages/airflow/example_dags/example_short_circuit_operator.py
[2024-11-18T03:05:55.201+0000] {processor.py:914} INFO - Processing file /home/airflow/.local/lib/python3.12/site-packages/airflow/example_dags/example_short_circuit_operator.py for tasks to queue
[2024-11-18T03:05:55.205+0000] {logging_mixin.py:190} INFO - [2024-11-18T03:05:55.205+0000] {dagbag.py:587} INFO - Filling up the DagBag from /home/airflow/.local/lib/python3.12/site-packages/airflow/example_dags/example_short_circuit_operator.py
[2024-11-18T03:05:55.223+0000] {processor.py:925} INFO - DAG(s) 'example_short_circuit_operator' retrieved from /home/airflow/.local/lib/python3.12/site-packages/airflow/example_dags/example_short_circuit_operator.py
[2024-11-18T03:05:55.269+0000] {logging_mixin.py:190} INFO - [2024-11-18T03:05:55.267+0000] {dag.py:3229} INFO - Sync 1 DAGs
[2024-11-18T03:05:55.297+0000] {logging_mixin.py:190} INFO - [2024-11-18T03:05:55.297+0000] {dag.py:4156} INFO - Setting next_dagrun for example_short_circuit_operator to None, run_after=None
[2024-11-18T03:05:55.329+0000] {processor.py:208} INFO - Processing /home/airflow/.local/lib/python3.12/site-packages/airflow/example_dags/example_short_circuit_operator.py took 0.144 seconds
[2024-11-18T03:06:25.465+0000] {processor.py:186} INFO - Started process (PID=1400) to work on /home/airflow/.local/lib/python3.12/site-packages/airflow/example_dags/example_short_circuit_operator.py
[2024-11-18T03:06:25.465+0000] {processor.py:914} INFO - Processing file /home/airflow/.local/lib/python3.12/site-packages/airflow/example_dags/example_short_circuit_operator.py for tasks to queue
[2024-11-18T03:06:25.468+0000] {logging_mixin.py:190} INFO - [2024-11-18T03:06:25.467+0000] {dagbag.py:587} INFO - Filling up the DagBag from /home/airflow/.local/lib/python3.12/site-packages/airflow/example_dags/example_short_circuit_operator.py
[2024-11-18T03:06:25.477+0000] {processor.py:925} INFO - DAG(s) 'example_short_circuit_operator' retrieved from /home/airflow/.local/lib/python3.12/site-packages/airflow/example_dags/example_short_circuit_operator.py
[2024-11-18T03:06:25.500+0000] {logging_mixin.py:190} INFO - [2024-11-18T03:06:25.500+0000] {dag.py:3229} INFO - Sync 1 DAGs
[2024-11-18T03:06:25.515+0000] {logging_mixin.py:190} INFO - [2024-11-18T03:06:25.515+0000] {dag.py:4156} INFO - Setting next_dagrun for example_short_circuit_operator to None, run_after=None
[2024-11-18T03:06:25.532+0000] {processor.py:208} INFO - Processing /home/airflow/.local/lib/python3.12/site-packages/airflow/example_dags/example_short_circuit_operator.py took 0.074 seconds
[2024-11-18T03:06:55.646+0000] {processor.py:186} INFO - Started process (PID=1462) to work on /home/airflow/.local/lib/python3.12/site-packages/airflow/example_dags/example_short_circuit_operator.py
[2024-11-18T03:06:55.648+0000] {processor.py:914} INFO - Processing file /home/airflow/.local/lib/python3.12/site-packages/airflow/example_dags/example_short_circuit_operator.py for tasks to queue
[2024-11-18T03:06:55.650+0000] {logging_mixin.py:190} INFO - [2024-11-18T03:06:55.650+0000] {dagbag.py:587} INFO - Filling up the DagBag from /home/airflow/.local/lib/python3.12/site-packages/airflow/example_dags/example_short_circuit_operator.py
[2024-11-18T03:06:55.658+0000] {processor.py:925} INFO - DAG(s) 'example_short_circuit_operator' retrieved from /home/airflow/.local/lib/python3.12/site-packages/airflow/example_dags/example_short_circuit_operator.py
[2024-11-18T03:06:55.681+0000] {logging_mixin.py:190} INFO - [2024-11-18T03:06:55.681+0000] {dag.py:3229} INFO - Sync 1 DAGs
[2024-11-18T03:06:55.695+0000] {logging_mixin.py:190} INFO - [2024-11-18T03:06:55.694+0000] {dag.py:4156} INFO - Setting next_dagrun for example_short_circuit_operator to None, run_after=None
[2024-11-18T03:06:55.711+0000] {processor.py:208} INFO - Processing /home/airflow/.local/lib/python3.12/site-packages/airflow/example_dags/example_short_circuit_operator.py took 0.071 seconds
[2024-11-18T03:07:26.390+0000] {processor.py:186} INFO - Started process (PID=1523) to work on /home/airflow/.local/lib/python3.12/site-packages/airflow/example_dags/example_short_circuit_operator.py
[2024-11-18T03:07:26.392+0000] {processor.py:914} INFO - Processing file /home/airflow/.local/lib/python3.12/site-packages/airflow/example_dags/example_short_circuit_operator.py for tasks to queue
[2024-11-18T03:07:26.396+0000] {logging_mixin.py:190} INFO - [2024-11-18T03:07:26.396+0000] {dagbag.py:587} INFO - Filling up the DagBag from /home/airflow/.local/lib/python3.12/site-packages/airflow/example_dags/example_short_circuit_operator.py
[2024-11-18T03:07:26.415+0000] {processor.py:925} INFO - DAG(s) 'example_short_circuit_operator' retrieved from /home/airflow/.local/lib/python3.12/site-packages/airflow/example_dags/example_short_circuit_operator.py
[2024-11-18T03:07:26.480+0000] {logging_mixin.py:190} INFO - [2024-11-18T03:07:26.480+0000] {dag.py:3229} INFO - Sync 1 DAGs
[2024-11-18T03:07:26.511+0000] {logging_mixin.py:190} INFO - [2024-11-18T03:07:26.511+0000] {dag.py:4156} INFO - Setting next_dagrun for example_short_circuit_operator to None, run_after=None
[2024-11-18T03:07:26.545+0000] {processor.py:208} INFO - Processing /home/airflow/.local/lib/python3.12/site-packages/airflow/example_dags/example_short_circuit_operator.py took 0.167 seconds
[2024-11-18T03:07:56.785+0000] {processor.py:186} INFO - Started process (PID=1585) to work on /home/airflow/.local/lib/python3.12/site-packages/airflow/example_dags/example_short_circuit_operator.py
[2024-11-18T03:07:56.788+0000] {processor.py:914} INFO - Processing file /home/airflow/.local/lib/python3.12/site-packages/airflow/example_dags/example_short_circuit_operator.py for tasks to queue
[2024-11-18T03:07:56.792+0000] {logging_mixin.py:190} INFO - [2024-11-18T03:07:56.792+0000] {dagbag.py:587} INFO - Filling up the DagBag from /home/airflow/.local/lib/python3.12/site-packages/airflow/example_dags/example_short_circuit_operator.py
[2024-11-18T03:07:56.810+0000] {processor.py:925} INFO - DAG(s) 'example_short_circuit_operator' retrieved from /home/airflow/.local/lib/python3.12/site-packages/airflow/example_dags/example_short_circuit_operator.py
[2024-11-18T03:07:56.863+0000] {logging_mixin.py:190} INFO - [2024-11-18T03:07:56.863+0000] {dag.py:3229} INFO - Sync 1 DAGs
[2024-11-18T03:07:56.888+0000] {logging_mixin.py:190} INFO - [2024-11-18T03:07:56.887+0000] {dag.py:4156} INFO - Setting next_dagrun for example_short_circuit_operator to None, run_after=None
[2024-11-18T03:07:56.934+0000] {processor.py:208} INFO - Processing /home/airflow/.local/lib/python3.12/site-packages/airflow/example_dags/example_short_circuit_operator.py took 0.161 seconds
[2024-11-18T03:08:27.094+0000] {processor.py:186} INFO - Started process (PID=1649) to work on /home/airflow/.local/lib/python3.12/site-packages/airflow/example_dags/example_short_circuit_operator.py
[2024-11-18T03:08:27.094+0000] {processor.py:914} INFO - Processing file /home/airflow/.local/lib/python3.12/site-packages/airflow/example_dags/example_short_circuit_operator.py for tasks to queue
[2024-11-18T03:08:27.104+0000] {logging_mixin.py:190} INFO - [2024-11-18T03:08:27.104+0000] {dagbag.py:587} INFO - Filling up the DagBag from /home/airflow/.local/lib/python3.12/site-packages/airflow/example_dags/example_short_circuit_operator.py
[2024-11-18T03:08:27.138+0000] {processor.py:925} INFO - DAG(s) 'example_short_circuit_operator' retrieved from /home/airflow/.local/lib/python3.12/site-packages/airflow/example_dags/example_short_circuit_operator.py
[2024-11-18T03:08:27.240+0000] {logging_mixin.py:190} INFO - [2024-11-18T03:08:27.238+0000] {dag.py:3229} INFO - Sync 1 DAGs
[2024-11-18T03:08:27.295+0000] {logging_mixin.py:190} INFO - [2024-11-18T03:08:27.295+0000] {dag.py:4156} INFO - Setting next_dagrun for example_short_circuit_operator to None, run_after=None
[2024-11-18T03:08:27.359+0000] {processor.py:208} INFO - Processing /home/airflow/.local/lib/python3.12/site-packages/airflow/example_dags/example_short_circuit_operator.py took 0.294 seconds
[2024-11-18T03:08:57.540+0000] {processor.py:186} INFO - Started process (PID=1711) to work on /home/airflow/.local/lib/python3.12/site-packages/airflow/example_dags/example_short_circuit_operator.py
[2024-11-18T03:08:57.545+0000] {processor.py:914} INFO - Processing file /home/airflow/.local/lib/python3.12/site-packages/airflow/example_dags/example_short_circuit_operator.py for tasks to queue
[2024-11-18T03:08:57.553+0000] {logging_mixin.py:190} INFO - [2024-11-18T03:08:57.553+0000] {dagbag.py:587} INFO - Filling up the DagBag from /home/airflow/.local/lib/python3.12/site-packages/airflow/example_dags/example_short_circuit_operator.py
[2024-11-18T03:08:57.580+0000] {processor.py:925} INFO - DAG(s) 'example_short_circuit_operator' retrieved from /home/airflow/.local/lib/python3.12/site-packages/airflow/example_dags/example_short_circuit_operator.py
[2024-11-18T03:08:57.687+0000] {logging_mixin.py:190} INFO - [2024-11-18T03:08:57.687+0000] {dag.py:3229} INFO - Sync 1 DAGs
[2024-11-18T03:08:57.747+0000] {logging_mixin.py:190} INFO - [2024-11-18T03:08:57.747+0000] {dag.py:4156} INFO - Setting next_dagrun for example_short_circuit_operator to None, run_after=None
[2024-11-18T03:08:57.811+0000] {processor.py:208} INFO - Processing /home/airflow/.local/lib/python3.12/site-packages/airflow/example_dags/example_short_circuit_operator.py took 0.297 seconds
[2024-11-18T03:09:28.107+0000] {processor.py:186} INFO - Started process (PID=1774) to work on /home/airflow/.local/lib/python3.12/site-packages/airflow/example_dags/example_short_circuit_operator.py
[2024-11-18T03:09:28.109+0000] {processor.py:914} INFO - Processing file /home/airflow/.local/lib/python3.12/site-packages/airflow/example_dags/example_short_circuit_operator.py for tasks to queue
[2024-11-18T03:09:28.113+0000] {logging_mixin.py:190} INFO - [2024-11-18T03:09:28.113+0000] {dagbag.py:587} INFO - Filling up the DagBag from /home/airflow/.local/lib/python3.12/site-packages/airflow/example_dags/example_short_circuit_operator.py
[2024-11-18T03:09:28.134+0000] {processor.py:925} INFO - DAG(s) 'example_short_circuit_operator' retrieved from /home/airflow/.local/lib/python3.12/site-packages/airflow/example_dags/example_short_circuit_operator.py
[2024-11-18T03:09:28.177+0000] {logging_mixin.py:190} INFO - [2024-11-18T03:09:28.177+0000] {dag.py:3229} INFO - Sync 1 DAGs
[2024-11-18T03:09:28.206+0000] {logging_mixin.py:190} INFO - [2024-11-18T03:09:28.206+0000] {dag.py:4156} INFO - Setting next_dagrun for example_short_circuit_operator to None, run_after=None
[2024-11-18T03:09:28.245+0000] {processor.py:208} INFO - Processing /home/airflow/.local/lib/python3.12/site-packages/airflow/example_dags/example_short_circuit_operator.py took 0.152 seconds
[2024-11-18T03:09:59.323+0000] {processor.py:186} INFO - Started process (PID=1837) to work on /home/airflow/.local/lib/python3.12/site-packages/airflow/example_dags/example_short_circuit_operator.py
[2024-11-18T03:09:59.327+0000] {processor.py:914} INFO - Processing file /home/airflow/.local/lib/python3.12/site-packages/airflow/example_dags/example_short_circuit_operator.py for tasks to queue
[2024-11-18T03:09:59.332+0000] {logging_mixin.py:190} INFO - [2024-11-18T03:09:59.332+0000] {dagbag.py:587} INFO - Filling up the DagBag from /home/airflow/.local/lib/python3.12/site-packages/airflow/example_dags/example_short_circuit_operator.py
[2024-11-18T03:09:59.351+0000] {processor.py:925} INFO - DAG(s) 'example_short_circuit_operator' retrieved from /home/airflow/.local/lib/python3.12/site-packages/airflow/example_dags/example_short_circuit_operator.py
[2024-11-18T03:09:59.404+0000] {logging_mixin.py:190} INFO - [2024-11-18T03:09:59.403+0000] {dag.py:3229} INFO - Sync 1 DAGs
[2024-11-18T03:09:59.430+0000] {logging_mixin.py:190} INFO - [2024-11-18T03:09:59.429+0000] {dag.py:4156} INFO - Setting next_dagrun for example_short_circuit_operator to None, run_after=None
[2024-11-18T03:09:59.465+0000] {processor.py:208} INFO - Processing /home/airflow/.local/lib/python3.12/site-packages/airflow/example_dags/example_short_circuit_operator.py took 0.156 seconds
[2024-11-18T03:10:30.321+0000] {processor.py:186} INFO - Started process (PID=1899) to work on /home/airflow/.local/lib/python3.12/site-packages/airflow/example_dags/example_short_circuit_operator.py
[2024-11-18T03:10:30.326+0000] {processor.py:914} INFO - Processing file /home/airflow/.local/lib/python3.12/site-packages/airflow/example_dags/example_short_circuit_operator.py for tasks to queue
[2024-11-18T03:10:30.331+0000] {logging_mixin.py:190} INFO - [2024-11-18T03:10:30.331+0000] {dagbag.py:587} INFO - Filling up the DagBag from /home/airflow/.local/lib/python3.12/site-packages/airflow/example_dags/example_short_circuit_operator.py
[2024-11-18T03:10:30.366+0000] {processor.py:925} INFO - DAG(s) 'example_short_circuit_operator' retrieved from /home/airflow/.local/lib/python3.12/site-packages/airflow/example_dags/example_short_circuit_operator.py
[2024-11-18T03:10:30.437+0000] {logging_mixin.py:190} INFO - [2024-11-18T03:10:30.437+0000] {dag.py:3229} INFO - Sync 1 DAGs
[2024-11-18T03:10:30.486+0000] {logging_mixin.py:190} INFO - [2024-11-18T03:10:30.483+0000] {dag.py:4156} INFO - Setting next_dagrun for example_short_circuit_operator to None, run_after=None
[2024-11-18T03:10:30.566+0000] {processor.py:208} INFO - Processing /home/airflow/.local/lib/python3.12/site-packages/airflow/example_dags/example_short_circuit_operator.py took 0.257 seconds
[2024-11-18T03:11:01.953+0000] {processor.py:186} INFO - Started process (PID=1961) to work on /home/airflow/.local/lib/python3.12/site-packages/airflow/example_dags/example_short_circuit_operator.py
[2024-11-18T03:11:02.023+0000] {processor.py:914} INFO - Processing file /home/airflow/.local/lib/python3.12/site-packages/airflow/example_dags/example_short_circuit_operator.py for tasks to queue
[2024-11-18T03:11:02.050+0000] {logging_mixin.py:190} INFO - [2024-11-18T03:11:02.048+0000] {dagbag.py:587} INFO - Filling up the DagBag from /home/airflow/.local/lib/python3.12/site-packages/airflow/example_dags/example_short_circuit_operator.py
[2024-11-18T03:11:02.074+0000] {processor.py:925} INFO - DAG(s) 'example_short_circuit_operator' retrieved from /home/airflow/.local/lib/python3.12/site-packages/airflow/example_dags/example_short_circuit_operator.py
[2024-11-18T03:11:02.159+0000] {logging_mixin.py:190} INFO - [2024-11-18T03:11:02.159+0000] {dag.py:3229} INFO - Sync 1 DAGs
[2024-11-18T03:11:02.178+0000] {logging_mixin.py:190} INFO - [2024-11-18T03:11:02.178+0000] {dag.py:4156} INFO - Setting next_dagrun for example_short_circuit_operator to None, run_after=None
[2024-11-18T03:11:02.235+0000] {processor.py:208} INFO - Processing /home/airflow/.local/lib/python3.12/site-packages/airflow/example_dags/example_short_circuit_operator.py took 0.301 seconds
[2024-11-18T03:11:34.296+0000] {processor.py:186} INFO - Started process (PID=2023) to work on /home/airflow/.local/lib/python3.12/site-packages/airflow/example_dags/example_short_circuit_operator.py
[2024-11-18T03:11:34.310+0000] {processor.py:914} INFO - Processing file /home/airflow/.local/lib/python3.12/site-packages/airflow/example_dags/example_short_circuit_operator.py for tasks to queue
[2024-11-18T03:11:34.345+0000] {logging_mixin.py:190} INFO - [2024-11-18T03:11:34.345+0000] {dagbag.py:587} INFO - Filling up the DagBag from /home/airflow/.local/lib/python3.12/site-packages/airflow/example_dags/example_short_circuit_operator.py
[2024-11-18T03:11:34.453+0000] {processor.py:925} INFO - DAG(s) 'example_short_circuit_operator' retrieved from /home/airflow/.local/lib/python3.12/site-packages/airflow/example_dags/example_short_circuit_operator.py
[2024-11-18T03:11:34.538+0000] {logging_mixin.py:190} INFO - [2024-11-18T03:11:34.534+0000] {dag.py:3229} INFO - Sync 1 DAGs
[2024-11-18T03:11:34.582+0000] {logging_mixin.py:190} INFO - [2024-11-18T03:11:34.582+0000] {dag.py:4156} INFO - Setting next_dagrun for example_short_circuit_operator to None, run_after=None
[2024-11-18T03:11:34.675+0000] {processor.py:208} INFO - Processing /home/airflow/.local/lib/python3.12/site-packages/airflow/example_dags/example_short_circuit_operator.py took 0.412 seconds
[2024-11-18T03:12:05.747+0000] {processor.py:186} INFO - Started process (PID=2084) to work on /home/airflow/.local/lib/python3.12/site-packages/airflow/example_dags/example_short_circuit_operator.py
[2024-11-18T03:12:05.762+0000] {processor.py:914} INFO - Processing file /home/airflow/.local/lib/python3.12/site-packages/airflow/example_dags/example_short_circuit_operator.py for tasks to queue
[2024-11-18T03:12:05.782+0000] {logging_mixin.py:190} INFO - [2024-11-18T03:12:05.782+0000] {dagbag.py:587} INFO - Filling up the DagBag from /home/airflow/.local/lib/python3.12/site-packages/airflow/example_dags/example_short_circuit_operator.py
[2024-11-18T03:12:05.887+0000] {processor.py:925} INFO - DAG(s) 'example_short_circuit_operator' retrieved from /home/airflow/.local/lib/python3.12/site-packages/airflow/example_dags/example_short_circuit_operator.py
[2024-11-18T03:12:05.958+0000] {logging_mixin.py:190} INFO - [2024-11-18T03:12:05.956+0000] {dag.py:3229} INFO - Sync 1 DAGs
[2024-11-18T03:12:06.009+0000] {logging_mixin.py:190} INFO - [2024-11-18T03:12:06.009+0000] {dag.py:4156} INFO - Setting next_dagrun for example_short_circuit_operator to None, run_after=None
[2024-11-18T03:12:06.106+0000] {processor.py:208} INFO - Processing /home/airflow/.local/lib/python3.12/site-packages/airflow/example_dags/example_short_circuit_operator.py took 0.396 seconds
[2024-11-18T03:12:36.631+0000] {processor.py:186} INFO - Started process (PID=2147) to work on /home/airflow/.local/lib/python3.12/site-packages/airflow/example_dags/example_short_circuit_operator.py
[2024-11-18T03:12:36.632+0000] {processor.py:914} INFO - Processing file /home/airflow/.local/lib/python3.12/site-packages/airflow/example_dags/example_short_circuit_operator.py for tasks to queue
[2024-11-18T03:12:36.635+0000] {logging_mixin.py:190} INFO - [2024-11-18T03:12:36.635+0000] {dagbag.py:587} INFO - Filling up the DagBag from /home/airflow/.local/lib/python3.12/site-packages/airflow/example_dags/example_short_circuit_operator.py
[2024-11-18T03:12:36.647+0000] {processor.py:925} INFO - DAG(s) 'example_short_circuit_operator' retrieved from /home/airflow/.local/lib/python3.12/site-packages/airflow/example_dags/example_short_circuit_operator.py
[2024-11-18T03:12:36.675+0000] {logging_mixin.py:190} INFO - [2024-11-18T03:12:36.674+0000] {dag.py:3229} INFO - Sync 1 DAGs
[2024-11-18T03:12:36.691+0000] {logging_mixin.py:190} INFO - [2024-11-18T03:12:36.691+0000] {dag.py:4156} INFO - Setting next_dagrun for example_short_circuit_operator to None, run_after=None
[2024-11-18T03:12:36.711+0000] {processor.py:208} INFO - Processing /home/airflow/.local/lib/python3.12/site-packages/airflow/example_dags/example_short_circuit_operator.py took 0.094 seconds
[2024-11-18T03:13:08.886+0000] {processor.py:186} INFO - Started process (PID=2209) to work on /home/airflow/.local/lib/python3.12/site-packages/airflow/example_dags/example_short_circuit_operator.py
[2024-11-18T03:13:08.947+0000] {processor.py:914} INFO - Processing file /home/airflow/.local/lib/python3.12/site-packages/airflow/example_dags/example_short_circuit_operator.py for tasks to queue
[2024-11-18T03:13:08.957+0000] {logging_mixin.py:190} INFO - [2024-11-18T03:13:08.955+0000] {dagbag.py:587} INFO - Filling up the DagBag from /home/airflow/.local/lib/python3.12/site-packages/airflow/example_dags/example_short_circuit_operator.py
[2024-11-18T03:13:08.982+0000] {processor.py:925} INFO - DAG(s) 'example_short_circuit_operator' retrieved from /home/airflow/.local/lib/python3.12/site-packages/airflow/example_dags/example_short_circuit_operator.py
[2024-11-18T03:13:09.057+0000] {logging_mixin.py:190} INFO - [2024-11-18T03:13:09.055+0000] {dag.py:3229} INFO - Sync 1 DAGs
[2024-11-18T03:13:09.180+0000] {logging_mixin.py:190} INFO - [2024-11-18T03:13:09.180+0000] {dag.py:4156} INFO - Setting next_dagrun for example_short_circuit_operator to None, run_after=None
[2024-11-18T03:13:09.365+0000] {processor.py:208} INFO - Processing /home/airflow/.local/lib/python3.12/site-packages/airflow/example_dags/example_short_circuit_operator.py took 0.497 seconds
[2024-11-18T03:13:40.440+0000] {processor.py:186} INFO - Started process (PID=2271) to work on /home/airflow/.local/lib/python3.12/site-packages/airflow/example_dags/example_short_circuit_operator.py
[2024-11-18T03:13:40.453+0000] {processor.py:914} INFO - Processing file /home/airflow/.local/lib/python3.12/site-packages/airflow/example_dags/example_short_circuit_operator.py for tasks to queue
[2024-11-18T03:13:40.460+0000] {logging_mixin.py:190} INFO - [2024-11-18T03:13:40.460+0000] {dagbag.py:587} INFO - Filling up the DagBag from /home/airflow/.local/lib/python3.12/site-packages/airflow/example_dags/example_short_circuit_operator.py
[2024-11-18T03:13:40.483+0000] {processor.py:925} INFO - DAG(s) 'example_short_circuit_operator' retrieved from /home/airflow/.local/lib/python3.12/site-packages/airflow/example_dags/example_short_circuit_operator.py
[2024-11-18T03:13:40.570+0000] {logging_mixin.py:190} INFO - [2024-11-18T03:13:40.570+0000] {dag.py:3229} INFO - Sync 1 DAGs
[2024-11-18T03:13:40.657+0000] {logging_mixin.py:190} INFO - [2024-11-18T03:13:40.655+0000] {dag.py:4156} INFO - Setting next_dagrun for example_short_circuit_operator to None, run_after=None
[2024-11-18T03:13:40.746+0000] {processor.py:208} INFO - Processing /home/airflow/.local/lib/python3.12/site-packages/airflow/example_dags/example_short_circuit_operator.py took 0.313 seconds
[2024-11-18T03:14:16.631+0000] {processor.py:186} INFO - Started process (PID=2333) to work on /home/airflow/.local/lib/python3.12/site-packages/airflow/example_dags/example_short_circuit_operator.py
[2024-11-18T03:14:16.684+0000] {processor.py:914} INFO - Processing file /home/airflow/.local/lib/python3.12/site-packages/airflow/example_dags/example_short_circuit_operator.py for tasks to queue
[2024-11-18T03:14:16.687+0000] {logging_mixin.py:190} INFO - [2024-11-18T03:14:16.687+0000] {dagbag.py:587} INFO - Filling up the DagBag from /home/airflow/.local/lib/python3.12/site-packages/airflow/example_dags/example_short_circuit_operator.py
[2024-11-18T03:14:16.824+0000] {processor.py:925} INFO - DAG(s) 'example_short_circuit_operator' retrieved from /home/airflow/.local/lib/python3.12/site-packages/airflow/example_dags/example_short_circuit_operator.py
[2024-11-18T03:14:16.912+0000] {logging_mixin.py:190} INFO - [2024-11-18T03:14:16.911+0000] {dag.py:3229} INFO - Sync 1 DAGs
[2024-11-18T03:14:16.943+0000] {logging_mixin.py:190} INFO - [2024-11-18T03:14:16.943+0000] {dag.py:4156} INFO - Setting next_dagrun for example_short_circuit_operator to None, run_after=None
[2024-11-18T03:14:17.075+0000] {processor.py:208} INFO - Processing /home/airflow/.local/lib/python3.12/site-packages/airflow/example_dags/example_short_circuit_operator.py took 0.471 seconds
[2024-11-18T03:14:49.432+0000] {processor.py:186} INFO - Started process (PID=2395) to work on /home/airflow/.local/lib/python3.12/site-packages/airflow/example_dags/example_short_circuit_operator.py
[2024-11-18T03:14:49.435+0000] {processor.py:914} INFO - Processing file /home/airflow/.local/lib/python3.12/site-packages/airflow/example_dags/example_short_circuit_operator.py for tasks to queue
[2024-11-18T03:14:49.455+0000] {logging_mixin.py:190} INFO - [2024-11-18T03:14:49.451+0000] {dagbag.py:587} INFO - Filling up the DagBag from /home/airflow/.local/lib/python3.12/site-packages/airflow/example_dags/example_short_circuit_operator.py
[2024-11-18T03:14:49.502+0000] {processor.py:925} INFO - DAG(s) 'example_short_circuit_operator' retrieved from /home/airflow/.local/lib/python3.12/site-packages/airflow/example_dags/example_short_circuit_operator.py
[2024-11-18T03:14:49.633+0000] {logging_mixin.py:190} INFO - [2024-11-18T03:14:49.633+0000] {dag.py:3229} INFO - Sync 1 DAGs
[2024-11-18T03:14:49.808+0000] {logging_mixin.py:190} INFO - [2024-11-18T03:14:49.802+0000] {dag.py:4156} INFO - Setting next_dagrun for example_short_circuit_operator to None, run_after=None
[2024-11-18T03:14:49.895+0000] {processor.py:208} INFO - Processing /home/airflow/.local/lib/python3.12/site-packages/airflow/example_dags/example_short_circuit_operator.py took 0.480 seconds
[2024-11-18T03:15:20.439+0000] {processor.py:186} INFO - Started process (PID=2456) to work on /home/airflow/.local/lib/python3.12/site-packages/airflow/example_dags/example_short_circuit_operator.py
[2024-11-18T03:15:20.442+0000] {processor.py:914} INFO - Processing file /home/airflow/.local/lib/python3.12/site-packages/airflow/example_dags/example_short_circuit_operator.py for tasks to queue
[2024-11-18T03:15:20.452+0000] {logging_mixin.py:190} INFO - [2024-11-18T03:15:20.451+0000] {dagbag.py:587} INFO - Filling up the DagBag from /home/airflow/.local/lib/python3.12/site-packages/airflow/example_dags/example_short_circuit_operator.py
[2024-11-18T03:15:20.475+0000] {processor.py:925} INFO - DAG(s) 'example_short_circuit_operator' retrieved from /home/airflow/.local/lib/python3.12/site-packages/airflow/example_dags/example_short_circuit_operator.py
[2024-11-18T03:15:20.610+0000] {logging_mixin.py:190} INFO - [2024-11-18T03:15:20.610+0000] {dag.py:3229} INFO - Sync 1 DAGs
[2024-11-18T03:15:20.652+0000] {logging_mixin.py:190} INFO - [2024-11-18T03:15:20.650+0000] {dag.py:4156} INFO - Setting next_dagrun for example_short_circuit_operator to None, run_after=None
[2024-11-18T03:15:20.726+0000] {processor.py:208} INFO - Processing /home/airflow/.local/lib/python3.12/site-packages/airflow/example_dags/example_short_circuit_operator.py took 0.305 seconds
[2024-11-18T03:15:50.832+0000] {processor.py:186} INFO - Started process (PID=2517) to work on /home/airflow/.local/lib/python3.12/site-packages/airflow/example_dags/example_short_circuit_operator.py
[2024-11-18T03:15:50.833+0000] {processor.py:914} INFO - Processing file /home/airflow/.local/lib/python3.12/site-packages/airflow/example_dags/example_short_circuit_operator.py for tasks to queue
[2024-11-18T03:15:50.846+0000] {logging_mixin.py:190} INFO - [2024-11-18T03:15:50.846+0000] {dagbag.py:587} INFO - Filling up the DagBag from /home/airflow/.local/lib/python3.12/site-packages/airflow/example_dags/example_short_circuit_operator.py
[2024-11-18T03:15:50.923+0000] {processor.py:925} INFO - DAG(s) 'example_short_circuit_operator' retrieved from /home/airflow/.local/lib/python3.12/site-packages/airflow/example_dags/example_short_circuit_operator.py
[2024-11-18T03:15:51.024+0000] {logging_mixin.py:190} INFO - [2024-11-18T03:15:51.023+0000] {dag.py:3229} INFO - Sync 1 DAGs
[2024-11-18T03:15:51.064+0000] {logging_mixin.py:190} INFO - [2024-11-18T03:15:51.061+0000] {dag.py:4156} INFO - Setting next_dagrun for example_short_circuit_operator to None, run_after=None
[2024-11-18T03:15:51.110+0000] {processor.py:208} INFO - Processing /home/airflow/.local/lib/python3.12/site-packages/airflow/example_dags/example_short_circuit_operator.py took 0.295 seconds
[2024-11-18T03:16:21.859+0000] {processor.py:186} INFO - Started process (PID=2579) to work on /home/airflow/.local/lib/python3.12/site-packages/airflow/example_dags/example_short_circuit_operator.py
[2024-11-18T03:16:21.862+0000] {processor.py:914} INFO - Processing file /home/airflow/.local/lib/python3.12/site-packages/airflow/example_dags/example_short_circuit_operator.py for tasks to queue
[2024-11-18T03:16:21.871+0000] {logging_mixin.py:190} INFO - [2024-11-18T03:16:21.869+0000] {dagbag.py:587} INFO - Filling up the DagBag from /home/airflow/.local/lib/python3.12/site-packages/airflow/example_dags/example_short_circuit_operator.py
[2024-11-18T03:16:21.901+0000] {processor.py:925} INFO - DAG(s) 'example_short_circuit_operator' retrieved from /home/airflow/.local/lib/python3.12/site-packages/airflow/example_dags/example_short_circuit_operator.py
[2024-11-18T03:16:22.071+0000] {logging_mixin.py:190} INFO - [2024-11-18T03:16:22.069+0000] {dag.py:3229} INFO - Sync 1 DAGs
[2024-11-18T03:16:22.131+0000] {logging_mixin.py:190} INFO - [2024-11-18T03:16:22.131+0000] {dag.py:4156} INFO - Setting next_dagrun for example_short_circuit_operator to None, run_after=None
[2024-11-18T03:16:22.192+0000] {processor.py:208} INFO - Processing /home/airflow/.local/lib/python3.12/site-packages/airflow/example_dags/example_short_circuit_operator.py took 0.364 seconds
[2024-11-18T03:16:55.431+0000] {processor.py:186} INFO - Started process (PID=2640) to work on /home/airflow/.local/lib/python3.12/site-packages/airflow/example_dags/example_short_circuit_operator.py
[2024-11-18T03:16:55.435+0000] {processor.py:914} INFO - Processing file /home/airflow/.local/lib/python3.12/site-packages/airflow/example_dags/example_short_circuit_operator.py for tasks to queue
[2024-11-18T03:16:55.441+0000] {logging_mixin.py:190} INFO - [2024-11-18T03:16:55.440+0000] {dagbag.py:587} INFO - Filling up the DagBag from /home/airflow/.local/lib/python3.12/site-packages/airflow/example_dags/example_short_circuit_operator.py
[2024-11-18T03:16:55.469+0000] {processor.py:925} INFO - DAG(s) 'example_short_circuit_operator' retrieved from /home/airflow/.local/lib/python3.12/site-packages/airflow/example_dags/example_short_circuit_operator.py
[2024-11-18T03:16:55.592+0000] {logging_mixin.py:190} INFO - [2024-11-18T03:16:55.592+0000] {dag.py:3229} INFO - Sync 1 DAGs
[2024-11-18T03:16:55.619+0000] {logging_mixin.py:190} INFO - [2024-11-18T03:16:55.618+0000] {dag.py:4156} INFO - Setting next_dagrun for example_short_circuit_operator to None, run_after=None
[2024-11-18T03:16:55.644+0000] {processor.py:208} INFO - Processing /home/airflow/.local/lib/python3.12/site-packages/airflow/example_dags/example_short_circuit_operator.py took 0.251 seconds
