[2024-11-18T02:55:20.628+0000] {processor.py:186} INFO - Started process (PID=66) to work on /home/airflow/.local/lib/python3.12/site-packages/airflow/example_dags/example_branch_day_of_week_operator.py
[2024-11-18T02:55:20.636+0000] {processor.py:914} INFO - Processing file /home/airflow/.local/lib/python3.12/site-packages/airflow/example_dags/example_branch_day_of_week_operator.py for tasks to queue
[2024-11-18T02:55:20.656+0000] {logging_mixin.py:190} INFO - [2024-11-18T02:55:20.656+0000] {dagbag.py:587} INFO - Filling up the DagBag from /home/airflow/.local/lib/python3.12/site-packages/airflow/example_dags/example_branch_day_of_week_operator.py
[2024-11-18T02:55:20.795+0000] {processor.py:925} INFO - DAG(s) 'example_weekday_branch_operator' retrieved from /home/airflow/.local/lib/python3.12/site-packages/airflow/example_dags/example_branch_day_of_week_operator.py
[2024-11-18T02:55:21.183+0000] {logging_mixin.py:190} INFO - [2024-11-18T02:55:21.183+0000] {dag.py:3229} INFO - Sync 1 DAGs
[2024-11-18T02:55:21.548+0000] {logging_mixin.py:190} INFO - [2024-11-18T02:55:21.535+0000] {dag.py:4156} INFO - Setting next_dagrun for example_weekday_branch_operator to 2024-11-17 00:00:00+00:00, run_after=2024-11-18 00:00:00+00:00
[2024-11-18T02:55:21.703+0000] {processor.py:208} INFO - Processing /home/airflow/.local/lib/python3.12/site-packages/airflow/example_dags/example_branch_day_of_week_operator.py took 1.133 seconds
[2024-11-18T02:55:52.086+0000] {processor.py:186} INFO - Started process (PID=128) to work on /home/airflow/.local/lib/python3.12/site-packages/airflow/example_dags/example_branch_day_of_week_operator.py
[2024-11-18T02:55:52.093+0000] {processor.py:914} INFO - Processing file /home/airflow/.local/lib/python3.12/site-packages/airflow/example_dags/example_branch_day_of_week_operator.py for tasks to queue
[2024-11-18T02:55:52.111+0000] {logging_mixin.py:190} INFO - [2024-11-18T02:55:52.105+0000] {dagbag.py:587} INFO - Filling up the DagBag from /home/airflow/.local/lib/python3.12/site-packages/airflow/example_dags/example_branch_day_of_week_operator.py
[2024-11-18T02:55:52.178+0000] {processor.py:925} INFO - DAG(s) 'example_weekday_branch_operator' retrieved from /home/airflow/.local/lib/python3.12/site-packages/airflow/example_dags/example_branch_day_of_week_operator.py
[2024-11-18T02:55:52.263+0000] {logging_mixin.py:190} INFO - [2024-11-18T02:55:52.263+0000] {dag.py:3229} INFO - Sync 1 DAGs
[2024-11-18T02:55:52.357+0000] {logging_mixin.py:190} INFO - [2024-11-18T02:55:52.355+0000] {dag.py:4156} INFO - Setting next_dagrun for example_weekday_branch_operator to 2024-11-17 00:00:00+00:00, run_after=2024-11-18 00:00:00+00:00
[2024-11-18T02:55:52.433+0000] {processor.py:208} INFO - Processing /home/airflow/.local/lib/python3.12/site-packages/airflow/example_dags/example_branch_day_of_week_operator.py took 0.373 seconds
[2024-11-18T02:56:22.695+0000] {processor.py:186} INFO - Started process (PID=190) to work on /home/airflow/.local/lib/python3.12/site-packages/airflow/example_dags/example_branch_day_of_week_operator.py
[2024-11-18T02:56:22.698+0000] {processor.py:914} INFO - Processing file /home/airflow/.local/lib/python3.12/site-packages/airflow/example_dags/example_branch_day_of_week_operator.py for tasks to queue
[2024-11-18T02:56:22.708+0000] {logging_mixin.py:190} INFO - [2024-11-18T02:56:22.704+0000] {dagbag.py:587} INFO - Filling up the DagBag from /home/airflow/.local/lib/python3.12/site-packages/airflow/example_dags/example_branch_day_of_week_operator.py
[2024-11-18T02:56:22.738+0000] {processor.py:925} INFO - DAG(s) 'example_weekday_branch_operator' retrieved from /home/airflow/.local/lib/python3.12/site-packages/airflow/example_dags/example_branch_day_of_week_operator.py
[2024-11-18T02:56:22.778+0000] {logging_mixin.py:190} INFO - [2024-11-18T02:56:22.778+0000] {dag.py:3229} INFO - Sync 1 DAGs
[2024-11-18T02:56:22.826+0000] {logging_mixin.py:190} INFO - [2024-11-18T02:56:22.826+0000] {dag.py:4156} INFO - Setting next_dagrun for example_weekday_branch_operator to 2024-11-17 00:00:00+00:00, run_after=2024-11-18 00:00:00+00:00
[2024-11-18T02:56:22.860+0000] {processor.py:208} INFO - Processing /home/airflow/.local/lib/python3.12/site-packages/airflow/example_dags/example_branch_day_of_week_operator.py took 0.178 seconds
[2024-11-18T02:56:53.965+0000] {processor.py:186} INFO - Started process (PID=251) to work on /home/airflow/.local/lib/python3.12/site-packages/airflow/example_dags/example_branch_day_of_week_operator.py
[2024-11-18T02:56:53.974+0000] {processor.py:914} INFO - Processing file /home/airflow/.local/lib/python3.12/site-packages/airflow/example_dags/example_branch_day_of_week_operator.py for tasks to queue
[2024-11-18T02:56:53.986+0000] {logging_mixin.py:190} INFO - [2024-11-18T02:56:53.986+0000] {dagbag.py:587} INFO - Filling up the DagBag from /home/airflow/.local/lib/python3.12/site-packages/airflow/example_dags/example_branch_day_of_week_operator.py
[2024-11-18T02:56:54.066+0000] {processor.py:925} INFO - DAG(s) 'example_weekday_branch_operator' retrieved from /home/airflow/.local/lib/python3.12/site-packages/airflow/example_dags/example_branch_day_of_week_operator.py
[2024-11-18T02:56:54.180+0000] {logging_mixin.py:190} INFO - [2024-11-18T02:56:54.180+0000] {dag.py:3229} INFO - Sync 1 DAGs
[2024-11-18T02:56:54.343+0000] {logging_mixin.py:190} INFO - [2024-11-18T02:56:54.343+0000] {dag.py:4156} INFO - Setting next_dagrun for example_weekday_branch_operator to 2024-11-17 00:00:00+00:00, run_after=2024-11-18 00:00:00+00:00
[2024-11-18T02:56:54.446+0000] {processor.py:208} INFO - Processing /home/airflow/.local/lib/python3.12/site-packages/airflow/example_dags/example_branch_day_of_week_operator.py took 0.528 seconds
[2024-11-18T02:57:24.553+0000] {processor.py:186} INFO - Started process (PID=313) to work on /home/airflow/.local/lib/python3.12/site-packages/airflow/example_dags/example_branch_day_of_week_operator.py
[2024-11-18T02:57:24.556+0000] {processor.py:914} INFO - Processing file /home/airflow/.local/lib/python3.12/site-packages/airflow/example_dags/example_branch_day_of_week_operator.py for tasks to queue
[2024-11-18T02:57:24.559+0000] {logging_mixin.py:190} INFO - [2024-11-18T02:57:24.559+0000] {dagbag.py:587} INFO - Filling up the DagBag from /home/airflow/.local/lib/python3.12/site-packages/airflow/example_dags/example_branch_day_of_week_operator.py
[2024-11-18T02:57:24.579+0000] {processor.py:925} INFO - DAG(s) 'example_weekday_branch_operator' retrieved from /home/airflow/.local/lib/python3.12/site-packages/airflow/example_dags/example_branch_day_of_week_operator.py
[2024-11-18T02:57:24.621+0000] {logging_mixin.py:190} INFO - [2024-11-18T02:57:24.620+0000] {dag.py:3229} INFO - Sync 1 DAGs
[2024-11-18T02:57:24.675+0000] {logging_mixin.py:190} INFO - [2024-11-18T02:57:24.675+0000] {dag.py:4156} INFO - Setting next_dagrun for example_weekday_branch_operator to 2024-11-17 00:00:00+00:00, run_after=2024-11-18 00:00:00+00:00
[2024-11-18T02:57:24.716+0000] {processor.py:208} INFO - Processing /home/airflow/.local/lib/python3.12/site-packages/airflow/example_dags/example_branch_day_of_week_operator.py took 0.176 seconds
[2024-11-18T02:57:54.907+0000] {processor.py:186} INFO - Started process (PID=375) to work on /home/airflow/.local/lib/python3.12/site-packages/airflow/example_dags/example_branch_day_of_week_operator.py
[2024-11-18T02:57:54.910+0000] {processor.py:914} INFO - Processing file /home/airflow/.local/lib/python3.12/site-packages/airflow/example_dags/example_branch_day_of_week_operator.py for tasks to queue
[2024-11-18T02:57:54.914+0000] {logging_mixin.py:190} INFO - [2024-11-18T02:57:54.914+0000] {dagbag.py:587} INFO - Filling up the DagBag from /home/airflow/.local/lib/python3.12/site-packages/airflow/example_dags/example_branch_day_of_week_operator.py
[2024-11-18T02:57:54.935+0000] {processor.py:925} INFO - DAG(s) 'example_weekday_branch_operator' retrieved from /home/airflow/.local/lib/python3.12/site-packages/airflow/example_dags/example_branch_day_of_week_operator.py
[2024-11-18T02:57:54.979+0000] {logging_mixin.py:190} INFO - [2024-11-18T02:57:54.978+0000] {dag.py:3229} INFO - Sync 1 DAGs
[2024-11-18T02:57:55.027+0000] {logging_mixin.py:190} INFO - [2024-11-18T02:57:55.027+0000] {dag.py:4156} INFO - Setting next_dagrun for example_weekday_branch_operator to 2024-11-17 00:00:00+00:00, run_after=2024-11-18 00:00:00+00:00
[2024-11-18T02:57:55.062+0000] {processor.py:208} INFO - Processing /home/airflow/.local/lib/python3.12/site-packages/airflow/example_dags/example_branch_day_of_week_operator.py took 0.172 seconds
[2024-11-18T02:58:26.037+0000] {processor.py:186} INFO - Started process (PID=438) to work on /home/airflow/.local/lib/python3.12/site-packages/airflow/example_dags/example_branch_day_of_week_operator.py
[2024-11-18T02:58:26.039+0000] {processor.py:914} INFO - Processing file /home/airflow/.local/lib/python3.12/site-packages/airflow/example_dags/example_branch_day_of_week_operator.py for tasks to queue
[2024-11-18T02:58:26.045+0000] {logging_mixin.py:190} INFO - [2024-11-18T02:58:26.043+0000] {dagbag.py:587} INFO - Filling up the DagBag from /home/airflow/.local/lib/python3.12/site-packages/airflow/example_dags/example_branch_day_of_week_operator.py
[2024-11-18T02:58:26.068+0000] {processor.py:925} INFO - DAG(s) 'example_weekday_branch_operator' retrieved from /home/airflow/.local/lib/python3.12/site-packages/airflow/example_dags/example_branch_day_of_week_operator.py
[2024-11-18T02:58:26.110+0000] {logging_mixin.py:190} INFO - [2024-11-18T02:58:26.110+0000] {dag.py:3229} INFO - Sync 1 DAGs
[2024-11-18T02:58:26.154+0000] {logging_mixin.py:190} INFO - [2024-11-18T02:58:26.152+0000] {dag.py:4156} INFO - Setting next_dagrun for example_weekday_branch_operator to 2024-11-17 00:00:00+00:00, run_after=2024-11-18 00:00:00+00:00
[2024-11-18T02:58:26.187+0000] {processor.py:208} INFO - Processing /home/airflow/.local/lib/python3.12/site-packages/airflow/example_dags/example_branch_day_of_week_operator.py took 0.163 seconds
[2024-11-18T02:58:56.325+0000] {processor.py:186} INFO - Started process (PID=500) to work on /home/airflow/.local/lib/python3.12/site-packages/airflow/example_dags/example_branch_day_of_week_operator.py
[2024-11-18T02:58:56.328+0000] {processor.py:914} INFO - Processing file /home/airflow/.local/lib/python3.12/site-packages/airflow/example_dags/example_branch_day_of_week_operator.py for tasks to queue
[2024-11-18T02:58:56.332+0000] {logging_mixin.py:190} INFO - [2024-11-18T02:58:56.332+0000] {dagbag.py:587} INFO - Filling up the DagBag from /home/airflow/.local/lib/python3.12/site-packages/airflow/example_dags/example_branch_day_of_week_operator.py
[2024-11-18T02:58:56.353+0000] {processor.py:925} INFO - DAG(s) 'example_weekday_branch_operator' retrieved from /home/airflow/.local/lib/python3.12/site-packages/airflow/example_dags/example_branch_day_of_week_operator.py
[2024-11-18T02:58:56.401+0000] {logging_mixin.py:190} INFO - [2024-11-18T02:58:56.401+0000] {dag.py:3229} INFO - Sync 1 DAGs
[2024-11-18T02:58:56.447+0000] {logging_mixin.py:190} INFO - [2024-11-18T02:58:56.446+0000] {dag.py:4156} INFO - Setting next_dagrun for example_weekday_branch_operator to 2024-11-17 00:00:00+00:00, run_after=2024-11-18 00:00:00+00:00
[2024-11-18T02:58:56.476+0000] {processor.py:208} INFO - Processing /home/airflow/.local/lib/python3.12/site-packages/airflow/example_dags/example_branch_day_of_week_operator.py took 0.166 seconds
[2024-11-18T02:59:29.914+0000] {processor.py:186} INFO - Started process (PID=556) to work on /home/airflow/.local/lib/python3.12/site-packages/airflow/example_dags/example_branch_day_of_week_operator.py
[2024-11-18T02:59:29.914+0000] {processor.py:914} INFO - Processing file /home/airflow/.local/lib/python3.12/site-packages/airflow/example_dags/example_branch_day_of_week_operator.py for tasks to queue
[2024-11-18T02:59:29.934+0000] {logging_mixin.py:190} INFO - [2024-11-18T02:59:29.927+0000] {dagbag.py:587} INFO - Filling up the DagBag from /home/airflow/.local/lib/python3.12/site-packages/airflow/example_dags/example_branch_day_of_week_operator.py
[2024-11-18T02:59:29.989+0000] {processor.py:925} INFO - DAG(s) 'example_weekday_branch_operator' retrieved from /home/airflow/.local/lib/python3.12/site-packages/airflow/example_dags/example_branch_day_of_week_operator.py
[2024-11-18T02:59:30.096+0000] {logging_mixin.py:190} INFO - [2024-11-18T02:59:30.091+0000] {dag.py:3229} INFO - Sync 1 DAGs
[2024-11-18T02:59:30.241+0000] {logging_mixin.py:190} INFO - [2024-11-18T02:59:30.235+0000] {dag.py:4156} INFO - Setting next_dagrun for example_weekday_branch_operator to 2024-11-17 00:00:00+00:00, run_after=2024-11-18 00:00:00+00:00
[2024-11-18T02:59:30.326+0000] {processor.py:208} INFO - Processing /home/airflow/.local/lib/python3.12/site-packages/airflow/example_dags/example_branch_day_of_week_operator.py took 0.459 seconds
[2024-11-18T03:00:00.818+0000] {processor.py:186} INFO - Started process (PID=618) to work on /home/airflow/.local/lib/python3.12/site-packages/airflow/example_dags/example_branch_day_of_week_operator.py
[2024-11-18T03:00:00.821+0000] {processor.py:914} INFO - Processing file /home/airflow/.local/lib/python3.12/site-packages/airflow/example_dags/example_branch_day_of_week_operator.py for tasks to queue
[2024-11-18T03:00:00.825+0000] {logging_mixin.py:190} INFO - [2024-11-18T03:00:00.825+0000] {dagbag.py:587} INFO - Filling up the DagBag from /home/airflow/.local/lib/python3.12/site-packages/airflow/example_dags/example_branch_day_of_week_operator.py
[2024-11-18T03:00:00.844+0000] {processor.py:925} INFO - DAG(s) 'example_weekday_branch_operator' retrieved from /home/airflow/.local/lib/python3.12/site-packages/airflow/example_dags/example_branch_day_of_week_operator.py
[2024-11-18T03:00:00.888+0000] {logging_mixin.py:190} INFO - [2024-11-18T03:00:00.888+0000] {dag.py:3229} INFO - Sync 1 DAGs
[2024-11-18T03:00:00.933+0000] {logging_mixin.py:190} INFO - [2024-11-18T03:00:00.933+0000] {dag.py:4156} INFO - Setting next_dagrun for example_weekday_branch_operator to 2024-11-17 00:00:00+00:00, run_after=2024-11-18 00:00:00+00:00
[2024-11-18T03:00:00.969+0000] {processor.py:208} INFO - Processing /home/airflow/.local/lib/python3.12/site-packages/airflow/example_dags/example_branch_day_of_week_operator.py took 0.167 seconds
[2024-11-18T03:00:31.056+0000] {processor.py:186} INFO - Started process (PID=676) to work on /home/airflow/.local/lib/python3.12/site-packages/airflow/example_dags/example_branch_day_of_week_operator.py
[2024-11-18T03:00:31.058+0000] {processor.py:914} INFO - Processing file /home/airflow/.local/lib/python3.12/site-packages/airflow/example_dags/example_branch_day_of_week_operator.py for tasks to queue
[2024-11-18T03:00:31.062+0000] {logging_mixin.py:190} INFO - [2024-11-18T03:00:31.062+0000] {dagbag.py:587} INFO - Filling up the DagBag from /home/airflow/.local/lib/python3.12/site-packages/airflow/example_dags/example_branch_day_of_week_operator.py
[2024-11-18T03:00:31.084+0000] {processor.py:925} INFO - DAG(s) 'example_weekday_branch_operator' retrieved from /home/airflow/.local/lib/python3.12/site-packages/airflow/example_dags/example_branch_day_of_week_operator.py
[2024-11-18T03:00:31.130+0000] {logging_mixin.py:190} INFO - [2024-11-18T03:00:31.130+0000] {dag.py:3229} INFO - Sync 1 DAGs
[2024-11-18T03:00:31.175+0000] {logging_mixin.py:190} INFO - [2024-11-18T03:00:31.175+0000] {dag.py:4156} INFO - Setting next_dagrun for example_weekday_branch_operator to 2024-11-17 00:00:00+00:00, run_after=2024-11-18 00:00:00+00:00
[2024-11-18T03:00:31.216+0000] {processor.py:208} INFO - Processing /home/airflow/.local/lib/python3.12/site-packages/airflow/example_dags/example_branch_day_of_week_operator.py took 0.173 seconds
[2024-11-18T03:01:01.790+0000] {processor.py:186} INFO - Started process (PID=739) to work on /home/airflow/.local/lib/python3.12/site-packages/airflow/example_dags/example_branch_day_of_week_operator.py
[2024-11-18T03:01:01.793+0000] {processor.py:914} INFO - Processing file /home/airflow/.local/lib/python3.12/site-packages/airflow/example_dags/example_branch_day_of_week_operator.py for tasks to queue
[2024-11-18T03:01:01.797+0000] {logging_mixin.py:190} INFO - [2024-11-18T03:01:01.797+0000] {dagbag.py:587} INFO - Filling up the DagBag from /home/airflow/.local/lib/python3.12/site-packages/airflow/example_dags/example_branch_day_of_week_operator.py
[2024-11-18T03:01:01.820+0000] {processor.py:925} INFO - DAG(s) 'example_weekday_branch_operator' retrieved from /home/airflow/.local/lib/python3.12/site-packages/airflow/example_dags/example_branch_day_of_week_operator.py
[2024-11-18T03:01:01.864+0000] {logging_mixin.py:190} INFO - [2024-11-18T03:01:01.864+0000] {dag.py:3229} INFO - Sync 1 DAGs
[2024-11-18T03:01:01.915+0000] {logging_mixin.py:190} INFO - [2024-11-18T03:01:01.913+0000] {dag.py:4156} INFO - Setting next_dagrun for example_weekday_branch_operator to 2024-11-17 00:00:00+00:00, run_after=2024-11-18 00:00:00+00:00
[2024-11-18T03:01:01.955+0000] {processor.py:208} INFO - Processing /home/airflow/.local/lib/python3.12/site-packages/airflow/example_dags/example_branch_day_of_week_operator.py took 0.181 seconds
[2024-11-18T03:01:32.670+0000] {processor.py:186} INFO - Started process (PID=801) to work on /home/airflow/.local/lib/python3.12/site-packages/airflow/example_dags/example_branch_day_of_week_operator.py
[2024-11-18T03:01:32.673+0000] {processor.py:914} INFO - Processing file /home/airflow/.local/lib/python3.12/site-packages/airflow/example_dags/example_branch_day_of_week_operator.py for tasks to queue
[2024-11-18T03:01:32.678+0000] {logging_mixin.py:190} INFO - [2024-11-18T03:01:32.678+0000] {dagbag.py:587} INFO - Filling up the DagBag from /home/airflow/.local/lib/python3.12/site-packages/airflow/example_dags/example_branch_day_of_week_operator.py
[2024-11-18T03:01:32.697+0000] {processor.py:925} INFO - DAG(s) 'example_weekday_branch_operator' retrieved from /home/airflow/.local/lib/python3.12/site-packages/airflow/example_dags/example_branch_day_of_week_operator.py
[2024-11-18T03:01:32.743+0000] {logging_mixin.py:190} INFO - [2024-11-18T03:01:32.743+0000] {dag.py:3229} INFO - Sync 1 DAGs
[2024-11-18T03:01:32.792+0000] {logging_mixin.py:190} INFO - [2024-11-18T03:01:32.792+0000] {dag.py:4156} INFO - Setting next_dagrun for example_weekday_branch_operator to 2024-11-17 00:00:00+00:00, run_after=2024-11-18 00:00:00+00:00
[2024-11-18T03:01:32.832+0000] {processor.py:208} INFO - Processing /home/airflow/.local/lib/python3.12/site-packages/airflow/example_dags/example_branch_day_of_week_operator.py took 0.176 seconds
[2024-11-18T03:02:03.081+0000] {processor.py:186} INFO - Started process (PID=863) to work on /home/airflow/.local/lib/python3.12/site-packages/airflow/example_dags/example_branch_day_of_week_operator.py
[2024-11-18T03:02:03.084+0000] {processor.py:914} INFO - Processing file /home/airflow/.local/lib/python3.12/site-packages/airflow/example_dags/example_branch_day_of_week_operator.py for tasks to queue
[2024-11-18T03:02:03.088+0000] {logging_mixin.py:190} INFO - [2024-11-18T03:02:03.088+0000] {dagbag.py:587} INFO - Filling up the DagBag from /home/airflow/.local/lib/python3.12/site-packages/airflow/example_dags/example_branch_day_of_week_operator.py
[2024-11-18T03:02:03.107+0000] {processor.py:925} INFO - DAG(s) 'example_weekday_branch_operator' retrieved from /home/airflow/.local/lib/python3.12/site-packages/airflow/example_dags/example_branch_day_of_week_operator.py
[2024-11-18T03:02:03.147+0000] {logging_mixin.py:190} INFO - [2024-11-18T03:02:03.147+0000] {dag.py:3229} INFO - Sync 1 DAGs
[2024-11-18T03:02:03.196+0000] {logging_mixin.py:190} INFO - [2024-11-18T03:02:03.196+0000] {dag.py:4156} INFO - Setting next_dagrun for example_weekday_branch_operator to 2024-11-17 00:00:00+00:00, run_after=2024-11-18 00:00:00+00:00
[2024-11-18T03:02:03.236+0000] {processor.py:208} INFO - Processing /home/airflow/.local/lib/python3.12/site-packages/airflow/example_dags/example_branch_day_of_week_operator.py took 0.168 seconds
[2024-11-18T03:02:33.406+0000] {processor.py:186} INFO - Started process (PID=925) to work on /home/airflow/.local/lib/python3.12/site-packages/airflow/example_dags/example_branch_day_of_week_operator.py
[2024-11-18T03:02:33.411+0000] {processor.py:914} INFO - Processing file /home/airflow/.local/lib/python3.12/site-packages/airflow/example_dags/example_branch_day_of_week_operator.py for tasks to queue
[2024-11-18T03:02:33.425+0000] {logging_mixin.py:190} INFO - [2024-11-18T03:02:33.419+0000] {dagbag.py:587} INFO - Filling up the DagBag from /home/airflow/.local/lib/python3.12/site-packages/airflow/example_dags/example_branch_day_of_week_operator.py
[2024-11-18T03:02:33.497+0000] {processor.py:925} INFO - DAG(s) 'example_weekday_branch_operator' retrieved from /home/airflow/.local/lib/python3.12/site-packages/airflow/example_dags/example_branch_day_of_week_operator.py
[2024-11-18T03:02:33.618+0000] {logging_mixin.py:190} INFO - [2024-11-18T03:02:33.618+0000] {dag.py:3229} INFO - Sync 1 DAGs
[2024-11-18T03:02:33.772+0000] {logging_mixin.py:190} INFO - [2024-11-18T03:02:33.772+0000] {dag.py:4156} INFO - Setting next_dagrun for example_weekday_branch_operator to 2024-11-17 00:00:00+00:00, run_after=2024-11-18 00:00:00+00:00
[2024-11-18T03:02:33.877+0000] {processor.py:208} INFO - Processing /home/airflow/.local/lib/python3.12/site-packages/airflow/example_dags/example_branch_day_of_week_operator.py took 0.526 seconds
[2024-11-18T03:03:04.420+0000] {processor.py:186} INFO - Started process (PID=987) to work on /home/airflow/.local/lib/python3.12/site-packages/airflow/example_dags/example_branch_day_of_week_operator.py
[2024-11-18T03:03:04.426+0000] {processor.py:914} INFO - Processing file /home/airflow/.local/lib/python3.12/site-packages/airflow/example_dags/example_branch_day_of_week_operator.py for tasks to queue
[2024-11-18T03:03:04.430+0000] {logging_mixin.py:190} INFO - [2024-11-18T03:03:04.430+0000] {dagbag.py:587} INFO - Filling up the DagBag from /home/airflow/.local/lib/python3.12/site-packages/airflow/example_dags/example_branch_day_of_week_operator.py
[2024-11-18T03:03:04.450+0000] {processor.py:925} INFO - DAG(s) 'example_weekday_branch_operator' retrieved from /home/airflow/.local/lib/python3.12/site-packages/airflow/example_dags/example_branch_day_of_week_operator.py
[2024-11-18T03:03:04.490+0000] {logging_mixin.py:190} INFO - [2024-11-18T03:03:04.490+0000] {dag.py:3229} INFO - Sync 1 DAGs
[2024-11-18T03:03:04.539+0000] {logging_mixin.py:190} INFO - [2024-11-18T03:03:04.539+0000] {dag.py:4156} INFO - Setting next_dagrun for example_weekday_branch_operator to 2024-11-17 00:00:00+00:00, run_after=2024-11-18 00:00:00+00:00
[2024-11-18T03:03:04.575+0000] {processor.py:208} INFO - Processing /home/airflow/.local/lib/python3.12/site-packages/airflow/example_dags/example_branch_day_of_week_operator.py took 0.169 seconds
[2024-11-18T03:03:34.806+0000] {processor.py:186} INFO - Started process (PID=1049) to work on /home/airflow/.local/lib/python3.12/site-packages/airflow/example_dags/example_branch_day_of_week_operator.py
[2024-11-18T03:03:34.808+0000] {processor.py:914} INFO - Processing file /home/airflow/.local/lib/python3.12/site-packages/airflow/example_dags/example_branch_day_of_week_operator.py for tasks to queue
[2024-11-18T03:03:34.814+0000] {logging_mixin.py:190} INFO - [2024-11-18T03:03:34.814+0000] {dagbag.py:587} INFO - Filling up the DagBag from /home/airflow/.local/lib/python3.12/site-packages/airflow/example_dags/example_branch_day_of_week_operator.py
[2024-11-18T03:03:34.834+0000] {processor.py:925} INFO - DAG(s) 'example_weekday_branch_operator' retrieved from /home/airflow/.local/lib/python3.12/site-packages/airflow/example_dags/example_branch_day_of_week_operator.py
[2024-11-18T03:03:34.874+0000] {logging_mixin.py:190} INFO - [2024-11-18T03:03:34.873+0000] {dag.py:3229} INFO - Sync 1 DAGs
[2024-11-18T03:03:34.920+0000] {logging_mixin.py:190} INFO - [2024-11-18T03:03:34.920+0000] {dag.py:4156} INFO - Setting next_dagrun for example_weekday_branch_operator to 2024-11-17 00:00:00+00:00, run_after=2024-11-18 00:00:00+00:00
[2024-11-18T03:03:34.954+0000] {processor.py:208} INFO - Processing /home/airflow/.local/lib/python3.12/site-packages/airflow/example_dags/example_branch_day_of_week_operator.py took 0.159 seconds
[2024-11-18T03:04:05.494+0000] {processor.py:186} INFO - Started process (PID=1109) to work on /home/airflow/.local/lib/python3.12/site-packages/airflow/example_dags/example_branch_day_of_week_operator.py
[2024-11-18T03:04:05.498+0000] {processor.py:914} INFO - Processing file /home/airflow/.local/lib/python3.12/site-packages/airflow/example_dags/example_branch_day_of_week_operator.py for tasks to queue
[2024-11-18T03:04:05.502+0000] {logging_mixin.py:190} INFO - [2024-11-18T03:04:05.500+0000] {dagbag.py:587} INFO - Filling up the DagBag from /home/airflow/.local/lib/python3.12/site-packages/airflow/example_dags/example_branch_day_of_week_operator.py
[2024-11-18T03:04:05.520+0000] {processor.py:925} INFO - DAG(s) 'example_weekday_branch_operator' retrieved from /home/airflow/.local/lib/python3.12/site-packages/airflow/example_dags/example_branch_day_of_week_operator.py
[2024-11-18T03:04:05.568+0000] {logging_mixin.py:190} INFO - [2024-11-18T03:04:05.568+0000] {dag.py:3229} INFO - Sync 1 DAGs
[2024-11-18T03:04:05.617+0000] {logging_mixin.py:190} INFO - [2024-11-18T03:04:05.617+0000] {dag.py:4156} INFO - Setting next_dagrun for example_weekday_branch_operator to 2024-11-17 00:00:00+00:00, run_after=2024-11-18 00:00:00+00:00
[2024-11-18T03:04:05.651+0000] {processor.py:208} INFO - Processing /home/airflow/.local/lib/python3.12/site-packages/airflow/example_dags/example_branch_day_of_week_operator.py took 0.170 seconds
[2024-11-18T03:04:35.952+0000] {processor.py:186} INFO - Started process (PID=1171) to work on /home/airflow/.local/lib/python3.12/site-packages/airflow/example_dags/example_branch_day_of_week_operator.py
[2024-11-18T03:04:35.955+0000] {processor.py:914} INFO - Processing file /home/airflow/.local/lib/python3.12/site-packages/airflow/example_dags/example_branch_day_of_week_operator.py for tasks to queue
[2024-11-18T03:04:35.961+0000] {logging_mixin.py:190} INFO - [2024-11-18T03:04:35.961+0000] {dagbag.py:587} INFO - Filling up the DagBag from /home/airflow/.local/lib/python3.12/site-packages/airflow/example_dags/example_branch_day_of_week_operator.py
[2024-11-18T03:04:35.985+0000] {processor.py:925} INFO - DAG(s) 'example_weekday_branch_operator' retrieved from /home/airflow/.local/lib/python3.12/site-packages/airflow/example_dags/example_branch_day_of_week_operator.py
[2024-11-18T03:04:36.028+0000] {logging_mixin.py:190} INFO - [2024-11-18T03:04:36.027+0000] {dag.py:3229} INFO - Sync 1 DAGs
[2024-11-18T03:04:36.079+0000] {logging_mixin.py:190} INFO - [2024-11-18T03:04:36.079+0000] {dag.py:4156} INFO - Setting next_dagrun for example_weekday_branch_operator to 2024-11-17 00:00:00+00:00, run_after=2024-11-18 00:00:00+00:00
[2024-11-18T03:04:36.114+0000] {processor.py:208} INFO - Processing /home/airflow/.local/lib/python3.12/site-packages/airflow/example_dags/example_branch_day_of_week_operator.py took 0.175 seconds
[2024-11-18T03:05:06.985+0000] {processor.py:186} INFO - Started process (PID=1233) to work on /home/airflow/.local/lib/python3.12/site-packages/airflow/example_dags/example_branch_day_of_week_operator.py
[2024-11-18T03:05:06.990+0000] {processor.py:914} INFO - Processing file /home/airflow/.local/lib/python3.12/site-packages/airflow/example_dags/example_branch_day_of_week_operator.py for tasks to queue
[2024-11-18T03:05:07.018+0000] {logging_mixin.py:190} INFO - [2024-11-18T03:05:07.013+0000] {dagbag.py:587} INFO - Filling up the DagBag from /home/airflow/.local/lib/python3.12/site-packages/airflow/example_dags/example_branch_day_of_week_operator.py
[2024-11-18T03:05:07.076+0000] {processor.py:925} INFO - DAG(s) 'example_weekday_branch_operator' retrieved from /home/airflow/.local/lib/python3.12/site-packages/airflow/example_dags/example_branch_day_of_week_operator.py
[2024-11-18T03:05:07.150+0000] {logging_mixin.py:190} INFO - [2024-11-18T03:05:07.150+0000] {dag.py:3229} INFO - Sync 1 DAGs
[2024-11-18T03:05:07.202+0000] {logging_mixin.py:190} INFO - [2024-11-18T03:05:07.202+0000] {dag.py:4156} INFO - Setting next_dagrun for example_weekday_branch_operator to 2024-11-17 00:00:00+00:00, run_after=2024-11-18 00:00:00+00:00
[2024-11-18T03:05:07.244+0000] {processor.py:208} INFO - Processing /home/airflow/.local/lib/python3.12/site-packages/airflow/example_dags/example_branch_day_of_week_operator.py took 0.282 seconds
[2024-11-18T03:05:37.323+0000] {processor.py:186} INFO - Started process (PID=1295) to work on /home/airflow/.local/lib/python3.12/site-packages/airflow/example_dags/example_branch_day_of_week_operator.py
[2024-11-18T03:05:37.340+0000] {processor.py:914} INFO - Processing file /home/airflow/.local/lib/python3.12/site-packages/airflow/example_dags/example_branch_day_of_week_operator.py for tasks to queue
[2024-11-18T03:05:37.357+0000] {logging_mixin.py:190} INFO - [2024-11-18T03:05:37.352+0000] {dagbag.py:587} INFO - Filling up the DagBag from /home/airflow/.local/lib/python3.12/site-packages/airflow/example_dags/example_branch_day_of_week_operator.py
[2024-11-18T03:05:37.399+0000] {processor.py:925} INFO - DAG(s) 'example_weekday_branch_operator' retrieved from /home/airflow/.local/lib/python3.12/site-packages/airflow/example_dags/example_branch_day_of_week_operator.py
[2024-11-18T03:05:37.472+0000] {logging_mixin.py:190} INFO - [2024-11-18T03:05:37.472+0000] {dag.py:3229} INFO - Sync 1 DAGs
[2024-11-18T03:05:37.523+0000] {logging_mixin.py:190} INFO - [2024-11-18T03:05:37.523+0000] {dag.py:4156} INFO - Setting next_dagrun for example_weekday_branch_operator to 2024-11-17 00:00:00+00:00, run_after=2024-11-18 00:00:00+00:00
[2024-11-18T03:05:37.558+0000] {processor.py:208} INFO - Processing /home/airflow/.local/lib/python3.12/site-packages/airflow/example_dags/example_branch_day_of_week_operator.py took 0.258 seconds
[2024-11-18T03:06:08.404+0000] {processor.py:186} INFO - Started process (PID=1357) to work on /home/airflow/.local/lib/python3.12/site-packages/airflow/example_dags/example_branch_day_of_week_operator.py
[2024-11-18T03:06:08.412+0000] {processor.py:914} INFO - Processing file /home/airflow/.local/lib/python3.12/site-packages/airflow/example_dags/example_branch_day_of_week_operator.py for tasks to queue
[2024-11-18T03:06:08.424+0000] {logging_mixin.py:190} INFO - [2024-11-18T03:06:08.420+0000] {dagbag.py:587} INFO - Filling up the DagBag from /home/airflow/.local/lib/python3.12/site-packages/airflow/example_dags/example_branch_day_of_week_operator.py
[2024-11-18T03:06:08.462+0000] {processor.py:925} INFO - DAG(s) 'example_weekday_branch_operator' retrieved from /home/airflow/.local/lib/python3.12/site-packages/airflow/example_dags/example_branch_day_of_week_operator.py
[2024-11-18T03:06:08.547+0000] {logging_mixin.py:190} INFO - [2024-11-18T03:06:08.547+0000] {dag.py:3229} INFO - Sync 1 DAGs
[2024-11-18T03:06:08.650+0000] {logging_mixin.py:190} INFO - [2024-11-18T03:06:08.647+0000] {dag.py:4156} INFO - Setting next_dagrun for example_weekday_branch_operator to 2024-11-17 00:00:00+00:00, run_after=2024-11-18 00:00:00+00:00
[2024-11-18T03:06:08.725+0000] {processor.py:208} INFO - Processing /home/airflow/.local/lib/python3.12/site-packages/airflow/example_dags/example_branch_day_of_week_operator.py took 0.351 seconds
[2024-11-18T03:06:39.579+0000] {processor.py:186} INFO - Started process (PID=1419) to work on /home/airflow/.local/lib/python3.12/site-packages/airflow/example_dags/example_branch_day_of_week_operator.py
[2024-11-18T03:06:39.584+0000] {processor.py:914} INFO - Processing file /home/airflow/.local/lib/python3.12/site-packages/airflow/example_dags/example_branch_day_of_week_operator.py for tasks to queue
[2024-11-18T03:06:39.593+0000] {logging_mixin.py:190} INFO - [2024-11-18T03:06:39.593+0000] {dagbag.py:587} INFO - Filling up the DagBag from /home/airflow/.local/lib/python3.12/site-packages/airflow/example_dags/example_branch_day_of_week_operator.py
[2024-11-18T03:06:39.660+0000] {processor.py:925} INFO - DAG(s) 'example_weekday_branch_operator' retrieved from /home/airflow/.local/lib/python3.12/site-packages/airflow/example_dags/example_branch_day_of_week_operator.py
[2024-11-18T03:06:39.730+0000] {logging_mixin.py:190} INFO - [2024-11-18T03:06:39.730+0000] {dag.py:3229} INFO - Sync 1 DAGs
[2024-11-18T03:06:39.833+0000] {logging_mixin.py:190} INFO - [2024-11-18T03:06:39.829+0000] {dag.py:4156} INFO - Setting next_dagrun for example_weekday_branch_operator to 2024-11-17 00:00:00+00:00, run_after=2024-11-18 00:00:00+00:00
[2024-11-18T03:06:39.903+0000] {processor.py:208} INFO - Processing /home/airflow/.local/lib/python3.12/site-packages/airflow/example_dags/example_branch_day_of_week_operator.py took 0.353 seconds
[2024-11-18T03:07:10.777+0000] {processor.py:186} INFO - Started process (PID=1481) to work on /home/airflow/.local/lib/python3.12/site-packages/airflow/example_dags/example_branch_day_of_week_operator.py
[2024-11-18T03:07:10.777+0000] {processor.py:914} INFO - Processing file /home/airflow/.local/lib/python3.12/site-packages/airflow/example_dags/example_branch_day_of_week_operator.py for tasks to queue
[2024-11-18T03:07:10.783+0000] {logging_mixin.py:190} INFO - [2024-11-18T03:07:10.783+0000] {dagbag.py:587} INFO - Filling up the DagBag from /home/airflow/.local/lib/python3.12/site-packages/airflow/example_dags/example_branch_day_of_week_operator.py
[2024-11-18T03:07:10.804+0000] {processor.py:925} INFO - DAG(s) 'example_weekday_branch_operator' retrieved from /home/airflow/.local/lib/python3.12/site-packages/airflow/example_dags/example_branch_day_of_week_operator.py
[2024-11-18T03:07:10.855+0000] {logging_mixin.py:190} INFO - [2024-11-18T03:07:10.854+0000] {dag.py:3229} INFO - Sync 1 DAGs
[2024-11-18T03:07:10.901+0000] {logging_mixin.py:190} INFO - [2024-11-18T03:07:10.900+0000] {dag.py:4156} INFO - Setting next_dagrun for example_weekday_branch_operator to 2024-11-17 00:00:00+00:00, run_after=2024-11-18 00:00:00+00:00
[2024-11-18T03:07:10.937+0000] {processor.py:208} INFO - Processing /home/airflow/.local/lib/python3.12/site-packages/airflow/example_dags/example_branch_day_of_week_operator.py took 0.176 seconds
[2024-11-18T03:07:41.639+0000] {processor.py:186} INFO - Started process (PID=1542) to work on /home/airflow/.local/lib/python3.12/site-packages/airflow/example_dags/example_branch_day_of_week_operator.py
[2024-11-18T03:07:41.647+0000] {processor.py:914} INFO - Processing file /home/airflow/.local/lib/python3.12/site-packages/airflow/example_dags/example_branch_day_of_week_operator.py for tasks to queue
[2024-11-18T03:07:41.655+0000] {logging_mixin.py:190} INFO - [2024-11-18T03:07:41.653+0000] {dagbag.py:587} INFO - Filling up the DagBag from /home/airflow/.local/lib/python3.12/site-packages/airflow/example_dags/example_branch_day_of_week_operator.py
[2024-11-18T03:07:41.677+0000] {processor.py:925} INFO - DAG(s) 'example_weekday_branch_operator' retrieved from /home/airflow/.local/lib/python3.12/site-packages/airflow/example_dags/example_branch_day_of_week_operator.py
[2024-11-18T03:07:41.722+0000] {logging_mixin.py:190} INFO - [2024-11-18T03:07:41.721+0000] {dag.py:3229} INFO - Sync 1 DAGs
[2024-11-18T03:07:41.765+0000] {logging_mixin.py:190} INFO - [2024-11-18T03:07:41.765+0000] {dag.py:4156} INFO - Setting next_dagrun for example_weekday_branch_operator to 2024-11-17 00:00:00+00:00, run_after=2024-11-18 00:00:00+00:00
[2024-11-18T03:07:41.798+0000] {processor.py:208} INFO - Processing /home/airflow/.local/lib/python3.12/site-packages/airflow/example_dags/example_branch_day_of_week_operator.py took 0.173 seconds
[2024-11-18T03:08:12.047+0000] {processor.py:186} INFO - Started process (PID=1604) to work on /home/airflow/.local/lib/python3.12/site-packages/airflow/example_dags/example_branch_day_of_week_operator.py
[2024-11-18T03:08:12.056+0000] {processor.py:914} INFO - Processing file /home/airflow/.local/lib/python3.12/site-packages/airflow/example_dags/example_branch_day_of_week_operator.py for tasks to queue
[2024-11-18T03:08:12.060+0000] {logging_mixin.py:190} INFO - [2024-11-18T03:08:12.060+0000] {dagbag.py:587} INFO - Filling up the DagBag from /home/airflow/.local/lib/python3.12/site-packages/airflow/example_dags/example_branch_day_of_week_operator.py
[2024-11-18T03:08:12.080+0000] {processor.py:925} INFO - DAG(s) 'example_weekday_branch_operator' retrieved from /home/airflow/.local/lib/python3.12/site-packages/airflow/example_dags/example_branch_day_of_week_operator.py
[2024-11-18T03:08:12.136+0000] {logging_mixin.py:190} INFO - [2024-11-18T03:08:12.135+0000] {dag.py:3229} INFO - Sync 1 DAGs
[2024-11-18T03:08:12.180+0000] {logging_mixin.py:190} INFO - [2024-11-18T03:08:12.180+0000] {dag.py:4156} INFO - Setting next_dagrun for example_weekday_branch_operator to 2024-11-17 00:00:00+00:00, run_after=2024-11-18 00:00:00+00:00
[2024-11-18T03:08:12.209+0000] {processor.py:208} INFO - Processing /home/airflow/.local/lib/python3.12/site-packages/airflow/example_dags/example_branch_day_of_week_operator.py took 0.173 seconds
[2024-11-18T03:08:43.162+0000] {processor.py:186} INFO - Started process (PID=1668) to work on /home/airflow/.local/lib/python3.12/site-packages/airflow/example_dags/example_branch_day_of_week_operator.py
[2024-11-18T03:08:43.162+0000] {processor.py:914} INFO - Processing file /home/airflow/.local/lib/python3.12/site-packages/airflow/example_dags/example_branch_day_of_week_operator.py for tasks to queue
[2024-11-18T03:08:43.167+0000] {logging_mixin.py:190} INFO - [2024-11-18T03:08:43.167+0000] {dagbag.py:587} INFO - Filling up the DagBag from /home/airflow/.local/lib/python3.12/site-packages/airflow/example_dags/example_branch_day_of_week_operator.py
[2024-11-18T03:08:43.188+0000] {processor.py:925} INFO - DAG(s) 'example_weekday_branch_operator' retrieved from /home/airflow/.local/lib/python3.12/site-packages/airflow/example_dags/example_branch_day_of_week_operator.py
[2024-11-18T03:08:43.243+0000] {logging_mixin.py:190} INFO - [2024-11-18T03:08:43.243+0000] {dag.py:3229} INFO - Sync 1 DAGs
[2024-11-18T03:08:43.289+0000] {logging_mixin.py:190} INFO - [2024-11-18T03:08:43.289+0000] {dag.py:4156} INFO - Setting next_dagrun for example_weekday_branch_operator to 2024-11-17 00:00:00+00:00, run_after=2024-11-18 00:00:00+00:00
[2024-11-18T03:08:43.326+0000] {processor.py:208} INFO - Processing /home/airflow/.local/lib/python3.12/site-packages/airflow/example_dags/example_branch_day_of_week_operator.py took 0.179 seconds
[2024-11-18T03:09:14.068+0000] {processor.py:186} INFO - Started process (PID=1730) to work on /home/airflow/.local/lib/python3.12/site-packages/airflow/example_dags/example_branch_day_of_week_operator.py
[2024-11-18T03:09:14.072+0000] {processor.py:914} INFO - Processing file /home/airflow/.local/lib/python3.12/site-packages/airflow/example_dags/example_branch_day_of_week_operator.py for tasks to queue
[2024-11-18T03:09:14.078+0000] {logging_mixin.py:190} INFO - [2024-11-18T03:09:14.076+0000] {dagbag.py:587} INFO - Filling up the DagBag from /home/airflow/.local/lib/python3.12/site-packages/airflow/example_dags/example_branch_day_of_week_operator.py
[2024-11-18T03:09:14.096+0000] {processor.py:925} INFO - DAG(s) 'example_weekday_branch_operator' retrieved from /home/airflow/.local/lib/python3.12/site-packages/airflow/example_dags/example_branch_day_of_week_operator.py
[2024-11-18T03:09:14.147+0000] {logging_mixin.py:190} INFO - [2024-11-18T03:09:14.147+0000] {dag.py:3229} INFO - Sync 1 DAGs
[2024-11-18T03:09:14.205+0000] {logging_mixin.py:190} INFO - [2024-11-18T03:09:14.205+0000] {dag.py:4156} INFO - Setting next_dagrun for example_weekday_branch_operator to 2024-11-17 00:00:00+00:00, run_after=2024-11-18 00:00:00+00:00
[2024-11-18T03:09:14.246+0000] {processor.py:208} INFO - Processing /home/airflow/.local/lib/python3.12/site-packages/airflow/example_dags/example_branch_day_of_week_operator.py took 0.191 seconds
[2024-11-18T03:09:44.554+0000] {processor.py:186} INFO - Started process (PID=1793) to work on /home/airflow/.local/lib/python3.12/site-packages/airflow/example_dags/example_branch_day_of_week_operator.py
[2024-11-18T03:09:44.554+0000] {processor.py:914} INFO - Processing file /home/airflow/.local/lib/python3.12/site-packages/airflow/example_dags/example_branch_day_of_week_operator.py for tasks to queue
[2024-11-18T03:09:44.560+0000] {logging_mixin.py:190} INFO - [2024-11-18T03:09:44.560+0000] {dagbag.py:587} INFO - Filling up the DagBag from /home/airflow/.local/lib/python3.12/site-packages/airflow/example_dags/example_branch_day_of_week_operator.py
[2024-11-18T03:09:44.580+0000] {processor.py:925} INFO - DAG(s) 'example_weekday_branch_operator' retrieved from /home/airflow/.local/lib/python3.12/site-packages/airflow/example_dags/example_branch_day_of_week_operator.py
[2024-11-18T03:09:44.627+0000] {logging_mixin.py:190} INFO - [2024-11-18T03:09:44.626+0000] {dag.py:3229} INFO - Sync 1 DAGs
[2024-11-18T03:09:44.674+0000] {logging_mixin.py:190} INFO - [2024-11-18T03:09:44.674+0000] {dag.py:4156} INFO - Setting next_dagrun for example_weekday_branch_operator to 2024-11-17 00:00:00+00:00, run_after=2024-11-18 00:00:00+00:00
[2024-11-18T03:09:44.714+0000] {processor.py:208} INFO - Processing /home/airflow/.local/lib/python3.12/site-packages/airflow/example_dags/example_branch_day_of_week_operator.py took 0.172 seconds
[2024-11-18T03:10:14.879+0000] {processor.py:186} INFO - Started process (PID=1856) to work on /home/airflow/.local/lib/python3.12/site-packages/airflow/example_dags/example_branch_day_of_week_operator.py
[2024-11-18T03:10:14.884+0000] {processor.py:914} INFO - Processing file /home/airflow/.local/lib/python3.12/site-packages/airflow/example_dags/example_branch_day_of_week_operator.py for tasks to queue
[2024-11-18T03:10:14.888+0000] {logging_mixin.py:190} INFO - [2024-11-18T03:10:14.888+0000] {dagbag.py:587} INFO - Filling up the DagBag from /home/airflow/.local/lib/python3.12/site-packages/airflow/example_dags/example_branch_day_of_week_operator.py
[2024-11-18T03:10:14.909+0000] {processor.py:925} INFO - DAG(s) 'example_weekday_branch_operator' retrieved from /home/airflow/.local/lib/python3.12/site-packages/airflow/example_dags/example_branch_day_of_week_operator.py
[2024-11-18T03:10:14.952+0000] {logging_mixin.py:190} INFO - [2024-11-18T03:10:14.951+0000] {dag.py:3229} INFO - Sync 1 DAGs
[2024-11-18T03:10:14.995+0000] {logging_mixin.py:190} INFO - [2024-11-18T03:10:14.995+0000] {dag.py:4156} INFO - Setting next_dagrun for example_weekday_branch_operator to 2024-11-17 00:00:00+00:00, run_after=2024-11-18 00:00:00+00:00
[2024-11-18T03:10:15.035+0000] {processor.py:208} INFO - Processing /home/airflow/.local/lib/python3.12/site-packages/airflow/example_dags/example_branch_day_of_week_operator.py took 0.169 seconds
[2024-11-18T03:10:45.283+0000] {processor.py:186} INFO - Started process (PID=1918) to work on /home/airflow/.local/lib/python3.12/site-packages/airflow/example_dags/example_branch_day_of_week_operator.py
[2024-11-18T03:10:45.297+0000] {processor.py:914} INFO - Processing file /home/airflow/.local/lib/python3.12/site-packages/airflow/example_dags/example_branch_day_of_week_operator.py for tasks to queue
[2024-11-18T03:10:45.331+0000] {logging_mixin.py:190} INFO - [2024-11-18T03:10:45.322+0000] {dagbag.py:587} INFO - Filling up the DagBag from /home/airflow/.local/lib/python3.12/site-packages/airflow/example_dags/example_branch_day_of_week_operator.py
[2024-11-18T03:10:45.478+0000] {processor.py:925} INFO - DAG(s) 'example_weekday_branch_operator' retrieved from /home/airflow/.local/lib/python3.12/site-packages/airflow/example_dags/example_branch_day_of_week_operator.py
[2024-11-18T03:10:45.689+0000] {logging_mixin.py:190} INFO - [2024-11-18T03:10:45.689+0000] {dag.py:3229} INFO - Sync 1 DAGs
[2024-11-18T03:10:46.032+0000] {logging_mixin.py:190} INFO - [2024-11-18T03:10:46.031+0000] {dag.py:4156} INFO - Setting next_dagrun for example_weekday_branch_operator to 2024-11-17 00:00:00+00:00, run_after=2024-11-18 00:00:00+00:00
[2024-11-18T03:10:46.133+0000] {processor.py:208} INFO - Processing /home/airflow/.local/lib/python3.12/site-packages/airflow/example_dags/example_branch_day_of_week_operator.py took 0.965 seconds
[2024-11-18T03:11:16.927+0000] {processor.py:186} INFO - Started process (PID=1980) to work on /home/airflow/.local/lib/python3.12/site-packages/airflow/example_dags/example_branch_day_of_week_operator.py
[2024-11-18T03:11:16.940+0000] {processor.py:914} INFO - Processing file /home/airflow/.local/lib/python3.12/site-packages/airflow/example_dags/example_branch_day_of_week_operator.py for tasks to queue
[2024-11-18T03:11:16.962+0000] {logging_mixin.py:190} INFO - [2024-11-18T03:11:16.962+0000] {dagbag.py:587} INFO - Filling up the DagBag from /home/airflow/.local/lib/python3.12/site-packages/airflow/example_dags/example_branch_day_of_week_operator.py
[2024-11-18T03:11:17.072+0000] {processor.py:925} INFO - DAG(s) 'example_weekday_branch_operator' retrieved from /home/airflow/.local/lib/python3.12/site-packages/airflow/example_dags/example_branch_day_of_week_operator.py
[2024-11-18T03:11:17.222+0000] {logging_mixin.py:190} INFO - [2024-11-18T03:11:17.219+0000] {dag.py:3229} INFO - Sync 1 DAGs
[2024-11-18T03:11:17.403+0000] {logging_mixin.py:190} INFO - [2024-11-18T03:11:17.403+0000] {dag.py:4156} INFO - Setting next_dagrun for example_weekday_branch_operator to 2024-11-17 00:00:00+00:00, run_after=2024-11-18 00:00:00+00:00
[2024-11-18T03:11:17.550+0000] {processor.py:208} INFO - Processing /home/airflow/.local/lib/python3.12/site-packages/airflow/example_dags/example_branch_day_of_week_operator.py took 0.649 seconds
[2024-11-18T03:11:47.904+0000] {processor.py:186} INFO - Started process (PID=2042) to work on /home/airflow/.local/lib/python3.12/site-packages/airflow/example_dags/example_branch_day_of_week_operator.py
[2024-11-18T03:11:47.907+0000] {processor.py:914} INFO - Processing file /home/airflow/.local/lib/python3.12/site-packages/airflow/example_dags/example_branch_day_of_week_operator.py for tasks to queue
[2024-11-18T03:11:47.912+0000] {logging_mixin.py:190} INFO - [2024-11-18T03:11:47.912+0000] {dagbag.py:587} INFO - Filling up the DagBag from /home/airflow/.local/lib/python3.12/site-packages/airflow/example_dags/example_branch_day_of_week_operator.py
[2024-11-18T03:11:47.982+0000] {processor.py:925} INFO - DAG(s) 'example_weekday_branch_operator' retrieved from /home/airflow/.local/lib/python3.12/site-packages/airflow/example_dags/example_branch_day_of_week_operator.py
[2024-11-18T03:11:48.020+0000] {logging_mixin.py:190} INFO - [2024-11-18T03:11:48.015+0000] {dag.py:3229} INFO - Sync 1 DAGs
[2024-11-18T03:11:48.124+0000] {logging_mixin.py:190} INFO - [2024-11-18T03:11:48.124+0000] {dag.py:4156} INFO - Setting next_dagrun for example_weekday_branch_operator to 2024-11-17 00:00:00+00:00, run_after=2024-11-18 00:00:00+00:00
[2024-11-18T03:11:48.305+0000] {processor.py:208} INFO - Processing /home/airflow/.local/lib/python3.12/site-packages/airflow/example_dags/example_branch_day_of_week_operator.py took 0.433 seconds
[2024-11-18T03:12:18.683+0000] {processor.py:186} INFO - Started process (PID=2104) to work on /home/airflow/.local/lib/python3.12/site-packages/airflow/example_dags/example_branch_day_of_week_operator.py
[2024-11-18T03:12:18.726+0000] {processor.py:914} INFO - Processing file /home/airflow/.local/lib/python3.12/site-packages/airflow/example_dags/example_branch_day_of_week_operator.py for tasks to queue
[2024-11-18T03:12:18.756+0000] {logging_mixin.py:190} INFO - [2024-11-18T03:12:18.753+0000] {dagbag.py:587} INFO - Filling up the DagBag from /home/airflow/.local/lib/python3.12/site-packages/airflow/example_dags/example_branch_day_of_week_operator.py
[2024-11-18T03:12:18.778+0000] {processor.py:925} INFO - DAG(s) 'example_weekday_branch_operator' retrieved from /home/airflow/.local/lib/python3.12/site-packages/airflow/example_dags/example_branch_day_of_week_operator.py
[2024-11-18T03:12:18.807+0000] {logging_mixin.py:190} INFO - [2024-11-18T03:12:18.806+0000] {dag.py:3229} INFO - Sync 1 DAGs
[2024-11-18T03:12:18.900+0000] {logging_mixin.py:190} INFO - [2024-11-18T03:12:18.900+0000] {dag.py:4156} INFO - Setting next_dagrun for example_weekday_branch_operator to 2024-11-17 00:00:00+00:00, run_after=2024-11-18 00:00:00+00:00
[2024-11-18T03:12:19.060+0000] {processor.py:208} INFO - Processing /home/airflow/.local/lib/python3.12/site-packages/airflow/example_dags/example_branch_day_of_week_operator.py took 0.467 seconds
[2024-11-18T03:12:50.531+0000] {processor.py:186} INFO - Started process (PID=2167) to work on /home/airflow/.local/lib/python3.12/site-packages/airflow/example_dags/example_branch_day_of_week_operator.py
[2024-11-18T03:12:50.533+0000] {processor.py:914} INFO - Processing file /home/airflow/.local/lib/python3.12/site-packages/airflow/example_dags/example_branch_day_of_week_operator.py for tasks to queue
[2024-11-18T03:12:50.543+0000] {logging_mixin.py:190} INFO - [2024-11-18T03:12:50.542+0000] {dagbag.py:587} INFO - Filling up the DagBag from /home/airflow/.local/lib/python3.12/site-packages/airflow/example_dags/example_branch_day_of_week_operator.py
[2024-11-18T03:12:50.570+0000] {processor.py:925} INFO - DAG(s) 'example_weekday_branch_operator' retrieved from /home/airflow/.local/lib/python3.12/site-packages/airflow/example_dags/example_branch_day_of_week_operator.py
[2024-11-18T03:12:50.701+0000] {logging_mixin.py:190} INFO - [2024-11-18T03:12:50.699+0000] {dag.py:3229} INFO - Sync 1 DAGs
[2024-11-18T03:12:50.769+0000] {logging_mixin.py:190} INFO - [2024-11-18T03:12:50.769+0000] {dag.py:4156} INFO - Setting next_dagrun for example_weekday_branch_operator to 2024-11-17 00:00:00+00:00, run_after=2024-11-18 00:00:00+00:00
[2024-11-18T03:12:50.895+0000] {processor.py:208} INFO - Processing /home/airflow/.local/lib/python3.12/site-packages/airflow/example_dags/example_branch_day_of_week_operator.py took 0.451 seconds
[2024-11-18T03:13:22.683+0000] {processor.py:186} INFO - Started process (PID=2227) to work on /home/airflow/.local/lib/python3.12/site-packages/airflow/example_dags/example_branch_day_of_week_operator.py
[2024-11-18T03:13:22.702+0000] {processor.py:914} INFO - Processing file /home/airflow/.local/lib/python3.12/site-packages/airflow/example_dags/example_branch_day_of_week_operator.py for tasks to queue
[2024-11-18T03:13:22.708+0000] {logging_mixin.py:190} INFO - [2024-11-18T03:13:22.708+0000] {dagbag.py:587} INFO - Filling up the DagBag from /home/airflow/.local/lib/python3.12/site-packages/airflow/example_dags/example_branch_day_of_week_operator.py
[2024-11-18T03:13:22.756+0000] {processor.py:925} INFO - DAG(s) 'example_weekday_branch_operator' retrieved from /home/airflow/.local/lib/python3.12/site-packages/airflow/example_dags/example_branch_day_of_week_operator.py
[2024-11-18T03:13:22.838+0000] {logging_mixin.py:190} INFO - [2024-11-18T03:13:22.838+0000] {dag.py:3229} INFO - Sync 1 DAGs
[2024-11-18T03:13:22.993+0000] {logging_mixin.py:190} INFO - [2024-11-18T03:13:22.965+0000] {dag.py:4156} INFO - Setting next_dagrun for example_weekday_branch_operator to 2024-11-17 00:00:00+00:00, run_after=2024-11-18 00:00:00+00:00
[2024-11-18T03:13:23.139+0000] {processor.py:208} INFO - Processing /home/airflow/.local/lib/python3.12/site-packages/airflow/example_dags/example_branch_day_of_week_operator.py took 0.484 seconds
[2024-11-18T03:13:53.839+0000] {processor.py:186} INFO - Started process (PID=2288) to work on /home/airflow/.local/lib/python3.12/site-packages/airflow/example_dags/example_branch_day_of_week_operator.py
[2024-11-18T03:13:53.841+0000] {processor.py:914} INFO - Processing file /home/airflow/.local/lib/python3.12/site-packages/airflow/example_dags/example_branch_day_of_week_operator.py for tasks to queue
[2024-11-18T03:13:53.849+0000] {logging_mixin.py:190} INFO - [2024-11-18T03:13:53.848+0000] {dagbag.py:587} INFO - Filling up the DagBag from /home/airflow/.local/lib/python3.12/site-packages/airflow/example_dags/example_branch_day_of_week_operator.py
[2024-11-18T03:13:53.892+0000] {processor.py:925} INFO - DAG(s) 'example_weekday_branch_operator' retrieved from /home/airflow/.local/lib/python3.12/site-packages/airflow/example_dags/example_branch_day_of_week_operator.py
[2024-11-18T03:13:54.122+0000] {logging_mixin.py:190} INFO - [2024-11-18T03:13:54.120+0000] {dag.py:3229} INFO - Sync 1 DAGs
[2024-11-18T03:13:54.290+0000] {logging_mixin.py:190} INFO - [2024-11-18T03:13:54.284+0000] {dag.py:4156} INFO - Setting next_dagrun for example_weekday_branch_operator to 2024-11-17 00:00:00+00:00, run_after=2024-11-18 00:00:00+00:00
[2024-11-18T03:13:54.398+0000] {processor.py:208} INFO - Processing /home/airflow/.local/lib/python3.12/site-packages/airflow/example_dags/example_branch_day_of_week_operator.py took 0.584 seconds
[2024-11-18T03:14:26.121+0000] {processor.py:186} INFO - Started process (PID=2348) to work on /home/airflow/.local/lib/python3.12/site-packages/airflow/example_dags/example_branch_day_of_week_operator.py
[2024-11-18T03:14:26.164+0000] {processor.py:914} INFO - Processing file /home/airflow/.local/lib/python3.12/site-packages/airflow/example_dags/example_branch_day_of_week_operator.py for tasks to queue
[2024-11-18T03:14:26.178+0000] {logging_mixin.py:190} INFO - [2024-11-18T03:14:26.177+0000] {dagbag.py:587} INFO - Filling up the DagBag from /home/airflow/.local/lib/python3.12/site-packages/airflow/example_dags/example_branch_day_of_week_operator.py
[2024-11-18T03:14:26.211+0000] {processor.py:925} INFO - DAG(s) 'example_weekday_branch_operator' retrieved from /home/airflow/.local/lib/python3.12/site-packages/airflow/example_dags/example_branch_day_of_week_operator.py
[2024-11-18T03:14:26.412+0000] {logging_mixin.py:190} INFO - [2024-11-18T03:14:26.410+0000] {dag.py:3229} INFO - Sync 1 DAGs
[2024-11-18T03:14:26.529+0000] {logging_mixin.py:190} INFO - [2024-11-18T03:14:26.529+0000] {dag.py:4156} INFO - Setting next_dagrun for example_weekday_branch_operator to 2024-11-17 00:00:00+00:00, run_after=2024-11-18 00:00:00+00:00
[2024-11-18T03:14:26.732+0000] {processor.py:208} INFO - Processing /home/airflow/.local/lib/python3.12/site-packages/airflow/example_dags/example_branch_day_of_week_operator.py took 0.659 seconds
[2024-11-18T03:14:57.335+0000] {processor.py:186} INFO - Started process (PID=2411) to work on /home/airflow/.local/lib/python3.12/site-packages/airflow/example_dags/example_branch_day_of_week_operator.py
[2024-11-18T03:14:57.337+0000] {processor.py:914} INFO - Processing file /home/airflow/.local/lib/python3.12/site-packages/airflow/example_dags/example_branch_day_of_week_operator.py for tasks to queue
[2024-11-18T03:14:57.342+0000] {logging_mixin.py:190} INFO - [2024-11-18T03:14:57.342+0000] {dagbag.py:587} INFO - Filling up the DagBag from /home/airflow/.local/lib/python3.12/site-packages/airflow/example_dags/example_branch_day_of_week_operator.py
[2024-11-18T03:14:57.478+0000] {processor.py:925} INFO - DAG(s) 'example_weekday_branch_operator' retrieved from /home/airflow/.local/lib/python3.12/site-packages/airflow/example_dags/example_branch_day_of_week_operator.py
[2024-11-18T03:14:57.612+0000] {logging_mixin.py:190} INFO - [2024-11-18T03:14:57.612+0000] {dag.py:3229} INFO - Sync 1 DAGs
[2024-11-18T03:14:57.785+0000] {logging_mixin.py:190} INFO - [2024-11-18T03:14:57.776+0000] {dag.py:4156} INFO - Setting next_dagrun for example_weekday_branch_operator to 2024-11-17 00:00:00+00:00, run_after=2024-11-18 00:00:00+00:00
[2024-11-18T03:14:57.898+0000] {processor.py:208} INFO - Processing /home/airflow/.local/lib/python3.12/site-packages/airflow/example_dags/example_branch_day_of_week_operator.py took 0.578 seconds
[2024-11-18T03:15:30.416+0000] {processor.py:186} INFO - Started process (PID=2473) to work on /home/airflow/.local/lib/python3.12/site-packages/airflow/example_dags/example_branch_day_of_week_operator.py
[2024-11-18T03:15:30.432+0000] {processor.py:914} INFO - Processing file /home/airflow/.local/lib/python3.12/site-packages/airflow/example_dags/example_branch_day_of_week_operator.py for tasks to queue
[2024-11-18T03:15:30.444+0000] {logging_mixin.py:190} INFO - [2024-11-18T03:15:30.441+0000] {dagbag.py:587} INFO - Filling up the DagBag from /home/airflow/.local/lib/python3.12/site-packages/airflow/example_dags/example_branch_day_of_week_operator.py
[2024-11-18T03:15:30.510+0000] {processor.py:925} INFO - DAG(s) 'example_weekday_branch_operator' retrieved from /home/airflow/.local/lib/python3.12/site-packages/airflow/example_dags/example_branch_day_of_week_operator.py
[2024-11-18T03:15:30.644+0000] {logging_mixin.py:190} INFO - [2024-11-18T03:15:30.643+0000] {dag.py:3229} INFO - Sync 1 DAGs
[2024-11-18T03:15:30.801+0000] {logging_mixin.py:190} INFO - [2024-11-18T03:15:30.801+0000] {dag.py:4156} INFO - Setting next_dagrun for example_weekday_branch_operator to 2024-11-17 00:00:00+00:00, run_after=2024-11-18 00:00:00+00:00
[2024-11-18T03:15:30.911+0000] {processor.py:208} INFO - Processing /home/airflow/.local/lib/python3.12/site-packages/airflow/example_dags/example_branch_day_of_week_operator.py took 0.550 seconds
[2024-11-18T03:16:01.227+0000] {processor.py:186} INFO - Started process (PID=2534) to work on /home/airflow/.local/lib/python3.12/site-packages/airflow/example_dags/example_branch_day_of_week_operator.py
[2024-11-18T03:16:01.230+0000] {processor.py:914} INFO - Processing file /home/airflow/.local/lib/python3.12/site-packages/airflow/example_dags/example_branch_day_of_week_operator.py for tasks to queue
[2024-11-18T03:16:01.237+0000] {logging_mixin.py:190} INFO - [2024-11-18T03:16:01.237+0000] {dagbag.py:587} INFO - Filling up the DagBag from /home/airflow/.local/lib/python3.12/site-packages/airflow/example_dags/example_branch_day_of_week_operator.py
[2024-11-18T03:16:01.264+0000] {processor.py:925} INFO - DAG(s) 'example_weekday_branch_operator' retrieved from /home/airflow/.local/lib/python3.12/site-packages/airflow/example_dags/example_branch_day_of_week_operator.py
[2024-11-18T03:16:01.377+0000] {logging_mixin.py:190} INFO - [2024-11-18T03:16:01.377+0000] {dag.py:3229} INFO - Sync 1 DAGs
[2024-11-18T03:16:01.456+0000] {logging_mixin.py:190} INFO - [2024-11-18T03:16:01.456+0000] {dag.py:4156} INFO - Setting next_dagrun for example_weekday_branch_operator to 2024-11-17 00:00:00+00:00, run_after=2024-11-18 00:00:00+00:00
[2024-11-18T03:16:01.627+0000] {processor.py:208} INFO - Processing /home/airflow/.local/lib/python3.12/site-packages/airflow/example_dags/example_branch_day_of_week_operator.py took 0.468 seconds
[2024-11-18T03:16:32.321+0000] {processor.py:186} INFO - Started process (PID=2595) to work on /home/airflow/.local/lib/python3.12/site-packages/airflow/example_dags/example_branch_day_of_week_operator.py
[2024-11-18T03:16:32.325+0000] {processor.py:914} INFO - Processing file /home/airflow/.local/lib/python3.12/site-packages/airflow/example_dags/example_branch_day_of_week_operator.py for tasks to queue
[2024-11-18T03:16:32.331+0000] {logging_mixin.py:190} INFO - [2024-11-18T03:16:32.329+0000] {dagbag.py:587} INFO - Filling up the DagBag from /home/airflow/.local/lib/python3.12/site-packages/airflow/example_dags/example_branch_day_of_week_operator.py
[2024-11-18T03:16:32.402+0000] {processor.py:925} INFO - DAG(s) 'example_weekday_branch_operator' retrieved from /home/airflow/.local/lib/python3.12/site-packages/airflow/example_dags/example_branch_day_of_week_operator.py
[2024-11-18T03:16:32.538+0000] {logging_mixin.py:190} INFO - [2024-11-18T03:16:32.537+0000] {dag.py:3229} INFO - Sync 1 DAGs
[2024-11-18T03:16:32.601+0000] {logging_mixin.py:190} INFO - [2024-11-18T03:16:32.600+0000] {dag.py:4156} INFO - Setting next_dagrun for example_weekday_branch_operator to 2024-11-17 00:00:00+00:00, run_after=2024-11-18 00:00:00+00:00
[2024-11-18T03:16:32.796+0000] {processor.py:208} INFO - Processing /home/airflow/.local/lib/python3.12/site-packages/airflow/example_dags/example_branch_day_of_week_operator.py took 0.544 seconds
[2024-11-18T03:17:03.235+0000] {processor.py:186} INFO - Started process (PID=2656) to work on /home/airflow/.local/lib/python3.12/site-packages/airflow/example_dags/example_branch_day_of_week_operator.py
[2024-11-18T03:17:03.237+0000] {processor.py:914} INFO - Processing file /home/airflow/.local/lib/python3.12/site-packages/airflow/example_dags/example_branch_day_of_week_operator.py for tasks to queue
[2024-11-18T03:17:03.243+0000] {logging_mixin.py:190} INFO - [2024-11-18T03:17:03.243+0000] {dagbag.py:587} INFO - Filling up the DagBag from /home/airflow/.local/lib/python3.12/site-packages/airflow/example_dags/example_branch_day_of_week_operator.py
[2024-11-18T03:17:03.272+0000] {processor.py:925} INFO - DAG(s) 'example_weekday_branch_operator' retrieved from /home/airflow/.local/lib/python3.12/site-packages/airflow/example_dags/example_branch_day_of_week_operator.py
[2024-11-18T03:17:03.352+0000] {logging_mixin.py:190} INFO - [2024-11-18T03:17:03.350+0000] {dag.py:3229} INFO - Sync 1 DAGs
[2024-11-18T03:17:03.424+0000] {logging_mixin.py:190} INFO - [2024-11-18T03:17:03.422+0000] {dag.py:4156} INFO - Setting next_dagrun for example_weekday_branch_operator to 2024-11-17 00:00:00+00:00, run_after=2024-11-18 00:00:00+00:00
[2024-11-18T03:17:03.552+0000] {processor.py:208} INFO - Processing /home/airflow/.local/lib/python3.12/site-packages/airflow/example_dags/example_branch_day_of_week_operator.py took 0.388 seconds
