[2024-11-18T02:55:30.384+0000] {processor.py:186} INFO - Started process (PID=78) to work on /home/airflow/.local/lib/python3.12/site-packages/airflow/example_dags/example_python_decorator.py
[2024-11-18T02:55:30.384+0000] {processor.py:914} INFO - Processing file /home/airflow/.local/lib/python3.12/site-packages/airflow/example_dags/example_python_decorator.py for tasks to queue
[2024-11-18T02:55:30.404+0000] {logging_mixin.py:190} INFO - [2024-11-18T02:55:30.396+0000] {dagbag.py:587} INFO - Filling up the DagBag from /home/airflow/.local/lib/python3.12/site-packages/airflow/example_dags/example_python_decorator.py
[2024-11-18T02:55:30.554+0000] {processor.py:925} INFO - DAG(s) 'example_python_decorator' retrieved from /home/airflow/.local/lib/python3.12/site-packages/airflow/example_dags/example_python_decorator.py
[2024-11-18T02:55:31.749+0000] {logging_mixin.py:190} INFO - [2024-11-18T02:55:31.749+0000] {dag.py:3229} INFO - Sync 1 DAGs
[2024-11-18T02:55:31.830+0000] {logging_mixin.py:190} INFO - [2024-11-18T02:55:31.830+0000] {dag.py:4156} INFO - Setting next_dagrun for example_python_decorator to None, run_after=None
[2024-11-18T02:55:32.011+0000] {processor.py:208} INFO - Processing /home/airflow/.local/lib/python3.12/site-packages/airflow/example_dags/example_python_decorator.py took 1.703 seconds
[2024-11-18T02:56:02.354+0000] {processor.py:186} INFO - Started process (PID=141) to work on /home/airflow/.local/lib/python3.12/site-packages/airflow/example_dags/example_python_decorator.py
[2024-11-18T02:56:02.356+0000] {processor.py:914} INFO - Processing file /home/airflow/.local/lib/python3.12/site-packages/airflow/example_dags/example_python_decorator.py for tasks to queue
[2024-11-18T02:56:02.358+0000] {logging_mixin.py:190} INFO - [2024-11-18T02:56:02.358+0000] {dagbag.py:587} INFO - Filling up the DagBag from /home/airflow/.local/lib/python3.12/site-packages/airflow/example_dags/example_python_decorator.py
[2024-11-18T02:56:02.372+0000] {processor.py:925} INFO - DAG(s) 'example_python_decorator' retrieved from /home/airflow/.local/lib/python3.12/site-packages/airflow/example_dags/example_python_decorator.py
[2024-11-18T02:56:02.393+0000] {logging_mixin.py:190} INFO - [2024-11-18T02:56:02.393+0000] {dag.py:3229} INFO - Sync 1 DAGs
[2024-11-18T02:56:02.407+0000] {logging_mixin.py:190} INFO - [2024-11-18T02:56:02.407+0000] {dag.py:4156} INFO - Setting next_dagrun for example_python_decorator to None, run_after=None
[2024-11-18T02:56:02.424+0000] {processor.py:208} INFO - Processing /home/airflow/.local/lib/python3.12/site-packages/airflow/example_dags/example_python_decorator.py took 0.075 seconds
[2024-11-18T02:56:32.952+0000] {processor.py:186} INFO - Started process (PID=203) to work on /home/airflow/.local/lib/python3.12/site-packages/airflow/example_dags/example_python_decorator.py
[2024-11-18T02:56:32.955+0000] {processor.py:914} INFO - Processing file /home/airflow/.local/lib/python3.12/site-packages/airflow/example_dags/example_python_decorator.py for tasks to queue
[2024-11-18T02:56:32.960+0000] {logging_mixin.py:190} INFO - [2024-11-18T02:56:32.958+0000] {dagbag.py:587} INFO - Filling up the DagBag from /home/airflow/.local/lib/python3.12/site-packages/airflow/example_dags/example_python_decorator.py
[2024-11-18T02:56:32.989+0000] {processor.py:925} INFO - DAG(s) 'example_python_decorator' retrieved from /home/airflow/.local/lib/python3.12/site-packages/airflow/example_dags/example_python_decorator.py
[2024-11-18T02:56:33.053+0000] {logging_mixin.py:190} INFO - [2024-11-18T02:56:33.053+0000] {dag.py:3229} INFO - Sync 1 DAGs
[2024-11-18T02:56:33.082+0000] {logging_mixin.py:190} INFO - [2024-11-18T02:56:33.080+0000] {dag.py:4156} INFO - Setting next_dagrun for example_python_decorator to None, run_after=None
[2024-11-18T02:56:33.116+0000] {processor.py:208} INFO - Processing /home/airflow/.local/lib/python3.12/site-packages/airflow/example_dags/example_python_decorator.py took 0.177 seconds
[2024-11-18T02:57:03.237+0000] {processor.py:186} INFO - Started process (PID=264) to work on /home/airflow/.local/lib/python3.12/site-packages/airflow/example_dags/example_python_decorator.py
[2024-11-18T02:57:03.245+0000] {processor.py:914} INFO - Processing file /home/airflow/.local/lib/python3.12/site-packages/airflow/example_dags/example_python_decorator.py for tasks to queue
[2024-11-18T02:57:03.249+0000] {logging_mixin.py:190} INFO - [2024-11-18T02:57:03.249+0000] {dagbag.py:587} INFO - Filling up the DagBag from /home/airflow/.local/lib/python3.12/site-packages/airflow/example_dags/example_python_decorator.py
[2024-11-18T02:57:03.281+0000] {processor.py:925} INFO - DAG(s) 'example_python_decorator' retrieved from /home/airflow/.local/lib/python3.12/site-packages/airflow/example_dags/example_python_decorator.py
[2024-11-18T02:57:03.324+0000] {logging_mixin.py:190} INFO - [2024-11-18T02:57:03.324+0000] {dag.py:3229} INFO - Sync 1 DAGs
[2024-11-18T02:57:03.363+0000] {logging_mixin.py:190} INFO - [2024-11-18T02:57:03.363+0000] {dag.py:4156} INFO - Setting next_dagrun for example_python_decorator to None, run_after=None
[2024-11-18T02:57:03.402+0000] {processor.py:208} INFO - Processing /home/airflow/.local/lib/python3.12/site-packages/airflow/example_dags/example_python_decorator.py took 0.176 seconds
[2024-11-18T02:57:33.959+0000] {processor.py:186} INFO - Started process (PID=326) to work on /home/airflow/.local/lib/python3.12/site-packages/airflow/example_dags/example_python_decorator.py
[2024-11-18T02:57:33.965+0000] {processor.py:914} INFO - Processing file /home/airflow/.local/lib/python3.12/site-packages/airflow/example_dags/example_python_decorator.py for tasks to queue
[2024-11-18T02:57:33.983+0000] {logging_mixin.py:190} INFO - [2024-11-18T02:57:33.977+0000] {dagbag.py:587} INFO - Filling up the DagBag from /home/airflow/.local/lib/python3.12/site-packages/airflow/example_dags/example_python_decorator.py
[2024-11-18T02:57:34.090+0000] {processor.py:925} INFO - DAG(s) 'example_python_decorator' retrieved from /home/airflow/.local/lib/python3.12/site-packages/airflow/example_dags/example_python_decorator.py
[2024-11-18T02:57:34.234+0000] {logging_mixin.py:190} INFO - [2024-11-18T02:57:34.234+0000] {dag.py:3229} INFO - Sync 1 DAGs
[2024-11-18T02:57:34.327+0000] {logging_mixin.py:190} INFO - [2024-11-18T02:57:34.326+0000] {dag.py:4156} INFO - Setting next_dagrun for example_python_decorator to None, run_after=None
[2024-11-18T02:57:34.450+0000] {processor.py:208} INFO - Processing /home/airflow/.local/lib/python3.12/site-packages/airflow/example_dags/example_python_decorator.py took 0.534 seconds
[2024-11-18T02:58:05.458+0000] {processor.py:186} INFO - Started process (PID=388) to work on /home/airflow/.local/lib/python3.12/site-packages/airflow/example_dags/example_python_decorator.py
[2024-11-18T02:58:05.467+0000] {processor.py:914} INFO - Processing file /home/airflow/.local/lib/python3.12/site-packages/airflow/example_dags/example_python_decorator.py for tasks to queue
[2024-11-18T02:58:05.497+0000] {logging_mixin.py:190} INFO - [2024-11-18T02:58:05.484+0000] {dagbag.py:587} INFO - Filling up the DagBag from /home/airflow/.local/lib/python3.12/site-packages/airflow/example_dags/example_python_decorator.py
[2024-11-18T02:58:05.619+0000] {processor.py:925} INFO - DAG(s) 'example_python_decorator' retrieved from /home/airflow/.local/lib/python3.12/site-packages/airflow/example_dags/example_python_decorator.py
[2024-11-18T02:58:05.742+0000] {logging_mixin.py:190} INFO - [2024-11-18T02:58:05.742+0000] {dag.py:3229} INFO - Sync 1 DAGs
[2024-11-18T02:58:05.835+0000] {logging_mixin.py:190} INFO - [2024-11-18T02:58:05.829+0000] {dag.py:4156} INFO - Setting next_dagrun for example_python_decorator to None, run_after=None
[2024-11-18T02:58:05.966+0000] {processor.py:208} INFO - Processing /home/airflow/.local/lib/python3.12/site-packages/airflow/example_dags/example_python_decorator.py took 0.538 seconds
[2024-11-18T02:58:36.439+0000] {processor.py:186} INFO - Started process (PID=451) to work on /home/airflow/.local/lib/python3.12/site-packages/airflow/example_dags/example_python_decorator.py
[2024-11-18T02:58:36.443+0000] {processor.py:914} INFO - Processing file /home/airflow/.local/lib/python3.12/site-packages/airflow/example_dags/example_python_decorator.py for tasks to queue
[2024-11-18T02:58:36.448+0000] {logging_mixin.py:190} INFO - [2024-11-18T02:58:36.448+0000] {dagbag.py:587} INFO - Filling up the DagBag from /home/airflow/.local/lib/python3.12/site-packages/airflow/example_dags/example_python_decorator.py
[2024-11-18T02:58:36.478+0000] {processor.py:925} INFO - DAG(s) 'example_python_decorator' retrieved from /home/airflow/.local/lib/python3.12/site-packages/airflow/example_dags/example_python_decorator.py
[2024-11-18T02:58:36.528+0000] {logging_mixin.py:190} INFO - [2024-11-18T02:58:36.528+0000] {dag.py:3229} INFO - Sync 1 DAGs
[2024-11-18T02:58:36.559+0000] {logging_mixin.py:190} INFO - [2024-11-18T02:58:36.558+0000] {dag.py:4156} INFO - Setting next_dagrun for example_python_decorator to None, run_after=None
[2024-11-18T02:58:36.591+0000] {processor.py:208} INFO - Processing /home/airflow/.local/lib/python3.12/site-packages/airflow/example_dags/example_python_decorator.py took 0.164 seconds
[2024-11-18T02:59:06.777+0000] {processor.py:186} INFO - Started process (PID=513) to work on /home/airflow/.local/lib/python3.12/site-packages/airflow/example_dags/example_python_decorator.py
[2024-11-18T02:59:06.783+0000] {processor.py:914} INFO - Processing file /home/airflow/.local/lib/python3.12/site-packages/airflow/example_dags/example_python_decorator.py for tasks to queue
[2024-11-18T02:59:06.787+0000] {logging_mixin.py:190} INFO - [2024-11-18T02:59:06.787+0000] {dagbag.py:587} INFO - Filling up the DagBag from /home/airflow/.local/lib/python3.12/site-packages/airflow/example_dags/example_python_decorator.py
[2024-11-18T02:59:06.819+0000] {processor.py:925} INFO - DAG(s) 'example_python_decorator' retrieved from /home/airflow/.local/lib/python3.12/site-packages/airflow/example_dags/example_python_decorator.py
[2024-11-18T02:59:06.870+0000] {logging_mixin.py:190} INFO - [2024-11-18T02:59:06.870+0000] {dag.py:3229} INFO - Sync 1 DAGs
[2024-11-18T02:59:06.903+0000] {logging_mixin.py:190} INFO - [2024-11-18T02:59:06.901+0000] {dag.py:4156} INFO - Setting next_dagrun for example_python_decorator to None, run_after=None
[2024-11-18T02:59:06.973+0000] {processor.py:208} INFO - Processing /home/airflow/.local/lib/python3.12/site-packages/airflow/example_dags/example_python_decorator.py took 0.210 seconds
[2024-11-18T02:59:37.793+0000] {processor.py:186} INFO - Started process (PID=574) to work on /home/airflow/.local/lib/python3.12/site-packages/airflow/example_dags/example_python_decorator.py
[2024-11-18T02:59:37.793+0000] {processor.py:914} INFO - Processing file /home/airflow/.local/lib/python3.12/site-packages/airflow/example_dags/example_python_decorator.py for tasks to queue
[2024-11-18T02:59:37.798+0000] {logging_mixin.py:190} INFO - [2024-11-18T02:59:37.798+0000] {dagbag.py:587} INFO - Filling up the DagBag from /home/airflow/.local/lib/python3.12/site-packages/airflow/example_dags/example_python_decorator.py
[2024-11-18T02:59:37.829+0000] {processor.py:925} INFO - DAG(s) 'example_python_decorator' retrieved from /home/airflow/.local/lib/python3.12/site-packages/airflow/example_dags/example_python_decorator.py
[2024-11-18T02:59:37.892+0000] {logging_mixin.py:190} INFO - [2024-11-18T02:59:37.892+0000] {dag.py:3229} INFO - Sync 1 DAGs
[2024-11-18T02:59:37.922+0000] {logging_mixin.py:190} INFO - [2024-11-18T02:59:37.922+0000] {dag.py:4156} INFO - Setting next_dagrun for example_python_decorator to None, run_after=None
[2024-11-18T02:59:37.963+0000] {processor.py:208} INFO - Processing /home/airflow/.local/lib/python3.12/site-packages/airflow/example_dags/example_python_decorator.py took 0.185 seconds
[2024-11-18T03:00:08.506+0000] {processor.py:186} INFO - Started process (PID=636) to work on /home/airflow/.local/lib/python3.12/site-packages/airflow/example_dags/example_python_decorator.py
[2024-11-18T03:00:08.514+0000] {processor.py:914} INFO - Processing file /home/airflow/.local/lib/python3.12/site-packages/airflow/example_dags/example_python_decorator.py for tasks to queue
[2024-11-18T03:00:08.522+0000] {logging_mixin.py:190} INFO - [2024-11-18T03:00:08.522+0000] {dagbag.py:587} INFO - Filling up the DagBag from /home/airflow/.local/lib/python3.12/site-packages/airflow/example_dags/example_python_decorator.py
[2024-11-18T03:00:08.628+0000] {processor.py:925} INFO - DAG(s) 'example_python_decorator' retrieved from /home/airflow/.local/lib/python3.12/site-packages/airflow/example_dags/example_python_decorator.py
[2024-11-18T03:00:08.785+0000] {logging_mixin.py:190} INFO - [2024-11-18T03:00:08.785+0000] {dag.py:3229} INFO - Sync 1 DAGs
[2024-11-18T03:00:08.884+0000] {logging_mixin.py:190} INFO - [2024-11-18T03:00:08.884+0000] {dag.py:4156} INFO - Setting next_dagrun for example_python_decorator to None, run_after=None
[2024-11-18T03:00:08.994+0000] {processor.py:208} INFO - Processing /home/airflow/.local/lib/python3.12/site-packages/airflow/example_dags/example_python_decorator.py took 0.516 seconds
[2024-11-18T03:00:39.420+0000] {processor.py:186} INFO - Started process (PID=697) to work on /home/airflow/.local/lib/python3.12/site-packages/airflow/example_dags/example_python_decorator.py
[2024-11-18T03:00:39.424+0000] {processor.py:914} INFO - Processing file /home/airflow/.local/lib/python3.12/site-packages/airflow/example_dags/example_python_decorator.py for tasks to queue
[2024-11-18T03:00:39.433+0000] {logging_mixin.py:190} INFO - [2024-11-18T03:00:39.433+0000] {dagbag.py:587} INFO - Filling up the DagBag from /home/airflow/.local/lib/python3.12/site-packages/airflow/example_dags/example_python_decorator.py
[2024-11-18T03:00:39.491+0000] {processor.py:925} INFO - DAG(s) 'example_python_decorator' retrieved from /home/airflow/.local/lib/python3.12/site-packages/airflow/example_dags/example_python_decorator.py
[2024-11-18T03:00:39.583+0000] {logging_mixin.py:190} INFO - [2024-11-18T03:00:39.583+0000] {dag.py:3229} INFO - Sync 1 DAGs
[2024-11-18T03:00:39.642+0000] {logging_mixin.py:190} INFO - [2024-11-18T03:00:39.638+0000] {dag.py:4156} INFO - Setting next_dagrun for example_python_decorator to None, run_after=None
[2024-11-18T03:00:39.719+0000] {processor.py:208} INFO - Processing /home/airflow/.local/lib/python3.12/site-packages/airflow/example_dags/example_python_decorator.py took 0.336 seconds
[2024-11-18T03:01:09.995+0000] {processor.py:186} INFO - Started process (PID=760) to work on /home/airflow/.local/lib/python3.12/site-packages/airflow/example_dags/example_python_decorator.py
[2024-11-18T03:01:09.998+0000] {processor.py:914} INFO - Processing file /home/airflow/.local/lib/python3.12/site-packages/airflow/example_dags/example_python_decorator.py for tasks to queue
[2024-11-18T03:01:10.006+0000] {logging_mixin.py:190} INFO - [2024-11-18T03:01:10.002+0000] {dagbag.py:587} INFO - Filling up the DagBag from /home/airflow/.local/lib/python3.12/site-packages/airflow/example_dags/example_python_decorator.py
[2024-11-18T03:01:10.036+0000] {processor.py:925} INFO - DAG(s) 'example_python_decorator' retrieved from /home/airflow/.local/lib/python3.12/site-packages/airflow/example_dags/example_python_decorator.py
[2024-11-18T03:01:10.078+0000] {logging_mixin.py:190} INFO - [2024-11-18T03:01:10.078+0000] {dag.py:3229} INFO - Sync 1 DAGs
[2024-11-18T03:01:10.105+0000] {logging_mixin.py:190} INFO - [2024-11-18T03:01:10.105+0000] {dag.py:4156} INFO - Setting next_dagrun for example_python_decorator to None, run_after=None
[2024-11-18T03:01:10.137+0000] {processor.py:208} INFO - Processing /home/airflow/.local/lib/python3.12/site-packages/airflow/example_dags/example_python_decorator.py took 0.155 seconds
[2024-11-18T03:01:40.987+0000] {processor.py:186} INFO - Started process (PID=822) to work on /home/airflow/.local/lib/python3.12/site-packages/airflow/example_dags/example_python_decorator.py
[2024-11-18T03:01:40.987+0000] {processor.py:914} INFO - Processing file /home/airflow/.local/lib/python3.12/site-packages/airflow/example_dags/example_python_decorator.py for tasks to queue
[2024-11-18T03:01:40.995+0000] {logging_mixin.py:190} INFO - [2024-11-18T03:01:40.995+0000] {dagbag.py:587} INFO - Filling up the DagBag from /home/airflow/.local/lib/python3.12/site-packages/airflow/example_dags/example_python_decorator.py
[2024-11-18T03:01:41.033+0000] {processor.py:925} INFO - DAG(s) 'example_python_decorator' retrieved from /home/airflow/.local/lib/python3.12/site-packages/airflow/example_dags/example_python_decorator.py
[2024-11-18T03:01:41.076+0000] {logging_mixin.py:190} INFO - [2024-11-18T03:01:41.076+0000] {dag.py:3229} INFO - Sync 1 DAGs
[2024-11-18T03:01:41.110+0000] {logging_mixin.py:190} INFO - [2024-11-18T03:01:41.110+0000] {dag.py:4156} INFO - Setting next_dagrun for example_python_decorator to None, run_after=None
[2024-11-18T03:01:41.146+0000] {processor.py:208} INFO - Processing /home/airflow/.local/lib/python3.12/site-packages/airflow/example_dags/example_python_decorator.py took 0.171 seconds
[2024-11-18T03:02:11.276+0000] {processor.py:186} INFO - Started process (PID=884) to work on /home/airflow/.local/lib/python3.12/site-packages/airflow/example_dags/example_python_decorator.py
[2024-11-18T03:02:11.278+0000] {processor.py:914} INFO - Processing file /home/airflow/.local/lib/python3.12/site-packages/airflow/example_dags/example_python_decorator.py for tasks to queue
[2024-11-18T03:02:11.282+0000] {logging_mixin.py:190} INFO - [2024-11-18T03:02:11.282+0000] {dagbag.py:587} INFO - Filling up the DagBag from /home/airflow/.local/lib/python3.12/site-packages/airflow/example_dags/example_python_decorator.py
[2024-11-18T03:02:11.313+0000] {processor.py:925} INFO - DAG(s) 'example_python_decorator' retrieved from /home/airflow/.local/lib/python3.12/site-packages/airflow/example_dags/example_python_decorator.py
[2024-11-18T03:02:11.355+0000] {logging_mixin.py:190} INFO - [2024-11-18T03:02:11.355+0000] {dag.py:3229} INFO - Sync 1 DAGs
[2024-11-18T03:02:11.387+0000] {logging_mixin.py:190} INFO - [2024-11-18T03:02:11.383+0000] {dag.py:4156} INFO - Setting next_dagrun for example_python_decorator to None, run_after=None
[2024-11-18T03:02:11.421+0000] {processor.py:208} INFO - Processing /home/airflow/.local/lib/python3.12/site-packages/airflow/example_dags/example_python_decorator.py took 0.157 seconds
[2024-11-18T03:02:41.733+0000] {processor.py:186} INFO - Started process (PID=946) to work on /home/airflow/.local/lib/python3.12/site-packages/airflow/example_dags/example_python_decorator.py
[2024-11-18T03:02:41.735+0000] {processor.py:914} INFO - Processing file /home/airflow/.local/lib/python3.12/site-packages/airflow/example_dags/example_python_decorator.py for tasks to queue
[2024-11-18T03:02:41.741+0000] {logging_mixin.py:190} INFO - [2024-11-18T03:02:41.739+0000] {dagbag.py:587} INFO - Filling up the DagBag from /home/airflow/.local/lib/python3.12/site-packages/airflow/example_dags/example_python_decorator.py
[2024-11-18T03:02:41.771+0000] {processor.py:925} INFO - DAG(s) 'example_python_decorator' retrieved from /home/airflow/.local/lib/python3.12/site-packages/airflow/example_dags/example_python_decorator.py
[2024-11-18T03:02:41.816+0000] {logging_mixin.py:190} INFO - [2024-11-18T03:02:41.816+0000] {dag.py:3229} INFO - Sync 1 DAGs
[2024-11-18T03:02:41.845+0000] {logging_mixin.py:190} INFO - [2024-11-18T03:02:41.845+0000] {dag.py:4156} INFO - Setting next_dagrun for example_python_decorator to None, run_after=None
[2024-11-18T03:02:41.882+0000] {processor.py:208} INFO - Processing /home/airflow/.local/lib/python3.12/site-packages/airflow/example_dags/example_python_decorator.py took 0.161 seconds
[2024-11-18T03:03:12.475+0000] {processor.py:186} INFO - Started process (PID=1008) to work on /home/airflow/.local/lib/python3.12/site-packages/airflow/example_dags/example_python_decorator.py
[2024-11-18T03:03:12.478+0000] {processor.py:914} INFO - Processing file /home/airflow/.local/lib/python3.12/site-packages/airflow/example_dags/example_python_decorator.py for tasks to queue
[2024-11-18T03:03:12.482+0000] {logging_mixin.py:190} INFO - [2024-11-18T03:03:12.482+0000] {dagbag.py:587} INFO - Filling up the DagBag from /home/airflow/.local/lib/python3.12/site-packages/airflow/example_dags/example_python_decorator.py
[2024-11-18T03:03:12.512+0000] {processor.py:925} INFO - DAG(s) 'example_python_decorator' retrieved from /home/airflow/.local/lib/python3.12/site-packages/airflow/example_dags/example_python_decorator.py
[2024-11-18T03:03:12.556+0000] {logging_mixin.py:190} INFO - [2024-11-18T03:03:12.555+0000] {dag.py:3229} INFO - Sync 1 DAGs
[2024-11-18T03:03:12.586+0000] {logging_mixin.py:190} INFO - [2024-11-18T03:03:12.584+0000] {dag.py:4156} INFO - Setting next_dagrun for example_python_decorator to None, run_after=None
[2024-11-18T03:03:12.620+0000] {processor.py:208} INFO - Processing /home/airflow/.local/lib/python3.12/site-packages/airflow/example_dags/example_python_decorator.py took 0.158 seconds
[2024-11-18T03:03:43.420+0000] {processor.py:186} INFO - Started process (PID=1069) to work on /home/airflow/.local/lib/python3.12/site-packages/airflow/example_dags/example_python_decorator.py
[2024-11-18T03:03:43.426+0000] {processor.py:914} INFO - Processing file /home/airflow/.local/lib/python3.12/site-packages/airflow/example_dags/example_python_decorator.py for tasks to queue
[2024-11-18T03:03:43.434+0000] {logging_mixin.py:190} INFO - [2024-11-18T03:03:43.434+0000] {dagbag.py:587} INFO - Filling up the DagBag from /home/airflow/.local/lib/python3.12/site-packages/airflow/example_dags/example_python_decorator.py
[2024-11-18T03:03:43.494+0000] {processor.py:925} INFO - DAG(s) 'example_python_decorator' retrieved from /home/airflow/.local/lib/python3.12/site-packages/airflow/example_dags/example_python_decorator.py
[2024-11-18T03:03:43.582+0000] {logging_mixin.py:190} INFO - [2024-11-18T03:03:43.582+0000] {dag.py:3229} INFO - Sync 1 DAGs
[2024-11-18T03:03:43.635+0000] {logging_mixin.py:190} INFO - [2024-11-18T03:03:43.635+0000] {dag.py:4156} INFO - Setting next_dagrun for example_python_decorator to None, run_after=None
[2024-11-18T03:03:43.708+0000] {processor.py:208} INFO - Processing /home/airflow/.local/lib/python3.12/site-packages/airflow/example_dags/example_python_decorator.py took 0.311 seconds
[2024-11-18T03:04:14.513+0000] {processor.py:186} INFO - Started process (PID=1131) to work on /home/airflow/.local/lib/python3.12/site-packages/airflow/example_dags/example_python_decorator.py
[2024-11-18T03:04:14.520+0000] {processor.py:914} INFO - Processing file /home/airflow/.local/lib/python3.12/site-packages/airflow/example_dags/example_python_decorator.py for tasks to queue
[2024-11-18T03:04:14.524+0000] {logging_mixin.py:190} INFO - [2024-11-18T03:04:14.524+0000] {dagbag.py:587} INFO - Filling up the DagBag from /home/airflow/.local/lib/python3.12/site-packages/airflow/example_dags/example_python_decorator.py
[2024-11-18T03:04:14.552+0000] {processor.py:925} INFO - DAG(s) 'example_python_decorator' retrieved from /home/airflow/.local/lib/python3.12/site-packages/airflow/example_dags/example_python_decorator.py
[2024-11-18T03:04:14.594+0000] {logging_mixin.py:190} INFO - [2024-11-18T03:04:14.594+0000] {dag.py:3229} INFO - Sync 1 DAGs
[2024-11-18T03:04:14.624+0000] {logging_mixin.py:190} INFO - [2024-11-18T03:04:14.624+0000] {dag.py:4156} INFO - Setting next_dagrun for example_python_decorator to None, run_after=None
[2024-11-18T03:04:14.665+0000] {processor.py:208} INFO - Processing /home/airflow/.local/lib/python3.12/site-packages/airflow/example_dags/example_python_decorator.py took 0.165 seconds
[2024-11-18T03:04:45.025+0000] {processor.py:186} INFO - Started process (PID=1193) to work on /home/airflow/.local/lib/python3.12/site-packages/airflow/example_dags/example_python_decorator.py
[2024-11-18T03:04:45.029+0000] {processor.py:914} INFO - Processing file /home/airflow/.local/lib/python3.12/site-packages/airflow/example_dags/example_python_decorator.py for tasks to queue
[2024-11-18T03:04:45.034+0000] {logging_mixin.py:190} INFO - [2024-11-18T03:04:45.034+0000] {dagbag.py:587} INFO - Filling up the DagBag from /home/airflow/.local/lib/python3.12/site-packages/airflow/example_dags/example_python_decorator.py
[2024-11-18T03:04:45.063+0000] {processor.py:925} INFO - DAG(s) 'example_python_decorator' retrieved from /home/airflow/.local/lib/python3.12/site-packages/airflow/example_dags/example_python_decorator.py
[2024-11-18T03:04:45.105+0000] {logging_mixin.py:190} INFO - [2024-11-18T03:04:45.105+0000] {dag.py:3229} INFO - Sync 1 DAGs
[2024-11-18T03:04:45.132+0000] {logging_mixin.py:190} INFO - [2024-11-18T03:04:45.132+0000] {dag.py:4156} INFO - Setting next_dagrun for example_python_decorator to None, run_after=None
[2024-11-18T03:04:45.171+0000] {processor.py:208} INFO - Processing /home/airflow/.local/lib/python3.12/site-packages/airflow/example_dags/example_python_decorator.py took 0.158 seconds
[2024-11-18T03:05:15.414+0000] {processor.py:186} INFO - Started process (PID=1255) to work on /home/airflow/.local/lib/python3.12/site-packages/airflow/example_dags/example_python_decorator.py
[2024-11-18T03:05:15.418+0000] {processor.py:914} INFO - Processing file /home/airflow/.local/lib/python3.12/site-packages/airflow/example_dags/example_python_decorator.py for tasks to queue
[2024-11-18T03:05:15.424+0000] {logging_mixin.py:190} INFO - [2024-11-18T03:05:15.424+0000] {dagbag.py:587} INFO - Filling up the DagBag from /home/airflow/.local/lib/python3.12/site-packages/airflow/example_dags/example_python_decorator.py
[2024-11-18T03:05:15.455+0000] {processor.py:925} INFO - DAG(s) 'example_python_decorator' retrieved from /home/airflow/.local/lib/python3.12/site-packages/airflow/example_dags/example_python_decorator.py
[2024-11-18T03:05:15.503+0000] {logging_mixin.py:190} INFO - [2024-11-18T03:05:15.503+0000] {dag.py:3229} INFO - Sync 1 DAGs
[2024-11-18T03:05:15.536+0000] {logging_mixin.py:190} INFO - [2024-11-18T03:05:15.534+0000] {dag.py:4156} INFO - Setting next_dagrun for example_python_decorator to None, run_after=None
[2024-11-18T03:05:15.574+0000] {processor.py:208} INFO - Processing /home/airflow/.local/lib/python3.12/site-packages/airflow/example_dags/example_python_decorator.py took 0.173 seconds
[2024-11-18T03:05:45.732+0000] {processor.py:186} INFO - Started process (PID=1317) to work on /home/airflow/.local/lib/python3.12/site-packages/airflow/example_dags/example_python_decorator.py
[2024-11-18T03:05:45.736+0000] {processor.py:914} INFO - Processing file /home/airflow/.local/lib/python3.12/site-packages/airflow/example_dags/example_python_decorator.py for tasks to queue
[2024-11-18T03:05:45.740+0000] {logging_mixin.py:190} INFO - [2024-11-18T03:05:45.738+0000] {dagbag.py:587} INFO - Filling up the DagBag from /home/airflow/.local/lib/python3.12/site-packages/airflow/example_dags/example_python_decorator.py
[2024-11-18T03:05:45.771+0000] {processor.py:925} INFO - DAG(s) 'example_python_decorator' retrieved from /home/airflow/.local/lib/python3.12/site-packages/airflow/example_dags/example_python_decorator.py
[2024-11-18T03:05:45.841+0000] {logging_mixin.py:190} INFO - [2024-11-18T03:05:45.841+0000] {dag.py:3229} INFO - Sync 1 DAGs
[2024-11-18T03:05:45.869+0000] {logging_mixin.py:190} INFO - [2024-11-18T03:05:45.869+0000] {dag.py:4156} INFO - Setting next_dagrun for example_python_decorator to None, run_after=None
[2024-11-18T03:05:45.910+0000] {processor.py:208} INFO - Processing /home/airflow/.local/lib/python3.12/site-packages/airflow/example_dags/example_python_decorator.py took 0.191 seconds
[2024-11-18T03:06:16.143+0000] {processor.py:186} INFO - Started process (PID=1379) to work on /home/airflow/.local/lib/python3.12/site-packages/airflow/example_dags/example_python_decorator.py
[2024-11-18T03:06:16.144+0000] {processor.py:914} INFO - Processing file /home/airflow/.local/lib/python3.12/site-packages/airflow/example_dags/example_python_decorator.py for tasks to queue
[2024-11-18T03:06:16.150+0000] {logging_mixin.py:190} INFO - [2024-11-18T03:06:16.150+0000] {dagbag.py:587} INFO - Filling up the DagBag from /home/airflow/.local/lib/python3.12/site-packages/airflow/example_dags/example_python_decorator.py
[2024-11-18T03:06:16.181+0000] {processor.py:925} INFO - DAG(s) 'example_python_decorator' retrieved from /home/airflow/.local/lib/python3.12/site-packages/airflow/example_dags/example_python_decorator.py
[2024-11-18T03:06:16.227+0000] {logging_mixin.py:190} INFO - [2024-11-18T03:06:16.227+0000] {dag.py:3229} INFO - Sync 1 DAGs
[2024-11-18T03:06:16.257+0000] {logging_mixin.py:190} INFO - [2024-11-18T03:06:16.257+0000] {dag.py:4156} INFO - Setting next_dagrun for example_python_decorator to None, run_after=None
[2024-11-18T03:06:16.291+0000] {processor.py:208} INFO - Processing /home/airflow/.local/lib/python3.12/site-packages/airflow/example_dags/example_python_decorator.py took 0.159 seconds
[2024-11-18T03:06:46.823+0000] {processor.py:186} INFO - Started process (PID=1440) to work on /home/airflow/.local/lib/python3.12/site-packages/airflow/example_dags/example_python_decorator.py
[2024-11-18T03:06:46.826+0000] {processor.py:914} INFO - Processing file /home/airflow/.local/lib/python3.12/site-packages/airflow/example_dags/example_python_decorator.py for tasks to queue
[2024-11-18T03:06:46.830+0000] {logging_mixin.py:190} INFO - [2024-11-18T03:06:46.830+0000] {dagbag.py:587} INFO - Filling up the DagBag from /home/airflow/.local/lib/python3.12/site-packages/airflow/example_dags/example_python_decorator.py
[2024-11-18T03:06:46.860+0000] {processor.py:925} INFO - DAG(s) 'example_python_decorator' retrieved from /home/airflow/.local/lib/python3.12/site-packages/airflow/example_dags/example_python_decorator.py
[2024-11-18T03:06:46.902+0000] {logging_mixin.py:190} INFO - [2024-11-18T03:06:46.902+0000] {dag.py:3229} INFO - Sync 1 DAGs
[2024-11-18T03:06:46.930+0000] {logging_mixin.py:190} INFO - [2024-11-18T03:06:46.930+0000] {dag.py:4156} INFO - Setting next_dagrun for example_python_decorator to None, run_after=None
[2024-11-18T03:06:46.961+0000] {processor.py:208} INFO - Processing /home/airflow/.local/lib/python3.12/site-packages/airflow/example_dags/example_python_decorator.py took 0.162 seconds
[2024-11-18T03:07:17.263+0000] {processor.py:186} INFO - Started process (PID=1501) to work on /home/airflow/.local/lib/python3.12/site-packages/airflow/example_dags/example_python_decorator.py
[2024-11-18T03:07:17.267+0000] {processor.py:914} INFO - Processing file /home/airflow/.local/lib/python3.12/site-packages/airflow/example_dags/example_python_decorator.py for tasks to queue
[2024-11-18T03:07:17.275+0000] {logging_mixin.py:190} INFO - [2024-11-18T03:07:17.275+0000] {dagbag.py:587} INFO - Filling up the DagBag from /home/airflow/.local/lib/python3.12/site-packages/airflow/example_dags/example_python_decorator.py
[2024-11-18T03:07:17.335+0000] {processor.py:925} INFO - DAG(s) 'example_python_decorator' retrieved from /home/airflow/.local/lib/python3.12/site-packages/airflow/example_dags/example_python_decorator.py
[2024-11-18T03:07:17.415+0000] {logging_mixin.py:190} INFO - [2024-11-18T03:07:17.415+0000] {dag.py:3229} INFO - Sync 1 DAGs
[2024-11-18T03:07:17.482+0000] {logging_mixin.py:190} INFO - [2024-11-18T03:07:17.481+0000] {dag.py:4156} INFO - Setting next_dagrun for example_python_decorator to None, run_after=None
[2024-11-18T03:07:17.560+0000] {processor.py:208} INFO - Processing /home/airflow/.local/lib/python3.12/site-packages/airflow/example_dags/example_python_decorator.py took 0.329 seconds
[2024-11-18T03:07:48.188+0000] {processor.py:186} INFO - Started process (PID=1562) to work on /home/airflow/.local/lib/python3.12/site-packages/airflow/example_dags/example_python_decorator.py
[2024-11-18T03:07:48.197+0000] {processor.py:914} INFO - Processing file /home/airflow/.local/lib/python3.12/site-packages/airflow/example_dags/example_python_decorator.py for tasks to queue
[2024-11-18T03:07:48.216+0000] {logging_mixin.py:190} INFO - [2024-11-18T03:07:48.209+0000] {dagbag.py:587} INFO - Filling up the DagBag from /home/airflow/.local/lib/python3.12/site-packages/airflow/example_dags/example_python_decorator.py
[2024-11-18T03:07:48.290+0000] {processor.py:925} INFO - DAG(s) 'example_python_decorator' retrieved from /home/airflow/.local/lib/python3.12/site-packages/airflow/example_dags/example_python_decorator.py
[2024-11-18T03:07:48.371+0000] {logging_mixin.py:190} INFO - [2024-11-18T03:07:48.371+0000] {dag.py:3229} INFO - Sync 1 DAGs
[2024-11-18T03:07:48.438+0000] {logging_mixin.py:190} INFO - [2024-11-18T03:07:48.434+0000] {dag.py:4156} INFO - Setting next_dagrun for example_python_decorator to None, run_after=None
[2024-11-18T03:07:48.514+0000] {processor.py:208} INFO - Processing /home/airflow/.local/lib/python3.12/site-packages/airflow/example_dags/example_python_decorator.py took 0.361 seconds
[2024-11-18T03:08:19.032+0000] {processor.py:186} INFO - Started process (PID=1624) to work on /home/airflow/.local/lib/python3.12/site-packages/airflow/example_dags/example_python_decorator.py
[2024-11-18T03:08:19.041+0000] {processor.py:914} INFO - Processing file /home/airflow/.local/lib/python3.12/site-packages/airflow/example_dags/example_python_decorator.py for tasks to queue
[2024-11-18T03:08:19.047+0000] {logging_mixin.py:190} INFO - [2024-11-18T03:08:19.045+0000] {dagbag.py:587} INFO - Filling up the DagBag from /home/airflow/.local/lib/python3.12/site-packages/airflow/example_dags/example_python_decorator.py
[2024-11-18T03:08:19.086+0000] {processor.py:925} INFO - DAG(s) 'example_python_decorator' retrieved from /home/airflow/.local/lib/python3.12/site-packages/airflow/example_dags/example_python_decorator.py
[2024-11-18T03:08:19.138+0000] {logging_mixin.py:190} INFO - [2024-11-18T03:08:19.138+0000] {dag.py:3229} INFO - Sync 1 DAGs
[2024-11-18T03:08:19.168+0000] {logging_mixin.py:190} INFO - [2024-11-18T03:08:19.168+0000] {dag.py:4156} INFO - Setting next_dagrun for example_python_decorator to None, run_after=None
[2024-11-18T03:08:19.223+0000] {processor.py:208} INFO - Processing /home/airflow/.local/lib/python3.12/site-packages/airflow/example_dags/example_python_decorator.py took 0.205 seconds
[2024-11-18T03:08:50.235+0000] {processor.py:186} INFO - Started process (PID=1688) to work on /home/airflow/.local/lib/python3.12/site-packages/airflow/example_dags/example_python_decorator.py
[2024-11-18T03:08:50.238+0000] {processor.py:914} INFO - Processing file /home/airflow/.local/lib/python3.12/site-packages/airflow/example_dags/example_python_decorator.py for tasks to queue
[2024-11-18T03:08:50.246+0000] {logging_mixin.py:190} INFO - [2024-11-18T03:08:50.244+0000] {dagbag.py:587} INFO - Filling up the DagBag from /home/airflow/.local/lib/python3.12/site-packages/airflow/example_dags/example_python_decorator.py
[2024-11-18T03:08:50.278+0000] {processor.py:925} INFO - DAG(s) 'example_python_decorator' retrieved from /home/airflow/.local/lib/python3.12/site-packages/airflow/example_dags/example_python_decorator.py
[2024-11-18T03:08:50.320+0000] {logging_mixin.py:190} INFO - [2024-11-18T03:08:50.320+0000] {dag.py:3229} INFO - Sync 1 DAGs
[2024-11-18T03:08:50.350+0000] {logging_mixin.py:190} INFO - [2024-11-18T03:08:50.350+0000] {dag.py:4156} INFO - Setting next_dagrun for example_python_decorator to None, run_after=None
[2024-11-18T03:08:50.383+0000] {processor.py:208} INFO - Processing /home/airflow/.local/lib/python3.12/site-packages/airflow/example_dags/example_python_decorator.py took 0.161 seconds
[2024-11-18T03:09:21.206+0000] {processor.py:186} INFO - Started process (PID=1750) to work on /home/airflow/.local/lib/python3.12/site-packages/airflow/example_dags/example_python_decorator.py
[2024-11-18T03:09:21.209+0000] {processor.py:914} INFO - Processing file /home/airflow/.local/lib/python3.12/site-packages/airflow/example_dags/example_python_decorator.py for tasks to queue
[2024-11-18T03:09:21.215+0000] {logging_mixin.py:190} INFO - [2024-11-18T03:09:21.215+0000] {dagbag.py:587} INFO - Filling up the DagBag from /home/airflow/.local/lib/python3.12/site-packages/airflow/example_dags/example_python_decorator.py
[2024-11-18T03:09:21.250+0000] {processor.py:925} INFO - DAG(s) 'example_python_decorator' retrieved from /home/airflow/.local/lib/python3.12/site-packages/airflow/example_dags/example_python_decorator.py
[2024-11-18T03:09:21.307+0000] {logging_mixin.py:190} INFO - [2024-11-18T03:09:21.306+0000] {dag.py:3229} INFO - Sync 1 DAGs
[2024-11-18T03:09:21.335+0000] {logging_mixin.py:190} INFO - [2024-11-18T03:09:21.335+0000] {dag.py:4156} INFO - Setting next_dagrun for example_python_decorator to None, run_after=None
[2024-11-18T03:09:21.377+0000] {processor.py:208} INFO - Processing /home/airflow/.local/lib/python3.12/site-packages/airflow/example_dags/example_python_decorator.py took 0.187 seconds
[2024-11-18T03:09:51.540+0000] {processor.py:186} INFO - Started process (PID=1813) to work on /home/airflow/.local/lib/python3.12/site-packages/airflow/example_dags/example_python_decorator.py
[2024-11-18T03:09:51.543+0000] {processor.py:914} INFO - Processing file /home/airflow/.local/lib/python3.12/site-packages/airflow/example_dags/example_python_decorator.py for tasks to queue
[2024-11-18T03:09:51.552+0000] {logging_mixin.py:190} INFO - [2024-11-18T03:09:51.549+0000] {dagbag.py:587} INFO - Filling up the DagBag from /home/airflow/.local/lib/python3.12/site-packages/airflow/example_dags/example_python_decorator.py
[2024-11-18T03:09:51.630+0000] {processor.py:925} INFO - DAG(s) 'example_python_decorator' retrieved from /home/airflow/.local/lib/python3.12/site-packages/airflow/example_dags/example_python_decorator.py
[2024-11-18T03:09:51.731+0000] {logging_mixin.py:190} INFO - [2024-11-18T03:09:51.731+0000] {dag.py:3229} INFO - Sync 1 DAGs
[2024-11-18T03:09:51.836+0000] {logging_mixin.py:190} INFO - [2024-11-18T03:09:51.836+0000] {dag.py:4156} INFO - Setting next_dagrun for example_python_decorator to None, run_after=None
[2024-11-18T03:09:51.888+0000] {processor.py:208} INFO - Processing /home/airflow/.local/lib/python3.12/site-packages/airflow/example_dags/example_python_decorator.py took 0.359 seconds
[2024-11-18T03:10:22.856+0000] {processor.py:186} INFO - Started process (PID=1882) to work on /home/airflow/.local/lib/python3.12/site-packages/airflow/example_dags/example_python_decorator.py
[2024-11-18T03:10:22.860+0000] {processor.py:914} INFO - Processing file /home/airflow/.local/lib/python3.12/site-packages/airflow/example_dags/example_python_decorator.py for tasks to queue
[2024-11-18T03:10:22.866+0000] {logging_mixin.py:190} INFO - [2024-11-18T03:10:22.866+0000] {dagbag.py:587} INFO - Filling up the DagBag from /home/airflow/.local/lib/python3.12/site-packages/airflow/example_dags/example_python_decorator.py
[2024-11-18T03:10:22.900+0000] {processor.py:925} INFO - DAG(s) 'example_python_decorator' retrieved from /home/airflow/.local/lib/python3.12/site-packages/airflow/example_dags/example_python_decorator.py
[2024-11-18T03:10:22.943+0000] {logging_mixin.py:190} INFO - [2024-11-18T03:10:22.943+0000] {dag.py:3229} INFO - Sync 1 DAGs
[2024-11-18T03:10:22.971+0000] {logging_mixin.py:190} INFO - [2024-11-18T03:10:22.971+0000] {dag.py:4156} INFO - Setting next_dagrun for example_python_decorator to None, run_after=None
[2024-11-18T03:10:23.010+0000] {processor.py:208} INFO - Processing /home/airflow/.local/lib/python3.12/site-packages/airflow/example_dags/example_python_decorator.py took 0.168 seconds
[2024-11-18T03:10:55.233+0000] {processor.py:186} INFO - Started process (PID=1944) to work on /home/airflow/.local/lib/python3.12/site-packages/airflow/example_dags/example_python_decorator.py
[2024-11-18T03:10:55.248+0000] {processor.py:914} INFO - Processing file /home/airflow/.local/lib/python3.12/site-packages/airflow/example_dags/example_python_decorator.py for tasks to queue
[2024-11-18T03:10:55.295+0000] {logging_mixin.py:190} INFO - [2024-11-18T03:10:55.287+0000] {dagbag.py:587} INFO - Filling up the DagBag from /home/airflow/.local/lib/python3.12/site-packages/airflow/example_dags/example_python_decorator.py
[2024-11-18T03:10:55.491+0000] {processor.py:925} INFO - DAG(s) 'example_python_decorator' retrieved from /home/airflow/.local/lib/python3.12/site-packages/airflow/example_dags/example_python_decorator.py
[2024-11-18T03:10:55.780+0000] {logging_mixin.py:190} INFO - [2024-11-18T03:10:55.776+0000] {dag.py:3229} INFO - Sync 1 DAGs
[2024-11-18T03:10:55.961+0000] {logging_mixin.py:190} INFO - [2024-11-18T03:10:55.955+0000] {dag.py:4156} INFO - Setting next_dagrun for example_python_decorator to None, run_after=None
[2024-11-18T03:10:56.200+0000] {processor.py:208} INFO - Processing /home/airflow/.local/lib/python3.12/site-packages/airflow/example_dags/example_python_decorator.py took 1.034 seconds
[2024-11-18T03:11:27.138+0000] {processor.py:186} INFO - Started process (PID=2006) to work on /home/airflow/.local/lib/python3.12/site-packages/airflow/example_dags/example_python_decorator.py
[2024-11-18T03:11:27.145+0000] {processor.py:914} INFO - Processing file /home/airflow/.local/lib/python3.12/site-packages/airflow/example_dags/example_python_decorator.py for tasks to queue
[2024-11-18T03:11:27.161+0000] {logging_mixin.py:190} INFO - [2024-11-18T03:11:27.157+0000] {dagbag.py:587} INFO - Filling up the DagBag from /home/airflow/.local/lib/python3.12/site-packages/airflow/example_dags/example_python_decorator.py
[2024-11-18T03:11:27.356+0000] {processor.py:925} INFO - DAG(s) 'example_python_decorator' retrieved from /home/airflow/.local/lib/python3.12/site-packages/airflow/example_dags/example_python_decorator.py
[2024-11-18T03:11:27.473+0000] {logging_mixin.py:190} INFO - [2024-11-18T03:11:27.473+0000] {dag.py:3229} INFO - Sync 1 DAGs
[2024-11-18T03:11:27.518+0000] {logging_mixin.py:190} INFO - [2024-11-18T03:11:27.516+0000] {dag.py:4156} INFO - Setting next_dagrun for example_python_decorator to None, run_after=None
[2024-11-18T03:11:27.553+0000] {processor.py:208} INFO - Processing /home/airflow/.local/lib/python3.12/site-packages/airflow/example_dags/example_python_decorator.py took 0.472 seconds
[2024-11-18T03:11:58.339+0000] {processor.py:186} INFO - Started process (PID=2068) to work on /home/airflow/.local/lib/python3.12/site-packages/airflow/example_dags/example_python_decorator.py
[2024-11-18T03:11:58.340+0000] {processor.py:914} INFO - Processing file /home/airflow/.local/lib/python3.12/site-packages/airflow/example_dags/example_python_decorator.py for tasks to queue
[2024-11-18T03:11:58.343+0000] {logging_mixin.py:190} INFO - [2024-11-18T03:11:58.343+0000] {dagbag.py:587} INFO - Filling up the DagBag from /home/airflow/.local/lib/python3.12/site-packages/airflow/example_dags/example_python_decorator.py
[2024-11-18T03:11:58.464+0000] {processor.py:925} INFO - DAG(s) 'example_python_decorator' retrieved from /home/airflow/.local/lib/python3.12/site-packages/airflow/example_dags/example_python_decorator.py
[2024-11-18T03:11:58.518+0000] {logging_mixin.py:190} INFO - [2024-11-18T03:11:58.516+0000] {dag.py:3229} INFO - Sync 1 DAGs
[2024-11-18T03:11:58.611+0000] {logging_mixin.py:190} INFO - [2024-11-18T03:11:58.611+0000] {dag.py:4156} INFO - Setting next_dagrun for example_python_decorator to None, run_after=None
[2024-11-18T03:11:58.691+0000] {processor.py:208} INFO - Processing /home/airflow/.local/lib/python3.12/site-packages/airflow/example_dags/example_python_decorator.py took 0.363 seconds
[2024-11-18T03:12:29.148+0000] {processor.py:186} INFO - Started process (PID=2131) to work on /home/airflow/.local/lib/python3.12/site-packages/airflow/example_dags/example_python_decorator.py
[2024-11-18T03:12:29.149+0000] {processor.py:914} INFO - Processing file /home/airflow/.local/lib/python3.12/site-packages/airflow/example_dags/example_python_decorator.py for tasks to queue
[2024-11-18T03:12:29.152+0000] {logging_mixin.py:190} INFO - [2024-11-18T03:12:29.152+0000] {dagbag.py:587} INFO - Filling up the DagBag from /home/airflow/.local/lib/python3.12/site-packages/airflow/example_dags/example_python_decorator.py
[2024-11-18T03:12:29.171+0000] {processor.py:925} INFO - DAG(s) 'example_python_decorator' retrieved from /home/airflow/.local/lib/python3.12/site-packages/airflow/example_dags/example_python_decorator.py
[2024-11-18T03:12:29.279+0000] {logging_mixin.py:190} INFO - [2024-11-18T03:12:29.279+0000] {dag.py:3229} INFO - Sync 1 DAGs
[2024-11-18T03:12:29.342+0000] {logging_mixin.py:190} INFO - [2024-11-18T03:12:29.340+0000] {dag.py:4156} INFO - Setting next_dagrun for example_python_decorator to None, run_after=None
[2024-11-18T03:12:29.455+0000] {processor.py:208} INFO - Processing /home/airflow/.local/lib/python3.12/site-packages/airflow/example_dags/example_python_decorator.py took 0.314 seconds
[2024-11-18T03:13:01.268+0000] {processor.py:186} INFO - Started process (PID=2193) to work on /home/airflow/.local/lib/python3.12/site-packages/airflow/example_dags/example_python_decorator.py
[2024-11-18T03:13:01.273+0000] {processor.py:914} INFO - Processing file /home/airflow/.local/lib/python3.12/site-packages/airflow/example_dags/example_python_decorator.py for tasks to queue
[2024-11-18T03:13:01.282+0000] {logging_mixin.py:190} INFO - [2024-11-18T03:13:01.279+0000] {dagbag.py:587} INFO - Filling up the DagBag from /home/airflow/.local/lib/python3.12/site-packages/airflow/example_dags/example_python_decorator.py
[2024-11-18T03:13:01.321+0000] {processor.py:925} INFO - DAG(s) 'example_python_decorator' retrieved from /home/airflow/.local/lib/python3.12/site-packages/airflow/example_dags/example_python_decorator.py
[2024-11-18T03:13:01.377+0000] {logging_mixin.py:190} INFO - [2024-11-18T03:13:01.377+0000] {dag.py:3229} INFO - Sync 1 DAGs
[2024-11-18T03:13:01.508+0000] {logging_mixin.py:190} INFO - [2024-11-18T03:13:01.506+0000] {dag.py:4156} INFO - Setting next_dagrun for example_python_decorator to None, run_after=None
[2024-11-18T03:13:01.585+0000] {processor.py:208} INFO - Processing /home/airflow/.local/lib/python3.12/site-packages/airflow/example_dags/example_python_decorator.py took 0.375 seconds
[2024-11-18T03:13:32.242+0000] {processor.py:186} INFO - Started process (PID=2254) to work on /home/airflow/.local/lib/python3.12/site-packages/airflow/example_dags/example_python_decorator.py
[2024-11-18T03:13:32.275+0000] {processor.py:914} INFO - Processing file /home/airflow/.local/lib/python3.12/site-packages/airflow/example_dags/example_python_decorator.py for tasks to queue
[2024-11-18T03:13:32.281+0000] {logging_mixin.py:190} INFO - [2024-11-18T03:13:32.280+0000] {dagbag.py:587} INFO - Filling up the DagBag from /home/airflow/.local/lib/python3.12/site-packages/airflow/example_dags/example_python_decorator.py
[2024-11-18T03:13:32.303+0000] {processor.py:925} INFO - DAG(s) 'example_python_decorator' retrieved from /home/airflow/.local/lib/python3.12/site-packages/airflow/example_dags/example_python_decorator.py
[2024-11-18T03:13:32.487+0000] {logging_mixin.py:190} INFO - [2024-11-18T03:13:32.487+0000] {dag.py:3229} INFO - Sync 1 DAGs
[2024-11-18T03:13:32.621+0000] {logging_mixin.py:190} INFO - [2024-11-18T03:13:32.621+0000] {dag.py:4156} INFO - Setting next_dagrun for example_python_decorator to None, run_after=None
[2024-11-18T03:13:32.771+0000] {processor.py:208} INFO - Processing /home/airflow/.local/lib/python3.12/site-packages/airflow/example_dags/example_python_decorator.py took 0.563 seconds
[2024-11-18T03:14:03.778+0000] {processor.py:186} INFO - Started process (PID=2316) to work on /home/airflow/.local/lib/python3.12/site-packages/airflow/example_dags/example_python_decorator.py
[2024-11-18T03:14:03.798+0000] {processor.py:914} INFO - Processing file /home/airflow/.local/lib/python3.12/site-packages/airflow/example_dags/example_python_decorator.py for tasks to queue
[2024-11-18T03:14:03.817+0000] {logging_mixin.py:190} INFO - [2024-11-18T03:14:03.815+0000] {dagbag.py:587} INFO - Filling up the DagBag from /home/airflow/.local/lib/python3.12/site-packages/airflow/example_dags/example_python_decorator.py
[2024-11-18T03:14:03.899+0000] {processor.py:925} INFO - DAG(s) 'example_python_decorator' retrieved from /home/airflow/.local/lib/python3.12/site-packages/airflow/example_dags/example_python_decorator.py
[2024-11-18T03:14:04.011+0000] {logging_mixin.py:190} INFO - [2024-11-18T03:14:04.011+0000] {dag.py:3229} INFO - Sync 1 DAGs
[2024-11-18T03:14:04.205+0000] {logging_mixin.py:190} INFO - [2024-11-18T03:14:04.205+0000] {dag.py:4156} INFO - Setting next_dagrun for example_python_decorator to None, run_after=None
[2024-11-18T03:14:04.370+0000] {processor.py:208} INFO - Processing /home/airflow/.local/lib/python3.12/site-packages/airflow/example_dags/example_python_decorator.py took 0.612 seconds
[2024-11-18T03:14:36.800+0000] {processor.py:186} INFO - Started process (PID=2378) to work on /home/airflow/.local/lib/python3.12/site-packages/airflow/example_dags/example_python_decorator.py
[2024-11-18T03:14:36.807+0000] {processor.py:914} INFO - Processing file /home/airflow/.local/lib/python3.12/site-packages/airflow/example_dags/example_python_decorator.py for tasks to queue
[2024-11-18T03:14:36.820+0000] {logging_mixin.py:190} INFO - [2024-11-18T03:14:36.817+0000] {dagbag.py:587} INFO - Filling up the DagBag from /home/airflow/.local/lib/python3.12/site-packages/airflow/example_dags/example_python_decorator.py
[2024-11-18T03:14:36.943+0000] {processor.py:925} INFO - DAG(s) 'example_python_decorator' retrieved from /home/airflow/.local/lib/python3.12/site-packages/airflow/example_dags/example_python_decorator.py
[2024-11-18T03:14:37.035+0000] {logging_mixin.py:190} INFO - [2024-11-18T03:14:37.035+0000] {dag.py:3229} INFO - Sync 1 DAGs
[2024-11-18T03:14:37.097+0000] {logging_mixin.py:190} INFO - [2024-11-18T03:14:37.097+0000] {dag.py:4156} INFO - Setting next_dagrun for example_python_decorator to None, run_after=None
[2024-11-18T03:14:37.132+0000] {processor.py:208} INFO - Processing /home/airflow/.local/lib/python3.12/site-packages/airflow/example_dags/example_python_decorator.py took 0.369 seconds
[2024-11-18T03:15:10.540+0000] {processor.py:186} INFO - Started process (PID=2440) to work on /home/airflow/.local/lib/python3.12/site-packages/airflow/example_dags/example_python_decorator.py
[2024-11-18T03:15:10.542+0000] {processor.py:914} INFO - Processing file /home/airflow/.local/lib/python3.12/site-packages/airflow/example_dags/example_python_decorator.py for tasks to queue
[2024-11-18T03:15:10.548+0000] {logging_mixin.py:190} INFO - [2024-11-18T03:15:10.547+0000] {dagbag.py:587} INFO - Filling up the DagBag from /home/airflow/.local/lib/python3.12/site-packages/airflow/example_dags/example_python_decorator.py
[2024-11-18T03:15:10.626+0000] {processor.py:925} INFO - DAG(s) 'example_python_decorator' retrieved from /home/airflow/.local/lib/python3.12/site-packages/airflow/example_dags/example_python_decorator.py
[2024-11-18T03:15:10.739+0000] {logging_mixin.py:190} INFO - [2024-11-18T03:15:10.739+0000] {dag.py:3229} INFO - Sync 1 DAGs
[2024-11-18T03:15:10.825+0000] {logging_mixin.py:190} INFO - [2024-11-18T03:15:10.823+0000] {dag.py:4156} INFO - Setting next_dagrun for example_python_decorator to None, run_after=None
[2024-11-18T03:15:10.880+0000] {processor.py:208} INFO - Processing /home/airflow/.local/lib/python3.12/site-packages/airflow/example_dags/example_python_decorator.py took 0.359 seconds
[2024-11-18T03:15:43.909+0000] {processor.py:186} INFO - Started process (PID=2501) to work on /home/airflow/.local/lib/python3.12/site-packages/airflow/example_dags/example_python_decorator.py
[2024-11-18T03:15:43.917+0000] {processor.py:914} INFO - Processing file /home/airflow/.local/lib/python3.12/site-packages/airflow/example_dags/example_python_decorator.py for tasks to queue
[2024-11-18T03:15:43.931+0000] {logging_mixin.py:190} INFO - [2024-11-18T03:15:43.931+0000] {dagbag.py:587} INFO - Filling up the DagBag from /home/airflow/.local/lib/python3.12/site-packages/airflow/example_dags/example_python_decorator.py
[2024-11-18T03:15:44.010+0000] {processor.py:925} INFO - DAG(s) 'example_python_decorator' retrieved from /home/airflow/.local/lib/python3.12/site-packages/airflow/example_dags/example_python_decorator.py
[2024-11-18T03:15:44.233+0000] {logging_mixin.py:190} INFO - [2024-11-18T03:15:44.233+0000] {dag.py:3229} INFO - Sync 1 DAGs
[2024-11-18T03:15:44.318+0000] {logging_mixin.py:190} INFO - [2024-11-18T03:15:44.318+0000] {dag.py:4156} INFO - Setting next_dagrun for example_python_decorator to None, run_after=None
[2024-11-18T03:15:44.521+0000] {processor.py:208} INFO - Processing /home/airflow/.local/lib/python3.12/site-packages/airflow/example_dags/example_python_decorator.py took 0.674 seconds
[2024-11-18T03:16:15.795+0000] {processor.py:186} INFO - Started process (PID=2563) to work on /home/airflow/.local/lib/python3.12/site-packages/airflow/example_dags/example_python_decorator.py
[2024-11-18T03:16:15.804+0000] {processor.py:914} INFO - Processing file /home/airflow/.local/lib/python3.12/site-packages/airflow/example_dags/example_python_decorator.py for tasks to queue
[2024-11-18T03:16:15.823+0000] {logging_mixin.py:190} INFO - [2024-11-18T03:16:15.819+0000] {dagbag.py:587} INFO - Filling up the DagBag from /home/airflow/.local/lib/python3.12/site-packages/airflow/example_dags/example_python_decorator.py
[2024-11-18T03:16:15.876+0000] {processor.py:925} INFO - DAG(s) 'example_python_decorator' retrieved from /home/airflow/.local/lib/python3.12/site-packages/airflow/example_dags/example_python_decorator.py
[2024-11-18T03:16:16.109+0000] {logging_mixin.py:190} INFO - [2024-11-18T03:16:16.099+0000] {dag.py:3229} INFO - Sync 1 DAGs
[2024-11-18T03:16:16.167+0000] {logging_mixin.py:190} INFO - [2024-11-18T03:16:16.165+0000] {dag.py:4156} INFO - Setting next_dagrun for example_python_decorator to None, run_after=None
[2024-11-18T03:16:16.210+0000] {processor.py:208} INFO - Processing /home/airflow/.local/lib/python3.12/site-packages/airflow/example_dags/example_python_decorator.py took 0.469 seconds
[2024-11-18T03:16:49.751+0000] {processor.py:186} INFO - Started process (PID=2623) to work on /home/airflow/.local/lib/python3.12/site-packages/airflow/example_dags/example_python_decorator.py
[2024-11-18T03:16:49.837+0000] {processor.py:914} INFO - Processing file /home/airflow/.local/lib/python3.12/site-packages/airflow/example_dags/example_python_decorator.py for tasks to queue
[2024-11-18T03:16:49.855+0000] {logging_mixin.py:190} INFO - [2024-11-18T03:16:49.855+0000] {dagbag.py:587} INFO - Filling up the DagBag from /home/airflow/.local/lib/python3.12/site-packages/airflow/example_dags/example_python_decorator.py
[2024-11-18T03:16:49.954+0000] {processor.py:925} INFO - DAG(s) 'example_python_decorator' retrieved from /home/airflow/.local/lib/python3.12/site-packages/airflow/example_dags/example_python_decorator.py
[2024-11-18T03:16:50.036+0000] {logging_mixin.py:190} INFO - [2024-11-18T03:16:50.036+0000] {dag.py:3229} INFO - Sync 1 DAGs
[2024-11-18T03:16:50.085+0000] {logging_mixin.py:190} INFO - [2024-11-18T03:16:50.085+0000] {dag.py:4156} INFO - Setting next_dagrun for example_python_decorator to None, run_after=None
[2024-11-18T03:16:50.109+0000] {processor.py:208} INFO - Processing /home/airflow/.local/lib/python3.12/site-packages/airflow/example_dags/example_python_decorator.py took 0.395 seconds
