[2024-11-18T02:55:38.932+0000] {processor.py:186} INFO - Started process (PID=93) to work on /home/airflow/.local/lib/python3.12/site-packages/airflow/example_dags/example_inlet_event_extra.py
[2024-11-18T02:55:38.939+0000] {processor.py:914} INFO - Processing file /home/airflow/.local/lib/python3.12/site-packages/airflow/example_dags/example_inlet_event_extra.py for tasks to queue
[2024-11-18T02:55:38.960+0000] {logging_mixin.py:190} INFO - [2024-11-18T02:55:38.954+0000] {dagbag.py:587} INFO - Filling up the DagBag from /home/airflow/.local/lib/python3.12/site-packages/airflow/example_dags/example_inlet_event_extra.py
[2024-11-18T02:55:40.093+0000] {processor.py:925} INFO - DAG(s) 'read_dataset_event', 'read_dataset_event_from_classic' retrieved from /home/airflow/.local/lib/python3.12/site-packages/airflow/example_dags/example_inlet_event_extra.py
[2024-11-18T02:55:40.268+0000] {logging_mixin.py:190} INFO - [2024-11-18T02:55:40.268+0000] {dag.py:3229} INFO - Sync 2 DAGs
[2024-11-18T02:55:40.424+0000] {logging_mixin.py:190} INFO - [2024-11-18T02:55:40.424+0000] {dag.py:4156} INFO - Setting next_dagrun for read_dataset_event to 2024-11-17 00:00:00+00:00, run_after=2024-11-18 00:00:00+00:00
[2024-11-18T02:55:40.461+0000] {logging_mixin.py:190} INFO - [2024-11-18T02:55:40.461+0000] {dag.py:4156} INFO - Setting next_dagrun for read_dataset_event_from_classic to 2024-11-17 00:00:00+00:00, run_after=2024-11-18 00:00:00+00:00
[2024-11-18T02:55:40.656+0000] {processor.py:208} INFO - Processing /home/airflow/.local/lib/python3.12/site-packages/airflow/example_dags/example_inlet_event_extra.py took 1.784 seconds
[2024-11-18T02:56:11.615+0000] {processor.py:186} INFO - Started process (PID=156) to work on /home/airflow/.local/lib/python3.12/site-packages/airflow/example_dags/example_inlet_event_extra.py
[2024-11-18T02:56:11.616+0000] {processor.py:914} INFO - Processing file /home/airflow/.local/lib/python3.12/site-packages/airflow/example_dags/example_inlet_event_extra.py for tasks to queue
[2024-11-18T02:56:11.634+0000] {logging_mixin.py:190} INFO - [2024-11-18T02:56:11.628+0000] {dagbag.py:587} INFO - Filling up the DagBag from /home/airflow/.local/lib/python3.12/site-packages/airflow/example_dags/example_inlet_event_extra.py
[2024-11-18T02:56:12.547+0000] {processor.py:925} INFO - DAG(s) 'read_dataset_event_from_classic', 'read_dataset_event' retrieved from /home/airflow/.local/lib/python3.12/site-packages/airflow/example_dags/example_inlet_event_extra.py
[2024-11-18T02:56:12.708+0000] {logging_mixin.py:190} INFO - [2024-11-18T02:56:12.708+0000] {dag.py:3229} INFO - Sync 2 DAGs
[2024-11-18T02:56:12.852+0000] {logging_mixin.py:190} INFO - [2024-11-18T02:56:12.849+0000] {dag.py:4156} INFO - Setting next_dagrun for read_dataset_event to 2024-11-17 00:00:00+00:00, run_after=2024-11-18 00:00:00+00:00
[2024-11-18T02:56:12.877+0000] {logging_mixin.py:190} INFO - [2024-11-18T02:56:12.877+0000] {dag.py:4156} INFO - Setting next_dagrun for read_dataset_event_from_classic to 2024-11-17 00:00:00+00:00, run_after=2024-11-18 00:00:00+00:00
[2024-11-18T02:56:12.988+0000] {processor.py:208} INFO - Processing /home/airflow/.local/lib/python3.12/site-packages/airflow/example_dags/example_inlet_event_extra.py took 1.422 seconds
[2024-11-18T02:56:43.301+0000] {processor.py:186} INFO - Started process (PID=219) to work on /home/airflow/.local/lib/python3.12/site-packages/airflow/example_dags/example_inlet_event_extra.py
[2024-11-18T02:56:43.304+0000] {processor.py:914} INFO - Processing file /home/airflow/.local/lib/python3.12/site-packages/airflow/example_dags/example_inlet_event_extra.py for tasks to queue
[2024-11-18T02:56:43.308+0000] {logging_mixin.py:190} INFO - [2024-11-18T02:56:43.308+0000] {dagbag.py:587} INFO - Filling up the DagBag from /home/airflow/.local/lib/python3.12/site-packages/airflow/example_dags/example_inlet_event_extra.py
[2024-11-18T02:56:43.625+0000] {processor.py:925} INFO - DAG(s) 'read_dataset_event', 'read_dataset_event_from_classic' retrieved from /home/airflow/.local/lib/python3.12/site-packages/airflow/example_dags/example_inlet_event_extra.py
[2024-11-18T02:56:43.676+0000] {logging_mixin.py:190} INFO - [2024-11-18T02:56:43.676+0000] {dag.py:3229} INFO - Sync 2 DAGs
[2024-11-18T02:56:43.718+0000] {logging_mixin.py:190} INFO - [2024-11-18T02:56:43.718+0000] {dag.py:4156} INFO - Setting next_dagrun for read_dataset_event to 2024-11-17 00:00:00+00:00, run_after=2024-11-18 00:00:00+00:00
[2024-11-18T02:56:43.722+0000] {logging_mixin.py:190} INFO - [2024-11-18T02:56:43.722+0000] {dag.py:4156} INFO - Setting next_dagrun for read_dataset_event_from_classic to 2024-11-17 00:00:00+00:00, run_after=2024-11-18 00:00:00+00:00
[2024-11-18T02:56:43.736+0000] {processor.py:208} INFO - Processing /home/airflow/.local/lib/python3.12/site-packages/airflow/example_dags/example_inlet_event_extra.py took 0.451 seconds
[2024-11-18T02:57:13.912+0000] {processor.py:186} INFO - Started process (PID=282) to work on /home/airflow/.local/lib/python3.12/site-packages/airflow/example_dags/example_inlet_event_extra.py
[2024-11-18T02:57:13.912+0000] {processor.py:914} INFO - Processing file /home/airflow/.local/lib/python3.12/site-packages/airflow/example_dags/example_inlet_event_extra.py for tasks to queue
[2024-11-18T02:57:13.915+0000] {logging_mixin.py:190} INFO - [2024-11-18T02:57:13.914+0000] {dagbag.py:587} INFO - Filling up the DagBag from /home/airflow/.local/lib/python3.12/site-packages/airflow/example_dags/example_inlet_event_extra.py
[2024-11-18T02:57:14.072+0000] {processor.py:925} INFO - DAG(s) 'read_dataset_event', 'read_dataset_event_from_classic' retrieved from /home/airflow/.local/lib/python3.12/site-packages/airflow/example_dags/example_inlet_event_extra.py
[2024-11-18T02:57:14.093+0000] {logging_mixin.py:190} INFO - [2024-11-18T02:57:14.092+0000] {dag.py:3229} INFO - Sync 2 DAGs
[2024-11-18T02:57:14.118+0000] {logging_mixin.py:190} INFO - [2024-11-18T02:57:14.118+0000] {dag.py:4156} INFO - Setting next_dagrun for read_dataset_event to 2024-11-17 00:00:00+00:00, run_after=2024-11-18 00:00:00+00:00
[2024-11-18T02:57:14.122+0000] {logging_mixin.py:190} INFO - [2024-11-18T02:57:14.122+0000] {dag.py:4156} INFO - Setting next_dagrun for read_dataset_event_from_classic to 2024-11-17 00:00:00+00:00, run_after=2024-11-18 00:00:00+00:00
[2024-11-18T02:57:14.136+0000] {processor.py:208} INFO - Processing /home/airflow/.local/lib/python3.12/site-packages/airflow/example_dags/example_inlet_event_extra.py took 0.231 seconds
[2024-11-18T02:57:44.185+0000] {processor.py:186} INFO - Started process (PID=344) to work on /home/airflow/.local/lib/python3.12/site-packages/airflow/example_dags/example_inlet_event_extra.py
[2024-11-18T02:57:44.186+0000] {processor.py:914} INFO - Processing file /home/airflow/.local/lib/python3.12/site-packages/airflow/example_dags/example_inlet_event_extra.py for tasks to queue
[2024-11-18T02:57:44.189+0000] {logging_mixin.py:190} INFO - [2024-11-18T02:57:44.188+0000] {dagbag.py:587} INFO - Filling up the DagBag from /home/airflow/.local/lib/python3.12/site-packages/airflow/example_dags/example_inlet_event_extra.py
[2024-11-18T02:57:44.328+0000] {processor.py:925} INFO - DAG(s) 'read_dataset_event_from_classic', 'read_dataset_event' retrieved from /home/airflow/.local/lib/python3.12/site-packages/airflow/example_dags/example_inlet_event_extra.py
[2024-11-18T02:57:44.348+0000] {logging_mixin.py:190} INFO - [2024-11-18T02:57:44.348+0000] {dag.py:3229} INFO - Sync 2 DAGs
[2024-11-18T02:57:44.372+0000] {logging_mixin.py:190} INFO - [2024-11-18T02:57:44.372+0000] {dag.py:4156} INFO - Setting next_dagrun for read_dataset_event to 2024-11-17 00:00:00+00:00, run_after=2024-11-18 00:00:00+00:00
[2024-11-18T02:57:44.376+0000] {logging_mixin.py:190} INFO - [2024-11-18T02:57:44.376+0000] {dag.py:4156} INFO - Setting next_dagrun for read_dataset_event_from_classic to 2024-11-17 00:00:00+00:00, run_after=2024-11-18 00:00:00+00:00
[2024-11-18T02:57:44.390+0000] {processor.py:208} INFO - Processing /home/airflow/.local/lib/python3.12/site-packages/airflow/example_dags/example_inlet_event_extra.py took 0.212 seconds
[2024-11-18T02:58:14.626+0000] {processor.py:186} INFO - Started process (PID=406) to work on /home/airflow/.local/lib/python3.12/site-packages/airflow/example_dags/example_inlet_event_extra.py
[2024-11-18T02:58:14.627+0000] {processor.py:914} INFO - Processing file /home/airflow/.local/lib/python3.12/site-packages/airflow/example_dags/example_inlet_event_extra.py for tasks to queue
[2024-11-18T02:58:14.633+0000] {logging_mixin.py:190} INFO - [2024-11-18T02:58:14.632+0000] {dagbag.py:587} INFO - Filling up the DagBag from /home/airflow/.local/lib/python3.12/site-packages/airflow/example_dags/example_inlet_event_extra.py
[2024-11-18T02:58:14.796+0000] {processor.py:925} INFO - DAG(s) 'read_dataset_event', 'read_dataset_event_from_classic' retrieved from /home/airflow/.local/lib/python3.12/site-packages/airflow/example_dags/example_inlet_event_extra.py
[2024-11-18T02:58:14.815+0000] {logging_mixin.py:190} INFO - [2024-11-18T02:58:14.815+0000] {dag.py:3229} INFO - Sync 2 DAGs
[2024-11-18T02:58:14.837+0000] {logging_mixin.py:190} INFO - [2024-11-18T02:58:14.837+0000] {dag.py:4156} INFO - Setting next_dagrun for read_dataset_event to 2024-11-17 00:00:00+00:00, run_after=2024-11-18 00:00:00+00:00
[2024-11-18T02:58:14.843+0000] {logging_mixin.py:190} INFO - [2024-11-18T02:58:14.843+0000] {dag.py:4156} INFO - Setting next_dagrun for read_dataset_event_from_classic to 2024-11-17 00:00:00+00:00, run_after=2024-11-18 00:00:00+00:00
[2024-11-18T02:58:14.857+0000] {processor.py:208} INFO - Processing /home/airflow/.local/lib/python3.12/site-packages/airflow/example_dags/example_inlet_event_extra.py took 0.246 seconds
[2024-11-18T02:58:45.040+0000] {processor.py:186} INFO - Started process (PID=467) to work on /home/airflow/.local/lib/python3.12/site-packages/airflow/example_dags/example_inlet_event_extra.py
[2024-11-18T02:58:45.048+0000] {processor.py:914} INFO - Processing file /home/airflow/.local/lib/python3.12/site-packages/airflow/example_dags/example_inlet_event_extra.py for tasks to queue
[2024-11-18T02:58:45.060+0000] {logging_mixin.py:190} INFO - [2024-11-18T02:58:45.060+0000] {dagbag.py:587} INFO - Filling up the DagBag from /home/airflow/.local/lib/python3.12/site-packages/airflow/example_dags/example_inlet_event_extra.py
[2024-11-18T02:58:45.947+0000] {processor.py:925} INFO - DAG(s) 'read_dataset_event', 'read_dataset_event_from_classic' retrieved from /home/airflow/.local/lib/python3.12/site-packages/airflow/example_dags/example_inlet_event_extra.py
[2024-11-18T02:58:46.086+0000] {logging_mixin.py:190} INFO - [2024-11-18T02:58:46.086+0000] {dag.py:3229} INFO - Sync 2 DAGs
[2024-11-18T02:58:46.225+0000] {logging_mixin.py:190} INFO - [2024-11-18T02:58:46.225+0000] {dag.py:4156} INFO - Setting next_dagrun for read_dataset_event to 2024-11-17 00:00:00+00:00, run_after=2024-11-18 00:00:00+00:00
[2024-11-18T02:58:46.244+0000] {logging_mixin.py:190} INFO - [2024-11-18T02:58:46.244+0000] {dag.py:4156} INFO - Setting next_dagrun for read_dataset_event_from_classic to 2024-11-17 00:00:00+00:00, run_after=2024-11-18 00:00:00+00:00
[2024-11-18T02:58:46.293+0000] {processor.py:208} INFO - Processing /home/airflow/.local/lib/python3.12/site-packages/airflow/example_dags/example_inlet_event_extra.py took 1.298 seconds
[2024-11-18T02:59:16.554+0000] {processor.py:186} INFO - Started process (PID=531) to work on /home/airflow/.local/lib/python3.12/site-packages/airflow/example_dags/example_inlet_event_extra.py
[2024-11-18T02:59:16.555+0000] {processor.py:914} INFO - Processing file /home/airflow/.local/lib/python3.12/site-packages/airflow/example_dags/example_inlet_event_extra.py for tasks to queue
[2024-11-18T02:59:16.558+0000] {logging_mixin.py:190} INFO - [2024-11-18T02:59:16.557+0000] {dagbag.py:587} INFO - Filling up the DagBag from /home/airflow/.local/lib/python3.12/site-packages/airflow/example_dags/example_inlet_event_extra.py
[2024-11-18T02:59:16.703+0000] {processor.py:925} INFO - DAG(s) 'read_dataset_event_from_classic', 'read_dataset_event' retrieved from /home/airflow/.local/lib/python3.12/site-packages/airflow/example_dags/example_inlet_event_extra.py
[2024-11-18T02:59:16.725+0000] {logging_mixin.py:190} INFO - [2024-11-18T02:59:16.724+0000] {dag.py:3229} INFO - Sync 2 DAGs
[2024-11-18T02:59:16.748+0000] {logging_mixin.py:190} INFO - [2024-11-18T02:59:16.747+0000] {dag.py:4156} INFO - Setting next_dagrun for read_dataset_event to 2024-11-17 00:00:00+00:00, run_after=2024-11-18 00:00:00+00:00
[2024-11-18T02:59:16.752+0000] {logging_mixin.py:190} INFO - [2024-11-18T02:59:16.752+0000] {dag.py:4156} INFO - Setting next_dagrun for read_dataset_event_from_classic to 2024-11-17 00:00:00+00:00, run_after=2024-11-18 00:00:00+00:00
[2024-11-18T02:59:16.766+0000] {processor.py:208} INFO - Processing /home/airflow/.local/lib/python3.12/site-packages/airflow/example_dags/example_inlet_event_extra.py took 0.218 seconds
[2024-11-18T02:59:47.223+0000] {processor.py:186} INFO - Started process (PID=590) to work on /home/airflow/.local/lib/python3.12/site-packages/airflow/example_dags/example_inlet_event_extra.py
[2024-11-18T02:59:47.224+0000] {processor.py:914} INFO - Processing file /home/airflow/.local/lib/python3.12/site-packages/airflow/example_dags/example_inlet_event_extra.py for tasks to queue
[2024-11-18T02:59:47.229+0000] {logging_mixin.py:190} INFO - [2024-11-18T02:59:47.229+0000] {dagbag.py:587} INFO - Filling up the DagBag from /home/airflow/.local/lib/python3.12/site-packages/airflow/example_dags/example_inlet_event_extra.py
[2024-11-18T02:59:47.600+0000] {processor.py:925} INFO - DAG(s) 'read_dataset_event', 'read_dataset_event_from_classic' retrieved from /home/airflow/.local/lib/python3.12/site-packages/airflow/example_dags/example_inlet_event_extra.py
[2024-11-18T02:59:47.650+0000] {logging_mixin.py:190} INFO - [2024-11-18T02:59:47.650+0000] {dag.py:3229} INFO - Sync 2 DAGs
[2024-11-18T02:59:47.677+0000] {logging_mixin.py:190} INFO - [2024-11-18T02:59:47.676+0000] {dag.py:4156} INFO - Setting next_dagrun for read_dataset_event to 2024-11-17 00:00:00+00:00, run_after=2024-11-18 00:00:00+00:00
[2024-11-18T02:59:47.681+0000] {logging_mixin.py:190} INFO - [2024-11-18T02:59:47.681+0000] {dag.py:4156} INFO - Setting next_dagrun for read_dataset_event_from_classic to 2024-11-17 00:00:00+00:00, run_after=2024-11-18 00:00:00+00:00
[2024-11-18T02:59:47.694+0000] {processor.py:208} INFO - Processing /home/airflow/.local/lib/python3.12/site-packages/airflow/example_dags/example_inlet_event_extra.py took 0.486 seconds
[2024-11-18T03:00:18.133+0000] {processor.py:186} INFO - Started process (PID=652) to work on /home/airflow/.local/lib/python3.12/site-packages/airflow/example_dags/example_inlet_event_extra.py
[2024-11-18T03:00:18.136+0000] {processor.py:914} INFO - Processing file /home/airflow/.local/lib/python3.12/site-packages/airflow/example_dags/example_inlet_event_extra.py for tasks to queue
[2024-11-18T03:00:18.140+0000] {logging_mixin.py:190} INFO - [2024-11-18T03:00:18.140+0000] {dagbag.py:587} INFO - Filling up the DagBag from /home/airflow/.local/lib/python3.12/site-packages/airflow/example_dags/example_inlet_event_extra.py
[2024-11-18T03:00:18.465+0000] {processor.py:925} INFO - DAG(s) 'read_dataset_event_from_classic', 'read_dataset_event' retrieved from /home/airflow/.local/lib/python3.12/site-packages/airflow/example_dags/example_inlet_event_extra.py
[2024-11-18T03:00:18.524+0000] {logging_mixin.py:190} INFO - [2024-11-18T03:00:18.524+0000] {dag.py:3229} INFO - Sync 2 DAGs
[2024-11-18T03:00:18.562+0000] {logging_mixin.py:190} INFO - [2024-11-18T03:00:18.562+0000] {dag.py:4156} INFO - Setting next_dagrun for read_dataset_event to 2024-11-17 00:00:00+00:00, run_after=2024-11-18 00:00:00+00:00
[2024-11-18T03:00:18.567+0000] {logging_mixin.py:190} INFO - [2024-11-18T03:00:18.567+0000] {dag.py:4156} INFO - Setting next_dagrun for read_dataset_event_from_classic to 2024-11-17 00:00:00+00:00, run_after=2024-11-18 00:00:00+00:00
[2024-11-18T03:00:18.581+0000] {processor.py:208} INFO - Processing /home/airflow/.local/lib/python3.12/site-packages/airflow/example_dags/example_inlet_event_extra.py took 0.464 seconds
[2024-11-18T03:00:49.083+0000] {processor.py:186} INFO - Started process (PID=714) to work on /home/airflow/.local/lib/python3.12/site-packages/airflow/example_dags/example_inlet_event_extra.py
[2024-11-18T03:00:49.084+0000] {processor.py:914} INFO - Processing file /home/airflow/.local/lib/python3.12/site-packages/airflow/example_dags/example_inlet_event_extra.py for tasks to queue
[2024-11-18T03:00:49.090+0000] {logging_mixin.py:190} INFO - [2024-11-18T03:00:49.088+0000] {dagbag.py:587} INFO - Filling up the DagBag from /home/airflow/.local/lib/python3.12/site-packages/airflow/example_dags/example_inlet_event_extra.py
[2024-11-18T03:00:49.403+0000] {processor.py:925} INFO - DAG(s) 'read_dataset_event', 'read_dataset_event_from_classic' retrieved from /home/airflow/.local/lib/python3.12/site-packages/airflow/example_dags/example_inlet_event_extra.py
[2024-11-18T03:00:49.447+0000] {logging_mixin.py:190} INFO - [2024-11-18T03:00:49.447+0000] {dag.py:3229} INFO - Sync 2 DAGs
[2024-11-18T03:00:49.484+0000] {logging_mixin.py:190} INFO - [2024-11-18T03:00:49.483+0000] {dag.py:4156} INFO - Setting next_dagrun for read_dataset_event to 2024-11-17 00:00:00+00:00, run_after=2024-11-18 00:00:00+00:00
[2024-11-18T03:00:49.488+0000] {logging_mixin.py:190} INFO - [2024-11-18T03:00:49.488+0000] {dag.py:4156} INFO - Setting next_dagrun for read_dataset_event_from_classic to 2024-11-17 00:00:00+00:00, run_after=2024-11-18 00:00:00+00:00
[2024-11-18T03:00:49.502+0000] {processor.py:208} INFO - Processing /home/airflow/.local/lib/python3.12/site-packages/airflow/example_dags/example_inlet_event_extra.py took 0.436 seconds
[2024-11-18T03:01:19.994+0000] {processor.py:186} INFO - Started process (PID=783) to work on /home/airflow/.local/lib/python3.12/site-packages/airflow/example_dags/example_inlet_event_extra.py
[2024-11-18T03:01:20.004+0000] {processor.py:914} INFO - Processing file /home/airflow/.local/lib/python3.12/site-packages/airflow/example_dags/example_inlet_event_extra.py for tasks to queue
[2024-11-18T03:01:20.017+0000] {logging_mixin.py:190} INFO - [2024-11-18T03:01:20.017+0000] {dagbag.py:587} INFO - Filling up the DagBag from /home/airflow/.local/lib/python3.12/site-packages/airflow/example_dags/example_inlet_event_extra.py
[2024-11-18T03:01:20.895+0000] {processor.py:925} INFO - DAG(s) 'read_dataset_event_from_classic', 'read_dataset_event' retrieved from /home/airflow/.local/lib/python3.12/site-packages/airflow/example_dags/example_inlet_event_extra.py
[2024-11-18T03:01:21.027+0000] {logging_mixin.py:190} INFO - [2024-11-18T03:01:21.027+0000] {dag.py:3229} INFO - Sync 2 DAGs
[2024-11-18T03:01:21.193+0000] {logging_mixin.py:190} INFO - [2024-11-18T03:01:21.189+0000] {dag.py:4156} INFO - Setting next_dagrun for read_dataset_event to 2024-11-17 00:00:00+00:00, run_after=2024-11-18 00:00:00+00:00
[2024-11-18T03:01:21.214+0000] {logging_mixin.py:190} INFO - [2024-11-18T03:01:21.210+0000] {dag.py:4156} INFO - Setting next_dagrun for read_dataset_event_from_classic to 2024-11-17 00:00:00+00:00, run_after=2024-11-18 00:00:00+00:00
[2024-11-18T03:01:21.254+0000] {processor.py:208} INFO - Processing /home/airflow/.local/lib/python3.12/site-packages/airflow/example_dags/example_inlet_event_extra.py took 1.302 seconds
[2024-11-18T03:01:51.811+0000] {processor.py:186} INFO - Started process (PID=846) to work on /home/airflow/.local/lib/python3.12/site-packages/airflow/example_dags/example_inlet_event_extra.py
[2024-11-18T03:01:51.814+0000] {processor.py:914} INFO - Processing file /home/airflow/.local/lib/python3.12/site-packages/airflow/example_dags/example_inlet_event_extra.py for tasks to queue
[2024-11-18T03:01:51.818+0000] {logging_mixin.py:190} INFO - [2024-11-18T03:01:51.818+0000] {dagbag.py:587} INFO - Filling up the DagBag from /home/airflow/.local/lib/python3.12/site-packages/airflow/example_dags/example_inlet_event_extra.py
[2024-11-18T03:01:52.132+0000] {processor.py:925} INFO - DAG(s) 'read_dataset_event_from_classic', 'read_dataset_event' retrieved from /home/airflow/.local/lib/python3.12/site-packages/airflow/example_dags/example_inlet_event_extra.py
[2024-11-18T03:01:52.185+0000] {logging_mixin.py:190} INFO - [2024-11-18T03:01:52.185+0000] {dag.py:3229} INFO - Sync 2 DAGs
[2024-11-18T03:01:52.237+0000] {logging_mixin.py:190} INFO - [2024-11-18T03:01:52.234+0000] {dag.py:4156} INFO - Setting next_dagrun for read_dataset_event to 2024-11-17 00:00:00+00:00, run_after=2024-11-18 00:00:00+00:00
[2024-11-18T03:01:52.245+0000] {logging_mixin.py:190} INFO - [2024-11-18T03:01:52.245+0000] {dag.py:4156} INFO - Setting next_dagrun for read_dataset_event_from_classic to 2024-11-17 00:00:00+00:00, run_after=2024-11-18 00:00:00+00:00
[2024-11-18T03:01:52.275+0000] {processor.py:208} INFO - Processing /home/airflow/.local/lib/python3.12/site-packages/airflow/example_dags/example_inlet_event_extra.py took 0.480 seconds
[2024-11-18T03:02:22.337+0000] {processor.py:186} INFO - Started process (PID=908) to work on /home/airflow/.local/lib/python3.12/site-packages/airflow/example_dags/example_inlet_event_extra.py
[2024-11-18T03:02:22.343+0000] {processor.py:914} INFO - Processing file /home/airflow/.local/lib/python3.12/site-packages/airflow/example_dags/example_inlet_event_extra.py for tasks to queue
[2024-11-18T03:02:22.348+0000] {logging_mixin.py:190} INFO - [2024-11-18T03:02:22.348+0000] {dagbag.py:587} INFO - Filling up the DagBag from /home/airflow/.local/lib/python3.12/site-packages/airflow/example_dags/example_inlet_event_extra.py
[2024-11-18T03:02:22.673+0000] {processor.py:925} INFO - DAG(s) 'read_dataset_event_from_classic', 'read_dataset_event' retrieved from /home/airflow/.local/lib/python3.12/site-packages/airflow/example_dags/example_inlet_event_extra.py
[2024-11-18T03:02:22.718+0000] {logging_mixin.py:190} INFO - [2024-11-18T03:02:22.718+0000] {dag.py:3229} INFO - Sync 2 DAGs
[2024-11-18T03:02:22.768+0000] {logging_mixin.py:190} INFO - [2024-11-18T03:02:22.768+0000] {dag.py:4156} INFO - Setting next_dagrun for read_dataset_event to 2024-11-17 00:00:00+00:00, run_after=2024-11-18 00:00:00+00:00
[2024-11-18T03:02:22.781+0000] {logging_mixin.py:190} INFO - [2024-11-18T03:02:22.781+0000] {dag.py:4156} INFO - Setting next_dagrun for read_dataset_event_from_classic to 2024-11-17 00:00:00+00:00, run_after=2024-11-18 00:00:00+00:00
[2024-11-18T03:02:22.811+0000] {processor.py:208} INFO - Processing /home/airflow/.local/lib/python3.12/site-packages/airflow/example_dags/example_inlet_event_extra.py took 0.487 seconds
[2024-11-18T03:02:52.862+0000] {processor.py:186} INFO - Started process (PID=972) to work on /home/airflow/.local/lib/python3.12/site-packages/airflow/example_dags/example_inlet_event_extra.py
[2024-11-18T03:02:52.863+0000] {processor.py:914} INFO - Processing file /home/airflow/.local/lib/python3.12/site-packages/airflow/example_dags/example_inlet_event_extra.py for tasks to queue
[2024-11-18T03:02:52.865+0000] {logging_mixin.py:190} INFO - [2024-11-18T03:02:52.865+0000] {dagbag.py:587} INFO - Filling up the DagBag from /home/airflow/.local/lib/python3.12/site-packages/airflow/example_dags/example_inlet_event_extra.py
[2024-11-18T03:02:52.998+0000] {processor.py:925} INFO - DAG(s) 'read_dataset_event_from_classic', 'read_dataset_event' retrieved from /home/airflow/.local/lib/python3.12/site-packages/airflow/example_dags/example_inlet_event_extra.py
[2024-11-18T03:02:53.018+0000] {logging_mixin.py:190} INFO - [2024-11-18T03:02:53.018+0000] {dag.py:3229} INFO - Sync 2 DAGs
[2024-11-18T03:02:53.040+0000] {logging_mixin.py:190} INFO - [2024-11-18T03:02:53.039+0000] {dag.py:4156} INFO - Setting next_dagrun for read_dataset_event to 2024-11-17 00:00:00+00:00, run_after=2024-11-18 00:00:00+00:00
[2024-11-18T03:02:53.044+0000] {logging_mixin.py:190} INFO - [2024-11-18T03:02:53.044+0000] {dag.py:4156} INFO - Setting next_dagrun for read_dataset_event_from_classic to 2024-11-17 00:00:00+00:00, run_after=2024-11-18 00:00:00+00:00
[2024-11-18T03:02:53.059+0000] {processor.py:208} INFO - Processing /home/airflow/.local/lib/python3.12/site-packages/airflow/example_dags/example_inlet_event_extra.py took 0.203 seconds
[2024-11-18T03:03:23.948+0000] {processor.py:186} INFO - Started process (PID=1033) to work on /home/airflow/.local/lib/python3.12/site-packages/airflow/example_dags/example_inlet_event_extra.py
[2024-11-18T03:03:23.952+0000] {processor.py:914} INFO - Processing file /home/airflow/.local/lib/python3.12/site-packages/airflow/example_dags/example_inlet_event_extra.py for tasks to queue
[2024-11-18T03:03:23.956+0000] {logging_mixin.py:190} INFO - [2024-11-18T03:03:23.956+0000] {dagbag.py:587} INFO - Filling up the DagBag from /home/airflow/.local/lib/python3.12/site-packages/airflow/example_dags/example_inlet_event_extra.py
[2024-11-18T03:03:24.257+0000] {processor.py:925} INFO - DAG(s) 'read_dataset_event_from_classic', 'read_dataset_event' retrieved from /home/airflow/.local/lib/python3.12/site-packages/airflow/example_dags/example_inlet_event_extra.py
[2024-11-18T03:03:24.300+0000] {logging_mixin.py:190} INFO - [2024-11-18T03:03:24.300+0000] {dag.py:3229} INFO - Sync 2 DAGs
[2024-11-18T03:03:24.345+0000] {logging_mixin.py:190} INFO - [2024-11-18T03:03:24.343+0000] {dag.py:4156} INFO - Setting next_dagrun for read_dataset_event to 2024-11-17 00:00:00+00:00, run_after=2024-11-18 00:00:00+00:00
[2024-11-18T03:03:24.353+0000] {logging_mixin.py:190} INFO - [2024-11-18T03:03:24.353+0000] {dag.py:4156} INFO - Setting next_dagrun for read_dataset_event_from_classic to 2024-11-17 00:00:00+00:00, run_after=2024-11-18 00:00:00+00:00
[2024-11-18T03:03:24.397+0000] {processor.py:208} INFO - Processing /home/airflow/.local/lib/python3.12/site-packages/airflow/example_dags/example_inlet_event_extra.py took 0.461 seconds
[2024-11-18T03:03:55.096+0000] {processor.py:186} INFO - Started process (PID=1095) to work on /home/airflow/.local/lib/python3.12/site-packages/airflow/example_dags/example_inlet_event_extra.py
[2024-11-18T03:03:55.099+0000] {processor.py:914} INFO - Processing file /home/airflow/.local/lib/python3.12/site-packages/airflow/example_dags/example_inlet_event_extra.py for tasks to queue
[2024-11-18T03:03:55.104+0000] {logging_mixin.py:190} INFO - [2024-11-18T03:03:55.104+0000] {dagbag.py:587} INFO - Filling up the DagBag from /home/airflow/.local/lib/python3.12/site-packages/airflow/example_dags/example_inlet_event_extra.py
[2024-11-18T03:03:55.406+0000] {processor.py:925} INFO - DAG(s) 'read_dataset_event_from_classic', 'read_dataset_event' retrieved from /home/airflow/.local/lib/python3.12/site-packages/airflow/example_dags/example_inlet_event_extra.py
[2024-11-18T03:03:55.446+0000] {logging_mixin.py:190} INFO - [2024-11-18T03:03:55.446+0000] {dag.py:3229} INFO - Sync 2 DAGs
[2024-11-18T03:03:55.498+0000] {logging_mixin.py:190} INFO - [2024-11-18T03:03:55.496+0000] {dag.py:4156} INFO - Setting next_dagrun for read_dataset_event to 2024-11-17 00:00:00+00:00, run_after=2024-11-18 00:00:00+00:00
[2024-11-18T03:03:55.507+0000] {logging_mixin.py:190} INFO - [2024-11-18T03:03:55.507+0000] {dag.py:4156} INFO - Setting next_dagrun for read_dataset_event_from_classic to 2024-11-17 00:00:00+00:00, run_after=2024-11-18 00:00:00+00:00
[2024-11-18T03:03:55.526+0000] {processor.py:208} INFO - Processing /home/airflow/.local/lib/python3.12/site-packages/airflow/example_dags/example_inlet_event_extra.py took 0.443 seconds
[2024-11-18T03:04:26.395+0000] {processor.py:186} INFO - Started process (PID=1158) to work on /home/airflow/.local/lib/python3.12/site-packages/airflow/example_dags/example_inlet_event_extra.py
[2024-11-18T03:04:26.398+0000] {processor.py:914} INFO - Processing file /home/airflow/.local/lib/python3.12/site-packages/airflow/example_dags/example_inlet_event_extra.py for tasks to queue
[2024-11-18T03:04:26.402+0000] {logging_mixin.py:190} INFO - [2024-11-18T03:04:26.402+0000] {dagbag.py:587} INFO - Filling up the DagBag from /home/airflow/.local/lib/python3.12/site-packages/airflow/example_dags/example_inlet_event_extra.py
[2024-11-18T03:04:26.741+0000] {processor.py:925} INFO - DAG(s) 'read_dataset_event', 'read_dataset_event_from_classic' retrieved from /home/airflow/.local/lib/python3.12/site-packages/airflow/example_dags/example_inlet_event_extra.py
[2024-11-18T03:04:26.761+0000] {logging_mixin.py:190} INFO - [2024-11-18T03:04:26.761+0000] {dag.py:3229} INFO - Sync 2 DAGs
[2024-11-18T03:04:26.783+0000] {logging_mixin.py:190} INFO - [2024-11-18T03:04:26.783+0000] {dag.py:4156} INFO - Setting next_dagrun for read_dataset_event to 2024-11-17 00:00:00+00:00, run_after=2024-11-18 00:00:00+00:00
[2024-11-18T03:04:26.787+0000] {logging_mixin.py:190} INFO - [2024-11-18T03:04:26.787+0000] {dag.py:4156} INFO - Setting next_dagrun for read_dataset_event_from_classic to 2024-11-17 00:00:00+00:00, run_after=2024-11-18 00:00:00+00:00
[2024-11-18T03:04:26.802+0000] {processor.py:208} INFO - Processing /home/airflow/.local/lib/python3.12/site-packages/airflow/example_dags/example_inlet_event_extra.py took 0.419 seconds
[2024-11-18T03:04:57.085+0000] {processor.py:186} INFO - Started process (PID=1220) to work on /home/airflow/.local/lib/python3.12/site-packages/airflow/example_dags/example_inlet_event_extra.py
[2024-11-18T03:04:57.085+0000] {processor.py:914} INFO - Processing file /home/airflow/.local/lib/python3.12/site-packages/airflow/example_dags/example_inlet_event_extra.py for tasks to queue
[2024-11-18T03:04:57.103+0000] {logging_mixin.py:190} INFO - [2024-11-18T03:04:57.103+0000] {dagbag.py:587} INFO - Filling up the DagBag from /home/airflow/.local/lib/python3.12/site-packages/airflow/example_dags/example_inlet_event_extra.py
[2024-11-18T03:04:58.028+0000] {processor.py:925} INFO - DAG(s) 'read_dataset_event_from_classic', 'read_dataset_event' retrieved from /home/airflow/.local/lib/python3.12/site-packages/airflow/example_dags/example_inlet_event_extra.py
[2024-11-18T03:04:58.129+0000] {logging_mixin.py:190} INFO - [2024-11-18T03:04:58.129+0000] {dag.py:3229} INFO - Sync 2 DAGs
[2024-11-18T03:04:58.222+0000] {logging_mixin.py:190} INFO - [2024-11-18T03:04:58.218+0000] {dag.py:4156} INFO - Setting next_dagrun for read_dataset_event to 2024-11-17 00:00:00+00:00, run_after=2024-11-18 00:00:00+00:00
[2024-11-18T03:04:58.237+0000] {logging_mixin.py:190} INFO - [2024-11-18T03:04:58.237+0000] {dag.py:4156} INFO - Setting next_dagrun for read_dataset_event_from_classic to 2024-11-17 00:00:00+00:00, run_after=2024-11-18 00:00:00+00:00
[2024-11-18T03:04:58.302+0000] {processor.py:208} INFO - Processing /home/airflow/.local/lib/python3.12/site-packages/airflow/example_dags/example_inlet_event_extra.py took 1.263 seconds
[2024-11-18T03:05:28.571+0000] {processor.py:186} INFO - Started process (PID=1282) to work on /home/airflow/.local/lib/python3.12/site-packages/airflow/example_dags/example_inlet_event_extra.py
[2024-11-18T03:05:28.578+0000] {processor.py:914} INFO - Processing file /home/airflow/.local/lib/python3.12/site-packages/airflow/example_dags/example_inlet_event_extra.py for tasks to queue
[2024-11-18T03:05:28.586+0000] {logging_mixin.py:190} INFO - [2024-11-18T03:05:28.586+0000] {dagbag.py:587} INFO - Filling up the DagBag from /home/airflow/.local/lib/python3.12/site-packages/airflow/example_dags/example_inlet_event_extra.py
[2024-11-18T03:05:29.191+0000] {processor.py:925} INFO - DAG(s) 'read_dataset_event_from_classic', 'read_dataset_event' retrieved from /home/airflow/.local/lib/python3.12/site-packages/airflow/example_dags/example_inlet_event_extra.py
[2024-11-18T03:05:29.280+0000] {logging_mixin.py:190} INFO - [2024-11-18T03:05:29.280+0000] {dag.py:3229} INFO - Sync 2 DAGs
[2024-11-18T03:05:29.380+0000] {logging_mixin.py:190} INFO - [2024-11-18T03:05:29.376+0000] {dag.py:4156} INFO - Setting next_dagrun for read_dataset_event to 2024-11-17 00:00:00+00:00, run_after=2024-11-18 00:00:00+00:00
[2024-11-18T03:05:29.408+0000] {logging_mixin.py:190} INFO - [2024-11-18T03:05:29.408+0000] {dag.py:4156} INFO - Setting next_dagrun for read_dataset_event_from_classic to 2024-11-17 00:00:00+00:00, run_after=2024-11-18 00:00:00+00:00
[2024-11-18T03:05:29.485+0000] {processor.py:208} INFO - Processing /home/airflow/.local/lib/python3.12/site-packages/airflow/example_dags/example_inlet_event_extra.py took 0.940 seconds
[2024-11-18T03:05:59.797+0000] {processor.py:186} INFO - Started process (PID=1344) to work on /home/airflow/.local/lib/python3.12/site-packages/airflow/example_dags/example_inlet_event_extra.py
[2024-11-18T03:05:59.800+0000] {processor.py:914} INFO - Processing file /home/airflow/.local/lib/python3.12/site-packages/airflow/example_dags/example_inlet_event_extra.py for tasks to queue
[2024-11-18T03:05:59.805+0000] {logging_mixin.py:190} INFO - [2024-11-18T03:05:59.805+0000] {dagbag.py:587} INFO - Filling up the DagBag from /home/airflow/.local/lib/python3.12/site-packages/airflow/example_dags/example_inlet_event_extra.py
[2024-11-18T03:06:00.197+0000] {processor.py:925} INFO - DAG(s) 'read_dataset_event', 'read_dataset_event_from_classic' retrieved from /home/airflow/.local/lib/python3.12/site-packages/airflow/example_dags/example_inlet_event_extra.py
[2024-11-18T03:06:00.249+0000] {logging_mixin.py:190} INFO - [2024-11-18T03:06:00.246+0000] {dag.py:3229} INFO - Sync 2 DAGs
[2024-11-18T03:06:00.302+0000] {logging_mixin.py:190} INFO - [2024-11-18T03:06:00.300+0000] {dag.py:4156} INFO - Setting next_dagrun for read_dataset_event to 2024-11-17 00:00:00+00:00, run_after=2024-11-18 00:00:00+00:00
[2024-11-18T03:06:00.318+0000] {logging_mixin.py:190} INFO - [2024-11-18T03:06:00.318+0000] {dag.py:4156} INFO - Setting next_dagrun for read_dataset_event_from_classic to 2024-11-17 00:00:00+00:00, run_after=2024-11-18 00:00:00+00:00
[2024-11-18T03:06:00.355+0000] {processor.py:208} INFO - Processing /home/airflow/.local/lib/python3.12/site-packages/airflow/example_dags/example_inlet_event_extra.py took 0.574 seconds
[2024-11-18T03:06:31.218+0000] {processor.py:186} INFO - Started process (PID=1407) to work on /home/airflow/.local/lib/python3.12/site-packages/airflow/example_dags/example_inlet_event_extra.py
[2024-11-18T03:06:31.222+0000] {processor.py:914} INFO - Processing file /home/airflow/.local/lib/python3.12/site-packages/airflow/example_dags/example_inlet_event_extra.py for tasks to queue
[2024-11-18T03:06:31.226+0000] {logging_mixin.py:190} INFO - [2024-11-18T03:06:31.224+0000] {dagbag.py:587} INFO - Filling up the DagBag from /home/airflow/.local/lib/python3.12/site-packages/airflow/example_dags/example_inlet_event_extra.py
[2024-11-18T03:06:31.538+0000] {processor.py:925} INFO - DAG(s) 'read_dataset_event', 'read_dataset_event_from_classic' retrieved from /home/airflow/.local/lib/python3.12/site-packages/airflow/example_dags/example_inlet_event_extra.py
[2024-11-18T03:06:31.579+0000] {logging_mixin.py:190} INFO - [2024-11-18T03:06:31.579+0000] {dag.py:3229} INFO - Sync 2 DAGs
[2024-11-18T03:06:31.627+0000] {logging_mixin.py:190} INFO - [2024-11-18T03:06:31.627+0000] {dag.py:4156} INFO - Setting next_dagrun for read_dataset_event to 2024-11-17 00:00:00+00:00, run_after=2024-11-18 00:00:00+00:00
[2024-11-18T03:06:31.635+0000] {logging_mixin.py:190} INFO - [2024-11-18T03:06:31.635+0000] {dag.py:4156} INFO - Setting next_dagrun for read_dataset_event_from_classic to 2024-11-17 00:00:00+00:00, run_after=2024-11-18 00:00:00+00:00
[2024-11-18T03:06:31.664+0000] {processor.py:208} INFO - Processing /home/airflow/.local/lib/python3.12/site-packages/airflow/example_dags/example_inlet_event_extra.py took 0.457 seconds
[2024-11-18T03:07:02.536+0000] {processor.py:186} INFO - Started process (PID=1470) to work on /home/airflow/.local/lib/python3.12/site-packages/airflow/example_dags/example_inlet_event_extra.py
[2024-11-18T03:07:02.540+0000] {processor.py:914} INFO - Processing file /home/airflow/.local/lib/python3.12/site-packages/airflow/example_dags/example_inlet_event_extra.py for tasks to queue
[2024-11-18T03:07:02.548+0000] {logging_mixin.py:190} INFO - [2024-11-18T03:07:02.547+0000] {dagbag.py:587} INFO - Filling up the DagBag from /home/airflow/.local/lib/python3.12/site-packages/airflow/example_dags/example_inlet_event_extra.py
[2024-11-18T03:07:02.869+0000] {processor.py:925} INFO - DAG(s) 'read_dataset_event_from_classic', 'read_dataset_event' retrieved from /home/airflow/.local/lib/python3.12/site-packages/airflow/example_dags/example_inlet_event_extra.py
[2024-11-18T03:07:02.910+0000] {logging_mixin.py:190} INFO - [2024-11-18T03:07:02.910+0000] {dag.py:3229} INFO - Sync 2 DAGs
[2024-11-18T03:07:02.962+0000] {logging_mixin.py:190} INFO - [2024-11-18T03:07:02.960+0000] {dag.py:4156} INFO - Setting next_dagrun for read_dataset_event to 2024-11-17 00:00:00+00:00, run_after=2024-11-18 00:00:00+00:00
[2024-11-18T03:07:02.973+0000] {logging_mixin.py:190} INFO - [2024-11-18T03:07:02.973+0000] {dag.py:4156} INFO - Setting next_dagrun for read_dataset_event_from_classic to 2024-11-17 00:00:00+00:00, run_after=2024-11-18 00:00:00+00:00
[2024-11-18T03:07:03.018+0000] {processor.py:208} INFO - Processing /home/airflow/.local/lib/python3.12/site-packages/airflow/example_dags/example_inlet_event_extra.py took 0.496 seconds
[2024-11-18T03:07:33.401+0000] {processor.py:186} INFO - Started process (PID=1531) to work on /home/airflow/.local/lib/python3.12/site-packages/airflow/example_dags/example_inlet_event_extra.py
[2024-11-18T03:07:33.403+0000] {processor.py:914} INFO - Processing file /home/airflow/.local/lib/python3.12/site-packages/airflow/example_dags/example_inlet_event_extra.py for tasks to queue
[2024-11-18T03:07:33.411+0000] {logging_mixin.py:190} INFO - [2024-11-18T03:07:33.411+0000] {dagbag.py:587} INFO - Filling up the DagBag from /home/airflow/.local/lib/python3.12/site-packages/airflow/example_dags/example_inlet_event_extra.py
[2024-11-18T03:07:33.727+0000] {processor.py:925} INFO - DAG(s) 'read_dataset_event', 'read_dataset_event_from_classic' retrieved from /home/airflow/.local/lib/python3.12/site-packages/airflow/example_dags/example_inlet_event_extra.py
[2024-11-18T03:07:33.775+0000] {logging_mixin.py:190} INFO - [2024-11-18T03:07:33.775+0000] {dag.py:3229} INFO - Sync 2 DAGs
[2024-11-18T03:07:33.829+0000] {logging_mixin.py:190} INFO - [2024-11-18T03:07:33.827+0000] {dag.py:4156} INFO - Setting next_dagrun for read_dataset_event to 2024-11-17 00:00:00+00:00, run_after=2024-11-18 00:00:00+00:00
[2024-11-18T03:07:33.837+0000] {logging_mixin.py:190} INFO - [2024-11-18T03:07:33.837+0000] {dag.py:4156} INFO - Setting next_dagrun for read_dataset_event_from_classic to 2024-11-17 00:00:00+00:00, run_after=2024-11-18 00:00:00+00:00
[2024-11-18T03:07:33.869+0000] {processor.py:208} INFO - Processing /home/airflow/.local/lib/python3.12/site-packages/airflow/example_dags/example_inlet_event_extra.py took 0.480 seconds
[2024-11-18T03:08:03.936+0000] {processor.py:186} INFO - Started process (PID=1594) to work on /home/airflow/.local/lib/python3.12/site-packages/airflow/example_dags/example_inlet_event_extra.py
[2024-11-18T03:08:03.939+0000] {processor.py:914} INFO - Processing file /home/airflow/.local/lib/python3.12/site-packages/airflow/example_dags/example_inlet_event_extra.py for tasks to queue
[2024-11-18T03:08:03.942+0000] {logging_mixin.py:190} INFO - [2024-11-18T03:08:03.942+0000] {dagbag.py:587} INFO - Filling up the DagBag from /home/airflow/.local/lib/python3.12/site-packages/airflow/example_dags/example_inlet_event_extra.py
[2024-11-18T03:08:04.250+0000] {processor.py:925} INFO - DAG(s) 'read_dataset_event', 'read_dataset_event_from_classic' retrieved from /home/airflow/.local/lib/python3.12/site-packages/airflow/example_dags/example_inlet_event_extra.py
[2024-11-18T03:08:04.297+0000] {logging_mixin.py:190} INFO - [2024-11-18T03:08:04.297+0000] {dag.py:3229} INFO - Sync 2 DAGs
[2024-11-18T03:08:04.357+0000] {logging_mixin.py:190} INFO - [2024-11-18T03:08:04.356+0000] {dag.py:4156} INFO - Setting next_dagrun for read_dataset_event to 2024-11-17 00:00:00+00:00, run_after=2024-11-18 00:00:00+00:00
[2024-11-18T03:08:04.365+0000] {logging_mixin.py:190} INFO - [2024-11-18T03:08:04.365+0000] {dag.py:4156} INFO - Setting next_dagrun for read_dataset_event_from_classic to 2024-11-17 00:00:00+00:00, run_after=2024-11-18 00:00:00+00:00
[2024-11-18T03:08:04.397+0000] {processor.py:208} INFO - Processing /home/airflow/.local/lib/python3.12/site-packages/airflow/example_dags/example_inlet_event_extra.py took 0.476 seconds
[2024-11-18T03:08:35.173+0000] {processor.py:186} INFO - Started process (PID=1659) to work on /home/airflow/.local/lib/python3.12/site-packages/airflow/example_dags/example_inlet_event_extra.py
[2024-11-18T03:08:35.176+0000] {processor.py:914} INFO - Processing file /home/airflow/.local/lib/python3.12/site-packages/airflow/example_dags/example_inlet_event_extra.py for tasks to queue
[2024-11-18T03:08:35.179+0000] {logging_mixin.py:190} INFO - [2024-11-18T03:08:35.179+0000] {dagbag.py:587} INFO - Filling up the DagBag from /home/airflow/.local/lib/python3.12/site-packages/airflow/example_dags/example_inlet_event_extra.py
[2024-11-18T03:08:35.495+0000] {processor.py:925} INFO - DAG(s) 'read_dataset_event_from_classic', 'read_dataset_event' retrieved from /home/airflow/.local/lib/python3.12/site-packages/airflow/example_dags/example_inlet_event_extra.py
[2024-11-18T03:08:35.537+0000] {logging_mixin.py:190} INFO - [2024-11-18T03:08:35.536+0000] {dag.py:3229} INFO - Sync 2 DAGs
[2024-11-18T03:08:35.586+0000] {logging_mixin.py:190} INFO - [2024-11-18T03:08:35.585+0000] {dag.py:4156} INFO - Setting next_dagrun for read_dataset_event to 2024-11-17 00:00:00+00:00, run_after=2024-11-18 00:00:00+00:00
[2024-11-18T03:08:35.597+0000] {logging_mixin.py:190} INFO - [2024-11-18T03:08:35.594+0000] {dag.py:4156} INFO - Setting next_dagrun for read_dataset_event_from_classic to 2024-11-17 00:00:00+00:00, run_after=2024-11-18 00:00:00+00:00
[2024-11-18T03:08:35.629+0000] {processor.py:208} INFO - Processing /home/airflow/.local/lib/python3.12/site-packages/airflow/example_dags/example_inlet_event_extra.py took 0.472 seconds
[2024-11-18T03:09:06.077+0000] {processor.py:186} INFO - Started process (PID=1721) to work on /home/airflow/.local/lib/python3.12/site-packages/airflow/example_dags/example_inlet_event_extra.py
[2024-11-18T03:09:06.082+0000] {processor.py:914} INFO - Processing file /home/airflow/.local/lib/python3.12/site-packages/airflow/example_dags/example_inlet_event_extra.py for tasks to queue
[2024-11-18T03:09:06.088+0000] {logging_mixin.py:190} INFO - [2024-11-18T03:09:06.088+0000] {dagbag.py:587} INFO - Filling up the DagBag from /home/airflow/.local/lib/python3.12/site-packages/airflow/example_dags/example_inlet_event_extra.py
[2024-11-18T03:09:06.409+0000] {processor.py:925} INFO - DAG(s) 'read_dataset_event', 'read_dataset_event_from_classic' retrieved from /home/airflow/.local/lib/python3.12/site-packages/airflow/example_dags/example_inlet_event_extra.py
[2024-11-18T03:09:06.445+0000] {logging_mixin.py:190} INFO - [2024-11-18T03:09:06.445+0000] {dag.py:3229} INFO - Sync 2 DAGs
[2024-11-18T03:09:06.496+0000] {logging_mixin.py:190} INFO - [2024-11-18T03:09:06.494+0000] {dag.py:4156} INFO - Setting next_dagrun for read_dataset_event to 2024-11-17 00:00:00+00:00, run_after=2024-11-18 00:00:00+00:00
[2024-11-18T03:09:06.505+0000] {logging_mixin.py:190} INFO - [2024-11-18T03:09:06.503+0000] {dag.py:4156} INFO - Setting next_dagrun for read_dataset_event_from_classic to 2024-11-17 00:00:00+00:00, run_after=2024-11-18 00:00:00+00:00
[2024-11-18T03:09:06.541+0000] {processor.py:208} INFO - Processing /home/airflow/.local/lib/python3.12/site-packages/airflow/example_dags/example_inlet_event_extra.py took 0.476 seconds
[2024-11-18T03:09:36.686+0000] {processor.py:186} INFO - Started process (PID=1784) to work on /home/airflow/.local/lib/python3.12/site-packages/airflow/example_dags/example_inlet_event_extra.py
[2024-11-18T03:09:36.692+0000] {processor.py:914} INFO - Processing file /home/airflow/.local/lib/python3.12/site-packages/airflow/example_dags/example_inlet_event_extra.py for tasks to queue
[2024-11-18T03:09:36.704+0000] {logging_mixin.py:190} INFO - [2024-11-18T03:09:36.704+0000] {dagbag.py:587} INFO - Filling up the DagBag from /home/airflow/.local/lib/python3.12/site-packages/airflow/example_dags/example_inlet_event_extra.py
[2024-11-18T03:09:37.303+0000] {processor.py:925} INFO - DAG(s) 'read_dataset_event_from_classic', 'read_dataset_event' retrieved from /home/airflow/.local/lib/python3.12/site-packages/airflow/example_dags/example_inlet_event_extra.py
[2024-11-18T03:09:37.392+0000] {logging_mixin.py:190} INFO - [2024-11-18T03:09:37.392+0000] {dag.py:3229} INFO - Sync 2 DAGs
[2024-11-18T03:09:37.481+0000] {logging_mixin.py:190} INFO - [2024-11-18T03:09:37.481+0000] {dag.py:4156} INFO - Setting next_dagrun for read_dataset_event to 2024-11-17 00:00:00+00:00, run_after=2024-11-18 00:00:00+00:00
[2024-11-18T03:09:37.508+0000] {logging_mixin.py:190} INFO - [2024-11-18T03:09:37.504+0000] {dag.py:4156} INFO - Setting next_dagrun for read_dataset_event_from_classic to 2024-11-17 00:00:00+00:00, run_after=2024-11-18 00:00:00+00:00
[2024-11-18T03:09:37.563+0000] {processor.py:208} INFO - Processing /home/airflow/.local/lib/python3.12/site-packages/airflow/example_dags/example_inlet_event_extra.py took 0.908 seconds
[2024-11-18T03:10:07.810+0000] {processor.py:186} INFO - Started process (PID=1847) to work on /home/airflow/.local/lib/python3.12/site-packages/airflow/example_dags/example_inlet_event_extra.py
[2024-11-18T03:10:07.817+0000] {processor.py:914} INFO - Processing file /home/airflow/.local/lib/python3.12/site-packages/airflow/example_dags/example_inlet_event_extra.py for tasks to queue
[2024-11-18T03:10:07.823+0000] {logging_mixin.py:190} INFO - [2024-11-18T03:10:07.823+0000] {dagbag.py:587} INFO - Filling up the DagBag from /home/airflow/.local/lib/python3.12/site-packages/airflow/example_dags/example_inlet_event_extra.py
[2024-11-18T03:10:08.147+0000] {processor.py:925} INFO - DAG(s) 'read_dataset_event_from_classic', 'read_dataset_event' retrieved from /home/airflow/.local/lib/python3.12/site-packages/airflow/example_dags/example_inlet_event_extra.py
[2024-11-18T03:10:08.191+0000] {logging_mixin.py:190} INFO - [2024-11-18T03:10:08.191+0000] {dag.py:3229} INFO - Sync 2 DAGs
[2024-11-18T03:10:08.238+0000] {logging_mixin.py:190} INFO - [2024-11-18T03:10:08.238+0000] {dag.py:4156} INFO - Setting next_dagrun for read_dataset_event to 2024-11-17 00:00:00+00:00, run_after=2024-11-18 00:00:00+00:00
[2024-11-18T03:10:08.248+0000] {logging_mixin.py:190} INFO - [2024-11-18T03:10:08.246+0000] {dag.py:4156} INFO - Setting next_dagrun for read_dataset_event_from_classic to 2024-11-17 00:00:00+00:00, run_after=2024-11-18 00:00:00+00:00
[2024-11-18T03:10:08.278+0000] {processor.py:208} INFO - Processing /home/airflow/.local/lib/python3.12/site-packages/airflow/example_dags/example_inlet_event_extra.py took 0.482 seconds
[2024-11-18T03:10:38.622+0000] {processor.py:186} INFO - Started process (PID=1909) to work on /home/airflow/.local/lib/python3.12/site-packages/airflow/example_dags/example_inlet_event_extra.py
[2024-11-18T03:10:38.634+0000] {processor.py:914} INFO - Processing file /home/airflow/.local/lib/python3.12/site-packages/airflow/example_dags/example_inlet_event_extra.py for tasks to queue
[2024-11-18T03:10:38.652+0000] {logging_mixin.py:190} INFO - [2024-11-18T03:10:38.652+0000] {dagbag.py:587} INFO - Filling up the DagBag from /home/airflow/.local/lib/python3.12/site-packages/airflow/example_dags/example_inlet_event_extra.py
[2024-11-18T03:10:40.148+0000] {processor.py:925} INFO - DAG(s) 'read_dataset_event', 'read_dataset_event_from_classic' retrieved from /home/airflow/.local/lib/python3.12/site-packages/airflow/example_dags/example_inlet_event_extra.py
[2024-11-18T03:10:40.322+0000] {logging_mixin.py:190} INFO - [2024-11-18T03:10:40.321+0000] {dag.py:3229} INFO - Sync 2 DAGs
[2024-11-18T03:10:40.434+0000] {logging_mixin.py:190} INFO - [2024-11-18T03:10:40.434+0000] {dag.py:4156} INFO - Setting next_dagrun for read_dataset_event to 2024-11-17 00:00:00+00:00, run_after=2024-11-18 00:00:00+00:00
[2024-11-18T03:10:40.465+0000] {logging_mixin.py:190} INFO - [2024-11-18T03:10:40.464+0000] {dag.py:4156} INFO - Setting next_dagrun for read_dataset_event_from_classic to 2024-11-17 00:00:00+00:00, run_after=2024-11-18 00:00:00+00:00
[2024-11-18T03:10:40.570+0000] {processor.py:208} INFO - Processing /home/airflow/.local/lib/python3.12/site-packages/airflow/example_dags/example_inlet_event_extra.py took 2.008 seconds
[2024-11-18T03:11:11.089+0000] {processor.py:186} INFO - Started process (PID=1972) to work on /home/airflow/.local/lib/python3.12/site-packages/airflow/example_dags/example_inlet_event_extra.py
[2024-11-18T03:11:11.098+0000] {processor.py:914} INFO - Processing file /home/airflow/.local/lib/python3.12/site-packages/airflow/example_dags/example_inlet_event_extra.py for tasks to queue
[2024-11-18T03:11:11.113+0000] {logging_mixin.py:190} INFO - [2024-11-18T03:11:11.113+0000] {dagbag.py:587} INFO - Filling up the DagBag from /home/airflow/.local/lib/python3.12/site-packages/airflow/example_dags/example_inlet_event_extra.py
[2024-11-18T03:11:11.594+0000] {processor.py:925} INFO - DAG(s) 'read_dataset_event', 'read_dataset_event_from_classic' retrieved from /home/airflow/.local/lib/python3.12/site-packages/airflow/example_dags/example_inlet_event_extra.py
[2024-11-18T03:11:11.643+0000] {logging_mixin.py:190} INFO - [2024-11-18T03:11:11.643+0000] {dag.py:3229} INFO - Sync 2 DAGs
[2024-11-18T03:11:11.753+0000] {logging_mixin.py:190} INFO - [2024-11-18T03:11:11.750+0000] {dag.py:4156} INFO - Setting next_dagrun for read_dataset_event to 2024-11-17 00:00:00+00:00, run_after=2024-11-18 00:00:00+00:00
[2024-11-18T03:11:11.764+0000] {logging_mixin.py:190} INFO - [2024-11-18T03:11:11.764+0000] {dag.py:4156} INFO - Setting next_dagrun for read_dataset_event_from_classic to 2024-11-17 00:00:00+00:00, run_after=2024-11-18 00:00:00+00:00
[2024-11-18T03:11:11.809+0000] {processor.py:208} INFO - Processing /home/airflow/.local/lib/python3.12/site-packages/airflow/example_dags/example_inlet_event_extra.py took 0.744 seconds
[2024-11-18T03:11:42.197+0000] {processor.py:186} INFO - Started process (PID=2034) to work on /home/airflow/.local/lib/python3.12/site-packages/airflow/example_dags/example_inlet_event_extra.py
[2024-11-18T03:11:42.199+0000] {processor.py:914} INFO - Processing file /home/airflow/.local/lib/python3.12/site-packages/airflow/example_dags/example_inlet_event_extra.py for tasks to queue
[2024-11-18T03:11:42.207+0000] {logging_mixin.py:190} INFO - [2024-11-18T03:11:42.205+0000] {dagbag.py:587} INFO - Filling up the DagBag from /home/airflow/.local/lib/python3.12/site-packages/airflow/example_dags/example_inlet_event_extra.py
[2024-11-18T03:11:42.883+0000] {processor.py:925} INFO - DAG(s) 'read_dataset_event_from_classic', 'read_dataset_event' retrieved from /home/airflow/.local/lib/python3.12/site-packages/airflow/example_dags/example_inlet_event_extra.py
[2024-11-18T03:11:42.952+0000] {logging_mixin.py:190} INFO - [2024-11-18T03:11:42.952+0000] {dag.py:3229} INFO - Sync 2 DAGs
[2024-11-18T03:11:43.018+0000] {logging_mixin.py:190} INFO - [2024-11-18T03:11:43.018+0000] {dag.py:4156} INFO - Setting next_dagrun for read_dataset_event to 2024-11-17 00:00:00+00:00, run_after=2024-11-18 00:00:00+00:00
[2024-11-18T03:11:43.025+0000] {logging_mixin.py:190} INFO - [2024-11-18T03:11:43.025+0000] {dag.py:4156} INFO - Setting next_dagrun for read_dataset_event_from_classic to 2024-11-17 00:00:00+00:00, run_after=2024-11-18 00:00:00+00:00
[2024-11-18T03:11:43.054+0000] {processor.py:208} INFO - Processing /home/airflow/.local/lib/python3.12/site-packages/airflow/example_dags/example_inlet_event_extra.py took 0.885 seconds
[2024-11-18T03:12:13.454+0000] {processor.py:186} INFO - Started process (PID=2097) to work on /home/airflow/.local/lib/python3.12/site-packages/airflow/example_dags/example_inlet_event_extra.py
[2024-11-18T03:12:13.488+0000] {processor.py:914} INFO - Processing file /home/airflow/.local/lib/python3.12/site-packages/airflow/example_dags/example_inlet_event_extra.py for tasks to queue
[2024-11-18T03:12:13.495+0000] {logging_mixin.py:190} INFO - [2024-11-18T03:12:13.495+0000] {dagbag.py:587} INFO - Filling up the DagBag from /home/airflow/.local/lib/python3.12/site-packages/airflow/example_dags/example_inlet_event_extra.py
[2024-11-18T03:12:14.052+0000] {processor.py:925} INFO - DAG(s) 'read_dataset_event', 'read_dataset_event_from_classic' retrieved from /home/airflow/.local/lib/python3.12/site-packages/airflow/example_dags/example_inlet_event_extra.py
[2024-11-18T03:12:14.151+0000] {logging_mixin.py:190} INFO - [2024-11-18T03:12:14.151+0000] {dag.py:3229} INFO - Sync 2 DAGs
[2024-11-18T03:12:15.770+0000] {logging_mixin.py:190} INFO - [2024-11-18T03:12:15.770+0000] {dag.py:4156} INFO - Setting next_dagrun for read_dataset_event to 2024-11-17 00:00:00+00:00, run_after=2024-11-18 00:00:00+00:00
[2024-11-18T03:12:15.776+0000] {logging_mixin.py:190} INFO - [2024-11-18T03:12:15.776+0000] {dag.py:4156} INFO - Setting next_dagrun for read_dataset_event_from_classic to 2024-11-17 00:00:00+00:00, run_after=2024-11-18 00:00:00+00:00
[2024-11-18T03:12:15.880+0000] {processor.py:208} INFO - Processing /home/airflow/.local/lib/python3.12/site-packages/airflow/example_dags/example_inlet_event_extra.py took 2.434 seconds
[2024-11-18T03:12:46.368+0000] {processor.py:186} INFO - Started process (PID=2161) to work on /home/airflow/.local/lib/python3.12/site-packages/airflow/example_dags/example_inlet_event_extra.py
[2024-11-18T03:12:46.378+0000] {processor.py:914} INFO - Processing file /home/airflow/.local/lib/python3.12/site-packages/airflow/example_dags/example_inlet_event_extra.py for tasks to queue
[2024-11-18T03:12:46.399+0000] {logging_mixin.py:190} INFO - [2024-11-18T03:12:46.399+0000] {dagbag.py:587} INFO - Filling up the DagBag from /home/airflow/.local/lib/python3.12/site-packages/airflow/example_dags/example_inlet_event_extra.py
[2024-11-18T03:12:47.340+0000] {processor.py:925} INFO - DAG(s) 'read_dataset_event_from_classic', 'read_dataset_event' retrieved from /home/airflow/.local/lib/python3.12/site-packages/airflow/example_dags/example_inlet_event_extra.py
[2024-11-18T03:12:47.495+0000] {logging_mixin.py:190} INFO - [2024-11-18T03:12:47.494+0000] {dag.py:3229} INFO - Sync 2 DAGs
[2024-11-18T03:12:47.787+0000] {logging_mixin.py:190} INFO - [2024-11-18T03:12:47.787+0000] {dag.py:4156} INFO - Setting next_dagrun for read_dataset_event to 2024-11-17 00:00:00+00:00, run_after=2024-11-18 00:00:00+00:00
[2024-11-18T03:12:47.912+0000] {logging_mixin.py:190} INFO - [2024-11-18T03:12:47.912+0000] {dag.py:4156} INFO - Setting next_dagrun for read_dataset_event_from_classic to 2024-11-17 00:00:00+00:00, run_after=2024-11-18 00:00:00+00:00
[2024-11-18T03:12:49.101+0000] {processor.py:208} INFO - Processing /home/airflow/.local/lib/python3.12/site-packages/airflow/example_dags/example_inlet_event_extra.py took 2.801 seconds
[2024-11-18T03:13:19.619+0000] {processor.py:186} INFO - Started process (PID=2223) to work on /home/airflow/.local/lib/python3.12/site-packages/airflow/example_dags/example_inlet_event_extra.py
[2024-11-18T03:13:19.649+0000] {processor.py:914} INFO - Processing file /home/airflow/.local/lib/python3.12/site-packages/airflow/example_dags/example_inlet_event_extra.py for tasks to queue
[2024-11-18T03:13:19.671+0000] {logging_mixin.py:190} INFO - [2024-11-18T03:13:19.671+0000] {dagbag.py:587} INFO - Filling up the DagBag from /home/airflow/.local/lib/python3.12/site-packages/airflow/example_dags/example_inlet_event_extra.py
[2024-11-18T03:13:21.636+0000] {processor.py:925} INFO - DAG(s) 'read_dataset_event', 'read_dataset_event_from_classic' retrieved from /home/airflow/.local/lib/python3.12/site-packages/airflow/example_dags/example_inlet_event_extra.py
[2024-11-18T03:13:21.810+0000] {logging_mixin.py:190} INFO - [2024-11-18T03:13:21.810+0000] {dag.py:3229} INFO - Sync 2 DAGs
[2024-11-18T03:13:22.002+0000] {logging_mixin.py:190} INFO - [2024-11-18T03:13:22.000+0000] {dag.py:4156} INFO - Setting next_dagrun for read_dataset_event to 2024-11-17 00:00:00+00:00, run_after=2024-11-18 00:00:00+00:00
[2024-11-18T03:13:22.022+0000] {logging_mixin.py:190} INFO - [2024-11-18T03:13:22.020+0000] {dag.py:4156} INFO - Setting next_dagrun for read_dataset_event_from_classic to 2024-11-17 00:00:00+00:00, run_after=2024-11-18 00:00:00+00:00
[2024-11-18T03:13:22.110+0000] {processor.py:208} INFO - Processing /home/airflow/.local/lib/python3.12/site-packages/airflow/example_dags/example_inlet_event_extra.py took 2.540 seconds
[2024-11-18T03:13:52.881+0000] {processor.py:186} INFO - Started process (PID=2286) to work on /home/airflow/.local/lib/python3.12/site-packages/airflow/example_dags/example_inlet_event_extra.py
[2024-11-18T03:13:52.885+0000] {processor.py:914} INFO - Processing file /home/airflow/.local/lib/python3.12/site-packages/airflow/example_dags/example_inlet_event_extra.py for tasks to queue
[2024-11-18T03:13:52.897+0000] {logging_mixin.py:190} INFO - [2024-11-18T03:13:52.895+0000] {dagbag.py:587} INFO - Filling up the DagBag from /home/airflow/.local/lib/python3.12/site-packages/airflow/example_dags/example_inlet_event_extra.py
[2024-11-18T03:13:53.854+0000] {processor.py:925} INFO - DAG(s) 'read_dataset_event', 'read_dataset_event_from_classic' retrieved from /home/airflow/.local/lib/python3.12/site-packages/airflow/example_dags/example_inlet_event_extra.py
[2024-11-18T03:13:54.067+0000] {logging_mixin.py:190} INFO - [2024-11-18T03:13:54.067+0000] {dag.py:3229} INFO - Sync 2 DAGs
[2024-11-18T03:13:54.203+0000] {logging_mixin.py:190} INFO - [2024-11-18T03:13:54.203+0000] {dag.py:4156} INFO - Setting next_dagrun for read_dataset_event to 2024-11-17 00:00:00+00:00, run_after=2024-11-18 00:00:00+00:00
[2024-11-18T03:13:54.225+0000] {logging_mixin.py:190} INFO - [2024-11-18T03:13:54.225+0000] {dag.py:4156} INFO - Setting next_dagrun for read_dataset_event_from_classic to 2024-11-17 00:00:00+00:00, run_after=2024-11-18 00:00:00+00:00
[2024-11-18T03:13:54.361+0000] {processor.py:208} INFO - Processing /home/airflow/.local/lib/python3.12/site-packages/airflow/example_dags/example_inlet_event_extra.py took 1.524 seconds
[2024-11-18T03:14:26.945+0000] {processor.py:186} INFO - Started process (PID=2351) to work on /home/airflow/.local/lib/python3.12/site-packages/airflow/example_dags/example_inlet_event_extra.py
[2024-11-18T03:14:26.963+0000] {processor.py:914} INFO - Processing file /home/airflow/.local/lib/python3.12/site-packages/airflow/example_dags/example_inlet_event_extra.py for tasks to queue
[2024-11-18T03:14:26.979+0000] {logging_mixin.py:190} INFO - [2024-11-18T03:14:26.977+0000] {dagbag.py:587} INFO - Filling up the DagBag from /home/airflow/.local/lib/python3.12/site-packages/airflow/example_dags/example_inlet_event_extra.py
[2024-11-18T03:14:28.404+0000] {processor.py:925} INFO - DAG(s) 'read_dataset_event', 'read_dataset_event_from_classic' retrieved from /home/airflow/.local/lib/python3.12/site-packages/airflow/example_dags/example_inlet_event_extra.py
[2024-11-18T03:14:29.721+0000] {logging_mixin.py:190} INFO - [2024-11-18T03:14:29.721+0000] {dag.py:3229} INFO - Sync 2 DAGs
[2024-11-18T03:14:29.882+0000] {logging_mixin.py:190} INFO - [2024-11-18T03:14:29.882+0000] {dag.py:4156} INFO - Setting next_dagrun for read_dataset_event to 2024-11-17 00:00:00+00:00, run_after=2024-11-18 00:00:00+00:00
[2024-11-18T03:14:29.898+0000] {logging_mixin.py:190} INFO - [2024-11-18T03:14:29.896+0000] {dag.py:4156} INFO - Setting next_dagrun for read_dataset_event_from_classic to 2024-11-17 00:00:00+00:00, run_after=2024-11-18 00:00:00+00:00
[2024-11-18T03:14:29.948+0000] {processor.py:208} INFO - Processing /home/airflow/.local/lib/python3.12/site-packages/airflow/example_dags/example_inlet_event_extra.py took 3.080 seconds
[2024-11-18T03:15:01.381+0000] {processor.py:186} INFO - Started process (PID=2422) to work on /home/airflow/.local/lib/python3.12/site-packages/airflow/example_dags/example_inlet_event_extra.py
[2024-11-18T03:15:01.433+0000] {processor.py:914} INFO - Processing file /home/airflow/.local/lib/python3.12/site-packages/airflow/example_dags/example_inlet_event_extra.py for tasks to queue
[2024-11-18T03:15:01.477+0000] {logging_mixin.py:190} INFO - [2024-11-18T03:15:01.477+0000] {dagbag.py:587} INFO - Filling up the DagBag from /home/airflow/.local/lib/python3.12/site-packages/airflow/example_dags/example_inlet_event_extra.py
[2024-11-18T03:15:02.264+0000] {processor.py:925} INFO - DAG(s) 'read_dataset_event_from_classic', 'read_dataset_event' retrieved from /home/airflow/.local/lib/python3.12/site-packages/airflow/example_dags/example_inlet_event_extra.py
[2024-11-18T03:15:02.339+0000] {logging_mixin.py:190} INFO - [2024-11-18T03:15:02.339+0000] {dag.py:3229} INFO - Sync 2 DAGs
[2024-11-18T03:15:04.437+0000] {logging_mixin.py:190} INFO - [2024-11-18T03:15:04.433+0000] {dag.py:4156} INFO - Setting next_dagrun for read_dataset_event to 2024-11-17 00:00:00+00:00, run_after=2024-11-18 00:00:00+00:00
[2024-11-18T03:15:04.481+0000] {logging_mixin.py:190} INFO - [2024-11-18T03:15:04.481+0000] {dag.py:4156} INFO - Setting next_dagrun for read_dataset_event_from_classic to 2024-11-17 00:00:00+00:00, run_after=2024-11-18 00:00:00+00:00
[2024-11-18T03:15:04.751+0000] {processor.py:208} INFO - Processing /home/airflow/.local/lib/python3.12/site-packages/airflow/example_dags/example_inlet_event_extra.py took 3.495 seconds
[2024-11-18T03:15:35.343+0000] {processor.py:186} INFO - Started process (PID=2484) to work on /home/airflow/.local/lib/python3.12/site-packages/airflow/example_dags/example_inlet_event_extra.py
[2024-11-18T03:15:35.465+0000] {processor.py:914} INFO - Processing file /home/airflow/.local/lib/python3.12/site-packages/airflow/example_dags/example_inlet_event_extra.py for tasks to queue
[2024-11-18T03:15:35.502+0000] {logging_mixin.py:190} INFO - [2024-11-18T03:15:35.495+0000] {dagbag.py:587} INFO - Filling up the DagBag from /home/airflow/.local/lib/python3.12/site-packages/airflow/example_dags/example_inlet_event_extra.py
[2024-11-18T03:15:36.042+0000] {processor.py:925} INFO - DAG(s) 'read_dataset_event', 'read_dataset_event_from_classic' retrieved from /home/airflow/.local/lib/python3.12/site-packages/airflow/example_dags/example_inlet_event_extra.py
[2024-11-18T03:15:36.069+0000] {logging_mixin.py:190} INFO - [2024-11-18T03:15:36.069+0000] {dag.py:3229} INFO - Sync 2 DAGs
[2024-11-18T03:15:37.072+0000] {logging_mixin.py:190} INFO - [2024-11-18T03:15:37.071+0000] {dag.py:4156} INFO - Setting next_dagrun for read_dataset_event to 2024-11-17 00:00:00+00:00, run_after=2024-11-18 00:00:00+00:00
[2024-11-18T03:15:37.158+0000] {logging_mixin.py:190} INFO - [2024-11-18T03:15:37.155+0000] {dag.py:4156} INFO - Setting next_dagrun for read_dataset_event_from_classic to 2024-11-17 00:00:00+00:00, run_after=2024-11-18 00:00:00+00:00
[2024-11-18T03:15:37.226+0000] {processor.py:208} INFO - Processing /home/airflow/.local/lib/python3.12/site-packages/airflow/example_dags/example_inlet_event_extra.py took 1.918 seconds
[2024-11-18T03:16:08.093+0000] {processor.py:186} INFO - Started process (PID=2547) to work on /home/airflow/.local/lib/python3.12/site-packages/airflow/example_dags/example_inlet_event_extra.py
[2024-11-18T03:16:08.155+0000] {processor.py:914} INFO - Processing file /home/airflow/.local/lib/python3.12/site-packages/airflow/example_dags/example_inlet_event_extra.py for tasks to queue
[2024-11-18T03:16:08.176+0000] {logging_mixin.py:190} INFO - [2024-11-18T03:16:08.176+0000] {dagbag.py:587} INFO - Filling up the DagBag from /home/airflow/.local/lib/python3.12/site-packages/airflow/example_dags/example_inlet_event_extra.py
[2024-11-18T03:16:10.953+0000] {processor.py:925} INFO - DAG(s) 'read_dataset_event', 'read_dataset_event_from_classic' retrieved from /home/airflow/.local/lib/python3.12/site-packages/airflow/example_dags/example_inlet_event_extra.py
[2024-11-18T03:16:11.070+0000] {logging_mixin.py:190} INFO - [2024-11-18T03:16:11.070+0000] {dag.py:3229} INFO - Sync 2 DAGs
[2024-11-18T03:16:11.349+0000] {logging_mixin.py:190} INFO - [2024-11-18T03:16:11.344+0000] {dag.py:4156} INFO - Setting next_dagrun for read_dataset_event to 2024-11-17 00:00:00+00:00, run_after=2024-11-18 00:00:00+00:00
[2024-11-18T03:16:11.399+0000] {logging_mixin.py:190} INFO - [2024-11-18T03:16:11.399+0000] {dag.py:4156} INFO - Setting next_dagrun for read_dataset_event_from_classic to 2024-11-17 00:00:00+00:00, run_after=2024-11-18 00:00:00+00:00
[2024-11-18T03:16:11.608+0000] {processor.py:208} INFO - Processing /home/airflow/.local/lib/python3.12/site-packages/airflow/example_dags/example_inlet_event_extra.py took 3.547 seconds
[2024-11-18T03:16:43.371+0000] {processor.py:186} INFO - Started process (PID=2610) to work on /home/airflow/.local/lib/python3.12/site-packages/airflow/example_dags/example_inlet_event_extra.py
[2024-11-18T03:16:43.417+0000] {processor.py:914} INFO - Processing file /home/airflow/.local/lib/python3.12/site-packages/airflow/example_dags/example_inlet_event_extra.py for tasks to queue
[2024-11-18T03:16:43.433+0000] {logging_mixin.py:190} INFO - [2024-11-18T03:16:43.433+0000] {dagbag.py:587} INFO - Filling up the DagBag from /home/airflow/.local/lib/python3.12/site-packages/airflow/example_dags/example_inlet_event_extra.py
[2024-11-18T03:16:45.647+0000] {processor.py:925} INFO - DAG(s) 'read_dataset_event_from_classic', 'read_dataset_event' retrieved from /home/airflow/.local/lib/python3.12/site-packages/airflow/example_dags/example_inlet_event_extra.py
[2024-11-18T03:16:45.713+0000] {logging_mixin.py:190} INFO - [2024-11-18T03:16:45.713+0000] {dag.py:3229} INFO - Sync 2 DAGs
[2024-11-18T03:16:45.856+0000] {logging_mixin.py:190} INFO - [2024-11-18T03:16:45.856+0000] {dag.py:4156} INFO - Setting next_dagrun for read_dataset_event to 2024-11-17 00:00:00+00:00, run_after=2024-11-18 00:00:00+00:00
[2024-11-18T03:16:45.863+0000] {logging_mixin.py:190} INFO - [2024-11-18T03:16:45.862+0000] {dag.py:4156} INFO - Setting next_dagrun for read_dataset_event_from_classic to 2024-11-17 00:00:00+00:00, run_after=2024-11-18 00:00:00+00:00
[2024-11-18T03:16:45.887+0000] {processor.py:208} INFO - Processing /home/airflow/.local/lib/python3.12/site-packages/airflow/example_dags/example_inlet_event_extra.py took 2.563 seconds
