[2024-11-18T02:55:42.249+0000] {processor.py:186} INFO - Started process (PID=99) to work on /home/airflow/.local/lib/python3.12/site-packages/airflow/example_dags/example_external_task_marker_dag.py
[2024-11-18T02:55:42.254+0000] {processor.py:914} INFO - Processing file /home/airflow/.local/lib/python3.12/site-packages/airflow/example_dags/example_external_task_marker_dag.py for tasks to queue
[2024-11-18T02:55:42.283+0000] {logging_mixin.py:190} INFO - [2024-11-18T02:55:42.270+0000] {dagbag.py:587} INFO - Filling up the DagBag from /home/airflow/.local/lib/python3.12/site-packages/airflow/example_dags/example_external_task_marker_dag.py
[2024-11-18T02:55:42.360+0000] {processor.py:925} INFO - DAG(s) 'example_external_task_marker_parent', 'example_external_task_marker_child' retrieved from /home/airflow/.local/lib/python3.12/site-packages/airflow/example_dags/example_external_task_marker_dag.py
[2024-11-18T02:55:42.530+0000] {logging_mixin.py:190} INFO - [2024-11-18T02:55:42.530+0000] {dag.py:3229} INFO - Sync 2 DAGs
[2024-11-18T02:55:42.630+0000] {logging_mixin.py:190} INFO - [2024-11-18T02:55:42.630+0000] {dag.py:4156} INFO - Setting next_dagrun for example_external_task_marker_child to None, run_after=None
[2024-11-18T02:55:42.652+0000] {logging_mixin.py:190} INFO - [2024-11-18T02:55:42.652+0000] {dag.py:4156} INFO - Setting next_dagrun for example_external_task_marker_parent to None, run_after=None
[2024-11-18T02:55:42.753+0000] {processor.py:208} INFO - Processing /home/airflow/.local/lib/python3.12/site-packages/airflow/example_dags/example_external_task_marker_dag.py took 0.547 seconds
[2024-11-18T02:56:13.581+0000] {processor.py:186} INFO - Started process (PID=161) to work on /home/airflow/.local/lib/python3.12/site-packages/airflow/example_dags/example_external_task_marker_dag.py
[2024-11-18T02:56:13.584+0000] {processor.py:914} INFO - Processing file /home/airflow/.local/lib/python3.12/site-packages/airflow/example_dags/example_external_task_marker_dag.py for tasks to queue
[2024-11-18T02:56:13.599+0000] {logging_mixin.py:190} INFO - [2024-11-18T02:56:13.593+0000] {dagbag.py:587} INFO - Filling up the DagBag from /home/airflow/.local/lib/python3.12/site-packages/airflow/example_dags/example_external_task_marker_dag.py
[2024-11-18T02:56:13.648+0000] {processor.py:925} INFO - DAG(s) 'example_external_task_marker_child', 'example_external_task_marker_parent' retrieved from /home/airflow/.local/lib/python3.12/site-packages/airflow/example_dags/example_external_task_marker_dag.py
[2024-11-18T02:56:13.774+0000] {logging_mixin.py:190} INFO - [2024-11-18T02:56:13.774+0000] {dag.py:3229} INFO - Sync 2 DAGs
[2024-11-18T02:56:13.862+0000] {logging_mixin.py:190} INFO - [2024-11-18T02:56:13.862+0000] {dag.py:4156} INFO - Setting next_dagrun for example_external_task_marker_child to None, run_after=None
[2024-11-18T02:56:13.883+0000] {logging_mixin.py:190} INFO - [2024-11-18T02:56:13.883+0000] {dag.py:4156} INFO - Setting next_dagrun for example_external_task_marker_parent to None, run_after=None
[2024-11-18T02:56:13.990+0000] {processor.py:208} INFO - Processing /home/airflow/.local/lib/python3.12/site-packages/airflow/example_dags/example_external_task_marker_dag.py took 0.451 seconds
[2024-11-18T02:56:44.772+0000] {processor.py:186} INFO - Started process (PID=223) to work on /home/airflow/.local/lib/python3.12/site-packages/airflow/example_dags/example_external_task_marker_dag.py
[2024-11-18T02:56:44.776+0000] {processor.py:914} INFO - Processing file /home/airflow/.local/lib/python3.12/site-packages/airflow/example_dags/example_external_task_marker_dag.py for tasks to queue
[2024-11-18T02:56:44.780+0000] {logging_mixin.py:190} INFO - [2024-11-18T02:56:44.780+0000] {dagbag.py:587} INFO - Filling up the DagBag from /home/airflow/.local/lib/python3.12/site-packages/airflow/example_dags/example_external_task_marker_dag.py
[2024-11-18T02:56:44.797+0000] {processor.py:925} INFO - DAG(s) 'example_external_task_marker_child', 'example_external_task_marker_parent' retrieved from /home/airflow/.local/lib/python3.12/site-packages/airflow/example_dags/example_external_task_marker_dag.py
[2024-11-18T02:56:44.843+0000] {logging_mixin.py:190} INFO - [2024-11-18T02:56:44.843+0000] {dag.py:3229} INFO - Sync 2 DAGs
[2024-11-18T02:56:44.876+0000] {logging_mixin.py:190} INFO - [2024-11-18T02:56:44.875+0000] {dag.py:4156} INFO - Setting next_dagrun for example_external_task_marker_child to None, run_after=None
[2024-11-18T02:56:44.882+0000] {logging_mixin.py:190} INFO - [2024-11-18T02:56:44.882+0000] {dag.py:4156} INFO - Setting next_dagrun for example_external_task_marker_parent to None, run_after=None
[2024-11-18T02:56:44.914+0000] {processor.py:208} INFO - Processing /home/airflow/.local/lib/python3.12/site-packages/airflow/example_dags/example_external_task_marker_dag.py took 0.162 seconds
[2024-11-18T02:57:15.220+0000] {processor.py:186} INFO - Started process (PID=284) to work on /home/airflow/.local/lib/python3.12/site-packages/airflow/example_dags/example_external_task_marker_dag.py
[2024-11-18T02:57:15.222+0000] {processor.py:914} INFO - Processing file /home/airflow/.local/lib/python3.12/site-packages/airflow/example_dags/example_external_task_marker_dag.py for tasks to queue
[2024-11-18T02:57:15.226+0000] {logging_mixin.py:190} INFO - [2024-11-18T02:57:15.226+0000] {dagbag.py:587} INFO - Filling up the DagBag from /home/airflow/.local/lib/python3.12/site-packages/airflow/example_dags/example_external_task_marker_dag.py
[2024-11-18T02:57:15.249+0000] {processor.py:925} INFO - DAG(s) 'example_external_task_marker_parent', 'example_external_task_marker_child' retrieved from /home/airflow/.local/lib/python3.12/site-packages/airflow/example_dags/example_external_task_marker_dag.py
[2024-11-18T02:57:15.294+0000] {logging_mixin.py:190} INFO - [2024-11-18T02:57:15.294+0000] {dag.py:3229} INFO - Sync 2 DAGs
[2024-11-18T02:57:15.324+0000] {logging_mixin.py:190} INFO - [2024-11-18T02:57:15.324+0000] {dag.py:4156} INFO - Setting next_dagrun for example_external_task_marker_child to None, run_after=None
[2024-11-18T02:57:15.332+0000] {logging_mixin.py:190} INFO - [2024-11-18T02:57:15.332+0000] {dag.py:4156} INFO - Setting next_dagrun for example_external_task_marker_parent to None, run_after=None
[2024-11-18T02:57:15.362+0000] {processor.py:208} INFO - Processing /home/airflow/.local/lib/python3.12/site-packages/airflow/example_dags/example_external_task_marker_dag.py took 0.156 seconds
[2024-11-18T02:57:45.430+0000] {processor.py:186} INFO - Started process (PID=345) to work on /home/airflow/.local/lib/python3.12/site-packages/airflow/example_dags/example_external_task_marker_dag.py
[2024-11-18T02:57:45.432+0000] {processor.py:914} INFO - Processing file /home/airflow/.local/lib/python3.12/site-packages/airflow/example_dags/example_external_task_marker_dag.py for tasks to queue
[2024-11-18T02:57:45.434+0000] {logging_mixin.py:190} INFO - [2024-11-18T02:57:45.434+0000] {dagbag.py:587} INFO - Filling up the DagBag from /home/airflow/.local/lib/python3.12/site-packages/airflow/example_dags/example_external_task_marker_dag.py
[2024-11-18T02:57:45.441+0000] {processor.py:925} INFO - DAG(s) 'example_external_task_marker_child', 'example_external_task_marker_parent' retrieved from /home/airflow/.local/lib/python3.12/site-packages/airflow/example_dags/example_external_task_marker_dag.py
[2024-11-18T02:57:45.462+0000] {logging_mixin.py:190} INFO - [2024-11-18T02:57:45.462+0000] {dag.py:3229} INFO - Sync 2 DAGs
[2024-11-18T02:57:45.476+0000] {logging_mixin.py:190} INFO - [2024-11-18T02:57:45.476+0000] {dag.py:4156} INFO - Setting next_dagrun for example_external_task_marker_child to None, run_after=None
[2024-11-18T02:57:45.479+0000] {logging_mixin.py:190} INFO - [2024-11-18T02:57:45.479+0000] {dag.py:4156} INFO - Setting next_dagrun for example_external_task_marker_parent to None, run_after=None
[2024-11-18T02:57:45.493+0000] {processor.py:208} INFO - Processing /home/airflow/.local/lib/python3.12/site-packages/airflow/example_dags/example_external_task_marker_dag.py took 0.069 seconds
[2024-11-18T02:58:15.627+0000] {processor.py:186} INFO - Started process (PID=407) to work on /home/airflow/.local/lib/python3.12/site-packages/airflow/example_dags/example_external_task_marker_dag.py
[2024-11-18T02:58:15.628+0000] {processor.py:914} INFO - Processing file /home/airflow/.local/lib/python3.12/site-packages/airflow/example_dags/example_external_task_marker_dag.py for tasks to queue
[2024-11-18T02:58:15.630+0000] {logging_mixin.py:190} INFO - [2024-11-18T02:58:15.630+0000] {dagbag.py:587} INFO - Filling up the DagBag from /home/airflow/.local/lib/python3.12/site-packages/airflow/example_dags/example_external_task_marker_dag.py
[2024-11-18T02:58:15.639+0000] {processor.py:925} INFO - DAG(s) 'example_external_task_marker_parent', 'example_external_task_marker_child' retrieved from /home/airflow/.local/lib/python3.12/site-packages/airflow/example_dags/example_external_task_marker_dag.py
[2024-11-18T02:58:15.662+0000] {logging_mixin.py:190} INFO - [2024-11-18T02:58:15.662+0000] {dag.py:3229} INFO - Sync 2 DAGs
[2024-11-18T02:58:15.677+0000] {logging_mixin.py:190} INFO - [2024-11-18T02:58:15.676+0000] {dag.py:4156} INFO - Setting next_dagrun for example_external_task_marker_child to None, run_after=None
[2024-11-18T02:58:15.680+0000] {logging_mixin.py:190} INFO - [2024-11-18T02:58:15.680+0000] {dag.py:4156} INFO - Setting next_dagrun for example_external_task_marker_parent to None, run_after=None
[2024-11-18T02:58:15.694+0000] {processor.py:208} INFO - Processing /home/airflow/.local/lib/python3.12/site-packages/airflow/example_dags/example_external_task_marker_dag.py took 0.073 seconds
[2024-11-18T02:58:46.493+0000] {processor.py:186} INFO - Started process (PID=471) to work on /home/airflow/.local/lib/python3.12/site-packages/airflow/example_dags/example_external_task_marker_dag.py
[2024-11-18T02:58:46.498+0000] {processor.py:914} INFO - Processing file /home/airflow/.local/lib/python3.12/site-packages/airflow/example_dags/example_external_task_marker_dag.py for tasks to queue
[2024-11-18T02:58:46.510+0000] {logging_mixin.py:190} INFO - [2024-11-18T02:58:46.510+0000] {dagbag.py:587} INFO - Filling up the DagBag from /home/airflow/.local/lib/python3.12/site-packages/airflow/example_dags/example_external_task_marker_dag.py
[2024-11-18T02:58:46.554+0000] {processor.py:925} INFO - DAG(s) 'example_external_task_marker_parent', 'example_external_task_marker_child' retrieved from /home/airflow/.local/lib/python3.12/site-packages/airflow/example_dags/example_external_task_marker_dag.py
[2024-11-18T02:58:46.689+0000] {logging_mixin.py:190} INFO - [2024-11-18T02:58:46.689+0000] {dag.py:3229} INFO - Sync 2 DAGs
[2024-11-18T02:58:46.824+0000] {logging_mixin.py:190} INFO - [2024-11-18T02:58:46.812+0000] {dag.py:4156} INFO - Setting next_dagrun for example_external_task_marker_child to None, run_after=None
[2024-11-18T02:58:46.854+0000] {logging_mixin.py:190} INFO - [2024-11-18T02:58:46.854+0000] {dag.py:4156} INFO - Setting next_dagrun for example_external_task_marker_parent to None, run_after=None
[2024-11-18T02:58:46.951+0000] {processor.py:208} INFO - Processing /home/airflow/.local/lib/python3.12/site-packages/airflow/example_dags/example_external_task_marker_dag.py took 0.503 seconds
[2024-11-18T02:59:17.601+0000] {processor.py:186} INFO - Started process (PID=533) to work on /home/airflow/.local/lib/python3.12/site-packages/airflow/example_dags/example_external_task_marker_dag.py
[2024-11-18T02:59:17.603+0000] {processor.py:914} INFO - Processing file /home/airflow/.local/lib/python3.12/site-packages/airflow/example_dags/example_external_task_marker_dag.py for tasks to queue
[2024-11-18T02:59:17.608+0000] {logging_mixin.py:190} INFO - [2024-11-18T02:59:17.608+0000] {dagbag.py:587} INFO - Filling up the DagBag from /home/airflow/.local/lib/python3.12/site-packages/airflow/example_dags/example_external_task_marker_dag.py
[2024-11-18T02:59:17.634+0000] {processor.py:925} INFO - DAG(s) 'example_external_task_marker_parent', 'example_external_task_marker_child' retrieved from /home/airflow/.local/lib/python3.12/site-packages/airflow/example_dags/example_external_task_marker_dag.py
[2024-11-18T02:59:17.679+0000] {logging_mixin.py:190} INFO - [2024-11-18T02:59:17.677+0000] {dag.py:3229} INFO - Sync 2 DAGs
[2024-11-18T02:59:17.708+0000] {logging_mixin.py:190} INFO - [2024-11-18T02:59:17.706+0000] {dag.py:4156} INFO - Setting next_dagrun for example_external_task_marker_child to None, run_after=None
[2024-11-18T02:59:17.713+0000] {logging_mixin.py:190} INFO - [2024-11-18T02:59:17.713+0000] {dag.py:4156} INFO - Setting next_dagrun for example_external_task_marker_parent to None, run_after=None
[2024-11-18T02:59:17.746+0000] {processor.py:208} INFO - Processing /home/airflow/.local/lib/python3.12/site-packages/airflow/example_dags/example_external_task_marker_dag.py took 0.158 seconds
[2024-11-18T02:59:48.708+0000] {processor.py:186} INFO - Started process (PID=594) to work on /home/airflow/.local/lib/python3.12/site-packages/airflow/example_dags/example_external_task_marker_dag.py
[2024-11-18T02:59:48.709+0000] {processor.py:914} INFO - Processing file /home/airflow/.local/lib/python3.12/site-packages/airflow/example_dags/example_external_task_marker_dag.py for tasks to queue
[2024-11-18T02:59:48.714+0000] {logging_mixin.py:190} INFO - [2024-11-18T02:59:48.714+0000] {dagbag.py:587} INFO - Filling up the DagBag from /home/airflow/.local/lib/python3.12/site-packages/airflow/example_dags/example_external_task_marker_dag.py
[2024-11-18T02:59:48.736+0000] {processor.py:925} INFO - DAG(s) 'example_external_task_marker_child', 'example_external_task_marker_parent' retrieved from /home/airflow/.local/lib/python3.12/site-packages/airflow/example_dags/example_external_task_marker_dag.py
[2024-11-18T02:59:48.778+0000] {logging_mixin.py:190} INFO - [2024-11-18T02:59:48.778+0000] {dag.py:3229} INFO - Sync 2 DAGs
[2024-11-18T02:59:48.805+0000] {logging_mixin.py:190} INFO - [2024-11-18T02:59:48.805+0000] {dag.py:4156} INFO - Setting next_dagrun for example_external_task_marker_child to None, run_after=None
[2024-11-18T02:59:48.812+0000] {logging_mixin.py:190} INFO - [2024-11-18T02:59:48.812+0000] {dag.py:4156} INFO - Setting next_dagrun for example_external_task_marker_parent to None, run_after=None
[2024-11-18T02:59:48.841+0000] {processor.py:208} INFO - Processing /home/airflow/.local/lib/python3.12/site-packages/airflow/example_dags/example_external_task_marker_dag.py took 0.146 seconds
[2024-11-18T03:00:19.656+0000] {processor.py:186} INFO - Started process (PID=662) to work on /home/airflow/.local/lib/python3.12/site-packages/airflow/example_dags/example_external_task_marker_dag.py
[2024-11-18T03:00:19.658+0000] {processor.py:914} INFO - Processing file /home/airflow/.local/lib/python3.12/site-packages/airflow/example_dags/example_external_task_marker_dag.py for tasks to queue
[2024-11-18T03:00:19.662+0000] {logging_mixin.py:190} INFO - [2024-11-18T03:00:19.662+0000] {dagbag.py:587} INFO - Filling up the DagBag from /home/airflow/.local/lib/python3.12/site-packages/airflow/example_dags/example_external_task_marker_dag.py
[2024-11-18T03:00:19.680+0000] {processor.py:925} INFO - DAG(s) 'example_external_task_marker_parent', 'example_external_task_marker_child' retrieved from /home/airflow/.local/lib/python3.12/site-packages/airflow/example_dags/example_external_task_marker_dag.py
[2024-11-18T03:00:19.726+0000] {logging_mixin.py:190} INFO - [2024-11-18T03:00:19.726+0000] {dag.py:3229} INFO - Sync 2 DAGs
[2024-11-18T03:00:19.753+0000] {logging_mixin.py:190} INFO - [2024-11-18T03:00:19.753+0000] {dag.py:4156} INFO - Setting next_dagrun for example_external_task_marker_child to None, run_after=None
[2024-11-18T03:00:19.762+0000] {logging_mixin.py:190} INFO - [2024-11-18T03:00:19.762+0000] {dag.py:4156} INFO - Setting next_dagrun for example_external_task_marker_parent to None, run_after=None
[2024-11-18T03:00:19.795+0000] {processor.py:208} INFO - Processing /home/airflow/.local/lib/python3.12/site-packages/airflow/example_dags/example_external_task_marker_dag.py took 0.156 seconds
[2024-11-18T03:00:50.525+0000] {processor.py:186} INFO - Started process (PID=725) to work on /home/airflow/.local/lib/python3.12/site-packages/airflow/example_dags/example_external_task_marker_dag.py
[2024-11-18T03:00:50.528+0000] {processor.py:914} INFO - Processing file /home/airflow/.local/lib/python3.12/site-packages/airflow/example_dags/example_external_task_marker_dag.py for tasks to queue
[2024-11-18T03:00:50.534+0000] {logging_mixin.py:190} INFO - [2024-11-18T03:00:50.533+0000] {dagbag.py:587} INFO - Filling up the DagBag from /home/airflow/.local/lib/python3.12/site-packages/airflow/example_dags/example_external_task_marker_dag.py
[2024-11-18T03:00:50.560+0000] {processor.py:925} INFO - DAG(s) 'example_external_task_marker_parent', 'example_external_task_marker_child' retrieved from /home/airflow/.local/lib/python3.12/site-packages/airflow/example_dags/example_external_task_marker_dag.py
[2024-11-18T03:00:50.608+0000] {logging_mixin.py:190} INFO - [2024-11-18T03:00:50.608+0000] {dag.py:3229} INFO - Sync 2 DAGs
[2024-11-18T03:00:50.638+0000] {logging_mixin.py:190} INFO - [2024-11-18T03:00:50.638+0000] {dag.py:4156} INFO - Setting next_dagrun for example_external_task_marker_child to None, run_after=None
[2024-11-18T03:00:50.646+0000] {logging_mixin.py:190} INFO - [2024-11-18T03:00:50.646+0000] {dag.py:4156} INFO - Setting next_dagrun for example_external_task_marker_parent to None, run_after=None
[2024-11-18T03:00:50.678+0000] {processor.py:208} INFO - Processing /home/airflow/.local/lib/python3.12/site-packages/airflow/example_dags/example_external_task_marker_dag.py took 0.169 seconds
[2024-11-18T03:01:21.441+0000] {processor.py:186} INFO - Started process (PID=787) to work on /home/airflow/.local/lib/python3.12/site-packages/airflow/example_dags/example_external_task_marker_dag.py
[2024-11-18T03:01:21.441+0000] {processor.py:914} INFO - Processing file /home/airflow/.local/lib/python3.12/site-packages/airflow/example_dags/example_external_task_marker_dag.py for tasks to queue
[2024-11-18T03:01:21.460+0000] {logging_mixin.py:190} INFO - [2024-11-18T03:01:21.460+0000] {dagbag.py:587} INFO - Filling up the DagBag from /home/airflow/.local/lib/python3.12/site-packages/airflow/example_dags/example_external_task_marker_dag.py
[2024-11-18T03:01:21.509+0000] {processor.py:925} INFO - DAG(s) 'example_external_task_marker_child', 'example_external_task_marker_parent' retrieved from /home/airflow/.local/lib/python3.12/site-packages/airflow/example_dags/example_external_task_marker_dag.py
[2024-11-18T03:01:21.662+0000] {logging_mixin.py:190} INFO - [2024-11-18T03:01:21.662+0000] {dag.py:3229} INFO - Sync 2 DAGs
[2024-11-18T03:01:21.755+0000] {logging_mixin.py:190} INFO - [2024-11-18T03:01:21.755+0000] {dag.py:4156} INFO - Setting next_dagrun for example_external_task_marker_child to None, run_after=None
[2024-11-18T03:01:21.779+0000] {logging_mixin.py:190} INFO - [2024-11-18T03:01:21.779+0000] {dag.py:4156} INFO - Setting next_dagrun for example_external_task_marker_parent to None, run_after=None
[2024-11-18T03:01:21.884+0000] {processor.py:208} INFO - Processing /home/airflow/.local/lib/python3.12/site-packages/airflow/example_dags/example_external_task_marker_dag.py took 0.486 seconds
[2024-11-18T03:01:52.033+0000] {processor.py:186} INFO - Started process (PID=848) to work on /home/airflow/.local/lib/python3.12/site-packages/airflow/example_dags/example_external_task_marker_dag.py
[2024-11-18T03:01:52.035+0000] {processor.py:914} INFO - Processing file /home/airflow/.local/lib/python3.12/site-packages/airflow/example_dags/example_external_task_marker_dag.py for tasks to queue
[2024-11-18T03:01:52.041+0000] {logging_mixin.py:190} INFO - [2024-11-18T03:01:52.041+0000] {dagbag.py:587} INFO - Filling up the DagBag from /home/airflow/.local/lib/python3.12/site-packages/airflow/example_dags/example_external_task_marker_dag.py
[2024-11-18T03:01:52.059+0000] {processor.py:925} INFO - DAG(s) 'example_external_task_marker_child', 'example_external_task_marker_parent' retrieved from /home/airflow/.local/lib/python3.12/site-packages/airflow/example_dags/example_external_task_marker_dag.py
[2024-11-18T03:01:52.105+0000] {logging_mixin.py:190} INFO - [2024-11-18T03:01:52.105+0000] {dag.py:3229} INFO - Sync 2 DAGs
[2024-11-18T03:01:52.141+0000] {logging_mixin.py:190} INFO - [2024-11-18T03:01:52.141+0000] {dag.py:4156} INFO - Setting next_dagrun for example_external_task_marker_child to None, run_after=None
[2024-11-18T03:01:52.149+0000] {logging_mixin.py:190} INFO - [2024-11-18T03:01:52.149+0000] {dag.py:4156} INFO - Setting next_dagrun for example_external_task_marker_parent to None, run_after=None
[2024-11-18T03:01:52.178+0000] {processor.py:208} INFO - Processing /home/airflow/.local/lib/python3.12/site-packages/airflow/example_dags/example_external_task_marker_dag.py took 0.159 seconds
[2024-11-18T03:02:22.565+0000] {processor.py:186} INFO - Started process (PID=910) to work on /home/airflow/.local/lib/python3.12/site-packages/airflow/example_dags/example_external_task_marker_dag.py
[2024-11-18T03:02:22.565+0000] {processor.py:914} INFO - Processing file /home/airflow/.local/lib/python3.12/site-packages/airflow/example_dags/example_external_task_marker_dag.py for tasks to queue
[2024-11-18T03:02:22.571+0000] {logging_mixin.py:190} INFO - [2024-11-18T03:02:22.571+0000] {dagbag.py:587} INFO - Filling up the DagBag from /home/airflow/.local/lib/python3.12/site-packages/airflow/example_dags/example_external_task_marker_dag.py
[2024-11-18T03:02:22.587+0000] {processor.py:925} INFO - DAG(s) 'example_external_task_marker_child', 'example_external_task_marker_parent' retrieved from /home/airflow/.local/lib/python3.12/site-packages/airflow/example_dags/example_external_task_marker_dag.py
[2024-11-18T03:02:22.634+0000] {logging_mixin.py:190} INFO - [2024-11-18T03:02:22.634+0000] {dag.py:3229} INFO - Sync 2 DAGs
[2024-11-18T03:02:22.664+0000] {logging_mixin.py:190} INFO - [2024-11-18T03:02:22.664+0000] {dag.py:4156} INFO - Setting next_dagrun for example_external_task_marker_child to None, run_after=None
[2024-11-18T03:02:22.671+0000] {logging_mixin.py:190} INFO - [2024-11-18T03:02:22.671+0000] {dag.py:4156} INFO - Setting next_dagrun for example_external_task_marker_parent to None, run_after=None
[2024-11-18T03:02:22.703+0000] {processor.py:208} INFO - Processing /home/airflow/.local/lib/python3.12/site-packages/airflow/example_dags/example_external_task_marker_dag.py took 0.152 seconds
[2024-11-18T03:02:52.752+0000] {processor.py:186} INFO - Started process (PID=971) to work on /home/airflow/.local/lib/python3.12/site-packages/airflow/example_dags/example_external_task_marker_dag.py
[2024-11-18T03:02:52.753+0000] {processor.py:914} INFO - Processing file /home/airflow/.local/lib/python3.12/site-packages/airflow/example_dags/example_external_task_marker_dag.py for tasks to queue
[2024-11-18T03:02:52.756+0000] {logging_mixin.py:190} INFO - [2024-11-18T03:02:52.756+0000] {dagbag.py:587} INFO - Filling up the DagBag from /home/airflow/.local/lib/python3.12/site-packages/airflow/example_dags/example_external_task_marker_dag.py
[2024-11-18T03:02:52.765+0000] {processor.py:925} INFO - DAG(s) 'example_external_task_marker_parent', 'example_external_task_marker_child' retrieved from /home/airflow/.local/lib/python3.12/site-packages/airflow/example_dags/example_external_task_marker_dag.py
[2024-11-18T03:02:52.795+0000] {logging_mixin.py:190} INFO - [2024-11-18T03:02:52.794+0000] {dag.py:3229} INFO - Sync 2 DAGs
[2024-11-18T03:02:52.809+0000] {logging_mixin.py:190} INFO - [2024-11-18T03:02:52.809+0000] {dag.py:4156} INFO - Setting next_dagrun for example_external_task_marker_child to None, run_after=None
[2024-11-18T03:02:52.812+0000] {logging_mixin.py:190} INFO - [2024-11-18T03:02:52.812+0000] {dag.py:4156} INFO - Setting next_dagrun for example_external_task_marker_parent to None, run_after=None
[2024-11-18T03:02:52.827+0000] {processor.py:208} INFO - Processing /home/airflow/.local/lib/python3.12/site-packages/airflow/example_dags/example_external_task_marker_dag.py took 0.082 seconds
[2024-11-18T03:03:22.927+0000] {processor.py:186} INFO - Started process (PID=1032) to work on /home/airflow/.local/lib/python3.12/site-packages/airflow/example_dags/example_external_task_marker_dag.py
[2024-11-18T03:03:22.929+0000] {processor.py:914} INFO - Processing file /home/airflow/.local/lib/python3.12/site-packages/airflow/example_dags/example_external_task_marker_dag.py for tasks to queue
[2024-11-18T03:03:22.931+0000] {logging_mixin.py:190} INFO - [2024-11-18T03:03:22.930+0000] {dagbag.py:587} INFO - Filling up the DagBag from /home/airflow/.local/lib/python3.12/site-packages/airflow/example_dags/example_external_task_marker_dag.py
[2024-11-18T03:03:22.939+0000] {processor.py:925} INFO - DAG(s) 'example_external_task_marker_parent', 'example_external_task_marker_child' retrieved from /home/airflow/.local/lib/python3.12/site-packages/airflow/example_dags/example_external_task_marker_dag.py
[2024-11-18T03:03:22.960+0000] {logging_mixin.py:190} INFO - [2024-11-18T03:03:22.960+0000] {dag.py:3229} INFO - Sync 2 DAGs
[2024-11-18T03:03:22.974+0000] {logging_mixin.py:190} INFO - [2024-11-18T03:03:22.973+0000] {dag.py:4156} INFO - Setting next_dagrun for example_external_task_marker_child to None, run_after=None
[2024-11-18T03:03:22.977+0000] {logging_mixin.py:190} INFO - [2024-11-18T03:03:22.977+0000] {dag.py:4156} INFO - Setting next_dagrun for example_external_task_marker_parent to None, run_after=None
[2024-11-18T03:03:22.991+0000] {processor.py:208} INFO - Processing /home/airflow/.local/lib/python3.12/site-packages/airflow/example_dags/example_external_task_marker_dag.py took 0.070 seconds
[2024-11-18T03:03:53.068+0000] {processor.py:186} INFO - Started process (PID=1094) to work on /home/airflow/.local/lib/python3.12/site-packages/airflow/example_dags/example_external_task_marker_dag.py
[2024-11-18T03:03:53.070+0000] {processor.py:914} INFO - Processing file /home/airflow/.local/lib/python3.12/site-packages/airflow/example_dags/example_external_task_marker_dag.py for tasks to queue
[2024-11-18T03:03:53.072+0000] {logging_mixin.py:190} INFO - [2024-11-18T03:03:53.072+0000] {dagbag.py:587} INFO - Filling up the DagBag from /home/airflow/.local/lib/python3.12/site-packages/airflow/example_dags/example_external_task_marker_dag.py
[2024-11-18T03:03:53.079+0000] {processor.py:925} INFO - DAG(s) 'example_external_task_marker_child', 'example_external_task_marker_parent' retrieved from /home/airflow/.local/lib/python3.12/site-packages/airflow/example_dags/example_external_task_marker_dag.py
[2024-11-18T03:03:53.100+0000] {logging_mixin.py:190} INFO - [2024-11-18T03:03:53.100+0000] {dag.py:3229} INFO - Sync 2 DAGs
[2024-11-18T03:03:53.113+0000] {logging_mixin.py:190} INFO - [2024-11-18T03:03:53.113+0000] {dag.py:4156} INFO - Setting next_dagrun for example_external_task_marker_child to None, run_after=None
[2024-11-18T03:03:53.116+0000] {logging_mixin.py:190} INFO - [2024-11-18T03:03:53.116+0000] {dag.py:4156} INFO - Setting next_dagrun for example_external_task_marker_parent to None, run_after=None
[2024-11-18T03:03:53.131+0000] {processor.py:208} INFO - Processing /home/airflow/.local/lib/python3.12/site-packages/airflow/example_dags/example_external_task_marker_dag.py took 0.068 seconds
[2024-11-18T03:04:24.062+0000] {processor.py:186} INFO - Started process (PID=1156) to work on /home/airflow/.local/lib/python3.12/site-packages/airflow/example_dags/example_external_task_marker_dag.py
[2024-11-18T03:04:24.067+0000] {processor.py:914} INFO - Processing file /home/airflow/.local/lib/python3.12/site-packages/airflow/example_dags/example_external_task_marker_dag.py for tasks to queue
[2024-11-18T03:04:24.075+0000] {logging_mixin.py:190} INFO - [2024-11-18T03:04:24.075+0000] {dagbag.py:587} INFO - Filling up the DagBag from /home/airflow/.local/lib/python3.12/site-packages/airflow/example_dags/example_external_task_marker_dag.py
[2024-11-18T03:04:24.103+0000] {processor.py:925} INFO - DAG(s) 'example_external_task_marker_parent', 'example_external_task_marker_child' retrieved from /home/airflow/.local/lib/python3.12/site-packages/airflow/example_dags/example_external_task_marker_dag.py
[2024-11-18T03:04:24.193+0000] {logging_mixin.py:190} INFO - [2024-11-18T03:04:24.193+0000] {dag.py:3229} INFO - Sync 2 DAGs
[2024-11-18T03:04:24.249+0000] {logging_mixin.py:190} INFO - [2024-11-18T03:04:24.245+0000] {dag.py:4156} INFO - Setting next_dagrun for example_external_task_marker_child to None, run_after=None
[2024-11-18T03:04:24.266+0000] {logging_mixin.py:190} INFO - [2024-11-18T03:04:24.266+0000] {dag.py:4156} INFO - Setting next_dagrun for example_external_task_marker_parent to None, run_after=None
[2024-11-18T03:04:24.321+0000] {processor.py:208} INFO - Processing /home/airflow/.local/lib/python3.12/site-packages/airflow/example_dags/example_external_task_marker_dag.py took 0.290 seconds
[2024-11-18T03:04:54.587+0000] {processor.py:186} INFO - Started process (PID=1218) to work on /home/airflow/.local/lib/python3.12/site-packages/airflow/example_dags/example_external_task_marker_dag.py
[2024-11-18T03:04:54.591+0000] {processor.py:914} INFO - Processing file /home/airflow/.local/lib/python3.12/site-packages/airflow/example_dags/example_external_task_marker_dag.py for tasks to queue
[2024-11-18T03:04:54.600+0000] {logging_mixin.py:190} INFO - [2024-11-18T03:04:54.599+0000] {dagbag.py:587} INFO - Filling up the DagBag from /home/airflow/.local/lib/python3.12/site-packages/airflow/example_dags/example_external_task_marker_dag.py
[2024-11-18T03:04:54.630+0000] {processor.py:925} INFO - DAG(s) 'example_external_task_marker_child', 'example_external_task_marker_parent' retrieved from /home/airflow/.local/lib/python3.12/site-packages/airflow/example_dags/example_external_task_marker_dag.py
[2024-11-18T03:04:54.728+0000] {logging_mixin.py:190} INFO - [2024-11-18T03:04:54.728+0000] {dag.py:3229} INFO - Sync 2 DAGs
[2024-11-18T03:04:54.792+0000] {logging_mixin.py:190} INFO - [2024-11-18T03:04:54.786+0000] {dag.py:4156} INFO - Setting next_dagrun for example_external_task_marker_child to None, run_after=None
[2024-11-18T03:04:54.802+0000] {logging_mixin.py:190} INFO - [2024-11-18T03:04:54.802+0000] {dag.py:4156} INFO - Setting next_dagrun for example_external_task_marker_parent to None, run_after=None
[2024-11-18T03:04:54.872+0000] {processor.py:208} INFO - Processing /home/airflow/.local/lib/python3.12/site-packages/airflow/example_dags/example_external_task_marker_dag.py took 0.311 seconds
[2024-11-18T03:05:25.326+0000] {processor.py:186} INFO - Started process (PID=1280) to work on /home/airflow/.local/lib/python3.12/site-packages/airflow/example_dags/example_external_task_marker_dag.py
[2024-11-18T03:05:25.329+0000] {processor.py:914} INFO - Processing file /home/airflow/.local/lib/python3.12/site-packages/airflow/example_dags/example_external_task_marker_dag.py for tasks to queue
[2024-11-18T03:05:25.333+0000] {logging_mixin.py:190} INFO - [2024-11-18T03:05:25.333+0000] {dagbag.py:587} INFO - Filling up the DagBag from /home/airflow/.local/lib/python3.12/site-packages/airflow/example_dags/example_external_task_marker_dag.py
[2024-11-18T03:05:25.360+0000] {processor.py:925} INFO - DAG(s) 'example_external_task_marker_child', 'example_external_task_marker_parent' retrieved from /home/airflow/.local/lib/python3.12/site-packages/airflow/example_dags/example_external_task_marker_dag.py
[2024-11-18T03:05:25.410+0000] {logging_mixin.py:190} INFO - [2024-11-18T03:05:25.410+0000] {dag.py:3229} INFO - Sync 2 DAGs
[2024-11-18T03:05:25.437+0000] {logging_mixin.py:190} INFO - [2024-11-18T03:05:25.436+0000] {dag.py:4156} INFO - Setting next_dagrun for example_external_task_marker_child to None, run_after=None
[2024-11-18T03:05:25.444+0000] {logging_mixin.py:190} INFO - [2024-11-18T03:05:25.444+0000] {dag.py:4156} INFO - Setting next_dagrun for example_external_task_marker_parent to None, run_after=None
[2024-11-18T03:05:25.473+0000] {processor.py:208} INFO - Processing /home/airflow/.local/lib/python3.12/site-packages/airflow/example_dags/example_external_task_marker_dag.py took 0.159 seconds
[2024-11-18T03:05:55.609+0000] {processor.py:186} INFO - Started process (PID=1342) to work on /home/airflow/.local/lib/python3.12/site-packages/airflow/example_dags/example_external_task_marker_dag.py
[2024-11-18T03:05:55.611+0000] {processor.py:914} INFO - Processing file /home/airflow/.local/lib/python3.12/site-packages/airflow/example_dags/example_external_task_marker_dag.py for tasks to queue
[2024-11-18T03:05:55.615+0000] {logging_mixin.py:190} INFO - [2024-11-18T03:05:55.615+0000] {dagbag.py:587} INFO - Filling up the DagBag from /home/airflow/.local/lib/python3.12/site-packages/airflow/example_dags/example_external_task_marker_dag.py
[2024-11-18T03:05:55.631+0000] {processor.py:925} INFO - DAG(s) 'example_external_task_marker_parent', 'example_external_task_marker_child' retrieved from /home/airflow/.local/lib/python3.12/site-packages/airflow/example_dags/example_external_task_marker_dag.py
[2024-11-18T03:05:55.679+0000] {logging_mixin.py:190} INFO - [2024-11-18T03:05:55.679+0000] {dag.py:3229} INFO - Sync 2 DAGs
[2024-11-18T03:05:55.705+0000] {logging_mixin.py:190} INFO - [2024-11-18T03:05:55.704+0000] {dag.py:4156} INFO - Setting next_dagrun for example_external_task_marker_child to None, run_after=None
[2024-11-18T03:05:55.709+0000] {logging_mixin.py:190} INFO - [2024-11-18T03:05:55.708+0000] {dag.py:4156} INFO - Setting next_dagrun for example_external_task_marker_parent to None, run_after=None
[2024-11-18T03:05:55.722+0000] {processor.py:208} INFO - Processing /home/airflow/.local/lib/python3.12/site-packages/airflow/example_dags/example_external_task_marker_dag.py took 0.125 seconds
[2024-11-18T03:06:26.022+0000] {processor.py:186} INFO - Started process (PID=1404) to work on /home/airflow/.local/lib/python3.12/site-packages/airflow/example_dags/example_external_task_marker_dag.py
[2024-11-18T03:06:26.023+0000] {processor.py:914} INFO - Processing file /home/airflow/.local/lib/python3.12/site-packages/airflow/example_dags/example_external_task_marker_dag.py for tasks to queue
[2024-11-18T03:06:26.025+0000] {logging_mixin.py:190} INFO - [2024-11-18T03:06:26.024+0000] {dagbag.py:587} INFO - Filling up the DagBag from /home/airflow/.local/lib/python3.12/site-packages/airflow/example_dags/example_external_task_marker_dag.py
[2024-11-18T03:06:26.033+0000] {processor.py:925} INFO - DAG(s) 'example_external_task_marker_child', 'example_external_task_marker_parent' retrieved from /home/airflow/.local/lib/python3.12/site-packages/airflow/example_dags/example_external_task_marker_dag.py
[2024-11-18T03:06:26.055+0000] {logging_mixin.py:190} INFO - [2024-11-18T03:06:26.055+0000] {dag.py:3229} INFO - Sync 2 DAGs
[2024-11-18T03:06:26.069+0000] {logging_mixin.py:190} INFO - [2024-11-18T03:06:26.069+0000] {dag.py:4156} INFO - Setting next_dagrun for example_external_task_marker_child to None, run_after=None
[2024-11-18T03:06:26.074+0000] {logging_mixin.py:190} INFO - [2024-11-18T03:06:26.074+0000] {dag.py:4156} INFO - Setting next_dagrun for example_external_task_marker_parent to None, run_after=None
[2024-11-18T03:06:26.088+0000] {processor.py:208} INFO - Processing /home/airflow/.local/lib/python3.12/site-packages/airflow/example_dags/example_external_task_marker_dag.py took 0.072 seconds
[2024-11-18T03:06:57.128+0000] {processor.py:186} INFO - Started process (PID=1466) to work on /home/airflow/.local/lib/python3.12/site-packages/airflow/example_dags/example_external_task_marker_dag.py
[2024-11-18T03:06:57.132+0000] {processor.py:914} INFO - Processing file /home/airflow/.local/lib/python3.12/site-packages/airflow/example_dags/example_external_task_marker_dag.py for tasks to queue
[2024-11-18T03:06:57.136+0000] {logging_mixin.py:190} INFO - [2024-11-18T03:06:57.136+0000] {dagbag.py:587} INFO - Filling up the DagBag from /home/airflow/.local/lib/python3.12/site-packages/airflow/example_dags/example_external_task_marker_dag.py
[2024-11-18T03:06:57.156+0000] {processor.py:925} INFO - DAG(s) 'example_external_task_marker_child', 'example_external_task_marker_parent' retrieved from /home/airflow/.local/lib/python3.12/site-packages/airflow/example_dags/example_external_task_marker_dag.py
[2024-11-18T03:06:57.206+0000] {logging_mixin.py:190} INFO - [2024-11-18T03:06:57.206+0000] {dag.py:3229} INFO - Sync 2 DAGs
[2024-11-18T03:06:57.240+0000] {logging_mixin.py:190} INFO - [2024-11-18T03:06:57.240+0000] {dag.py:4156} INFO - Setting next_dagrun for example_external_task_marker_child to None, run_after=None
[2024-11-18T03:06:57.249+0000] {logging_mixin.py:190} INFO - [2024-11-18T03:06:57.248+0000] {dag.py:4156} INFO - Setting next_dagrun for example_external_task_marker_parent to None, run_after=None
[2024-11-18T03:06:57.279+0000] {processor.py:208} INFO - Processing /home/airflow/.local/lib/python3.12/site-packages/airflow/example_dags/example_external_task_marker_dag.py took 0.167 seconds
[2024-11-18T03:07:28.140+0000] {processor.py:186} INFO - Started process (PID=1528) to work on /home/airflow/.local/lib/python3.12/site-packages/airflow/example_dags/example_external_task_marker_dag.py
[2024-11-18T03:07:28.142+0000] {processor.py:914} INFO - Processing file /home/airflow/.local/lib/python3.12/site-packages/airflow/example_dags/example_external_task_marker_dag.py for tasks to queue
[2024-11-18T03:07:28.146+0000] {logging_mixin.py:190} INFO - [2024-11-18T03:07:28.146+0000] {dagbag.py:587} INFO - Filling up the DagBag from /home/airflow/.local/lib/python3.12/site-packages/airflow/example_dags/example_external_task_marker_dag.py
[2024-11-18T03:07:28.164+0000] {processor.py:925} INFO - DAG(s) 'example_external_task_marker_child', 'example_external_task_marker_parent' retrieved from /home/airflow/.local/lib/python3.12/site-packages/airflow/example_dags/example_external_task_marker_dag.py
[2024-11-18T03:07:28.210+0000] {logging_mixin.py:190} INFO - [2024-11-18T03:07:28.210+0000] {dag.py:3229} INFO - Sync 2 DAGs
[2024-11-18T03:07:28.229+0000] {logging_mixin.py:190} INFO - [2024-11-18T03:07:28.229+0000] {dag.py:4156} INFO - Setting next_dagrun for example_external_task_marker_child to None, run_after=None
[2024-11-18T03:07:28.232+0000] {logging_mixin.py:190} INFO - [2024-11-18T03:07:28.232+0000] {dag.py:4156} INFO - Setting next_dagrun for example_external_task_marker_parent to None, run_after=None
[2024-11-18T03:07:28.247+0000] {processor.py:208} INFO - Processing /home/airflow/.local/lib/python3.12/site-packages/airflow/example_dags/example_external_task_marker_dag.py took 0.119 seconds
[2024-11-18T03:07:58.439+0000] {processor.py:186} INFO - Started process (PID=1590) to work on /home/airflow/.local/lib/python3.12/site-packages/airflow/example_dags/example_external_task_marker_dag.py
[2024-11-18T03:07:58.443+0000] {processor.py:914} INFO - Processing file /home/airflow/.local/lib/python3.12/site-packages/airflow/example_dags/example_external_task_marker_dag.py for tasks to queue
[2024-11-18T03:07:58.447+0000] {logging_mixin.py:190} INFO - [2024-11-18T03:07:58.447+0000] {dagbag.py:587} INFO - Filling up the DagBag from /home/airflow/.local/lib/python3.12/site-packages/airflow/example_dags/example_external_task_marker_dag.py
[2024-11-18T03:07:58.466+0000] {processor.py:925} INFO - DAG(s) 'example_external_task_marker_parent', 'example_external_task_marker_child' retrieved from /home/airflow/.local/lib/python3.12/site-packages/airflow/example_dags/example_external_task_marker_dag.py
[2024-11-18T03:07:58.516+0000] {logging_mixin.py:190} INFO - [2024-11-18T03:07:58.516+0000] {dag.py:3229} INFO - Sync 2 DAGs
[2024-11-18T03:07:58.541+0000] {logging_mixin.py:190} INFO - [2024-11-18T03:07:58.541+0000] {dag.py:4156} INFO - Setting next_dagrun for example_external_task_marker_child to None, run_after=None
[2024-11-18T03:07:58.549+0000] {logging_mixin.py:190} INFO - [2024-11-18T03:07:58.549+0000] {dag.py:4156} INFO - Setting next_dagrun for example_external_task_marker_parent to None, run_after=None
[2024-11-18T03:07:58.580+0000] {processor.py:208} INFO - Processing /home/airflow/.local/lib/python3.12/site-packages/airflow/example_dags/example_external_task_marker_dag.py took 0.153 seconds
[2024-11-18T03:08:29.483+0000] {processor.py:186} INFO - Started process (PID=1654) to work on /home/airflow/.local/lib/python3.12/site-packages/airflow/example_dags/example_external_task_marker_dag.py
[2024-11-18T03:08:29.490+0000] {processor.py:914} INFO - Processing file /home/airflow/.local/lib/python3.12/site-packages/airflow/example_dags/example_external_task_marker_dag.py for tasks to queue
[2024-11-18T03:08:29.506+0000] {logging_mixin.py:190} INFO - [2024-11-18T03:08:29.506+0000] {dagbag.py:587} INFO - Filling up the DagBag from /home/airflow/.local/lib/python3.12/site-packages/airflow/example_dags/example_external_task_marker_dag.py
[2024-11-18T03:08:29.563+0000] {processor.py:925} INFO - DAG(s) 'example_external_task_marker_parent', 'example_external_task_marker_child' retrieved from /home/airflow/.local/lib/python3.12/site-packages/airflow/example_dags/example_external_task_marker_dag.py
[2024-11-18T03:08:29.708+0000] {logging_mixin.py:190} INFO - [2024-11-18T03:08:29.708+0000] {dag.py:3229} INFO - Sync 2 DAGs
[2024-11-18T03:08:29.769+0000] {logging_mixin.py:190} INFO - [2024-11-18T03:08:29.769+0000] {dag.py:4156} INFO - Setting next_dagrun for example_external_task_marker_child to None, run_after=None
[2024-11-18T03:08:29.787+0000] {logging_mixin.py:190} INFO - [2024-11-18T03:08:29.787+0000] {dag.py:4156} INFO - Setting next_dagrun for example_external_task_marker_parent to None, run_after=None
[2024-11-18T03:08:29.863+0000] {processor.py:208} INFO - Processing /home/airflow/.local/lib/python3.12/site-packages/airflow/example_dags/example_external_task_marker_dag.py took 0.452 seconds
[2024-11-18T03:09:00.285+0000] {processor.py:186} INFO - Started process (PID=1716) to work on /home/airflow/.local/lib/python3.12/site-packages/airflow/example_dags/example_external_task_marker_dag.py
[2024-11-18T03:09:00.287+0000] {processor.py:914} INFO - Processing file /home/airflow/.local/lib/python3.12/site-packages/airflow/example_dags/example_external_task_marker_dag.py for tasks to queue
[2024-11-18T03:09:00.291+0000] {logging_mixin.py:190} INFO - [2024-11-18T03:09:00.291+0000] {dagbag.py:587} INFO - Filling up the DagBag from /home/airflow/.local/lib/python3.12/site-packages/airflow/example_dags/example_external_task_marker_dag.py
[2024-11-18T03:09:00.310+0000] {processor.py:925} INFO - DAG(s) 'example_external_task_marker_parent', 'example_external_task_marker_child' retrieved from /home/airflow/.local/lib/python3.12/site-packages/airflow/example_dags/example_external_task_marker_dag.py
[2024-11-18T03:09:00.363+0000] {logging_mixin.py:190} INFO - [2024-11-18T03:09:00.361+0000] {dag.py:3229} INFO - Sync 2 DAGs
[2024-11-18T03:09:00.394+0000] {logging_mixin.py:190} INFO - [2024-11-18T03:09:00.394+0000] {dag.py:4156} INFO - Setting next_dagrun for example_external_task_marker_child to None, run_after=None
[2024-11-18T03:09:00.403+0000] {logging_mixin.py:190} INFO - [2024-11-18T03:09:00.402+0000] {dag.py:4156} INFO - Setting next_dagrun for example_external_task_marker_parent to None, run_after=None
[2024-11-18T03:09:00.440+0000] {processor.py:208} INFO - Processing /home/airflow/.local/lib/python3.12/site-packages/airflow/example_dags/example_external_task_marker_dag.py took 0.169 seconds
[2024-11-18T03:09:30.580+0000] {processor.py:186} INFO - Started process (PID=1778) to work on /home/airflow/.local/lib/python3.12/site-packages/airflow/example_dags/example_external_task_marker_dag.py
[2024-11-18T03:09:30.584+0000] {processor.py:914} INFO - Processing file /home/airflow/.local/lib/python3.12/site-packages/airflow/example_dags/example_external_task_marker_dag.py for tasks to queue
[2024-11-18T03:09:30.594+0000] {logging_mixin.py:190} INFO - [2024-11-18T03:09:30.594+0000] {dagbag.py:587} INFO - Filling up the DagBag from /home/airflow/.local/lib/python3.12/site-packages/airflow/example_dags/example_external_task_marker_dag.py
[2024-11-18T03:09:30.630+0000] {processor.py:925} INFO - DAG(s) 'example_external_task_marker_child', 'example_external_task_marker_parent' retrieved from /home/airflow/.local/lib/python3.12/site-packages/airflow/example_dags/example_external_task_marker_dag.py
[2024-11-18T03:09:30.714+0000] {logging_mixin.py:190} INFO - [2024-11-18T03:09:30.714+0000] {dag.py:3229} INFO - Sync 2 DAGs
[2024-11-18T03:09:30.781+0000] {logging_mixin.py:190} INFO - [2024-11-18T03:09:30.781+0000] {dag.py:4156} INFO - Setting next_dagrun for example_external_task_marker_child to None, run_after=None
[2024-11-18T03:09:30.796+0000] {logging_mixin.py:190} INFO - [2024-11-18T03:09:30.796+0000] {dag.py:4156} INFO - Setting next_dagrun for example_external_task_marker_parent to None, run_after=None
[2024-11-18T03:09:30.865+0000] {processor.py:208} INFO - Processing /home/airflow/.local/lib/python3.12/site-packages/airflow/example_dags/example_external_task_marker_dag.py took 0.308 seconds
[2024-11-18T03:10:01.756+0000] {processor.py:186} INFO - Started process (PID=1842) to work on /home/airflow/.local/lib/python3.12/site-packages/airflow/example_dags/example_external_task_marker_dag.py
[2024-11-18T03:10:01.762+0000] {processor.py:914} INFO - Processing file /home/airflow/.local/lib/python3.12/site-packages/airflow/example_dags/example_external_task_marker_dag.py for tasks to queue
[2024-11-18T03:10:01.779+0000] {logging_mixin.py:190} INFO - [2024-11-18T03:10:01.770+0000] {dagbag.py:587} INFO - Filling up the DagBag from /home/airflow/.local/lib/python3.12/site-packages/airflow/example_dags/example_external_task_marker_dag.py
[2024-11-18T03:10:01.869+0000] {processor.py:925} INFO - DAG(s) 'example_external_task_marker_child', 'example_external_task_marker_parent' retrieved from /home/airflow/.local/lib/python3.12/site-packages/airflow/example_dags/example_external_task_marker_dag.py
[2024-11-18T03:10:01.920+0000] {logging_mixin.py:190} INFO - [2024-11-18T03:10:01.918+0000] {dag.py:3229} INFO - Sync 2 DAGs
[2024-11-18T03:10:01.961+0000] {logging_mixin.py:190} INFO - [2024-11-18T03:10:01.961+0000] {dag.py:4156} INFO - Setting next_dagrun for example_external_task_marker_child to None, run_after=None
[2024-11-18T03:10:01.969+0000] {logging_mixin.py:190} INFO - [2024-11-18T03:10:01.969+0000] {dag.py:4156} INFO - Setting next_dagrun for example_external_task_marker_parent to None, run_after=None
[2024-11-18T03:10:02.008+0000] {processor.py:208} INFO - Processing /home/airflow/.local/lib/python3.12/site-packages/airflow/example_dags/example_external_task_marker_dag.py took 0.272 seconds
[2024-11-18T03:10:32.890+0000] {processor.py:186} INFO - Started process (PID=1904) to work on /home/airflow/.local/lib/python3.12/site-packages/airflow/example_dags/example_external_task_marker_dag.py
[2024-11-18T03:10:32.894+0000] {processor.py:914} INFO - Processing file /home/airflow/.local/lib/python3.12/site-packages/airflow/example_dags/example_external_task_marker_dag.py for tasks to queue
[2024-11-18T03:10:32.902+0000] {logging_mixin.py:190} INFO - [2024-11-18T03:10:32.902+0000] {dagbag.py:587} INFO - Filling up the DagBag from /home/airflow/.local/lib/python3.12/site-packages/airflow/example_dags/example_external_task_marker_dag.py
[2024-11-18T03:10:32.921+0000] {processor.py:925} INFO - DAG(s) 'example_external_task_marker_parent', 'example_external_task_marker_child' retrieved from /home/airflow/.local/lib/python3.12/site-packages/airflow/example_dags/example_external_task_marker_dag.py
[2024-11-18T03:10:33.008+0000] {logging_mixin.py:190} INFO - [2024-11-18T03:10:33.008+0000] {dag.py:3229} INFO - Sync 2 DAGs
[2024-11-18T03:10:33.081+0000] {logging_mixin.py:190} INFO - [2024-11-18T03:10:33.079+0000] {dag.py:4156} INFO - Setting next_dagrun for example_external_task_marker_child to None, run_after=None
[2024-11-18T03:10:33.087+0000] {logging_mixin.py:190} INFO - [2024-11-18T03:10:33.087+0000] {dag.py:4156} INFO - Setting next_dagrun for example_external_task_marker_parent to None, run_after=None
[2024-11-18T03:10:33.162+0000] {processor.py:208} INFO - Processing /home/airflow/.local/lib/python3.12/site-packages/airflow/example_dags/example_external_task_marker_dag.py took 0.284 seconds
[2024-11-18T03:11:03.824+0000] {processor.py:186} INFO - Started process (PID=1966) to work on /home/airflow/.local/lib/python3.12/site-packages/airflow/example_dags/example_external_task_marker_dag.py
[2024-11-18T03:11:03.967+0000] {processor.py:914} INFO - Processing file /home/airflow/.local/lib/python3.12/site-packages/airflow/example_dags/example_external_task_marker_dag.py for tasks to queue
[2024-11-18T03:11:03.974+0000] {logging_mixin.py:190} INFO - [2024-11-18T03:11:03.974+0000] {dagbag.py:587} INFO - Filling up the DagBag from /home/airflow/.local/lib/python3.12/site-packages/airflow/example_dags/example_external_task_marker_dag.py
[2024-11-18T03:11:04.017+0000] {processor.py:925} INFO - DAG(s) 'example_external_task_marker_child', 'example_external_task_marker_parent' retrieved from /home/airflow/.local/lib/python3.12/site-packages/airflow/example_dags/example_external_task_marker_dag.py
[2024-11-18T03:11:04.140+0000] {logging_mixin.py:190} INFO - [2024-11-18T03:11:04.140+0000] {dag.py:3229} INFO - Sync 2 DAGs
[2024-11-18T03:11:04.220+0000] {logging_mixin.py:190} INFO - [2024-11-18T03:11:04.215+0000] {dag.py:4156} INFO - Setting next_dagrun for example_external_task_marker_child to None, run_after=None
[2024-11-18T03:11:04.233+0000] {logging_mixin.py:190} INFO - [2024-11-18T03:11:04.232+0000] {dag.py:4156} INFO - Setting next_dagrun for example_external_task_marker_parent to None, run_after=None
[2024-11-18T03:11:04.306+0000] {processor.py:208} INFO - Processing /home/airflow/.local/lib/python3.12/site-packages/airflow/example_dags/example_external_task_marker_dag.py took 0.504 seconds
[2024-11-18T03:11:35.769+0000] {processor.py:186} INFO - Started process (PID=2028) to work on /home/airflow/.local/lib/python3.12/site-packages/airflow/example_dags/example_external_task_marker_dag.py
[2024-11-18T03:11:35.772+0000] {processor.py:914} INFO - Processing file /home/airflow/.local/lib/python3.12/site-packages/airflow/example_dags/example_external_task_marker_dag.py for tasks to queue
[2024-11-18T03:11:35.786+0000] {logging_mixin.py:190} INFO - [2024-11-18T03:11:35.786+0000] {dagbag.py:587} INFO - Filling up the DagBag from /home/airflow/.local/lib/python3.12/site-packages/airflow/example_dags/example_external_task_marker_dag.py
[2024-11-18T03:11:35.853+0000] {processor.py:925} INFO - DAG(s) 'example_external_task_marker_child', 'example_external_task_marker_parent' retrieved from /home/airflow/.local/lib/python3.12/site-packages/airflow/example_dags/example_external_task_marker_dag.py
[2024-11-18T03:11:35.922+0000] {logging_mixin.py:190} INFO - [2024-11-18T03:11:35.920+0000] {dag.py:3229} INFO - Sync 2 DAGs
[2024-11-18T03:11:35.976+0000] {logging_mixin.py:190} INFO - [2024-11-18T03:11:35.974+0000] {dag.py:4156} INFO - Setting next_dagrun for example_external_task_marker_child to None, run_after=None
[2024-11-18T03:11:36.004+0000] {logging_mixin.py:190} INFO - [2024-11-18T03:11:36.000+0000] {dag.py:4156} INFO - Setting next_dagrun for example_external_task_marker_parent to None, run_after=None
[2024-11-18T03:11:36.091+0000] {processor.py:208} INFO - Processing /home/airflow/.local/lib/python3.12/site-packages/airflow/example_dags/example_external_task_marker_dag.py took 0.355 seconds
[2024-11-18T03:12:10.004+0000] {processor.py:186} INFO - Started process (PID=2090) to work on /home/airflow/.local/lib/python3.12/site-packages/airflow/example_dags/example_external_task_marker_dag.py
[2024-11-18T03:12:10.047+0000] {processor.py:914} INFO - Processing file /home/airflow/.local/lib/python3.12/site-packages/airflow/example_dags/example_external_task_marker_dag.py for tasks to queue
[2024-11-18T03:12:10.054+0000] {logging_mixin.py:190} INFO - [2024-11-18T03:12:10.053+0000] {dagbag.py:587} INFO - Filling up the DagBag from /home/airflow/.local/lib/python3.12/site-packages/airflow/example_dags/example_external_task_marker_dag.py
[2024-11-18T03:12:10.084+0000] {processor.py:925} INFO - DAG(s) 'example_external_task_marker_parent', 'example_external_task_marker_child' retrieved from /home/airflow/.local/lib/python3.12/site-packages/airflow/example_dags/example_external_task_marker_dag.py
[2024-11-18T03:12:10.129+0000] {logging_mixin.py:190} INFO - [2024-11-18T03:12:10.126+0000] {dag.py:3229} INFO - Sync 2 DAGs
[2024-11-18T03:12:10.187+0000] {logging_mixin.py:190} INFO - [2024-11-18T03:12:10.181+0000] {dag.py:4156} INFO - Setting next_dagrun for example_external_task_marker_child to None, run_after=None
[2024-11-18T03:12:10.202+0000] {logging_mixin.py:190} INFO - [2024-11-18T03:12:10.200+0000] {dag.py:4156} INFO - Setting next_dagrun for example_external_task_marker_parent to None, run_after=None
[2024-11-18T03:12:10.313+0000] {processor.py:208} INFO - Processing /home/airflow/.local/lib/python3.12/site-packages/airflow/example_dags/example_external_task_marker_dag.py took 0.393 seconds
[2024-11-18T03:12:41.971+0000] {processor.py:186} INFO - Started process (PID=2153) to work on /home/airflow/.local/lib/python3.12/site-packages/airflow/example_dags/example_external_task_marker_dag.py
[2024-11-18T03:12:41.973+0000] {processor.py:914} INFO - Processing file /home/airflow/.local/lib/python3.12/site-packages/airflow/example_dags/example_external_task_marker_dag.py for tasks to queue
[2024-11-18T03:12:41.979+0000] {logging_mixin.py:190} INFO - [2024-11-18T03:12:41.977+0000] {dagbag.py:587} INFO - Filling up the DagBag from /home/airflow/.local/lib/python3.12/site-packages/airflow/example_dags/example_external_task_marker_dag.py
[2024-11-18T03:12:42.004+0000] {processor.py:925} INFO - DAG(s) 'example_external_task_marker_child', 'example_external_task_marker_parent' retrieved from /home/airflow/.local/lib/python3.12/site-packages/airflow/example_dags/example_external_task_marker_dag.py
[2024-11-18T03:12:42.157+0000] {logging_mixin.py:190} INFO - [2024-11-18T03:12:42.157+0000] {dag.py:3229} INFO - Sync 2 DAGs
[2024-11-18T03:12:42.214+0000] {logging_mixin.py:190} INFO - [2024-11-18T03:12:42.204+0000] {dag.py:4156} INFO - Setting next_dagrun for example_external_task_marker_child to None, run_after=None
[2024-11-18T03:12:42.273+0000] {logging_mixin.py:190} INFO - [2024-11-18T03:12:42.273+0000] {dag.py:4156} INFO - Setting next_dagrun for example_external_task_marker_parent to None, run_after=None
[2024-11-18T03:12:42.422+0000] {processor.py:208} INFO - Processing /home/airflow/.local/lib/python3.12/site-packages/airflow/example_dags/example_external_task_marker_dag.py took 0.467 seconds
[2024-11-18T03:13:13.071+0000] {processor.py:186} INFO - Started process (PID=2214) to work on /home/airflow/.local/lib/python3.12/site-packages/airflow/example_dags/example_external_task_marker_dag.py
[2024-11-18T03:13:13.177+0000] {processor.py:914} INFO - Processing file /home/airflow/.local/lib/python3.12/site-packages/airflow/example_dags/example_external_task_marker_dag.py for tasks to queue
[2024-11-18T03:13:13.185+0000] {logging_mixin.py:190} INFO - [2024-11-18T03:13:13.183+0000] {dagbag.py:587} INFO - Filling up the DagBag from /home/airflow/.local/lib/python3.12/site-packages/airflow/example_dags/example_external_task_marker_dag.py
[2024-11-18T03:13:13.214+0000] {processor.py:925} INFO - DAG(s) 'example_external_task_marker_parent', 'example_external_task_marker_child' retrieved from /home/airflow/.local/lib/python3.12/site-packages/airflow/example_dags/example_external_task_marker_dag.py
[2024-11-18T03:13:13.373+0000] {logging_mixin.py:190} INFO - [2024-11-18T03:13:13.372+0000] {dag.py:3229} INFO - Sync 2 DAGs
[2024-11-18T03:13:13.418+0000] {logging_mixin.py:190} INFO - [2024-11-18T03:13:13.418+0000] {dag.py:4156} INFO - Setting next_dagrun for example_external_task_marker_child to None, run_after=None
[2024-11-18T03:13:13.427+0000] {logging_mixin.py:190} INFO - [2024-11-18T03:13:13.427+0000] {dag.py:4156} INFO - Setting next_dagrun for example_external_task_marker_parent to None, run_after=None
[2024-11-18T03:13:13.542+0000] {processor.py:208} INFO - Processing /home/airflow/.local/lib/python3.12/site-packages/airflow/example_dags/example_external_task_marker_dag.py took 0.522 seconds
[2024-11-18T03:13:44.317+0000] {processor.py:186} INFO - Started process (PID=2276) to work on /home/airflow/.local/lib/python3.12/site-packages/airflow/example_dags/example_external_task_marker_dag.py
[2024-11-18T03:13:44.352+0000] {processor.py:914} INFO - Processing file /home/airflow/.local/lib/python3.12/site-packages/airflow/example_dags/example_external_task_marker_dag.py for tasks to queue
[2024-11-18T03:13:44.367+0000] {logging_mixin.py:190} INFO - [2024-11-18T03:13:44.366+0000] {dagbag.py:587} INFO - Filling up the DagBag from /home/airflow/.local/lib/python3.12/site-packages/airflow/example_dags/example_external_task_marker_dag.py
[2024-11-18T03:13:44.395+0000] {processor.py:925} INFO - DAG(s) 'example_external_task_marker_parent', 'example_external_task_marker_child' retrieved from /home/airflow/.local/lib/python3.12/site-packages/airflow/example_dags/example_external_task_marker_dag.py
[2024-11-18T03:13:44.546+0000] {logging_mixin.py:190} INFO - [2024-11-18T03:13:44.546+0000] {dag.py:3229} INFO - Sync 2 DAGs
[2024-11-18T03:13:44.714+0000] {logging_mixin.py:190} INFO - [2024-11-18T03:13:44.714+0000] {dag.py:4156} INFO - Setting next_dagrun for example_external_task_marker_child to None, run_after=None
[2024-11-18T03:13:44.726+0000] {logging_mixin.py:190} INFO - [2024-11-18T03:13:44.726+0000] {dag.py:4156} INFO - Setting next_dagrun for example_external_task_marker_parent to None, run_after=None
[2024-11-18T03:13:44.766+0000] {processor.py:208} INFO - Processing /home/airflow/.local/lib/python3.12/site-packages/airflow/example_dags/example_external_task_marker_dag.py took 0.459 seconds
[2024-11-18T03:14:19.079+0000] {processor.py:186} INFO - Started process (PID=2338) to work on /home/airflow/.local/lib/python3.12/site-packages/airflow/example_dags/example_external_task_marker_dag.py
[2024-11-18T03:14:19.085+0000] {processor.py:914} INFO - Processing file /home/airflow/.local/lib/python3.12/site-packages/airflow/example_dags/example_external_task_marker_dag.py for tasks to queue
[2024-11-18T03:14:19.090+0000] {logging_mixin.py:190} INFO - [2024-11-18T03:14:19.089+0000] {dagbag.py:587} INFO - Filling up the DagBag from /home/airflow/.local/lib/python3.12/site-packages/airflow/example_dags/example_external_task_marker_dag.py
[2024-11-18T03:14:19.102+0000] {processor.py:925} INFO - DAG(s) 'example_external_task_marker_parent', 'example_external_task_marker_child' retrieved from /home/airflow/.local/lib/python3.12/site-packages/airflow/example_dags/example_external_task_marker_dag.py
[2024-11-18T03:14:19.234+0000] {logging_mixin.py:190} INFO - [2024-11-18T03:14:19.233+0000] {dag.py:3229} INFO - Sync 2 DAGs
[2024-11-18T03:14:19.325+0000] {logging_mixin.py:190} INFO - [2024-11-18T03:14:19.322+0000] {dag.py:4156} INFO - Setting next_dagrun for example_external_task_marker_child to None, run_after=None
[2024-11-18T03:14:19.335+0000] {logging_mixin.py:190} INFO - [2024-11-18T03:14:19.333+0000] {dag.py:4156} INFO - Setting next_dagrun for example_external_task_marker_parent to None, run_after=None
[2024-11-18T03:14:19.429+0000] {processor.py:208} INFO - Processing /home/airflow/.local/lib/python3.12/site-packages/airflow/example_dags/example_external_task_marker_dag.py took 0.368 seconds
[2024-11-18T03:14:52.584+0000] {processor.py:186} INFO - Started process (PID=2400) to work on /home/airflow/.local/lib/python3.12/site-packages/airflow/example_dags/example_external_task_marker_dag.py
[2024-11-18T03:14:52.588+0000] {processor.py:914} INFO - Processing file /home/airflow/.local/lib/python3.12/site-packages/airflow/example_dags/example_external_task_marker_dag.py for tasks to queue
[2024-11-18T03:14:52.593+0000] {logging_mixin.py:190} INFO - [2024-11-18T03:14:52.593+0000] {dagbag.py:587} INFO - Filling up the DagBag from /home/airflow/.local/lib/python3.12/site-packages/airflow/example_dags/example_external_task_marker_dag.py
[2024-11-18T03:14:52.644+0000] {processor.py:925} INFO - DAG(s) 'example_external_task_marker_child', 'example_external_task_marker_parent' retrieved from /home/airflow/.local/lib/python3.12/site-packages/airflow/example_dags/example_external_task_marker_dag.py
[2024-11-18T03:14:52.854+0000] {logging_mixin.py:190} INFO - [2024-11-18T03:14:52.854+0000] {dag.py:3229} INFO - Sync 2 DAGs
[2024-11-18T03:14:52.960+0000] {logging_mixin.py:190} INFO - [2024-11-18T03:14:52.958+0000] {dag.py:4156} INFO - Setting next_dagrun for example_external_task_marker_child to None, run_after=None
[2024-11-18T03:14:53.019+0000] {logging_mixin.py:190} INFO - [2024-11-18T03:14:53.019+0000] {dag.py:4156} INFO - Setting next_dagrun for example_external_task_marker_parent to None, run_after=None
[2024-11-18T03:14:53.068+0000] {processor.py:208} INFO - Processing /home/airflow/.local/lib/python3.12/site-packages/airflow/example_dags/example_external_task_marker_dag.py took 0.506 seconds
[2024-11-18T03:15:25.125+0000] {processor.py:186} INFO - Started process (PID=2461) to work on /home/airflow/.local/lib/python3.12/site-packages/airflow/example_dags/example_external_task_marker_dag.py
[2024-11-18T03:15:25.128+0000] {processor.py:914} INFO - Processing file /home/airflow/.local/lib/python3.12/site-packages/airflow/example_dags/example_external_task_marker_dag.py for tasks to queue
[2024-11-18T03:15:25.139+0000] {logging_mixin.py:190} INFO - [2024-11-18T03:15:25.137+0000] {dagbag.py:587} INFO - Filling up the DagBag from /home/airflow/.local/lib/python3.12/site-packages/airflow/example_dags/example_external_task_marker_dag.py
[2024-11-18T03:15:25.174+0000] {processor.py:925} INFO - DAG(s) 'example_external_task_marker_parent', 'example_external_task_marker_child' retrieved from /home/airflow/.local/lib/python3.12/site-packages/airflow/example_dags/example_external_task_marker_dag.py
[2024-11-18T03:15:25.333+0000] {logging_mixin.py:190} INFO - [2024-11-18T03:15:25.327+0000] {dag.py:3229} INFO - Sync 2 DAGs
[2024-11-18T03:15:25.478+0000] {logging_mixin.py:190} INFO - [2024-11-18T03:15:25.478+0000] {dag.py:4156} INFO - Setting next_dagrun for example_external_task_marker_child to None, run_after=None
[2024-11-18T03:15:25.504+0000] {logging_mixin.py:190} INFO - [2024-11-18T03:15:25.501+0000] {dag.py:4156} INFO - Setting next_dagrun for example_external_task_marker_parent to None, run_after=None
[2024-11-18T03:15:25.695+0000] {processor.py:208} INFO - Processing /home/airflow/.local/lib/python3.12/site-packages/airflow/example_dags/example_external_task_marker_dag.py took 0.642 seconds
[2024-11-18T03:15:56.269+0000] {processor.py:186} INFO - Started process (PID=2521) to work on /home/airflow/.local/lib/python3.12/site-packages/airflow/example_dags/example_external_task_marker_dag.py
[2024-11-18T03:15:56.278+0000] {processor.py:914} INFO - Processing file /home/airflow/.local/lib/python3.12/site-packages/airflow/example_dags/example_external_task_marker_dag.py for tasks to queue
[2024-11-18T03:15:56.282+0000] {logging_mixin.py:190} INFO - [2024-11-18T03:15:56.280+0000] {dagbag.py:587} INFO - Filling up the DagBag from /home/airflow/.local/lib/python3.12/site-packages/airflow/example_dags/example_external_task_marker_dag.py
[2024-11-18T03:15:56.301+0000] {processor.py:925} INFO - DAG(s) 'example_external_task_marker_parent', 'example_external_task_marker_child' retrieved from /home/airflow/.local/lib/python3.12/site-packages/airflow/example_dags/example_external_task_marker_dag.py
[2024-11-18T03:15:56.328+0000] {logging_mixin.py:190} INFO - [2024-11-18T03:15:56.328+0000] {dag.py:3229} INFO - Sync 2 DAGs
[2024-11-18T03:15:56.347+0000] {logging_mixin.py:190} INFO - [2024-11-18T03:15:56.346+0000] {dag.py:4156} INFO - Setting next_dagrun for example_external_task_marker_child to None, run_after=None
[2024-11-18T03:15:56.351+0000] {logging_mixin.py:190} INFO - [2024-11-18T03:15:56.351+0000] {dag.py:4156} INFO - Setting next_dagrun for example_external_task_marker_parent to None, run_after=None
[2024-11-18T03:15:56.382+0000] {processor.py:208} INFO - Processing /home/airflow/.local/lib/python3.12/site-packages/airflow/example_dags/example_external_task_marker_dag.py took 0.155 seconds
[2024-11-18T03:16:26.911+0000] {processor.py:186} INFO - Started process (PID=2583) to work on /home/airflow/.local/lib/python3.12/site-packages/airflow/example_dags/example_external_task_marker_dag.py
[2024-11-18T03:16:26.912+0000] {processor.py:914} INFO - Processing file /home/airflow/.local/lib/python3.12/site-packages/airflow/example_dags/example_external_task_marker_dag.py for tasks to queue
[2024-11-18T03:16:26.916+0000] {logging_mixin.py:190} INFO - [2024-11-18T03:16:26.915+0000] {dagbag.py:587} INFO - Filling up the DagBag from /home/airflow/.local/lib/python3.12/site-packages/airflow/example_dags/example_external_task_marker_dag.py
[2024-11-18T03:16:26.928+0000] {processor.py:925} INFO - DAG(s) 'example_external_task_marker_child', 'example_external_task_marker_parent' retrieved from /home/airflow/.local/lib/python3.12/site-packages/airflow/example_dags/example_external_task_marker_dag.py
[2024-11-18T03:16:27.026+0000] {logging_mixin.py:190} INFO - [2024-11-18T03:16:27.026+0000] {dag.py:3229} INFO - Sync 2 DAGs
[2024-11-18T03:16:27.047+0000] {logging_mixin.py:190} INFO - [2024-11-18T03:16:27.047+0000] {dag.py:4156} INFO - Setting next_dagrun for example_external_task_marker_child to None, run_after=None
[2024-11-18T03:16:27.055+0000] {logging_mixin.py:190} INFO - [2024-11-18T03:16:27.053+0000] {dag.py:4156} INFO - Setting next_dagrun for example_external_task_marker_parent to None, run_after=None
[2024-11-18T03:16:27.094+0000] {processor.py:208} INFO - Processing /home/airflow/.local/lib/python3.12/site-packages/airflow/example_dags/example_external_task_marker_dag.py took 0.195 seconds
[2024-11-18T03:16:57.423+0000] {processor.py:186} INFO - Started process (PID=2645) to work on /home/airflow/.local/lib/python3.12/site-packages/airflow/example_dags/example_external_task_marker_dag.py
[2024-11-18T03:16:57.427+0000] {processor.py:914} INFO - Processing file /home/airflow/.local/lib/python3.12/site-packages/airflow/example_dags/example_external_task_marker_dag.py for tasks to queue
[2024-11-18T03:16:57.433+0000] {logging_mixin.py:190} INFO - [2024-11-18T03:16:57.433+0000] {dagbag.py:587} INFO - Filling up the DagBag from /home/airflow/.local/lib/python3.12/site-packages/airflow/example_dags/example_external_task_marker_dag.py
[2024-11-18T03:16:57.496+0000] {processor.py:925} INFO - DAG(s) 'example_external_task_marker_child', 'example_external_task_marker_parent' retrieved from /home/airflow/.local/lib/python3.12/site-packages/airflow/example_dags/example_external_task_marker_dag.py
[2024-11-18T03:16:57.607+0000] {logging_mixin.py:190} INFO - [2024-11-18T03:16:57.602+0000] {dag.py:3229} INFO - Sync 2 DAGs
[2024-11-18T03:16:57.679+0000] {logging_mixin.py:190} INFO - [2024-11-18T03:16:57.679+0000] {dag.py:4156} INFO - Setting next_dagrun for example_external_task_marker_child to None, run_after=None
[2024-11-18T03:16:57.691+0000] {logging_mixin.py:190} INFO - [2024-11-18T03:16:57.691+0000] {dag.py:4156} INFO - Setting next_dagrun for example_external_task_marker_parent to None, run_after=None
[2024-11-18T03:16:57.735+0000] {processor.py:208} INFO - Processing /home/airflow/.local/lib/python3.12/site-packages/airflow/example_dags/example_external_task_marker_dag.py took 0.331 seconds
