[2024-11-18T02:55:29.623+0000] {processor.py:186} INFO - Started process (PID=77) to work on /home/airflow/.local/lib/python3.12/site-packages/airflow/example_dags/example_branch_python_dop_operator_3.py
[2024-11-18T02:55:29.627+0000] {processor.py:914} INFO - Processing file /home/airflow/.local/lib/python3.12/site-packages/airflow/example_dags/example_branch_python_dop_operator_3.py for tasks to queue
[2024-11-18T02:55:29.639+0000] {logging_mixin.py:190} INFO - [2024-11-18T02:55:29.635+0000] {dagbag.py:587} INFO - Filling up the DagBag from /home/airflow/.local/lib/python3.12/site-packages/airflow/example_dags/example_branch_python_dop_operator_3.py
[2024-11-18T02:55:29.682+0000] {processor.py:925} INFO - DAG(s) 'example_branch_dop_operator_v3' retrieved from /home/airflow/.local/lib/python3.12/site-packages/airflow/example_dags/example_branch_python_dop_operator_3.py
[2024-11-18T02:55:29.833+0000] {logging_mixin.py:190} INFO - [2024-11-18T02:55:29.831+0000] {dag.py:3229} INFO - Sync 1 DAGs
[2024-11-18T02:55:30.008+0000] {logging_mixin.py:190} INFO - [2024-11-18T02:55:30.004+0000] {dag.py:4156} INFO - Setting next_dagrun for example_branch_dop_operator_v3 to 2024-11-18 02:54:00+00:00, run_after=2024-11-18 02:55:00+00:00
[2024-11-18T02:55:30.134+0000] {processor.py:208} INFO - Processing /home/airflow/.local/lib/python3.12/site-packages/airflow/example_dags/example_branch_python_dop_operator_3.py took 0.535 seconds
[2024-11-18T02:56:00.325+0000] {processor.py:186} INFO - Started process (PID=139) to work on /home/airflow/.local/lib/python3.12/site-packages/airflow/example_dags/example_branch_python_dop_operator_3.py
[2024-11-18T02:56:00.327+0000] {processor.py:914} INFO - Processing file /home/airflow/.local/lib/python3.12/site-packages/airflow/example_dags/example_branch_python_dop_operator_3.py for tasks to queue
[2024-11-18T02:56:00.330+0000] {logging_mixin.py:190} INFO - [2024-11-18T02:56:00.330+0000] {dagbag.py:587} INFO - Filling up the DagBag from /home/airflow/.local/lib/python3.12/site-packages/airflow/example_dags/example_branch_python_dop_operator_3.py
[2024-11-18T02:56:00.340+0000] {processor.py:925} INFO - DAG(s) 'example_branch_dop_operator_v3' retrieved from /home/airflow/.local/lib/python3.12/site-packages/airflow/example_dags/example_branch_python_dop_operator_3.py
[2024-11-18T02:56:00.361+0000] {logging_mixin.py:190} INFO - [2024-11-18T02:56:00.360+0000] {dag.py:3229} INFO - Sync 1 DAGs
[2024-11-18T02:56:00.387+0000] {logging_mixin.py:190} INFO - [2024-11-18T02:56:00.387+0000] {dag.py:4156} INFO - Setting next_dagrun for example_branch_dop_operator_v3 to 2024-11-18 02:55:00+00:00, run_after=2024-11-18 02:56:00+00:00
[2024-11-18T02:56:00.405+0000] {processor.py:208} INFO - Processing /home/airflow/.local/lib/python3.12/site-packages/airflow/example_dags/example_branch_python_dop_operator_3.py took 0.086 seconds
[2024-11-18T02:56:30.914+0000] {processor.py:186} INFO - Started process (PID=201) to work on /home/airflow/.local/lib/python3.12/site-packages/airflow/example_dags/example_branch_python_dop_operator_3.py
[2024-11-18T02:56:30.914+0000] {processor.py:914} INFO - Processing file /home/airflow/.local/lib/python3.12/site-packages/airflow/example_dags/example_branch_python_dop_operator_3.py for tasks to queue
[2024-11-18T02:56:30.917+0000] {logging_mixin.py:190} INFO - [2024-11-18T02:56:30.917+0000] {dagbag.py:587} INFO - Filling up the DagBag from /home/airflow/.local/lib/python3.12/site-packages/airflow/example_dags/example_branch_python_dop_operator_3.py
[2024-11-18T02:56:30.927+0000] {processor.py:925} INFO - DAG(s) 'example_branch_dop_operator_v3' retrieved from /home/airflow/.local/lib/python3.12/site-packages/airflow/example_dags/example_branch_python_dop_operator_3.py
[2024-11-18T02:56:30.946+0000] {logging_mixin.py:190} INFO - [2024-11-18T02:56:30.946+0000] {dag.py:3229} INFO - Sync 1 DAGs
[2024-11-18T02:56:30.973+0000] {logging_mixin.py:190} INFO - [2024-11-18T02:56:30.971+0000] {dag.py:4156} INFO - Setting next_dagrun for example_branch_dop_operator_v3 to 2024-11-18 02:55:00+00:00, run_after=2024-11-18 02:56:00+00:00
[2024-11-18T02:56:30.996+0000] {processor.py:208} INFO - Processing /home/airflow/.local/lib/python3.12/site-packages/airflow/example_dags/example_branch_python_dop_operator_3.py took 0.088 seconds
[2024-11-18T02:57:01.995+0000] {processor.py:186} INFO - Started process (PID=262) to work on /home/airflow/.local/lib/python3.12/site-packages/airflow/example_dags/example_branch_python_dop_operator_3.py
[2024-11-18T02:57:01.997+0000] {processor.py:914} INFO - Processing file /home/airflow/.local/lib/python3.12/site-packages/airflow/example_dags/example_branch_python_dop_operator_3.py for tasks to queue
[2024-11-18T02:57:02.000+0000] {logging_mixin.py:190} INFO - [2024-11-18T02:57:01.999+0000] {dagbag.py:587} INFO - Filling up the DagBag from /home/airflow/.local/lib/python3.12/site-packages/airflow/example_dags/example_branch_python_dop_operator_3.py
[2024-11-18T02:57:02.010+0000] {processor.py:925} INFO - DAG(s) 'example_branch_dop_operator_v3' retrieved from /home/airflow/.local/lib/python3.12/site-packages/airflow/example_dags/example_branch_python_dop_operator_3.py
[2024-11-18T02:57:02.031+0000] {logging_mixin.py:190} INFO - [2024-11-18T02:57:02.031+0000] {dag.py:3229} INFO - Sync 1 DAGs
[2024-11-18T02:57:02.058+0000] {logging_mixin.py:190} INFO - [2024-11-18T02:57:02.058+0000] {dag.py:4156} INFO - Setting next_dagrun for example_branch_dop_operator_v3 to 2024-11-18 02:56:00+00:00, run_after=2024-11-18 02:57:00+00:00
[2024-11-18T02:57:02.076+0000] {processor.py:208} INFO - Processing /home/airflow/.local/lib/python3.12/site-packages/airflow/example_dags/example_branch_python_dop_operator_3.py took 0.088 seconds
[2024-11-18T02:57:33.224+0000] {processor.py:186} INFO - Started process (PID=324) to work on /home/airflow/.local/lib/python3.12/site-packages/airflow/example_dags/example_branch_python_dop_operator_3.py
[2024-11-18T02:57:33.232+0000] {processor.py:914} INFO - Processing file /home/airflow/.local/lib/python3.12/site-packages/airflow/example_dags/example_branch_python_dop_operator_3.py for tasks to queue
[2024-11-18T02:57:33.244+0000] {logging_mixin.py:190} INFO - [2024-11-18T02:57:33.244+0000] {dagbag.py:587} INFO - Filling up the DagBag from /home/airflow/.local/lib/python3.12/site-packages/airflow/example_dags/example_branch_python_dop_operator_3.py
[2024-11-18T02:57:33.309+0000] {processor.py:925} INFO - DAG(s) 'example_branch_dop_operator_v3' retrieved from /home/airflow/.local/lib/python3.12/site-packages/airflow/example_dags/example_branch_python_dop_operator_3.py
[2024-11-18T02:57:33.442+0000] {logging_mixin.py:190} INFO - [2024-11-18T02:57:33.442+0000] {dag.py:3229} INFO - Sync 1 DAGs
[2024-11-18T02:57:33.591+0000] {logging_mixin.py:190} INFO - [2024-11-18T02:57:33.591+0000] {dag.py:4156} INFO - Setting next_dagrun for example_branch_dop_operator_v3 to 2024-11-18 02:56:00+00:00, run_after=2024-11-18 02:57:00+00:00
[2024-11-18T02:57:33.722+0000] {processor.py:208} INFO - Processing /home/airflow/.local/lib/python3.12/site-packages/airflow/example_dags/example_branch_python_dop_operator_3.py took 0.540 seconds
[2024-11-18T02:58:04.173+0000] {processor.py:186} INFO - Started process (PID=386) to work on /home/airflow/.local/lib/python3.12/site-packages/airflow/example_dags/example_branch_python_dop_operator_3.py
[2024-11-18T02:58:04.174+0000] {processor.py:914} INFO - Processing file /home/airflow/.local/lib/python3.12/site-packages/airflow/example_dags/example_branch_python_dop_operator_3.py for tasks to queue
[2024-11-18T02:58:04.180+0000] {logging_mixin.py:190} INFO - [2024-11-18T02:58:04.180+0000] {dagbag.py:587} INFO - Filling up the DagBag from /home/airflow/.local/lib/python3.12/site-packages/airflow/example_dags/example_branch_python_dop_operator_3.py
[2024-11-18T02:58:04.202+0000] {processor.py:925} INFO - DAG(s) 'example_branch_dop_operator_v3' retrieved from /home/airflow/.local/lib/python3.12/site-packages/airflow/example_dags/example_branch_python_dop_operator_3.py
[2024-11-18T02:58:04.251+0000] {logging_mixin.py:190} INFO - [2024-11-18T02:58:04.251+0000] {dag.py:3229} INFO - Sync 1 DAGs
[2024-11-18T02:58:04.310+0000] {logging_mixin.py:190} INFO - [2024-11-18T02:58:04.306+0000] {dag.py:4156} INFO - Setting next_dagrun for example_branch_dop_operator_v3 to 2024-11-18 02:57:00+00:00, run_after=2024-11-18 02:58:00+00:00
[2024-11-18T02:58:04.349+0000] {processor.py:208} INFO - Processing /home/airflow/.local/lib/python3.12/site-packages/airflow/example_dags/example_branch_python_dop_operator_3.py took 0.189 seconds
[2024-11-18T02:58:35.210+0000] {processor.py:186} INFO - Started process (PID=449) to work on /home/airflow/.local/lib/python3.12/site-packages/airflow/example_dags/example_branch_python_dop_operator_3.py
[2024-11-18T02:58:35.212+0000] {processor.py:914} INFO - Processing file /home/airflow/.local/lib/python3.12/site-packages/airflow/example_dags/example_branch_python_dop_operator_3.py for tasks to queue
[2024-11-18T02:58:35.216+0000] {logging_mixin.py:190} INFO - [2024-11-18T02:58:35.216+0000] {dagbag.py:587} INFO - Filling up the DagBag from /home/airflow/.local/lib/python3.12/site-packages/airflow/example_dags/example_branch_python_dop_operator_3.py
[2024-11-18T02:58:35.239+0000] {processor.py:925} INFO - DAG(s) 'example_branch_dop_operator_v3' retrieved from /home/airflow/.local/lib/python3.12/site-packages/airflow/example_dags/example_branch_python_dop_operator_3.py
[2024-11-18T02:58:35.281+0000] {logging_mixin.py:190} INFO - [2024-11-18T02:58:35.280+0000] {dag.py:3229} INFO - Sync 1 DAGs
[2024-11-18T02:58:35.331+0000] {logging_mixin.py:190} INFO - [2024-11-18T02:58:35.329+0000] {dag.py:4156} INFO - Setting next_dagrun for example_branch_dop_operator_v3 to 2024-11-18 02:57:00+00:00, run_after=2024-11-18 02:58:00+00:00
[2024-11-18T02:58:35.369+0000] {processor.py:208} INFO - Processing /home/airflow/.local/lib/python3.12/site-packages/airflow/example_dags/example_branch_python_dop_operator_3.py took 0.171 seconds
[2024-11-18T02:59:05.541+0000] {processor.py:186} INFO - Started process (PID=511) to work on /home/airflow/.local/lib/python3.12/site-packages/airflow/example_dags/example_branch_python_dop_operator_3.py
[2024-11-18T02:59:05.544+0000] {processor.py:914} INFO - Processing file /home/airflow/.local/lib/python3.12/site-packages/airflow/example_dags/example_branch_python_dop_operator_3.py for tasks to queue
[2024-11-18T02:59:05.548+0000] {logging_mixin.py:190} INFO - [2024-11-18T02:59:05.548+0000] {dagbag.py:587} INFO - Filling up the DagBag from /home/airflow/.local/lib/python3.12/site-packages/airflow/example_dags/example_branch_python_dop_operator_3.py
[2024-11-18T02:59:05.572+0000] {processor.py:925} INFO - DAG(s) 'example_branch_dop_operator_v3' retrieved from /home/airflow/.local/lib/python3.12/site-packages/airflow/example_dags/example_branch_python_dop_operator_3.py
[2024-11-18T02:59:05.619+0000] {logging_mixin.py:190} INFO - [2024-11-18T02:59:05.619+0000] {dag.py:3229} INFO - Sync 1 DAGs
[2024-11-18T02:59:05.673+0000] {logging_mixin.py:190} INFO - [2024-11-18T02:59:05.673+0000] {dag.py:4156} INFO - Setting next_dagrun for example_branch_dop_operator_v3 to 2024-11-18 02:58:00+00:00, run_after=2024-11-18 02:59:00+00:00
[2024-11-18T02:59:05.705+0000] {processor.py:208} INFO - Processing /home/airflow/.local/lib/python3.12/site-packages/airflow/example_dags/example_branch_python_dop_operator_3.py took 0.178 seconds
[2024-11-18T02:59:36.557+0000] {processor.py:186} INFO - Started process (PID=572) to work on /home/airflow/.local/lib/python3.12/site-packages/airflow/example_dags/example_branch_python_dop_operator_3.py
[2024-11-18T02:59:36.560+0000] {processor.py:914} INFO - Processing file /home/airflow/.local/lib/python3.12/site-packages/airflow/example_dags/example_branch_python_dop_operator_3.py for tasks to queue
[2024-11-18T02:59:36.564+0000] {logging_mixin.py:190} INFO - [2024-11-18T02:59:36.564+0000] {dagbag.py:587} INFO - Filling up the DagBag from /home/airflow/.local/lib/python3.12/site-packages/airflow/example_dags/example_branch_python_dop_operator_3.py
[2024-11-18T02:59:36.590+0000] {processor.py:925} INFO - DAG(s) 'example_branch_dop_operator_v3' retrieved from /home/airflow/.local/lib/python3.12/site-packages/airflow/example_dags/example_branch_python_dop_operator_3.py
[2024-11-18T02:59:36.632+0000] {logging_mixin.py:190} INFO - [2024-11-18T02:59:36.632+0000] {dag.py:3229} INFO - Sync 1 DAGs
[2024-11-18T02:59:36.681+0000] {logging_mixin.py:190} INFO - [2024-11-18T02:59:36.681+0000] {dag.py:4156} INFO - Setting next_dagrun for example_branch_dop_operator_v3 to 2024-11-18 02:58:00+00:00, run_after=2024-11-18 02:59:00+00:00
[2024-11-18T02:59:36.719+0000] {processor.py:208} INFO - Processing /home/airflow/.local/lib/python3.12/site-packages/airflow/example_dags/example_branch_python_dop_operator_3.py took 0.174 seconds
[2024-11-18T03:00:07.813+0000] {processor.py:186} INFO - Started process (PID=634) to work on /home/airflow/.local/lib/python3.12/site-packages/airflow/example_dags/example_branch_python_dop_operator_3.py
[2024-11-18T03:00:07.818+0000] {processor.py:914} INFO - Processing file /home/airflow/.local/lib/python3.12/site-packages/airflow/example_dags/example_branch_python_dop_operator_3.py for tasks to queue
[2024-11-18T03:00:07.827+0000] {logging_mixin.py:190} INFO - [2024-11-18T03:00:07.827+0000] {dagbag.py:587} INFO - Filling up the DagBag from /home/airflow/.local/lib/python3.12/site-packages/airflow/example_dags/example_branch_python_dop_operator_3.py
[2024-11-18T03:00:07.888+0000] {processor.py:925} INFO - DAG(s) 'example_branch_dop_operator_v3' retrieved from /home/airflow/.local/lib/python3.12/site-packages/airflow/example_dags/example_branch_python_dop_operator_3.py
[2024-11-18T03:00:08.015+0000] {logging_mixin.py:190} INFO - [2024-11-18T03:00:08.015+0000] {dag.py:3229} INFO - Sync 1 DAGs
[2024-11-18T03:00:08.184+0000] {logging_mixin.py:190} INFO - [2024-11-18T03:00:08.184+0000] {dag.py:4156} INFO - Setting next_dagrun for example_branch_dop_operator_v3 to 2024-11-18 02:59:00+00:00, run_after=2024-11-18 03:00:00+00:00
[2024-11-18T03:00:08.291+0000] {processor.py:208} INFO - Processing /home/airflow/.local/lib/python3.12/site-packages/airflow/example_dags/example_branch_python_dop_operator_3.py took 0.522 seconds
[2024-11-18T03:00:39.363+0000] {processor.py:186} INFO - Started process (PID=696) to work on /home/airflow/.local/lib/python3.12/site-packages/airflow/example_dags/example_branch_python_dop_operator_3.py
[2024-11-18T03:00:39.369+0000] {processor.py:914} INFO - Processing file /home/airflow/.local/lib/python3.12/site-packages/airflow/example_dags/example_branch_python_dop_operator_3.py for tasks to queue
[2024-11-18T03:00:39.387+0000] {logging_mixin.py:190} INFO - [2024-11-18T03:00:39.381+0000] {dagbag.py:587} INFO - Filling up the DagBag from /home/airflow/.local/lib/python3.12/site-packages/airflow/example_dags/example_branch_python_dop_operator_3.py
[2024-11-18T03:00:39.437+0000] {processor.py:925} INFO - DAG(s) 'example_branch_dop_operator_v3' retrieved from /home/airflow/.local/lib/python3.12/site-packages/airflow/example_dags/example_branch_python_dop_operator_3.py
[2024-11-18T03:00:39.516+0000] {logging_mixin.py:190} INFO - [2024-11-18T03:00:39.516+0000] {dag.py:3229} INFO - Sync 1 DAGs
[2024-11-18T03:00:39.615+0000] {logging_mixin.py:190} INFO - [2024-11-18T03:00:39.615+0000] {dag.py:4156} INFO - Setting next_dagrun for example_branch_dop_operator_v3 to 2024-11-18 02:59:00+00:00, run_after=2024-11-18 03:00:00+00:00
[2024-11-18T03:00:39.686+0000] {processor.py:208} INFO - Processing /home/airflow/.local/lib/python3.12/site-packages/airflow/example_dags/example_branch_python_dop_operator_3.py took 0.347 seconds
[2024-11-18T03:01:09.973+0000] {processor.py:186} INFO - Started process (PID=759) to work on /home/airflow/.local/lib/python3.12/site-packages/airflow/example_dags/example_branch_python_dop_operator_3.py
[2024-11-18T03:01:09.977+0000] {processor.py:914} INFO - Processing file /home/airflow/.local/lib/python3.12/site-packages/airflow/example_dags/example_branch_python_dop_operator_3.py for tasks to queue
[2024-11-18T03:01:09.981+0000] {logging_mixin.py:190} INFO - [2024-11-18T03:01:09.981+0000] {dagbag.py:587} INFO - Filling up the DagBag from /home/airflow/.local/lib/python3.12/site-packages/airflow/example_dags/example_branch_python_dop_operator_3.py
[2024-11-18T03:01:10.009+0000] {processor.py:925} INFO - DAG(s) 'example_branch_dop_operator_v3' retrieved from /home/airflow/.local/lib/python3.12/site-packages/airflow/example_dags/example_branch_python_dop_operator_3.py
[2024-11-18T03:01:10.046+0000] {logging_mixin.py:190} INFO - [2024-11-18T03:01:10.045+0000] {dag.py:3229} INFO - Sync 1 DAGs
[2024-11-18T03:01:10.106+0000] {logging_mixin.py:190} INFO - [2024-11-18T03:01:10.106+0000] {dag.py:4156} INFO - Setting next_dagrun for example_branch_dop_operator_v3 to 2024-11-18 03:00:00+00:00, run_after=2024-11-18 03:01:00+00:00
[2024-11-18T03:01:10.147+0000] {processor.py:208} INFO - Processing /home/airflow/.local/lib/python3.12/site-packages/airflow/example_dags/example_branch_python_dop_operator_3.py took 0.186 seconds
[2024-11-18T03:01:40.964+0000] {processor.py:186} INFO - Started process (PID=821) to work on /home/airflow/.local/lib/python3.12/site-packages/airflow/example_dags/example_branch_python_dop_operator_3.py
[2024-11-18T03:01:40.967+0000] {processor.py:914} INFO - Processing file /home/airflow/.local/lib/python3.12/site-packages/airflow/example_dags/example_branch_python_dop_operator_3.py for tasks to queue
[2024-11-18T03:01:40.971+0000] {logging_mixin.py:190} INFO - [2024-11-18T03:01:40.971+0000] {dagbag.py:587} INFO - Filling up the DagBag from /home/airflow/.local/lib/python3.12/site-packages/airflow/example_dags/example_branch_python_dop_operator_3.py
[2024-11-18T03:01:40.999+0000] {processor.py:925} INFO - DAG(s) 'example_branch_dop_operator_v3' retrieved from /home/airflow/.local/lib/python3.12/site-packages/airflow/example_dags/example_branch_python_dop_operator_3.py
[2024-11-18T03:01:41.041+0000] {logging_mixin.py:190} INFO - [2024-11-18T03:01:41.041+0000] {dag.py:3229} INFO - Sync 1 DAGs
[2024-11-18T03:01:41.098+0000] {logging_mixin.py:190} INFO - [2024-11-18T03:01:41.098+0000] {dag.py:4156} INFO - Setting next_dagrun for example_branch_dop_operator_v3 to 2024-11-18 03:00:00+00:00, run_after=2024-11-18 03:01:00+00:00
[2024-11-18T03:01:41.137+0000] {processor.py:208} INFO - Processing /home/airflow/.local/lib/python3.12/site-packages/airflow/example_dags/example_branch_python_dop_operator_3.py took 0.186 seconds
[2024-11-18T03:02:11.256+0000] {processor.py:186} INFO - Started process (PID=883) to work on /home/airflow/.local/lib/python3.12/site-packages/airflow/example_dags/example_branch_python_dop_operator_3.py
[2024-11-18T03:02:11.260+0000] {processor.py:914} INFO - Processing file /home/airflow/.local/lib/python3.12/site-packages/airflow/example_dags/example_branch_python_dop_operator_3.py for tasks to queue
[2024-11-18T03:02:11.263+0000] {logging_mixin.py:190} INFO - [2024-11-18T03:02:11.263+0000] {dagbag.py:587} INFO - Filling up the DagBag from /home/airflow/.local/lib/python3.12/site-packages/airflow/example_dags/example_branch_python_dop_operator_3.py
[2024-11-18T03:02:11.283+0000] {processor.py:925} INFO - DAG(s) 'example_branch_dop_operator_v3' retrieved from /home/airflow/.local/lib/python3.12/site-packages/airflow/example_dags/example_branch_python_dop_operator_3.py
[2024-11-18T03:02:11.321+0000] {logging_mixin.py:190} INFO - [2024-11-18T03:02:11.321+0000] {dag.py:3229} INFO - Sync 1 DAGs
[2024-11-18T03:02:11.377+0000] {logging_mixin.py:190} INFO - [2024-11-18T03:02:11.377+0000] {dag.py:4156} INFO - Setting next_dagrun for example_branch_dop_operator_v3 to 2024-11-18 03:01:00+00:00, run_after=2024-11-18 03:02:00+00:00
[2024-11-18T03:02:11.423+0000] {processor.py:208} INFO - Processing /home/airflow/.local/lib/python3.12/site-packages/airflow/example_dags/example_branch_python_dop_operator_3.py took 0.179 seconds
[2024-11-18T03:02:41.719+0000] {processor.py:186} INFO - Started process (PID=945) to work on /home/airflow/.local/lib/python3.12/site-packages/airflow/example_dags/example_branch_python_dop_operator_3.py
[2024-11-18T03:02:41.720+0000] {processor.py:914} INFO - Processing file /home/airflow/.local/lib/python3.12/site-packages/airflow/example_dags/example_branch_python_dop_operator_3.py for tasks to queue
[2024-11-18T03:02:41.724+0000] {logging_mixin.py:190} INFO - [2024-11-18T03:02:41.724+0000] {dagbag.py:587} INFO - Filling up the DagBag from /home/airflow/.local/lib/python3.12/site-packages/airflow/example_dags/example_branch_python_dop_operator_3.py
[2024-11-18T03:02:41.746+0000] {processor.py:925} INFO - DAG(s) 'example_branch_dop_operator_v3' retrieved from /home/airflow/.local/lib/python3.12/site-packages/airflow/example_dags/example_branch_python_dop_operator_3.py
[2024-11-18T03:02:41.791+0000] {logging_mixin.py:190} INFO - [2024-11-18T03:02:41.791+0000] {dag.py:3229} INFO - Sync 1 DAGs
[2024-11-18T03:02:41.840+0000] {logging_mixin.py:190} INFO - [2024-11-18T03:02:41.840+0000] {dag.py:4156} INFO - Setting next_dagrun for example_branch_dop_operator_v3 to 2024-11-18 03:01:00+00:00, run_after=2024-11-18 03:02:00+00:00
[2024-11-18T03:02:41.873+0000] {processor.py:208} INFO - Processing /home/airflow/.local/lib/python3.12/site-packages/airflow/example_dags/example_branch_python_dop_operator_3.py took 0.169 seconds
[2024-11-18T03:03:12.078+0000] {processor.py:186} INFO - Started process (PID=1007) to work on /home/airflow/.local/lib/python3.12/site-packages/airflow/example_dags/example_branch_python_dop_operator_3.py
[2024-11-18T03:03:12.085+0000] {processor.py:914} INFO - Processing file /home/airflow/.local/lib/python3.12/site-packages/airflow/example_dags/example_branch_python_dop_operator_3.py for tasks to queue
[2024-11-18T03:03:12.092+0000] {logging_mixin.py:190} INFO - [2024-11-18T03:03:12.090+0000] {dagbag.py:587} INFO - Filling up the DagBag from /home/airflow/.local/lib/python3.12/site-packages/airflow/example_dags/example_branch_python_dop_operator_3.py
[2024-11-18T03:03:12.138+0000] {processor.py:925} INFO - DAG(s) 'example_branch_dop_operator_v3' retrieved from /home/airflow/.local/lib/python3.12/site-packages/airflow/example_dags/example_branch_python_dop_operator_3.py
[2024-11-18T03:03:12.217+0000] {logging_mixin.py:190} INFO - [2024-11-18T03:03:12.217+0000] {dag.py:3229} INFO - Sync 1 DAGs
[2024-11-18T03:03:12.324+0000] {logging_mixin.py:190} INFO - [2024-11-18T03:03:12.324+0000] {dag.py:4156} INFO - Setting next_dagrun for example_branch_dop_operator_v3 to 2024-11-18 03:02:00+00:00, run_after=2024-11-18 03:03:00+00:00
[2024-11-18T03:03:12.396+0000] {processor.py:208} INFO - Processing /home/airflow/.local/lib/python3.12/site-packages/airflow/example_dags/example_branch_python_dop_operator_3.py took 0.342 seconds
[2024-11-18T03:03:42.978+0000] {processor.py:186} INFO - Started process (PID=1068) to work on /home/airflow/.local/lib/python3.12/site-packages/airflow/example_dags/example_branch_python_dop_operator_3.py
[2024-11-18T03:03:42.978+0000] {processor.py:914} INFO - Processing file /home/airflow/.local/lib/python3.12/site-packages/airflow/example_dags/example_branch_python_dop_operator_3.py for tasks to queue
[2024-11-18T03:03:42.990+0000] {logging_mixin.py:190} INFO - [2024-11-18T03:03:42.986+0000] {dagbag.py:587} INFO - Filling up the DagBag from /home/airflow/.local/lib/python3.12/site-packages/airflow/example_dags/example_branch_python_dop_operator_3.py
[2024-11-18T03:03:43.030+0000] {processor.py:925} INFO - DAG(s) 'example_branch_dop_operator_v3' retrieved from /home/airflow/.local/lib/python3.12/site-packages/airflow/example_dags/example_branch_python_dop_operator_3.py
[2024-11-18T03:03:43.113+0000] {logging_mixin.py:190} INFO - [2024-11-18T03:03:43.113+0000] {dag.py:3229} INFO - Sync 1 DAGs
[2024-11-18T03:03:43.209+0000] {logging_mixin.py:190} INFO - [2024-11-18T03:03:43.209+0000] {dag.py:4156} INFO - Setting next_dagrun for example_branch_dop_operator_v3 to 2024-11-18 03:02:00+00:00, run_after=2024-11-18 03:03:00+00:00
[2024-11-18T03:03:43.283+0000] {processor.py:208} INFO - Processing /home/airflow/.local/lib/python3.12/site-packages/airflow/example_dags/example_branch_python_dop_operator_3.py took 0.333 seconds
[2024-11-18T03:04:13.383+0000] {processor.py:186} INFO - Started process (PID=1129) to work on /home/airflow/.local/lib/python3.12/site-packages/airflow/example_dags/example_branch_python_dop_operator_3.py
[2024-11-18T03:04:13.385+0000] {processor.py:914} INFO - Processing file /home/airflow/.local/lib/python3.12/site-packages/airflow/example_dags/example_branch_python_dop_operator_3.py for tasks to queue
[2024-11-18T03:04:13.387+0000] {logging_mixin.py:190} INFO - [2024-11-18T03:04:13.387+0000] {dagbag.py:587} INFO - Filling up the DagBag from /home/airflow/.local/lib/python3.12/site-packages/airflow/example_dags/example_branch_python_dop_operator_3.py
[2024-11-18T03:04:13.397+0000] {processor.py:925} INFO - DAG(s) 'example_branch_dop_operator_v3' retrieved from /home/airflow/.local/lib/python3.12/site-packages/airflow/example_dags/example_branch_python_dop_operator_3.py
[2024-11-18T03:04:13.416+0000] {logging_mixin.py:190} INFO - [2024-11-18T03:04:13.416+0000] {dag.py:3229} INFO - Sync 1 DAGs
[2024-11-18T03:04:13.441+0000] {logging_mixin.py:190} INFO - [2024-11-18T03:04:13.440+0000] {dag.py:4156} INFO - Setting next_dagrun for example_branch_dop_operator_v3 to 2024-11-18 03:03:00+00:00, run_after=2024-11-18 03:04:00+00:00
[2024-11-18T03:04:13.457+0000] {processor.py:208} INFO - Processing /home/airflow/.local/lib/python3.12/site-packages/airflow/example_dags/example_branch_python_dop_operator_3.py took 0.080 seconds
[2024-11-18T03:04:43.527+0000] {processor.py:186} INFO - Started process (PID=1190) to work on /home/airflow/.local/lib/python3.12/site-packages/airflow/example_dags/example_branch_python_dop_operator_3.py
[2024-11-18T03:04:43.529+0000] {processor.py:914} INFO - Processing file /home/airflow/.local/lib/python3.12/site-packages/airflow/example_dags/example_branch_python_dop_operator_3.py for tasks to queue
[2024-11-18T03:04:43.533+0000] {logging_mixin.py:190} INFO - [2024-11-18T03:04:43.533+0000] {dagbag.py:587} INFO - Filling up the DagBag from /home/airflow/.local/lib/python3.12/site-packages/airflow/example_dags/example_branch_python_dop_operator_3.py
[2024-11-18T03:04:43.555+0000] {processor.py:925} INFO - DAG(s) 'example_branch_dop_operator_v3' retrieved from /home/airflow/.local/lib/python3.12/site-packages/airflow/example_dags/example_branch_python_dop_operator_3.py
[2024-11-18T03:04:43.594+0000] {logging_mixin.py:190} INFO - [2024-11-18T03:04:43.594+0000] {dag.py:3229} INFO - Sync 1 DAGs
[2024-11-18T03:04:43.641+0000] {logging_mixin.py:190} INFO - [2024-11-18T03:04:43.640+0000] {dag.py:4156} INFO - Setting next_dagrun for example_branch_dop_operator_v3 to 2024-11-18 03:03:00+00:00, run_after=2024-11-18 03:04:00+00:00
[2024-11-18T03:04:43.674+0000] {processor.py:208} INFO - Processing /home/airflow/.local/lib/python3.12/site-packages/airflow/example_dags/example_branch_python_dop_operator_3.py took 0.164 seconds
[2024-11-18T03:05:13.877+0000] {processor.py:186} INFO - Started process (PID=1252) to work on /home/airflow/.local/lib/python3.12/site-packages/airflow/example_dags/example_branch_python_dop_operator_3.py
[2024-11-18T03:05:13.880+0000] {processor.py:914} INFO - Processing file /home/airflow/.local/lib/python3.12/site-packages/airflow/example_dags/example_branch_python_dop_operator_3.py for tasks to queue
[2024-11-18T03:05:13.885+0000] {logging_mixin.py:190} INFO - [2024-11-18T03:05:13.884+0000] {dagbag.py:587} INFO - Filling up the DagBag from /home/airflow/.local/lib/python3.12/site-packages/airflow/example_dags/example_branch_python_dop_operator_3.py
[2024-11-18T03:05:13.906+0000] {processor.py:925} INFO - DAG(s) 'example_branch_dop_operator_v3' retrieved from /home/airflow/.local/lib/python3.12/site-packages/airflow/example_dags/example_branch_python_dop_operator_3.py
[2024-11-18T03:05:13.947+0000] {logging_mixin.py:190} INFO - [2024-11-18T03:05:13.947+0000] {dag.py:3229} INFO - Sync 1 DAGs
[2024-11-18T03:05:14.013+0000] {logging_mixin.py:190} INFO - [2024-11-18T03:05:14.012+0000] {dag.py:4156} INFO - Setting next_dagrun for example_branch_dop_operator_v3 to 2024-11-18 03:04:00+00:00, run_after=2024-11-18 03:05:00+00:00
[2024-11-18T03:05:14.057+0000] {processor.py:208} INFO - Processing /home/airflow/.local/lib/python3.12/site-packages/airflow/example_dags/example_branch_python_dop_operator_3.py took 0.197 seconds
[2024-11-18T03:05:44.211+0000] {processor.py:186} INFO - Started process (PID=1314) to work on /home/airflow/.local/lib/python3.12/site-packages/airflow/example_dags/example_branch_python_dop_operator_3.py
[2024-11-18T03:05:44.214+0000] {processor.py:914} INFO - Processing file /home/airflow/.local/lib/python3.12/site-packages/airflow/example_dags/example_branch_python_dop_operator_3.py for tasks to queue
[2024-11-18T03:05:44.219+0000] {logging_mixin.py:190} INFO - [2024-11-18T03:05:44.217+0000] {dagbag.py:587} INFO - Filling up the DagBag from /home/airflow/.local/lib/python3.12/site-packages/airflow/example_dags/example_branch_python_dop_operator_3.py
[2024-11-18T03:05:44.244+0000] {processor.py:925} INFO - DAG(s) 'example_branch_dop_operator_v3' retrieved from /home/airflow/.local/lib/python3.12/site-packages/airflow/example_dags/example_branch_python_dop_operator_3.py
[2024-11-18T03:05:44.281+0000] {logging_mixin.py:190} INFO - [2024-11-18T03:05:44.281+0000] {dag.py:3229} INFO - Sync 1 DAGs
[2024-11-18T03:05:44.335+0000] {logging_mixin.py:190} INFO - [2024-11-18T03:05:44.330+0000] {dag.py:4156} INFO - Setting next_dagrun for example_branch_dop_operator_v3 to 2024-11-18 03:04:00+00:00, run_after=2024-11-18 03:05:00+00:00
[2024-11-18T03:05:44.366+0000] {processor.py:208} INFO - Processing /home/airflow/.local/lib/python3.12/site-packages/airflow/example_dags/example_branch_python_dop_operator_3.py took 0.172 seconds
[2024-11-18T03:06:14.436+0000] {processor.py:186} INFO - Started process (PID=1376) to work on /home/airflow/.local/lib/python3.12/site-packages/airflow/example_dags/example_branch_python_dop_operator_3.py
[2024-11-18T03:06:14.436+0000] {processor.py:914} INFO - Processing file /home/airflow/.local/lib/python3.12/site-packages/airflow/example_dags/example_branch_python_dop_operator_3.py for tasks to queue
[2024-11-18T03:06:14.442+0000] {logging_mixin.py:190} INFO - [2024-11-18T03:06:14.440+0000] {dagbag.py:587} INFO - Filling up the DagBag from /home/airflow/.local/lib/python3.12/site-packages/airflow/example_dags/example_branch_python_dop_operator_3.py
[2024-11-18T03:06:14.463+0000] {processor.py:925} INFO - DAG(s) 'example_branch_dop_operator_v3' retrieved from /home/airflow/.local/lib/python3.12/site-packages/airflow/example_dags/example_branch_python_dop_operator_3.py
[2024-11-18T03:06:14.505+0000] {logging_mixin.py:190} INFO - [2024-11-18T03:06:14.505+0000] {dag.py:3229} INFO - Sync 1 DAGs
[2024-11-18T03:06:14.558+0000] {logging_mixin.py:190} INFO - [2024-11-18T03:06:14.558+0000] {dag.py:4156} INFO - Setting next_dagrun for example_branch_dop_operator_v3 to 2024-11-18 03:05:00+00:00, run_after=2024-11-18 03:06:00+00:00
[2024-11-18T03:06:14.587+0000] {processor.py:208} INFO - Processing /home/airflow/.local/lib/python3.12/site-packages/airflow/example_dags/example_branch_python_dop_operator_3.py took 0.163 seconds
[2024-11-18T03:06:45.461+0000] {processor.py:186} INFO - Started process (PID=1438) to work on /home/airflow/.local/lib/python3.12/site-packages/airflow/example_dags/example_branch_python_dop_operator_3.py
[2024-11-18T03:06:45.469+0000] {processor.py:914} INFO - Processing file /home/airflow/.local/lib/python3.12/site-packages/airflow/example_dags/example_branch_python_dop_operator_3.py for tasks to queue
[2024-11-18T03:06:45.475+0000] {logging_mixin.py:190} INFO - [2024-11-18T03:06:45.475+0000] {dagbag.py:587} INFO - Filling up the DagBag from /home/airflow/.local/lib/python3.12/site-packages/airflow/example_dags/example_branch_python_dop_operator_3.py
[2024-11-18T03:06:45.519+0000] {processor.py:925} INFO - DAG(s) 'example_branch_dop_operator_v3' retrieved from /home/airflow/.local/lib/python3.12/site-packages/airflow/example_dags/example_branch_python_dop_operator_3.py
[2024-11-18T03:06:45.595+0000] {logging_mixin.py:190} INFO - [2024-11-18T03:06:45.594+0000] {dag.py:3229} INFO - Sync 1 DAGs
[2024-11-18T03:06:45.701+0000] {logging_mixin.py:190} INFO - [2024-11-18T03:06:45.701+0000] {dag.py:4156} INFO - Setting next_dagrun for example_branch_dop_operator_v3 to 2024-11-18 03:05:00+00:00, run_after=2024-11-18 03:06:00+00:00
[2024-11-18T03:06:45.762+0000] {processor.py:208} INFO - Processing /home/airflow/.local/lib/python3.12/site-packages/airflow/example_dags/example_branch_python_dop_operator_3.py took 0.339 seconds
[2024-11-18T03:07:15.995+0000] {processor.py:186} INFO - Started process (PID=1500) to work on /home/airflow/.local/lib/python3.12/site-packages/airflow/example_dags/example_branch_python_dop_operator_3.py
[2024-11-18T03:07:15.997+0000] {processor.py:914} INFO - Processing file /home/airflow/.local/lib/python3.12/site-packages/airflow/example_dags/example_branch_python_dop_operator_3.py for tasks to queue
[2024-11-18T03:07:16.001+0000] {logging_mixin.py:190} INFO - [2024-11-18T03:07:16.001+0000] {dagbag.py:587} INFO - Filling up the DagBag from /home/airflow/.local/lib/python3.12/site-packages/airflow/example_dags/example_branch_python_dop_operator_3.py
[2024-11-18T03:07:16.022+0000] {processor.py:925} INFO - DAG(s) 'example_branch_dop_operator_v3' retrieved from /home/airflow/.local/lib/python3.12/site-packages/airflow/example_dags/example_branch_python_dop_operator_3.py
[2024-11-18T03:07:16.060+0000] {logging_mixin.py:190} INFO - [2024-11-18T03:07:16.060+0000] {dag.py:3229} INFO - Sync 1 DAGs
[2024-11-18T03:07:16.110+0000] {logging_mixin.py:190} INFO - [2024-11-18T03:07:16.110+0000] {dag.py:4156} INFO - Setting next_dagrun for example_branch_dop_operator_v3 to 2024-11-18 03:06:00+00:00, run_after=2024-11-18 03:07:00+00:00
[2024-11-18T03:07:16.144+0000] {processor.py:208} INFO - Processing /home/airflow/.local/lib/python3.12/site-packages/airflow/example_dags/example_branch_python_dop_operator_3.py took 0.162 seconds
[2024-11-18T03:07:46.865+0000] {processor.py:186} INFO - Started process (PID=1561) to work on /home/airflow/.local/lib/python3.12/site-packages/airflow/example_dags/example_branch_python_dop_operator_3.py
[2024-11-18T03:07:46.870+0000] {processor.py:914} INFO - Processing file /home/airflow/.local/lib/python3.12/site-packages/airflow/example_dags/example_branch_python_dop_operator_3.py for tasks to queue
[2024-11-18T03:07:46.879+0000] {logging_mixin.py:190} INFO - [2024-11-18T03:07:46.875+0000] {dagbag.py:587} INFO - Filling up the DagBag from /home/airflow/.local/lib/python3.12/site-packages/airflow/example_dags/example_branch_python_dop_operator_3.py
[2024-11-18T03:07:46.925+0000] {processor.py:925} INFO - DAG(s) 'example_branch_dop_operator_v3' retrieved from /home/airflow/.local/lib/python3.12/site-packages/airflow/example_dags/example_branch_python_dop_operator_3.py
[2024-11-18T03:07:47.010+0000] {logging_mixin.py:190} INFO - [2024-11-18T03:07:47.010+0000] {dag.py:3229} INFO - Sync 1 DAGs
[2024-11-18T03:07:47.118+0000] {logging_mixin.py:190} INFO - [2024-11-18T03:07:47.118+0000] {dag.py:4156} INFO - Setting next_dagrun for example_branch_dop_operator_v3 to 2024-11-18 03:06:00+00:00, run_after=2024-11-18 03:07:00+00:00
[2024-11-18T03:07:47.155+0000] {processor.py:208} INFO - Processing /home/airflow/.local/lib/python3.12/site-packages/airflow/example_dags/example_branch_python_dop_operator_3.py took 0.318 seconds
[2024-11-18T03:08:17.846+0000] {processor.py:186} INFO - Started process (PID=1623) to work on /home/airflow/.local/lib/python3.12/site-packages/airflow/example_dags/example_branch_python_dop_operator_3.py
[2024-11-18T03:08:17.848+0000] {processor.py:914} INFO - Processing file /home/airflow/.local/lib/python3.12/site-packages/airflow/example_dags/example_branch_python_dop_operator_3.py for tasks to queue
[2024-11-18T03:08:17.853+0000] {logging_mixin.py:190} INFO - [2024-11-18T03:08:17.853+0000] {dagbag.py:587} INFO - Filling up the DagBag from /home/airflow/.local/lib/python3.12/site-packages/airflow/example_dags/example_branch_python_dop_operator_3.py
[2024-11-18T03:08:17.879+0000] {processor.py:925} INFO - DAG(s) 'example_branch_dop_operator_v3' retrieved from /home/airflow/.local/lib/python3.12/site-packages/airflow/example_dags/example_branch_python_dop_operator_3.py
[2024-11-18T03:08:17.925+0000] {logging_mixin.py:190} INFO - [2024-11-18T03:08:17.925+0000] {dag.py:3229} INFO - Sync 1 DAGs
[2024-11-18T03:08:17.976+0000] {logging_mixin.py:190} INFO - [2024-11-18T03:08:17.976+0000] {dag.py:4156} INFO - Setting next_dagrun for example_branch_dop_operator_v3 to 2024-11-18 03:07:00+00:00, run_after=2024-11-18 03:08:00+00:00
[2024-11-18T03:08:18.005+0000] {processor.py:208} INFO - Processing /home/airflow/.local/lib/python3.12/site-packages/airflow/example_dags/example_branch_python_dop_operator_3.py took 0.173 seconds
[2024-11-18T03:08:48.072+0000] {processor.py:186} INFO - Started process (PID=1687) to work on /home/airflow/.local/lib/python3.12/site-packages/airflow/example_dags/example_branch_python_dop_operator_3.py
[2024-11-18T03:08:48.075+0000] {processor.py:914} INFO - Processing file /home/airflow/.local/lib/python3.12/site-packages/airflow/example_dags/example_branch_python_dop_operator_3.py for tasks to queue
[2024-11-18T03:08:48.077+0000] {logging_mixin.py:190} INFO - [2024-11-18T03:08:48.077+0000] {dagbag.py:587} INFO - Filling up the DagBag from /home/airflow/.local/lib/python3.12/site-packages/airflow/example_dags/example_branch_python_dop_operator_3.py
[2024-11-18T03:08:48.100+0000] {processor.py:925} INFO - DAG(s) 'example_branch_dop_operator_v3' retrieved from /home/airflow/.local/lib/python3.12/site-packages/airflow/example_dags/example_branch_python_dop_operator_3.py
[2024-11-18T03:08:48.138+0000] {logging_mixin.py:190} INFO - [2024-11-18T03:08:48.138+0000] {dag.py:3229} INFO - Sync 1 DAGs
[2024-11-18T03:08:48.190+0000] {logging_mixin.py:190} INFO - [2024-11-18T03:08:48.189+0000] {dag.py:4156} INFO - Setting next_dagrun for example_branch_dop_operator_v3 to 2024-11-18 03:07:00+00:00, run_after=2024-11-18 03:08:00+00:00
[2024-11-18T03:08:48.210+0000] {processor.py:208} INFO - Processing /home/airflow/.local/lib/python3.12/site-packages/airflow/example_dags/example_branch_python_dop_operator_3.py took 0.151 seconds
[2024-11-18T03:09:19.032+0000] {processor.py:186} INFO - Started process (PID=1749) to work on /home/airflow/.local/lib/python3.12/site-packages/airflow/example_dags/example_branch_python_dop_operator_3.py
[2024-11-18T03:09:19.035+0000] {processor.py:914} INFO - Processing file /home/airflow/.local/lib/python3.12/site-packages/airflow/example_dags/example_branch_python_dop_operator_3.py for tasks to queue
[2024-11-18T03:09:19.040+0000] {logging_mixin.py:190} INFO - [2024-11-18T03:09:19.038+0000] {dagbag.py:587} INFO - Filling up the DagBag from /home/airflow/.local/lib/python3.12/site-packages/airflow/example_dags/example_branch_python_dop_operator_3.py
[2024-11-18T03:09:19.060+0000] {processor.py:925} INFO - DAG(s) 'example_branch_dop_operator_v3' retrieved from /home/airflow/.local/lib/python3.12/site-packages/airflow/example_dags/example_branch_python_dop_operator_3.py
[2024-11-18T03:09:19.095+0000] {logging_mixin.py:190} INFO - [2024-11-18T03:09:19.095+0000] {dag.py:3229} INFO - Sync 1 DAGs
[2024-11-18T03:09:19.144+0000] {logging_mixin.py:190} INFO - [2024-11-18T03:09:19.144+0000] {dag.py:4156} INFO - Setting next_dagrun for example_branch_dop_operator_v3 to 2024-11-18 03:08:00+00:00, run_after=2024-11-18 03:09:00+00:00
[2024-11-18T03:09:19.173+0000] {processor.py:208} INFO - Processing /home/airflow/.local/lib/python3.12/site-packages/airflow/example_dags/example_branch_python_dop_operator_3.py took 0.156 seconds
[2024-11-18T03:09:49.361+0000] {processor.py:186} INFO - Started process (PID=1812) to work on /home/airflow/.local/lib/python3.12/site-packages/airflow/example_dags/example_branch_python_dop_operator_3.py
[2024-11-18T03:09:49.362+0000] {processor.py:914} INFO - Processing file /home/airflow/.local/lib/python3.12/site-packages/airflow/example_dags/example_branch_python_dop_operator_3.py for tasks to queue
[2024-11-18T03:09:49.368+0000] {logging_mixin.py:190} INFO - [2024-11-18T03:09:49.368+0000] {dagbag.py:587} INFO - Filling up the DagBag from /home/airflow/.local/lib/python3.12/site-packages/airflow/example_dags/example_branch_python_dop_operator_3.py
[2024-11-18T03:09:49.393+0000] {processor.py:925} INFO - DAG(s) 'example_branch_dop_operator_v3' retrieved from /home/airflow/.local/lib/python3.12/site-packages/airflow/example_dags/example_branch_python_dop_operator_3.py
[2024-11-18T03:09:49.430+0000] {logging_mixin.py:190} INFO - [2024-11-18T03:09:49.430+0000] {dag.py:3229} INFO - Sync 1 DAGs
[2024-11-18T03:09:49.483+0000] {logging_mixin.py:190} INFO - [2024-11-18T03:09:49.483+0000] {dag.py:4156} INFO - Setting next_dagrun for example_branch_dop_operator_v3 to 2024-11-18 03:08:00+00:00, run_after=2024-11-18 03:09:00+00:00
[2024-11-18T03:09:49.509+0000] {processor.py:208} INFO - Processing /home/airflow/.local/lib/python3.12/site-packages/airflow/example_dags/example_branch_python_dop_operator_3.py took 0.162 seconds
[2024-11-18T03:10:19.632+0000] {processor.py:186} INFO - Started process (PID=1875) to work on /home/airflow/.local/lib/python3.12/site-packages/airflow/example_dags/example_branch_python_dop_operator_3.py
[2024-11-18T03:10:19.633+0000] {processor.py:914} INFO - Processing file /home/airflow/.local/lib/python3.12/site-packages/airflow/example_dags/example_branch_python_dop_operator_3.py for tasks to queue
[2024-11-18T03:10:19.637+0000] {logging_mixin.py:190} INFO - [2024-11-18T03:10:19.637+0000] {dagbag.py:587} INFO - Filling up the DagBag from /home/airflow/.local/lib/python3.12/site-packages/airflow/example_dags/example_branch_python_dop_operator_3.py
[2024-11-18T03:10:19.658+0000] {processor.py:925} INFO - DAG(s) 'example_branch_dop_operator_v3' retrieved from /home/airflow/.local/lib/python3.12/site-packages/airflow/example_dags/example_branch_python_dop_operator_3.py
[2024-11-18T03:10:19.696+0000] {logging_mixin.py:190} INFO - [2024-11-18T03:10:19.696+0000] {dag.py:3229} INFO - Sync 1 DAGs
[2024-11-18T03:10:19.746+0000] {logging_mixin.py:190} INFO - [2024-11-18T03:10:19.744+0000] {dag.py:4156} INFO - Setting next_dagrun for example_branch_dop_operator_v3 to 2024-11-18 03:09:00+00:00, run_after=2024-11-18 03:10:00+00:00
[2024-11-18T03:10:19.764+0000] {processor.py:208} INFO - Processing /home/airflow/.local/lib/python3.12/site-packages/airflow/example_dags/example_branch_python_dop_operator_3.py took 0.148 seconds
[2024-11-18T03:10:54.649+0000] {processor.py:186} INFO - Started process (PID=1943) to work on /home/airflow/.local/lib/python3.12/site-packages/airflow/example_dags/example_branch_python_dop_operator_3.py
[2024-11-18T03:10:54.821+0000] {processor.py:914} INFO - Processing file /home/airflow/.local/lib/python3.12/site-packages/airflow/example_dags/example_branch_python_dop_operator_3.py for tasks to queue
[2024-11-18T03:10:54.845+0000] {logging_mixin.py:190} INFO - [2024-11-18T03:10:54.840+0000] {dagbag.py:587} INFO - Filling up the DagBag from /home/airflow/.local/lib/python3.12/site-packages/airflow/example_dags/example_branch_python_dop_operator_3.py
[2024-11-18T03:10:54.970+0000] {processor.py:925} INFO - DAG(s) 'example_branch_dop_operator_v3' retrieved from /home/airflow/.local/lib/python3.12/site-packages/airflow/example_dags/example_branch_python_dop_operator_3.py
[2024-11-18T03:10:55.227+0000] {logging_mixin.py:190} INFO - [2024-11-18T03:10:55.216+0000] {dag.py:3229} INFO - Sync 1 DAGs
[2024-11-18T03:10:55.582+0000] {logging_mixin.py:190} INFO - [2024-11-18T03:10:55.582+0000] {dag.py:4156} INFO - Setting next_dagrun for example_branch_dop_operator_v3 to 2024-11-18 03:09:00+00:00, run_after=2024-11-18 03:10:00+00:00
[2024-11-18T03:10:55.832+0000] {processor.py:208} INFO - Processing /home/airflow/.local/lib/python3.12/site-packages/airflow/example_dags/example_branch_python_dop_operator_3.py took 1.289 seconds
[2024-11-18T03:11:26.806+0000] {processor.py:186} INFO - Started process (PID=2005) to work on /home/airflow/.local/lib/python3.12/site-packages/airflow/example_dags/example_branch_python_dop_operator_3.py
[2024-11-18T03:11:26.810+0000] {processor.py:914} INFO - Processing file /home/airflow/.local/lib/python3.12/site-packages/airflow/example_dags/example_branch_python_dop_operator_3.py for tasks to queue
[2024-11-18T03:11:26.816+0000] {logging_mixin.py:190} INFO - [2024-11-18T03:11:26.814+0000] {dagbag.py:587} INFO - Filling up the DagBag from /home/airflow/.local/lib/python3.12/site-packages/airflow/example_dags/example_branch_python_dop_operator_3.py
[2024-11-18T03:11:26.844+0000] {processor.py:925} INFO - DAG(s) 'example_branch_dop_operator_v3' retrieved from /home/airflow/.local/lib/python3.12/site-packages/airflow/example_dags/example_branch_python_dop_operator_3.py
[2024-11-18T03:11:26.899+0000] {logging_mixin.py:190} INFO - [2024-11-18T03:11:26.899+0000] {dag.py:3229} INFO - Sync 1 DAGs
[2024-11-18T03:11:27.154+0000] {logging_mixin.py:190} INFO - [2024-11-18T03:11:27.150+0000] {dag.py:4156} INFO - Setting next_dagrun for example_branch_dop_operator_v3 to 2024-11-18 03:10:00+00:00, run_after=2024-11-18 03:11:00+00:00
[2024-11-18T03:11:27.201+0000] {processor.py:208} INFO - Processing /home/airflow/.local/lib/python3.12/site-packages/airflow/example_dags/example_branch_python_dop_operator_3.py took 0.435 seconds
[2024-11-18T03:11:57.975+0000] {processor.py:186} INFO - Started process (PID=2067) to work on /home/airflow/.local/lib/python3.12/site-packages/airflow/example_dags/example_branch_python_dop_operator_3.py
[2024-11-18T03:11:57.977+0000] {processor.py:914} INFO - Processing file /home/airflow/.local/lib/python3.12/site-packages/airflow/example_dags/example_branch_python_dop_operator_3.py for tasks to queue
[2024-11-18T03:11:58.016+0000] {logging_mixin.py:190} INFO - [2024-11-18T03:11:58.015+0000] {dagbag.py:587} INFO - Filling up the DagBag from /home/airflow/.local/lib/python3.12/site-packages/airflow/example_dags/example_branch_python_dop_operator_3.py
[2024-11-18T03:11:58.043+0000] {processor.py:925} INFO - DAG(s) 'example_branch_dop_operator_v3' retrieved from /home/airflow/.local/lib/python3.12/site-packages/airflow/example_dags/example_branch_python_dop_operator_3.py
[2024-11-18T03:11:58.120+0000] {logging_mixin.py:190} INFO - [2024-11-18T03:11:58.119+0000] {dag.py:3229} INFO - Sync 1 DAGs
[2024-11-18T03:11:58.175+0000] {logging_mixin.py:190} INFO - [2024-11-18T03:11:58.175+0000] {dag.py:4156} INFO - Setting next_dagrun for example_branch_dop_operator_v3 to 2024-11-18 03:10:00+00:00, run_after=2024-11-18 03:11:00+00:00
[2024-11-18T03:11:58.242+0000] {processor.py:208} INFO - Processing /home/airflow/.local/lib/python3.12/site-packages/airflow/example_dags/example_branch_python_dop_operator_3.py took 0.279 seconds
[2024-11-18T03:12:29.073+0000] {processor.py:186} INFO - Started process (PID=2130) to work on /home/airflow/.local/lib/python3.12/site-packages/airflow/example_dags/example_branch_python_dop_operator_3.py
[2024-11-18T03:12:29.196+0000] {processor.py:914} INFO - Processing file /home/airflow/.local/lib/python3.12/site-packages/airflow/example_dags/example_branch_python_dop_operator_3.py for tasks to queue
[2024-11-18T03:12:29.226+0000] {logging_mixin.py:190} INFO - [2024-11-18T03:12:29.226+0000] {dagbag.py:587} INFO - Filling up the DagBag from /home/airflow/.local/lib/python3.12/site-packages/airflow/example_dags/example_branch_python_dop_operator_3.py
[2024-11-18T03:12:29.288+0000] {processor.py:925} INFO - DAG(s) 'example_branch_dop_operator_v3' retrieved from /home/airflow/.local/lib/python3.12/site-packages/airflow/example_dags/example_branch_python_dop_operator_3.py
[2024-11-18T03:12:29.400+0000] {logging_mixin.py:190} INFO - [2024-11-18T03:12:29.400+0000] {dag.py:3229} INFO - Sync 1 DAGs
[2024-11-18T03:12:29.556+0000] {logging_mixin.py:190} INFO - [2024-11-18T03:12:29.556+0000] {dag.py:4156} INFO - Setting next_dagrun for example_branch_dop_operator_v3 to 2024-11-18 03:11:00+00:00, run_after=2024-11-18 03:12:00+00:00
[2024-11-18T03:12:29.686+0000] {processor.py:208} INFO - Processing /home/airflow/.local/lib/python3.12/site-packages/airflow/example_dags/example_branch_python_dop_operator_3.py took 0.680 seconds
[2024-11-18T03:13:00.545+0000] {processor.py:186} INFO - Started process (PID=2192) to work on /home/airflow/.local/lib/python3.12/site-packages/airflow/example_dags/example_branch_python_dop_operator_3.py
[2024-11-18T03:13:00.549+0000] {processor.py:914} INFO - Processing file /home/airflow/.local/lib/python3.12/site-packages/airflow/example_dags/example_branch_python_dop_operator_3.py for tasks to queue
[2024-11-18T03:13:00.556+0000] {logging_mixin.py:190} INFO - [2024-11-18T03:13:00.554+0000] {dagbag.py:587} INFO - Filling up the DagBag from /home/airflow/.local/lib/python3.12/site-packages/airflow/example_dags/example_branch_python_dop_operator_3.py
[2024-11-18T03:13:00.600+0000] {processor.py:925} INFO - DAG(s) 'example_branch_dop_operator_v3' retrieved from /home/airflow/.local/lib/python3.12/site-packages/airflow/example_dags/example_branch_python_dop_operator_3.py
[2024-11-18T03:13:00.764+0000] {logging_mixin.py:190} INFO - [2024-11-18T03:13:00.751+0000] {dag.py:3229} INFO - Sync 1 DAGs
[2024-11-18T03:13:00.958+0000] {logging_mixin.py:190} INFO - [2024-11-18T03:13:00.958+0000] {dag.py:4156} INFO - Setting next_dagrun for example_branch_dop_operator_v3 to 2024-11-18 03:12:00+00:00, run_after=2024-11-18 03:13:00+00:00
[2024-11-18T03:13:01.026+0000] {processor.py:208} INFO - Processing /home/airflow/.local/lib/python3.12/site-packages/airflow/example_dags/example_branch_python_dop_operator_3.py took 0.497 seconds
[2024-11-18T03:13:31.911+0000] {processor.py:186} INFO - Started process (PID=2253) to work on /home/airflow/.local/lib/python3.12/site-packages/airflow/example_dags/example_branch_python_dop_operator_3.py
[2024-11-18T03:13:31.914+0000] {processor.py:914} INFO - Processing file /home/airflow/.local/lib/python3.12/site-packages/airflow/example_dags/example_branch_python_dop_operator_3.py for tasks to queue
[2024-11-18T03:13:31.919+0000] {logging_mixin.py:190} INFO - [2024-11-18T03:13:31.919+0000] {dagbag.py:587} INFO - Filling up the DagBag from /home/airflow/.local/lib/python3.12/site-packages/airflow/example_dags/example_branch_python_dop_operator_3.py
[2024-11-18T03:13:31.947+0000] {processor.py:925} INFO - DAG(s) 'example_branch_dop_operator_v3' retrieved from /home/airflow/.local/lib/python3.12/site-packages/airflow/example_dags/example_branch_python_dop_operator_3.py
[2024-11-18T03:13:32.133+0000] {logging_mixin.py:190} INFO - [2024-11-18T03:13:32.130+0000] {dag.py:3229} INFO - Sync 1 DAGs
[2024-11-18T03:13:32.259+0000] {logging_mixin.py:190} INFO - [2024-11-18T03:13:32.258+0000] {dag.py:4156} INFO - Setting next_dagrun for example_branch_dop_operator_v3 to 2024-11-18 03:12:00+00:00, run_after=2024-11-18 03:13:00+00:00
[2024-11-18T03:13:32.313+0000] {processor.py:208} INFO - Processing /home/airflow/.local/lib/python3.12/site-packages/airflow/example_dags/example_branch_python_dop_operator_3.py took 0.427 seconds
[2024-11-18T03:14:03.282+0000] {processor.py:186} INFO - Started process (PID=2315) to work on /home/airflow/.local/lib/python3.12/site-packages/airflow/example_dags/example_branch_python_dop_operator_3.py
[2024-11-18T03:14:03.285+0000] {processor.py:914} INFO - Processing file /home/airflow/.local/lib/python3.12/site-packages/airflow/example_dags/example_branch_python_dop_operator_3.py for tasks to queue
[2024-11-18T03:14:03.292+0000] {logging_mixin.py:190} INFO - [2024-11-18T03:14:03.290+0000] {dagbag.py:587} INFO - Filling up the DagBag from /home/airflow/.local/lib/python3.12/site-packages/airflow/example_dags/example_branch_python_dop_operator_3.py
[2024-11-18T03:14:03.329+0000] {processor.py:925} INFO - DAG(s) 'example_branch_dop_operator_v3' retrieved from /home/airflow/.local/lib/python3.12/site-packages/airflow/example_dags/example_branch_python_dop_operator_3.py
[2024-11-18T03:14:03.468+0000] {logging_mixin.py:190} INFO - [2024-11-18T03:14:03.458+0000] {dag.py:3229} INFO - Sync 1 DAGs
[2024-11-18T03:14:03.658+0000] {logging_mixin.py:190} INFO - [2024-11-18T03:14:03.658+0000] {dag.py:4156} INFO - Setting next_dagrun for example_branch_dop_operator_v3 to 2024-11-18 03:13:00+00:00, run_after=2024-11-18 03:14:00+00:00
[2024-11-18T03:14:03.788+0000] {processor.py:208} INFO - Processing /home/airflow/.local/lib/python3.12/site-packages/airflow/example_dags/example_branch_python_dop_operator_3.py took 0.558 seconds
[2024-11-18T03:14:36.353+0000] {processor.py:186} INFO - Started process (PID=2377) to work on /home/airflow/.local/lib/python3.12/site-packages/airflow/example_dags/example_branch_python_dop_operator_3.py
[2024-11-18T03:14:36.465+0000] {processor.py:914} INFO - Processing file /home/airflow/.local/lib/python3.12/site-packages/airflow/example_dags/example_branch_python_dop_operator_3.py for tasks to queue
[2024-11-18T03:14:36.485+0000] {logging_mixin.py:190} INFO - [2024-11-18T03:14:36.479+0000] {dagbag.py:587} INFO - Filling up the DagBag from /home/airflow/.local/lib/python3.12/site-packages/airflow/example_dags/example_branch_python_dop_operator_3.py
[2024-11-18T03:14:36.559+0000] {processor.py:925} INFO - DAG(s) 'example_branch_dop_operator_v3' retrieved from /home/airflow/.local/lib/python3.12/site-packages/airflow/example_dags/example_branch_python_dop_operator_3.py
[2024-11-18T03:14:36.725+0000] {logging_mixin.py:190} INFO - [2024-11-18T03:14:36.719+0000] {dag.py:3229} INFO - Sync 1 DAGs
[2024-11-18T03:14:36.890+0000] {logging_mixin.py:190} INFO - [2024-11-18T03:14:36.889+0000] {dag.py:4156} INFO - Setting next_dagrun for example_branch_dop_operator_v3 to 2024-11-18 03:13:00+00:00, run_after=2024-11-18 03:14:00+00:00
[2024-11-18T03:14:36.975+0000] {processor.py:208} INFO - Processing /home/airflow/.local/lib/python3.12/site-packages/airflow/example_dags/example_branch_python_dop_operator_3.py took 0.643 seconds
[2024-11-18T03:15:10.144+0000] {processor.py:186} INFO - Started process (PID=2439) to work on /home/airflow/.local/lib/python3.12/site-packages/airflow/example_dags/example_branch_python_dop_operator_3.py
[2024-11-18T03:15:10.145+0000] {processor.py:914} INFO - Processing file /home/airflow/.local/lib/python3.12/site-packages/airflow/example_dags/example_branch_python_dop_operator_3.py for tasks to queue
[2024-11-18T03:15:10.148+0000] {logging_mixin.py:190} INFO - [2024-11-18T03:15:10.147+0000] {dagbag.py:587} INFO - Filling up the DagBag from /home/airflow/.local/lib/python3.12/site-packages/airflow/example_dags/example_branch_python_dop_operator_3.py
[2024-11-18T03:15:10.186+0000] {processor.py:925} INFO - DAG(s) 'example_branch_dop_operator_v3' retrieved from /home/airflow/.local/lib/python3.12/site-packages/airflow/example_dags/example_branch_python_dop_operator_3.py
[2024-11-18T03:15:10.223+0000] {logging_mixin.py:190} INFO - [2024-11-18T03:15:10.223+0000] {dag.py:3229} INFO - Sync 1 DAGs
[2024-11-18T03:15:10.295+0000] {logging_mixin.py:190} INFO - [2024-11-18T03:15:10.295+0000] {dag.py:4156} INFO - Setting next_dagrun for example_branch_dop_operator_v3 to 2024-11-18 03:14:00+00:00, run_after=2024-11-18 03:15:00+00:00
[2024-11-18T03:15:10.413+0000] {processor.py:208} INFO - Processing /home/airflow/.local/lib/python3.12/site-packages/airflow/example_dags/example_branch_python_dop_operator_3.py took 0.276 seconds
[2024-11-18T03:15:43.832+0000] {processor.py:186} INFO - Started process (PID=2500) to work on /home/airflow/.local/lib/python3.12/site-packages/airflow/example_dags/example_branch_python_dop_operator_3.py
[2024-11-18T03:15:43.894+0000] {processor.py:914} INFO - Processing file /home/airflow/.local/lib/python3.12/site-packages/airflow/example_dags/example_branch_python_dop_operator_3.py for tasks to queue
[2024-11-18T03:15:43.917+0000] {logging_mixin.py:190} INFO - [2024-11-18T03:15:43.912+0000] {dagbag.py:587} INFO - Filling up the DagBag from /home/airflow/.local/lib/python3.12/site-packages/airflow/example_dags/example_branch_python_dop_operator_3.py
[2024-11-18T03:15:43.977+0000] {processor.py:925} INFO - DAG(s) 'example_branch_dop_operator_v3' retrieved from /home/airflow/.local/lib/python3.12/site-packages/airflow/example_dags/example_branch_python_dop_operator_3.py
[2024-11-18T03:15:44.117+0000] {logging_mixin.py:190} INFO - [2024-11-18T03:15:44.117+0000] {dag.py:3229} INFO - Sync 1 DAGs
[2024-11-18T03:15:44.335+0000] {logging_mixin.py:190} INFO - [2024-11-18T03:15:44.332+0000] {dag.py:4156} INFO - Setting next_dagrun for example_branch_dop_operator_v3 to 2024-11-18 03:14:00+00:00, run_after=2024-11-18 03:15:00+00:00
[2024-11-18T03:15:44.569+0000] {processor.py:208} INFO - Processing /home/airflow/.local/lib/python3.12/site-packages/airflow/example_dags/example_branch_python_dop_operator_3.py took 0.775 seconds
[2024-11-18T03:16:15.548+0000] {processor.py:186} INFO - Started process (PID=2562) to work on /home/airflow/.local/lib/python3.12/site-packages/airflow/example_dags/example_branch_python_dop_operator_3.py
[2024-11-18T03:16:15.548+0000] {processor.py:914} INFO - Processing file /home/airflow/.local/lib/python3.12/site-packages/airflow/example_dags/example_branch_python_dop_operator_3.py for tasks to queue
[2024-11-18T03:16:15.585+0000] {logging_mixin.py:190} INFO - [2024-11-18T03:16:15.578+0000] {dagbag.py:587} INFO - Filling up the DagBag from /home/airflow/.local/lib/python3.12/site-packages/airflow/example_dags/example_branch_python_dop_operator_3.py
[2024-11-18T03:16:15.614+0000] {processor.py:925} INFO - DAG(s) 'example_branch_dop_operator_v3' retrieved from /home/airflow/.local/lib/python3.12/site-packages/airflow/example_dags/example_branch_python_dop_operator_3.py
[2024-11-18T03:16:15.694+0000] {logging_mixin.py:190} INFO - [2024-11-18T03:16:15.694+0000] {dag.py:3229} INFO - Sync 1 DAGs
[2024-11-18T03:16:15.914+0000] {logging_mixin.py:190} INFO - [2024-11-18T03:16:15.910+0000] {dag.py:4156} INFO - Setting next_dagrun for example_branch_dop_operator_v3 to 2024-11-18 03:15:00+00:00, run_after=2024-11-18 03:16:00+00:00
[2024-11-18T03:16:16.066+0000] {processor.py:208} INFO - Processing /home/airflow/.local/lib/python3.12/site-packages/airflow/example_dags/example_branch_python_dop_operator_3.py took 0.580 seconds
[2024-11-18T03:16:49.689+0000] {processor.py:186} INFO - Started process (PID=2622) to work on /home/airflow/.local/lib/python3.12/site-packages/airflow/example_dags/example_branch_python_dop_operator_3.py
[2024-11-18T03:16:49.720+0000] {processor.py:914} INFO - Processing file /home/airflow/.local/lib/python3.12/site-packages/airflow/example_dags/example_branch_python_dop_operator_3.py for tasks to queue
[2024-11-18T03:16:49.742+0000] {logging_mixin.py:190} INFO - [2024-11-18T03:16:49.742+0000] {dagbag.py:587} INFO - Filling up the DagBag from /home/airflow/.local/lib/python3.12/site-packages/airflow/example_dags/example_branch_python_dop_operator_3.py
[2024-11-18T03:16:49.762+0000] {processor.py:925} INFO - DAG(s) 'example_branch_dop_operator_v3' retrieved from /home/airflow/.local/lib/python3.12/site-packages/airflow/example_dags/example_branch_python_dop_operator_3.py
[2024-11-18T03:16:49.806+0000] {logging_mixin.py:190} INFO - [2024-11-18T03:16:49.805+0000] {dag.py:3229} INFO - Sync 1 DAGs
[2024-11-18T03:16:49.856+0000] {logging_mixin.py:190} INFO - [2024-11-18T03:16:49.856+0000] {dag.py:4156} INFO - Setting next_dagrun for example_branch_dop_operator_v3 to 2024-11-18 03:15:00+00:00, run_after=2024-11-18 03:16:00+00:00
[2024-11-18T03:16:49.969+0000] {processor.py:208} INFO - Processing /home/airflow/.local/lib/python3.12/site-packages/airflow/example_dags/example_branch_python_dop_operator_3.py took 0.330 seconds
