[2024-11-18T02:55:28.419+0000] {processor.py:186} INFO - Started process (PID=75) to work on /home/airflow/.local/lib/python3.12/site-packages/airflow/example_dags/example_xcomargs.py
[2024-11-18T02:55:28.419+0000] {processor.py:914} INFO - Processing file /home/airflow/.local/lib/python3.12/site-packages/airflow/example_dags/example_xcomargs.py for tasks to queue
[2024-11-18T02:55:28.445+0000] {logging_mixin.py:190} INFO - [2024-11-18T02:55:28.445+0000] {dagbag.py:587} INFO - Filling up the DagBag from /home/airflow/.local/lib/python3.12/site-packages/airflow/example_dags/example_xcomargs.py
[2024-11-18T02:55:28.558+0000] {processor.py:925} INFO - DAG(s) 'example_xcom_args_with_operators', 'example_xcom_args' retrieved from /home/airflow/.local/lib/python3.12/site-packages/airflow/example_dags/example_xcomargs.py
[2024-11-18T02:55:29.037+0000] {logging_mixin.py:190} INFO - [2024-11-18T02:55:29.036+0000] {dag.py:3229} INFO - Sync 2 DAGs
[2024-11-18T02:55:29.245+0000] {logging_mixin.py:190} INFO - [2024-11-18T02:55:29.240+0000] {dag.py:4156} INFO - Setting next_dagrun for example_xcom_args to None, run_after=None
[2024-11-18T02:55:29.273+0000] {logging_mixin.py:190} INFO - [2024-11-18T02:55:29.273+0000] {dag.py:4156} INFO - Setting next_dagrun for example_xcom_args_with_operators to None, run_after=None
[2024-11-18T02:55:29.401+0000] {processor.py:208} INFO - Processing /home/airflow/.local/lib/python3.12/site-packages/airflow/example_dags/example_xcomargs.py took 1.045 seconds
[2024-11-18T02:56:00.113+0000] {processor.py:186} INFO - Started process (PID=137) to work on /home/airflow/.local/lib/python3.12/site-packages/airflow/example_dags/example_xcomargs.py
[2024-11-18T02:56:00.119+0000] {processor.py:914} INFO - Processing file /home/airflow/.local/lib/python3.12/site-packages/airflow/example_dags/example_xcomargs.py for tasks to queue
[2024-11-18T02:56:00.131+0000] {logging_mixin.py:190} INFO - [2024-11-18T02:56:00.127+0000] {dagbag.py:587} INFO - Filling up the DagBag from /home/airflow/.local/lib/python3.12/site-packages/airflow/example_dags/example_xcomargs.py
[2024-11-18T02:56:00.155+0000] {processor.py:925} INFO - DAG(s) 'example_xcom_args', 'example_xcom_args_with_operators' retrieved from /home/airflow/.local/lib/python3.12/site-packages/airflow/example_dags/example_xcomargs.py
[2024-11-18T02:56:00.206+0000] {logging_mixin.py:190} INFO - [2024-11-18T02:56:00.206+0000] {dag.py:3229} INFO - Sync 2 DAGs
[2024-11-18T02:56:00.241+0000] {logging_mixin.py:190} INFO - [2024-11-18T02:56:00.241+0000] {dag.py:4156} INFO - Setting next_dagrun for example_xcom_args to None, run_after=None
[2024-11-18T02:56:00.250+0000] {logging_mixin.py:190} INFO - [2024-11-18T02:56:00.250+0000] {dag.py:4156} INFO - Setting next_dagrun for example_xcom_args_with_operators to None, run_after=None
[2024-11-18T02:56:00.285+0000] {processor.py:208} INFO - Processing /home/airflow/.local/lib/python3.12/site-packages/airflow/example_dags/example_xcomargs.py took 0.196 seconds
[2024-11-18T02:56:30.721+0000] {processor.py:186} INFO - Started process (PID=199) to work on /home/airflow/.local/lib/python3.12/site-packages/airflow/example_dags/example_xcomargs.py
[2024-11-18T02:56:30.724+0000] {processor.py:914} INFO - Processing file /home/airflow/.local/lib/python3.12/site-packages/airflow/example_dags/example_xcomargs.py for tasks to queue
[2024-11-18T02:56:30.734+0000] {logging_mixin.py:190} INFO - [2024-11-18T02:56:30.731+0000] {dagbag.py:587} INFO - Filling up the DagBag from /home/airflow/.local/lib/python3.12/site-packages/airflow/example_dags/example_xcomargs.py
[2024-11-18T02:56:30.756+0000] {processor.py:925} INFO - DAG(s) 'example_xcom_args', 'example_xcom_args_with_operators' retrieved from /home/airflow/.local/lib/python3.12/site-packages/airflow/example_dags/example_xcomargs.py
[2024-11-18T02:56:30.804+0000] {logging_mixin.py:190} INFO - [2024-11-18T02:56:30.804+0000] {dag.py:3229} INFO - Sync 2 DAGs
[2024-11-18T02:56:30.835+0000] {logging_mixin.py:190} INFO - [2024-11-18T02:56:30.833+0000] {dag.py:4156} INFO - Setting next_dagrun for example_xcom_args to None, run_after=None
[2024-11-18T02:56:30.840+0000] {logging_mixin.py:190} INFO - [2024-11-18T02:56:30.840+0000] {dag.py:4156} INFO - Setting next_dagrun for example_xcom_args_with_operators to None, run_after=None
[2024-11-18T02:56:30.866+0000] {processor.py:208} INFO - Processing /home/airflow/.local/lib/python3.12/site-packages/airflow/example_dags/example_xcomargs.py took 0.158 seconds
[2024-11-18T02:57:01.771+0000] {processor.py:186} INFO - Started process (PID=260) to work on /home/airflow/.local/lib/python3.12/site-packages/airflow/example_dags/example_xcomargs.py
[2024-11-18T02:57:01.778+0000] {processor.py:914} INFO - Processing file /home/airflow/.local/lib/python3.12/site-packages/airflow/example_dags/example_xcomargs.py for tasks to queue
[2024-11-18T02:57:01.785+0000] {logging_mixin.py:190} INFO - [2024-11-18T02:57:01.785+0000] {dagbag.py:587} INFO - Filling up the DagBag from /home/airflow/.local/lib/python3.12/site-packages/airflow/example_dags/example_xcomargs.py
[2024-11-18T02:57:01.810+0000] {processor.py:925} INFO - DAG(s) 'example_xcom_args_with_operators', 'example_xcom_args' retrieved from /home/airflow/.local/lib/python3.12/site-packages/airflow/example_dags/example_xcomargs.py
[2024-11-18T02:57:01.867+0000] {logging_mixin.py:190} INFO - [2024-11-18T02:57:01.867+0000] {dag.py:3229} INFO - Sync 2 DAGs
[2024-11-18T02:57:01.899+0000] {logging_mixin.py:190} INFO - [2024-11-18T02:57:01.898+0000] {dag.py:4156} INFO - Setting next_dagrun for example_xcom_args to None, run_after=None
[2024-11-18T02:57:01.907+0000] {logging_mixin.py:190} INFO - [2024-11-18T02:57:01.906+0000] {dag.py:4156} INFO - Setting next_dagrun for example_xcom_args_with_operators to None, run_after=None
[2024-11-18T02:57:01.943+0000] {processor.py:208} INFO - Processing /home/airflow/.local/lib/python3.12/site-packages/airflow/example_dags/example_xcomargs.py took 0.185 seconds
[2024-11-18T02:57:32.812+0000] {processor.py:186} INFO - Started process (PID=322) to work on /home/airflow/.local/lib/python3.12/site-packages/airflow/example_dags/example_xcomargs.py
[2024-11-18T02:57:32.815+0000] {processor.py:914} INFO - Processing file /home/airflow/.local/lib/python3.12/site-packages/airflow/example_dags/example_xcomargs.py for tasks to queue
[2024-11-18T02:57:32.824+0000] {logging_mixin.py:190} INFO - [2024-11-18T02:57:32.821+0000] {dagbag.py:587} INFO - Filling up the DagBag from /home/airflow/.local/lib/python3.12/site-packages/airflow/example_dags/example_xcomargs.py
[2024-11-18T02:57:32.858+0000] {processor.py:925} INFO - DAG(s) 'example_xcom_args_with_operators', 'example_xcom_args' retrieved from /home/airflow/.local/lib/python3.12/site-packages/airflow/example_dags/example_xcomargs.py
[2024-11-18T02:57:32.924+0000] {logging_mixin.py:190} INFO - [2024-11-18T02:57:32.924+0000] {dag.py:3229} INFO - Sync 2 DAGs
[2024-11-18T02:57:32.970+0000] {logging_mixin.py:190} INFO - [2024-11-18T02:57:32.970+0000] {dag.py:4156} INFO - Setting next_dagrun for example_xcom_args to None, run_after=None
[2024-11-18T02:57:32.980+0000] {logging_mixin.py:190} INFO - [2024-11-18T02:57:32.980+0000] {dag.py:4156} INFO - Setting next_dagrun for example_xcom_args_with_operators to None, run_after=None
[2024-11-18T02:57:33.025+0000] {processor.py:208} INFO - Processing /home/airflow/.local/lib/python3.12/site-packages/airflow/example_dags/example_xcomargs.py took 0.234 seconds
[2024-11-18T02:58:03.128+0000] {processor.py:186} INFO - Started process (PID=384) to work on /home/airflow/.local/lib/python3.12/site-packages/airflow/example_dags/example_xcomargs.py
[2024-11-18T02:58:03.130+0000] {processor.py:914} INFO - Processing file /home/airflow/.local/lib/python3.12/site-packages/airflow/example_dags/example_xcomargs.py for tasks to queue
[2024-11-18T02:58:03.132+0000] {logging_mixin.py:190} INFO - [2024-11-18T02:58:03.132+0000] {dagbag.py:587} INFO - Filling up the DagBag from /home/airflow/.local/lib/python3.12/site-packages/airflow/example_dags/example_xcomargs.py
[2024-11-18T02:58:03.143+0000] {processor.py:925} INFO - DAG(s) 'example_xcom_args_with_operators', 'example_xcom_args' retrieved from /home/airflow/.local/lib/python3.12/site-packages/airflow/example_dags/example_xcomargs.py
[2024-11-18T02:58:03.165+0000] {logging_mixin.py:190} INFO - [2024-11-18T02:58:03.165+0000] {dag.py:3229} INFO - Sync 2 DAGs
[2024-11-18T02:58:03.180+0000] {logging_mixin.py:190} INFO - [2024-11-18T02:58:03.179+0000] {dag.py:4156} INFO - Setting next_dagrun for example_xcom_args to None, run_after=None
[2024-11-18T02:58:03.183+0000] {logging_mixin.py:190} INFO - [2024-11-18T02:58:03.183+0000] {dag.py:4156} INFO - Setting next_dagrun for example_xcom_args_with_operators to None, run_after=None
[2024-11-18T02:58:03.197+0000] {processor.py:208} INFO - Processing /home/airflow/.local/lib/python3.12/site-packages/airflow/example_dags/example_xcomargs.py took 0.076 seconds
[2024-11-18T02:58:34.151+0000] {processor.py:186} INFO - Started process (PID=447) to work on /home/airflow/.local/lib/python3.12/site-packages/airflow/example_dags/example_xcomargs.py
[2024-11-18T02:58:34.153+0000] {processor.py:914} INFO - Processing file /home/airflow/.local/lib/python3.12/site-packages/airflow/example_dags/example_xcomargs.py for tasks to queue
[2024-11-18T02:58:34.158+0000] {logging_mixin.py:190} INFO - [2024-11-18T02:58:34.157+0000] {dagbag.py:587} INFO - Filling up the DagBag from /home/airflow/.local/lib/python3.12/site-packages/airflow/example_dags/example_xcomargs.py
[2024-11-18T02:58:34.169+0000] {processor.py:925} INFO - DAG(s) 'example_xcom_args_with_operators', 'example_xcom_args' retrieved from /home/airflow/.local/lib/python3.12/site-packages/airflow/example_dags/example_xcomargs.py
[2024-11-18T02:58:34.191+0000] {logging_mixin.py:190} INFO - [2024-11-18T02:58:34.190+0000] {dag.py:3229} INFO - Sync 2 DAGs
[2024-11-18T02:58:34.205+0000] {logging_mixin.py:190} INFO - [2024-11-18T02:58:34.204+0000] {dag.py:4156} INFO - Setting next_dagrun for example_xcom_args to None, run_after=None
[2024-11-18T02:58:34.208+0000] {logging_mixin.py:190} INFO - [2024-11-18T02:58:34.208+0000] {dag.py:4156} INFO - Setting next_dagrun for example_xcom_args_with_operators to None, run_after=None
[2024-11-18T02:58:34.222+0000] {processor.py:208} INFO - Processing /home/airflow/.local/lib/python3.12/site-packages/airflow/example_dags/example_xcomargs.py took 0.081 seconds
[2024-11-18T02:59:04.498+0000] {processor.py:186} INFO - Started process (PID=509) to work on /home/airflow/.local/lib/python3.12/site-packages/airflow/example_dags/example_xcomargs.py
[2024-11-18T02:59:04.500+0000] {processor.py:914} INFO - Processing file /home/airflow/.local/lib/python3.12/site-packages/airflow/example_dags/example_xcomargs.py for tasks to queue
[2024-11-18T02:59:04.502+0000] {logging_mixin.py:190} INFO - [2024-11-18T02:59:04.502+0000] {dagbag.py:587} INFO - Filling up the DagBag from /home/airflow/.local/lib/python3.12/site-packages/airflow/example_dags/example_xcomargs.py
[2024-11-18T02:59:04.513+0000] {processor.py:925} INFO - DAG(s) 'example_xcom_args_with_operators', 'example_xcom_args' retrieved from /home/airflow/.local/lib/python3.12/site-packages/airflow/example_dags/example_xcomargs.py
[2024-11-18T02:59:04.537+0000] {logging_mixin.py:190} INFO - [2024-11-18T02:59:04.537+0000] {dag.py:3229} INFO - Sync 2 DAGs
[2024-11-18T02:59:04.552+0000] {logging_mixin.py:190} INFO - [2024-11-18T02:59:04.552+0000] {dag.py:4156} INFO - Setting next_dagrun for example_xcom_args to None, run_after=None
[2024-11-18T02:59:04.556+0000] {logging_mixin.py:190} INFO - [2024-11-18T02:59:04.555+0000] {dag.py:4156} INFO - Setting next_dagrun for example_xcom_args_with_operators to None, run_after=None
[2024-11-18T02:59:04.570+0000] {processor.py:208} INFO - Processing /home/airflow/.local/lib/python3.12/site-packages/airflow/example_dags/example_xcomargs.py took 0.079 seconds
[2024-11-18T02:59:35.489+0000] {processor.py:186} INFO - Started process (PID=570) to work on /home/airflow/.local/lib/python3.12/site-packages/airflow/example_dags/example_xcomargs.py
[2024-11-18T02:59:35.490+0000] {processor.py:914} INFO - Processing file /home/airflow/.local/lib/python3.12/site-packages/airflow/example_dags/example_xcomargs.py for tasks to queue
[2024-11-18T02:59:35.494+0000] {logging_mixin.py:190} INFO - [2024-11-18T02:59:35.494+0000] {dagbag.py:587} INFO - Filling up the DagBag from /home/airflow/.local/lib/python3.12/site-packages/airflow/example_dags/example_xcomargs.py
[2024-11-18T02:59:35.510+0000] {processor.py:925} INFO - DAG(s) 'example_xcom_args_with_operators', 'example_xcom_args' retrieved from /home/airflow/.local/lib/python3.12/site-packages/airflow/example_dags/example_xcomargs.py
[2024-11-18T02:59:35.531+0000] {logging_mixin.py:190} INFO - [2024-11-18T02:59:35.531+0000] {dag.py:3229} INFO - Sync 2 DAGs
[2024-11-18T02:59:35.544+0000] {logging_mixin.py:190} INFO - [2024-11-18T02:59:35.544+0000] {dag.py:4156} INFO - Setting next_dagrun for example_xcom_args to None, run_after=None
[2024-11-18T02:59:35.548+0000] {logging_mixin.py:190} INFO - [2024-11-18T02:59:35.547+0000] {dag.py:4156} INFO - Setting next_dagrun for example_xcom_args_with_operators to None, run_after=None
[2024-11-18T02:59:35.562+0000] {processor.py:208} INFO - Processing /home/airflow/.local/lib/python3.12/site-packages/airflow/example_dags/example_xcomargs.py took 0.085 seconds
[2024-11-18T03:00:07.075+0000] {processor.py:186} INFO - Started process (PID=632) to work on /home/airflow/.local/lib/python3.12/site-packages/airflow/example_dags/example_xcomargs.py
[2024-11-18T03:00:07.080+0000] {processor.py:914} INFO - Processing file /home/airflow/.local/lib/python3.12/site-packages/airflow/example_dags/example_xcomargs.py for tasks to queue
[2024-11-18T03:00:07.095+0000] {logging_mixin.py:190} INFO - [2024-11-18T03:00:07.095+0000] {dagbag.py:587} INFO - Filling up the DagBag from /home/airflow/.local/lib/python3.12/site-packages/airflow/example_dags/example_xcomargs.py
[2024-11-18T03:00:07.153+0000] {processor.py:925} INFO - DAG(s) 'example_xcom_args', 'example_xcom_args_with_operators' retrieved from /home/airflow/.local/lib/python3.12/site-packages/airflow/example_dags/example_xcomargs.py
[2024-11-18T03:00:07.305+0000] {logging_mixin.py:190} INFO - [2024-11-18T03:00:07.305+0000] {dag.py:3229} INFO - Sync 2 DAGs
[2024-11-18T03:00:07.406+0000] {logging_mixin.py:190} INFO - [2024-11-18T03:00:07.400+0000] {dag.py:4156} INFO - Setting next_dagrun for example_xcom_args to None, run_after=None
[2024-11-18T03:00:07.430+0000] {logging_mixin.py:190} INFO - [2024-11-18T03:00:07.430+0000] {dag.py:4156} INFO - Setting next_dagrun for example_xcom_args_with_operators to None, run_after=None
[2024-11-18T03:00:07.535+0000] {processor.py:208} INFO - Processing /home/airflow/.local/lib/python3.12/site-packages/airflow/example_dags/example_xcomargs.py took 0.496 seconds
[2024-11-18T03:00:38.013+0000] {processor.py:186} INFO - Started process (PID=694) to work on /home/airflow/.local/lib/python3.12/site-packages/airflow/example_dags/example_xcomargs.py
[2024-11-18T03:00:38.018+0000] {processor.py:914} INFO - Processing file /home/airflow/.local/lib/python3.12/site-packages/airflow/example_dags/example_xcomargs.py for tasks to queue
[2024-11-18T03:00:38.024+0000] {logging_mixin.py:190} INFO - [2024-11-18T03:00:38.024+0000] {dagbag.py:587} INFO - Filling up the DagBag from /home/airflow/.local/lib/python3.12/site-packages/airflow/example_dags/example_xcomargs.py
[2024-11-18T03:00:38.054+0000] {processor.py:925} INFO - DAG(s) 'example_xcom_args_with_operators', 'example_xcom_args' retrieved from /home/airflow/.local/lib/python3.12/site-packages/airflow/example_dags/example_xcomargs.py
[2024-11-18T03:00:38.107+0000] {logging_mixin.py:190} INFO - [2024-11-18T03:00:38.107+0000] {dag.py:3229} INFO - Sync 2 DAGs
[2024-11-18T03:00:38.140+0000] {logging_mixin.py:190} INFO - [2024-11-18T03:00:38.140+0000] {dag.py:4156} INFO - Setting next_dagrun for example_xcom_args to None, run_after=None
[2024-11-18T03:00:38.146+0000] {logging_mixin.py:190} INFO - [2024-11-18T03:00:38.146+0000] {dag.py:4156} INFO - Setting next_dagrun for example_xcom_args_with_operators to None, run_after=None
[2024-11-18T03:00:38.173+0000] {processor.py:208} INFO - Processing /home/airflow/.local/lib/python3.12/site-packages/airflow/example_dags/example_xcomargs.py took 0.174 seconds
[2024-11-18T03:01:08.665+0000] {processor.py:186} INFO - Started process (PID=757) to work on /home/airflow/.local/lib/python3.12/site-packages/airflow/example_dags/example_xcomargs.py
[2024-11-18T03:01:08.668+0000] {processor.py:914} INFO - Processing file /home/airflow/.local/lib/python3.12/site-packages/airflow/example_dags/example_xcomargs.py for tasks to queue
[2024-11-18T03:01:08.672+0000] {logging_mixin.py:190} INFO - [2024-11-18T03:01:08.672+0000] {dagbag.py:587} INFO - Filling up the DagBag from /home/airflow/.local/lib/python3.12/site-packages/airflow/example_dags/example_xcomargs.py
[2024-11-18T03:01:08.694+0000] {processor.py:925} INFO - DAG(s) 'example_xcom_args_with_operators', 'example_xcom_args' retrieved from /home/airflow/.local/lib/python3.12/site-packages/airflow/example_dags/example_xcomargs.py
[2024-11-18T03:01:08.740+0000] {logging_mixin.py:190} INFO - [2024-11-18T03:01:08.740+0000] {dag.py:3229} INFO - Sync 2 DAGs
[2024-11-18T03:01:08.776+0000] {logging_mixin.py:190} INFO - [2024-11-18T03:01:08.773+0000] {dag.py:4156} INFO - Setting next_dagrun for example_xcom_args to None, run_after=None
[2024-11-18T03:01:08.784+0000] {logging_mixin.py:190} INFO - [2024-11-18T03:01:08.784+0000] {dag.py:4156} INFO - Setting next_dagrun for example_xcom_args_with_operators to None, run_after=None
[2024-11-18T03:01:08.813+0000] {processor.py:208} INFO - Processing /home/airflow/.local/lib/python3.12/site-packages/airflow/example_dags/example_xcomargs.py took 0.160 seconds
[2024-11-18T03:01:39.669+0000] {processor.py:186} INFO - Started process (PID=819) to work on /home/airflow/.local/lib/python3.12/site-packages/airflow/example_dags/example_xcomargs.py
[2024-11-18T03:01:39.670+0000] {processor.py:914} INFO - Processing file /home/airflow/.local/lib/python3.12/site-packages/airflow/example_dags/example_xcomargs.py for tasks to queue
[2024-11-18T03:01:39.676+0000] {logging_mixin.py:190} INFO - [2024-11-18T03:01:39.674+0000] {dagbag.py:587} INFO - Filling up the DagBag from /home/airflow/.local/lib/python3.12/site-packages/airflow/example_dags/example_xcomargs.py
[2024-11-18T03:01:39.698+0000] {processor.py:925} INFO - DAG(s) 'example_xcom_args', 'example_xcom_args_with_operators' retrieved from /home/airflow/.local/lib/python3.12/site-packages/airflow/example_dags/example_xcomargs.py
[2024-11-18T03:01:39.742+0000] {logging_mixin.py:190} INFO - [2024-11-18T03:01:39.742+0000] {dag.py:3229} INFO - Sync 2 DAGs
[2024-11-18T03:01:39.774+0000] {logging_mixin.py:190} INFO - [2024-11-18T03:01:39.774+0000] {dag.py:4156} INFO - Setting next_dagrun for example_xcom_args to None, run_after=None
[2024-11-18T03:01:39.781+0000] {logging_mixin.py:190} INFO - [2024-11-18T03:01:39.781+0000] {dag.py:4156} INFO - Setting next_dagrun for example_xcom_args_with_operators to None, run_after=None
[2024-11-18T03:01:39.808+0000] {processor.py:208} INFO - Processing /home/airflow/.local/lib/python3.12/site-packages/airflow/example_dags/example_xcomargs.py took 0.153 seconds
[2024-11-18T03:02:09.922+0000] {processor.py:186} INFO - Started process (PID=880) to work on /home/airflow/.local/lib/python3.12/site-packages/airflow/example_dags/example_xcomargs.py
[2024-11-18T03:02:09.922+0000] {processor.py:914} INFO - Processing file /home/airflow/.local/lib/python3.12/site-packages/airflow/example_dags/example_xcomargs.py for tasks to queue
[2024-11-18T03:02:09.925+0000] {logging_mixin.py:190} INFO - [2024-11-18T03:02:09.924+0000] {dagbag.py:587} INFO - Filling up the DagBag from /home/airflow/.local/lib/python3.12/site-packages/airflow/example_dags/example_xcomargs.py
[2024-11-18T03:02:09.934+0000] {processor.py:925} INFO - DAG(s) 'example_xcom_args_with_operators', 'example_xcom_args' retrieved from /home/airflow/.local/lib/python3.12/site-packages/airflow/example_dags/example_xcomargs.py
[2024-11-18T03:02:09.956+0000] {logging_mixin.py:190} INFO - [2024-11-18T03:02:09.956+0000] {dag.py:3229} INFO - Sync 2 DAGs
[2024-11-18T03:02:09.970+0000] {logging_mixin.py:190} INFO - [2024-11-18T03:02:09.970+0000] {dag.py:4156} INFO - Setting next_dagrun for example_xcom_args to None, run_after=None
[2024-11-18T03:02:09.973+0000] {logging_mixin.py:190} INFO - [2024-11-18T03:02:09.973+0000] {dag.py:4156} INFO - Setting next_dagrun for example_xcom_args_with_operators to None, run_after=None
[2024-11-18T03:02:09.986+0000] {processor.py:208} INFO - Processing /home/airflow/.local/lib/python3.12/site-packages/airflow/example_dags/example_xcomargs.py took 0.071 seconds
[2024-11-18T03:02:40.236+0000] {processor.py:186} INFO - Started process (PID=942) to work on /home/airflow/.local/lib/python3.12/site-packages/airflow/example_dags/example_xcomargs.py
[2024-11-18T03:02:40.240+0000] {processor.py:914} INFO - Processing file /home/airflow/.local/lib/python3.12/site-packages/airflow/example_dags/example_xcomargs.py for tasks to queue
[2024-11-18T03:02:40.244+0000] {logging_mixin.py:190} INFO - [2024-11-18T03:02:40.244+0000] {dagbag.py:587} INFO - Filling up the DagBag from /home/airflow/.local/lib/python3.12/site-packages/airflow/example_dags/example_xcomargs.py
[2024-11-18T03:02:40.265+0000] {processor.py:925} INFO - DAG(s) 'example_xcom_args_with_operators', 'example_xcom_args' retrieved from /home/airflow/.local/lib/python3.12/site-packages/airflow/example_dags/example_xcomargs.py
[2024-11-18T03:02:40.317+0000] {logging_mixin.py:190} INFO - [2024-11-18T03:02:40.317+0000] {dag.py:3229} INFO - Sync 2 DAGs
[2024-11-18T03:02:40.347+0000] {logging_mixin.py:190} INFO - [2024-11-18T03:02:40.346+0000] {dag.py:4156} INFO - Setting next_dagrun for example_xcom_args to None, run_after=None
[2024-11-18T03:02:40.354+0000] {logging_mixin.py:190} INFO - [2024-11-18T03:02:40.354+0000] {dag.py:4156} INFO - Setting next_dagrun for example_xcom_args_with_operators to None, run_after=None
[2024-11-18T03:02:40.391+0000] {processor.py:208} INFO - Processing /home/airflow/.local/lib/python3.12/site-packages/airflow/example_dags/example_xcomargs.py took 0.166 seconds
[2024-11-18T03:03:11.040+0000] {processor.py:186} INFO - Started process (PID=1004) to work on /home/airflow/.local/lib/python3.12/site-packages/airflow/example_dags/example_xcomargs.py
[2024-11-18T03:03:11.040+0000] {processor.py:914} INFO - Processing file /home/airflow/.local/lib/python3.12/site-packages/airflow/example_dags/example_xcomargs.py for tasks to queue
[2024-11-18T03:03:11.053+0000] {logging_mixin.py:190} INFO - [2024-11-18T03:03:11.048+0000] {dagbag.py:587} INFO - Filling up the DagBag from /home/airflow/.local/lib/python3.12/site-packages/airflow/example_dags/example_xcomargs.py
[2024-11-18T03:03:11.097+0000] {processor.py:925} INFO - DAG(s) 'example_xcom_args', 'example_xcom_args_with_operators' retrieved from /home/airflow/.local/lib/python3.12/site-packages/airflow/example_dags/example_xcomargs.py
[2024-11-18T03:03:11.197+0000] {logging_mixin.py:190} INFO - [2024-11-18T03:03:11.197+0000] {dag.py:3229} INFO - Sync 2 DAGs
[2024-11-18T03:03:11.250+0000] {logging_mixin.py:190} INFO - [2024-11-18T03:03:11.250+0000] {dag.py:4156} INFO - Setting next_dagrun for example_xcom_args to None, run_after=None
[2024-11-18T03:03:11.268+0000] {logging_mixin.py:190} INFO - [2024-11-18T03:03:11.268+0000] {dag.py:4156} INFO - Setting next_dagrun for example_xcom_args_with_operators to None, run_after=None
[2024-11-18T03:03:11.328+0000] {processor.py:208} INFO - Processing /home/airflow/.local/lib/python3.12/site-packages/airflow/example_dags/example_xcomargs.py took 0.314 seconds
[2024-11-18T03:03:41.551+0000] {processor.py:186} INFO - Started process (PID=1064) to work on /home/airflow/.local/lib/python3.12/site-packages/airflow/example_dags/example_xcomargs.py
[2024-11-18T03:03:41.555+0000] {processor.py:914} INFO - Processing file /home/airflow/.local/lib/python3.12/site-packages/airflow/example_dags/example_xcomargs.py for tasks to queue
[2024-11-18T03:03:41.567+0000] {logging_mixin.py:190} INFO - [2024-11-18T03:03:41.563+0000] {dagbag.py:587} INFO - Filling up the DagBag from /home/airflow/.local/lib/python3.12/site-packages/airflow/example_dags/example_xcomargs.py
[2024-11-18T03:03:41.620+0000] {processor.py:925} INFO - DAG(s) 'example_xcom_args', 'example_xcom_args_with_operators' retrieved from /home/airflow/.local/lib/python3.12/site-packages/airflow/example_dags/example_xcomargs.py
[2024-11-18T03:03:41.713+0000] {logging_mixin.py:190} INFO - [2024-11-18T03:03:41.713+0000] {dag.py:3229} INFO - Sync 2 DAGs
[2024-11-18T03:03:41.770+0000] {logging_mixin.py:190} INFO - [2024-11-18T03:03:41.770+0000] {dag.py:4156} INFO - Setting next_dagrun for example_xcom_args to None, run_after=None
[2024-11-18T03:03:41.785+0000] {logging_mixin.py:190} INFO - [2024-11-18T03:03:41.785+0000] {dag.py:4156} INFO - Setting next_dagrun for example_xcom_args_with_operators to None, run_after=None
[2024-11-18T03:03:41.839+0000] {processor.py:208} INFO - Processing /home/airflow/.local/lib/python3.12/site-packages/airflow/example_dags/example_xcomargs.py took 0.312 seconds
[2024-11-18T03:04:11.957+0000] {processor.py:186} INFO - Started process (PID=1126) to work on /home/airflow/.local/lib/python3.12/site-packages/airflow/example_dags/example_xcomargs.py
[2024-11-18T03:04:11.959+0000] {processor.py:914} INFO - Processing file /home/airflow/.local/lib/python3.12/site-packages/airflow/example_dags/example_xcomargs.py for tasks to queue
[2024-11-18T03:04:11.961+0000] {logging_mixin.py:190} INFO - [2024-11-18T03:04:11.961+0000] {dagbag.py:587} INFO - Filling up the DagBag from /home/airflow/.local/lib/python3.12/site-packages/airflow/example_dags/example_xcomargs.py
[2024-11-18T03:04:11.971+0000] {processor.py:925} INFO - DAG(s) 'example_xcom_args_with_operators', 'example_xcom_args' retrieved from /home/airflow/.local/lib/python3.12/site-packages/airflow/example_dags/example_xcomargs.py
[2024-11-18T03:04:11.993+0000] {logging_mixin.py:190} INFO - [2024-11-18T03:04:11.993+0000] {dag.py:3229} INFO - Sync 2 DAGs
[2024-11-18T03:04:12.008+0000] {logging_mixin.py:190} INFO - [2024-11-18T03:04:12.007+0000] {dag.py:4156} INFO - Setting next_dagrun for example_xcom_args to None, run_after=None
[2024-11-18T03:04:12.011+0000] {logging_mixin.py:190} INFO - [2024-11-18T03:04:12.011+0000] {dag.py:4156} INFO - Setting next_dagrun for example_xcom_args_with_operators to None, run_after=None
[2024-11-18T03:04:12.025+0000] {processor.py:208} INFO - Processing /home/airflow/.local/lib/python3.12/site-packages/airflow/example_dags/example_xcomargs.py took 0.075 seconds
[2024-11-18T03:04:42.335+0000] {processor.py:186} INFO - Started process (PID=1188) to work on /home/airflow/.local/lib/python3.12/site-packages/airflow/example_dags/example_xcomargs.py
[2024-11-18T03:04:42.337+0000] {processor.py:914} INFO - Processing file /home/airflow/.local/lib/python3.12/site-packages/airflow/example_dags/example_xcomargs.py for tasks to queue
[2024-11-18T03:04:42.341+0000] {logging_mixin.py:190} INFO - [2024-11-18T03:04:42.339+0000] {dagbag.py:587} INFO - Filling up the DagBag from /home/airflow/.local/lib/python3.12/site-packages/airflow/example_dags/example_xcomargs.py
[2024-11-18T03:04:42.361+0000] {processor.py:925} INFO - DAG(s) 'example_xcom_args', 'example_xcom_args_with_operators' retrieved from /home/airflow/.local/lib/python3.12/site-packages/airflow/example_dags/example_xcomargs.py
[2024-11-18T03:04:42.413+0000] {logging_mixin.py:190} INFO - [2024-11-18T03:04:42.413+0000] {dag.py:3229} INFO - Sync 2 DAGs
[2024-11-18T03:04:42.447+0000] {logging_mixin.py:190} INFO - [2024-11-18T03:04:42.447+0000] {dag.py:4156} INFO - Setting next_dagrun for example_xcom_args to None, run_after=None
[2024-11-18T03:04:42.455+0000] {logging_mixin.py:190} INFO - [2024-11-18T03:04:42.455+0000] {dag.py:4156} INFO - Setting next_dagrun for example_xcom_args_with_operators to None, run_after=None
[2024-11-18T03:04:42.477+0000] {processor.py:208} INFO - Processing /home/airflow/.local/lib/python3.12/site-packages/airflow/example_dags/example_xcomargs.py took 0.156 seconds
[2024-11-18T03:05:12.697+0000] {processor.py:186} INFO - Started process (PID=1250) to work on /home/airflow/.local/lib/python3.12/site-packages/airflow/example_dags/example_xcomargs.py
[2024-11-18T03:05:12.701+0000] {processor.py:914} INFO - Processing file /home/airflow/.local/lib/python3.12/site-packages/airflow/example_dags/example_xcomargs.py for tasks to queue
[2024-11-18T03:05:12.705+0000] {logging_mixin.py:190} INFO - [2024-11-18T03:05:12.705+0000] {dagbag.py:587} INFO - Filling up the DagBag from /home/airflow/.local/lib/python3.12/site-packages/airflow/example_dags/example_xcomargs.py
[2024-11-18T03:05:12.726+0000] {processor.py:925} INFO - DAG(s) 'example_xcom_args_with_operators', 'example_xcom_args' retrieved from /home/airflow/.local/lib/python3.12/site-packages/airflow/example_dags/example_xcomargs.py
[2024-11-18T03:05:12.774+0000] {logging_mixin.py:190} INFO - [2024-11-18T03:05:12.773+0000] {dag.py:3229} INFO - Sync 2 DAGs
[2024-11-18T03:05:12.807+0000] {logging_mixin.py:190} INFO - [2024-11-18T03:05:12.806+0000] {dag.py:4156} INFO - Setting next_dagrun for example_xcom_args to None, run_after=None
[2024-11-18T03:05:12.814+0000] {logging_mixin.py:190} INFO - [2024-11-18T03:05:12.814+0000] {dag.py:4156} INFO - Setting next_dagrun for example_xcom_args_with_operators to None, run_after=None
[2024-11-18T03:05:12.832+0000] {processor.py:208} INFO - Processing /home/airflow/.local/lib/python3.12/site-packages/airflow/example_dags/example_xcomargs.py took 0.149 seconds
[2024-11-18T03:05:43.024+0000] {processor.py:186} INFO - Started process (PID=1312) to work on /home/airflow/.local/lib/python3.12/site-packages/airflow/example_dags/example_xcomargs.py
[2024-11-18T03:05:43.027+0000] {processor.py:914} INFO - Processing file /home/airflow/.local/lib/python3.12/site-packages/airflow/example_dags/example_xcomargs.py for tasks to queue
[2024-11-18T03:05:43.031+0000] {logging_mixin.py:190} INFO - [2024-11-18T03:05:43.031+0000] {dagbag.py:587} INFO - Filling up the DagBag from /home/airflow/.local/lib/python3.12/site-packages/airflow/example_dags/example_xcomargs.py
[2024-11-18T03:05:43.053+0000] {processor.py:925} INFO - DAG(s) 'example_xcom_args', 'example_xcom_args_with_operators' retrieved from /home/airflow/.local/lib/python3.12/site-packages/airflow/example_dags/example_xcomargs.py
[2024-11-18T03:05:43.105+0000] {logging_mixin.py:190} INFO - [2024-11-18T03:05:43.104+0000] {dag.py:3229} INFO - Sync 2 DAGs
[2024-11-18T03:05:43.135+0000] {logging_mixin.py:190} INFO - [2024-11-18T03:05:43.135+0000] {dag.py:4156} INFO - Setting next_dagrun for example_xcom_args to None, run_after=None
[2024-11-18T03:05:43.144+0000] {logging_mixin.py:190} INFO - [2024-11-18T03:05:43.144+0000] {dag.py:4156} INFO - Setting next_dagrun for example_xcom_args_with_operators to None, run_after=None
[2024-11-18T03:05:43.163+0000] {processor.py:208} INFO - Processing /home/airflow/.local/lib/python3.12/site-packages/airflow/example_dags/example_xcomargs.py took 0.152 seconds
[2024-11-18T03:06:13.292+0000] {processor.py:186} INFO - Started process (PID=1374) to work on /home/airflow/.local/lib/python3.12/site-packages/airflow/example_dags/example_xcomargs.py
[2024-11-18T03:06:13.293+0000] {processor.py:914} INFO - Processing file /home/airflow/.local/lib/python3.12/site-packages/airflow/example_dags/example_xcomargs.py for tasks to queue
[2024-11-18T03:06:13.295+0000] {logging_mixin.py:190} INFO - [2024-11-18T03:06:13.295+0000] {dagbag.py:587} INFO - Filling up the DagBag from /home/airflow/.local/lib/python3.12/site-packages/airflow/example_dags/example_xcomargs.py
[2024-11-18T03:06:13.305+0000] {processor.py:925} INFO - DAG(s) 'example_xcom_args', 'example_xcom_args_with_operators' retrieved from /home/airflow/.local/lib/python3.12/site-packages/airflow/example_dags/example_xcomargs.py
[2024-11-18T03:06:13.336+0000] {logging_mixin.py:190} INFO - [2024-11-18T03:06:13.336+0000] {dag.py:3229} INFO - Sync 2 DAGs
[2024-11-18T03:06:13.351+0000] {logging_mixin.py:190} INFO - [2024-11-18T03:06:13.351+0000] {dag.py:4156} INFO - Setting next_dagrun for example_xcom_args to None, run_after=None
[2024-11-18T03:06:13.354+0000] {logging_mixin.py:190} INFO - [2024-11-18T03:06:13.354+0000] {dag.py:4156} INFO - Setting next_dagrun for example_xcom_args_with_operators to None, run_after=None
[2024-11-18T03:06:13.368+0000] {processor.py:208} INFO - Processing /home/airflow/.local/lib/python3.12/site-packages/airflow/example_dags/example_xcomargs.py took 0.082 seconds
[2024-11-18T03:06:44.078+0000] {processor.py:186} INFO - Started process (PID=1436) to work on /home/airflow/.local/lib/python3.12/site-packages/airflow/example_dags/example_xcomargs.py
[2024-11-18T03:06:44.084+0000] {processor.py:914} INFO - Processing file /home/airflow/.local/lib/python3.12/site-packages/airflow/example_dags/example_xcomargs.py for tasks to queue
[2024-11-18T03:06:44.094+0000] {logging_mixin.py:190} INFO - [2024-11-18T03:06:44.094+0000] {dagbag.py:587} INFO - Filling up the DagBag from /home/airflow/.local/lib/python3.12/site-packages/airflow/example_dags/example_xcomargs.py
[2024-11-18T03:06:44.138+0000] {processor.py:925} INFO - DAG(s) 'example_xcom_args_with_operators', 'example_xcom_args' retrieved from /home/airflow/.local/lib/python3.12/site-packages/airflow/example_dags/example_xcomargs.py
[2024-11-18T03:06:44.236+0000] {logging_mixin.py:190} INFO - [2024-11-18T03:06:44.236+0000] {dag.py:3229} INFO - Sync 2 DAGs
[2024-11-18T03:06:44.294+0000] {logging_mixin.py:190} INFO - [2024-11-18T03:06:44.290+0000] {dag.py:4156} INFO - Setting next_dagrun for example_xcom_args to None, run_after=None
[2024-11-18T03:06:44.310+0000] {logging_mixin.py:190} INFO - [2024-11-18T03:06:44.310+0000] {dag.py:4156} INFO - Setting next_dagrun for example_xcom_args_with_operators to None, run_after=None
[2024-11-18T03:06:44.350+0000] {processor.py:208} INFO - Processing /home/airflow/.local/lib/python3.12/site-packages/airflow/example_dags/example_xcomargs.py took 0.299 seconds
[2024-11-18T03:07:15.460+0000] {processor.py:186} INFO - Started process (PID=1498) to work on /home/airflow/.local/lib/python3.12/site-packages/airflow/example_dags/example_xcomargs.py
[2024-11-18T03:07:15.467+0000] {processor.py:914} INFO - Processing file /home/airflow/.local/lib/python3.12/site-packages/airflow/example_dags/example_xcomargs.py for tasks to queue
[2024-11-18T03:07:15.475+0000] {logging_mixin.py:190} INFO - [2024-11-18T03:07:15.475+0000] {dagbag.py:587} INFO - Filling up the DagBag from /home/airflow/.local/lib/python3.12/site-packages/airflow/example_dags/example_xcomargs.py
[2024-11-18T03:07:15.519+0000] {processor.py:925} INFO - DAG(s) 'example_xcom_args', 'example_xcom_args_with_operators' retrieved from /home/airflow/.local/lib/python3.12/site-packages/airflow/example_dags/example_xcomargs.py
[2024-11-18T03:07:15.617+0000] {logging_mixin.py:190} INFO - [2024-11-18T03:07:15.615+0000] {dag.py:3229} INFO - Sync 2 DAGs
[2024-11-18T03:07:15.669+0000] {logging_mixin.py:190} INFO - [2024-11-18T03:07:15.669+0000] {dag.py:4156} INFO - Setting next_dagrun for example_xcom_args to None, run_after=None
[2024-11-18T03:07:15.683+0000] {logging_mixin.py:190} INFO - [2024-11-18T03:07:15.683+0000] {dag.py:4156} INFO - Setting next_dagrun for example_xcom_args_with_operators to None, run_after=None
[2024-11-18T03:07:15.721+0000] {processor.py:208} INFO - Processing /home/airflow/.local/lib/python3.12/site-packages/airflow/example_dags/example_xcomargs.py took 0.285 seconds
[2024-11-18T03:07:46.385+0000] {processor.py:186} INFO - Started process (PID=1559) to work on /home/airflow/.local/lib/python3.12/site-packages/airflow/example_dags/example_xcomargs.py
[2024-11-18T03:07:46.389+0000] {processor.py:914} INFO - Processing file /home/airflow/.local/lib/python3.12/site-packages/airflow/example_dags/example_xcomargs.py for tasks to queue
[2024-11-18T03:07:46.393+0000] {logging_mixin.py:190} INFO - [2024-11-18T03:07:46.393+0000] {dagbag.py:587} INFO - Filling up the DagBag from /home/airflow/.local/lib/python3.12/site-packages/airflow/example_dags/example_xcomargs.py
[2024-11-18T03:07:46.419+0000] {processor.py:925} INFO - DAG(s) 'example_xcom_args_with_operators', 'example_xcom_args' retrieved from /home/airflow/.local/lib/python3.12/site-packages/airflow/example_dags/example_xcomargs.py
[2024-11-18T03:07:46.530+0000] {logging_mixin.py:190} INFO - [2024-11-18T03:07:46.530+0000] {dag.py:3229} INFO - Sync 2 DAGs
[2024-11-18T03:07:46.605+0000] {logging_mixin.py:190} INFO - [2024-11-18T03:07:46.605+0000] {dag.py:4156} INFO - Setting next_dagrun for example_xcom_args to None, run_after=None
[2024-11-18T03:07:46.623+0000] {logging_mixin.py:190} INFO - [2024-11-18T03:07:46.623+0000] {dag.py:4156} INFO - Setting next_dagrun for example_xcom_args_with_operators to None, run_after=None
[2024-11-18T03:07:46.698+0000] {processor.py:208} INFO - Processing /home/airflow/.local/lib/python3.12/site-packages/airflow/example_dags/example_xcomargs.py took 0.327 seconds
[2024-11-18T03:08:16.801+0000] {processor.py:186} INFO - Started process (PID=1621) to work on /home/airflow/.local/lib/python3.12/site-packages/airflow/example_dags/example_xcomargs.py
[2024-11-18T03:08:16.802+0000] {processor.py:914} INFO - Processing file /home/airflow/.local/lib/python3.12/site-packages/airflow/example_dags/example_xcomargs.py for tasks to queue
[2024-11-18T03:08:16.804+0000] {logging_mixin.py:190} INFO - [2024-11-18T03:08:16.804+0000] {dagbag.py:587} INFO - Filling up the DagBag from /home/airflow/.local/lib/python3.12/site-packages/airflow/example_dags/example_xcomargs.py
[2024-11-18T03:08:16.814+0000] {processor.py:925} INFO - DAG(s) 'example_xcom_args', 'example_xcom_args_with_operators' retrieved from /home/airflow/.local/lib/python3.12/site-packages/airflow/example_dags/example_xcomargs.py
[2024-11-18T03:08:16.838+0000] {logging_mixin.py:190} INFO - [2024-11-18T03:08:16.838+0000] {dag.py:3229} INFO - Sync 2 DAGs
[2024-11-18T03:08:16.854+0000] {logging_mixin.py:190} INFO - [2024-11-18T03:08:16.853+0000] {dag.py:4156} INFO - Setting next_dagrun for example_xcom_args to None, run_after=None
[2024-11-18T03:08:16.857+0000] {logging_mixin.py:190} INFO - [2024-11-18T03:08:16.857+0000] {dag.py:4156} INFO - Setting next_dagrun for example_xcom_args_with_operators to None, run_after=None
[2024-11-18T03:08:16.872+0000] {processor.py:208} INFO - Processing /home/airflow/.local/lib/python3.12/site-packages/airflow/example_dags/example_xcomargs.py took 0.077 seconds
[2024-11-18T03:08:47.859+0000] {processor.py:186} INFO - Started process (PID=1685) to work on /home/airflow/.local/lib/python3.12/site-packages/airflow/example_dags/example_xcomargs.py
[2024-11-18T03:08:47.863+0000] {processor.py:914} INFO - Processing file /home/airflow/.local/lib/python3.12/site-packages/airflow/example_dags/example_xcomargs.py for tasks to queue
[2024-11-18T03:08:47.867+0000] {logging_mixin.py:190} INFO - [2024-11-18T03:08:47.867+0000] {dagbag.py:587} INFO - Filling up the DagBag from /home/airflow/.local/lib/python3.12/site-packages/airflow/example_dags/example_xcomargs.py
[2024-11-18T03:08:47.888+0000] {processor.py:925} INFO - DAG(s) 'example_xcom_args_with_operators', 'example_xcom_args' retrieved from /home/airflow/.local/lib/python3.12/site-packages/airflow/example_dags/example_xcomargs.py
[2024-11-18T03:08:47.934+0000] {logging_mixin.py:190} INFO - [2024-11-18T03:08:47.934+0000] {dag.py:3229} INFO - Sync 2 DAGs
[2024-11-18T03:08:47.960+0000] {logging_mixin.py:190} INFO - [2024-11-18T03:08:47.959+0000] {dag.py:4156} INFO - Setting next_dagrun for example_xcom_args to None, run_after=None
[2024-11-18T03:08:47.967+0000] {logging_mixin.py:190} INFO - [2024-11-18T03:08:47.966+0000] {dag.py:4156} INFO - Setting next_dagrun for example_xcom_args_with_operators to None, run_after=None
[2024-11-18T03:08:47.998+0000] {processor.py:208} INFO - Processing /home/airflow/.local/lib/python3.12/site-packages/airflow/example_dags/example_xcomargs.py took 0.151 seconds
[2024-11-18T03:09:18.821+0000] {processor.py:186} INFO - Started process (PID=1747) to work on /home/airflow/.local/lib/python3.12/site-packages/airflow/example_dags/example_xcomargs.py
[2024-11-18T03:09:18.822+0000] {processor.py:914} INFO - Processing file /home/airflow/.local/lib/python3.12/site-packages/airflow/example_dags/example_xcomargs.py for tasks to queue
[2024-11-18T03:09:18.827+0000] {logging_mixin.py:190} INFO - [2024-11-18T03:09:18.827+0000] {dagbag.py:587} INFO - Filling up the DagBag from /home/airflow/.local/lib/python3.12/site-packages/airflow/example_dags/example_xcomargs.py
[2024-11-18T03:09:18.849+0000] {processor.py:925} INFO - DAG(s) 'example_xcom_args', 'example_xcom_args_with_operators' retrieved from /home/airflow/.local/lib/python3.12/site-packages/airflow/example_dags/example_xcomargs.py
[2024-11-18T03:09:18.896+0000] {logging_mixin.py:190} INFO - [2024-11-18T03:09:18.895+0000] {dag.py:3229} INFO - Sync 2 DAGs
[2024-11-18T03:09:18.922+0000] {logging_mixin.py:190} INFO - [2024-11-18T03:09:18.922+0000] {dag.py:4156} INFO - Setting next_dagrun for example_xcom_args to None, run_after=None
[2024-11-18T03:09:18.933+0000] {logging_mixin.py:190} INFO - [2024-11-18T03:09:18.933+0000] {dag.py:4156} INFO - Setting next_dagrun for example_xcom_args_with_operators to None, run_after=None
[2024-11-18T03:09:18.961+0000] {processor.py:208} INFO - Processing /home/airflow/.local/lib/python3.12/site-packages/airflow/example_dags/example_xcomargs.py took 0.156 seconds
[2024-11-18T03:09:49.131+0000] {processor.py:186} INFO - Started process (PID=1810) to work on /home/airflow/.local/lib/python3.12/site-packages/airflow/example_dags/example_xcomargs.py
[2024-11-18T03:09:49.134+0000] {processor.py:914} INFO - Processing file /home/airflow/.local/lib/python3.12/site-packages/airflow/example_dags/example_xcomargs.py for tasks to queue
[2024-11-18T03:09:49.138+0000] {logging_mixin.py:190} INFO - [2024-11-18T03:09:49.138+0000] {dagbag.py:587} INFO - Filling up the DagBag from /home/airflow/.local/lib/python3.12/site-packages/airflow/example_dags/example_xcomargs.py
[2024-11-18T03:09:49.161+0000] {processor.py:925} INFO - DAG(s) 'example_xcom_args', 'example_xcom_args_with_operators' retrieved from /home/airflow/.local/lib/python3.12/site-packages/airflow/example_dags/example_xcomargs.py
[2024-11-18T03:09:49.210+0000] {logging_mixin.py:190} INFO - [2024-11-18T03:09:49.210+0000] {dag.py:3229} INFO - Sync 2 DAGs
[2024-11-18T03:09:49.239+0000] {logging_mixin.py:190} INFO - [2024-11-18T03:09:49.239+0000] {dag.py:4156} INFO - Setting next_dagrun for example_xcom_args to None, run_after=None
[2024-11-18T03:09:49.247+0000] {logging_mixin.py:190} INFO - [2024-11-18T03:09:49.247+0000] {dag.py:4156} INFO - Setting next_dagrun for example_xcom_args_with_operators to None, run_after=None
[2024-11-18T03:09:49.279+0000] {processor.py:208} INFO - Processing /home/airflow/.local/lib/python3.12/site-packages/airflow/example_dags/example_xcomargs.py took 0.160 seconds
[2024-11-18T03:10:19.414+0000] {processor.py:186} INFO - Started process (PID=1873) to work on /home/airflow/.local/lib/python3.12/site-packages/airflow/example_dags/example_xcomargs.py
[2024-11-18T03:10:19.417+0000] {processor.py:914} INFO - Processing file /home/airflow/.local/lib/python3.12/site-packages/airflow/example_dags/example_xcomargs.py for tasks to queue
[2024-11-18T03:10:19.422+0000] {logging_mixin.py:190} INFO - [2024-11-18T03:10:19.422+0000] {dagbag.py:587} INFO - Filling up the DagBag from /home/airflow/.local/lib/python3.12/site-packages/airflow/example_dags/example_xcomargs.py
[2024-11-18T03:10:19.444+0000] {processor.py:925} INFO - DAG(s) 'example_xcom_args_with_operators', 'example_xcom_args' retrieved from /home/airflow/.local/lib/python3.12/site-packages/airflow/example_dags/example_xcomargs.py
[2024-11-18T03:10:19.490+0000] {logging_mixin.py:190} INFO - [2024-11-18T03:10:19.490+0000] {dag.py:3229} INFO - Sync 2 DAGs
[2024-11-18T03:10:19.523+0000] {logging_mixin.py:190} INFO - [2024-11-18T03:10:19.523+0000] {dag.py:4156} INFO - Setting next_dagrun for example_xcom_args to None, run_after=None
[2024-11-18T03:10:19.530+0000] {logging_mixin.py:190} INFO - [2024-11-18T03:10:19.530+0000] {dag.py:4156} INFO - Setting next_dagrun for example_xcom_args_with_operators to None, run_after=None
[2024-11-18T03:10:19.560+0000] {processor.py:208} INFO - Processing /home/airflow/.local/lib/python3.12/site-packages/airflow/example_dags/example_xcomargs.py took 0.159 seconds
[2024-11-18T03:10:53.551+0000] {processor.py:186} INFO - Started process (PID=1941) to work on /home/airflow/.local/lib/python3.12/site-packages/airflow/example_dags/example_xcomargs.py
[2024-11-18T03:10:53.560+0000] {processor.py:914} INFO - Processing file /home/airflow/.local/lib/python3.12/site-packages/airflow/example_dags/example_xcomargs.py for tasks to queue
[2024-11-18T03:10:53.572+0000] {logging_mixin.py:190} INFO - [2024-11-18T03:10:53.568+0000] {dagbag.py:587} INFO - Filling up the DagBag from /home/airflow/.local/lib/python3.12/site-packages/airflow/example_dags/example_xcomargs.py
[2024-11-18T03:10:53.703+0000] {processor.py:925} INFO - DAG(s) 'example_xcom_args', 'example_xcom_args_with_operators' retrieved from /home/airflow/.local/lib/python3.12/site-packages/airflow/example_dags/example_xcomargs.py
[2024-11-18T03:10:53.904+0000] {logging_mixin.py:190} INFO - [2024-11-18T03:10:53.903+0000] {dag.py:3229} INFO - Sync 2 DAGs
[2024-11-18T03:10:54.056+0000] {logging_mixin.py:190} INFO - [2024-11-18T03:10:54.056+0000] {dag.py:4156} INFO - Setting next_dagrun for example_xcom_args to None, run_after=None
[2024-11-18T03:10:54.094+0000] {logging_mixin.py:190} INFO - [2024-11-18T03:10:54.093+0000] {dag.py:4156} INFO - Setting next_dagrun for example_xcom_args_with_operators to None, run_after=None
[2024-11-18T03:10:54.266+0000] {processor.py:208} INFO - Processing /home/airflow/.local/lib/python3.12/site-packages/airflow/example_dags/example_xcomargs.py took 0.763 seconds
[2024-11-18T03:11:26.104+0000] {processor.py:186} INFO - Started process (PID=2003) to work on /home/airflow/.local/lib/python3.12/site-packages/airflow/example_dags/example_xcomargs.py
[2024-11-18T03:11:26.301+0000] {processor.py:914} INFO - Processing file /home/airflow/.local/lib/python3.12/site-packages/airflow/example_dags/example_xcomargs.py for tasks to queue
[2024-11-18T03:11:26.315+0000] {logging_mixin.py:190} INFO - [2024-11-18T03:11:26.315+0000] {dagbag.py:587} INFO - Filling up the DagBag from /home/airflow/.local/lib/python3.12/site-packages/airflow/example_dags/example_xcomargs.py
[2024-11-18T03:11:26.392+0000] {processor.py:925} INFO - DAG(s) 'example_xcom_args', 'example_xcom_args_with_operators' retrieved from /home/airflow/.local/lib/python3.12/site-packages/airflow/example_dags/example_xcomargs.py
[2024-11-18T03:11:26.496+0000] {logging_mixin.py:190} INFO - [2024-11-18T03:11:26.496+0000] {dag.py:3229} INFO - Sync 2 DAGs
[2024-11-18T03:11:26.550+0000] {logging_mixin.py:190} INFO - [2024-11-18T03:11:26.550+0000] {dag.py:4156} INFO - Setting next_dagrun for example_xcom_args to None, run_after=None
[2024-11-18T03:11:26.561+0000] {logging_mixin.py:190} INFO - [2024-11-18T03:11:26.560+0000] {dag.py:4156} INFO - Setting next_dagrun for example_xcom_args_with_operators to None, run_after=None
[2024-11-18T03:11:26.596+0000] {processor.py:208} INFO - Processing /home/airflow/.local/lib/python3.12/site-packages/airflow/example_dags/example_xcomargs.py took 0.537 seconds
[2024-11-18T03:11:57.525+0000] {processor.py:186} INFO - Started process (PID=2065) to work on /home/airflow/.local/lib/python3.12/site-packages/airflow/example_dags/example_xcomargs.py
[2024-11-18T03:11:57.529+0000] {processor.py:914} INFO - Processing file /home/airflow/.local/lib/python3.12/site-packages/airflow/example_dags/example_xcomargs.py for tasks to queue
[2024-11-18T03:11:57.547+0000] {logging_mixin.py:190} INFO - [2024-11-18T03:11:57.547+0000] {dagbag.py:587} INFO - Filling up the DagBag from /home/airflow/.local/lib/python3.12/site-packages/airflow/example_dags/example_xcomargs.py
[2024-11-18T03:11:57.609+0000] {processor.py:925} INFO - DAG(s) 'example_xcom_args', 'example_xcom_args_with_operators' retrieved from /home/airflow/.local/lib/python3.12/site-packages/airflow/example_dags/example_xcomargs.py
[2024-11-18T03:11:57.706+0000] {logging_mixin.py:190} INFO - [2024-11-18T03:11:57.705+0000] {dag.py:3229} INFO - Sync 2 DAGs
[2024-11-18T03:11:57.784+0000] {logging_mixin.py:190} INFO - [2024-11-18T03:11:57.784+0000] {dag.py:4156} INFO - Setting next_dagrun for example_xcom_args to None, run_after=None
[2024-11-18T03:11:57.796+0000] {logging_mixin.py:190} INFO - [2024-11-18T03:11:57.794+0000] {dag.py:4156} INFO - Setting next_dagrun for example_xcom_args_with_operators to None, run_after=None
[2024-11-18T03:11:57.839+0000] {processor.py:208} INFO - Processing /home/airflow/.local/lib/python3.12/site-packages/airflow/example_dags/example_xcomargs.py took 0.336 seconds
[2024-11-18T03:12:28.674+0000] {processor.py:186} INFO - Started process (PID=2128) to work on /home/airflow/.local/lib/python3.12/site-packages/airflow/example_dags/example_xcomargs.py
[2024-11-18T03:12:28.676+0000] {processor.py:914} INFO - Processing file /home/airflow/.local/lib/python3.12/site-packages/airflow/example_dags/example_xcomargs.py for tasks to queue
[2024-11-18T03:12:28.682+0000] {logging_mixin.py:190} INFO - [2024-11-18T03:12:28.680+0000] {dagbag.py:587} INFO - Filling up the DagBag from /home/airflow/.local/lib/python3.12/site-packages/airflow/example_dags/example_xcomargs.py
[2024-11-18T03:12:28.714+0000] {processor.py:925} INFO - DAG(s) 'example_xcom_args_with_operators', 'example_xcom_args' retrieved from /home/airflow/.local/lib/python3.12/site-packages/airflow/example_dags/example_xcomargs.py
[2024-11-18T03:12:28.746+0000] {logging_mixin.py:190} INFO - [2024-11-18T03:12:28.746+0000] {dag.py:3229} INFO - Sync 2 DAGs
[2024-11-18T03:12:28.770+0000] {logging_mixin.py:190} INFO - [2024-11-18T03:12:28.769+0000] {dag.py:4156} INFO - Setting next_dagrun for example_xcom_args to None, run_after=None
[2024-11-18T03:12:28.790+0000] {logging_mixin.py:190} INFO - [2024-11-18T03:12:28.790+0000] {dag.py:4156} INFO - Setting next_dagrun for example_xcom_args_with_operators to None, run_after=None
[2024-11-18T03:12:28.833+0000] {processor.py:208} INFO - Processing /home/airflow/.local/lib/python3.12/site-packages/airflow/example_dags/example_xcomargs.py took 0.173 seconds
[2024-11-18T03:12:59.424+0000] {processor.py:186} INFO - Started process (PID=2190) to work on /home/airflow/.local/lib/python3.12/site-packages/airflow/example_dags/example_xcomargs.py
[2024-11-18T03:12:59.428+0000] {processor.py:914} INFO - Processing file /home/airflow/.local/lib/python3.12/site-packages/airflow/example_dags/example_xcomargs.py for tasks to queue
[2024-11-18T03:12:59.434+0000] {logging_mixin.py:190} INFO - [2024-11-18T03:12:59.432+0000] {dagbag.py:587} INFO - Filling up the DagBag from /home/airflow/.local/lib/python3.12/site-packages/airflow/example_dags/example_xcomargs.py
[2024-11-18T03:12:59.460+0000] {processor.py:925} INFO - DAG(s) 'example_xcom_args_with_operators', 'example_xcom_args' retrieved from /home/airflow/.local/lib/python3.12/site-packages/airflow/example_dags/example_xcomargs.py
[2024-11-18T03:12:59.603+0000] {logging_mixin.py:190} INFO - [2024-11-18T03:12:59.603+0000] {dag.py:3229} INFO - Sync 2 DAGs
[2024-11-18T03:12:59.643+0000] {logging_mixin.py:190} INFO - [2024-11-18T03:12:59.641+0000] {dag.py:4156} INFO - Setting next_dagrun for example_xcom_args to None, run_after=None
[2024-11-18T03:12:59.651+0000] {logging_mixin.py:190} INFO - [2024-11-18T03:12:59.651+0000] {dag.py:4156} INFO - Setting next_dagrun for example_xcom_args_with_operators to None, run_after=None
[2024-11-18T03:12:59.862+0000] {processor.py:208} INFO - Processing /home/airflow/.local/lib/python3.12/site-packages/airflow/example_dags/example_xcomargs.py took 0.512 seconds
[2024-11-18T03:13:31.296+0000] {processor.py:186} INFO - Started process (PID=2251) to work on /home/airflow/.local/lib/python3.12/site-packages/airflow/example_dags/example_xcomargs.py
[2024-11-18T03:13:31.297+0000] {processor.py:914} INFO - Processing file /home/airflow/.local/lib/python3.12/site-packages/airflow/example_dags/example_xcomargs.py for tasks to queue
[2024-11-18T03:13:31.300+0000] {logging_mixin.py:190} INFO - [2024-11-18T03:13:31.300+0000] {dagbag.py:587} INFO - Filling up the DagBag from /home/airflow/.local/lib/python3.12/site-packages/airflow/example_dags/example_xcomargs.py
[2024-11-18T03:13:31.313+0000] {processor.py:925} INFO - DAG(s) 'example_xcom_args', 'example_xcom_args_with_operators' retrieved from /home/airflow/.local/lib/python3.12/site-packages/airflow/example_dags/example_xcomargs.py
[2024-11-18T03:13:31.550+0000] {logging_mixin.py:190} INFO - [2024-11-18T03:13:31.550+0000] {dag.py:3229} INFO - Sync 2 DAGs
[2024-11-18T03:13:31.622+0000] {logging_mixin.py:190} INFO - [2024-11-18T03:13:31.622+0000] {dag.py:4156} INFO - Setting next_dagrun for example_xcom_args to None, run_after=None
[2024-11-18T03:13:31.631+0000] {logging_mixin.py:190} INFO - [2024-11-18T03:13:31.631+0000] {dag.py:4156} INFO - Setting next_dagrun for example_xcom_args_with_operators to None, run_after=None
[2024-11-18T03:13:31.756+0000] {processor.py:208} INFO - Processing /home/airflow/.local/lib/python3.12/site-packages/airflow/example_dags/example_xcomargs.py took 0.467 seconds
[2024-11-18T03:14:01.998+0000] {processor.py:186} INFO - Started process (PID=2313) to work on /home/airflow/.local/lib/python3.12/site-packages/airflow/example_dags/example_xcomargs.py
[2024-11-18T03:14:02.029+0000] {processor.py:914} INFO - Processing file /home/airflow/.local/lib/python3.12/site-packages/airflow/example_dags/example_xcomargs.py for tasks to queue
[2024-11-18T03:14:02.104+0000] {logging_mixin.py:190} INFO - [2024-11-18T03:14:02.082+0000] {dagbag.py:587} INFO - Filling up the DagBag from /home/airflow/.local/lib/python3.12/site-packages/airflow/example_dags/example_xcomargs.py
[2024-11-18T03:14:02.331+0000] {processor.py:925} INFO - DAG(s) 'example_xcom_args_with_operators', 'example_xcom_args' retrieved from /home/airflow/.local/lib/python3.12/site-packages/airflow/example_dags/example_xcomargs.py
[2024-11-18T03:14:02.626+0000] {logging_mixin.py:190} INFO - [2024-11-18T03:14:02.626+0000] {dag.py:3229} INFO - Sync 2 DAGs
[2024-11-18T03:14:02.664+0000] {logging_mixin.py:190} INFO - [2024-11-18T03:14:02.663+0000] {dag.py:4156} INFO - Setting next_dagrun for example_xcom_args to None, run_after=None
[2024-11-18T03:14:02.685+0000] {logging_mixin.py:190} INFO - [2024-11-18T03:14:02.674+0000] {dag.py:4156} INFO - Setting next_dagrun for example_xcom_args_with_operators to None, run_after=None
[2024-11-18T03:14:02.822+0000] {processor.py:208} INFO - Processing /home/airflow/.local/lib/python3.12/site-packages/airflow/example_dags/example_xcomargs.py took 0.848 seconds
[2024-11-18T03:14:35.388+0000] {processor.py:186} INFO - Started process (PID=2373) to work on /home/airflow/.local/lib/python3.12/site-packages/airflow/example_dags/example_xcomargs.py
[2024-11-18T03:14:35.476+0000] {processor.py:914} INFO - Processing file /home/airflow/.local/lib/python3.12/site-packages/airflow/example_dags/example_xcomargs.py for tasks to queue
[2024-11-18T03:14:35.499+0000] {logging_mixin.py:190} INFO - [2024-11-18T03:14:35.492+0000] {dagbag.py:587} INFO - Filling up the DagBag from /home/airflow/.local/lib/python3.12/site-packages/airflow/example_dags/example_xcomargs.py
[2024-11-18T03:14:35.540+0000] {processor.py:925} INFO - DAG(s) 'example_xcom_args', 'example_xcom_args_with_operators' retrieved from /home/airflow/.local/lib/python3.12/site-packages/airflow/example_dags/example_xcomargs.py
[2024-11-18T03:14:35.569+0000] {logging_mixin.py:190} INFO - [2024-11-18T03:14:35.569+0000] {dag.py:3229} INFO - Sync 2 DAGs
[2024-11-18T03:14:35.589+0000] {logging_mixin.py:190} INFO - [2024-11-18T03:14:35.588+0000] {dag.py:4156} INFO - Setting next_dagrun for example_xcom_args to None, run_after=None
[2024-11-18T03:14:35.624+0000] {logging_mixin.py:190} INFO - [2024-11-18T03:14:35.624+0000] {dag.py:4156} INFO - Setting next_dagrun for example_xcom_args_with_operators to None, run_after=None
[2024-11-18T03:14:35.670+0000] {processor.py:208} INFO - Processing /home/airflow/.local/lib/python3.12/site-packages/airflow/example_dags/example_xcomargs.py took 0.290 seconds
[2024-11-18T03:15:08.703+0000] {processor.py:186} INFO - Started process (PID=2432) to work on /home/airflow/.local/lib/python3.12/site-packages/airflow/example_dags/example_xcomargs.py
[2024-11-18T03:15:08.778+0000] {processor.py:914} INFO - Processing file /home/airflow/.local/lib/python3.12/site-packages/airflow/example_dags/example_xcomargs.py for tasks to queue
[2024-11-18T03:15:08.798+0000] {logging_mixin.py:190} INFO - [2024-11-18T03:15:08.794+0000] {dagbag.py:587} INFO - Filling up the DagBag from /home/airflow/.local/lib/python3.12/site-packages/airflow/example_dags/example_xcomargs.py
[2024-11-18T03:15:08.833+0000] {processor.py:925} INFO - DAG(s) 'example_xcom_args_with_operators', 'example_xcom_args' retrieved from /home/airflow/.local/lib/python3.12/site-packages/airflow/example_dags/example_xcomargs.py
[2024-11-18T03:15:08.981+0000] {logging_mixin.py:190} INFO - [2024-11-18T03:15:08.981+0000] {dag.py:3229} INFO - Sync 2 DAGs
[2024-11-18T03:15:09.019+0000] {logging_mixin.py:190} INFO - [2024-11-18T03:15:09.019+0000] {dag.py:4156} INFO - Setting next_dagrun for example_xcom_args to None, run_after=None
[2024-11-18T03:15:09.023+0000] {logging_mixin.py:190} INFO - [2024-11-18T03:15:09.023+0000] {dag.py:4156} INFO - Setting next_dagrun for example_xcom_args_with_operators to None, run_after=None
[2024-11-18T03:15:09.130+0000] {processor.py:208} INFO - Processing /home/airflow/.local/lib/python3.12/site-packages/airflow/example_dags/example_xcomargs.py took 0.467 seconds
[2024-11-18T03:15:40.462+0000] {processor.py:186} INFO - Started process (PID=2493) to work on /home/airflow/.local/lib/python3.12/site-packages/airflow/example_dags/example_xcomargs.py
[2024-11-18T03:15:40.466+0000] {processor.py:914} INFO - Processing file /home/airflow/.local/lib/python3.12/site-packages/airflow/example_dags/example_xcomargs.py for tasks to queue
[2024-11-18T03:15:40.500+0000] {logging_mixin.py:190} INFO - [2024-11-18T03:15:40.500+0000] {dagbag.py:587} INFO - Filling up the DagBag from /home/airflow/.local/lib/python3.12/site-packages/airflow/example_dags/example_xcomargs.py
[2024-11-18T03:15:40.597+0000] {processor.py:925} INFO - DAG(s) 'example_xcom_args_with_operators', 'example_xcom_args' retrieved from /home/airflow/.local/lib/python3.12/site-packages/airflow/example_dags/example_xcomargs.py
[2024-11-18T03:15:40.756+0000] {logging_mixin.py:190} INFO - [2024-11-18T03:15:40.755+0000] {dag.py:3229} INFO - Sync 2 DAGs
[2024-11-18T03:15:40.879+0000] {logging_mixin.py:190} INFO - [2024-11-18T03:15:40.855+0000] {dag.py:4156} INFO - Setting next_dagrun for example_xcom_args to None, run_after=None
[2024-11-18T03:15:40.913+0000] {logging_mixin.py:190} INFO - [2024-11-18T03:15:40.907+0000] {dag.py:4156} INFO - Setting next_dagrun for example_xcom_args_with_operators to None, run_after=None
[2024-11-18T03:15:41.058+0000] {processor.py:208} INFO - Processing /home/airflow/.local/lib/python3.12/site-packages/airflow/example_dags/example_xcomargs.py took 0.632 seconds
[2024-11-18T03:16:13.436+0000] {processor.py:186} INFO - Started process (PID=2554) to work on /home/airflow/.local/lib/python3.12/site-packages/airflow/example_dags/example_xcomargs.py
[2024-11-18T03:16:13.437+0000] {processor.py:914} INFO - Processing file /home/airflow/.local/lib/python3.12/site-packages/airflow/example_dags/example_xcomargs.py for tasks to queue
[2024-11-18T03:16:13.440+0000] {logging_mixin.py:190} INFO - [2024-11-18T03:16:13.439+0000] {dagbag.py:587} INFO - Filling up the DagBag from /home/airflow/.local/lib/python3.12/site-packages/airflow/example_dags/example_xcomargs.py
[2024-11-18T03:16:13.452+0000] {processor.py:925} INFO - DAG(s) 'example_xcom_args_with_operators', 'example_xcom_args' retrieved from /home/airflow/.local/lib/python3.12/site-packages/airflow/example_dags/example_xcomargs.py
[2024-11-18T03:16:13.480+0000] {logging_mixin.py:190} INFO - [2024-11-18T03:16:13.480+0000] {dag.py:3229} INFO - Sync 2 DAGs
[2024-11-18T03:16:13.564+0000] {logging_mixin.py:190} INFO - [2024-11-18T03:16:13.564+0000] {dag.py:4156} INFO - Setting next_dagrun for example_xcom_args to None, run_after=None
[2024-11-18T03:16:13.612+0000] {logging_mixin.py:190} INFO - [2024-11-18T03:16:13.609+0000] {dag.py:4156} INFO - Setting next_dagrun for example_xcom_args_with_operators to None, run_after=None
[2024-11-18T03:16:13.703+0000] {processor.py:208} INFO - Processing /home/airflow/.local/lib/python3.12/site-packages/airflow/example_dags/example_xcomargs.py took 0.276 seconds
[2024-11-18T03:16:47.611+0000] {processor.py:186} INFO - Started process (PID=2616) to work on /home/airflow/.local/lib/python3.12/site-packages/airflow/example_dags/example_xcomargs.py
[2024-11-18T03:16:47.615+0000] {processor.py:914} INFO - Processing file /home/airflow/.local/lib/python3.12/site-packages/airflow/example_dags/example_xcomargs.py for tasks to queue
[2024-11-18T03:16:47.620+0000] {logging_mixin.py:190} INFO - [2024-11-18T03:16:47.620+0000] {dagbag.py:587} INFO - Filling up the DagBag from /home/airflow/.local/lib/python3.12/site-packages/airflow/example_dags/example_xcomargs.py
[2024-11-18T03:16:47.645+0000] {processor.py:925} INFO - DAG(s) 'example_xcom_args', 'example_xcom_args_with_operators' retrieved from /home/airflow/.local/lib/python3.12/site-packages/airflow/example_dags/example_xcomargs.py
[2024-11-18T03:16:47.720+0000] {logging_mixin.py:190} INFO - [2024-11-18T03:16:47.720+0000] {dag.py:3229} INFO - Sync 2 DAGs
[2024-11-18T03:16:47.740+0000] {logging_mixin.py:190} INFO - [2024-11-18T03:16:47.740+0000] {dag.py:4156} INFO - Setting next_dagrun for example_xcom_args to None, run_after=None
[2024-11-18T03:16:47.745+0000] {logging_mixin.py:190} INFO - [2024-11-18T03:16:47.745+0000] {dag.py:4156} INFO - Setting next_dagrun for example_xcom_args_with_operators to None, run_after=None
[2024-11-18T03:16:47.839+0000] {processor.py:208} INFO - Processing /home/airflow/.local/lib/python3.12/site-packages/airflow/example_dags/example_xcomargs.py took 0.327 seconds
