[2024-11-18T02:55:34.684+0000] {processor.py:186} INFO - Started process (PID=85) to work on /home/airflow/.local/lib/python3.12/site-packages/airflow/example_dags/example_complex.py
[2024-11-18T02:55:34.690+0000] {processor.py:914} INFO - Processing file /home/airflow/.local/lib/python3.12/site-packages/airflow/example_dags/example_complex.py for tasks to queue
[2024-11-18T02:55:34.704+0000] {logging_mixin.py:190} INFO - [2024-11-18T02:55:34.704+0000] {dagbag.py:587} INFO - Filling up the DagBag from /home/airflow/.local/lib/python3.12/site-packages/airflow/example_dags/example_complex.py
[2024-11-18T02:55:34.809+0000] {processor.py:925} INFO - DAG(s) 'example_complex' retrieved from /home/airflow/.local/lib/python3.12/site-packages/airflow/example_dags/example_complex.py
[2024-11-18T02:55:35.109+0000] {logging_mixin.py:190} INFO - [2024-11-18T02:55:35.109+0000] {dag.py:3229} INFO - Sync 1 DAGs
[2024-11-18T02:55:35.200+0000] {logging_mixin.py:190} INFO - [2024-11-18T02:55:35.190+0000] {dag.py:4156} INFO - Setting next_dagrun for example_complex to None, run_after=None
[2024-11-18T02:55:35.418+0000] {processor.py:208} INFO - Processing /home/airflow/.local/lib/python3.12/site-packages/airflow/example_dags/example_complex.py took 0.788 seconds
[2024-11-18T02:56:05.827+0000] {processor.py:186} INFO - Started process (PID=147) to work on /home/airflow/.local/lib/python3.12/site-packages/airflow/example_dags/example_complex.py
[2024-11-18T02:56:05.828+0000] {processor.py:914} INFO - Processing file /home/airflow/.local/lib/python3.12/site-packages/airflow/example_dags/example_complex.py for tasks to queue
[2024-11-18T02:56:05.830+0000] {logging_mixin.py:190} INFO - [2024-11-18T02:56:05.830+0000] {dagbag.py:587} INFO - Filling up the DagBag from /home/airflow/.local/lib/python3.12/site-packages/airflow/example_dags/example_complex.py
[2024-11-18T02:56:05.842+0000] {processor.py:925} INFO - DAG(s) 'example_complex' retrieved from /home/airflow/.local/lib/python3.12/site-packages/airflow/example_dags/example_complex.py
[2024-11-18T02:56:05.871+0000] {logging_mixin.py:190} INFO - [2024-11-18T02:56:05.871+0000] {dag.py:3229} INFO - Sync 1 DAGs
[2024-11-18T02:56:05.884+0000] {logging_mixin.py:190} INFO - [2024-11-18T02:56:05.884+0000] {dag.py:4156} INFO - Setting next_dagrun for example_complex to None, run_after=None
[2024-11-18T02:56:05.901+0000] {processor.py:208} INFO - Processing /home/airflow/.local/lib/python3.12/site-packages/airflow/example_dags/example_complex.py took 0.080 seconds
[2024-11-18T02:56:36.531+0000] {processor.py:186} INFO - Started process (PID=209) to work on /home/airflow/.local/lib/python3.12/site-packages/airflow/example_dags/example_complex.py
[2024-11-18T02:56:36.533+0000] {processor.py:914} INFO - Processing file /home/airflow/.local/lib/python3.12/site-packages/airflow/example_dags/example_complex.py for tasks to queue
[2024-11-18T02:56:36.535+0000] {logging_mixin.py:190} INFO - [2024-11-18T02:56:36.535+0000] {dagbag.py:587} INFO - Filling up the DagBag from /home/airflow/.local/lib/python3.12/site-packages/airflow/example_dags/example_complex.py
[2024-11-18T02:56:36.546+0000] {processor.py:925} INFO - DAG(s) 'example_complex' retrieved from /home/airflow/.local/lib/python3.12/site-packages/airflow/example_dags/example_complex.py
[2024-11-18T02:56:36.575+0000] {logging_mixin.py:190} INFO - [2024-11-18T02:56:36.575+0000] {dag.py:3229} INFO - Sync 1 DAGs
[2024-11-18T02:56:36.589+0000] {logging_mixin.py:190} INFO - [2024-11-18T02:56:36.589+0000] {dag.py:4156} INFO - Setting next_dagrun for example_complex to None, run_after=None
[2024-11-18T02:56:36.613+0000] {processor.py:208} INFO - Processing /home/airflow/.local/lib/python3.12/site-packages/airflow/example_dags/example_complex.py took 0.088 seconds
[2024-11-18T02:57:06.875+0000] {processor.py:186} INFO - Started process (PID=270) to work on /home/airflow/.local/lib/python3.12/site-packages/airflow/example_dags/example_complex.py
[2024-11-18T02:57:06.876+0000] {processor.py:914} INFO - Processing file /home/airflow/.local/lib/python3.12/site-packages/airflow/example_dags/example_complex.py for tasks to queue
[2024-11-18T02:57:06.879+0000] {logging_mixin.py:190} INFO - [2024-11-18T02:57:06.879+0000] {dagbag.py:587} INFO - Filling up the DagBag from /home/airflow/.local/lib/python3.12/site-packages/airflow/example_dags/example_complex.py
[2024-11-18T02:57:06.891+0000] {processor.py:925} INFO - DAG(s) 'example_complex' retrieved from /home/airflow/.local/lib/python3.12/site-packages/airflow/example_dags/example_complex.py
[2024-11-18T02:57:06.930+0000] {logging_mixin.py:190} INFO - [2024-11-18T02:57:06.930+0000] {dag.py:3229} INFO - Sync 1 DAGs
[2024-11-18T02:57:06.944+0000] {logging_mixin.py:190} INFO - [2024-11-18T02:57:06.943+0000] {dag.py:4156} INFO - Setting next_dagrun for example_complex to None, run_after=None
[2024-11-18T02:57:06.967+0000] {processor.py:208} INFO - Processing /home/airflow/.local/lib/python3.12/site-packages/airflow/example_dags/example_complex.py took 0.098 seconds
[2024-11-18T02:57:37.268+0000] {processor.py:186} INFO - Started process (PID=332) to work on /home/airflow/.local/lib/python3.12/site-packages/airflow/example_dags/example_complex.py
[2024-11-18T02:57:37.269+0000] {processor.py:914} INFO - Processing file /home/airflow/.local/lib/python3.12/site-packages/airflow/example_dags/example_complex.py for tasks to queue
[2024-11-18T02:57:37.272+0000] {logging_mixin.py:190} INFO - [2024-11-18T02:57:37.271+0000] {dagbag.py:587} INFO - Filling up the DagBag from /home/airflow/.local/lib/python3.12/site-packages/airflow/example_dags/example_complex.py
[2024-11-18T02:57:37.283+0000] {processor.py:925} INFO - DAG(s) 'example_complex' retrieved from /home/airflow/.local/lib/python3.12/site-packages/airflow/example_dags/example_complex.py
[2024-11-18T02:57:37.313+0000] {logging_mixin.py:190} INFO - [2024-11-18T02:57:37.312+0000] {dag.py:3229} INFO - Sync 1 DAGs
[2024-11-18T02:57:37.327+0000] {logging_mixin.py:190} INFO - [2024-11-18T02:57:37.327+0000] {dag.py:4156} INFO - Setting next_dagrun for example_complex to None, run_after=None
[2024-11-18T02:57:37.349+0000] {processor.py:208} INFO - Processing /home/airflow/.local/lib/python3.12/site-packages/airflow/example_dags/example_complex.py took 0.088 seconds
[2024-11-18T02:58:07.788+0000] {processor.py:186} INFO - Started process (PID=394) to work on /home/airflow/.local/lib/python3.12/site-packages/airflow/example_dags/example_complex.py
[2024-11-18T02:58:07.794+0000] {processor.py:914} INFO - Processing file /home/airflow/.local/lib/python3.12/site-packages/airflow/example_dags/example_complex.py for tasks to queue
[2024-11-18T02:58:07.808+0000] {logging_mixin.py:190} INFO - [2024-11-18T02:58:07.808+0000] {dagbag.py:587} INFO - Filling up the DagBag from /home/airflow/.local/lib/python3.12/site-packages/airflow/example_dags/example_complex.py
[2024-11-18T02:58:07.890+0000] {processor.py:925} INFO - DAG(s) 'example_complex' retrieved from /home/airflow/.local/lib/python3.12/site-packages/airflow/example_dags/example_complex.py
[2024-11-18T02:58:07.992+0000] {logging_mixin.py:190} INFO - [2024-11-18T02:58:07.992+0000] {dag.py:3229} INFO - Sync 1 DAGs
[2024-11-18T02:58:08.042+0000] {logging_mixin.py:190} INFO - [2024-11-18T02:58:08.040+0000] {dag.py:4156} INFO - Setting next_dagrun for example_complex to None, run_after=None
[2024-11-18T02:58:08.088+0000] {processor.py:208} INFO - Processing /home/airflow/.local/lib/python3.12/site-packages/airflow/example_dags/example_complex.py took 0.336 seconds
[2024-11-18T02:58:39.038+0000] {processor.py:186} INFO - Started process (PID=457) to work on /home/airflow/.local/lib/python3.12/site-packages/airflow/example_dags/example_complex.py
[2024-11-18T02:58:39.039+0000] {processor.py:914} INFO - Processing file /home/airflow/.local/lib/python3.12/site-packages/airflow/example_dags/example_complex.py for tasks to queue
[2024-11-18T02:58:39.041+0000] {logging_mixin.py:190} INFO - [2024-11-18T02:58:39.041+0000] {dagbag.py:587} INFO - Filling up the DagBag from /home/airflow/.local/lib/python3.12/site-packages/airflow/example_dags/example_complex.py
[2024-11-18T02:58:39.053+0000] {processor.py:925} INFO - DAG(s) 'example_complex' retrieved from /home/airflow/.local/lib/python3.12/site-packages/airflow/example_dags/example_complex.py
[2024-11-18T02:58:39.082+0000] {logging_mixin.py:190} INFO - [2024-11-18T02:58:39.081+0000] {dag.py:3229} INFO - Sync 1 DAGs
[2024-11-18T02:58:39.095+0000] {logging_mixin.py:190} INFO - [2024-11-18T02:58:39.095+0000] {dag.py:4156} INFO - Setting next_dagrun for example_complex to None, run_after=None
[2024-11-18T02:58:39.111+0000] {processor.py:208} INFO - Processing /home/airflow/.local/lib/python3.12/site-packages/airflow/example_dags/example_complex.py took 0.080 seconds
[2024-11-18T02:59:09.427+0000] {processor.py:186} INFO - Started process (PID=519) to work on /home/airflow/.local/lib/python3.12/site-packages/airflow/example_dags/example_complex.py
[2024-11-18T02:59:09.428+0000] {processor.py:914} INFO - Processing file /home/airflow/.local/lib/python3.12/site-packages/airflow/example_dags/example_complex.py for tasks to queue
[2024-11-18T02:59:09.431+0000] {logging_mixin.py:190} INFO - [2024-11-18T02:59:09.431+0000] {dagbag.py:587} INFO - Filling up the DagBag from /home/airflow/.local/lib/python3.12/site-packages/airflow/example_dags/example_complex.py
[2024-11-18T02:59:09.443+0000] {processor.py:925} INFO - DAG(s) 'example_complex' retrieved from /home/airflow/.local/lib/python3.12/site-packages/airflow/example_dags/example_complex.py
[2024-11-18T02:59:09.475+0000] {logging_mixin.py:190} INFO - [2024-11-18T02:59:09.474+0000] {dag.py:3229} INFO - Sync 1 DAGs
[2024-11-18T02:59:09.489+0000] {logging_mixin.py:190} INFO - [2024-11-18T02:59:09.489+0000] {dag.py:4156} INFO - Setting next_dagrun for example_complex to None, run_after=None
[2024-11-18T02:59:09.514+0000] {processor.py:208} INFO - Processing /home/airflow/.local/lib/python3.12/site-packages/airflow/example_dags/example_complex.py took 0.093 seconds
[2024-11-18T02:59:40.268+0000] {processor.py:186} INFO - Started process (PID=580) to work on /home/airflow/.local/lib/python3.12/site-packages/airflow/example_dags/example_complex.py
[2024-11-18T02:59:40.270+0000] {processor.py:914} INFO - Processing file /home/airflow/.local/lib/python3.12/site-packages/airflow/example_dags/example_complex.py for tasks to queue
[2024-11-18T02:59:40.272+0000] {logging_mixin.py:190} INFO - [2024-11-18T02:59:40.271+0000] {dagbag.py:587} INFO - Filling up the DagBag from /home/airflow/.local/lib/python3.12/site-packages/airflow/example_dags/example_complex.py
[2024-11-18T02:59:40.283+0000] {processor.py:925} INFO - DAG(s) 'example_complex' retrieved from /home/airflow/.local/lib/python3.12/site-packages/airflow/example_dags/example_complex.py
[2024-11-18T02:59:40.312+0000] {logging_mixin.py:190} INFO - [2024-11-18T02:59:40.312+0000] {dag.py:3229} INFO - Sync 1 DAGs
[2024-11-18T02:59:40.325+0000] {logging_mixin.py:190} INFO - [2024-11-18T02:59:40.325+0000] {dag.py:4156} INFO - Setting next_dagrun for example_complex to None, run_after=None
[2024-11-18T02:59:40.347+0000] {processor.py:208} INFO - Processing /home/airflow/.local/lib/python3.12/site-packages/airflow/example_dags/example_complex.py took 0.086 seconds
[2024-11-18T03:00:11.142+0000] {processor.py:186} INFO - Started process (PID=642) to work on /home/airflow/.local/lib/python3.12/site-packages/airflow/example_dags/example_complex.py
[2024-11-18T03:00:11.143+0000] {processor.py:914} INFO - Processing file /home/airflow/.local/lib/python3.12/site-packages/airflow/example_dags/example_complex.py for tasks to queue
[2024-11-18T03:00:11.147+0000] {logging_mixin.py:190} INFO - [2024-11-18T03:00:11.147+0000] {dagbag.py:587} INFO - Filling up the DagBag from /home/airflow/.local/lib/python3.12/site-packages/airflow/example_dags/example_complex.py
[2024-11-18T03:00:11.164+0000] {processor.py:925} INFO - DAG(s) 'example_complex' retrieved from /home/airflow/.local/lib/python3.12/site-packages/airflow/example_dags/example_complex.py
[2024-11-18T03:00:11.194+0000] {logging_mixin.py:190} INFO - [2024-11-18T03:00:11.193+0000] {dag.py:3229} INFO - Sync 1 DAGs
[2024-11-18T03:00:11.207+0000] {logging_mixin.py:190} INFO - [2024-11-18T03:00:11.207+0000] {dag.py:4156} INFO - Setting next_dagrun for example_complex to None, run_after=None
[2024-11-18T03:00:11.224+0000] {processor.py:208} INFO - Processing /home/airflow/.local/lib/python3.12/site-packages/airflow/example_dags/example_complex.py took 0.088 seconds
[2024-11-18T03:00:42.252+0000] {processor.py:186} INFO - Started process (PID=704) to work on /home/airflow/.local/lib/python3.12/site-packages/airflow/example_dags/example_complex.py
[2024-11-18T03:00:42.256+0000] {processor.py:914} INFO - Processing file /home/airflow/.local/lib/python3.12/site-packages/airflow/example_dags/example_complex.py for tasks to queue
[2024-11-18T03:00:42.266+0000] {logging_mixin.py:190} INFO - [2024-11-18T03:00:42.264+0000] {dagbag.py:587} INFO - Filling up the DagBag from /home/airflow/.local/lib/python3.12/site-packages/airflow/example_dags/example_complex.py
[2024-11-18T03:00:42.303+0000] {processor.py:925} INFO - DAG(s) 'example_complex' retrieved from /home/airflow/.local/lib/python3.12/site-packages/airflow/example_dags/example_complex.py
[2024-11-18T03:00:42.396+0000] {logging_mixin.py:190} INFO - [2024-11-18T03:00:42.395+0000] {dag.py:3229} INFO - Sync 1 DAGs
[2024-11-18T03:00:42.441+0000] {logging_mixin.py:190} INFO - [2024-11-18T03:00:42.441+0000] {dag.py:4156} INFO - Setting next_dagrun for example_complex to None, run_after=None
[2024-11-18T03:00:42.494+0000] {processor.py:208} INFO - Processing /home/airflow/.local/lib/python3.12/site-packages/airflow/example_dags/example_complex.py took 0.273 seconds
[2024-11-18T03:01:12.666+0000] {processor.py:186} INFO - Started process (PID=767) to work on /home/airflow/.local/lib/python3.12/site-packages/airflow/example_dags/example_complex.py
[2024-11-18T03:01:12.667+0000] {processor.py:914} INFO - Processing file /home/airflow/.local/lib/python3.12/site-packages/airflow/example_dags/example_complex.py for tasks to queue
[2024-11-18T03:01:12.669+0000] {logging_mixin.py:190} INFO - [2024-11-18T03:01:12.668+0000] {dagbag.py:587} INFO - Filling up the DagBag from /home/airflow/.local/lib/python3.12/site-packages/airflow/example_dags/example_complex.py
[2024-11-18T03:01:12.680+0000] {processor.py:925} INFO - DAG(s) 'example_complex' retrieved from /home/airflow/.local/lib/python3.12/site-packages/airflow/example_dags/example_complex.py
[2024-11-18T03:01:12.709+0000] {logging_mixin.py:190} INFO - [2024-11-18T03:01:12.709+0000] {dag.py:3229} INFO - Sync 1 DAGs
[2024-11-18T03:01:12.723+0000] {logging_mixin.py:190} INFO - [2024-11-18T03:01:12.722+0000] {dag.py:4156} INFO - Setting next_dagrun for example_complex to None, run_after=None
[2024-11-18T03:01:12.744+0000] {processor.py:208} INFO - Processing /home/airflow/.local/lib/python3.12/site-packages/airflow/example_dags/example_complex.py took 0.084 seconds
[2024-11-18T03:01:42.788+0000] {processor.py:186} INFO - Started process (PID=829) to work on /home/airflow/.local/lib/python3.12/site-packages/airflow/example_dags/example_complex.py
[2024-11-18T03:01:42.790+0000] {processor.py:914} INFO - Processing file /home/airflow/.local/lib/python3.12/site-packages/airflow/example_dags/example_complex.py for tasks to queue
[2024-11-18T03:01:42.792+0000] {logging_mixin.py:190} INFO - [2024-11-18T03:01:42.792+0000] {dagbag.py:587} INFO - Filling up the DagBag from /home/airflow/.local/lib/python3.12/site-packages/airflow/example_dags/example_complex.py
[2024-11-18T03:01:42.805+0000] {processor.py:925} INFO - DAG(s) 'example_complex' retrieved from /home/airflow/.local/lib/python3.12/site-packages/airflow/example_dags/example_complex.py
[2024-11-18T03:01:42.838+0000] {logging_mixin.py:190} INFO - [2024-11-18T03:01:42.838+0000] {dag.py:3229} INFO - Sync 1 DAGs
[2024-11-18T03:01:42.852+0000] {logging_mixin.py:190} INFO - [2024-11-18T03:01:42.852+0000] {dag.py:4156} INFO - Setting next_dagrun for example_complex to None, run_after=None
[2024-11-18T03:01:42.869+0000] {processor.py:208} INFO - Processing /home/airflow/.local/lib/python3.12/site-packages/airflow/example_dags/example_complex.py took 0.086 seconds
[2024-11-18T03:02:13.082+0000] {processor.py:186} INFO - Started process (PID=891) to work on /home/airflow/.local/lib/python3.12/site-packages/airflow/example_dags/example_complex.py
[2024-11-18T03:02:13.084+0000] {processor.py:914} INFO - Processing file /home/airflow/.local/lib/python3.12/site-packages/airflow/example_dags/example_complex.py for tasks to queue
[2024-11-18T03:02:13.090+0000] {logging_mixin.py:190} INFO - [2024-11-18T03:02:13.088+0000] {dagbag.py:587} INFO - Filling up the DagBag from /home/airflow/.local/lib/python3.12/site-packages/airflow/example_dags/example_complex.py
[2024-11-18T03:02:13.116+0000] {processor.py:925} INFO - DAG(s) 'example_complex' retrieved from /home/airflow/.local/lib/python3.12/site-packages/airflow/example_dags/example_complex.py
[2024-11-18T03:02:13.187+0000] {logging_mixin.py:190} INFO - [2024-11-18T03:02:13.186+0000] {dag.py:3229} INFO - Sync 1 DAGs
[2024-11-18T03:02:13.217+0000] {logging_mixin.py:190} INFO - [2024-11-18T03:02:13.217+0000] {dag.py:4156} INFO - Setting next_dagrun for example_complex to None, run_after=None
[2024-11-18T03:02:13.245+0000] {processor.py:208} INFO - Processing /home/airflow/.local/lib/python3.12/site-packages/airflow/example_dags/example_complex.py took 0.174 seconds
[2024-11-18T03:02:43.424+0000] {processor.py:186} INFO - Started process (PID=953) to work on /home/airflow/.local/lib/python3.12/site-packages/airflow/example_dags/example_complex.py
[2024-11-18T03:02:43.428+0000] {processor.py:914} INFO - Processing file /home/airflow/.local/lib/python3.12/site-packages/airflow/example_dags/example_complex.py for tasks to queue
[2024-11-18T03:02:43.434+0000] {logging_mixin.py:190} INFO - [2024-11-18T03:02:43.434+0000] {dagbag.py:587} INFO - Filling up the DagBag from /home/airflow/.local/lib/python3.12/site-packages/airflow/example_dags/example_complex.py
[2024-11-18T03:02:43.461+0000] {processor.py:925} INFO - DAG(s) 'example_complex' retrieved from /home/airflow/.local/lib/python3.12/site-packages/airflow/example_dags/example_complex.py
[2024-11-18T03:02:43.524+0000] {logging_mixin.py:190} INFO - [2024-11-18T03:02:43.524+0000] {dag.py:3229} INFO - Sync 1 DAGs
[2024-11-18T03:02:43.552+0000] {logging_mixin.py:190} INFO - [2024-11-18T03:02:43.551+0000] {dag.py:4156} INFO - Setting next_dagrun for example_complex to None, run_after=None
[2024-11-18T03:02:43.588+0000] {processor.py:208} INFO - Processing /home/airflow/.local/lib/python3.12/site-packages/airflow/example_dags/example_complex.py took 0.175 seconds
[2024-11-18T03:03:14.472+0000] {processor.py:186} INFO - Started process (PID=1015) to work on /home/airflow/.local/lib/python3.12/site-packages/airflow/example_dags/example_complex.py
[2024-11-18T03:03:14.472+0000] {processor.py:914} INFO - Processing file /home/airflow/.local/lib/python3.12/site-packages/airflow/example_dags/example_complex.py for tasks to queue
[2024-11-18T03:03:14.476+0000] {logging_mixin.py:190} INFO - [2024-11-18T03:03:14.476+0000] {dagbag.py:587} INFO - Filling up the DagBag from /home/airflow/.local/lib/python3.12/site-packages/airflow/example_dags/example_complex.py
[2024-11-18T03:03:14.503+0000] {processor.py:925} INFO - DAG(s) 'example_complex' retrieved from /home/airflow/.local/lib/python3.12/site-packages/airflow/example_dags/example_complex.py
[2024-11-18T03:03:14.569+0000] {logging_mixin.py:190} INFO - [2024-11-18T03:03:14.569+0000] {dag.py:3229} INFO - Sync 1 DAGs
[2024-11-18T03:03:14.603+0000] {logging_mixin.py:190} INFO - [2024-11-18T03:03:14.603+0000] {dag.py:4156} INFO - Setting next_dagrun for example_complex to None, run_after=None
[2024-11-18T03:03:14.629+0000] {processor.py:208} INFO - Processing /home/airflow/.local/lib/python3.12/site-packages/airflow/example_dags/example_complex.py took 0.169 seconds
[2024-11-18T03:03:46.430+0000] {processor.py:186} INFO - Started process (PID=1076) to work on /home/airflow/.local/lib/python3.12/site-packages/airflow/example_dags/example_complex.py
[2024-11-18T03:03:46.433+0000] {processor.py:914} INFO - Processing file /home/airflow/.local/lib/python3.12/site-packages/airflow/example_dags/example_complex.py for tasks to queue
[2024-11-18T03:03:46.441+0000] {logging_mixin.py:190} INFO - [2024-11-18T03:03:46.441+0000] {dagbag.py:587} INFO - Filling up the DagBag from /home/airflow/.local/lib/python3.12/site-packages/airflow/example_dags/example_complex.py
[2024-11-18T03:03:46.488+0000] {processor.py:925} INFO - DAG(s) 'example_complex' retrieved from /home/airflow/.local/lib/python3.12/site-packages/airflow/example_dags/example_complex.py
[2024-11-18T03:03:46.613+0000] {logging_mixin.py:190} INFO - [2024-11-18T03:03:46.613+0000] {dag.py:3229} INFO - Sync 1 DAGs
[2024-11-18T03:03:46.670+0000] {logging_mixin.py:190} INFO - [2024-11-18T03:03:46.670+0000] {dag.py:4156} INFO - Setting next_dagrun for example_complex to None, run_after=None
[2024-11-18T03:03:46.749+0000] {processor.py:208} INFO - Processing /home/airflow/.local/lib/python3.12/site-packages/airflow/example_dags/example_complex.py took 0.343 seconds
[2024-11-18T03:04:17.729+0000] {processor.py:186} INFO - Started process (PID=1138) to work on /home/airflow/.local/lib/python3.12/site-packages/airflow/example_dags/example_complex.py
[2024-11-18T03:04:17.737+0000] {processor.py:914} INFO - Processing file /home/airflow/.local/lib/python3.12/site-packages/airflow/example_dags/example_complex.py for tasks to queue
[2024-11-18T03:04:17.745+0000] {logging_mixin.py:190} INFO - [2024-11-18T03:04:17.745+0000] {dagbag.py:587} INFO - Filling up the DagBag from /home/airflow/.local/lib/python3.12/site-packages/airflow/example_dags/example_complex.py
[2024-11-18T03:04:17.799+0000] {processor.py:925} INFO - DAG(s) 'example_complex' retrieved from /home/airflow/.local/lib/python3.12/site-packages/airflow/example_dags/example_complex.py
[2024-11-18T03:04:17.918+0000] {logging_mixin.py:190} INFO - [2024-11-18T03:04:17.918+0000] {dag.py:3229} INFO - Sync 1 DAGs
[2024-11-18T03:04:17.979+0000] {logging_mixin.py:190} INFO - [2024-11-18T03:04:17.975+0000] {dag.py:4156} INFO - Setting next_dagrun for example_complex to None, run_after=None
[2024-11-18T03:04:18.057+0000] {processor.py:208} INFO - Processing /home/airflow/.local/lib/python3.12/site-packages/airflow/example_dags/example_complex.py took 0.355 seconds
[2024-11-18T03:04:48.544+0000] {processor.py:186} INFO - Started process (PID=1200) to work on /home/airflow/.local/lib/python3.12/site-packages/airflow/example_dags/example_complex.py
[2024-11-18T03:04:48.547+0000] {processor.py:914} INFO - Processing file /home/airflow/.local/lib/python3.12/site-packages/airflow/example_dags/example_complex.py for tasks to queue
[2024-11-18T03:04:48.551+0000] {logging_mixin.py:190} INFO - [2024-11-18T03:04:48.549+0000] {dagbag.py:587} INFO - Filling up the DagBag from /home/airflow/.local/lib/python3.12/site-packages/airflow/example_dags/example_complex.py
[2024-11-18T03:04:48.575+0000] {processor.py:925} INFO - DAG(s) 'example_complex' retrieved from /home/airflow/.local/lib/python3.12/site-packages/airflow/example_dags/example_complex.py
[2024-11-18T03:04:48.645+0000] {logging_mixin.py:190} INFO - [2024-11-18T03:04:48.645+0000] {dag.py:3229} INFO - Sync 1 DAGs
[2024-11-18T03:04:48.676+0000] {logging_mixin.py:190} INFO - [2024-11-18T03:04:48.676+0000] {dag.py:4156} INFO - Setting next_dagrun for example_complex to None, run_after=None
[2024-11-18T03:04:48.713+0000] {processor.py:208} INFO - Processing /home/airflow/.local/lib/python3.12/site-packages/airflow/example_dags/example_complex.py took 0.183 seconds
[2024-11-18T03:05:18.948+0000] {processor.py:186} INFO - Started process (PID=1262) to work on /home/airflow/.local/lib/python3.12/site-packages/airflow/example_dags/example_complex.py
[2024-11-18T03:05:18.951+0000] {processor.py:914} INFO - Processing file /home/airflow/.local/lib/python3.12/site-packages/airflow/example_dags/example_complex.py for tasks to queue
[2024-11-18T03:05:18.955+0000] {logging_mixin.py:190} INFO - [2024-11-18T03:05:18.955+0000] {dagbag.py:587} INFO - Filling up the DagBag from /home/airflow/.local/lib/python3.12/site-packages/airflow/example_dags/example_complex.py
[2024-11-18T03:05:18.984+0000] {processor.py:925} INFO - DAG(s) 'example_complex' retrieved from /home/airflow/.local/lib/python3.12/site-packages/airflow/example_dags/example_complex.py
[2024-11-18T03:05:19.058+0000] {logging_mixin.py:190} INFO - [2024-11-18T03:05:19.058+0000] {dag.py:3229} INFO - Sync 1 DAGs
[2024-11-18T03:05:19.089+0000] {logging_mixin.py:190} INFO - [2024-11-18T03:05:19.089+0000] {dag.py:4156} INFO - Setting next_dagrun for example_complex to None, run_after=None
[2024-11-18T03:05:19.128+0000] {processor.py:208} INFO - Processing /home/airflow/.local/lib/python3.12/site-packages/airflow/example_dags/example_complex.py took 0.194 seconds
[2024-11-18T03:05:49.278+0000] {processor.py:186} INFO - Started process (PID=1324) to work on /home/airflow/.local/lib/python3.12/site-packages/airflow/example_dags/example_complex.py
[2024-11-18T03:05:49.281+0000] {processor.py:914} INFO - Processing file /home/airflow/.local/lib/python3.12/site-packages/airflow/example_dags/example_complex.py for tasks to queue
[2024-11-18T03:05:49.287+0000] {logging_mixin.py:190} INFO - [2024-11-18T03:05:49.285+0000] {dagbag.py:587} INFO - Filling up the DagBag from /home/airflow/.local/lib/python3.12/site-packages/airflow/example_dags/example_complex.py
[2024-11-18T03:05:49.314+0000] {processor.py:925} INFO - DAG(s) 'example_complex' retrieved from /home/airflow/.local/lib/python3.12/site-packages/airflow/example_dags/example_complex.py
[2024-11-18T03:05:49.385+0000] {logging_mixin.py:190} INFO - [2024-11-18T03:05:49.385+0000] {dag.py:3229} INFO - Sync 1 DAGs
[2024-11-18T03:05:49.419+0000] {logging_mixin.py:190} INFO - [2024-11-18T03:05:49.419+0000] {dag.py:4156} INFO - Setting next_dagrun for example_complex to None, run_after=None
[2024-11-18T03:05:49.455+0000] {processor.py:208} INFO - Processing /home/airflow/.local/lib/python3.12/site-packages/airflow/example_dags/example_complex.py took 0.191 seconds
[2024-11-18T03:06:19.785+0000] {processor.py:186} INFO - Started process (PID=1386) to work on /home/airflow/.local/lib/python3.12/site-packages/airflow/example_dags/example_complex.py
[2024-11-18T03:06:19.787+0000] {processor.py:914} INFO - Processing file /home/airflow/.local/lib/python3.12/site-packages/airflow/example_dags/example_complex.py for tasks to queue
[2024-11-18T03:06:19.791+0000] {logging_mixin.py:190} INFO - [2024-11-18T03:06:19.791+0000] {dagbag.py:587} INFO - Filling up the DagBag from /home/airflow/.local/lib/python3.12/site-packages/airflow/example_dags/example_complex.py
[2024-11-18T03:06:19.818+0000] {processor.py:925} INFO - DAG(s) 'example_complex' retrieved from /home/airflow/.local/lib/python3.12/site-packages/airflow/example_dags/example_complex.py
[2024-11-18T03:06:19.889+0000] {logging_mixin.py:190} INFO - [2024-11-18T03:06:19.889+0000] {dag.py:3229} INFO - Sync 1 DAGs
[2024-11-18T03:06:19.918+0000] {logging_mixin.py:190} INFO - [2024-11-18T03:06:19.918+0000] {dag.py:4156} INFO - Setting next_dagrun for example_complex to None, run_after=None
[2024-11-18T03:06:19.955+0000] {processor.py:208} INFO - Processing /home/airflow/.local/lib/python3.12/site-packages/airflow/example_dags/example_complex.py took 0.184 seconds
[2024-11-18T03:06:50.727+0000] {processor.py:186} INFO - Started process (PID=1448) to work on /home/airflow/.local/lib/python3.12/site-packages/airflow/example_dags/example_complex.py
[2024-11-18T03:06:50.731+0000] {processor.py:914} INFO - Processing file /home/airflow/.local/lib/python3.12/site-packages/airflow/example_dags/example_complex.py for tasks to queue
[2024-11-18T03:06:50.736+0000] {logging_mixin.py:190} INFO - [2024-11-18T03:06:50.736+0000] {dagbag.py:587} INFO - Filling up the DagBag from /home/airflow/.local/lib/python3.12/site-packages/airflow/example_dags/example_complex.py
[2024-11-18T03:06:50.762+0000] {processor.py:925} INFO - DAG(s) 'example_complex' retrieved from /home/airflow/.local/lib/python3.12/site-packages/airflow/example_dags/example_complex.py
[2024-11-18T03:06:50.830+0000] {logging_mixin.py:190} INFO - [2024-11-18T03:06:50.830+0000] {dag.py:3229} INFO - Sync 1 DAGs
[2024-11-18T03:06:50.869+0000] {logging_mixin.py:190} INFO - [2024-11-18T03:06:50.869+0000] {dag.py:4156} INFO - Setting next_dagrun for example_complex to None, run_after=None
[2024-11-18T03:06:50.904+0000] {processor.py:208} INFO - Processing /home/airflow/.local/lib/python3.12/site-packages/airflow/example_dags/example_complex.py took 0.189 seconds
[2024-11-18T03:07:21.518+0000] {processor.py:186} INFO - Started process (PID=1515) to work on /home/airflow/.local/lib/python3.12/site-packages/airflow/example_dags/example_complex.py
[2024-11-18T03:07:21.522+0000] {processor.py:914} INFO - Processing file /home/airflow/.local/lib/python3.12/site-packages/airflow/example_dags/example_complex.py for tasks to queue
[2024-11-18T03:07:21.534+0000] {logging_mixin.py:190} INFO - [2024-11-18T03:07:21.530+0000] {dagbag.py:587} INFO - Filling up the DagBag from /home/airflow/.local/lib/python3.12/site-packages/airflow/example_dags/example_complex.py
[2024-11-18T03:07:21.579+0000] {processor.py:925} INFO - DAG(s) 'example_complex' retrieved from /home/airflow/.local/lib/python3.12/site-packages/airflow/example_dags/example_complex.py
[2024-11-18T03:07:21.738+0000] {logging_mixin.py:190} INFO - [2024-11-18T03:07:21.737+0000] {dag.py:3229} INFO - Sync 1 DAGs
[2024-11-18T03:07:21.771+0000] {logging_mixin.py:190} INFO - [2024-11-18T03:07:21.769+0000] {dag.py:4156} INFO - Setting next_dagrun for example_complex to None, run_after=None
[2024-11-18T03:07:21.807+0000] {processor.py:208} INFO - Processing /home/airflow/.local/lib/python3.12/site-packages/airflow/example_dags/example_complex.py took 0.324 seconds
[2024-11-18T03:07:52.447+0000] {processor.py:186} INFO - Started process (PID=1577) to work on /home/airflow/.local/lib/python3.12/site-packages/airflow/example_dags/example_complex.py
[2024-11-18T03:07:52.452+0000] {processor.py:914} INFO - Processing file /home/airflow/.local/lib/python3.12/site-packages/airflow/example_dags/example_complex.py for tasks to queue
[2024-11-18T03:07:52.462+0000] {logging_mixin.py:190} INFO - [2024-11-18T03:07:52.458+0000] {dagbag.py:587} INFO - Filling up the DagBag from /home/airflow/.local/lib/python3.12/site-packages/airflow/example_dags/example_complex.py
[2024-11-18T03:07:52.528+0000] {processor.py:925} INFO - DAG(s) 'example_complex' retrieved from /home/airflow/.local/lib/python3.12/site-packages/airflow/example_dags/example_complex.py
[2024-11-18T03:07:52.669+0000] {logging_mixin.py:190} INFO - [2024-11-18T03:07:52.669+0000] {dag.py:3229} INFO - Sync 1 DAGs
[2024-11-18T03:07:52.729+0000] {logging_mixin.py:190} INFO - [2024-11-18T03:07:52.729+0000] {dag.py:4156} INFO - Setting next_dagrun for example_complex to None, run_after=None
[2024-11-18T03:07:52.810+0000] {processor.py:208} INFO - Processing /home/airflow/.local/lib/python3.12/site-packages/airflow/example_dags/example_complex.py took 0.391 seconds
[2024-11-18T03:08:23.470+0000] {processor.py:186} INFO - Started process (PID=1641) to work on /home/airflow/.local/lib/python3.12/site-packages/airflow/example_dags/example_complex.py
[2024-11-18T03:08:23.475+0000] {processor.py:914} INFO - Processing file /home/airflow/.local/lib/python3.12/site-packages/airflow/example_dags/example_complex.py for tasks to queue
[2024-11-18T03:08:23.483+0000] {logging_mixin.py:190} INFO - [2024-11-18T03:08:23.483+0000] {dagbag.py:587} INFO - Filling up the DagBag from /home/airflow/.local/lib/python3.12/site-packages/airflow/example_dags/example_complex.py
[2024-11-18T03:08:23.530+0000] {processor.py:925} INFO - DAG(s) 'example_complex' retrieved from /home/airflow/.local/lib/python3.12/site-packages/airflow/example_dags/example_complex.py
[2024-11-18T03:08:23.666+0000] {logging_mixin.py:190} INFO - [2024-11-18T03:08:23.666+0000] {dag.py:3229} INFO - Sync 1 DAGs
[2024-11-18T03:08:23.730+0000] {logging_mixin.py:190} INFO - [2024-11-18T03:08:23.730+0000] {dag.py:4156} INFO - Setting next_dagrun for example_complex to None, run_after=None
[2024-11-18T03:08:23.802+0000] {processor.py:208} INFO - Processing /home/airflow/.local/lib/python3.12/site-packages/airflow/example_dags/example_complex.py took 0.360 seconds
[2024-11-18T03:08:54.087+0000] {processor.py:186} INFO - Started process (PID=1703) to work on /home/airflow/.local/lib/python3.12/site-packages/airflow/example_dags/example_complex.py
[2024-11-18T03:08:54.089+0000] {processor.py:914} INFO - Processing file /home/airflow/.local/lib/python3.12/site-packages/airflow/example_dags/example_complex.py for tasks to queue
[2024-11-18T03:08:54.093+0000] {logging_mixin.py:190} INFO - [2024-11-18T03:08:54.093+0000] {dagbag.py:587} INFO - Filling up the DagBag from /home/airflow/.local/lib/python3.12/site-packages/airflow/example_dags/example_complex.py
[2024-11-18T03:08:54.119+0000] {processor.py:925} INFO - DAG(s) 'example_complex' retrieved from /home/airflow/.local/lib/python3.12/site-packages/airflow/example_dags/example_complex.py
[2024-11-18T03:08:54.182+0000] {logging_mixin.py:190} INFO - [2024-11-18T03:08:54.182+0000] {dag.py:3229} INFO - Sync 1 DAGs
[2024-11-18T03:08:54.215+0000] {logging_mixin.py:190} INFO - [2024-11-18T03:08:54.213+0000] {dag.py:4156} INFO - Setting next_dagrun for example_complex to None, run_after=None
[2024-11-18T03:08:54.250+0000] {processor.py:208} INFO - Processing /home/airflow/.local/lib/python3.12/site-packages/airflow/example_dags/example_complex.py took 0.176 seconds
[2024-11-18T03:09:25.177+0000] {processor.py:186} INFO - Started process (PID=1765) to work on /home/airflow/.local/lib/python3.12/site-packages/airflow/example_dags/example_complex.py
[2024-11-18T03:09:25.180+0000] {processor.py:914} INFO - Processing file /home/airflow/.local/lib/python3.12/site-packages/airflow/example_dags/example_complex.py for tasks to queue
[2024-11-18T03:09:25.184+0000] {logging_mixin.py:190} INFO - [2024-11-18T03:09:25.184+0000] {dagbag.py:587} INFO - Filling up the DagBag from /home/airflow/.local/lib/python3.12/site-packages/airflow/example_dags/example_complex.py
[2024-11-18T03:09:25.211+0000] {processor.py:925} INFO - DAG(s) 'example_complex' retrieved from /home/airflow/.local/lib/python3.12/site-packages/airflow/example_dags/example_complex.py
[2024-11-18T03:09:25.284+0000] {logging_mixin.py:190} INFO - [2024-11-18T03:09:25.282+0000] {dag.py:3229} INFO - Sync 1 DAGs
[2024-11-18T03:09:25.315+0000] {logging_mixin.py:190} INFO - [2024-11-18T03:09:25.315+0000] {dag.py:4156} INFO - Setting next_dagrun for example_complex to None, run_after=None
[2024-11-18T03:09:25.368+0000] {processor.py:208} INFO - Processing /home/airflow/.local/lib/python3.12/site-packages/airflow/example_dags/example_complex.py took 0.207 seconds
[2024-11-18T03:09:55.621+0000] {processor.py:186} INFO - Started process (PID=1828) to work on /home/airflow/.local/lib/python3.12/site-packages/airflow/example_dags/example_complex.py
[2024-11-18T03:09:55.623+0000] {processor.py:914} INFO - Processing file /home/airflow/.local/lib/python3.12/site-packages/airflow/example_dags/example_complex.py for tasks to queue
[2024-11-18T03:09:55.627+0000] {logging_mixin.py:190} INFO - [2024-11-18T03:09:55.627+0000] {dagbag.py:587} INFO - Filling up the DagBag from /home/airflow/.local/lib/python3.12/site-packages/airflow/example_dags/example_complex.py
[2024-11-18T03:09:55.651+0000] {processor.py:925} INFO - DAG(s) 'example_complex' retrieved from /home/airflow/.local/lib/python3.12/site-packages/airflow/example_dags/example_complex.py
[2024-11-18T03:09:55.716+0000] {logging_mixin.py:190} INFO - [2024-11-18T03:09:55.716+0000] {dag.py:3229} INFO - Sync 1 DAGs
[2024-11-18T03:09:55.744+0000] {logging_mixin.py:190} INFO - [2024-11-18T03:09:55.744+0000] {dag.py:4156} INFO - Setting next_dagrun for example_complex to None, run_after=None
[2024-11-18T03:09:55.778+0000] {processor.py:208} INFO - Processing /home/airflow/.local/lib/python3.12/site-packages/airflow/example_dags/example_complex.py took 0.170 seconds
[2024-11-18T03:10:26.446+0000] {processor.py:186} INFO - Started process (PID=1890) to work on /home/airflow/.local/lib/python3.12/site-packages/airflow/example_dags/example_complex.py
[2024-11-18T03:10:26.452+0000] {processor.py:914} INFO - Processing file /home/airflow/.local/lib/python3.12/site-packages/airflow/example_dags/example_complex.py for tasks to queue
[2024-11-18T03:10:26.460+0000] {logging_mixin.py:190} INFO - [2024-11-18T03:10:26.460+0000] {dagbag.py:587} INFO - Filling up the DagBag from /home/airflow/.local/lib/python3.12/site-packages/airflow/example_dags/example_complex.py
[2024-11-18T03:10:26.520+0000] {processor.py:925} INFO - DAG(s) 'example_complex' retrieved from /home/airflow/.local/lib/python3.12/site-packages/airflow/example_dags/example_complex.py
[2024-11-18T03:10:26.673+0000] {logging_mixin.py:190} INFO - [2024-11-18T03:10:26.667+0000] {dag.py:3229} INFO - Sync 1 DAGs
[2024-11-18T03:10:26.733+0000] {logging_mixin.py:190} INFO - [2024-11-18T03:10:26.731+0000] {dag.py:4156} INFO - Setting next_dagrun for example_complex to None, run_after=None
[2024-11-18T03:10:26.822+0000] {processor.py:208} INFO - Processing /home/airflow/.local/lib/python3.12/site-packages/airflow/example_dags/example_complex.py took 0.404 seconds
[2024-11-18T03:10:59.380+0000] {processor.py:186} INFO - Started process (PID=1952) to work on /home/airflow/.local/lib/python3.12/site-packages/airflow/example_dags/example_complex.py
[2024-11-18T03:10:59.383+0000] {processor.py:914} INFO - Processing file /home/airflow/.local/lib/python3.12/site-packages/airflow/example_dags/example_complex.py for tasks to queue
[2024-11-18T03:10:59.390+0000] {logging_mixin.py:190} INFO - [2024-11-18T03:10:59.390+0000] {dagbag.py:587} INFO - Filling up the DagBag from /home/airflow/.local/lib/python3.12/site-packages/airflow/example_dags/example_complex.py
[2024-11-18T03:10:59.446+0000] {processor.py:925} INFO - DAG(s) 'example_complex' retrieved from /home/airflow/.local/lib/python3.12/site-packages/airflow/example_dags/example_complex.py
[2024-11-18T03:10:59.536+0000] {logging_mixin.py:190} INFO - [2024-11-18T03:10:59.536+0000] {dag.py:3229} INFO - Sync 1 DAGs
[2024-11-18T03:10:59.578+0000] {logging_mixin.py:190} INFO - [2024-11-18T03:10:59.575+0000] {dag.py:4156} INFO - Setting next_dagrun for example_complex to None, run_after=None
[2024-11-18T03:10:59.664+0000] {processor.py:208} INFO - Processing /home/airflow/.local/lib/python3.12/site-packages/airflow/example_dags/example_complex.py took 0.306 seconds
[2024-11-18T03:11:31.056+0000] {processor.py:186} INFO - Started process (PID=2014) to work on /home/airflow/.local/lib/python3.12/site-packages/airflow/example_dags/example_complex.py
[2024-11-18T03:11:31.058+0000] {processor.py:914} INFO - Processing file /home/airflow/.local/lib/python3.12/site-packages/airflow/example_dags/example_complex.py for tasks to queue
[2024-11-18T03:11:31.061+0000] {logging_mixin.py:190} INFO - [2024-11-18T03:11:31.061+0000] {dagbag.py:587} INFO - Filling up the DagBag from /home/airflow/.local/lib/python3.12/site-packages/airflow/example_dags/example_complex.py
[2024-11-18T03:11:31.077+0000] {processor.py:925} INFO - DAG(s) 'example_complex' retrieved from /home/airflow/.local/lib/python3.12/site-packages/airflow/example_dags/example_complex.py
[2024-11-18T03:11:31.233+0000] {logging_mixin.py:190} INFO - [2024-11-18T03:11:31.231+0000] {dag.py:3229} INFO - Sync 1 DAGs
[2024-11-18T03:11:31.307+0000] {logging_mixin.py:190} INFO - [2024-11-18T03:11:31.306+0000] {dag.py:4156} INFO - Setting next_dagrun for example_complex to None, run_after=None
[2024-11-18T03:11:31.352+0000] {processor.py:208} INFO - Processing /home/airflow/.local/lib/python3.12/site-packages/airflow/example_dags/example_complex.py took 0.304 seconds
[2024-11-18T03:12:02.296+0000] {processor.py:186} INFO - Started process (PID=2076) to work on /home/airflow/.local/lib/python3.12/site-packages/airflow/example_dags/example_complex.py
[2024-11-18T03:12:02.480+0000] {processor.py:914} INFO - Processing file /home/airflow/.local/lib/python3.12/site-packages/airflow/example_dags/example_complex.py for tasks to queue
[2024-11-18T03:12:02.492+0000] {logging_mixin.py:190} INFO - [2024-11-18T03:12:02.492+0000] {dagbag.py:587} INFO - Filling up the DagBag from /home/airflow/.local/lib/python3.12/site-packages/airflow/example_dags/example_complex.py
[2024-11-18T03:12:02.585+0000] {processor.py:925} INFO - DAG(s) 'example_complex' retrieved from /home/airflow/.local/lib/python3.12/site-packages/airflow/example_dags/example_complex.py
[2024-11-18T03:12:02.729+0000] {logging_mixin.py:190} INFO - [2024-11-18T03:12:02.729+0000] {dag.py:3229} INFO - Sync 1 DAGs
[2024-11-18T03:12:02.766+0000] {logging_mixin.py:190} INFO - [2024-11-18T03:12:02.766+0000] {dag.py:4156} INFO - Setting next_dagrun for example_complex to None, run_after=None
[2024-11-18T03:12:02.849+0000] {processor.py:208} INFO - Processing /home/airflow/.local/lib/python3.12/site-packages/airflow/example_dags/example_complex.py took 0.575 seconds
[2024-11-18T03:12:33.456+0000] {processor.py:186} INFO - Started process (PID=2139) to work on /home/airflow/.local/lib/python3.12/site-packages/airflow/example_dags/example_complex.py
[2024-11-18T03:12:33.457+0000] {processor.py:914} INFO - Processing file /home/airflow/.local/lib/python3.12/site-packages/airflow/example_dags/example_complex.py for tasks to queue
[2024-11-18T03:12:33.460+0000] {logging_mixin.py:190} INFO - [2024-11-18T03:12:33.460+0000] {dagbag.py:587} INFO - Filling up the DagBag from /home/airflow/.local/lib/python3.12/site-packages/airflow/example_dags/example_complex.py
[2024-11-18T03:12:33.641+0000] {processor.py:925} INFO - DAG(s) 'example_complex' retrieved from /home/airflow/.local/lib/python3.12/site-packages/airflow/example_dags/example_complex.py
[2024-11-18T03:12:33.797+0000] {logging_mixin.py:190} INFO - [2024-11-18T03:12:33.797+0000] {dag.py:3229} INFO - Sync 1 DAGs
[2024-11-18T03:12:33.837+0000] {logging_mixin.py:190} INFO - [2024-11-18T03:12:33.837+0000] {dag.py:4156} INFO - Setting next_dagrun for example_complex to None, run_after=None
[2024-11-18T03:12:33.981+0000] {processor.py:208} INFO - Processing /home/airflow/.local/lib/python3.12/site-packages/airflow/example_dags/example_complex.py took 0.533 seconds
[2024-11-18T03:13:04.603+0000] {processor.py:186} INFO - Started process (PID=2200) to work on /home/airflow/.local/lib/python3.12/site-packages/airflow/example_dags/example_complex.py
[2024-11-18T03:13:04.605+0000] {processor.py:914} INFO - Processing file /home/airflow/.local/lib/python3.12/site-packages/airflow/example_dags/example_complex.py for tasks to queue
[2024-11-18T03:13:04.607+0000] {logging_mixin.py:190} INFO - [2024-11-18T03:13:04.607+0000] {dagbag.py:587} INFO - Filling up the DagBag from /home/airflow/.local/lib/python3.12/site-packages/airflow/example_dags/example_complex.py
[2024-11-18T03:13:04.621+0000] {processor.py:925} INFO - DAG(s) 'example_complex' retrieved from /home/airflow/.local/lib/python3.12/site-packages/airflow/example_dags/example_complex.py
[2024-11-18T03:13:04.707+0000] {logging_mixin.py:190} INFO - [2024-11-18T03:13:04.707+0000] {dag.py:3229} INFO - Sync 1 DAGs
[2024-11-18T03:13:04.743+0000] {logging_mixin.py:190} INFO - [2024-11-18T03:13:04.743+0000] {dag.py:4156} INFO - Setting next_dagrun for example_complex to None, run_after=None
[2024-11-18T03:13:04.796+0000] {processor.py:208} INFO - Processing /home/airflow/.local/lib/python3.12/site-packages/airflow/example_dags/example_complex.py took 0.199 seconds
[2024-11-18T03:13:36.530+0000] {processor.py:186} INFO - Started process (PID=2263) to work on /home/airflow/.local/lib/python3.12/site-packages/airflow/example_dags/example_complex.py
[2024-11-18T03:13:36.534+0000] {processor.py:914} INFO - Processing file /home/airflow/.local/lib/python3.12/site-packages/airflow/example_dags/example_complex.py for tasks to queue
[2024-11-18T03:13:36.578+0000] {logging_mixin.py:190} INFO - [2024-11-18T03:13:36.574+0000] {dagbag.py:587} INFO - Filling up the DagBag from /home/airflow/.local/lib/python3.12/site-packages/airflow/example_dags/example_complex.py
[2024-11-18T03:13:36.712+0000] {processor.py:925} INFO - DAG(s) 'example_complex' retrieved from /home/airflow/.local/lib/python3.12/site-packages/airflow/example_dags/example_complex.py
[2024-11-18T03:13:36.991+0000] {logging_mixin.py:190} INFO - [2024-11-18T03:13:36.991+0000] {dag.py:3229} INFO - Sync 1 DAGs
[2024-11-18T03:13:37.141+0000] {logging_mixin.py:190} INFO - [2024-11-18T03:13:37.138+0000] {dag.py:4156} INFO - Setting next_dagrun for example_complex to None, run_after=None
[2024-11-18T03:13:37.310+0000] {processor.py:208} INFO - Processing /home/airflow/.local/lib/python3.12/site-packages/airflow/example_dags/example_complex.py took 0.852 seconds
[2024-11-18T03:14:10.590+0000] {processor.py:186} INFO - Started process (PID=2324) to work on /home/airflow/.local/lib/python3.12/site-packages/airflow/example_dags/example_complex.py
[2024-11-18T03:14:10.620+0000] {processor.py:914} INFO - Processing file /home/airflow/.local/lib/python3.12/site-packages/airflow/example_dags/example_complex.py for tasks to queue
[2024-11-18T03:14:10.644+0000] {logging_mixin.py:190} INFO - [2024-11-18T03:14:10.644+0000] {dagbag.py:587} INFO - Filling up the DagBag from /home/airflow/.local/lib/python3.12/site-packages/airflow/example_dags/example_complex.py
[2024-11-18T03:14:10.875+0000] {processor.py:925} INFO - DAG(s) 'example_complex' retrieved from /home/airflow/.local/lib/python3.12/site-packages/airflow/example_dags/example_complex.py
[2024-11-18T03:14:11.166+0000] {logging_mixin.py:190} INFO - [2024-11-18T03:14:11.166+0000] {dag.py:3229} INFO - Sync 1 DAGs
[2024-11-18T03:14:11.278+0000] {logging_mixin.py:190} INFO - [2024-11-18T03:14:11.278+0000] {dag.py:4156} INFO - Setting next_dagrun for example_complex to None, run_after=None
[2024-11-18T03:14:11.451+0000] {processor.py:208} INFO - Processing /home/airflow/.local/lib/python3.12/site-packages/airflow/example_dags/example_complex.py took 0.899 seconds
[2024-11-18T03:14:41.626+0000] {processor.py:186} INFO - Started process (PID=2385) to work on /home/airflow/.local/lib/python3.12/site-packages/airflow/example_dags/example_complex.py
[2024-11-18T03:14:41.632+0000] {processor.py:914} INFO - Processing file /home/airflow/.local/lib/python3.12/site-packages/airflow/example_dags/example_complex.py for tasks to queue
[2024-11-18T03:14:41.643+0000] {logging_mixin.py:190} INFO - [2024-11-18T03:14:41.639+0000] {dagbag.py:587} INFO - Filling up the DagBag from /home/airflow/.local/lib/python3.12/site-packages/airflow/example_dags/example_complex.py
[2024-11-18T03:14:41.672+0000] {processor.py:925} INFO - DAG(s) 'example_complex' retrieved from /home/airflow/.local/lib/python3.12/site-packages/airflow/example_dags/example_complex.py
[2024-11-18T03:14:41.782+0000] {logging_mixin.py:190} INFO - [2024-11-18T03:14:41.782+0000] {dag.py:3229} INFO - Sync 1 DAGs
[2024-11-18T03:14:42.002+0000] {logging_mixin.py:190} INFO - [2024-11-18T03:14:42.000+0000] {dag.py:4156} INFO - Setting next_dagrun for example_complex to None, run_after=None
[2024-11-18T03:14:42.079+0000] {processor.py:208} INFO - Processing /home/airflow/.local/lib/python3.12/site-packages/airflow/example_dags/example_complex.py took 0.487 seconds
[2024-11-18T03:15:12.456+0000] {processor.py:186} INFO - Started process (PID=2447) to work on /home/airflow/.local/lib/python3.12/site-packages/airflow/example_dags/example_complex.py
[2024-11-18T03:15:12.548+0000] {processor.py:914} INFO - Processing file /home/airflow/.local/lib/python3.12/site-packages/airflow/example_dags/example_complex.py for tasks to queue
[2024-11-18T03:15:12.581+0000] {logging_mixin.py:190} INFO - [2024-11-18T03:15:12.572+0000] {dagbag.py:587} INFO - Filling up the DagBag from /home/airflow/.local/lib/python3.12/site-packages/airflow/example_dags/example_complex.py
[2024-11-18T03:15:12.636+0000] {processor.py:925} INFO - DAG(s) 'example_complex' retrieved from /home/airflow/.local/lib/python3.12/site-packages/airflow/example_dags/example_complex.py
[2024-11-18T03:15:12.782+0000] {logging_mixin.py:190} INFO - [2024-11-18T03:15:12.782+0000] {dag.py:3229} INFO - Sync 1 DAGs
[2024-11-18T03:15:12.888+0000] {logging_mixin.py:190} INFO - [2024-11-18T03:15:12.888+0000] {dag.py:4156} INFO - Setting next_dagrun for example_complex to None, run_after=None
[2024-11-18T03:15:12.983+0000] {processor.py:208} INFO - Processing /home/airflow/.local/lib/python3.12/site-packages/airflow/example_dags/example_complex.py took 0.538 seconds
[2024-11-18T03:15:46.048+0000] {processor.py:186} INFO - Started process (PID=2508) to work on /home/airflow/.local/lib/python3.12/site-packages/airflow/example_dags/example_complex.py
[2024-11-18T03:15:46.049+0000] {processor.py:914} INFO - Processing file /home/airflow/.local/lib/python3.12/site-packages/airflow/example_dags/example_complex.py for tasks to queue
[2024-11-18T03:15:46.056+0000] {logging_mixin.py:190} INFO - [2024-11-18T03:15:46.054+0000] {dagbag.py:587} INFO - Filling up the DagBag from /home/airflow/.local/lib/python3.12/site-packages/airflow/example_dags/example_complex.py
[2024-11-18T03:15:46.099+0000] {processor.py:925} INFO - DAG(s) 'example_complex' retrieved from /home/airflow/.local/lib/python3.12/site-packages/airflow/example_dags/example_complex.py
[2024-11-18T03:15:46.307+0000] {logging_mixin.py:190} INFO - [2024-11-18T03:15:46.307+0000] {dag.py:3229} INFO - Sync 1 DAGs
[2024-11-18T03:15:46.370+0000] {logging_mixin.py:190} INFO - [2024-11-18T03:15:46.368+0000] {dag.py:4156} INFO - Setting next_dagrun for example_complex to None, run_after=None
[2024-11-18T03:15:46.513+0000] {processor.py:208} INFO - Processing /home/airflow/.local/lib/python3.12/site-packages/airflow/example_dags/example_complex.py took 0.481 seconds
[2024-11-18T03:16:18.950+0000] {processor.py:186} INFO - Started process (PID=2570) to work on /home/airflow/.local/lib/python3.12/site-packages/airflow/example_dags/example_complex.py
[2024-11-18T03:16:18.954+0000] {processor.py:914} INFO - Processing file /home/airflow/.local/lib/python3.12/site-packages/airflow/example_dags/example_complex.py for tasks to queue
[2024-11-18T03:16:18.960+0000] {logging_mixin.py:190} INFO - [2024-11-18T03:16:18.960+0000] {dagbag.py:587} INFO - Filling up the DagBag from /home/airflow/.local/lib/python3.12/site-packages/airflow/example_dags/example_complex.py
[2024-11-18T03:16:19.091+0000] {processor.py:925} INFO - DAG(s) 'example_complex' retrieved from /home/airflow/.local/lib/python3.12/site-packages/airflow/example_dags/example_complex.py
[2024-11-18T03:16:19.235+0000] {logging_mixin.py:190} INFO - [2024-11-18T03:16:19.235+0000] {dag.py:3229} INFO - Sync 1 DAGs
[2024-11-18T03:16:19.272+0000] {logging_mixin.py:190} INFO - [2024-11-18T03:16:19.270+0000] {dag.py:4156} INFO - Setting next_dagrun for example_complex to None, run_after=None
[2024-11-18T03:16:19.420+0000] {processor.py:208} INFO - Processing /home/airflow/.local/lib/python3.12/site-packages/airflow/example_dags/example_complex.py took 0.501 seconds
[2024-11-18T03:16:51.856+0000] {processor.py:186} INFO - Started process (PID=2630) to work on /home/airflow/.local/lib/python3.12/site-packages/airflow/example_dags/example_complex.py
[2024-11-18T03:16:51.863+0000] {processor.py:914} INFO - Processing file /home/airflow/.local/lib/python3.12/site-packages/airflow/example_dags/example_complex.py for tasks to queue
[2024-11-18T03:16:51.901+0000] {logging_mixin.py:190} INFO - [2024-11-18T03:16:51.901+0000] {dagbag.py:587} INFO - Filling up the DagBag from /home/airflow/.local/lib/python3.12/site-packages/airflow/example_dags/example_complex.py
[2024-11-18T03:16:52.008+0000] {processor.py:925} INFO - DAG(s) 'example_complex' retrieved from /home/airflow/.local/lib/python3.12/site-packages/airflow/example_dags/example_complex.py
[2024-11-18T03:16:52.227+0000] {logging_mixin.py:190} INFO - [2024-11-18T03:16:52.227+0000] {dag.py:3229} INFO - Sync 1 DAGs
[2024-11-18T03:16:52.372+0000] {logging_mixin.py:190} INFO - [2024-11-18T03:16:52.372+0000] {dag.py:4156} INFO - Setting next_dagrun for example_complex to None, run_after=None
[2024-11-18T03:16:52.425+0000] {processor.py:208} INFO - Processing /home/airflow/.local/lib/python3.12/site-packages/airflow/example_dags/example_complex.py took 0.620 seconds
