[2024-11-18T02:55:37.543+0000] {processor.py:186} INFO - Started process (PID=91) to work on /home/airflow/.local/lib/python3.12/site-packages/airflow/example_dags/example_bash_decorator.py
[2024-11-18T02:55:37.543+0000] {processor.py:914} INFO - Processing file /home/airflow/.local/lib/python3.12/site-packages/airflow/example_dags/example_bash_decorator.py for tasks to queue
[2024-11-18T02:55:37.561+0000] {logging_mixin.py:190} INFO - [2024-11-18T02:55:37.555+0000] {dagbag.py:587} INFO - Filling up the DagBag from /home/airflow/.local/lib/python3.12/site-packages/airflow/example_dags/example_bash_decorator.py
[2024-11-18T02:55:37.656+0000] {processor.py:925} INFO - DAG(s) 'example_bash_decorator' retrieved from /home/airflow/.local/lib/python3.12/site-packages/airflow/example_dags/example_bash_decorator.py
[2024-11-18T02:55:38.485+0000] {logging_mixin.py:190} INFO - [2024-11-18T02:55:38.485+0000] {dag.py:3229} INFO - Sync 1 DAGs
[2024-11-18T02:55:38.580+0000] {logging_mixin.py:190} INFO - [2024-11-18T02:55:38.580+0000] {dag.py:4156} INFO - Setting next_dagrun for example_bash_decorator to None, run_after=None
[2024-11-18T02:55:38.683+0000] {processor.py:208} INFO - Processing /home/airflow/.local/lib/python3.12/site-packages/airflow/example_dags/example_bash_decorator.py took 1.183 seconds
[2024-11-18T02:56:09.501+0000] {processor.py:186} INFO - Started process (PID=153) to work on /home/airflow/.local/lib/python3.12/site-packages/airflow/example_dags/example_bash_decorator.py
[2024-11-18T02:56:09.506+0000] {processor.py:914} INFO - Processing file /home/airflow/.local/lib/python3.12/site-packages/airflow/example_dags/example_bash_decorator.py for tasks to queue
[2024-11-18T02:56:09.519+0000] {logging_mixin.py:190} INFO - [2024-11-18T02:56:09.519+0000] {dagbag.py:587} INFO - Filling up the DagBag from /home/airflow/.local/lib/python3.12/site-packages/airflow/example_dags/example_bash_decorator.py
[2024-11-18T02:56:09.603+0000] {processor.py:925} INFO - DAG(s) 'example_bash_decorator' retrieved from /home/airflow/.local/lib/python3.12/site-packages/airflow/example_dags/example_bash_decorator.py
[2024-11-18T02:56:09.748+0000] {logging_mixin.py:190} INFO - [2024-11-18T02:56:09.748+0000] {dag.py:3229} INFO - Sync 1 DAGs
[2024-11-18T02:56:09.831+0000] {logging_mixin.py:190} INFO - [2024-11-18T02:56:09.831+0000] {dag.py:4156} INFO - Setting next_dagrun for example_bash_decorator to None, run_after=None
[2024-11-18T02:56:10.009+0000] {processor.py:208} INFO - Processing /home/airflow/.local/lib/python3.12/site-packages/airflow/example_dags/example_bash_decorator.py took 0.556 seconds
[2024-11-18T02:56:40.215+0000] {processor.py:186} INFO - Started process (PID=215) to work on /home/airflow/.local/lib/python3.12/site-packages/airflow/example_dags/example_bash_decorator.py
[2024-11-18T02:56:40.217+0000] {processor.py:914} INFO - Processing file /home/airflow/.local/lib/python3.12/site-packages/airflow/example_dags/example_bash_decorator.py for tasks to queue
[2024-11-18T02:56:40.222+0000] {logging_mixin.py:190} INFO - [2024-11-18T02:56:40.222+0000] {dagbag.py:587} INFO - Filling up the DagBag from /home/airflow/.local/lib/python3.12/site-packages/airflow/example_dags/example_bash_decorator.py
[2024-11-18T02:56:40.256+0000] {processor.py:925} INFO - DAG(s) 'example_bash_decorator' retrieved from /home/airflow/.local/lib/python3.12/site-packages/airflow/example_dags/example_bash_decorator.py
[2024-11-18T02:56:40.303+0000] {logging_mixin.py:190} INFO - [2024-11-18T02:56:40.303+0000] {dag.py:3229} INFO - Sync 1 DAGs
[2024-11-18T02:56:40.331+0000] {logging_mixin.py:190} INFO - [2024-11-18T02:56:40.331+0000] {dag.py:4156} INFO - Setting next_dagrun for example_bash_decorator to None, run_after=None
[2024-11-18T02:56:40.417+0000] {processor.py:208} INFO - Processing /home/airflow/.local/lib/python3.12/site-packages/airflow/example_dags/example_bash_decorator.py took 0.224 seconds
[2024-11-18T02:57:11.273+0000] {processor.py:186} INFO - Started process (PID=276) to work on /home/airflow/.local/lib/python3.12/site-packages/airflow/example_dags/example_bash_decorator.py
[2024-11-18T02:57:11.275+0000] {processor.py:914} INFO - Processing file /home/airflow/.local/lib/python3.12/site-packages/airflow/example_dags/example_bash_decorator.py for tasks to queue
[2024-11-18T02:57:11.281+0000] {logging_mixin.py:190} INFO - [2024-11-18T02:57:11.279+0000] {dagbag.py:587} INFO - Filling up the DagBag from /home/airflow/.local/lib/python3.12/site-packages/airflow/example_dags/example_bash_decorator.py
[2024-11-18T02:57:11.319+0000] {processor.py:925} INFO - DAG(s) 'example_bash_decorator' retrieved from /home/airflow/.local/lib/python3.12/site-packages/airflow/example_dags/example_bash_decorator.py
[2024-11-18T02:57:11.371+0000] {logging_mixin.py:190} INFO - [2024-11-18T02:57:11.371+0000] {dag.py:3229} INFO - Sync 1 DAGs
[2024-11-18T02:57:11.401+0000] {logging_mixin.py:190} INFO - [2024-11-18T02:57:11.399+0000] {dag.py:4156} INFO - Setting next_dagrun for example_bash_decorator to None, run_after=None
[2024-11-18T02:57:11.443+0000] {processor.py:208} INFO - Processing /home/airflow/.local/lib/python3.12/site-packages/airflow/example_dags/example_bash_decorator.py took 0.183 seconds
[2024-11-18T02:57:41.550+0000] {processor.py:186} INFO - Started process (PID=338) to work on /home/airflow/.local/lib/python3.12/site-packages/airflow/example_dags/example_bash_decorator.py
[2024-11-18T02:57:41.553+0000] {processor.py:914} INFO - Processing file /home/airflow/.local/lib/python3.12/site-packages/airflow/example_dags/example_bash_decorator.py for tasks to queue
[2024-11-18T02:57:41.557+0000] {logging_mixin.py:190} INFO - [2024-11-18T02:57:41.557+0000] {dagbag.py:587} INFO - Filling up the DagBag from /home/airflow/.local/lib/python3.12/site-packages/airflow/example_dags/example_bash_decorator.py
[2024-11-18T02:57:41.588+0000] {processor.py:925} INFO - DAG(s) 'example_bash_decorator' retrieved from /home/airflow/.local/lib/python3.12/site-packages/airflow/example_dags/example_bash_decorator.py
[2024-11-18T02:57:41.640+0000] {logging_mixin.py:190} INFO - [2024-11-18T02:57:41.639+0000] {dag.py:3229} INFO - Sync 1 DAGs
[2024-11-18T02:57:41.669+0000] {logging_mixin.py:190} INFO - [2024-11-18T02:57:41.667+0000] {dag.py:4156} INFO - Setting next_dagrun for example_bash_decorator to None, run_after=None
[2024-11-18T02:57:41.714+0000] {processor.py:208} INFO - Processing /home/airflow/.local/lib/python3.12/site-packages/airflow/example_dags/example_bash_decorator.py took 0.176 seconds
[2024-11-18T02:58:11.947+0000] {processor.py:186} INFO - Started process (PID=400) to work on /home/airflow/.local/lib/python3.12/site-packages/airflow/example_dags/example_bash_decorator.py
[2024-11-18T02:58:11.953+0000] {processor.py:914} INFO - Processing file /home/airflow/.local/lib/python3.12/site-packages/airflow/example_dags/example_bash_decorator.py for tasks to queue
[2024-11-18T02:58:11.965+0000] {logging_mixin.py:190} INFO - [2024-11-18T02:58:11.965+0000] {dagbag.py:587} INFO - Filling up the DagBag from /home/airflow/.local/lib/python3.12/site-packages/airflow/example_dags/example_bash_decorator.py
[2024-11-18T02:58:12.049+0000] {processor.py:925} INFO - DAG(s) 'example_bash_decorator' retrieved from /home/airflow/.local/lib/python3.12/site-packages/airflow/example_dags/example_bash_decorator.py
[2024-11-18T02:58:12.208+0000] {logging_mixin.py:190} INFO - [2024-11-18T02:58:12.202+0000] {dag.py:3229} INFO - Sync 1 DAGs
[2024-11-18T02:58:12.297+0000] {logging_mixin.py:190} INFO - [2024-11-18T02:58:12.293+0000] {dag.py:4156} INFO - Setting next_dagrun for example_bash_decorator to None, run_after=None
[2024-11-18T02:58:12.393+0000] {processor.py:208} INFO - Processing /home/airflow/.local/lib/python3.12/site-packages/airflow/example_dags/example_bash_decorator.py took 0.488 seconds
[2024-11-18T02:58:42.621+0000] {processor.py:186} INFO - Started process (PID=463) to work on /home/airflow/.local/lib/python3.12/site-packages/airflow/example_dags/example_bash_decorator.py
[2024-11-18T02:58:42.624+0000] {processor.py:914} INFO - Processing file /home/airflow/.local/lib/python3.12/site-packages/airflow/example_dags/example_bash_decorator.py for tasks to queue
[2024-11-18T02:58:42.628+0000] {logging_mixin.py:190} INFO - [2024-11-18T02:58:42.628+0000] {dagbag.py:587} INFO - Filling up the DagBag from /home/airflow/.local/lib/python3.12/site-packages/airflow/example_dags/example_bash_decorator.py
[2024-11-18T02:58:42.669+0000] {processor.py:925} INFO - DAG(s) 'example_bash_decorator' retrieved from /home/airflow/.local/lib/python3.12/site-packages/airflow/example_dags/example_bash_decorator.py
[2024-11-18T02:58:42.716+0000] {logging_mixin.py:190} INFO - [2024-11-18T02:58:42.716+0000] {dag.py:3229} INFO - Sync 1 DAGs
[2024-11-18T02:58:42.746+0000] {logging_mixin.py:190} INFO - [2024-11-18T02:58:42.746+0000] {dag.py:4156} INFO - Setting next_dagrun for example_bash_decorator to None, run_after=None
[2024-11-18T02:58:42.779+0000] {processor.py:208} INFO - Processing /home/airflow/.local/lib/python3.12/site-packages/airflow/example_dags/example_bash_decorator.py took 0.171 seconds
[2024-11-18T02:59:13.109+0000] {processor.py:186} INFO - Started process (PID=525) to work on /home/airflow/.local/lib/python3.12/site-packages/airflow/example_dags/example_bash_decorator.py
[2024-11-18T02:59:13.111+0000] {processor.py:914} INFO - Processing file /home/airflow/.local/lib/python3.12/site-packages/airflow/example_dags/example_bash_decorator.py for tasks to queue
[2024-11-18T02:59:13.117+0000] {logging_mixin.py:190} INFO - [2024-11-18T02:59:13.117+0000] {dagbag.py:587} INFO - Filling up the DagBag from /home/airflow/.local/lib/python3.12/site-packages/airflow/example_dags/example_bash_decorator.py
[2024-11-18T02:59:13.157+0000] {processor.py:925} INFO - DAG(s) 'example_bash_decorator' retrieved from /home/airflow/.local/lib/python3.12/site-packages/airflow/example_dags/example_bash_decorator.py
[2024-11-18T02:59:13.205+0000] {logging_mixin.py:190} INFO - [2024-11-18T02:59:13.205+0000] {dag.py:3229} INFO - Sync 1 DAGs
[2024-11-18T02:59:13.232+0000] {logging_mixin.py:190} INFO - [2024-11-18T02:59:13.232+0000] {dag.py:4156} INFO - Setting next_dagrun for example_bash_decorator to None, run_after=None
[2024-11-18T02:59:13.276+0000] {processor.py:208} INFO - Processing /home/airflow/.local/lib/python3.12/site-packages/airflow/example_dags/example_bash_decorator.py took 0.182 seconds
[2024-11-18T02:59:43.917+0000] {processor.py:186} INFO - Started process (PID=586) to work on /home/airflow/.local/lib/python3.12/site-packages/airflow/example_dags/example_bash_decorator.py
[2024-11-18T02:59:43.921+0000] {processor.py:914} INFO - Processing file /home/airflow/.local/lib/python3.12/site-packages/airflow/example_dags/example_bash_decorator.py for tasks to queue
[2024-11-18T02:59:43.929+0000] {logging_mixin.py:190} INFO - [2024-11-18T02:59:43.928+0000] {dagbag.py:587} INFO - Filling up the DagBag from /home/airflow/.local/lib/python3.12/site-packages/airflow/example_dags/example_bash_decorator.py
[2024-11-18T02:59:43.970+0000] {processor.py:925} INFO - DAG(s) 'example_bash_decorator' retrieved from /home/airflow/.local/lib/python3.12/site-packages/airflow/example_dags/example_bash_decorator.py
[2024-11-18T02:59:44.028+0000] {logging_mixin.py:190} INFO - [2024-11-18T02:59:44.028+0000] {dag.py:3229} INFO - Sync 1 DAGs
[2024-11-18T02:59:44.057+0000] {logging_mixin.py:190} INFO - [2024-11-18T02:59:44.057+0000] {dag.py:4156} INFO - Setting next_dagrun for example_bash_decorator to None, run_after=None
[2024-11-18T02:59:44.089+0000] {processor.py:208} INFO - Processing /home/airflow/.local/lib/python3.12/site-packages/airflow/example_dags/example_bash_decorator.py took 0.187 seconds
[2024-11-18T03:00:14.832+0000] {processor.py:186} INFO - Started process (PID=648) to work on /home/airflow/.local/lib/python3.12/site-packages/airflow/example_dags/example_bash_decorator.py
[2024-11-18T03:00:14.838+0000] {processor.py:914} INFO - Processing file /home/airflow/.local/lib/python3.12/site-packages/airflow/example_dags/example_bash_decorator.py for tasks to queue
[2024-11-18T03:00:14.842+0000] {logging_mixin.py:190} INFO - [2024-11-18T03:00:14.842+0000] {dagbag.py:587} INFO - Filling up the DagBag from /home/airflow/.local/lib/python3.12/site-packages/airflow/example_dags/example_bash_decorator.py
[2024-11-18T03:00:14.887+0000] {processor.py:925} INFO - DAG(s) 'example_bash_decorator' retrieved from /home/airflow/.local/lib/python3.12/site-packages/airflow/example_dags/example_bash_decorator.py
[2024-11-18T03:00:14.932+0000] {logging_mixin.py:190} INFO - [2024-11-18T03:00:14.932+0000] {dag.py:3229} INFO - Sync 1 DAGs
[2024-11-18T03:00:14.963+0000] {logging_mixin.py:190} INFO - [2024-11-18T03:00:14.961+0000] {dag.py:4156} INFO - Setting next_dagrun for example_bash_decorator to None, run_after=None
[2024-11-18T03:00:15.000+0000] {processor.py:208} INFO - Processing /home/airflow/.local/lib/python3.12/site-packages/airflow/example_dags/example_bash_decorator.py took 0.187 seconds
[2024-11-18T03:00:45.608+0000] {processor.py:186} INFO - Started process (PID=710) to work on /home/airflow/.local/lib/python3.12/site-packages/airflow/example_dags/example_bash_decorator.py
[2024-11-18T03:00:45.612+0000] {processor.py:914} INFO - Processing file /home/airflow/.local/lib/python3.12/site-packages/airflow/example_dags/example_bash_decorator.py for tasks to queue
[2024-11-18T03:00:45.618+0000] {logging_mixin.py:190} INFO - [2024-11-18T03:00:45.618+0000] {dagbag.py:587} INFO - Filling up the DagBag from /home/airflow/.local/lib/python3.12/site-packages/airflow/example_dags/example_bash_decorator.py
[2024-11-18T03:00:45.666+0000] {processor.py:925} INFO - DAG(s) 'example_bash_decorator' retrieved from /home/airflow/.local/lib/python3.12/site-packages/airflow/example_dags/example_bash_decorator.py
[2024-11-18T03:00:45.736+0000] {logging_mixin.py:190} INFO - [2024-11-18T03:00:45.735+0000] {dag.py:3229} INFO - Sync 1 DAGs
[2024-11-18T03:00:45.780+0000] {logging_mixin.py:190} INFO - [2024-11-18T03:00:45.780+0000] {dag.py:4156} INFO - Setting next_dagrun for example_bash_decorator to None, run_after=None
[2024-11-18T03:00:45.846+0000] {processor.py:208} INFO - Processing /home/airflow/.local/lib/python3.12/site-packages/airflow/example_dags/example_bash_decorator.py took 0.256 seconds
[2024-11-18T03:01:16.274+0000] {processor.py:186} INFO - Started process (PID=773) to work on /home/airflow/.local/lib/python3.12/site-packages/airflow/example_dags/example_bash_decorator.py
[2024-11-18T03:01:16.274+0000] {processor.py:914} INFO - Processing file /home/airflow/.local/lib/python3.12/site-packages/airflow/example_dags/example_bash_decorator.py for tasks to queue
[2024-11-18T03:01:16.280+0000] {logging_mixin.py:190} INFO - [2024-11-18T03:01:16.278+0000] {dagbag.py:587} INFO - Filling up the DagBag from /home/airflow/.local/lib/python3.12/site-packages/airflow/example_dags/example_bash_decorator.py
[2024-11-18T03:01:16.308+0000] {processor.py:925} INFO - DAG(s) 'example_bash_decorator' retrieved from /home/airflow/.local/lib/python3.12/site-packages/airflow/example_dags/example_bash_decorator.py
[2024-11-18T03:01:16.360+0000] {logging_mixin.py:190} INFO - [2024-11-18T03:01:16.358+0000] {dag.py:3229} INFO - Sync 1 DAGs
[2024-11-18T03:01:16.387+0000] {logging_mixin.py:190} INFO - [2024-11-18T03:01:16.385+0000] {dag.py:4156} INFO - Setting next_dagrun for example_bash_decorator to None, run_after=None
[2024-11-18T03:01:16.423+0000] {processor.py:208} INFO - Processing /home/airflow/.local/lib/python3.12/site-packages/airflow/example_dags/example_bash_decorator.py took 0.162 seconds
[2024-11-18T03:01:47.335+0000] {processor.py:186} INFO - Started process (PID=835) to work on /home/airflow/.local/lib/python3.12/site-packages/airflow/example_dags/example_bash_decorator.py
[2024-11-18T03:01:47.339+0000] {processor.py:914} INFO - Processing file /home/airflow/.local/lib/python3.12/site-packages/airflow/example_dags/example_bash_decorator.py for tasks to queue
[2024-11-18T03:01:47.343+0000] {logging_mixin.py:190} INFO - [2024-11-18T03:01:47.343+0000] {dagbag.py:587} INFO - Filling up the DagBag from /home/airflow/.local/lib/python3.12/site-packages/airflow/example_dags/example_bash_decorator.py
[2024-11-18T03:01:47.374+0000] {processor.py:925} INFO - DAG(s) 'example_bash_decorator' retrieved from /home/airflow/.local/lib/python3.12/site-packages/airflow/example_dags/example_bash_decorator.py
[2024-11-18T03:01:47.423+0000] {logging_mixin.py:190} INFO - [2024-11-18T03:01:47.423+0000] {dag.py:3229} INFO - Sync 1 DAGs
[2024-11-18T03:01:47.452+0000] {logging_mixin.py:190} INFO - [2024-11-18T03:01:47.452+0000] {dag.py:4156} INFO - Setting next_dagrun for example_bash_decorator to None, run_after=None
[2024-11-18T03:01:47.485+0000] {processor.py:208} INFO - Processing /home/airflow/.local/lib/python3.12/site-packages/airflow/example_dags/example_bash_decorator.py took 0.164 seconds
[2024-11-18T03:02:17.553+0000] {processor.py:186} INFO - Started process (PID=896) to work on /home/airflow/.local/lib/python3.12/site-packages/airflow/example_dags/example_bash_decorator.py
[2024-11-18T03:02:17.553+0000] {processor.py:914} INFO - Processing file /home/airflow/.local/lib/python3.12/site-packages/airflow/example_dags/example_bash_decorator.py for tasks to queue
[2024-11-18T03:02:17.559+0000] {logging_mixin.py:190} INFO - [2024-11-18T03:02:17.557+0000] {dagbag.py:587} INFO - Filling up the DagBag from /home/airflow/.local/lib/python3.12/site-packages/airflow/example_dags/example_bash_decorator.py
[2024-11-18T03:02:17.588+0000] {processor.py:925} INFO - DAG(s) 'example_bash_decorator' retrieved from /home/airflow/.local/lib/python3.12/site-packages/airflow/example_dags/example_bash_decorator.py
[2024-11-18T03:02:17.637+0000] {logging_mixin.py:190} INFO - [2024-11-18T03:02:17.636+0000] {dag.py:3229} INFO - Sync 1 DAGs
[2024-11-18T03:02:17.664+0000] {logging_mixin.py:190} INFO - [2024-11-18T03:02:17.664+0000] {dag.py:4156} INFO - Setting next_dagrun for example_bash_decorator to None, run_after=None
[2024-11-18T03:02:17.699+0000] {processor.py:208} INFO - Processing /home/airflow/.local/lib/python3.12/site-packages/airflow/example_dags/example_bash_decorator.py took 0.160 seconds
[2024-11-18T03:02:47.897+0000] {processor.py:186} INFO - Started process (PID=958) to work on /home/airflow/.local/lib/python3.12/site-packages/airflow/example_dags/example_bash_decorator.py
[2024-11-18T03:02:47.899+0000] {processor.py:914} INFO - Processing file /home/airflow/.local/lib/python3.12/site-packages/airflow/example_dags/example_bash_decorator.py for tasks to queue
[2024-11-18T03:02:47.903+0000] {logging_mixin.py:190} INFO - [2024-11-18T03:02:47.903+0000] {dagbag.py:587} INFO - Filling up the DagBag from /home/airflow/.local/lib/python3.12/site-packages/airflow/example_dags/example_bash_decorator.py
[2024-11-18T03:02:47.935+0000] {processor.py:925} INFO - DAG(s) 'example_bash_decorator' retrieved from /home/airflow/.local/lib/python3.12/site-packages/airflow/example_dags/example_bash_decorator.py
[2024-11-18T03:02:47.977+0000] {logging_mixin.py:190} INFO - [2024-11-18T03:02:47.976+0000] {dag.py:3229} INFO - Sync 1 DAGs
[2024-11-18T03:02:48.004+0000] {logging_mixin.py:190} INFO - [2024-11-18T03:02:48.003+0000] {dag.py:4156} INFO - Setting next_dagrun for example_bash_decorator to None, run_after=None
[2024-11-18T03:02:48.036+0000] {processor.py:208} INFO - Processing /home/airflow/.local/lib/python3.12/site-packages/airflow/example_dags/example_bash_decorator.py took 0.156 seconds
[2024-11-18T03:03:19.199+0000] {processor.py:186} INFO - Started process (PID=1021) to work on /home/airflow/.local/lib/python3.12/site-packages/airflow/example_dags/example_bash_decorator.py
[2024-11-18T03:03:19.201+0000] {processor.py:914} INFO - Processing file /home/airflow/.local/lib/python3.12/site-packages/airflow/example_dags/example_bash_decorator.py for tasks to queue
[2024-11-18T03:03:19.205+0000] {logging_mixin.py:190} INFO - [2024-11-18T03:03:19.205+0000] {dagbag.py:587} INFO - Filling up the DagBag from /home/airflow/.local/lib/python3.12/site-packages/airflow/example_dags/example_bash_decorator.py
[2024-11-18T03:03:19.235+0000] {processor.py:925} INFO - DAG(s) 'example_bash_decorator' retrieved from /home/airflow/.local/lib/python3.12/site-packages/airflow/example_dags/example_bash_decorator.py
[2024-11-18T03:03:19.283+0000] {logging_mixin.py:190} INFO - [2024-11-18T03:03:19.282+0000] {dag.py:3229} INFO - Sync 1 DAGs
[2024-11-18T03:03:19.323+0000] {logging_mixin.py:190} INFO - [2024-11-18T03:03:19.320+0000] {dag.py:4156} INFO - Setting next_dagrun for example_bash_decorator to None, run_after=None
[2024-11-18T03:03:19.356+0000] {processor.py:208} INFO - Processing /home/airflow/.local/lib/python3.12/site-packages/airflow/example_dags/example_bash_decorator.py took 0.170 seconds
[2024-11-18T03:03:49.454+0000] {processor.py:186} INFO - Started process (PID=1081) to work on /home/airflow/.local/lib/python3.12/site-packages/airflow/example_dags/example_bash_decorator.py
[2024-11-18T03:03:49.455+0000] {processor.py:914} INFO - Processing file /home/airflow/.local/lib/python3.12/site-packages/airflow/example_dags/example_bash_decorator.py for tasks to queue
[2024-11-18T03:03:49.459+0000] {logging_mixin.py:190} INFO - [2024-11-18T03:03:49.459+0000] {dagbag.py:587} INFO - Filling up the DagBag from /home/airflow/.local/lib/python3.12/site-packages/airflow/example_dags/example_bash_decorator.py
[2024-11-18T03:03:49.493+0000] {processor.py:925} INFO - DAG(s) 'example_bash_decorator' retrieved from /home/airflow/.local/lib/python3.12/site-packages/airflow/example_dags/example_bash_decorator.py
[2024-11-18T03:03:49.536+0000] {logging_mixin.py:190} INFO - [2024-11-18T03:03:49.535+0000] {dag.py:3229} INFO - Sync 1 DAGs
[2024-11-18T03:03:49.564+0000] {logging_mixin.py:190} INFO - [2024-11-18T03:03:49.564+0000] {dag.py:4156} INFO - Setting next_dagrun for example_bash_decorator to None, run_after=None
[2024-11-18T03:03:49.597+0000] {processor.py:208} INFO - Processing /home/airflow/.local/lib/python3.12/site-packages/airflow/example_dags/example_bash_decorator.py took 0.161 seconds
[2024-11-18T03:04:21.489+0000] {processor.py:186} INFO - Started process (PID=1150) to work on /home/airflow/.local/lib/python3.12/site-packages/airflow/example_dags/example_bash_decorator.py
[2024-11-18T03:04:21.496+0000] {processor.py:914} INFO - Processing file /home/airflow/.local/lib/python3.12/site-packages/airflow/example_dags/example_bash_decorator.py for tasks to queue
[2024-11-18T03:04:21.514+0000] {logging_mixin.py:190} INFO - [2024-11-18T03:04:21.508+0000] {dagbag.py:587} INFO - Filling up the DagBag from /home/airflow/.local/lib/python3.12/site-packages/airflow/example_dags/example_bash_decorator.py
[2024-11-18T03:04:21.596+0000] {processor.py:925} INFO - DAG(s) 'example_bash_decorator' retrieved from /home/airflow/.local/lib/python3.12/site-packages/airflow/example_dags/example_bash_decorator.py
[2024-11-18T03:04:21.764+0000] {logging_mixin.py:190} INFO - [2024-11-18T03:04:21.761+0000] {dag.py:3229} INFO - Sync 1 DAGs
[2024-11-18T03:04:21.832+0000] {logging_mixin.py:190} INFO - [2024-11-18T03:04:21.827+0000] {dag.py:4156} INFO - Setting next_dagrun for example_bash_decorator to None, run_after=None
[2024-11-18T03:04:21.943+0000] {processor.py:208} INFO - Processing /home/airflow/.local/lib/python3.12/site-packages/airflow/example_dags/example_bash_decorator.py took 0.501 seconds
[2024-11-18T03:04:52.102+0000] {processor.py:186} INFO - Started process (PID=1211) to work on /home/airflow/.local/lib/python3.12/site-packages/airflow/example_dags/example_bash_decorator.py
[2024-11-18T03:04:52.105+0000] {processor.py:914} INFO - Processing file /home/airflow/.local/lib/python3.12/site-packages/airflow/example_dags/example_bash_decorator.py for tasks to queue
[2024-11-18T03:04:52.109+0000] {logging_mixin.py:190} INFO - [2024-11-18T03:04:52.109+0000] {dagbag.py:587} INFO - Filling up the DagBag from /home/airflow/.local/lib/python3.12/site-packages/airflow/example_dags/example_bash_decorator.py
[2024-11-18T03:04:52.138+0000] {processor.py:925} INFO - DAG(s) 'example_bash_decorator' retrieved from /home/airflow/.local/lib/python3.12/site-packages/airflow/example_dags/example_bash_decorator.py
[2024-11-18T03:04:52.160+0000] {logging_mixin.py:190} INFO - [2024-11-18T03:04:52.160+0000] {dag.py:3229} INFO - Sync 1 DAGs
[2024-11-18T03:04:52.179+0000] {logging_mixin.py:190} INFO - [2024-11-18T03:04:52.178+0000] {dag.py:4156} INFO - Setting next_dagrun for example_bash_decorator to None, run_after=None
[2024-11-18T03:04:52.195+0000] {processor.py:208} INFO - Processing /home/airflow/.local/lib/python3.12/site-packages/airflow/example_dags/example_bash_decorator.py took 0.107 seconds
[2024-11-18T03:05:22.460+0000] {processor.py:186} INFO - Started process (PID=1273) to work on /home/airflow/.local/lib/python3.12/site-packages/airflow/example_dags/example_bash_decorator.py
[2024-11-18T03:05:22.463+0000] {processor.py:914} INFO - Processing file /home/airflow/.local/lib/python3.12/site-packages/airflow/example_dags/example_bash_decorator.py for tasks to queue
[2024-11-18T03:05:22.467+0000] {logging_mixin.py:190} INFO - [2024-11-18T03:05:22.465+0000] {dagbag.py:587} INFO - Filling up the DagBag from /home/airflow/.local/lib/python3.12/site-packages/airflow/example_dags/example_bash_decorator.py
[2024-11-18T03:05:22.508+0000] {processor.py:925} INFO - DAG(s) 'example_bash_decorator' retrieved from /home/airflow/.local/lib/python3.12/site-packages/airflow/example_dags/example_bash_decorator.py
[2024-11-18T03:05:22.553+0000] {logging_mixin.py:190} INFO - [2024-11-18T03:05:22.553+0000] {dag.py:3229} INFO - Sync 1 DAGs
[2024-11-18T03:05:22.579+0000] {logging_mixin.py:190} INFO - [2024-11-18T03:05:22.579+0000] {dag.py:4156} INFO - Setting next_dagrun for example_bash_decorator to None, run_after=None
[2024-11-18T03:05:22.615+0000] {processor.py:208} INFO - Processing /home/airflow/.local/lib/python3.12/site-packages/airflow/example_dags/example_bash_decorator.py took 0.169 seconds
[2024-11-18T03:05:52.751+0000] {processor.py:186} INFO - Started process (PID=1335) to work on /home/airflow/.local/lib/python3.12/site-packages/airflow/example_dags/example_bash_decorator.py
[2024-11-18T03:05:52.754+0000] {processor.py:914} INFO - Processing file /home/airflow/.local/lib/python3.12/site-packages/airflow/example_dags/example_bash_decorator.py for tasks to queue
[2024-11-18T03:05:52.758+0000] {logging_mixin.py:190} INFO - [2024-11-18T03:05:52.758+0000] {dagbag.py:587} INFO - Filling up the DagBag from /home/airflow/.local/lib/python3.12/site-packages/airflow/example_dags/example_bash_decorator.py
[2024-11-18T03:05:52.795+0000] {processor.py:925} INFO - DAG(s) 'example_bash_decorator' retrieved from /home/airflow/.local/lib/python3.12/site-packages/airflow/example_dags/example_bash_decorator.py
[2024-11-18T03:05:52.846+0000] {logging_mixin.py:190} INFO - [2024-11-18T03:05:52.846+0000] {dag.py:3229} INFO - Sync 1 DAGs
[2024-11-18T03:05:52.877+0000] {logging_mixin.py:190} INFO - [2024-11-18T03:05:52.877+0000] {dag.py:4156} INFO - Setting next_dagrun for example_bash_decorator to None, run_after=None
[2024-11-18T03:05:52.918+0000] {processor.py:208} INFO - Processing /home/airflow/.local/lib/python3.12/site-packages/airflow/example_dags/example_bash_decorator.py took 0.179 seconds
[2024-11-18T03:06:23.240+0000] {processor.py:186} INFO - Started process (PID=1397) to work on /home/airflow/.local/lib/python3.12/site-packages/airflow/example_dags/example_bash_decorator.py
[2024-11-18T03:06:23.243+0000] {processor.py:914} INFO - Processing file /home/airflow/.local/lib/python3.12/site-packages/airflow/example_dags/example_bash_decorator.py for tasks to queue
[2024-11-18T03:06:23.247+0000] {logging_mixin.py:190} INFO - [2024-11-18T03:06:23.245+0000] {dagbag.py:587} INFO - Filling up the DagBag from /home/airflow/.local/lib/python3.12/site-packages/airflow/example_dags/example_bash_decorator.py
[2024-11-18T03:06:23.277+0000] {processor.py:925} INFO - DAG(s) 'example_bash_decorator' retrieved from /home/airflow/.local/lib/python3.12/site-packages/airflow/example_dags/example_bash_decorator.py
[2024-11-18T03:06:23.328+0000] {logging_mixin.py:190} INFO - [2024-11-18T03:06:23.326+0000] {dag.py:3229} INFO - Sync 1 DAGs
[2024-11-18T03:06:23.355+0000] {logging_mixin.py:190} INFO - [2024-11-18T03:06:23.355+0000] {dag.py:4156} INFO - Setting next_dagrun for example_bash_decorator to None, run_after=None
[2024-11-18T03:06:23.392+0000] {processor.py:208} INFO - Processing /home/airflow/.local/lib/python3.12/site-packages/airflow/example_dags/example_bash_decorator.py took 0.164 seconds
[2024-11-18T03:06:54.329+0000] {processor.py:186} INFO - Started process (PID=1459) to work on /home/airflow/.local/lib/python3.12/site-packages/airflow/example_dags/example_bash_decorator.py
[2024-11-18T03:06:54.333+0000] {processor.py:914} INFO - Processing file /home/airflow/.local/lib/python3.12/site-packages/airflow/example_dags/example_bash_decorator.py for tasks to queue
[2024-11-18T03:06:54.336+0000] {logging_mixin.py:190} INFO - [2024-11-18T03:06:54.336+0000] {dagbag.py:587} INFO - Filling up the DagBag from /home/airflow/.local/lib/python3.12/site-packages/airflow/example_dags/example_bash_decorator.py
[2024-11-18T03:06:54.376+0000] {processor.py:925} INFO - DAG(s) 'example_bash_decorator' retrieved from /home/airflow/.local/lib/python3.12/site-packages/airflow/example_dags/example_bash_decorator.py
[2024-11-18T03:06:54.420+0000] {logging_mixin.py:190} INFO - [2024-11-18T03:06:54.420+0000] {dag.py:3229} INFO - Sync 1 DAGs
[2024-11-18T03:06:54.449+0000] {logging_mixin.py:190} INFO - [2024-11-18T03:06:54.448+0000] {dag.py:4156} INFO - Setting next_dagrun for example_bash_decorator to None, run_after=None
[2024-11-18T03:06:54.483+0000] {processor.py:208} INFO - Processing /home/airflow/.local/lib/python3.12/site-packages/airflow/example_dags/example_bash_decorator.py took 0.166 seconds
[2024-11-18T03:07:25.150+0000] {processor.py:186} INFO - Started process (PID=1520) to work on /home/airflow/.local/lib/python3.12/site-packages/airflow/example_dags/example_bash_decorator.py
[2024-11-18T03:07:25.152+0000] {processor.py:914} INFO - Processing file /home/airflow/.local/lib/python3.12/site-packages/airflow/example_dags/example_bash_decorator.py for tasks to queue
[2024-11-18T03:07:25.156+0000] {logging_mixin.py:190} INFO - [2024-11-18T03:07:25.156+0000] {dagbag.py:587} INFO - Filling up the DagBag from /home/airflow/.local/lib/python3.12/site-packages/airflow/example_dags/example_bash_decorator.py
[2024-11-18T03:07:25.195+0000] {processor.py:925} INFO - DAG(s) 'example_bash_decorator' retrieved from /home/airflow/.local/lib/python3.12/site-packages/airflow/example_dags/example_bash_decorator.py
[2024-11-18T03:07:25.239+0000] {logging_mixin.py:190} INFO - [2024-11-18T03:07:25.238+0000] {dag.py:3229} INFO - Sync 1 DAGs
[2024-11-18T03:07:25.270+0000] {logging_mixin.py:190} INFO - [2024-11-18T03:07:25.268+0000] {dag.py:4156} INFO - Setting next_dagrun for example_bash_decorator to None, run_after=None
[2024-11-18T03:07:25.304+0000] {processor.py:208} INFO - Processing /home/airflow/.local/lib/python3.12/site-packages/airflow/example_dags/example_bash_decorator.py took 0.166 seconds
[2024-11-18T03:07:55.540+0000] {processor.py:186} INFO - Started process (PID=1582) to work on /home/airflow/.local/lib/python3.12/site-packages/airflow/example_dags/example_bash_decorator.py
[2024-11-18T03:07:55.543+0000] {processor.py:914} INFO - Processing file /home/airflow/.local/lib/python3.12/site-packages/airflow/example_dags/example_bash_decorator.py for tasks to queue
[2024-11-18T03:07:55.548+0000] {logging_mixin.py:190} INFO - [2024-11-18T03:07:55.548+0000] {dagbag.py:587} INFO - Filling up the DagBag from /home/airflow/.local/lib/python3.12/site-packages/airflow/example_dags/example_bash_decorator.py
[2024-11-18T03:07:55.583+0000] {processor.py:925} INFO - DAG(s) 'example_bash_decorator' retrieved from /home/airflow/.local/lib/python3.12/site-packages/airflow/example_dags/example_bash_decorator.py
[2024-11-18T03:07:55.628+0000] {logging_mixin.py:190} INFO - [2024-11-18T03:07:55.627+0000] {dag.py:3229} INFO - Sync 1 DAGs
[2024-11-18T03:07:55.658+0000] {logging_mixin.py:190} INFO - [2024-11-18T03:07:55.658+0000] {dag.py:4156} INFO - Setting next_dagrun for example_bash_decorator to None, run_after=None
[2024-11-18T03:07:55.690+0000] {processor.py:208} INFO - Processing /home/airflow/.local/lib/python3.12/site-packages/airflow/example_dags/example_bash_decorator.py took 0.162 seconds
[2024-11-18T03:08:26.397+0000] {processor.py:186} INFO - Started process (PID=1646) to work on /home/airflow/.local/lib/python3.12/site-packages/airflow/example_dags/example_bash_decorator.py
[2024-11-18T03:08:26.397+0000] {processor.py:914} INFO - Processing file /home/airflow/.local/lib/python3.12/site-packages/airflow/example_dags/example_bash_decorator.py for tasks to queue
[2024-11-18T03:08:26.409+0000] {logging_mixin.py:190} INFO - [2024-11-18T03:08:26.405+0000] {dagbag.py:587} INFO - Filling up the DagBag from /home/airflow/.local/lib/python3.12/site-packages/airflow/example_dags/example_bash_decorator.py
[2024-11-18T03:08:26.472+0000] {processor.py:925} INFO - DAG(s) 'example_bash_decorator' retrieved from /home/airflow/.local/lib/python3.12/site-packages/airflow/example_dags/example_bash_decorator.py
[2024-11-18T03:08:26.588+0000] {logging_mixin.py:190} INFO - [2024-11-18T03:08:26.588+0000] {dag.py:3229} INFO - Sync 1 DAGs
[2024-11-18T03:08:26.648+0000] {logging_mixin.py:190} INFO - [2024-11-18T03:08:26.646+0000] {dag.py:4156} INFO - Setting next_dagrun for example_bash_decorator to None, run_after=None
[2024-11-18T03:08:26.725+0000] {processor.py:208} INFO - Processing /home/airflow/.local/lib/python3.12/site-packages/airflow/example_dags/example_bash_decorator.py took 0.353 seconds
[2024-11-18T03:08:56.888+0000] {processor.py:186} INFO - Started process (PID=1708) to work on /home/airflow/.local/lib/python3.12/site-packages/airflow/example_dags/example_bash_decorator.py
[2024-11-18T03:08:56.892+0000] {processor.py:914} INFO - Processing file /home/airflow/.local/lib/python3.12/site-packages/airflow/example_dags/example_bash_decorator.py for tasks to queue
[2024-11-18T03:08:56.900+0000] {logging_mixin.py:190} INFO - [2024-11-18T03:08:56.900+0000] {dagbag.py:587} INFO - Filling up the DagBag from /home/airflow/.local/lib/python3.12/site-packages/airflow/example_dags/example_bash_decorator.py
[2024-11-18T03:08:56.956+0000] {processor.py:925} INFO - DAG(s) 'example_bash_decorator' retrieved from /home/airflow/.local/lib/python3.12/site-packages/airflow/example_dags/example_bash_decorator.py
[2024-11-18T03:08:57.052+0000] {logging_mixin.py:190} INFO - [2024-11-18T03:08:57.052+0000] {dag.py:3229} INFO - Sync 1 DAGs
[2024-11-18T03:08:57.113+0000] {logging_mixin.py:190} INFO - [2024-11-18T03:08:57.109+0000] {dag.py:4156} INFO - Setting next_dagrun for example_bash_decorator to None, run_after=None
[2024-11-18T03:08:57.178+0000] {processor.py:208} INFO - Processing /home/airflow/.local/lib/python3.12/site-packages/airflow/example_dags/example_bash_decorator.py took 0.317 seconds
[2024-11-18T03:09:27.768+0000] {processor.py:186} INFO - Started process (PID=1771) to work on /home/airflow/.local/lib/python3.12/site-packages/airflow/example_dags/example_bash_decorator.py
[2024-11-18T03:09:27.770+0000] {processor.py:914} INFO - Processing file /home/airflow/.local/lib/python3.12/site-packages/airflow/example_dags/example_bash_decorator.py for tasks to queue
[2024-11-18T03:09:27.775+0000] {logging_mixin.py:190} INFO - [2024-11-18T03:09:27.775+0000] {dagbag.py:587} INFO - Filling up the DagBag from /home/airflow/.local/lib/python3.12/site-packages/airflow/example_dags/example_bash_decorator.py
[2024-11-18T03:09:27.808+0000] {processor.py:925} INFO - DAG(s) 'example_bash_decorator' retrieved from /home/airflow/.local/lib/python3.12/site-packages/airflow/example_dags/example_bash_decorator.py
[2024-11-18T03:09:27.857+0000] {logging_mixin.py:190} INFO - [2024-11-18T03:09:27.857+0000] {dag.py:3229} INFO - Sync 1 DAGs
[2024-11-18T03:09:27.887+0000] {logging_mixin.py:190} INFO - [2024-11-18T03:09:27.885+0000] {dag.py:4156} INFO - Setting next_dagrun for example_bash_decorator to None, run_after=None
[2024-11-18T03:09:27.922+0000] {processor.py:208} INFO - Processing /home/airflow/.local/lib/python3.12/site-packages/airflow/example_dags/example_bash_decorator.py took 0.169 seconds
[2024-11-18T03:09:58.173+0000] {processor.py:186} INFO - Started process (PID=1834) to work on /home/airflow/.local/lib/python3.12/site-packages/airflow/example_dags/example_bash_decorator.py
[2024-11-18T03:09:58.175+0000] {processor.py:914} INFO - Processing file /home/airflow/.local/lib/python3.12/site-packages/airflow/example_dags/example_bash_decorator.py for tasks to queue
[2024-11-18T03:09:58.179+0000] {logging_mixin.py:190} INFO - [2024-11-18T03:09:58.179+0000] {dagbag.py:587} INFO - Filling up the DagBag from /home/airflow/.local/lib/python3.12/site-packages/airflow/example_dags/example_bash_decorator.py
[2024-11-18T03:09:58.210+0000] {processor.py:925} INFO - DAG(s) 'example_bash_decorator' retrieved from /home/airflow/.local/lib/python3.12/site-packages/airflow/example_dags/example_bash_decorator.py
[2024-11-18T03:09:58.253+0000] {logging_mixin.py:190} INFO - [2024-11-18T03:09:58.253+0000] {dag.py:3229} INFO - Sync 1 DAGs
[2024-11-18T03:09:58.282+0000] {logging_mixin.py:190} INFO - [2024-11-18T03:09:58.279+0000] {dag.py:4156} INFO - Setting next_dagrun for example_bash_decorator to None, run_after=None
[2024-11-18T03:09:58.320+0000] {processor.py:208} INFO - Processing /home/airflow/.local/lib/python3.12/site-packages/airflow/example_dags/example_bash_decorator.py took 0.158 seconds
[2024-11-18T03:10:28.602+0000] {processor.py:186} INFO - Started process (PID=1896) to work on /home/airflow/.local/lib/python3.12/site-packages/airflow/example_dags/example_bash_decorator.py
[2024-11-18T03:10:28.607+0000] {processor.py:914} INFO - Processing file /home/airflow/.local/lib/python3.12/site-packages/airflow/example_dags/example_bash_decorator.py for tasks to queue
[2024-11-18T03:10:28.620+0000] {logging_mixin.py:190} INFO - [2024-11-18T03:10:28.615+0000] {dagbag.py:587} INFO - Filling up the DagBag from /home/airflow/.local/lib/python3.12/site-packages/airflow/example_dags/example_bash_decorator.py
[2024-11-18T03:10:28.716+0000] {processor.py:925} INFO - DAG(s) 'example_bash_decorator' retrieved from /home/airflow/.local/lib/python3.12/site-packages/airflow/example_dags/example_bash_decorator.py
[2024-11-18T03:10:28.773+0000] {logging_mixin.py:190} INFO - [2024-11-18T03:10:28.771+0000] {dag.py:3229} INFO - Sync 1 DAGs
[2024-11-18T03:10:28.809+0000] {logging_mixin.py:190} INFO - [2024-11-18T03:10:28.809+0000] {dag.py:4156} INFO - Setting next_dagrun for example_bash_decorator to None, run_after=None
[2024-11-18T03:10:28.883+0000] {processor.py:208} INFO - Processing /home/airflow/.local/lib/python3.12/site-packages/airflow/example_dags/example_bash_decorator.py took 0.307 seconds
[2024-11-18T03:11:01.090+0000] {processor.py:186} INFO - Started process (PID=1958) to work on /home/airflow/.local/lib/python3.12/site-packages/airflow/example_dags/example_bash_decorator.py
[2024-11-18T03:11:01.172+0000] {processor.py:914} INFO - Processing file /home/airflow/.local/lib/python3.12/site-packages/airflow/example_dags/example_bash_decorator.py for tasks to queue
[2024-11-18T03:11:01.175+0000] {logging_mixin.py:190} INFO - [2024-11-18T03:11:01.175+0000] {dagbag.py:587} INFO - Filling up the DagBag from /home/airflow/.local/lib/python3.12/site-packages/airflow/example_dags/example_bash_decorator.py
[2024-11-18T03:11:01.252+0000] {processor.py:925} INFO - DAG(s) 'example_bash_decorator' retrieved from /home/airflow/.local/lib/python3.12/site-packages/airflow/example_dags/example_bash_decorator.py
[2024-11-18T03:11:01.325+0000] {logging_mixin.py:190} INFO - [2024-11-18T03:11:01.321+0000] {dag.py:3229} INFO - Sync 1 DAGs
[2024-11-18T03:11:01.356+0000] {logging_mixin.py:190} INFO - [2024-11-18T03:11:01.355+0000] {dag.py:4156} INFO - Setting next_dagrun for example_bash_decorator to None, run_after=None
[2024-11-18T03:11:01.409+0000] {processor.py:208} INFO - Processing /home/airflow/.local/lib/python3.12/site-packages/airflow/example_dags/example_bash_decorator.py took 0.345 seconds
[2024-11-18T03:11:33.170+0000] {processor.py:186} INFO - Started process (PID=2020) to work on /home/airflow/.local/lib/python3.12/site-packages/airflow/example_dags/example_bash_decorator.py
[2024-11-18T03:11:33.172+0000] {processor.py:914} INFO - Processing file /home/airflow/.local/lib/python3.12/site-packages/airflow/example_dags/example_bash_decorator.py for tasks to queue
[2024-11-18T03:11:33.178+0000] {logging_mixin.py:190} INFO - [2024-11-18T03:11:33.176+0000] {dagbag.py:587} INFO - Filling up the DagBag from /home/airflow/.local/lib/python3.12/site-packages/airflow/example_dags/example_bash_decorator.py
[2024-11-18T03:11:33.239+0000] {processor.py:925} INFO - DAG(s) 'example_bash_decorator' retrieved from /home/airflow/.local/lib/python3.12/site-packages/airflow/example_dags/example_bash_decorator.py
[2024-11-18T03:11:33.313+0000] {logging_mixin.py:190} INFO - [2024-11-18T03:11:33.313+0000] {dag.py:3229} INFO - Sync 1 DAGs
[2024-11-18T03:11:33.370+0000] {logging_mixin.py:190} INFO - [2024-11-18T03:11:33.368+0000] {dag.py:4156} INFO - Setting next_dagrun for example_bash_decorator to None, run_after=None
[2024-11-18T03:11:33.464+0000] {processor.py:208} INFO - Processing /home/airflow/.local/lib/python3.12/site-packages/airflow/example_dags/example_bash_decorator.py took 0.312 seconds
[2024-11-18T03:12:04.334+0000] {processor.py:186} INFO - Started process (PID=2081) to work on /home/airflow/.local/lib/python3.12/site-packages/airflow/example_dags/example_bash_decorator.py
[2024-11-18T03:12:04.337+0000] {processor.py:914} INFO - Processing file /home/airflow/.local/lib/python3.12/site-packages/airflow/example_dags/example_bash_decorator.py for tasks to queue
[2024-11-18T03:12:04.343+0000] {logging_mixin.py:190} INFO - [2024-11-18T03:12:04.341+0000] {dagbag.py:587} INFO - Filling up the DagBag from /home/airflow/.local/lib/python3.12/site-packages/airflow/example_dags/example_bash_decorator.py
[2024-11-18T03:12:04.481+0000] {processor.py:925} INFO - DAG(s) 'example_bash_decorator' retrieved from /home/airflow/.local/lib/python3.12/site-packages/airflow/example_dags/example_bash_decorator.py
[2024-11-18T03:12:04.660+0000] {logging_mixin.py:190} INFO - [2024-11-18T03:12:04.660+0000] {dag.py:3229} INFO - Sync 1 DAGs
[2024-11-18T03:12:04.677+0000] {logging_mixin.py:190} INFO - [2024-11-18T03:12:04.677+0000] {dag.py:4156} INFO - Setting next_dagrun for example_bash_decorator to None, run_after=None
[2024-11-18T03:12:04.777+0000] {processor.py:208} INFO - Processing /home/airflow/.local/lib/python3.12/site-packages/airflow/example_dags/example_bash_decorator.py took 0.460 seconds
[2024-11-18T03:12:35.578+0000] {processor.py:186} INFO - Started process (PID=2144) to work on /home/airflow/.local/lib/python3.12/site-packages/airflow/example_dags/example_bash_decorator.py
[2024-11-18T03:12:35.580+0000] {processor.py:914} INFO - Processing file /home/airflow/.local/lib/python3.12/site-packages/airflow/example_dags/example_bash_decorator.py for tasks to queue
[2024-11-18T03:12:35.586+0000] {logging_mixin.py:190} INFO - [2024-11-18T03:12:35.583+0000] {dagbag.py:587} INFO - Filling up the DagBag from /home/airflow/.local/lib/python3.12/site-packages/airflow/example_dags/example_bash_decorator.py
[2024-11-18T03:12:35.632+0000] {processor.py:925} INFO - DAG(s) 'example_bash_decorator' retrieved from /home/airflow/.local/lib/python3.12/site-packages/airflow/example_dags/example_bash_decorator.py
[2024-11-18T03:12:35.696+0000] {logging_mixin.py:190} INFO - [2024-11-18T03:12:35.696+0000] {dag.py:3229} INFO - Sync 1 DAGs
[2024-11-18T03:12:35.813+0000] {logging_mixin.py:190} INFO - [2024-11-18T03:12:35.813+0000] {dag.py:4156} INFO - Setting next_dagrun for example_bash_decorator to None, run_after=None
[2024-11-18T03:12:35.904+0000] {processor.py:208} INFO - Processing /home/airflow/.local/lib/python3.12/site-packages/airflow/example_dags/example_bash_decorator.py took 0.357 seconds
[2024-11-18T03:13:07.278+0000] {processor.py:186} INFO - Started process (PID=2206) to work on /home/airflow/.local/lib/python3.12/site-packages/airflow/example_dags/example_bash_decorator.py
[2024-11-18T03:13:07.344+0000] {processor.py:914} INFO - Processing file /home/airflow/.local/lib/python3.12/site-packages/airflow/example_dags/example_bash_decorator.py for tasks to queue
[2024-11-18T03:13:07.360+0000] {logging_mixin.py:190} INFO - [2024-11-18T03:13:07.356+0000] {dagbag.py:587} INFO - Filling up the DagBag from /home/airflow/.local/lib/python3.12/site-packages/airflow/example_dags/example_bash_decorator.py
[2024-11-18T03:13:07.410+0000] {processor.py:925} INFO - DAG(s) 'example_bash_decorator' retrieved from /home/airflow/.local/lib/python3.12/site-packages/airflow/example_dags/example_bash_decorator.py
[2024-11-18T03:13:07.617+0000] {logging_mixin.py:190} INFO - [2024-11-18T03:13:07.614+0000] {dag.py:3229} INFO - Sync 1 DAGs
[2024-11-18T03:13:07.706+0000] {logging_mixin.py:190} INFO - [2024-11-18T03:13:07.706+0000] {dag.py:4156} INFO - Setting next_dagrun for example_bash_decorator to None, run_after=None
[2024-11-18T03:13:07.840+0000] {processor.py:208} INFO - Processing /home/airflow/.local/lib/python3.12/site-packages/airflow/example_dags/example_bash_decorator.py took 0.581 seconds
[2024-11-18T03:13:39.346+0000] {processor.py:186} INFO - Started process (PID=2268) to work on /home/airflow/.local/lib/python3.12/site-packages/airflow/example_dags/example_bash_decorator.py
[2024-11-18T03:13:39.366+0000] {processor.py:914} INFO - Processing file /home/airflow/.local/lib/python3.12/site-packages/airflow/example_dags/example_bash_decorator.py for tasks to queue
[2024-11-18T03:13:39.391+0000] {logging_mixin.py:190} INFO - [2024-11-18T03:13:39.391+0000] {dagbag.py:587} INFO - Filling up the DagBag from /home/airflow/.local/lib/python3.12/site-packages/airflow/example_dags/example_bash_decorator.py
[2024-11-18T03:13:39.596+0000] {processor.py:925} INFO - DAG(s) 'example_bash_decorator' retrieved from /home/airflow/.local/lib/python3.12/site-packages/airflow/example_dags/example_bash_decorator.py
[2024-11-18T03:13:39.655+0000] {logging_mixin.py:190} INFO - [2024-11-18T03:13:39.655+0000] {dag.py:3229} INFO - Sync 1 DAGs
[2024-11-18T03:13:39.776+0000] {logging_mixin.py:190} INFO - [2024-11-18T03:13:39.776+0000] {dag.py:4156} INFO - Setting next_dagrun for example_bash_decorator to None, run_after=None
[2024-11-18T03:13:39.838+0000] {processor.py:208} INFO - Processing /home/airflow/.local/lib/python3.12/site-packages/airflow/example_dags/example_bash_decorator.py took 0.500 seconds
[2024-11-18T03:14:15.765+0000] {processor.py:186} INFO - Started process (PID=2330) to work on /home/airflow/.local/lib/python3.12/site-packages/airflow/example_dags/example_bash_decorator.py
[2024-11-18T03:14:15.808+0000] {processor.py:914} INFO - Processing file /home/airflow/.local/lib/python3.12/site-packages/airflow/example_dags/example_bash_decorator.py for tasks to queue
[2024-11-18T03:14:15.820+0000] {logging_mixin.py:190} INFO - [2024-11-18T03:14:15.818+0000] {dagbag.py:587} INFO - Filling up the DagBag from /home/airflow/.local/lib/python3.12/site-packages/airflow/example_dags/example_bash_decorator.py
[2024-11-18T03:14:15.894+0000] {processor.py:925} INFO - DAG(s) 'example_bash_decorator' retrieved from /home/airflow/.local/lib/python3.12/site-packages/airflow/example_dags/example_bash_decorator.py
[2024-11-18T03:14:16.023+0000] {logging_mixin.py:190} INFO - [2024-11-18T03:14:16.021+0000] {dag.py:3229} INFO - Sync 1 DAGs
[2024-11-18T03:14:16.081+0000] {logging_mixin.py:190} INFO - [2024-11-18T03:14:16.080+0000] {dag.py:4156} INFO - Setting next_dagrun for example_bash_decorator to None, run_after=None
[2024-11-18T03:14:16.116+0000] {processor.py:208} INFO - Processing /home/airflow/.local/lib/python3.12/site-packages/airflow/example_dags/example_bash_decorator.py took 0.376 seconds
[2024-11-18T03:14:47.303+0000] {processor.py:186} INFO - Started process (PID=2392) to work on /home/airflow/.local/lib/python3.12/site-packages/airflow/example_dags/example_bash_decorator.py
[2024-11-18T03:14:47.309+0000] {processor.py:914} INFO - Processing file /home/airflow/.local/lib/python3.12/site-packages/airflow/example_dags/example_bash_decorator.py for tasks to queue
[2024-11-18T03:14:47.320+0000] {logging_mixin.py:190} INFO - [2024-11-18T03:14:47.320+0000] {dagbag.py:587} INFO - Filling up the DagBag from /home/airflow/.local/lib/python3.12/site-packages/airflow/example_dags/example_bash_decorator.py
[2024-11-18T03:14:47.483+0000] {processor.py:925} INFO - DAG(s) 'example_bash_decorator' retrieved from /home/airflow/.local/lib/python3.12/site-packages/airflow/example_dags/example_bash_decorator.py
[2024-11-18T03:14:47.676+0000] {logging_mixin.py:190} INFO - [2024-11-18T03:14:47.659+0000] {dag.py:3229} INFO - Sync 1 DAGs
[2024-11-18T03:14:47.815+0000] {logging_mixin.py:190} INFO - [2024-11-18T03:14:47.815+0000] {dag.py:4156} INFO - Setting next_dagrun for example_bash_decorator to None, run_after=None
[2024-11-18T03:14:47.891+0000] {processor.py:208} INFO - Processing /home/airflow/.local/lib/python3.12/site-packages/airflow/example_dags/example_bash_decorator.py took 0.678 seconds
[2024-11-18T03:15:18.393+0000] {processor.py:186} INFO - Started process (PID=2453) to work on /home/airflow/.local/lib/python3.12/site-packages/airflow/example_dags/example_bash_decorator.py
[2024-11-18T03:15:18.397+0000] {processor.py:914} INFO - Processing file /home/airflow/.local/lib/python3.12/site-packages/airflow/example_dags/example_bash_decorator.py for tasks to queue
[2024-11-18T03:15:18.403+0000] {logging_mixin.py:190} INFO - [2024-11-18T03:15:18.401+0000] {dagbag.py:587} INFO - Filling up the DagBag from /home/airflow/.local/lib/python3.12/site-packages/airflow/example_dags/example_bash_decorator.py
[2024-11-18T03:15:18.512+0000] {processor.py:925} INFO - DAG(s) 'example_bash_decorator' retrieved from /home/airflow/.local/lib/python3.12/site-packages/airflow/example_dags/example_bash_decorator.py
[2024-11-18T03:15:18.597+0000] {logging_mixin.py:190} INFO - [2024-11-18T03:15:18.595+0000] {dag.py:3229} INFO - Sync 1 DAGs
[2024-11-18T03:15:18.631+0000] {logging_mixin.py:190} INFO - [2024-11-18T03:15:18.631+0000] {dag.py:4156} INFO - Setting next_dagrun for example_bash_decorator to None, run_after=None
[2024-11-18T03:15:18.709+0000] {processor.py:208} INFO - Processing /home/airflow/.local/lib/python3.12/site-packages/airflow/example_dags/example_bash_decorator.py took 0.330 seconds
[2024-11-18T03:15:49.579+0000] {processor.py:186} INFO - Started process (PID=2514) to work on /home/airflow/.local/lib/python3.12/site-packages/airflow/example_dags/example_bash_decorator.py
[2024-11-18T03:15:49.611+0000] {processor.py:914} INFO - Processing file /home/airflow/.local/lib/python3.12/site-packages/airflow/example_dags/example_bash_decorator.py for tasks to queue
[2024-11-18T03:15:49.635+0000] {logging_mixin.py:190} INFO - [2024-11-18T03:15:49.632+0000] {dagbag.py:587} INFO - Filling up the DagBag from /home/airflow/.local/lib/python3.12/site-packages/airflow/example_dags/example_bash_decorator.py
[2024-11-18T03:15:49.883+0000] {processor.py:925} INFO - DAG(s) 'example_bash_decorator' retrieved from /home/airflow/.local/lib/python3.12/site-packages/airflow/example_dags/example_bash_decorator.py
[2024-11-18T03:15:50.107+0000] {logging_mixin.py:190} INFO - [2024-11-18T03:15:50.107+0000] {dag.py:3229} INFO - Sync 1 DAGs
[2024-11-18T03:15:50.193+0000] {logging_mixin.py:190} INFO - [2024-11-18T03:15:50.189+0000] {dag.py:4156} INFO - Setting next_dagrun for example_bash_decorator to None, run_after=None
[2024-11-18T03:15:50.320+0000] {processor.py:208} INFO - Processing /home/airflow/.local/lib/python3.12/site-packages/airflow/example_dags/example_bash_decorator.py took 0.796 seconds
[2024-11-18T03:16:20.721+0000] {processor.py:186} INFO - Started process (PID=2576) to work on /home/airflow/.local/lib/python3.12/site-packages/airflow/example_dags/example_bash_decorator.py
[2024-11-18T03:16:20.727+0000] {processor.py:914} INFO - Processing file /home/airflow/.local/lib/python3.12/site-packages/airflow/example_dags/example_bash_decorator.py for tasks to queue
[2024-11-18T03:16:20.731+0000] {logging_mixin.py:190} INFO - [2024-11-18T03:16:20.731+0000] {dagbag.py:587} INFO - Filling up the DagBag from /home/airflow/.local/lib/python3.12/site-packages/airflow/example_dags/example_bash_decorator.py
[2024-11-18T03:16:20.835+0000] {processor.py:925} INFO - DAG(s) 'example_bash_decorator' retrieved from /home/airflow/.local/lib/python3.12/site-packages/airflow/example_dags/example_bash_decorator.py
[2024-11-18T03:16:20.895+0000] {logging_mixin.py:190} INFO - [2024-11-18T03:16:20.895+0000] {dag.py:3229} INFO - Sync 1 DAGs
[2024-11-18T03:16:21.011+0000] {logging_mixin.py:190} INFO - [2024-11-18T03:16:21.009+0000] {dag.py:4156} INFO - Setting next_dagrun for example_bash_decorator to None, run_after=None
[2024-11-18T03:16:21.120+0000] {processor.py:208} INFO - Processing /home/airflow/.local/lib/python3.12/site-packages/airflow/example_dags/example_bash_decorator.py took 0.416 seconds
[2024-11-18T03:16:54.200+0000] {processor.py:186} INFO - Started process (PID=2637) to work on /home/airflow/.local/lib/python3.12/site-packages/airflow/example_dags/example_bash_decorator.py
[2024-11-18T03:16:54.203+0000] {processor.py:914} INFO - Processing file /home/airflow/.local/lib/python3.12/site-packages/airflow/example_dags/example_bash_decorator.py for tasks to queue
[2024-11-18T03:16:54.210+0000] {logging_mixin.py:190} INFO - [2024-11-18T03:16:54.210+0000] {dagbag.py:587} INFO - Filling up the DagBag from /home/airflow/.local/lib/python3.12/site-packages/airflow/example_dags/example_bash_decorator.py
[2024-11-18T03:16:54.253+0000] {processor.py:925} INFO - DAG(s) 'example_bash_decorator' retrieved from /home/airflow/.local/lib/python3.12/site-packages/airflow/example_dags/example_bash_decorator.py
[2024-11-18T03:16:54.392+0000] {logging_mixin.py:190} INFO - [2024-11-18T03:16:54.392+0000] {dag.py:3229} INFO - Sync 1 DAGs
[2024-11-18T03:16:54.778+0000] {logging_mixin.py:190} INFO - [2024-11-18T03:16:54.770+0000] {dag.py:4156} INFO - Setting next_dagrun for example_bash_decorator to None, run_after=None
[2024-11-18T03:16:54.877+0000] {processor.py:208} INFO - Processing /home/airflow/.local/lib/python3.12/site-packages/airflow/example_dags/example_bash_decorator.py took 0.713 seconds
