[2024-11-18T02:55:35.649+0000] {processor.py:186} INFO - Started process (PID=87) to work on /home/airflow/.local/lib/python3.12/site-packages/airflow/example_dags/example_sla_dag.py
[2024-11-18T02:55:35.653+0000] {processor.py:914} INFO - Processing file /home/airflow/.local/lib/python3.12/site-packages/airflow/example_dags/example_sla_dag.py for tasks to queue
[2024-11-18T02:55:35.671+0000] {logging_mixin.py:190} INFO - [2024-11-18T02:55:35.665+0000] {dagbag.py:587} INFO - Filling up the DagBag from /home/airflow/.local/lib/python3.12/site-packages/airflow/example_dags/example_sla_dag.py
[2024-11-18T02:55:35.739+0000] {processor.py:925} INFO - DAG(s) 'example_sla_dag' retrieved from /home/airflow/.local/lib/python3.12/site-packages/airflow/example_dags/example_sla_dag.py
[2024-11-18T02:55:35.932+0000] {logging_mixin.py:190} INFO - [2024-11-18T02:55:35.932+0000] {dag.py:3229} INFO - Sync 1 DAGs
[2024-11-18T02:55:36.049+0000] {logging_mixin.py:190} INFO - [2024-11-18T02:55:36.049+0000] {dag.py:4156} INFO - Setting next_dagrun for example_sla_dag to 2024-11-18 02:52:00+00:00, run_after=2024-11-18 02:54:00+00:00
[2024-11-18T02:55:36.165+0000] {processor.py:208} INFO - Processing /home/airflow/.local/lib/python3.12/site-packages/airflow/example_dags/example_sla_dag.py took 0.553 seconds
[2024-11-18T02:56:06.874+0000] {processor.py:186} INFO - Started process (PID=149) to work on /home/airflow/.local/lib/python3.12/site-packages/airflow/example_dags/example_sla_dag.py
[2024-11-18T02:56:06.876+0000] {processor.py:914} INFO - Processing file /home/airflow/.local/lib/python3.12/site-packages/airflow/example_dags/example_sla_dag.py for tasks to queue
[2024-11-18T02:56:06.880+0000] {logging_mixin.py:190} INFO - [2024-11-18T02:56:06.878+0000] {dagbag.py:587} INFO - Filling up the DagBag from /home/airflow/.local/lib/python3.12/site-packages/airflow/example_dags/example_sla_dag.py
[2024-11-18T02:56:06.900+0000] {processor.py:925} INFO - DAG(s) 'example_sla_dag' retrieved from /home/airflow/.local/lib/python3.12/site-packages/airflow/example_dags/example_sla_dag.py
[2024-11-18T02:56:06.942+0000] {logging_mixin.py:190} INFO - [2024-11-18T02:56:06.941+0000] {dag.py:3229} INFO - Sync 1 DAGs
[2024-11-18T02:56:06.992+0000] {logging_mixin.py:190} INFO - [2024-11-18T02:56:06.992+0000] {dag.py:4156} INFO - Setting next_dagrun for example_sla_dag to 2024-11-18 02:54:00+00:00, run_after=2024-11-18 02:56:00+00:00
[2024-11-18T02:56:07.027+0000] {processor.py:208} INFO - Processing /home/airflow/.local/lib/python3.12/site-packages/airflow/example_dags/example_sla_dag.py took 0.165 seconds
[2024-11-18T02:56:37.668+0000] {processor.py:186} INFO - Started process (PID=211) to work on /home/airflow/.local/lib/python3.12/site-packages/airflow/example_dags/example_sla_dag.py
[2024-11-18T02:56:37.670+0000] {processor.py:914} INFO - Processing file /home/airflow/.local/lib/python3.12/site-packages/airflow/example_dags/example_sla_dag.py for tasks to queue
[2024-11-18T02:56:37.676+0000] {logging_mixin.py:190} INFO - [2024-11-18T02:56:37.674+0000] {dagbag.py:587} INFO - Filling up the DagBag from /home/airflow/.local/lib/python3.12/site-packages/airflow/example_dags/example_sla_dag.py
[2024-11-18T02:56:37.698+0000] {processor.py:925} INFO - DAG(s) 'example_sla_dag' retrieved from /home/airflow/.local/lib/python3.12/site-packages/airflow/example_dags/example_sla_dag.py
[2024-11-18T02:56:37.739+0000] {logging_mixin.py:190} INFO - [2024-11-18T02:56:37.738+0000] {dag.py:3229} INFO - Sync 1 DAGs
[2024-11-18T02:56:37.792+0000] {logging_mixin.py:190} INFO - [2024-11-18T02:56:37.792+0000] {dag.py:4156} INFO - Setting next_dagrun for example_sla_dag to 2024-11-18 02:54:00+00:00, run_after=2024-11-18 02:56:00+00:00
[2024-11-18T02:56:37.824+0000] {processor.py:208} INFO - Processing /home/airflow/.local/lib/python3.12/site-packages/airflow/example_dags/example_sla_dag.py took 0.173 seconds
[2024-11-18T02:57:07.986+0000] {processor.py:186} INFO - Started process (PID=271) to work on /home/airflow/.local/lib/python3.12/site-packages/airflow/example_dags/example_sla_dag.py
[2024-11-18T02:57:07.988+0000] {processor.py:914} INFO - Processing file /home/airflow/.local/lib/python3.12/site-packages/airflow/example_dags/example_sla_dag.py for tasks to queue
[2024-11-18T02:57:07.991+0000] {logging_mixin.py:190} INFO - [2024-11-18T02:57:07.991+0000] {dagbag.py:587} INFO - Filling up the DagBag from /home/airflow/.local/lib/python3.12/site-packages/airflow/example_dags/example_sla_dag.py
[2024-11-18T02:57:08.008+0000] {processor.py:925} INFO - DAG(s) 'example_sla_dag' retrieved from /home/airflow/.local/lib/python3.12/site-packages/airflow/example_dags/example_sla_dag.py
[2024-11-18T02:57:08.028+0000] {logging_mixin.py:190} INFO - [2024-11-18T02:57:08.028+0000] {dag.py:3229} INFO - Sync 1 DAGs
[2024-11-18T02:57:08.053+0000] {logging_mixin.py:190} INFO - [2024-11-18T02:57:08.053+0000] {dag.py:4156} INFO - Setting next_dagrun for example_sla_dag to 2024-11-18 02:54:00+00:00, run_after=2024-11-18 02:56:00+00:00
[2024-11-18T02:57:08.070+0000] {processor.py:208} INFO - Processing /home/airflow/.local/lib/python3.12/site-packages/airflow/example_dags/example_sla_dag.py took 0.089 seconds
[2024-11-18T02:57:38.297+0000] {processor.py:186} INFO - Started process (PID=333) to work on /home/airflow/.local/lib/python3.12/site-packages/airflow/example_dags/example_sla_dag.py
[2024-11-18T02:57:38.298+0000] {processor.py:914} INFO - Processing file /home/airflow/.local/lib/python3.12/site-packages/airflow/example_dags/example_sla_dag.py for tasks to queue
[2024-11-18T02:57:38.302+0000] {logging_mixin.py:190} INFO - [2024-11-18T02:57:38.302+0000] {dagbag.py:587} INFO - Filling up the DagBag from /home/airflow/.local/lib/python3.12/site-packages/airflow/example_dags/example_sla_dag.py
[2024-11-18T02:57:38.325+0000] {processor.py:925} INFO - DAG(s) 'example_sla_dag' retrieved from /home/airflow/.local/lib/python3.12/site-packages/airflow/example_dags/example_sla_dag.py
[2024-11-18T02:57:38.360+0000] {logging_mixin.py:190} INFO - [2024-11-18T02:57:38.360+0000] {dag.py:3229} INFO - Sync 1 DAGs
[2024-11-18T02:57:38.416+0000] {logging_mixin.py:190} INFO - [2024-11-18T02:57:38.416+0000] {dag.py:4156} INFO - Setting next_dagrun for example_sla_dag to 2024-11-18 02:54:00+00:00, run_after=2024-11-18 02:56:00+00:00
[2024-11-18T02:57:38.446+0000] {processor.py:208} INFO - Processing /home/airflow/.local/lib/python3.12/site-packages/airflow/example_dags/example_sla_dag.py took 0.164 seconds
[2024-11-18T02:58:09.055+0000] {processor.py:186} INFO - Started process (PID=396) to work on /home/airflow/.local/lib/python3.12/site-packages/airflow/example_dags/example_sla_dag.py
[2024-11-18T02:58:09.065+0000] {processor.py:914} INFO - Processing file /home/airflow/.local/lib/python3.12/site-packages/airflow/example_dags/example_sla_dag.py for tasks to queue
[2024-11-18T02:58:09.083+0000] {logging_mixin.py:190} INFO - [2024-11-18T02:58:09.077+0000] {dagbag.py:587} INFO - Filling up the DagBag from /home/airflow/.local/lib/python3.12/site-packages/airflow/example_dags/example_sla_dag.py
[2024-11-18T02:58:09.165+0000] {processor.py:925} INFO - DAG(s) 'example_sla_dag' retrieved from /home/airflow/.local/lib/python3.12/site-packages/airflow/example_dags/example_sla_dag.py
[2024-11-18T02:58:09.308+0000] {logging_mixin.py:190} INFO - [2024-11-18T02:58:09.308+0000] {dag.py:3229} INFO - Sync 1 DAGs
[2024-11-18T02:58:09.472+0000] {logging_mixin.py:190} INFO - [2024-11-18T02:58:09.472+0000] {dag.py:4156} INFO - Setting next_dagrun for example_sla_dag to 2024-11-18 02:56:00+00:00, run_after=2024-11-18 02:58:00+00:00
[2024-11-18T02:58:09.592+0000] {processor.py:208} INFO - Processing /home/airflow/.local/lib/python3.12/site-packages/airflow/example_dags/example_sla_dag.py took 0.572 seconds
[2024-11-18T02:58:40.156+0000] {processor.py:186} INFO - Started process (PID=458) to work on /home/airflow/.local/lib/python3.12/site-packages/airflow/example_dags/example_sla_dag.py
[2024-11-18T02:58:40.157+0000] {processor.py:914} INFO - Processing file /home/airflow/.local/lib/python3.12/site-packages/airflow/example_dags/example_sla_dag.py for tasks to queue
[2024-11-18T02:58:40.160+0000] {logging_mixin.py:190} INFO - [2024-11-18T02:58:40.159+0000] {dagbag.py:587} INFO - Filling up the DagBag from /home/airflow/.local/lib/python3.12/site-packages/airflow/example_dags/example_sla_dag.py
[2024-11-18T02:58:40.169+0000] {processor.py:925} INFO - DAG(s) 'example_sla_dag' retrieved from /home/airflow/.local/lib/python3.12/site-packages/airflow/example_dags/example_sla_dag.py
[2024-11-18T02:58:40.186+0000] {logging_mixin.py:190} INFO - [2024-11-18T02:58:40.186+0000] {dag.py:3229} INFO - Sync 1 DAGs
[2024-11-18T02:58:40.211+0000] {logging_mixin.py:190} INFO - [2024-11-18T02:58:40.211+0000] {dag.py:4156} INFO - Setting next_dagrun for example_sla_dag to 2024-11-18 02:56:00+00:00, run_after=2024-11-18 02:58:00+00:00
[2024-11-18T02:58:40.227+0000] {processor.py:208} INFO - Processing /home/airflow/.local/lib/python3.12/site-packages/airflow/example_dags/example_sla_dag.py took 0.081 seconds
[2024-11-18T02:59:10.534+0000] {processor.py:186} INFO - Started process (PID=520) to work on /home/airflow/.local/lib/python3.12/site-packages/airflow/example_dags/example_sla_dag.py
[2024-11-18T02:59:10.536+0000] {processor.py:914} INFO - Processing file /home/airflow/.local/lib/python3.12/site-packages/airflow/example_dags/example_sla_dag.py for tasks to queue
[2024-11-18T02:59:10.547+0000] {logging_mixin.py:190} INFO - [2024-11-18T02:59:10.547+0000] {dagbag.py:587} INFO - Filling up the DagBag from /home/airflow/.local/lib/python3.12/site-packages/airflow/example_dags/example_sla_dag.py
[2024-11-18T02:59:10.569+0000] {processor.py:925} INFO - DAG(s) 'example_sla_dag' retrieved from /home/airflow/.local/lib/python3.12/site-packages/airflow/example_dags/example_sla_dag.py
[2024-11-18T02:59:10.588+0000] {logging_mixin.py:190} INFO - [2024-11-18T02:59:10.588+0000] {dag.py:3229} INFO - Sync 1 DAGs
[2024-11-18T02:59:10.613+0000] {logging_mixin.py:190} INFO - [2024-11-18T02:59:10.613+0000] {dag.py:4156} INFO - Setting next_dagrun for example_sla_dag to 2024-11-18 02:56:00+00:00, run_after=2024-11-18 02:58:00+00:00
[2024-11-18T02:59:10.631+0000] {processor.py:208} INFO - Processing /home/airflow/.local/lib/python3.12/site-packages/airflow/example_dags/example_sla_dag.py took 0.104 seconds
[2024-11-18T02:59:41.374+0000] {processor.py:186} INFO - Started process (PID=581) to work on /home/airflow/.local/lib/python3.12/site-packages/airflow/example_dags/example_sla_dag.py
[2024-11-18T02:59:41.376+0000] {processor.py:914} INFO - Processing file /home/airflow/.local/lib/python3.12/site-packages/airflow/example_dags/example_sla_dag.py for tasks to queue
[2024-11-18T02:59:41.378+0000] {logging_mixin.py:190} INFO - [2024-11-18T02:59:41.378+0000] {dagbag.py:587} INFO - Filling up the DagBag from /home/airflow/.local/lib/python3.12/site-packages/airflow/example_dags/example_sla_dag.py
[2024-11-18T02:59:41.387+0000] {processor.py:925} INFO - DAG(s) 'example_sla_dag' retrieved from /home/airflow/.local/lib/python3.12/site-packages/airflow/example_dags/example_sla_dag.py
[2024-11-18T02:59:41.404+0000] {logging_mixin.py:190} INFO - [2024-11-18T02:59:41.404+0000] {dag.py:3229} INFO - Sync 1 DAGs
[2024-11-18T02:59:41.426+0000] {logging_mixin.py:190} INFO - [2024-11-18T02:59:41.426+0000] {dag.py:4156} INFO - Setting next_dagrun for example_sla_dag to 2024-11-18 02:56:00+00:00, run_after=2024-11-18 02:58:00+00:00
[2024-11-18T02:59:41.441+0000] {processor.py:208} INFO - Processing /home/airflow/.local/lib/python3.12/site-packages/airflow/example_dags/example_sla_dag.py took 0.079 seconds
[2024-11-18T03:00:12.184+0000] {processor.py:186} INFO - Started process (PID=643) to work on /home/airflow/.local/lib/python3.12/site-packages/airflow/example_dags/example_sla_dag.py
[2024-11-18T03:00:12.185+0000] {processor.py:914} INFO - Processing file /home/airflow/.local/lib/python3.12/site-packages/airflow/example_dags/example_sla_dag.py for tasks to queue
[2024-11-18T03:00:12.188+0000] {logging_mixin.py:190} INFO - [2024-11-18T03:00:12.187+0000] {dagbag.py:587} INFO - Filling up the DagBag from /home/airflow/.local/lib/python3.12/site-packages/airflow/example_dags/example_sla_dag.py
[2024-11-18T03:00:12.199+0000] {processor.py:925} INFO - DAG(s) 'example_sla_dag' retrieved from /home/airflow/.local/lib/python3.12/site-packages/airflow/example_dags/example_sla_dag.py
[2024-11-18T03:00:12.220+0000] {logging_mixin.py:190} INFO - [2024-11-18T03:00:12.220+0000] {dag.py:3229} INFO - Sync 1 DAGs
[2024-11-18T03:00:12.254+0000] {logging_mixin.py:190} INFO - [2024-11-18T03:00:12.254+0000] {dag.py:4156} INFO - Setting next_dagrun for example_sla_dag to 2024-11-18 02:58:00+00:00, run_after=2024-11-18 03:00:00+00:00
[2024-11-18T03:00:12.272+0000] {processor.py:208} INFO - Processing /home/airflow/.local/lib/python3.12/site-packages/airflow/example_dags/example_sla_dag.py took 0.095 seconds
[2024-11-18T03:00:42.597+0000] {processor.py:186} INFO - Started process (PID=705) to work on /home/airflow/.local/lib/python3.12/site-packages/airflow/example_dags/example_sla_dag.py
[2024-11-18T03:00:42.597+0000] {processor.py:914} INFO - Processing file /home/airflow/.local/lib/python3.12/site-packages/airflow/example_dags/example_sla_dag.py for tasks to queue
[2024-11-18T03:00:42.608+0000] {logging_mixin.py:190} INFO - [2024-11-18T03:00:42.605+0000] {dagbag.py:587} INFO - Filling up the DagBag from /home/airflow/.local/lib/python3.12/site-packages/airflow/example_dags/example_sla_dag.py
[2024-11-18T03:00:42.638+0000] {processor.py:925} INFO - DAG(s) 'example_sla_dag' retrieved from /home/airflow/.local/lib/python3.12/site-packages/airflow/example_dags/example_sla_dag.py
[2024-11-18T03:00:42.694+0000] {logging_mixin.py:190} INFO - [2024-11-18T03:00:42.694+0000] {dag.py:3229} INFO - Sync 1 DAGs
[2024-11-18T03:00:42.771+0000] {logging_mixin.py:190} INFO - [2024-11-18T03:00:42.771+0000] {dag.py:4156} INFO - Setting next_dagrun for example_sla_dag to 2024-11-18 02:58:00+00:00, run_after=2024-11-18 03:00:00+00:00
[2024-11-18T03:00:42.818+0000] {processor.py:208} INFO - Processing /home/airflow/.local/lib/python3.12/site-packages/airflow/example_dags/example_sla_dag.py took 0.241 seconds
[2024-11-18T03:01:13.776+0000] {processor.py:186} INFO - Started process (PID=768) to work on /home/airflow/.local/lib/python3.12/site-packages/airflow/example_dags/example_sla_dag.py
[2024-11-18T03:01:13.777+0000] {processor.py:914} INFO - Processing file /home/airflow/.local/lib/python3.12/site-packages/airflow/example_dags/example_sla_dag.py for tasks to queue
[2024-11-18T03:01:13.779+0000] {logging_mixin.py:190} INFO - [2024-11-18T03:01:13.779+0000] {dagbag.py:587} INFO - Filling up the DagBag from /home/airflow/.local/lib/python3.12/site-packages/airflow/example_dags/example_sla_dag.py
[2024-11-18T03:01:13.789+0000] {processor.py:925} INFO - DAG(s) 'example_sla_dag' retrieved from /home/airflow/.local/lib/python3.12/site-packages/airflow/example_dags/example_sla_dag.py
[2024-11-18T03:01:13.807+0000] {logging_mixin.py:190} INFO - [2024-11-18T03:01:13.807+0000] {dag.py:3229} INFO - Sync 1 DAGs
[2024-11-18T03:01:13.839+0000] {logging_mixin.py:190} INFO - [2024-11-18T03:01:13.838+0000] {dag.py:4156} INFO - Setting next_dagrun for example_sla_dag to 2024-11-18 02:58:00+00:00, run_after=2024-11-18 03:00:00+00:00
[2024-11-18T03:01:13.854+0000] {processor.py:208} INFO - Processing /home/airflow/.local/lib/python3.12/site-packages/airflow/example_dags/example_sla_dag.py took 0.089 seconds
[2024-11-18T03:01:43.910+0000] {processor.py:186} INFO - Started process (PID=830) to work on /home/airflow/.local/lib/python3.12/site-packages/airflow/example_dags/example_sla_dag.py
[2024-11-18T03:01:43.910+0000] {processor.py:914} INFO - Processing file /home/airflow/.local/lib/python3.12/site-packages/airflow/example_dags/example_sla_dag.py for tasks to queue
[2024-11-18T03:01:43.913+0000] {logging_mixin.py:190} INFO - [2024-11-18T03:01:43.912+0000] {dagbag.py:587} INFO - Filling up the DagBag from /home/airflow/.local/lib/python3.12/site-packages/airflow/example_dags/example_sla_dag.py
[2024-11-18T03:01:43.923+0000] {processor.py:925} INFO - DAG(s) 'example_sla_dag' retrieved from /home/airflow/.local/lib/python3.12/site-packages/airflow/example_dags/example_sla_dag.py
[2024-11-18T03:01:43.942+0000] {logging_mixin.py:190} INFO - [2024-11-18T03:01:43.942+0000] {dag.py:3229} INFO - Sync 1 DAGs
[2024-11-18T03:01:43.966+0000] {logging_mixin.py:190} INFO - [2024-11-18T03:01:43.966+0000] {dag.py:4156} INFO - Setting next_dagrun for example_sla_dag to 2024-11-18 02:58:00+00:00, run_after=2024-11-18 03:00:00+00:00
[2024-11-18T03:01:43.982+0000] {processor.py:208} INFO - Processing /home/airflow/.local/lib/python3.12/site-packages/airflow/example_dags/example_sla_dag.py took 0.079 seconds
[2024-11-18T03:02:14.273+0000] {processor.py:186} INFO - Started process (PID=892) to work on /home/airflow/.local/lib/python3.12/site-packages/airflow/example_dags/example_sla_dag.py
[2024-11-18T03:02:14.275+0000] {processor.py:914} INFO - Processing file /home/airflow/.local/lib/python3.12/site-packages/airflow/example_dags/example_sla_dag.py for tasks to queue
[2024-11-18T03:02:14.277+0000] {logging_mixin.py:190} INFO - [2024-11-18T03:02:14.277+0000] {dagbag.py:587} INFO - Filling up the DagBag from /home/airflow/.local/lib/python3.12/site-packages/airflow/example_dags/example_sla_dag.py
[2024-11-18T03:02:14.287+0000] {processor.py:925} INFO - DAG(s) 'example_sla_dag' retrieved from /home/airflow/.local/lib/python3.12/site-packages/airflow/example_dags/example_sla_dag.py
[2024-11-18T03:02:14.305+0000] {logging_mixin.py:190} INFO - [2024-11-18T03:02:14.305+0000] {dag.py:3229} INFO - Sync 1 DAGs
[2024-11-18T03:02:14.330+0000] {logging_mixin.py:190} INFO - [2024-11-18T03:02:14.330+0000] {dag.py:4156} INFO - Setting next_dagrun for example_sla_dag to 2024-11-18 03:00:00+00:00, run_after=2024-11-18 03:02:00+00:00
[2024-11-18T03:02:14.347+0000] {processor.py:208} INFO - Processing /home/airflow/.local/lib/python3.12/site-packages/airflow/example_dags/example_sla_dag.py took 0.086 seconds
[2024-11-18T03:02:44.625+0000] {processor.py:186} INFO - Started process (PID=954) to work on /home/airflow/.local/lib/python3.12/site-packages/airflow/example_dags/example_sla_dag.py
[2024-11-18T03:02:44.626+0000] {processor.py:914} INFO - Processing file /home/airflow/.local/lib/python3.12/site-packages/airflow/example_dags/example_sla_dag.py for tasks to queue
[2024-11-18T03:02:44.630+0000] {logging_mixin.py:190} INFO - [2024-11-18T03:02:44.630+0000] {dagbag.py:587} INFO - Filling up the DagBag from /home/airflow/.local/lib/python3.12/site-packages/airflow/example_dags/example_sla_dag.py
[2024-11-18T03:02:44.642+0000] {processor.py:925} INFO - DAG(s) 'example_sla_dag' retrieved from /home/airflow/.local/lib/python3.12/site-packages/airflow/example_dags/example_sla_dag.py
[2024-11-18T03:02:44.661+0000] {logging_mixin.py:190} INFO - [2024-11-18T03:02:44.661+0000] {dag.py:3229} INFO - Sync 1 DAGs
[2024-11-18T03:02:44.693+0000] {logging_mixin.py:190} INFO - [2024-11-18T03:02:44.693+0000] {dag.py:4156} INFO - Setting next_dagrun for example_sla_dag to 2024-11-18 03:00:00+00:00, run_after=2024-11-18 03:02:00+00:00
[2024-11-18T03:02:44.710+0000] {processor.py:208} INFO - Processing /home/airflow/.local/lib/python3.12/site-packages/airflow/example_dags/example_sla_dag.py took 0.095 seconds
[2024-11-18T03:03:15.642+0000] {processor.py:186} INFO - Started process (PID=1016) to work on /home/airflow/.local/lib/python3.12/site-packages/airflow/example_dags/example_sla_dag.py
[2024-11-18T03:03:15.644+0000] {processor.py:914} INFO - Processing file /home/airflow/.local/lib/python3.12/site-packages/airflow/example_dags/example_sla_dag.py for tasks to queue
[2024-11-18T03:03:15.647+0000] {logging_mixin.py:190} INFO - [2024-11-18T03:03:15.647+0000] {dagbag.py:587} INFO - Filling up the DagBag from /home/airflow/.local/lib/python3.12/site-packages/airflow/example_dags/example_sla_dag.py
[2024-11-18T03:03:15.663+0000] {processor.py:925} INFO - DAG(s) 'example_sla_dag' retrieved from /home/airflow/.local/lib/python3.12/site-packages/airflow/example_dags/example_sla_dag.py
[2024-11-18T03:03:15.681+0000] {logging_mixin.py:190} INFO - [2024-11-18T03:03:15.680+0000] {dag.py:3229} INFO - Sync 1 DAGs
[2024-11-18T03:03:15.704+0000] {logging_mixin.py:190} INFO - [2024-11-18T03:03:15.704+0000] {dag.py:4156} INFO - Setting next_dagrun for example_sla_dag to 2024-11-18 03:00:00+00:00, run_after=2024-11-18 03:02:00+00:00
[2024-11-18T03:03:15.718+0000] {processor.py:208} INFO - Processing /home/airflow/.local/lib/python3.12/site-packages/airflow/example_dags/example_sla_dag.py took 0.082 seconds
[2024-11-18T03:03:46.809+0000] {processor.py:186} INFO - Started process (PID=1077) to work on /home/airflow/.local/lib/python3.12/site-packages/airflow/example_dags/example_sla_dag.py
[2024-11-18T03:03:46.809+0000] {processor.py:914} INFO - Processing file /home/airflow/.local/lib/python3.12/site-packages/airflow/example_dags/example_sla_dag.py for tasks to queue
[2024-11-18T03:03:46.821+0000] {logging_mixin.py:190} INFO - [2024-11-18T03:03:46.818+0000] {dagbag.py:587} INFO - Filling up the DagBag from /home/airflow/.local/lib/python3.12/site-packages/airflow/example_dags/example_sla_dag.py
[2024-11-18T03:03:46.847+0000] {processor.py:925} INFO - DAG(s) 'example_sla_dag' retrieved from /home/airflow/.local/lib/python3.12/site-packages/airflow/example_dags/example_sla_dag.py
[2024-11-18T03:03:46.883+0000] {logging_mixin.py:190} INFO - [2024-11-18T03:03:46.883+0000] {dag.py:3229} INFO - Sync 1 DAGs
[2024-11-18T03:03:46.933+0000] {logging_mixin.py:190} INFO - [2024-11-18T03:03:46.933+0000] {dag.py:4156} INFO - Setting next_dagrun for example_sla_dag to 2024-11-18 03:00:00+00:00, run_after=2024-11-18 03:02:00+00:00
[2024-11-18T03:03:46.968+0000] {processor.py:208} INFO - Processing /home/airflow/.local/lib/python3.12/site-packages/airflow/example_dags/example_sla_dag.py took 0.193 seconds
[2024-11-18T03:04:17.769+0000] {processor.py:186} INFO - Started process (PID=1139) to work on /home/airflow/.local/lib/python3.12/site-packages/airflow/example_dags/example_sla_dag.py
[2024-11-18T03:04:17.771+0000] {processor.py:914} INFO - Processing file /home/airflow/.local/lib/python3.12/site-packages/airflow/example_dags/example_sla_dag.py for tasks to queue
[2024-11-18T03:04:17.779+0000] {logging_mixin.py:190} INFO - [2024-11-18T03:04:17.779+0000] {dagbag.py:587} INFO - Filling up the DagBag from /home/airflow/.local/lib/python3.12/site-packages/airflow/example_dags/example_sla_dag.py
[2024-11-18T03:04:17.825+0000] {processor.py:925} INFO - DAG(s) 'example_sla_dag' retrieved from /home/airflow/.local/lib/python3.12/site-packages/airflow/example_dags/example_sla_dag.py
[2024-11-18T03:04:17.906+0000] {logging_mixin.py:190} INFO - [2024-11-18T03:04:17.906+0000] {dag.py:3229} INFO - Sync 1 DAGs
[2024-11-18T03:04:18.015+0000] {logging_mixin.py:190} INFO - [2024-11-18T03:04:18.012+0000] {dag.py:4156} INFO - Setting next_dagrun for example_sla_dag to 2024-11-18 03:02:00+00:00, run_after=2024-11-18 03:04:00+00:00
[2024-11-18T03:04:18.086+0000] {processor.py:208} INFO - Processing /home/airflow/.local/lib/python3.12/site-packages/airflow/example_dags/example_sla_dag.py took 0.345 seconds
[2024-11-18T03:04:48.730+0000] {processor.py:186} INFO - Started process (PID=1201) to work on /home/airflow/.local/lib/python3.12/site-packages/airflow/example_dags/example_sla_dag.py
[2024-11-18T03:04:48.730+0000] {processor.py:914} INFO - Processing file /home/airflow/.local/lib/python3.12/site-packages/airflow/example_dags/example_sla_dag.py for tasks to queue
[2024-11-18T03:04:48.737+0000] {logging_mixin.py:190} INFO - [2024-11-18T03:04:48.736+0000] {dagbag.py:587} INFO - Filling up the DagBag from /home/airflow/.local/lib/python3.12/site-packages/airflow/example_dags/example_sla_dag.py
[2024-11-18T03:04:48.765+0000] {processor.py:925} INFO - DAG(s) 'example_sla_dag' retrieved from /home/airflow/.local/lib/python3.12/site-packages/airflow/example_dags/example_sla_dag.py
[2024-11-18T03:04:48.806+0000] {logging_mixin.py:190} INFO - [2024-11-18T03:04:48.806+0000] {dag.py:3229} INFO - Sync 1 DAGs
[2024-11-18T03:04:48.859+0000] {logging_mixin.py:190} INFO - [2024-11-18T03:04:48.859+0000] {dag.py:4156} INFO - Setting next_dagrun for example_sla_dag to 2024-11-18 03:02:00+00:00, run_after=2024-11-18 03:04:00+00:00
[2024-11-18T03:04:48.893+0000] {processor.py:208} INFO - Processing /home/airflow/.local/lib/python3.12/site-packages/airflow/example_dags/example_sla_dag.py took 0.179 seconds
[2024-11-18T03:05:19.149+0000] {processor.py:186} INFO - Started process (PID=1263) to work on /home/airflow/.local/lib/python3.12/site-packages/airflow/example_dags/example_sla_dag.py
[2024-11-18T03:05:19.151+0000] {processor.py:914} INFO - Processing file /home/airflow/.local/lib/python3.12/site-packages/airflow/example_dags/example_sla_dag.py for tasks to queue
[2024-11-18T03:05:19.155+0000] {logging_mixin.py:190} INFO - [2024-11-18T03:05:19.155+0000] {dagbag.py:587} INFO - Filling up the DagBag from /home/airflow/.local/lib/python3.12/site-packages/airflow/example_dags/example_sla_dag.py
[2024-11-18T03:05:19.178+0000] {processor.py:925} INFO - DAG(s) 'example_sla_dag' retrieved from /home/airflow/.local/lib/python3.12/site-packages/airflow/example_dags/example_sla_dag.py
[2024-11-18T03:05:19.221+0000] {logging_mixin.py:190} INFO - [2024-11-18T03:05:19.220+0000] {dag.py:3229} INFO - Sync 1 DAGs
[2024-11-18T03:05:19.272+0000] {logging_mixin.py:190} INFO - [2024-11-18T03:05:19.272+0000] {dag.py:4156} INFO - Setting next_dagrun for example_sla_dag to 2024-11-18 03:02:00+00:00, run_after=2024-11-18 03:04:00+00:00
[2024-11-18T03:05:19.308+0000] {processor.py:208} INFO - Processing /home/airflow/.local/lib/python3.12/site-packages/airflow/example_dags/example_sla_dag.py took 0.175 seconds
[2024-11-18T03:05:49.475+0000] {processor.py:186} INFO - Started process (PID=1325) to work on /home/airflow/.local/lib/python3.12/site-packages/airflow/example_dags/example_sla_dag.py
[2024-11-18T03:05:49.479+0000] {processor.py:914} INFO - Processing file /home/airflow/.local/lib/python3.12/site-packages/airflow/example_dags/example_sla_dag.py for tasks to queue
[2024-11-18T03:05:49.483+0000] {logging_mixin.py:190} INFO - [2024-11-18T03:05:49.483+0000] {dagbag.py:587} INFO - Filling up the DagBag from /home/airflow/.local/lib/python3.12/site-packages/airflow/example_dags/example_sla_dag.py
[2024-11-18T03:05:49.505+0000] {processor.py:925} INFO - DAG(s) 'example_sla_dag' retrieved from /home/airflow/.local/lib/python3.12/site-packages/airflow/example_dags/example_sla_dag.py
[2024-11-18T03:05:49.546+0000] {logging_mixin.py:190} INFO - [2024-11-18T03:05:49.544+0000] {dag.py:3229} INFO - Sync 1 DAGs
[2024-11-18T03:05:49.597+0000] {logging_mixin.py:190} INFO - [2024-11-18T03:05:49.594+0000] {dag.py:4156} INFO - Setting next_dagrun for example_sla_dag to 2024-11-18 03:02:00+00:00, run_after=2024-11-18 03:04:00+00:00
[2024-11-18T03:05:49.633+0000] {processor.py:208} INFO - Processing /home/airflow/.local/lib/python3.12/site-packages/airflow/example_dags/example_sla_dag.py took 0.171 seconds
[2024-11-18T03:06:19.976+0000] {processor.py:186} INFO - Started process (PID=1387) to work on /home/airflow/.local/lib/python3.12/site-packages/airflow/example_dags/example_sla_dag.py
[2024-11-18T03:06:19.978+0000] {processor.py:914} INFO - Processing file /home/airflow/.local/lib/python3.12/site-packages/airflow/example_dags/example_sla_dag.py for tasks to queue
[2024-11-18T03:06:19.982+0000] {logging_mixin.py:190} INFO - [2024-11-18T03:06:19.982+0000] {dagbag.py:587} INFO - Filling up the DagBag from /home/airflow/.local/lib/python3.12/site-packages/airflow/example_dags/example_sla_dag.py
[2024-11-18T03:06:20.007+0000] {processor.py:925} INFO - DAG(s) 'example_sla_dag' retrieved from /home/airflow/.local/lib/python3.12/site-packages/airflow/example_dags/example_sla_dag.py
[2024-11-18T03:06:20.045+0000] {logging_mixin.py:190} INFO - [2024-11-18T03:06:20.045+0000] {dag.py:3229} INFO - Sync 1 DAGs
[2024-11-18T03:06:20.096+0000] {logging_mixin.py:190} INFO - [2024-11-18T03:06:20.096+0000] {dag.py:4156} INFO - Setting next_dagrun for example_sla_dag to 2024-11-18 03:04:00+00:00, run_after=2024-11-18 03:06:00+00:00
[2024-11-18T03:06:20.133+0000] {processor.py:208} INFO - Processing /home/airflow/.local/lib/python3.12/site-packages/airflow/example_dags/example_sla_dag.py took 0.171 seconds
[2024-11-18T03:06:50.912+0000] {processor.py:186} INFO - Started process (PID=1449) to work on /home/airflow/.local/lib/python3.12/site-packages/airflow/example_dags/example_sla_dag.py
[2024-11-18T03:06:50.914+0000] {processor.py:914} INFO - Processing file /home/airflow/.local/lib/python3.12/site-packages/airflow/example_dags/example_sla_dag.py for tasks to queue
[2024-11-18T03:06:50.919+0000] {logging_mixin.py:190} INFO - [2024-11-18T03:06:50.918+0000] {dagbag.py:587} INFO - Filling up the DagBag from /home/airflow/.local/lib/python3.12/site-packages/airflow/example_dags/example_sla_dag.py
[2024-11-18T03:06:50.980+0000] {processor.py:925} INFO - DAG(s) 'example_sla_dag' retrieved from /home/airflow/.local/lib/python3.12/site-packages/airflow/example_dags/example_sla_dag.py
[2024-11-18T03:06:51.081+0000] {logging_mixin.py:190} INFO - [2024-11-18T03:06:51.081+0000] {dag.py:3229} INFO - Sync 1 DAGs
[2024-11-18T03:06:51.168+0000] {logging_mixin.py:190} INFO - [2024-11-18T03:06:51.168+0000] {dag.py:4156} INFO - Setting next_dagrun for example_sla_dag to 2024-11-18 03:04:00+00:00, run_after=2024-11-18 03:06:00+00:00
[2024-11-18T03:06:51.202+0000] {processor.py:208} INFO - Processing /home/airflow/.local/lib/python3.12/site-packages/airflow/example_dags/example_sla_dag.py took 0.306 seconds
[2024-11-18T03:07:21.836+0000] {processor.py:186} INFO - Started process (PID=1516) to work on /home/airflow/.local/lib/python3.12/site-packages/airflow/example_dags/example_sla_dag.py
[2024-11-18T03:07:21.838+0000] {processor.py:914} INFO - Processing file /home/airflow/.local/lib/python3.12/site-packages/airflow/example_dags/example_sla_dag.py for tasks to queue
[2024-11-18T03:07:21.843+0000] {logging_mixin.py:190} INFO - [2024-11-18T03:07:21.843+0000] {dagbag.py:587} INFO - Filling up the DagBag from /home/airflow/.local/lib/python3.12/site-packages/airflow/example_dags/example_sla_dag.py
[2024-11-18T03:07:21.871+0000] {processor.py:925} INFO - DAG(s) 'example_sla_dag' retrieved from /home/airflow/.local/lib/python3.12/site-packages/airflow/example_dags/example_sla_dag.py
[2024-11-18T03:07:21.909+0000] {logging_mixin.py:190} INFO - [2024-11-18T03:07:21.908+0000] {dag.py:3229} INFO - Sync 1 DAGs
[2024-11-18T03:07:21.964+0000] {logging_mixin.py:190} INFO - [2024-11-18T03:07:21.962+0000] {dag.py:4156} INFO - Setting next_dagrun for example_sla_dag to 2024-11-18 03:04:00+00:00, run_after=2024-11-18 03:06:00+00:00
[2024-11-18T03:07:22.005+0000] {processor.py:208} INFO - Processing /home/airflow/.local/lib/python3.12/site-packages/airflow/example_dags/example_sla_dag.py took 0.182 seconds
[2024-11-18T03:07:52.863+0000] {processor.py:186} INFO - Started process (PID=1578) to work on /home/airflow/.local/lib/python3.12/site-packages/airflow/example_dags/example_sla_dag.py
[2024-11-18T03:07:52.868+0000] {processor.py:914} INFO - Processing file /home/airflow/.local/lib/python3.12/site-packages/airflow/example_dags/example_sla_dag.py for tasks to queue
[2024-11-18T03:07:52.877+0000] {logging_mixin.py:190} INFO - [2024-11-18T03:07:52.877+0000] {dagbag.py:587} INFO - Filling up the DagBag from /home/airflow/.local/lib/python3.12/site-packages/airflow/example_dags/example_sla_dag.py
[2024-11-18T03:07:52.919+0000] {processor.py:925} INFO - DAG(s) 'example_sla_dag' retrieved from /home/airflow/.local/lib/python3.12/site-packages/airflow/example_dags/example_sla_dag.py
[2024-11-18T03:07:53.004+0000] {logging_mixin.py:190} INFO - [2024-11-18T03:07:53.004+0000] {dag.py:3229} INFO - Sync 1 DAGs
[2024-11-18T03:07:53.091+0000] {logging_mixin.py:190} INFO - [2024-11-18T03:07:53.091+0000] {dag.py:4156} INFO - Setting next_dagrun for example_sla_dag to 2024-11-18 03:04:00+00:00, run_after=2024-11-18 03:06:00+00:00
[2024-11-18T03:07:53.164+0000] {processor.py:208} INFO - Processing /home/airflow/.local/lib/python3.12/site-packages/airflow/example_dags/example_sla_dag.py took 0.331 seconds
[2024-11-18T03:08:23.852+0000] {processor.py:186} INFO - Started process (PID=1642) to work on /home/airflow/.local/lib/python3.12/site-packages/airflow/example_dags/example_sla_dag.py
[2024-11-18T03:08:23.855+0000] {processor.py:914} INFO - Processing file /home/airflow/.local/lib/python3.12/site-packages/airflow/example_dags/example_sla_dag.py for tasks to queue
[2024-11-18T03:08:23.867+0000] {logging_mixin.py:190} INFO - [2024-11-18T03:08:23.863+0000] {dagbag.py:587} INFO - Filling up the DagBag from /home/airflow/.local/lib/python3.12/site-packages/airflow/example_dags/example_sla_dag.py
[2024-11-18T03:08:23.908+0000] {processor.py:925} INFO - DAG(s) 'example_sla_dag' retrieved from /home/airflow/.local/lib/python3.12/site-packages/airflow/example_dags/example_sla_dag.py
[2024-11-18T03:08:23.992+0000] {logging_mixin.py:190} INFO - [2024-11-18T03:08:23.991+0000] {dag.py:3229} INFO - Sync 1 DAGs
[2024-11-18T03:08:24.092+0000] {logging_mixin.py:190} INFO - [2024-11-18T03:08:24.092+0000] {dag.py:4156} INFO - Setting next_dagrun for example_sla_dag to 2024-11-18 03:06:00+00:00, run_after=2024-11-18 03:08:00+00:00
[2024-11-18T03:08:24.173+0000] {processor.py:208} INFO - Processing /home/airflow/.local/lib/python3.12/site-packages/airflow/example_dags/example_sla_dag.py took 0.347 seconds
[2024-11-18T03:08:54.319+0000] {processor.py:186} INFO - Started process (PID=1704) to work on /home/airflow/.local/lib/python3.12/site-packages/airflow/example_dags/example_sla_dag.py
[2024-11-18T03:08:54.320+0000] {processor.py:914} INFO - Processing file /home/airflow/.local/lib/python3.12/site-packages/airflow/example_dags/example_sla_dag.py for tasks to queue
[2024-11-18T03:08:54.326+0000] {logging_mixin.py:190} INFO - [2024-11-18T03:08:54.325+0000] {dagbag.py:587} INFO - Filling up the DagBag from /home/airflow/.local/lib/python3.12/site-packages/airflow/example_dags/example_sla_dag.py
[2024-11-18T03:08:54.346+0000] {processor.py:925} INFO - DAG(s) 'example_sla_dag' retrieved from /home/airflow/.local/lib/python3.12/site-packages/airflow/example_dags/example_sla_dag.py
[2024-11-18T03:08:54.384+0000] {logging_mixin.py:190} INFO - [2024-11-18T03:08:54.384+0000] {dag.py:3229} INFO - Sync 1 DAGs
[2024-11-18T03:08:54.434+0000] {logging_mixin.py:190} INFO - [2024-11-18T03:08:54.434+0000] {dag.py:4156} INFO - Setting next_dagrun for example_sla_dag to 2024-11-18 03:06:00+00:00, run_after=2024-11-18 03:08:00+00:00
[2024-11-18T03:08:54.466+0000] {processor.py:208} INFO - Processing /home/airflow/.local/lib/python3.12/site-packages/airflow/example_dags/example_sla_dag.py took 0.160 seconds
[2024-11-18T03:09:25.195+0000] {processor.py:186} INFO - Started process (PID=1766) to work on /home/airflow/.local/lib/python3.12/site-packages/airflow/example_dags/example_sla_dag.py
[2024-11-18T03:09:25.198+0000] {processor.py:914} INFO - Processing file /home/airflow/.local/lib/python3.12/site-packages/airflow/example_dags/example_sla_dag.py for tasks to queue
[2024-11-18T03:09:25.202+0000] {logging_mixin.py:190} INFO - [2024-11-18T03:09:25.202+0000] {dagbag.py:587} INFO - Filling up the DagBag from /home/airflow/.local/lib/python3.12/site-packages/airflow/example_dags/example_sla_dag.py
[2024-11-18T03:09:25.226+0000] {processor.py:925} INFO - DAG(s) 'example_sla_dag' retrieved from /home/airflow/.local/lib/python3.12/site-packages/airflow/example_dags/example_sla_dag.py
[2024-11-18T03:09:25.272+0000] {logging_mixin.py:190} INFO - [2024-11-18T03:09:25.269+0000] {dag.py:3229} INFO - Sync 1 DAGs
[2024-11-18T03:09:25.337+0000] {logging_mixin.py:190} INFO - [2024-11-18T03:09:25.337+0000] {dag.py:4156} INFO - Setting next_dagrun for example_sla_dag to 2024-11-18 03:06:00+00:00, run_after=2024-11-18 03:08:00+00:00
[2024-11-18T03:09:25.379+0000] {processor.py:208} INFO - Processing /home/airflow/.local/lib/python3.12/site-packages/airflow/example_dags/example_sla_dag.py took 0.198 seconds
[2024-11-18T03:09:55.640+0000] {processor.py:186} INFO - Started process (PID=1829) to work on /home/airflow/.local/lib/python3.12/site-packages/airflow/example_dags/example_sla_dag.py
[2024-11-18T03:09:55.640+0000] {processor.py:914} INFO - Processing file /home/airflow/.local/lib/python3.12/site-packages/airflow/example_dags/example_sla_dag.py for tasks to queue
[2024-11-18T03:09:55.644+0000] {logging_mixin.py:190} INFO - [2024-11-18T03:09:55.644+0000] {dagbag.py:587} INFO - Filling up the DagBag from /home/airflow/.local/lib/python3.12/site-packages/airflow/example_dags/example_sla_dag.py
[2024-11-18T03:09:55.673+0000] {processor.py:925} INFO - DAG(s) 'example_sla_dag' retrieved from /home/airflow/.local/lib/python3.12/site-packages/airflow/example_dags/example_sla_dag.py
[2024-11-18T03:09:55.709+0000] {logging_mixin.py:190} INFO - [2024-11-18T03:09:55.709+0000] {dag.py:3229} INFO - Sync 1 DAGs
[2024-11-18T03:09:55.757+0000] {logging_mixin.py:190} INFO - [2024-11-18T03:09:55.757+0000] {dag.py:4156} INFO - Setting next_dagrun for example_sla_dag to 2024-11-18 03:06:00+00:00, run_after=2024-11-18 03:08:00+00:00
[2024-11-18T03:09:55.793+0000] {processor.py:208} INFO - Processing /home/airflow/.local/lib/python3.12/site-packages/airflow/example_dags/example_sla_dag.py took 0.166 seconds
[2024-11-18T03:10:26.652+0000] {processor.py:186} INFO - Started process (PID=1891) to work on /home/airflow/.local/lib/python3.12/site-packages/airflow/example_dags/example_sla_dag.py
[2024-11-18T03:10:26.658+0000] {processor.py:914} INFO - Processing file /home/airflow/.local/lib/python3.12/site-packages/airflow/example_dags/example_sla_dag.py for tasks to queue
[2024-11-18T03:10:26.664+0000] {logging_mixin.py:190} INFO - [2024-11-18T03:10:26.664+0000] {dagbag.py:587} INFO - Filling up the DagBag from /home/airflow/.local/lib/python3.12/site-packages/airflow/example_dags/example_sla_dag.py
[2024-11-18T03:10:26.708+0000] {processor.py:925} INFO - DAG(s) 'example_sla_dag' retrieved from /home/airflow/.local/lib/python3.12/site-packages/airflow/example_dags/example_sla_dag.py
[2024-11-18T03:10:26.800+0000] {logging_mixin.py:190} INFO - [2024-11-18T03:10:26.800+0000] {dag.py:3229} INFO - Sync 1 DAGs
[2024-11-18T03:10:26.909+0000] {logging_mixin.py:190} INFO - [2024-11-18T03:10:26.909+0000] {dag.py:4156} INFO - Setting next_dagrun for example_sla_dag to 2024-11-18 03:08:00+00:00, run_after=2024-11-18 03:10:00+00:00
[2024-11-18T03:10:26.982+0000] {processor.py:208} INFO - Processing /home/airflow/.local/lib/python3.12/site-packages/airflow/example_dags/example_sla_dag.py took 0.360 seconds
[2024-11-18T03:10:59.456+0000] {processor.py:186} INFO - Started process (PID=1953) to work on /home/airflow/.local/lib/python3.12/site-packages/airflow/example_dags/example_sla_dag.py
[2024-11-18T03:10:59.495+0000] {processor.py:914} INFO - Processing file /home/airflow/.local/lib/python3.12/site-packages/airflow/example_dags/example_sla_dag.py for tasks to queue
[2024-11-18T03:10:59.502+0000] {logging_mixin.py:190} INFO - [2024-11-18T03:10:59.501+0000] {dagbag.py:587} INFO - Filling up the DagBag from /home/airflow/.local/lib/python3.12/site-packages/airflow/example_dags/example_sla_dag.py
[2024-11-18T03:10:59.533+0000] {processor.py:925} INFO - DAG(s) 'example_sla_dag' retrieved from /home/airflow/.local/lib/python3.12/site-packages/airflow/example_dags/example_sla_dag.py
[2024-11-18T03:10:59.592+0000] {logging_mixin.py:190} INFO - [2024-11-18T03:10:59.592+0000] {dag.py:3229} INFO - Sync 1 DAGs
[2024-11-18T03:10:59.715+0000] {logging_mixin.py:190} INFO - [2024-11-18T03:10:59.715+0000] {dag.py:4156} INFO - Setting next_dagrun for example_sla_dag to 2024-11-18 03:08:00+00:00, run_after=2024-11-18 03:10:00+00:00
[2024-11-18T03:10:59.799+0000] {processor.py:208} INFO - Processing /home/airflow/.local/lib/python3.12/site-packages/airflow/example_dags/example_sla_dag.py took 0.375 seconds
[2024-11-18T03:11:31.397+0000] {processor.py:186} INFO - Started process (PID=2015) to work on /home/airflow/.local/lib/python3.12/site-packages/airflow/example_dags/example_sla_dag.py
[2024-11-18T03:11:31.401+0000] {processor.py:914} INFO - Processing file /home/airflow/.local/lib/python3.12/site-packages/airflow/example_dags/example_sla_dag.py for tasks to queue
[2024-11-18T03:11:31.409+0000] {logging_mixin.py:190} INFO - [2024-11-18T03:11:31.409+0000] {dagbag.py:587} INFO - Filling up the DagBag from /home/airflow/.local/lib/python3.12/site-packages/airflow/example_dags/example_sla_dag.py
[2024-11-18T03:11:31.452+0000] {processor.py:925} INFO - DAG(s) 'example_sla_dag' retrieved from /home/airflow/.local/lib/python3.12/site-packages/airflow/example_dags/example_sla_dag.py
[2024-11-18T03:11:31.507+0000] {logging_mixin.py:190} INFO - [2024-11-18T03:11:31.506+0000] {dag.py:3229} INFO - Sync 1 DAGs
[2024-11-18T03:11:31.549+0000] {logging_mixin.py:190} INFO - [2024-11-18T03:11:31.549+0000] {dag.py:4156} INFO - Setting next_dagrun for example_sla_dag to 2024-11-18 03:08:00+00:00, run_after=2024-11-18 03:10:00+00:00
[2024-11-18T03:11:31.569+0000] {processor.py:208} INFO - Processing /home/airflow/.local/lib/python3.12/site-packages/airflow/example_dags/example_sla_dag.py took 0.179 seconds
[2024-11-18T03:12:02.962+0000] {processor.py:186} INFO - Started process (PID=2077) to work on /home/airflow/.local/lib/python3.12/site-packages/airflow/example_dags/example_sla_dag.py
[2024-11-18T03:12:02.986+0000] {processor.py:914} INFO - Processing file /home/airflow/.local/lib/python3.12/site-packages/airflow/example_dags/example_sla_dag.py for tasks to queue
[2024-11-18T03:12:03.008+0000] {logging_mixin.py:190} INFO - [2024-11-18T03:12:03.007+0000] {dagbag.py:587} INFO - Filling up the DagBag from /home/airflow/.local/lib/python3.12/site-packages/airflow/example_dags/example_sla_dag.py
[2024-11-18T03:12:03.023+0000] {processor.py:925} INFO - DAG(s) 'example_sla_dag' retrieved from /home/airflow/.local/lib/python3.12/site-packages/airflow/example_dags/example_sla_dag.py
[2024-11-18T03:12:03.047+0000] {logging_mixin.py:190} INFO - [2024-11-18T03:12:03.047+0000] {dag.py:3229} INFO - Sync 1 DAGs
[2024-11-18T03:12:03.110+0000] {logging_mixin.py:190} INFO - [2024-11-18T03:12:03.104+0000] {dag.py:4156} INFO - Setting next_dagrun for example_sla_dag to 2024-11-18 03:10:00+00:00, run_after=2024-11-18 03:12:00+00:00
[2024-11-18T03:12:03.300+0000] {processor.py:208} INFO - Processing /home/airflow/.local/lib/python3.12/site-packages/airflow/example_dags/example_sla_dag.py took 0.354 seconds
[2024-11-18T03:12:34.146+0000] {processor.py:186} INFO - Started process (PID=2140) to work on /home/airflow/.local/lib/python3.12/site-packages/airflow/example_dags/example_sla_dag.py
[2024-11-18T03:12:34.148+0000] {processor.py:914} INFO - Processing file /home/airflow/.local/lib/python3.12/site-packages/airflow/example_dags/example_sla_dag.py for tasks to queue
[2024-11-18T03:12:34.154+0000] {logging_mixin.py:190} INFO - [2024-11-18T03:12:34.152+0000] {dagbag.py:587} INFO - Filling up the DagBag from /home/airflow/.local/lib/python3.12/site-packages/airflow/example_dags/example_sla_dag.py
[2024-11-18T03:12:34.258+0000] {processor.py:925} INFO - DAG(s) 'example_sla_dag' retrieved from /home/airflow/.local/lib/python3.12/site-packages/airflow/example_dags/example_sla_dag.py
[2024-11-18T03:12:34.368+0000] {logging_mixin.py:190} INFO - [2024-11-18T03:12:34.366+0000] {dag.py:3229} INFO - Sync 1 DAGs
[2024-11-18T03:12:34.491+0000] {logging_mixin.py:190} INFO - [2024-11-18T03:12:34.487+0000] {dag.py:4156} INFO - Setting next_dagrun for example_sla_dag to 2024-11-18 03:10:00+00:00, run_after=2024-11-18 03:12:00+00:00
[2024-11-18T03:12:34.600+0000] {processor.py:208} INFO - Processing /home/airflow/.local/lib/python3.12/site-packages/airflow/example_dags/example_sla_dag.py took 0.469 seconds
[2024-11-18T03:13:05.744+0000] {processor.py:186} INFO - Started process (PID=2202) to work on /home/airflow/.local/lib/python3.12/site-packages/airflow/example_dags/example_sla_dag.py
[2024-11-18T03:13:05.773+0000] {processor.py:914} INFO - Processing file /home/airflow/.local/lib/python3.12/site-packages/airflow/example_dags/example_sla_dag.py for tasks to queue
[2024-11-18T03:13:05.813+0000] {logging_mixin.py:190} INFO - [2024-11-18T03:13:05.813+0000] {dagbag.py:587} INFO - Filling up the DagBag from /home/airflow/.local/lib/python3.12/site-packages/airflow/example_dags/example_sla_dag.py
[2024-11-18T03:13:05.917+0000] {processor.py:925} INFO - DAG(s) 'example_sla_dag' retrieved from /home/airflow/.local/lib/python3.12/site-packages/airflow/example_dags/example_sla_dag.py
[2024-11-18T03:13:06.146+0000] {logging_mixin.py:190} INFO - [2024-11-18T03:13:06.144+0000] {dag.py:3229} INFO - Sync 1 DAGs
[2024-11-18T03:13:06.258+0000] {logging_mixin.py:190} INFO - [2024-11-18T03:13:06.258+0000] {dag.py:4156} INFO - Setting next_dagrun for example_sla_dag to 2024-11-18 03:10:00+00:00, run_after=2024-11-18 03:12:00+00:00
[2024-11-18T03:13:06.326+0000] {processor.py:208} INFO - Processing /home/airflow/.local/lib/python3.12/site-packages/airflow/example_dags/example_sla_dag.py took 0.637 seconds
[2024-11-18T03:13:37.532+0000] {processor.py:186} INFO - Started process (PID=2264) to work on /home/airflow/.local/lib/python3.12/site-packages/airflow/example_dags/example_sla_dag.py
[2024-11-18T03:13:37.535+0000] {processor.py:914} INFO - Processing file /home/airflow/.local/lib/python3.12/site-packages/airflow/example_dags/example_sla_dag.py for tasks to queue
[2024-11-18T03:13:37.543+0000] {logging_mixin.py:190} INFO - [2024-11-18T03:13:37.541+0000] {dagbag.py:587} INFO - Filling up the DagBag from /home/airflow/.local/lib/python3.12/site-packages/airflow/example_dags/example_sla_dag.py
[2024-11-18T03:13:37.570+0000] {processor.py:925} INFO - DAG(s) 'example_sla_dag' retrieved from /home/airflow/.local/lib/python3.12/site-packages/airflow/example_dags/example_sla_dag.py
[2024-11-18T03:13:37.705+0000] {logging_mixin.py:190} INFO - [2024-11-18T03:13:37.705+0000] {dag.py:3229} INFO - Sync 1 DAGs
[2024-11-18T03:13:37.803+0000] {logging_mixin.py:190} INFO - [2024-11-18T03:13:37.803+0000] {dag.py:4156} INFO - Setting next_dagrun for example_sla_dag to 2024-11-18 03:10:00+00:00, run_after=2024-11-18 03:12:00+00:00
[2024-11-18T03:13:37.881+0000] {processor.py:208} INFO - Processing /home/airflow/.local/lib/python3.12/site-packages/airflow/example_dags/example_sla_dag.py took 0.372 seconds
[2024-11-18T03:14:11.340+0000] {processor.py:186} INFO - Started process (PID=2325) to work on /home/airflow/.local/lib/python3.12/site-packages/airflow/example_dags/example_sla_dag.py
[2024-11-18T03:14:11.347+0000] {processor.py:914} INFO - Processing file /home/airflow/.local/lib/python3.12/site-packages/airflow/example_dags/example_sla_dag.py for tasks to queue
[2024-11-18T03:14:11.361+0000] {logging_mixin.py:190} INFO - [2024-11-18T03:14:11.355+0000] {dagbag.py:587} INFO - Filling up the DagBag from /home/airflow/.local/lib/python3.12/site-packages/airflow/example_dags/example_sla_dag.py
[2024-11-18T03:14:11.468+0000] {processor.py:925} INFO - DAG(s) 'example_sla_dag' retrieved from /home/airflow/.local/lib/python3.12/site-packages/airflow/example_dags/example_sla_dag.py
[2024-11-18T03:14:11.647+0000] {logging_mixin.py:190} INFO - [2024-11-18T03:14:11.644+0000] {dag.py:3229} INFO - Sync 1 DAGs
[2024-11-18T03:14:11.889+0000] {logging_mixin.py:190} INFO - [2024-11-18T03:14:11.889+0000] {dag.py:4156} INFO - Setting next_dagrun for example_sla_dag to 2024-11-18 03:12:00+00:00, run_after=2024-11-18 03:14:00+00:00
[2024-11-18T03:14:12.102+0000] {processor.py:208} INFO - Processing /home/airflow/.local/lib/python3.12/site-packages/airflow/example_dags/example_sla_dag.py took 0.837 seconds
[2024-11-18T03:14:43.187+0000] {processor.py:186} INFO - Started process (PID=2387) to work on /home/airflow/.local/lib/python3.12/site-packages/airflow/example_dags/example_sla_dag.py
[2024-11-18T03:14:43.189+0000] {processor.py:914} INFO - Processing file /home/airflow/.local/lib/python3.12/site-packages/airflow/example_dags/example_sla_dag.py for tasks to queue
[2024-11-18T03:14:43.193+0000] {logging_mixin.py:190} INFO - [2024-11-18T03:14:43.193+0000] {dagbag.py:587} INFO - Filling up the DagBag from /home/airflow/.local/lib/python3.12/site-packages/airflow/example_dags/example_sla_dag.py
[2024-11-18T03:14:43.229+0000] {processor.py:925} INFO - DAG(s) 'example_sla_dag' retrieved from /home/airflow/.local/lib/python3.12/site-packages/airflow/example_dags/example_sla_dag.py
[2024-11-18T03:14:43.390+0000] {logging_mixin.py:190} INFO - [2024-11-18T03:14:43.384+0000] {dag.py:3229} INFO - Sync 1 DAGs
[2024-11-18T03:14:43.527+0000] {logging_mixin.py:190} INFO - [2024-11-18T03:14:43.527+0000] {dag.py:4156} INFO - Setting next_dagrun for example_sla_dag to 2024-11-18 03:12:00+00:00, run_after=2024-11-18 03:14:00+00:00
[2024-11-18T03:14:43.572+0000] {processor.py:208} INFO - Processing /home/airflow/.local/lib/python3.12/site-packages/airflow/example_dags/example_sla_dag.py took 0.409 seconds
[2024-11-18T03:15:14.162+0000] {processor.py:186} INFO - Started process (PID=2448) to work on /home/airflow/.local/lib/python3.12/site-packages/airflow/example_dags/example_sla_dag.py
[2024-11-18T03:15:14.167+0000] {processor.py:914} INFO - Processing file /home/airflow/.local/lib/python3.12/site-packages/airflow/example_dags/example_sla_dag.py for tasks to queue
[2024-11-18T03:15:14.177+0000] {logging_mixin.py:190} INFO - [2024-11-18T03:15:14.174+0000] {dagbag.py:587} INFO - Filling up the DagBag from /home/airflow/.local/lib/python3.12/site-packages/airflow/example_dags/example_sla_dag.py
[2024-11-18T03:15:14.210+0000] {processor.py:925} INFO - DAG(s) 'example_sla_dag' retrieved from /home/airflow/.local/lib/python3.12/site-packages/airflow/example_dags/example_sla_dag.py
[2024-11-18T03:15:14.283+0000] {logging_mixin.py:190} INFO - [2024-11-18T03:15:14.283+0000] {dag.py:3229} INFO - Sync 1 DAGs
[2024-11-18T03:15:14.443+0000] {logging_mixin.py:190} INFO - [2024-11-18T03:15:14.443+0000] {dag.py:4156} INFO - Setting next_dagrun for example_sla_dag to 2024-11-18 03:12:00+00:00, run_after=2024-11-18 03:14:00+00:00
[2024-11-18T03:15:14.529+0000] {processor.py:208} INFO - Processing /home/airflow/.local/lib/python3.12/site-packages/airflow/example_dags/example_sla_dag.py took 0.399 seconds
[2024-11-18T03:15:46.320+0000] {processor.py:186} INFO - Started process (PID=2509) to work on /home/airflow/.local/lib/python3.12/site-packages/airflow/example_dags/example_sla_dag.py
[2024-11-18T03:15:46.331+0000] {processor.py:914} INFO - Processing file /home/airflow/.local/lib/python3.12/site-packages/airflow/example_dags/example_sla_dag.py for tasks to queue
[2024-11-18T03:15:46.344+0000] {logging_mixin.py:190} INFO - [2024-11-18T03:15:46.341+0000] {dagbag.py:587} INFO - Filling up the DagBag from /home/airflow/.local/lib/python3.12/site-packages/airflow/example_dags/example_sla_dag.py
[2024-11-18T03:15:46.376+0000] {processor.py:925} INFO - DAG(s) 'example_sla_dag' retrieved from /home/airflow/.local/lib/python3.12/site-packages/airflow/example_dags/example_sla_dag.py
[2024-11-18T03:15:46.510+0000] {logging_mixin.py:190} INFO - [2024-11-18T03:15:46.510+0000] {dag.py:3229} INFO - Sync 1 DAGs
[2024-11-18T03:15:46.667+0000] {logging_mixin.py:190} INFO - [2024-11-18T03:15:46.665+0000] {dag.py:4156} INFO - Setting next_dagrun for example_sla_dag to 2024-11-18 03:12:00+00:00, run_after=2024-11-18 03:14:00+00:00
[2024-11-18T03:15:46.799+0000] {processor.py:208} INFO - Processing /home/airflow/.local/lib/python3.12/site-packages/airflow/example_dags/example_sla_dag.py took 0.494 seconds
[2024-11-18T03:16:19.163+0000] {processor.py:186} INFO - Started process (PID=2571) to work on /home/airflow/.local/lib/python3.12/site-packages/airflow/example_dags/example_sla_dag.py
[2024-11-18T03:16:19.295+0000] {processor.py:914} INFO - Processing file /home/airflow/.local/lib/python3.12/site-packages/airflow/example_dags/example_sla_dag.py for tasks to queue
[2024-11-18T03:16:19.329+0000] {logging_mixin.py:190} INFO - [2024-11-18T03:16:19.319+0000] {dagbag.py:587} INFO - Filling up the DagBag from /home/airflow/.local/lib/python3.12/site-packages/airflow/example_dags/example_sla_dag.py
[2024-11-18T03:16:19.439+0000] {processor.py:925} INFO - DAG(s) 'example_sla_dag' retrieved from /home/airflow/.local/lib/python3.12/site-packages/airflow/example_dags/example_sla_dag.py
[2024-11-18T03:16:19.515+0000] {logging_mixin.py:190} INFO - [2024-11-18T03:16:19.514+0000] {dag.py:3229} INFO - Sync 1 DAGs
[2024-11-18T03:16:19.543+0000] {logging_mixin.py:190} INFO - [2024-11-18T03:16:19.542+0000] {dag.py:4156} INFO - Setting next_dagrun for example_sla_dag to 2024-11-18 03:14:00+00:00, run_after=2024-11-18 03:16:00+00:00
[2024-11-18T03:16:19.574+0000] {processor.py:208} INFO - Processing /home/airflow/.local/lib/python3.12/site-packages/airflow/example_dags/example_sla_dag.py took 0.485 seconds
[2024-11-18T03:16:52.819+0000] {processor.py:186} INFO - Started process (PID=2633) to work on /home/airflow/.local/lib/python3.12/site-packages/airflow/example_dags/example_sla_dag.py
[2024-11-18T03:16:52.820+0000] {processor.py:914} INFO - Processing file /home/airflow/.local/lib/python3.12/site-packages/airflow/example_dags/example_sla_dag.py for tasks to queue
[2024-11-18T03:16:52.828+0000] {logging_mixin.py:190} INFO - [2024-11-18T03:16:52.828+0000] {dagbag.py:587} INFO - Filling up the DagBag from /home/airflow/.local/lib/python3.12/site-packages/airflow/example_dags/example_sla_dag.py
[2024-11-18T03:16:52.929+0000] {processor.py:925} INFO - DAG(s) 'example_sla_dag' retrieved from /home/airflow/.local/lib/python3.12/site-packages/airflow/example_dags/example_sla_dag.py
[2024-11-18T03:16:53.047+0000] {logging_mixin.py:190} INFO - [2024-11-18T03:16:53.047+0000] {dag.py:3229} INFO - Sync 1 DAGs
[2024-11-18T03:16:53.170+0000] {logging_mixin.py:190} INFO - [2024-11-18T03:16:53.170+0000] {dag.py:4156} INFO - Setting next_dagrun for example_sla_dag to 2024-11-18 03:14:00+00:00, run_after=2024-11-18 03:16:00+00:00
[2024-11-18T03:16:53.343+0000] {processor.py:208} INFO - Processing /home/airflow/.local/lib/python3.12/site-packages/airflow/example_dags/example_sla_dag.py took 0.542 seconds
