[2024-11-18T02:55:24.405+0000] {processor.py:186} INFO - Started process (PID=71) to work on /home/airflow/.local/lib/python3.12/site-packages/airflow/example_dags/example_outlet_event_extra.py
[2024-11-18T02:55:24.413+0000] {processor.py:914} INFO - Processing file /home/airflow/.local/lib/python3.12/site-packages/airflow/example_dags/example_outlet_event_extra.py for tasks to queue
[2024-11-18T02:55:24.435+0000] {logging_mixin.py:190} INFO - [2024-11-18T02:55:24.434+0000] {dagbag.py:587} INFO - Filling up the DagBag from /home/airflow/.local/lib/python3.12/site-packages/airflow/example_dags/example_outlet_event_extra.py
[2024-11-18T02:55:26.786+0000] {processor.py:925} INFO - DAG(s) 'dataset_with_extra_by_yield', 'dataset_with_extra_from_classic_operator', 'dataset_with_extra_by_context' retrieved from /home/airflow/.local/lib/python3.12/site-packages/airflow/example_dags/example_outlet_event_extra.py
[2024-11-18T02:55:27.036+0000] {logging_mixin.py:190} INFO - [2024-11-18T02:55:27.036+0000] {dag.py:3229} INFO - Sync 3 DAGs
[2024-11-18T02:55:27.251+0000] {logging_mixin.py:190} INFO - [2024-11-18T02:55:27.240+0000] {dag.py:4156} INFO - Setting next_dagrun for dataset_with_extra_by_context to 2024-11-17 00:00:00+00:00, run_after=2024-11-18 00:00:00+00:00
[2024-11-18T02:55:27.281+0000] {logging_mixin.py:190} INFO - [2024-11-18T02:55:27.281+0000] {dag.py:4156} INFO - Setting next_dagrun for dataset_with_extra_by_yield to 2024-11-17 00:00:00+00:00, run_after=2024-11-18 00:00:00+00:00
[2024-11-18T02:55:27.306+0000] {logging_mixin.py:190} INFO - [2024-11-18T02:55:27.306+0000] {dag.py:4156} INFO - Setting next_dagrun for dataset_with_extra_from_classic_operator to 2024-11-17 00:00:00+00:00, run_after=2024-11-18 00:00:00+00:00
[2024-11-18T02:55:27.606+0000] {processor.py:208} INFO - Processing /home/airflow/.local/lib/python3.12/site-packages/airflow/example_dags/example_outlet_event_extra.py took 3.263 seconds
[2024-11-18T02:55:58.193+0000] {processor.py:186} INFO - Started process (PID=134) to work on /home/airflow/.local/lib/python3.12/site-packages/airflow/example_dags/example_outlet_event_extra.py
[2024-11-18T02:55:58.201+0000] {processor.py:914} INFO - Processing file /home/airflow/.local/lib/python3.12/site-packages/airflow/example_dags/example_outlet_event_extra.py for tasks to queue
[2024-11-18T02:55:58.213+0000] {logging_mixin.py:190} INFO - [2024-11-18T02:55:58.213+0000] {dagbag.py:587} INFO - Filling up the DagBag from /home/airflow/.local/lib/python3.12/site-packages/airflow/example_dags/example_outlet_event_extra.py
[2024-11-18T02:55:58.801+0000] {processor.py:925} INFO - DAG(s) 'dataset_with_extra_by_context', 'dataset_with_extra_by_yield', 'dataset_with_extra_from_classic_operator' retrieved from /home/airflow/.local/lib/python3.12/site-packages/airflow/example_dags/example_outlet_event_extra.py
[2024-11-18T02:55:58.910+0000] {logging_mixin.py:190} INFO - [2024-11-18T02:55:58.910+0000] {dag.py:3229} INFO - Sync 3 DAGs
[2024-11-18T02:55:59.008+0000] {logging_mixin.py:190} INFO - [2024-11-18T02:55:59.005+0000] {dag.py:4156} INFO - Setting next_dagrun for dataset_with_extra_by_context to 2024-11-17 00:00:00+00:00, run_after=2024-11-18 00:00:00+00:00
[2024-11-18T02:55:59.023+0000] {logging_mixin.py:190} INFO - [2024-11-18T02:55:59.020+0000] {dag.py:4156} INFO - Setting next_dagrun for dataset_with_extra_by_yield to 2024-11-17 00:00:00+00:00, run_after=2024-11-18 00:00:00+00:00
[2024-11-18T02:55:59.031+0000] {logging_mixin.py:190} INFO - [2024-11-18T02:55:59.031+0000] {dag.py:4156} INFO - Setting next_dagrun for dataset_with_extra_from_classic_operator to 2024-11-17 00:00:00+00:00, run_after=2024-11-18 00:00:00+00:00
[2024-11-18T02:55:59.071+0000] {processor.py:208} INFO - Processing /home/airflow/.local/lib/python3.12/site-packages/airflow/example_dags/example_outlet_event_extra.py took 0.910 seconds
[2024-11-18T02:56:29.204+0000] {processor.py:186} INFO - Started process (PID=196) to work on /home/airflow/.local/lib/python3.12/site-packages/airflow/example_dags/example_outlet_event_extra.py
[2024-11-18T02:56:29.205+0000] {processor.py:914} INFO - Processing file /home/airflow/.local/lib/python3.12/site-packages/airflow/example_dags/example_outlet_event_extra.py for tasks to queue
[2024-11-18T02:56:29.212+0000] {logging_mixin.py:190} INFO - [2024-11-18T02:56:29.212+0000] {dagbag.py:587} INFO - Filling up the DagBag from /home/airflow/.local/lib/python3.12/site-packages/airflow/example_dags/example_outlet_event_extra.py
[2024-11-18T02:56:29.529+0000] {processor.py:925} INFO - DAG(s) 'dataset_with_extra_from_classic_operator', 'dataset_with_extra_by_yield', 'dataset_with_extra_by_context' retrieved from /home/airflow/.local/lib/python3.12/site-packages/airflow/example_dags/example_outlet_event_extra.py
[2024-11-18T02:56:29.577+0000] {logging_mixin.py:190} INFO - [2024-11-18T02:56:29.577+0000] {dag.py:3229} INFO - Sync 3 DAGs
[2024-11-18T02:56:29.627+0000] {logging_mixin.py:190} INFO - [2024-11-18T02:56:29.624+0000] {dag.py:4156} INFO - Setting next_dagrun for dataset_with_extra_by_context to 2024-11-17 00:00:00+00:00, run_after=2024-11-18 00:00:00+00:00
[2024-11-18T02:56:29.635+0000] {logging_mixin.py:190} INFO - [2024-11-18T02:56:29.634+0000] {dag.py:4156} INFO - Setting next_dagrun for dataset_with_extra_by_yield to 2024-11-17 00:00:00+00:00, run_after=2024-11-18 00:00:00+00:00
[2024-11-18T02:56:29.638+0000] {logging_mixin.py:190} INFO - [2024-11-18T02:56:29.638+0000] {dag.py:4156} INFO - Setting next_dagrun for dataset_with_extra_from_classic_operator to 2024-11-17 00:00:00+00:00, run_after=2024-11-18 00:00:00+00:00
[2024-11-18T02:56:29.677+0000] {processor.py:208} INFO - Processing /home/airflow/.local/lib/python3.12/site-packages/airflow/example_dags/example_outlet_event_extra.py took 0.487 seconds
[2024-11-18T02:57:00.189+0000] {processor.py:186} INFO - Started process (PID=257) to work on /home/airflow/.local/lib/python3.12/site-packages/airflow/example_dags/example_outlet_event_extra.py
[2024-11-18T02:57:00.193+0000] {processor.py:914} INFO - Processing file /home/airflow/.local/lib/python3.12/site-packages/airflow/example_dags/example_outlet_event_extra.py for tasks to queue
[2024-11-18T02:57:00.199+0000] {logging_mixin.py:190} INFO - [2024-11-18T02:57:00.199+0000] {dagbag.py:587} INFO - Filling up the DagBag from /home/airflow/.local/lib/python3.12/site-packages/airflow/example_dags/example_outlet_event_extra.py
[2024-11-18T02:57:00.541+0000] {processor.py:925} INFO - DAG(s) 'dataset_with_extra_by_context', 'dataset_with_extra_from_classic_operator', 'dataset_with_extra_by_yield' retrieved from /home/airflow/.local/lib/python3.12/site-packages/airflow/example_dags/example_outlet_event_extra.py
[2024-11-18T02:57:00.605+0000] {logging_mixin.py:190} INFO - [2024-11-18T02:57:00.605+0000] {dag.py:3229} INFO - Sync 3 DAGs
[2024-11-18T02:57:00.663+0000] {logging_mixin.py:190} INFO - [2024-11-18T02:57:00.661+0000] {dag.py:4156} INFO - Setting next_dagrun for dataset_with_extra_by_context to 2024-11-17 00:00:00+00:00, run_after=2024-11-18 00:00:00+00:00
[2024-11-18T02:57:00.674+0000] {logging_mixin.py:190} INFO - [2024-11-18T02:57:00.672+0000] {dag.py:4156} INFO - Setting next_dagrun for dataset_with_extra_by_yield to 2024-11-17 00:00:00+00:00, run_after=2024-11-18 00:00:00+00:00
[2024-11-18T02:57:00.678+0000] {logging_mixin.py:190} INFO - [2024-11-18T02:57:00.678+0000] {dag.py:4156} INFO - Setting next_dagrun for dataset_with_extra_from_classic_operator to 2024-11-17 00:00:00+00:00, run_after=2024-11-18 00:00:00+00:00
[2024-11-18T02:57:00.731+0000] {processor.py:208} INFO - Processing /home/airflow/.local/lib/python3.12/site-packages/airflow/example_dags/example_outlet_event_extra.py took 0.558 seconds
[2024-11-18T02:57:31.216+0000] {processor.py:186} INFO - Started process (PID=319) to work on /home/airflow/.local/lib/python3.12/site-packages/airflow/example_dags/example_outlet_event_extra.py
[2024-11-18T02:57:31.228+0000] {processor.py:914} INFO - Processing file /home/airflow/.local/lib/python3.12/site-packages/airflow/example_dags/example_outlet_event_extra.py for tasks to queue
[2024-11-18T02:57:31.258+0000] {logging_mixin.py:190} INFO - [2024-11-18T02:57:31.258+0000] {dagbag.py:587} INFO - Filling up the DagBag from /home/airflow/.local/lib/python3.12/site-packages/airflow/example_dags/example_outlet_event_extra.py
[2024-11-18T02:57:32.175+0000] {processor.py:925} INFO - DAG(s) 'dataset_with_extra_from_classic_operator', 'dataset_with_extra_by_yield', 'dataset_with_extra_by_context' retrieved from /home/airflow/.local/lib/python3.12/site-packages/airflow/example_dags/example_outlet_event_extra.py
[2024-11-18T02:57:32.344+0000] {logging_mixin.py:190} INFO - [2024-11-18T02:57:32.344+0000] {dag.py:3229} INFO - Sync 3 DAGs
[2024-11-18T02:57:32.507+0000] {logging_mixin.py:190} INFO - [2024-11-18T02:57:32.507+0000] {dag.py:4156} INFO - Setting next_dagrun for dataset_with_extra_by_context to 2024-11-17 00:00:00+00:00, run_after=2024-11-18 00:00:00+00:00
[2024-11-18T02:57:32.538+0000] {logging_mixin.py:190} INFO - [2024-11-18T02:57:32.538+0000] {dag.py:4156} INFO - Setting next_dagrun for dataset_with_extra_by_yield to 2024-11-17 00:00:00+00:00, run_after=2024-11-18 00:00:00+00:00
[2024-11-18T02:57:32.555+0000] {logging_mixin.py:190} INFO - [2024-11-18T02:57:32.555+0000] {dag.py:4156} INFO - Setting next_dagrun for dataset_with_extra_from_classic_operator to 2024-11-17 00:00:00+00:00, run_after=2024-11-18 00:00:00+00:00
[2024-11-18T02:57:32.689+0000] {processor.py:208} INFO - Processing /home/airflow/.local/lib/python3.12/site-packages/airflow/example_dags/example_outlet_event_extra.py took 1.546 seconds
[2024-11-18T02:58:02.861+0000] {processor.py:186} INFO - Started process (PID=383) to work on /home/airflow/.local/lib/python3.12/site-packages/airflow/example_dags/example_outlet_event_extra.py
[2024-11-18T02:58:02.863+0000] {processor.py:914} INFO - Processing file /home/airflow/.local/lib/python3.12/site-packages/airflow/example_dags/example_outlet_event_extra.py for tasks to queue
[2024-11-18T02:58:02.865+0000] {logging_mixin.py:190} INFO - [2024-11-18T02:58:02.865+0000] {dagbag.py:587} INFO - Filling up the DagBag from /home/airflow/.local/lib/python3.12/site-packages/airflow/example_dags/example_outlet_event_extra.py
[2024-11-18T02:58:03.012+0000] {processor.py:925} INFO - DAG(s) 'dataset_with_extra_by_yield', 'dataset_with_extra_by_context', 'dataset_with_extra_from_classic_operator' retrieved from /home/airflow/.local/lib/python3.12/site-packages/airflow/example_dags/example_outlet_event_extra.py
[2024-11-18T02:58:03.036+0000] {logging_mixin.py:190} INFO - [2024-11-18T02:58:03.035+0000] {dag.py:3229} INFO - Sync 3 DAGs
[2024-11-18T02:58:03.060+0000] {logging_mixin.py:190} INFO - [2024-11-18T02:58:03.059+0000] {dag.py:4156} INFO - Setting next_dagrun for dataset_with_extra_by_context to 2024-11-17 00:00:00+00:00, run_after=2024-11-18 00:00:00+00:00
[2024-11-18T02:58:03.064+0000] {logging_mixin.py:190} INFO - [2024-11-18T02:58:03.064+0000] {dag.py:4156} INFO - Setting next_dagrun for dataset_with_extra_by_yield to 2024-11-17 00:00:00+00:00, run_after=2024-11-18 00:00:00+00:00
[2024-11-18T02:58:03.066+0000] {logging_mixin.py:190} INFO - [2024-11-18T02:58:03.066+0000] {dag.py:4156} INFO - Setting next_dagrun for dataset_with_extra_from_classic_operator to 2024-11-17 00:00:00+00:00, run_after=2024-11-18 00:00:00+00:00
[2024-11-18T02:58:03.087+0000] {processor.py:208} INFO - Processing /home/airflow/.local/lib/python3.12/site-packages/airflow/example_dags/example_outlet_event_extra.py took 0.232 seconds
[2024-11-18T02:58:33.552+0000] {processor.py:186} INFO - Started process (PID=444) to work on /home/airflow/.local/lib/python3.12/site-packages/airflow/example_dags/example_outlet_event_extra.py
[2024-11-18T02:58:33.555+0000] {processor.py:914} INFO - Processing file /home/airflow/.local/lib/python3.12/site-packages/airflow/example_dags/example_outlet_event_extra.py for tasks to queue
[2024-11-18T02:58:33.561+0000] {logging_mixin.py:190} INFO - [2024-11-18T02:58:33.561+0000] {dagbag.py:587} INFO - Filling up the DagBag from /home/airflow/.local/lib/python3.12/site-packages/airflow/example_dags/example_outlet_event_extra.py
[2024-11-18T02:58:33.883+0000] {processor.py:925} INFO - DAG(s) 'dataset_with_extra_from_classic_operator', 'dataset_with_extra_by_context', 'dataset_with_extra_by_yield' retrieved from /home/airflow/.local/lib/python3.12/site-packages/airflow/example_dags/example_outlet_event_extra.py
[2024-11-18T02:58:33.947+0000] {logging_mixin.py:190} INFO - [2024-11-18T02:58:33.947+0000] {dag.py:3229} INFO - Sync 3 DAGs
[2024-11-18T02:58:34.059+0000] {logging_mixin.py:190} INFO - [2024-11-18T02:58:34.059+0000] {dag.py:4156} INFO - Setting next_dagrun for dataset_with_extra_by_context to 2024-11-17 00:00:00+00:00, run_after=2024-11-18 00:00:00+00:00
[2024-11-18T02:58:34.071+0000] {logging_mixin.py:190} INFO - [2024-11-18T02:58:34.071+0000] {dag.py:4156} INFO - Setting next_dagrun for dataset_with_extra_by_yield to 2024-11-17 00:00:00+00:00, run_after=2024-11-18 00:00:00+00:00
[2024-11-18T02:58:34.075+0000] {logging_mixin.py:190} INFO - [2024-11-18T02:58:34.075+0000] {dag.py:4156} INFO - Setting next_dagrun for dataset_with_extra_from_classic_operator to 2024-11-17 00:00:00+00:00, run_after=2024-11-18 00:00:00+00:00
[2024-11-18T02:58:34.119+0000] {processor.py:208} INFO - Processing /home/airflow/.local/lib/python3.12/site-packages/airflow/example_dags/example_outlet_event_extra.py took 0.580 seconds
[2024-11-18T02:59:04.233+0000] {processor.py:186} INFO - Started process (PID=508) to work on /home/airflow/.local/lib/python3.12/site-packages/airflow/example_dags/example_outlet_event_extra.py
[2024-11-18T02:59:04.235+0000] {processor.py:914} INFO - Processing file /home/airflow/.local/lib/python3.12/site-packages/airflow/example_dags/example_outlet_event_extra.py for tasks to queue
[2024-11-18T02:59:04.237+0000] {logging_mixin.py:190} INFO - [2024-11-18T02:59:04.237+0000] {dagbag.py:587} INFO - Filling up the DagBag from /home/airflow/.local/lib/python3.12/site-packages/airflow/example_dags/example_outlet_event_extra.py
[2024-11-18T02:59:04.372+0000] {processor.py:925} INFO - DAG(s) 'dataset_with_extra_from_classic_operator', 'dataset_with_extra_by_context', 'dataset_with_extra_by_yield' retrieved from /home/airflow/.local/lib/python3.12/site-packages/airflow/example_dags/example_outlet_event_extra.py
[2024-11-18T02:59:04.400+0000] {logging_mixin.py:190} INFO - [2024-11-18T02:59:04.400+0000] {dag.py:3229} INFO - Sync 3 DAGs
[2024-11-18T02:59:04.425+0000] {logging_mixin.py:190} INFO - [2024-11-18T02:59:04.424+0000] {dag.py:4156} INFO - Setting next_dagrun for dataset_with_extra_by_context to 2024-11-17 00:00:00+00:00, run_after=2024-11-18 00:00:00+00:00
[2024-11-18T02:59:04.429+0000] {logging_mixin.py:190} INFO - [2024-11-18T02:59:04.429+0000] {dag.py:4156} INFO - Setting next_dagrun for dataset_with_extra_by_yield to 2024-11-17 00:00:00+00:00, run_after=2024-11-18 00:00:00+00:00
[2024-11-18T02:59:04.431+0000] {logging_mixin.py:190} INFO - [2024-11-18T02:59:04.431+0000] {dag.py:4156} INFO - Setting next_dagrun for dataset_with_extra_from_classic_operator to 2024-11-17 00:00:00+00:00, run_after=2024-11-18 00:00:00+00:00
[2024-11-18T02:59:04.449+0000] {processor.py:208} INFO - Processing /home/airflow/.local/lib/python3.12/site-packages/airflow/example_dags/example_outlet_event_extra.py took 0.223 seconds
[2024-11-18T02:59:35.009+0000] {processor.py:186} INFO - Started process (PID=567) to work on /home/airflow/.local/lib/python3.12/site-packages/airflow/example_dags/example_outlet_event_extra.py
[2024-11-18T02:59:35.012+0000] {processor.py:914} INFO - Processing file /home/airflow/.local/lib/python3.12/site-packages/airflow/example_dags/example_outlet_event_extra.py for tasks to queue
[2024-11-18T02:59:35.015+0000] {logging_mixin.py:190} INFO - [2024-11-18T02:59:35.015+0000] {dagbag.py:587} INFO - Filling up the DagBag from /home/airflow/.local/lib/python3.12/site-packages/airflow/example_dags/example_outlet_event_extra.py
[2024-11-18T02:59:35.319+0000] {processor.py:925} INFO - DAG(s) 'dataset_with_extra_by_yield', 'dataset_with_extra_by_context', 'dataset_with_extra_from_classic_operator' retrieved from /home/airflow/.local/lib/python3.12/site-packages/airflow/example_dags/example_outlet_event_extra.py
[2024-11-18T02:59:35.365+0000] {logging_mixin.py:190} INFO - [2024-11-18T02:59:35.365+0000] {dag.py:3229} INFO - Sync 3 DAGs
[2024-11-18T02:59:35.423+0000] {logging_mixin.py:190} INFO - [2024-11-18T02:59:35.421+0000] {dag.py:4156} INFO - Setting next_dagrun for dataset_with_extra_by_context to 2024-11-17 00:00:00+00:00, run_after=2024-11-18 00:00:00+00:00
[2024-11-18T02:59:35.430+0000] {logging_mixin.py:190} INFO - [2024-11-18T02:59:35.430+0000] {dag.py:4156} INFO - Setting next_dagrun for dataset_with_extra_by_yield to 2024-11-17 00:00:00+00:00, run_after=2024-11-18 00:00:00+00:00
[2024-11-18T02:59:35.435+0000] {logging_mixin.py:190} INFO - [2024-11-18T02:59:35.435+0000] {dag.py:4156} INFO - Setting next_dagrun for dataset_with_extra_from_classic_operator to 2024-11-17 00:00:00+00:00, run_after=2024-11-18 00:00:00+00:00
[2024-11-18T02:59:35.469+0000] {processor.py:208} INFO - Processing /home/airflow/.local/lib/python3.12/site-packages/airflow/example_dags/example_outlet_event_extra.py took 0.474 seconds
[2024-11-18T03:00:05.691+0000] {processor.py:186} INFO - Started process (PID=630) to work on /home/airflow/.local/lib/python3.12/site-packages/airflow/example_dags/example_outlet_event_extra.py
[2024-11-18T03:00:05.702+0000] {processor.py:914} INFO - Processing file /home/airflow/.local/lib/python3.12/site-packages/airflow/example_dags/example_outlet_event_extra.py for tasks to queue
[2024-11-18T03:00:05.720+0000] {logging_mixin.py:190} INFO - [2024-11-18T03:00:05.714+0000] {dagbag.py:587} INFO - Filling up the DagBag from /home/airflow/.local/lib/python3.12/site-packages/airflow/example_dags/example_outlet_event_extra.py
[2024-11-18T03:00:06.665+0000] {processor.py:925} INFO - DAG(s) 'dataset_with_extra_by_yield', 'dataset_with_extra_by_context', 'dataset_with_extra_from_classic_operator' retrieved from /home/airflow/.local/lib/python3.12/site-packages/airflow/example_dags/example_outlet_event_extra.py
[2024-11-18T03:00:06.851+0000] {logging_mixin.py:190} INFO - [2024-11-18T03:00:06.851+0000] {dag.py:3229} INFO - Sync 3 DAGs
[2024-11-18T03:00:06.992+0000] {logging_mixin.py:190} INFO - [2024-11-18T03:00:06.984+0000] {dag.py:4156} INFO - Setting next_dagrun for dataset_with_extra_by_context to 2024-11-17 00:00:00+00:00, run_after=2024-11-18 00:00:00+00:00
[2024-11-18T03:00:07.022+0000] {logging_mixin.py:190} INFO - [2024-11-18T03:00:07.022+0000] {dag.py:4156} INFO - Setting next_dagrun for dataset_with_extra_by_yield to 2024-11-17 00:00:00+00:00, run_after=2024-11-18 00:00:00+00:00
[2024-11-18T03:00:07.042+0000] {logging_mixin.py:190} INFO - [2024-11-18T03:00:07.042+0000] {dag.py:4156} INFO - Setting next_dagrun for dataset_with_extra_from_classic_operator to 2024-11-17 00:00:00+00:00, run_after=2024-11-18 00:00:00+00:00
[2024-11-18T03:00:07.175+0000] {processor.py:208} INFO - Processing /home/airflow/.local/lib/python3.12/site-packages/airflow/example_dags/example_outlet_event_extra.py took 1.522 seconds
[2024-11-18T03:00:37.729+0000] {processor.py:186} INFO - Started process (PID=692) to work on /home/airflow/.local/lib/python3.12/site-packages/airflow/example_dags/example_outlet_event_extra.py
[2024-11-18T03:00:37.732+0000] {processor.py:914} INFO - Processing file /home/airflow/.local/lib/python3.12/site-packages/airflow/example_dags/example_outlet_event_extra.py for tasks to queue
[2024-11-18T03:00:37.739+0000] {logging_mixin.py:190} INFO - [2024-11-18T03:00:37.737+0000] {dagbag.py:587} INFO - Filling up the DagBag from /home/airflow/.local/lib/python3.12/site-packages/airflow/example_dags/example_outlet_event_extra.py
[2024-11-18T03:00:38.110+0000] {processor.py:925} INFO - DAG(s) 'dataset_with_extra_by_context', 'dataset_with_extra_from_classic_operator', 'dataset_with_extra_by_yield' retrieved from /home/airflow/.local/lib/python3.12/site-packages/airflow/example_dags/example_outlet_event_extra.py
[2024-11-18T03:00:38.156+0000] {logging_mixin.py:190} INFO - [2024-11-18T03:00:38.156+0000] {dag.py:3229} INFO - Sync 3 DAGs
[2024-11-18T03:00:38.206+0000] {logging_mixin.py:190} INFO - [2024-11-18T03:00:38.206+0000] {dag.py:4156} INFO - Setting next_dagrun for dataset_with_extra_by_context to 2024-11-17 00:00:00+00:00, run_after=2024-11-18 00:00:00+00:00
[2024-11-18T03:00:38.216+0000] {logging_mixin.py:190} INFO - [2024-11-18T03:00:38.216+0000] {dag.py:4156} INFO - Setting next_dagrun for dataset_with_extra_by_yield to 2024-11-17 00:00:00+00:00, run_after=2024-11-18 00:00:00+00:00
[2024-11-18T03:00:38.222+0000] {logging_mixin.py:190} INFO - [2024-11-18T03:00:38.222+0000] {dag.py:4156} INFO - Setting next_dagrun for dataset_with_extra_from_classic_operator to 2024-11-17 00:00:00+00:00, run_after=2024-11-18 00:00:00+00:00
[2024-11-18T03:00:38.263+0000] {processor.py:208} INFO - Processing /home/airflow/.local/lib/python3.12/site-packages/airflow/example_dags/example_outlet_event_extra.py took 0.547 seconds
[2024-11-18T03:01:08.423+0000] {processor.py:186} INFO - Started process (PID=755) to work on /home/airflow/.local/lib/python3.12/site-packages/airflow/example_dags/example_outlet_event_extra.py
[2024-11-18T03:01:08.426+0000] {processor.py:914} INFO - Processing file /home/airflow/.local/lib/python3.12/site-packages/airflow/example_dags/example_outlet_event_extra.py for tasks to queue
[2024-11-18T03:01:08.432+0000] {logging_mixin.py:190} INFO - [2024-11-18T03:01:08.432+0000] {dagbag.py:587} INFO - Filling up the DagBag from /home/airflow/.local/lib/python3.12/site-packages/airflow/example_dags/example_outlet_event_extra.py
[2024-11-18T03:01:08.739+0000] {processor.py:925} INFO - DAG(s) 'dataset_with_extra_by_yield', 'dataset_with_extra_by_context', 'dataset_with_extra_from_classic_operator' retrieved from /home/airflow/.local/lib/python3.12/site-packages/airflow/example_dags/example_outlet_event_extra.py
[2024-11-18T03:01:08.798+0000] {logging_mixin.py:190} INFO - [2024-11-18T03:01:08.798+0000] {dag.py:3229} INFO - Sync 3 DAGs
[2024-11-18T03:01:08.849+0000] {logging_mixin.py:190} INFO - [2024-11-18T03:01:08.847+0000] {dag.py:4156} INFO - Setting next_dagrun for dataset_with_extra_by_context to 2024-11-17 00:00:00+00:00, run_after=2024-11-18 00:00:00+00:00
[2024-11-18T03:01:08.857+0000] {logging_mixin.py:190} INFO - [2024-11-18T03:01:08.857+0000] {dag.py:4156} INFO - Setting next_dagrun for dataset_with_extra_by_yield to 2024-11-17 00:00:00+00:00, run_after=2024-11-18 00:00:00+00:00
[2024-11-18T03:01:08.864+0000] {logging_mixin.py:190} INFO - [2024-11-18T03:01:08.864+0000] {dag.py:4156} INFO - Setting next_dagrun for dataset_with_extra_from_classic_operator to 2024-11-17 00:00:00+00:00, run_after=2024-11-18 00:00:00+00:00
[2024-11-18T03:01:08.903+0000] {processor.py:208} INFO - Processing /home/airflow/.local/lib/python3.12/site-packages/airflow/example_dags/example_outlet_event_extra.py took 0.493 seconds
[2024-11-18T03:01:39.416+0000] {processor.py:186} INFO - Started process (PID=817) to work on /home/airflow/.local/lib/python3.12/site-packages/airflow/example_dags/example_outlet_event_extra.py
[2024-11-18T03:01:39.422+0000] {processor.py:914} INFO - Processing file /home/airflow/.local/lib/python3.12/site-packages/airflow/example_dags/example_outlet_event_extra.py for tasks to queue
[2024-11-18T03:01:39.428+0000] {logging_mixin.py:190} INFO - [2024-11-18T03:01:39.427+0000] {dagbag.py:587} INFO - Filling up the DagBag from /home/airflow/.local/lib/python3.12/site-packages/airflow/example_dags/example_outlet_event_extra.py
[2024-11-18T03:01:39.743+0000] {processor.py:925} INFO - DAG(s) 'dataset_with_extra_by_yield', 'dataset_with_extra_by_context', 'dataset_with_extra_from_classic_operator' retrieved from /home/airflow/.local/lib/python3.12/site-packages/airflow/example_dags/example_outlet_event_extra.py
[2024-11-18T03:01:39.794+0000] {logging_mixin.py:190} INFO - [2024-11-18T03:01:39.794+0000] {dag.py:3229} INFO - Sync 3 DAGs
[2024-11-18T03:01:39.845+0000] {logging_mixin.py:190} INFO - [2024-11-18T03:01:39.845+0000] {dag.py:4156} INFO - Setting next_dagrun for dataset_with_extra_by_context to 2024-11-17 00:00:00+00:00, run_after=2024-11-18 00:00:00+00:00
[2024-11-18T03:01:39.853+0000] {logging_mixin.py:190} INFO - [2024-11-18T03:01:39.853+0000] {dag.py:4156} INFO - Setting next_dagrun for dataset_with_extra_by_yield to 2024-11-17 00:00:00+00:00, run_after=2024-11-18 00:00:00+00:00
[2024-11-18T03:01:39.860+0000] {logging_mixin.py:190} INFO - [2024-11-18T03:01:39.860+0000] {dag.py:4156} INFO - Setting next_dagrun for dataset_with_extra_from_classic_operator to 2024-11-17 00:00:00+00:00, run_after=2024-11-18 00:00:00+00:00
[2024-11-18T03:01:39.894+0000] {processor.py:208} INFO - Processing /home/airflow/.local/lib/python3.12/site-packages/airflow/example_dags/example_outlet_event_extra.py took 0.492 seconds
[2024-11-18T03:02:10.039+0000] {processor.py:186} INFO - Started process (PID=881) to work on /home/airflow/.local/lib/python3.12/site-packages/airflow/example_dags/example_outlet_event_extra.py
[2024-11-18T03:02:10.043+0000] {processor.py:914} INFO - Processing file /home/airflow/.local/lib/python3.12/site-packages/airflow/example_dags/example_outlet_event_extra.py for tasks to queue
[2024-11-18T03:02:10.047+0000] {logging_mixin.py:190} INFO - [2024-11-18T03:02:10.047+0000] {dagbag.py:587} INFO - Filling up the DagBag from /home/airflow/.local/lib/python3.12/site-packages/airflow/example_dags/example_outlet_event_extra.py
[2024-11-18T03:02:10.283+0000] {processor.py:925} INFO - DAG(s) 'dataset_with_extra_by_context', 'dataset_with_extra_from_classic_operator', 'dataset_with_extra_by_yield' retrieved from /home/airflow/.local/lib/python3.12/site-packages/airflow/example_dags/example_outlet_event_extra.py
[2024-11-18T03:02:10.306+0000] {logging_mixin.py:190} INFO - [2024-11-18T03:02:10.306+0000] {dag.py:3229} INFO - Sync 3 DAGs
[2024-11-18T03:02:10.338+0000] {logging_mixin.py:190} INFO - [2024-11-18T03:02:10.338+0000] {dag.py:4156} INFO - Setting next_dagrun for dataset_with_extra_by_context to 2024-11-17 00:00:00+00:00, run_after=2024-11-18 00:00:00+00:00
[2024-11-18T03:02:10.342+0000] {logging_mixin.py:190} INFO - [2024-11-18T03:02:10.342+0000] {dag.py:4156} INFO - Setting next_dagrun for dataset_with_extra_by_yield to 2024-11-17 00:00:00+00:00, run_after=2024-11-18 00:00:00+00:00
[2024-11-18T03:02:10.344+0000] {logging_mixin.py:190} INFO - [2024-11-18T03:02:10.344+0000] {dag.py:4156} INFO - Setting next_dagrun for dataset_with_extra_from_classic_operator to 2024-11-17 00:00:00+00:00, run_after=2024-11-18 00:00:00+00:00
[2024-11-18T03:02:10.362+0000] {processor.py:208} INFO - Processing /home/airflow/.local/lib/python3.12/site-packages/airflow/example_dags/example_outlet_event_extra.py took 0.336 seconds
[2024-11-18T03:02:40.429+0000] {processor.py:186} INFO - Started process (PID=943) to work on /home/airflow/.local/lib/python3.12/site-packages/airflow/example_dags/example_outlet_event_extra.py
[2024-11-18T03:02:40.431+0000] {processor.py:914} INFO - Processing file /home/airflow/.local/lib/python3.12/site-packages/airflow/example_dags/example_outlet_event_extra.py for tasks to queue
[2024-11-18T03:02:40.433+0000] {logging_mixin.py:190} INFO - [2024-11-18T03:02:40.433+0000] {dagbag.py:587} INFO - Filling up the DagBag from /home/airflow/.local/lib/python3.12/site-packages/airflow/example_dags/example_outlet_event_extra.py
[2024-11-18T03:02:40.571+0000] {processor.py:925} INFO - DAG(s) 'dataset_with_extra_by_yield', 'dataset_with_extra_by_context', 'dataset_with_extra_from_classic_operator' retrieved from /home/airflow/.local/lib/python3.12/site-packages/airflow/example_dags/example_outlet_event_extra.py
[2024-11-18T03:02:40.597+0000] {logging_mixin.py:190} INFO - [2024-11-18T03:02:40.596+0000] {dag.py:3229} INFO - Sync 3 DAGs
[2024-11-18T03:02:40.629+0000] {logging_mixin.py:190} INFO - [2024-11-18T03:02:40.629+0000] {dag.py:4156} INFO - Setting next_dagrun for dataset_with_extra_by_context to 2024-11-17 00:00:00+00:00, run_after=2024-11-18 00:00:00+00:00
[2024-11-18T03:02:40.634+0000] {logging_mixin.py:190} INFO - [2024-11-18T03:02:40.633+0000] {dag.py:4156} INFO - Setting next_dagrun for dataset_with_extra_by_yield to 2024-11-17 00:00:00+00:00, run_after=2024-11-18 00:00:00+00:00
[2024-11-18T03:02:40.636+0000] {logging_mixin.py:190} INFO - [2024-11-18T03:02:40.636+0000] {dag.py:4156} INFO - Setting next_dagrun for dataset_with_extra_from_classic_operator to 2024-11-17 00:00:00+00:00, run_after=2024-11-18 00:00:00+00:00
[2024-11-18T03:02:40.653+0000] {processor.py:208} INFO - Processing /home/airflow/.local/lib/python3.12/site-packages/airflow/example_dags/example_outlet_event_extra.py took 0.230 seconds
[2024-11-18T03:03:11.459+0000] {processor.py:186} INFO - Started process (PID=1005) to work on /home/airflow/.local/lib/python3.12/site-packages/airflow/example_dags/example_outlet_event_extra.py
[2024-11-18T03:03:11.465+0000] {processor.py:914} INFO - Processing file /home/airflow/.local/lib/python3.12/site-packages/airflow/example_dags/example_outlet_event_extra.py for tasks to queue
[2024-11-18T03:03:11.474+0000] {logging_mixin.py:190} INFO - [2024-11-18T03:03:11.474+0000] {dagbag.py:587} INFO - Filling up the DagBag from /home/airflow/.local/lib/python3.12/site-packages/airflow/example_dags/example_outlet_event_extra.py
[2024-11-18T03:03:12.063+0000] {processor.py:925} INFO - DAG(s) 'dataset_with_extra_by_context', 'dataset_with_extra_by_yield', 'dataset_with_extra_from_classic_operator' retrieved from /home/airflow/.local/lib/python3.12/site-packages/airflow/example_dags/example_outlet_event_extra.py
[2024-11-18T03:03:12.159+0000] {logging_mixin.py:190} INFO - [2024-11-18T03:03:12.159+0000] {dag.py:3229} INFO - Sync 3 DAGs
[2024-11-18T03:03:12.258+0000] {logging_mixin.py:190} INFO - [2024-11-18T03:03:12.254+0000] {dag.py:4156} INFO - Setting next_dagrun for dataset_with_extra_by_context to 2024-11-17 00:00:00+00:00, run_after=2024-11-18 00:00:00+00:00
[2024-11-18T03:03:12.273+0000] {logging_mixin.py:190} INFO - [2024-11-18T03:03:12.273+0000] {dag.py:4156} INFO - Setting next_dagrun for dataset_with_extra_by_yield to 2024-11-17 00:00:00+00:00, run_after=2024-11-18 00:00:00+00:00
[2024-11-18T03:03:12.281+0000] {logging_mixin.py:190} INFO - [2024-11-18T03:03:12.281+0000] {dag.py:4156} INFO - Setting next_dagrun for dataset_with_extra_from_classic_operator to 2024-11-17 00:00:00+00:00, run_after=2024-11-18 00:00:00+00:00
[2024-11-18T03:03:12.366+0000] {processor.py:208} INFO - Processing /home/airflow/.local/lib/python3.12/site-packages/airflow/example_dags/example_outlet_event_extra.py took 0.929 seconds
[2024-11-18T03:03:42.524+0000] {processor.py:186} INFO - Started process (PID=1066) to work on /home/airflow/.local/lib/python3.12/site-packages/airflow/example_dags/example_outlet_event_extra.py
[2024-11-18T03:03:42.531+0000] {processor.py:914} INFO - Processing file /home/airflow/.local/lib/python3.12/site-packages/airflow/example_dags/example_outlet_event_extra.py for tasks to queue
[2024-11-18T03:03:42.539+0000] {logging_mixin.py:190} INFO - [2024-11-18T03:03:42.539+0000] {dagbag.py:587} INFO - Filling up the DagBag from /home/airflow/.local/lib/python3.12/site-packages/airflow/example_dags/example_outlet_event_extra.py
[2024-11-18T03:03:43.131+0000] {processor.py:925} INFO - DAG(s) 'dataset_with_extra_from_classic_operator', 'dataset_with_extra_by_yield', 'dataset_with_extra_by_context' retrieved from /home/airflow/.local/lib/python3.12/site-packages/airflow/example_dags/example_outlet_event_extra.py
[2024-11-18T03:03:43.237+0000] {logging_mixin.py:190} INFO - [2024-11-18T03:03:43.237+0000] {dag.py:3229} INFO - Sync 3 DAGs
[2024-11-18T03:03:43.325+0000] {logging_mixin.py:190} INFO - [2024-11-18T03:03:43.322+0000] {dag.py:4156} INFO - Setting next_dagrun for dataset_with_extra_by_context to 2024-11-17 00:00:00+00:00, run_after=2024-11-18 00:00:00+00:00
[2024-11-18T03:03:43.339+0000] {logging_mixin.py:190} INFO - [2024-11-18T03:03:43.339+0000] {dag.py:4156} INFO - Setting next_dagrun for dataset_with_extra_by_yield to 2024-11-17 00:00:00+00:00, run_after=2024-11-18 00:00:00+00:00
[2024-11-18T03:03:43.348+0000] {logging_mixin.py:190} INFO - [2024-11-18T03:03:43.348+0000] {dag.py:4156} INFO - Setting next_dagrun for dataset_with_extra_from_classic_operator to 2024-11-17 00:00:00+00:00, run_after=2024-11-18 00:00:00+00:00
[2024-11-18T03:03:43.424+0000] {processor.py:208} INFO - Processing /home/airflow/.local/lib/python3.12/site-packages/airflow/example_dags/example_outlet_event_extra.py took 0.926 seconds
[2024-11-18T03:04:13.492+0000] {processor.py:186} INFO - Started process (PID=1130) to work on /home/airflow/.local/lib/python3.12/site-packages/airflow/example_dags/example_outlet_event_extra.py
[2024-11-18T03:04:13.493+0000] {processor.py:914} INFO - Processing file /home/airflow/.local/lib/python3.12/site-packages/airflow/example_dags/example_outlet_event_extra.py for tasks to queue
[2024-11-18T03:04:13.496+0000] {logging_mixin.py:190} INFO - [2024-11-18T03:04:13.496+0000] {dagbag.py:587} INFO - Filling up the DagBag from /home/airflow/.local/lib/python3.12/site-packages/airflow/example_dags/example_outlet_event_extra.py
[2024-11-18T03:04:13.632+0000] {processor.py:925} INFO - DAG(s) 'dataset_with_extra_by_yield', 'dataset_with_extra_by_context', 'dataset_with_extra_from_classic_operator' retrieved from /home/airflow/.local/lib/python3.12/site-packages/airflow/example_dags/example_outlet_event_extra.py
[2024-11-18T03:04:13.655+0000] {logging_mixin.py:190} INFO - [2024-11-18T03:04:13.654+0000] {dag.py:3229} INFO - Sync 3 DAGs
[2024-11-18T03:04:13.679+0000] {logging_mixin.py:190} INFO - [2024-11-18T03:04:13.679+0000] {dag.py:4156} INFO - Setting next_dagrun for dataset_with_extra_by_context to 2024-11-17 00:00:00+00:00, run_after=2024-11-18 00:00:00+00:00
[2024-11-18T03:04:13.683+0000] {logging_mixin.py:190} INFO - [2024-11-18T03:04:13.683+0000] {dag.py:4156} INFO - Setting next_dagrun for dataset_with_extra_by_yield to 2024-11-17 00:00:00+00:00, run_after=2024-11-18 00:00:00+00:00
[2024-11-18T03:04:13.685+0000] {logging_mixin.py:190} INFO - [2024-11-18T03:04:13.685+0000] {dag.py:4156} INFO - Setting next_dagrun for dataset_with_extra_from_classic_operator to 2024-11-17 00:00:00+00:00, run_after=2024-11-18 00:00:00+00:00
[2024-11-18T03:04:13.703+0000] {processor.py:208} INFO - Processing /home/airflow/.local/lib/python3.12/site-packages/airflow/example_dags/example_outlet_event_extra.py took 0.217 seconds
[2024-11-18T03:04:44.002+0000] {processor.py:186} INFO - Started process (PID=1192) to work on /home/airflow/.local/lib/python3.12/site-packages/airflow/example_dags/example_outlet_event_extra.py
[2024-11-18T03:04:44.003+0000] {processor.py:914} INFO - Processing file /home/airflow/.local/lib/python3.12/site-packages/airflow/example_dags/example_outlet_event_extra.py for tasks to queue
[2024-11-18T03:04:44.006+0000] {logging_mixin.py:190} INFO - [2024-11-18T03:04:44.005+0000] {dagbag.py:587} INFO - Filling up the DagBag from /home/airflow/.local/lib/python3.12/site-packages/airflow/example_dags/example_outlet_event_extra.py
[2024-11-18T03:04:44.152+0000] {processor.py:925} INFO - DAG(s) 'dataset_with_extra_by_yield', 'dataset_with_extra_by_context', 'dataset_with_extra_from_classic_operator' retrieved from /home/airflow/.local/lib/python3.12/site-packages/airflow/example_dags/example_outlet_event_extra.py
[2024-11-18T03:04:44.176+0000] {logging_mixin.py:190} INFO - [2024-11-18T03:04:44.176+0000] {dag.py:3229} INFO - Sync 3 DAGs
[2024-11-18T03:04:44.201+0000] {logging_mixin.py:190} INFO - [2024-11-18T03:04:44.201+0000] {dag.py:4156} INFO - Setting next_dagrun for dataset_with_extra_by_context to 2024-11-17 00:00:00+00:00, run_after=2024-11-18 00:00:00+00:00
[2024-11-18T03:04:44.206+0000] {logging_mixin.py:190} INFO - [2024-11-18T03:04:44.206+0000] {dag.py:4156} INFO - Setting next_dagrun for dataset_with_extra_by_yield to 2024-11-17 00:00:00+00:00, run_after=2024-11-18 00:00:00+00:00
[2024-11-18T03:04:44.208+0000] {logging_mixin.py:190} INFO - [2024-11-18T03:04:44.208+0000] {dag.py:4156} INFO - Setting next_dagrun for dataset_with_extra_from_classic_operator to 2024-11-17 00:00:00+00:00, run_after=2024-11-18 00:00:00+00:00
[2024-11-18T03:04:44.226+0000] {processor.py:208} INFO - Processing /home/airflow/.local/lib/python3.12/site-packages/airflow/example_dags/example_outlet_event_extra.py took 0.231 seconds
[2024-11-18T03:05:14.391+0000] {processor.py:186} INFO - Started process (PID=1254) to work on /home/airflow/.local/lib/python3.12/site-packages/airflow/example_dags/example_outlet_event_extra.py
[2024-11-18T03:05:14.392+0000] {processor.py:914} INFO - Processing file /home/airflow/.local/lib/python3.12/site-packages/airflow/example_dags/example_outlet_event_extra.py for tasks to queue
[2024-11-18T03:05:14.394+0000] {logging_mixin.py:190} INFO - [2024-11-18T03:05:14.394+0000] {dagbag.py:587} INFO - Filling up the DagBag from /home/airflow/.local/lib/python3.12/site-packages/airflow/example_dags/example_outlet_event_extra.py
[2024-11-18T03:05:14.535+0000] {processor.py:925} INFO - DAG(s) 'dataset_with_extra_by_yield', 'dataset_with_extra_from_classic_operator', 'dataset_with_extra_by_context' retrieved from /home/airflow/.local/lib/python3.12/site-packages/airflow/example_dags/example_outlet_event_extra.py
[2024-11-18T03:05:14.563+0000] {logging_mixin.py:190} INFO - [2024-11-18T03:05:14.563+0000] {dag.py:3229} INFO - Sync 3 DAGs
[2024-11-18T03:05:14.587+0000] {logging_mixin.py:190} INFO - [2024-11-18T03:05:14.587+0000] {dag.py:4156} INFO - Setting next_dagrun for dataset_with_extra_by_context to 2024-11-17 00:00:00+00:00, run_after=2024-11-18 00:00:00+00:00
[2024-11-18T03:05:14.592+0000] {logging_mixin.py:190} INFO - [2024-11-18T03:05:14.591+0000] {dag.py:4156} INFO - Setting next_dagrun for dataset_with_extra_by_yield to 2024-11-17 00:00:00+00:00, run_after=2024-11-18 00:00:00+00:00
[2024-11-18T03:05:14.594+0000] {logging_mixin.py:190} INFO - [2024-11-18T03:05:14.594+0000] {dag.py:4156} INFO - Setting next_dagrun for dataset_with_extra_from_classic_operator to 2024-11-17 00:00:00+00:00, run_after=2024-11-18 00:00:00+00:00
[2024-11-18T03:05:14.615+0000] {processor.py:208} INFO - Processing /home/airflow/.local/lib/python3.12/site-packages/airflow/example_dags/example_outlet_event_extra.py took 0.230 seconds
[2024-11-18T03:05:44.708+0000] {processor.py:186} INFO - Started process (PID=1316) to work on /home/airflow/.local/lib/python3.12/site-packages/airflow/example_dags/example_outlet_event_extra.py
[2024-11-18T03:05:44.710+0000] {processor.py:914} INFO - Processing file /home/airflow/.local/lib/python3.12/site-packages/airflow/example_dags/example_outlet_event_extra.py for tasks to queue
[2024-11-18T03:05:44.712+0000] {logging_mixin.py:190} INFO - [2024-11-18T03:05:44.712+0000] {dagbag.py:587} INFO - Filling up the DagBag from /home/airflow/.local/lib/python3.12/site-packages/airflow/example_dags/example_outlet_event_extra.py
[2024-11-18T03:05:44.861+0000] {processor.py:925} INFO - DAG(s) 'dataset_with_extra_by_context', 'dataset_with_extra_by_yield', 'dataset_with_extra_from_classic_operator' retrieved from /home/airflow/.local/lib/python3.12/site-packages/airflow/example_dags/example_outlet_event_extra.py
[2024-11-18T03:05:44.885+0000] {logging_mixin.py:190} INFO - [2024-11-18T03:05:44.885+0000] {dag.py:3229} INFO - Sync 3 DAGs
[2024-11-18T03:05:44.909+0000] {logging_mixin.py:190} INFO - [2024-11-18T03:05:44.908+0000] {dag.py:4156} INFO - Setting next_dagrun for dataset_with_extra_by_context to 2024-11-17 00:00:00+00:00, run_after=2024-11-18 00:00:00+00:00
[2024-11-18T03:05:44.913+0000] {logging_mixin.py:190} INFO - [2024-11-18T03:05:44.913+0000] {dag.py:4156} INFO - Setting next_dagrun for dataset_with_extra_by_yield to 2024-11-17 00:00:00+00:00, run_after=2024-11-18 00:00:00+00:00
[2024-11-18T03:05:44.915+0000] {logging_mixin.py:190} INFO - [2024-11-18T03:05:44.915+0000] {dag.py:4156} INFO - Setting next_dagrun for dataset_with_extra_from_classic_operator to 2024-11-17 00:00:00+00:00, run_after=2024-11-18 00:00:00+00:00
[2024-11-18T03:05:44.933+0000] {processor.py:208} INFO - Processing /home/airflow/.local/lib/python3.12/site-packages/airflow/example_dags/example_outlet_event_extra.py took 0.231 seconds
[2024-11-18T03:06:15.612+0000] {processor.py:186} INFO - Started process (PID=1377) to work on /home/airflow/.local/lib/python3.12/site-packages/airflow/example_dags/example_outlet_event_extra.py
[2024-11-18T03:06:15.614+0000] {processor.py:914} INFO - Processing file /home/airflow/.local/lib/python3.12/site-packages/airflow/example_dags/example_outlet_event_extra.py for tasks to queue
[2024-11-18T03:06:15.620+0000] {logging_mixin.py:190} INFO - [2024-11-18T03:06:15.620+0000] {dagbag.py:587} INFO - Filling up the DagBag from /home/airflow/.local/lib/python3.12/site-packages/airflow/example_dags/example_outlet_event_extra.py
[2024-11-18T03:06:15.927+0000] {processor.py:925} INFO - DAG(s) 'dataset_with_extra_from_classic_operator', 'dataset_with_extra_by_context', 'dataset_with_extra_by_yield' retrieved from /home/airflow/.local/lib/python3.12/site-packages/airflow/example_dags/example_outlet_event_extra.py
[2024-11-18T03:06:15.978+0000] {logging_mixin.py:190} INFO - [2024-11-18T03:06:15.978+0000] {dag.py:3229} INFO - Sync 3 DAGs
[2024-11-18T03:06:16.028+0000] {logging_mixin.py:190} INFO - [2024-11-18T03:06:16.028+0000] {dag.py:4156} INFO - Setting next_dagrun for dataset_with_extra_by_context to 2024-11-17 00:00:00+00:00, run_after=2024-11-18 00:00:00+00:00
[2024-11-18T03:06:16.037+0000] {logging_mixin.py:190} INFO - [2024-11-18T03:06:16.035+0000] {dag.py:4156} INFO - Setting next_dagrun for dataset_with_extra_by_yield to 2024-11-17 00:00:00+00:00, run_after=2024-11-18 00:00:00+00:00
[2024-11-18T03:06:16.040+0000] {logging_mixin.py:190} INFO - [2024-11-18T03:06:16.040+0000] {dag.py:4156} INFO - Setting next_dagrun for dataset_with_extra_from_classic_operator to 2024-11-17 00:00:00+00:00, run_after=2024-11-18 00:00:00+00:00
[2024-11-18T03:06:16.077+0000] {processor.py:208} INFO - Processing /home/airflow/.local/lib/python3.12/site-packages/airflow/example_dags/example_outlet_event_extra.py took 0.477 seconds
[2024-11-18T03:06:46.786+0000] {processor.py:186} INFO - Started process (PID=1439) to work on /home/airflow/.local/lib/python3.12/site-packages/airflow/example_dags/example_outlet_event_extra.py
[2024-11-18T03:06:46.791+0000] {processor.py:914} INFO - Processing file /home/airflow/.local/lib/python3.12/site-packages/airflow/example_dags/example_outlet_event_extra.py for tasks to queue
[2024-11-18T03:06:46.797+0000] {logging_mixin.py:190} INFO - [2024-11-18T03:06:46.797+0000] {dagbag.py:587} INFO - Filling up the DagBag from /home/airflow/.local/lib/python3.12/site-packages/airflow/example_dags/example_outlet_event_extra.py
[2024-11-18T03:06:47.109+0000] {processor.py:925} INFO - DAG(s) 'dataset_with_extra_by_yield', 'dataset_with_extra_from_classic_operator', 'dataset_with_extra_by_context' retrieved from /home/airflow/.local/lib/python3.12/site-packages/airflow/example_dags/example_outlet_event_extra.py
[2024-11-18T03:06:47.155+0000] {logging_mixin.py:190} INFO - [2024-11-18T03:06:47.155+0000] {dag.py:3229} INFO - Sync 3 DAGs
[2024-11-18T03:06:47.213+0000] {logging_mixin.py:190} INFO - [2024-11-18T03:06:47.211+0000] {dag.py:4156} INFO - Setting next_dagrun for dataset_with_extra_by_context to 2024-11-17 00:00:00+00:00, run_after=2024-11-18 00:00:00+00:00
[2024-11-18T03:06:47.221+0000] {logging_mixin.py:190} INFO - [2024-11-18T03:06:47.221+0000] {dag.py:4156} INFO - Setting next_dagrun for dataset_with_extra_by_yield to 2024-11-17 00:00:00+00:00, run_after=2024-11-18 00:00:00+00:00
[2024-11-18T03:06:47.226+0000] {logging_mixin.py:190} INFO - [2024-11-18T03:06:47.226+0000] {dag.py:4156} INFO - Setting next_dagrun for dataset_with_extra_from_classic_operator to 2024-11-17 00:00:00+00:00, run_after=2024-11-18 00:00:00+00:00
[2024-11-18T03:06:47.264+0000] {processor.py:208} INFO - Processing /home/airflow/.local/lib/python3.12/site-packages/airflow/example_dags/example_outlet_event_extra.py took 0.488 seconds
[2024-11-18T03:07:17.682+0000] {processor.py:186} INFO - Started process (PID=1503) to work on /home/airflow/.local/lib/python3.12/site-packages/airflow/example_dags/example_outlet_event_extra.py
[2024-11-18T03:07:17.688+0000] {processor.py:914} INFO - Processing file /home/airflow/.local/lib/python3.12/site-packages/airflow/example_dags/example_outlet_event_extra.py for tasks to queue
[2024-11-18T03:07:17.697+0000] {logging_mixin.py:190} INFO - [2024-11-18T03:07:17.697+0000] {dagbag.py:587} INFO - Filling up the DagBag from /home/airflow/.local/lib/python3.12/site-packages/airflow/example_dags/example_outlet_event_extra.py
[2024-11-18T03:07:18.323+0000] {processor.py:925} INFO - DAG(s) 'dataset_with_extra_by_context', 'dataset_with_extra_by_yield', 'dataset_with_extra_from_classic_operator' retrieved from /home/airflow/.local/lib/python3.12/site-packages/airflow/example_dags/example_outlet_event_extra.py
[2024-11-18T03:07:18.429+0000] {logging_mixin.py:190} INFO - [2024-11-18T03:07:18.429+0000] {dag.py:3229} INFO - Sync 3 DAGs
[2024-11-18T03:07:18.601+0000] {logging_mixin.py:190} INFO - [2024-11-18T03:07:18.601+0000] {dag.py:4156} INFO - Setting next_dagrun for dataset_with_extra_by_context to 2024-11-17 00:00:00+00:00, run_after=2024-11-18 00:00:00+00:00
[2024-11-18T03:07:18.640+0000] {logging_mixin.py:190} INFO - [2024-11-18T03:07:18.634+0000] {dag.py:4156} INFO - Setting next_dagrun for dataset_with_extra_by_yield to 2024-11-17 00:00:00+00:00, run_after=2024-11-18 00:00:00+00:00
[2024-11-18T03:07:18.651+0000] {logging_mixin.py:190} INFO - [2024-11-18T03:07:18.651+0000] {dag.py:4156} INFO - Setting next_dagrun for dataset_with_extra_from_classic_operator to 2024-11-17 00:00:00+00:00, run_after=2024-11-18 00:00:00+00:00
[2024-11-18T03:07:18.771+0000] {processor.py:208} INFO - Processing /home/airflow/.local/lib/python3.12/site-packages/airflow/example_dags/example_outlet_event_extra.py took 1.121 seconds
[2024-11-18T03:07:49.663+0000] {processor.py:186} INFO - Started process (PID=1565) to work on /home/airflow/.local/lib/python3.12/site-packages/airflow/example_dags/example_outlet_event_extra.py
[2024-11-18T03:07:49.667+0000] {processor.py:914} INFO - Processing file /home/airflow/.local/lib/python3.12/site-packages/airflow/example_dags/example_outlet_event_extra.py for tasks to queue
[2024-11-18T03:07:49.678+0000] {logging_mixin.py:190} INFO - [2024-11-18T03:07:49.678+0000] {dagbag.py:587} INFO - Filling up the DagBag from /home/airflow/.local/lib/python3.12/site-packages/airflow/example_dags/example_outlet_event_extra.py
[2024-11-18T03:07:50.324+0000] {processor.py:925} INFO - DAG(s) 'dataset_with_extra_by_yield', 'dataset_with_extra_from_classic_operator', 'dataset_with_extra_by_context' retrieved from /home/airflow/.local/lib/python3.12/site-packages/airflow/example_dags/example_outlet_event_extra.py
[2024-11-18T03:07:50.429+0000] {logging_mixin.py:190} INFO - [2024-11-18T03:07:50.429+0000] {dag.py:3229} INFO - Sync 3 DAGs
[2024-11-18T03:07:50.519+0000] {logging_mixin.py:190} INFO - [2024-11-18T03:07:50.519+0000] {dag.py:4156} INFO - Setting next_dagrun for dataset_with_extra_by_context to 2024-11-17 00:00:00+00:00, run_after=2024-11-18 00:00:00+00:00
[2024-11-18T03:07:50.539+0000] {logging_mixin.py:190} INFO - [2024-11-18T03:07:50.539+0000] {dag.py:4156} INFO - Setting next_dagrun for dataset_with_extra_by_yield to 2024-11-17 00:00:00+00:00, run_after=2024-11-18 00:00:00+00:00
[2024-11-18T03:07:50.549+0000] {logging_mixin.py:190} INFO - [2024-11-18T03:07:50.547+0000] {dag.py:4156} INFO - Setting next_dagrun for dataset_with_extra_from_classic_operator to 2024-11-17 00:00:00+00:00, run_after=2024-11-18 00:00:00+00:00
[2024-11-18T03:07:50.644+0000] {processor.py:208} INFO - Processing /home/airflow/.local/lib/python3.12/site-packages/airflow/example_dags/example_outlet_event_extra.py took 1.009 seconds
[2024-11-18T03:08:21.462+0000] {processor.py:186} INFO - Started process (PID=1627) to work on /home/airflow/.local/lib/python3.12/site-packages/airflow/example_dags/example_outlet_event_extra.py
[2024-11-18T03:08:21.471+0000] {processor.py:914} INFO - Processing file /home/airflow/.local/lib/python3.12/site-packages/airflow/example_dags/example_outlet_event_extra.py for tasks to queue
[2024-11-18T03:08:21.488+0000] {logging_mixin.py:190} INFO - [2024-11-18T03:08:21.488+0000] {dagbag.py:587} INFO - Filling up the DagBag from /home/airflow/.local/lib/python3.12/site-packages/airflow/example_dags/example_outlet_event_extra.py
[2024-11-18T03:08:22.163+0000] {processor.py:925} INFO - DAG(s) 'dataset_with_extra_by_yield', 'dataset_with_extra_from_classic_operator', 'dataset_with_extra_by_context' retrieved from /home/airflow/.local/lib/python3.12/site-packages/airflow/example_dags/example_outlet_event_extra.py
[2024-11-18T03:08:22.267+0000] {logging_mixin.py:190} INFO - [2024-11-18T03:08:22.267+0000] {dag.py:3229} INFO - Sync 3 DAGs
[2024-11-18T03:08:22.365+0000] {logging_mixin.py:190} INFO - [2024-11-18T03:08:22.365+0000] {dag.py:4156} INFO - Setting next_dagrun for dataset_with_extra_by_context to 2024-11-17 00:00:00+00:00, run_after=2024-11-18 00:00:00+00:00
[2024-11-18T03:08:22.382+0000] {logging_mixin.py:190} INFO - [2024-11-18T03:08:22.382+0000] {dag.py:4156} INFO - Setting next_dagrun for dataset_with_extra_by_yield to 2024-11-17 00:00:00+00:00, run_after=2024-11-18 00:00:00+00:00
[2024-11-18T03:08:22.401+0000] {logging_mixin.py:190} INFO - [2024-11-18T03:08:22.401+0000] {dag.py:4156} INFO - Setting next_dagrun for dataset_with_extra_from_classic_operator to 2024-11-17 00:00:00+00:00, run_after=2024-11-18 00:00:00+00:00
[2024-11-18T03:08:22.474+0000] {processor.py:208} INFO - Processing /home/airflow/.local/lib/python3.12/site-packages/airflow/example_dags/example_outlet_event_extra.py took 1.072 seconds
[2024-11-18T03:08:52.627+0000] {processor.py:186} INFO - Started process (PID=1699) to work on /home/airflow/.local/lib/python3.12/site-packages/airflow/example_dags/example_outlet_event_extra.py
[2024-11-18T03:08:52.630+0000] {processor.py:914} INFO - Processing file /home/airflow/.local/lib/python3.12/site-packages/airflow/example_dags/example_outlet_event_extra.py for tasks to queue
[2024-11-18T03:08:52.635+0000] {logging_mixin.py:190} INFO - [2024-11-18T03:08:52.635+0000] {dagbag.py:587} INFO - Filling up the DagBag from /home/airflow/.local/lib/python3.12/site-packages/airflow/example_dags/example_outlet_event_extra.py
[2024-11-18T03:08:52.854+0000] {processor.py:925} INFO - DAG(s) 'dataset_with_extra_by_yield', 'dataset_with_extra_from_classic_operator', 'dataset_with_extra_by_context' retrieved from /home/airflow/.local/lib/python3.12/site-packages/airflow/example_dags/example_outlet_event_extra.py
[2024-11-18T03:08:52.888+0000] {logging_mixin.py:190} INFO - [2024-11-18T03:08:52.888+0000] {dag.py:3229} INFO - Sync 3 DAGs
[2024-11-18T03:08:52.911+0000] {logging_mixin.py:190} INFO - [2024-11-18T03:08:52.911+0000] {dag.py:4156} INFO - Setting next_dagrun for dataset_with_extra_by_context to 2024-11-17 00:00:00+00:00, run_after=2024-11-18 00:00:00+00:00
[2024-11-18T03:08:52.916+0000] {logging_mixin.py:190} INFO - [2024-11-18T03:08:52.915+0000] {dag.py:4156} INFO - Setting next_dagrun for dataset_with_extra_by_yield to 2024-11-17 00:00:00+00:00, run_after=2024-11-18 00:00:00+00:00
[2024-11-18T03:08:52.918+0000] {logging_mixin.py:190} INFO - [2024-11-18T03:08:52.917+0000] {dag.py:4156} INFO - Setting next_dagrun for dataset_with_extra_from_classic_operator to 2024-11-17 00:00:00+00:00, run_after=2024-11-18 00:00:00+00:00
[2024-11-18T03:08:52.936+0000] {processor.py:208} INFO - Processing /home/airflow/.local/lib/python3.12/site-packages/airflow/example_dags/example_outlet_event_extra.py took 0.323 seconds
[2024-11-18T03:09:23.669+0000] {processor.py:186} INFO - Started process (PID=1761) to work on /home/airflow/.local/lib/python3.12/site-packages/airflow/example_dags/example_outlet_event_extra.py
[2024-11-18T03:09:23.676+0000] {processor.py:914} INFO - Processing file /home/airflow/.local/lib/python3.12/site-packages/airflow/example_dags/example_outlet_event_extra.py for tasks to queue
[2024-11-18T03:09:23.682+0000] {logging_mixin.py:190} INFO - [2024-11-18T03:09:23.680+0000] {dagbag.py:587} INFO - Filling up the DagBag from /home/airflow/.local/lib/python3.12/site-packages/airflow/example_dags/example_outlet_event_extra.py
[2024-11-18T03:09:23.939+0000] {processor.py:925} INFO - DAG(s) 'dataset_with_extra_by_context', 'dataset_with_extra_by_yield', 'dataset_with_extra_from_classic_operator' retrieved from /home/airflow/.local/lib/python3.12/site-packages/airflow/example_dags/example_outlet_event_extra.py
[2024-11-18T03:09:23.964+0000] {logging_mixin.py:190} INFO - [2024-11-18T03:09:23.964+0000] {dag.py:3229} INFO - Sync 3 DAGs
[2024-11-18T03:09:23.987+0000] {logging_mixin.py:190} INFO - [2024-11-18T03:09:23.987+0000] {dag.py:4156} INFO - Setting next_dagrun for dataset_with_extra_by_context to 2024-11-17 00:00:00+00:00, run_after=2024-11-18 00:00:00+00:00
[2024-11-18T03:09:23.991+0000] {logging_mixin.py:190} INFO - [2024-11-18T03:09:23.991+0000] {dag.py:4156} INFO - Setting next_dagrun for dataset_with_extra_by_yield to 2024-11-17 00:00:00+00:00, run_after=2024-11-18 00:00:00+00:00
[2024-11-18T03:09:23.993+0000] {logging_mixin.py:190} INFO - [2024-11-18T03:09:23.993+0000] {dag.py:4156} INFO - Setting next_dagrun for dataset_with_extra_from_classic_operator to 2024-11-17 00:00:00+00:00, run_after=2024-11-18 00:00:00+00:00
[2024-11-18T03:09:24.011+0000] {processor.py:208} INFO - Processing /home/airflow/.local/lib/python3.12/site-packages/airflow/example_dags/example_outlet_event_extra.py took 0.354 seconds
[2024-11-18T03:09:54.083+0000] {processor.py:186} INFO - Started process (PID=1824) to work on /home/airflow/.local/lib/python3.12/site-packages/airflow/example_dags/example_outlet_event_extra.py
[2024-11-18T03:09:54.086+0000] {processor.py:914} INFO - Processing file /home/airflow/.local/lib/python3.12/site-packages/airflow/example_dags/example_outlet_event_extra.py for tasks to queue
[2024-11-18T03:09:54.091+0000] {logging_mixin.py:190} INFO - [2024-11-18T03:09:54.091+0000] {dagbag.py:587} INFO - Filling up the DagBag from /home/airflow/.local/lib/python3.12/site-packages/airflow/example_dags/example_outlet_event_extra.py
[2024-11-18T03:09:54.397+0000] {processor.py:925} INFO - DAG(s) 'dataset_with_extra_from_classic_operator', 'dataset_with_extra_by_context', 'dataset_with_extra_by_yield' retrieved from /home/airflow/.local/lib/python3.12/site-packages/airflow/example_dags/example_outlet_event_extra.py
[2024-11-18T03:09:54.447+0000] {logging_mixin.py:190} INFO - [2024-11-18T03:09:54.445+0000] {dag.py:3229} INFO - Sync 3 DAGs
[2024-11-18T03:09:54.492+0000] {logging_mixin.py:190} INFO - [2024-11-18T03:09:54.492+0000] {dag.py:4156} INFO - Setting next_dagrun for dataset_with_extra_by_context to 2024-11-17 00:00:00+00:00, run_after=2024-11-18 00:00:00+00:00
[2024-11-18T03:09:54.505+0000] {logging_mixin.py:190} INFO - [2024-11-18T03:09:54.501+0000] {dag.py:4156} INFO - Setting next_dagrun for dataset_with_extra_by_yield to 2024-11-17 00:00:00+00:00, run_after=2024-11-18 00:00:00+00:00
[2024-11-18T03:09:54.512+0000] {logging_mixin.py:190} INFO - [2024-11-18T03:09:54.509+0000] {dag.py:4156} INFO - Setting next_dagrun for dataset_with_extra_from_classic_operator to 2024-11-17 00:00:00+00:00, run_after=2024-11-18 00:00:00+00:00
[2024-11-18T03:09:54.547+0000] {processor.py:208} INFO - Processing /home/airflow/.local/lib/python3.12/site-packages/airflow/example_dags/example_outlet_event_extra.py took 0.477 seconds
[2024-11-18T03:10:25.365+0000] {processor.py:186} INFO - Started process (PID=1887) to work on /home/airflow/.local/lib/python3.12/site-packages/airflow/example_dags/example_outlet_event_extra.py
[2024-11-18T03:10:25.374+0000] {processor.py:914} INFO - Processing file /home/airflow/.local/lib/python3.12/site-packages/airflow/example_dags/example_outlet_event_extra.py for tasks to queue
[2024-11-18T03:10:25.383+0000] {logging_mixin.py:190} INFO - [2024-11-18T03:10:25.383+0000] {dagbag.py:587} INFO - Filling up the DagBag from /home/airflow/.local/lib/python3.12/site-packages/airflow/example_dags/example_outlet_event_extra.py
[2024-11-18T03:10:26.050+0000] {processor.py:925} INFO - DAG(s) 'dataset_with_extra_by_yield', 'dataset_with_extra_by_context', 'dataset_with_extra_from_classic_operator' retrieved from /home/airflow/.local/lib/python3.12/site-packages/airflow/example_dags/example_outlet_event_extra.py
[2024-11-18T03:10:26.167+0000] {logging_mixin.py:190} INFO - [2024-11-18T03:10:26.167+0000] {dag.py:3229} INFO - Sync 3 DAGs
[2024-11-18T03:10:26.329+0000] {logging_mixin.py:190} INFO - [2024-11-18T03:10:26.322+0000] {dag.py:4156} INFO - Setting next_dagrun for dataset_with_extra_by_context to 2024-11-17 00:00:00+00:00, run_after=2024-11-18 00:00:00+00:00
[2024-11-18T03:10:26.352+0000] {logging_mixin.py:190} INFO - [2024-11-18T03:10:26.352+0000] {dag.py:4156} INFO - Setting next_dagrun for dataset_with_extra_by_yield to 2024-11-17 00:00:00+00:00, run_after=2024-11-18 00:00:00+00:00
[2024-11-18T03:10:26.364+0000] {logging_mixin.py:190} INFO - [2024-11-18T03:10:26.364+0000] {dag.py:4156} INFO - Setting next_dagrun for dataset_with_extra_from_classic_operator to 2024-11-17 00:00:00+00:00, run_after=2024-11-18 00:00:00+00:00
[2024-11-18T03:10:26.476+0000] {processor.py:208} INFO - Processing /home/airflow/.local/lib/python3.12/site-packages/airflow/example_dags/example_outlet_event_extra.py took 1.139 seconds
[2024-11-18T03:10:58.434+0000] {processor.py:186} INFO - Started process (PID=1949) to work on /home/airflow/.local/lib/python3.12/site-packages/airflow/example_dags/example_outlet_event_extra.py
[2024-11-18T03:10:58.438+0000] {processor.py:914} INFO - Processing file /home/airflow/.local/lib/python3.12/site-packages/airflow/example_dags/example_outlet_event_extra.py for tasks to queue
[2024-11-18T03:10:58.444+0000] {logging_mixin.py:190} INFO - [2024-11-18T03:10:58.444+0000] {dagbag.py:587} INFO - Filling up the DagBag from /home/airflow/.local/lib/python3.12/site-packages/airflow/example_dags/example_outlet_event_extra.py
[2024-11-18T03:10:58.949+0000] {processor.py:925} INFO - DAG(s) 'dataset_with_extra_by_yield', 'dataset_with_extra_from_classic_operator', 'dataset_with_extra_by_context' retrieved from /home/airflow/.local/lib/python3.12/site-packages/airflow/example_dags/example_outlet_event_extra.py
[2024-11-18T03:10:59.049+0000] {logging_mixin.py:190} INFO - [2024-11-18T03:10:59.046+0000] {dag.py:3229} INFO - Sync 3 DAGs
[2024-11-18T03:10:59.154+0000] {logging_mixin.py:190} INFO - [2024-11-18T03:10:59.152+0000] {dag.py:4156} INFO - Setting next_dagrun for dataset_with_extra_by_context to 2024-11-17 00:00:00+00:00, run_after=2024-11-18 00:00:00+00:00
[2024-11-18T03:10:59.176+0000] {logging_mixin.py:190} INFO - [2024-11-18T03:10:59.174+0000] {dag.py:4156} INFO - Setting next_dagrun for dataset_with_extra_by_yield to 2024-11-17 00:00:00+00:00, run_after=2024-11-18 00:00:00+00:00
[2024-11-18T03:10:59.186+0000] {logging_mixin.py:190} INFO - [2024-11-18T03:10:59.186+0000] {dag.py:4156} INFO - Setting next_dagrun for dataset_with_extra_from_classic_operator to 2024-11-17 00:00:00+00:00, run_after=2024-11-18 00:00:00+00:00
[2024-11-18T03:10:59.251+0000] {processor.py:208} INFO - Processing /home/airflow/.local/lib/python3.12/site-packages/airflow/example_dags/example_outlet_event_extra.py took 0.829 seconds
[2024-11-18T03:11:30.039+0000] {processor.py:186} INFO - Started process (PID=2012) to work on /home/airflow/.local/lib/python3.12/site-packages/airflow/example_dags/example_outlet_event_extra.py
[2024-11-18T03:11:30.040+0000] {processor.py:914} INFO - Processing file /home/airflow/.local/lib/python3.12/site-packages/airflow/example_dags/example_outlet_event_extra.py for tasks to queue
[2024-11-18T03:11:30.043+0000] {logging_mixin.py:190} INFO - [2024-11-18T03:11:30.042+0000] {dagbag.py:587} INFO - Filling up the DagBag from /home/airflow/.local/lib/python3.12/site-packages/airflow/example_dags/example_outlet_event_extra.py
[2024-11-18T03:11:30.300+0000] {processor.py:925} INFO - DAG(s) 'dataset_with_extra_by_context', 'dataset_with_extra_by_yield', 'dataset_with_extra_from_classic_operator' retrieved from /home/airflow/.local/lib/python3.12/site-packages/airflow/example_dags/example_outlet_event_extra.py
[2024-11-18T03:11:30.331+0000] {logging_mixin.py:190} INFO - [2024-11-18T03:11:30.331+0000] {dag.py:3229} INFO - Sync 3 DAGs
[2024-11-18T03:11:30.360+0000] {logging_mixin.py:190} INFO - [2024-11-18T03:11:30.360+0000] {dag.py:4156} INFO - Setting next_dagrun for dataset_with_extra_by_context to 2024-11-17 00:00:00+00:00, run_after=2024-11-18 00:00:00+00:00
[2024-11-18T03:11:30.365+0000] {logging_mixin.py:190} INFO - [2024-11-18T03:11:30.365+0000] {dag.py:4156} INFO - Setting next_dagrun for dataset_with_extra_by_yield to 2024-11-17 00:00:00+00:00, run_after=2024-11-18 00:00:00+00:00
[2024-11-18T03:11:30.368+0000] {logging_mixin.py:190} INFO - [2024-11-18T03:11:30.368+0000] {dag.py:4156} INFO - Setting next_dagrun for dataset_with_extra_from_classic_operator to 2024-11-17 00:00:00+00:00, run_after=2024-11-18 00:00:00+00:00
[2024-11-18T03:11:30.997+0000] {processor.py:208} INFO - Processing /home/airflow/.local/lib/python3.12/site-packages/airflow/example_dags/example_outlet_event_extra.py took 0.966 seconds
[2024-11-18T03:12:01.454+0000] {processor.py:186} INFO - Started process (PID=2074) to work on /home/airflow/.local/lib/python3.12/site-packages/airflow/example_dags/example_outlet_event_extra.py
[2024-11-18T03:12:01.455+0000] {processor.py:914} INFO - Processing file /home/airflow/.local/lib/python3.12/site-packages/airflow/example_dags/example_outlet_event_extra.py for tasks to queue
[2024-11-18T03:12:01.461+0000] {logging_mixin.py:190} INFO - [2024-11-18T03:12:01.461+0000] {dagbag.py:587} INFO - Filling up the DagBag from /home/airflow/.local/lib/python3.12/site-packages/airflow/example_dags/example_outlet_event_extra.py
[2024-11-18T03:12:02.570+0000] {processor.py:925} INFO - DAG(s) 'dataset_with_extra_by_yield', 'dataset_with_extra_from_classic_operator', 'dataset_with_extra_by_context' retrieved from /home/airflow/.local/lib/python3.12/site-packages/airflow/example_dags/example_outlet_event_extra.py
[2024-11-18T03:12:02.677+0000] {logging_mixin.py:190} INFO - [2024-11-18T03:12:02.677+0000] {dag.py:3229} INFO - Sync 3 DAGs
[2024-11-18T03:12:02.759+0000] {logging_mixin.py:190} INFO - [2024-11-18T03:12:02.756+0000] {dag.py:4156} INFO - Setting next_dagrun for dataset_with_extra_by_context to 2024-11-17 00:00:00+00:00, run_after=2024-11-18 00:00:00+00:00
[2024-11-18T03:12:02.771+0000] {logging_mixin.py:190} INFO - [2024-11-18T03:12:02.769+0000] {dag.py:4156} INFO - Setting next_dagrun for dataset_with_extra_by_yield to 2024-11-17 00:00:00+00:00, run_after=2024-11-18 00:00:00+00:00
[2024-11-18T03:12:02.776+0000] {logging_mixin.py:190} INFO - [2024-11-18T03:12:02.776+0000] {dag.py:4156} INFO - Setting next_dagrun for dataset_with_extra_from_classic_operator to 2024-11-17 00:00:00+00:00, run_after=2024-11-18 00:00:00+00:00
[2024-11-18T03:12:02.894+0000] {processor.py:208} INFO - Processing /home/airflow/.local/lib/python3.12/site-packages/airflow/example_dags/example_outlet_event_extra.py took 1.473 seconds
[2024-11-18T03:12:33.210+0000] {processor.py:186} INFO - Started process (PID=2138) to work on /home/airflow/.local/lib/python3.12/site-packages/airflow/example_dags/example_outlet_event_extra.py
[2024-11-18T03:12:33.212+0000] {processor.py:914} INFO - Processing file /home/airflow/.local/lib/python3.12/site-packages/airflow/example_dags/example_outlet_event_extra.py for tasks to queue
[2024-11-18T03:12:33.220+0000] {logging_mixin.py:190} INFO - [2024-11-18T03:12:33.219+0000] {dagbag.py:587} INFO - Filling up the DagBag from /home/airflow/.local/lib/python3.12/site-packages/airflow/example_dags/example_outlet_event_extra.py
[2024-11-18T03:12:34.159+0000] {processor.py:925} INFO - DAG(s) 'dataset_with_extra_from_classic_operator', 'dataset_with_extra_by_yield', 'dataset_with_extra_by_context' retrieved from /home/airflow/.local/lib/python3.12/site-packages/airflow/example_dags/example_outlet_event_extra.py
[2024-11-18T03:12:34.331+0000] {logging_mixin.py:190} INFO - [2024-11-18T03:12:34.329+0000] {dag.py:3229} INFO - Sync 3 DAGs
[2024-11-18T03:12:34.440+0000] {logging_mixin.py:190} INFO - [2024-11-18T03:12:34.438+0000] {dag.py:4156} INFO - Setting next_dagrun for dataset_with_extra_by_context to 2024-11-17 00:00:00+00:00, run_after=2024-11-18 00:00:00+00:00
[2024-11-18T03:12:34.472+0000] {logging_mixin.py:190} INFO - [2024-11-18T03:12:34.472+0000] {dag.py:4156} INFO - Setting next_dagrun for dataset_with_extra_by_yield to 2024-11-17 00:00:00+00:00, run_after=2024-11-18 00:00:00+00:00
[2024-11-18T03:12:34.493+0000] {logging_mixin.py:190} INFO - [2024-11-18T03:12:34.493+0000] {dag.py:4156} INFO - Setting next_dagrun for dataset_with_extra_from_classic_operator to 2024-11-17 00:00:00+00:00, run_after=2024-11-18 00:00:00+00:00
[2024-11-18T03:12:34.633+0000] {processor.py:208} INFO - Processing /home/airflow/.local/lib/python3.12/site-packages/airflow/example_dags/example_outlet_event_extra.py took 1.501 seconds
[2024-11-18T03:13:04.943+0000] {processor.py:186} INFO - Started process (PID=2201) to work on /home/airflow/.local/lib/python3.12/site-packages/airflow/example_dags/example_outlet_event_extra.py
[2024-11-18T03:13:04.945+0000] {processor.py:914} INFO - Processing file /home/airflow/.local/lib/python3.12/site-packages/airflow/example_dags/example_outlet_event_extra.py for tasks to queue
[2024-11-18T03:13:04.950+0000] {logging_mixin.py:190} INFO - [2024-11-18T03:13:04.950+0000] {dagbag.py:587} INFO - Filling up the DagBag from /home/airflow/.local/lib/python3.12/site-packages/airflow/example_dags/example_outlet_event_extra.py
[2024-11-18T03:13:05.427+0000] {processor.py:925} INFO - DAG(s) 'dataset_with_extra_by_yield', 'dataset_with_extra_from_classic_operator', 'dataset_with_extra_by_context' retrieved from /home/airflow/.local/lib/python3.12/site-packages/airflow/example_dags/example_outlet_event_extra.py
[2024-11-18T03:13:05.540+0000] {logging_mixin.py:190} INFO - [2024-11-18T03:13:05.540+0000] {dag.py:3229} INFO - Sync 3 DAGs
[2024-11-18T03:13:05.685+0000] {logging_mixin.py:190} INFO - [2024-11-18T03:13:05.682+0000] {dag.py:4156} INFO - Setting next_dagrun for dataset_with_extra_by_context to 2024-11-17 00:00:00+00:00, run_after=2024-11-18 00:00:00+00:00
[2024-11-18T03:13:05.720+0000] {logging_mixin.py:190} INFO - [2024-11-18T03:13:05.720+0000] {dag.py:4156} INFO - Setting next_dagrun for dataset_with_extra_by_yield to 2024-11-17 00:00:00+00:00, run_after=2024-11-18 00:00:00+00:00
[2024-11-18T03:13:05.799+0000] {logging_mixin.py:190} INFO - [2024-11-18T03:13:05.786+0000] {dag.py:4156} INFO - Setting next_dagrun for dataset_with_extra_from_classic_operator to 2024-11-17 00:00:00+00:00, run_after=2024-11-18 00:00:00+00:00
[2024-11-18T03:13:06.023+0000] {processor.py:208} INFO - Processing /home/airflow/.local/lib/python3.12/site-packages/airflow/example_dags/example_outlet_event_extra.py took 1.096 seconds
[2024-11-18T03:13:36.422+0000] {processor.py:186} INFO - Started process (PID=2262) to work on /home/airflow/.local/lib/python3.12/site-packages/airflow/example_dags/example_outlet_event_extra.py
[2024-11-18T03:13:36.425+0000] {processor.py:914} INFO - Processing file /home/airflow/.local/lib/python3.12/site-packages/airflow/example_dags/example_outlet_event_extra.py for tasks to queue
[2024-11-18T03:13:36.446+0000] {logging_mixin.py:190} INFO - [2024-11-18T03:13:36.446+0000] {dagbag.py:587} INFO - Filling up the DagBag from /home/airflow/.local/lib/python3.12/site-packages/airflow/example_dags/example_outlet_event_extra.py
[2024-11-18T03:13:37.494+0000] {processor.py:925} INFO - DAG(s) 'dataset_with_extra_from_classic_operator', 'dataset_with_extra_by_yield', 'dataset_with_extra_by_context' retrieved from /home/airflow/.local/lib/python3.12/site-packages/airflow/example_dags/example_outlet_event_extra.py
[2024-11-18T03:13:37.719+0000] {logging_mixin.py:190} INFO - [2024-11-18T03:13:37.719+0000] {dag.py:3229} INFO - Sync 3 DAGs
[2024-11-18T03:13:39.151+0000] {logging_mixin.py:190} INFO - [2024-11-18T03:13:39.151+0000] {dag.py:4156} INFO - Setting next_dagrun for dataset_with_extra_by_context to 2024-11-17 00:00:00+00:00, run_after=2024-11-18 00:00:00+00:00
[2024-11-18T03:13:39.163+0000] {logging_mixin.py:190} INFO - [2024-11-18T03:13:39.162+0000] {dag.py:4156} INFO - Setting next_dagrun for dataset_with_extra_by_yield to 2024-11-17 00:00:00+00:00, run_after=2024-11-18 00:00:00+00:00
[2024-11-18T03:13:39.169+0000] {logging_mixin.py:190} INFO - [2024-11-18T03:13:39.169+0000] {dag.py:4156} INFO - Setting next_dagrun for dataset_with_extra_from_classic_operator to 2024-11-17 00:00:00+00:00, run_after=2024-11-18 00:00:00+00:00
[2024-11-18T03:13:39.247+0000] {processor.py:208} INFO - Processing /home/airflow/.local/lib/python3.12/site-packages/airflow/example_dags/example_outlet_event_extra.py took 2.845 seconds
[2024-11-18T03:14:11.752+0000] {processor.py:186} INFO - Started process (PID=2326) to work on /home/airflow/.local/lib/python3.12/site-packages/airflow/example_dags/example_outlet_event_extra.py
[2024-11-18T03:14:11.766+0000] {processor.py:914} INFO - Processing file /home/airflow/.local/lib/python3.12/site-packages/airflow/example_dags/example_outlet_event_extra.py for tasks to queue
[2024-11-18T03:14:11.815+0000] {logging_mixin.py:190} INFO - [2024-11-18T03:14:11.803+0000] {dagbag.py:587} INFO - Filling up the DagBag from /home/airflow/.local/lib/python3.12/site-packages/airflow/example_dags/example_outlet_event_extra.py
[2024-11-18T03:14:13.682+0000] {processor.py:925} INFO - DAG(s) 'dataset_with_extra_from_classic_operator', 'dataset_with_extra_by_context', 'dataset_with_extra_by_yield' retrieved from /home/airflow/.local/lib/python3.12/site-packages/airflow/example_dags/example_outlet_event_extra.py
[2024-11-18T03:14:14.078+0000] {logging_mixin.py:190} INFO - [2024-11-18T03:14:14.078+0000] {dag.py:3229} INFO - Sync 3 DAGs
[2024-11-18T03:14:15.437+0000] {logging_mixin.py:190} INFO - [2024-11-18T03:14:15.436+0000] {dag.py:4156} INFO - Setting next_dagrun for dataset_with_extra_by_context to 2024-11-17 00:00:00+00:00, run_after=2024-11-18 00:00:00+00:00
[2024-11-18T03:14:15.443+0000] {logging_mixin.py:190} INFO - [2024-11-18T03:14:15.443+0000] {dag.py:4156} INFO - Setting next_dagrun for dataset_with_extra_by_yield to 2024-11-17 00:00:00+00:00, run_after=2024-11-18 00:00:00+00:00
[2024-11-18T03:14:15.446+0000] {logging_mixin.py:190} INFO - [2024-11-18T03:14:15.446+0000] {dag.py:4156} INFO - Setting next_dagrun for dataset_with_extra_from_classic_operator to 2024-11-17 00:00:00+00:00, run_after=2024-11-18 00:00:00+00:00
[2024-11-18T03:14:15.502+0000] {processor.py:208} INFO - Processing /home/airflow/.local/lib/python3.12/site-packages/airflow/example_dags/example_outlet_event_extra.py took 3.814 seconds
[2024-11-18T03:14:46.004+0000] {processor.py:186} INFO - Started process (PID=2389) to work on /home/airflow/.local/lib/python3.12/site-packages/airflow/example_dags/example_outlet_event_extra.py
[2024-11-18T03:14:46.023+0000] {processor.py:914} INFO - Processing file /home/airflow/.local/lib/python3.12/site-packages/airflow/example_dags/example_outlet_event_extra.py for tasks to queue
[2024-11-18T03:14:46.050+0000] {logging_mixin.py:190} INFO - [2024-11-18T03:14:46.042+0000] {dagbag.py:587} INFO - Filling up the DagBag from /home/airflow/.local/lib/python3.12/site-packages/airflow/example_dags/example_outlet_event_extra.py
[2024-11-18T03:14:49.583+0000] {processor.py:925} INFO - DAG(s) 'dataset_with_extra_by_yield', 'dataset_with_extra_from_classic_operator', 'dataset_with_extra_by_context' retrieved from /home/airflow/.local/lib/python3.12/site-packages/airflow/example_dags/example_outlet_event_extra.py
[2024-11-18T03:14:49.810+0000] {logging_mixin.py:190} INFO - [2024-11-18T03:14:49.805+0000] {dag.py:3229} INFO - Sync 3 DAGs
[2024-11-18T03:14:49.919+0000] {logging_mixin.py:190} INFO - [2024-11-18T03:14:49.919+0000] {dag.py:4156} INFO - Setting next_dagrun for dataset_with_extra_by_context to 2024-11-17 00:00:00+00:00, run_after=2024-11-18 00:00:00+00:00
[2024-11-18T03:14:49.930+0000] {logging_mixin.py:190} INFO - [2024-11-18T03:14:49.930+0000] {dag.py:4156} INFO - Setting next_dagrun for dataset_with_extra_by_yield to 2024-11-17 00:00:00+00:00, run_after=2024-11-18 00:00:00+00:00
[2024-11-18T03:14:49.934+0000] {logging_mixin.py:190} INFO - [2024-11-18T03:14:49.934+0000] {dag.py:4156} INFO - Setting next_dagrun for dataset_with_extra_from_classic_operator to 2024-11-17 00:00:00+00:00, run_after=2024-11-18 00:00:00+00:00
[2024-11-18T03:14:51.604+0000] {processor.py:208} INFO - Processing /home/airflow/.local/lib/python3.12/site-packages/airflow/example_dags/example_outlet_event_extra.py took 5.634 seconds
[2024-11-18T03:15:22.678+0000] {processor.py:186} INFO - Started process (PID=2458) to work on /home/airflow/.local/lib/python3.12/site-packages/airflow/example_dags/example_outlet_event_extra.py
[2024-11-18T03:15:22.689+0000] {processor.py:914} INFO - Processing file /home/airflow/.local/lib/python3.12/site-packages/airflow/example_dags/example_outlet_event_extra.py for tasks to queue
[2024-11-18T03:15:22.727+0000] {logging_mixin.py:190} INFO - [2024-11-18T03:15:22.719+0000] {dagbag.py:587} INFO - Filling up the DagBag from /home/airflow/.local/lib/python3.12/site-packages/airflow/example_dags/example_outlet_event_extra.py
[2024-11-18T03:15:24.320+0000] {processor.py:925} INFO - DAG(s) 'dataset_with_extra_by_yield', 'dataset_with_extra_from_classic_operator', 'dataset_with_extra_by_context' retrieved from /home/airflow/.local/lib/python3.12/site-packages/airflow/example_dags/example_outlet_event_extra.py
[2024-11-18T03:15:24.637+0000] {logging_mixin.py:190} INFO - [2024-11-18T03:15:24.637+0000] {dag.py:3229} INFO - Sync 3 DAGs
[2024-11-18T03:15:24.880+0000] {logging_mixin.py:190} INFO - [2024-11-18T03:15:24.876+0000] {dag.py:4156} INFO - Setting next_dagrun for dataset_with_extra_by_context to 2024-11-17 00:00:00+00:00, run_after=2024-11-18 00:00:00+00:00
[2024-11-18T03:15:24.923+0000] {logging_mixin.py:190} INFO - [2024-11-18T03:15:24.916+0000] {dag.py:4156} INFO - Setting next_dagrun for dataset_with_extra_by_yield to 2024-11-17 00:00:00+00:00, run_after=2024-11-18 00:00:00+00:00
[2024-11-18T03:15:24.950+0000] {logging_mixin.py:190} INFO - [2024-11-18T03:15:24.937+0000] {dag.py:4156} INFO - Setting next_dagrun for dataset_with_extra_from_classic_operator to 2024-11-17 00:00:00+00:00, run_after=2024-11-18 00:00:00+00:00
[2024-11-18T03:15:26.756+0000] {processor.py:208} INFO - Processing /home/airflow/.local/lib/python3.12/site-packages/airflow/example_dags/example_outlet_event_extra.py took 4.168 seconds
[2024-11-18T03:15:57.332+0000] {processor.py:186} INFO - Started process (PID=2522) to work on /home/airflow/.local/lib/python3.12/site-packages/airflow/example_dags/example_outlet_event_extra.py
[2024-11-18T03:15:57.333+0000] {processor.py:914} INFO - Processing file /home/airflow/.local/lib/python3.12/site-packages/airflow/example_dags/example_outlet_event_extra.py for tasks to queue
[2024-11-18T03:15:57.336+0000] {logging_mixin.py:190} INFO - [2024-11-18T03:15:57.336+0000] {dagbag.py:587} INFO - Filling up the DagBag from /home/airflow/.local/lib/python3.12/site-packages/airflow/example_dags/example_outlet_event_extra.py
[2024-11-18T03:15:58.036+0000] {processor.py:925} INFO - DAG(s) 'dataset_with_extra_from_classic_operator', 'dataset_with_extra_by_context', 'dataset_with_extra_by_yield' retrieved from /home/airflow/.local/lib/python3.12/site-packages/airflow/example_dags/example_outlet_event_extra.py
[2024-11-18T03:15:58.101+0000] {logging_mixin.py:190} INFO - [2024-11-18T03:15:58.101+0000] {dag.py:3229} INFO - Sync 3 DAGs
[2024-11-18T03:15:58.139+0000] {logging_mixin.py:190} INFO - [2024-11-18T03:15:58.134+0000] {dag.py:4156} INFO - Setting next_dagrun for dataset_with_extra_by_context to 2024-11-17 00:00:00+00:00, run_after=2024-11-18 00:00:00+00:00
[2024-11-18T03:15:58.166+0000] {logging_mixin.py:190} INFO - [2024-11-18T03:15:58.166+0000] {dag.py:4156} INFO - Setting next_dagrun for dataset_with_extra_by_yield to 2024-11-17 00:00:00+00:00, run_after=2024-11-18 00:00:00+00:00
[2024-11-18T03:15:58.180+0000] {logging_mixin.py:190} INFO - [2024-11-18T03:15:58.180+0000] {dag.py:4156} INFO - Setting next_dagrun for dataset_with_extra_from_classic_operator to 2024-11-17 00:00:00+00:00, run_after=2024-11-18 00:00:00+00:00
[2024-11-18T03:15:58.219+0000] {processor.py:208} INFO - Processing /home/airflow/.local/lib/python3.12/site-packages/airflow/example_dags/example_outlet_event_extra.py took 0.895 seconds
[2024-11-18T03:16:29.214+0000] {processor.py:186} INFO - Started process (PID=2584) to work on /home/airflow/.local/lib/python3.12/site-packages/airflow/example_dags/example_outlet_event_extra.py
[2024-11-18T03:16:29.217+0000] {processor.py:914} INFO - Processing file /home/airflow/.local/lib/python3.12/site-packages/airflow/example_dags/example_outlet_event_extra.py for tasks to queue
[2024-11-18T03:16:29.230+0000] {logging_mixin.py:190} INFO - [2024-11-18T03:16:29.228+0000] {dagbag.py:587} INFO - Filling up the DagBag from /home/airflow/.local/lib/python3.12/site-packages/airflow/example_dags/example_outlet_event_extra.py
[2024-11-18T03:16:32.022+0000] {processor.py:925} INFO - DAG(s) 'dataset_with_extra_by_context', 'dataset_with_extra_by_yield', 'dataset_with_extra_from_classic_operator' retrieved from /home/airflow/.local/lib/python3.12/site-packages/airflow/example_dags/example_outlet_event_extra.py
[2024-11-18T03:16:32.146+0000] {logging_mixin.py:190} INFO - [2024-11-18T03:16:32.143+0000] {dag.py:3229} INFO - Sync 3 DAGs
[2024-11-18T03:16:32.209+0000] {logging_mixin.py:190} INFO - [2024-11-18T03:16:32.209+0000] {dag.py:4156} INFO - Setting next_dagrun for dataset_with_extra_by_context to 2024-11-17 00:00:00+00:00, run_after=2024-11-18 00:00:00+00:00
[2024-11-18T03:16:32.221+0000] {logging_mixin.py:190} INFO - [2024-11-18T03:16:32.219+0000] {dag.py:4156} INFO - Setting next_dagrun for dataset_with_extra_by_yield to 2024-11-17 00:00:00+00:00, run_after=2024-11-18 00:00:00+00:00
[2024-11-18T03:16:32.226+0000] {logging_mixin.py:190} INFO - [2024-11-18T03:16:32.226+0000] {dag.py:4156} INFO - Setting next_dagrun for dataset_with_extra_from_classic_operator to 2024-11-17 00:00:00+00:00, run_after=2024-11-18 00:00:00+00:00
[2024-11-18T03:16:32.403+0000] {processor.py:208} INFO - Processing /home/airflow/.local/lib/python3.12/site-packages/airflow/example_dags/example_outlet_event_extra.py took 3.212 seconds
[2024-11-18T03:17:02.971+0000] {processor.py:186} INFO - Started process (PID=2655) to work on /home/airflow/.local/lib/python3.12/site-packages/airflow/example_dags/example_outlet_event_extra.py
[2024-11-18T03:17:02.975+0000] {processor.py:914} INFO - Processing file /home/airflow/.local/lib/python3.12/site-packages/airflow/example_dags/example_outlet_event_extra.py for tasks to queue
[2024-11-18T03:17:02.983+0000] {logging_mixin.py:190} INFO - [2024-11-18T03:17:02.983+0000] {dagbag.py:587} INFO - Filling up the DagBag from /home/airflow/.local/lib/python3.12/site-packages/airflow/example_dags/example_outlet_event_extra.py
