[2024-11-18T02:55:44.847+0000] {processor.py:186} INFO - Started process (PID=106) to work on /home/airflow/.local/lib/python3.12/site-packages/airflow/example_dags/example_skip_dag.py
[2024-11-18T02:55:44.853+0000] {processor.py:914} INFO - Processing file /home/airflow/.local/lib/python3.12/site-packages/airflow/example_dags/example_skip_dag.py for tasks to queue
[2024-11-18T02:55:44.871+0000] {logging_mixin.py:190} INFO - [2024-11-18T02:55:44.865+0000] {dagbag.py:587} INFO - Filling up the DagBag from /home/airflow/.local/lib/python3.12/site-packages/airflow/example_dags/example_skip_dag.py
[2024-11-18T02:55:44.917+0000] {processor.py:925} INFO - DAG(s) 'example_skip_dag' retrieved from /home/airflow/.local/lib/python3.12/site-packages/airflow/example_dags/example_skip_dag.py
[2024-11-18T02:55:45.078+0000] {logging_mixin.py:190} INFO - [2024-11-18T02:55:45.075+0000] {dag.py:3229} INFO - Sync 1 DAGs
[2024-11-18T02:55:45.235+0000] {logging_mixin.py:190} INFO - [2024-11-18T02:55:45.235+0000] {dag.py:4156} INFO - Setting next_dagrun for example_skip_dag to 2024-11-17 00:00:00+00:00, run_after=2024-11-18 00:00:00+00:00
[2024-11-18T02:55:45.429+0000] {processor.py:208} INFO - Processing /home/airflow/.local/lib/python3.12/site-packages/airflow/example_dags/example_skip_dag.py took 0.629 seconds
[2024-11-18T02:56:15.896+0000] {processor.py:186} INFO - Started process (PID=168) to work on /home/airflow/.local/lib/python3.12/site-packages/airflow/example_dags/example_skip_dag.py
[2024-11-18T02:56:15.903+0000] {processor.py:914} INFO - Processing file /home/airflow/.local/lib/python3.12/site-packages/airflow/example_dags/example_skip_dag.py for tasks to queue
[2024-11-18T02:56:15.915+0000] {logging_mixin.py:190} INFO - [2024-11-18T02:56:15.915+0000] {dagbag.py:587} INFO - Filling up the DagBag from /home/airflow/.local/lib/python3.12/site-packages/airflow/example_dags/example_skip_dag.py
[2024-11-18T02:56:15.965+0000] {processor.py:925} INFO - DAG(s) 'example_skip_dag' retrieved from /home/airflow/.local/lib/python3.12/site-packages/airflow/example_dags/example_skip_dag.py
[2024-11-18T02:56:16.074+0000] {logging_mixin.py:190} INFO - [2024-11-18T02:56:16.074+0000] {dag.py:3229} INFO - Sync 1 DAGs
[2024-11-18T02:56:16.224+0000] {logging_mixin.py:190} INFO - [2024-11-18T02:56:16.224+0000] {dag.py:4156} INFO - Setting next_dagrun for example_skip_dag to 2024-11-17 00:00:00+00:00, run_after=2024-11-18 00:00:00+00:00
[2024-11-18T02:56:16.326+0000] {processor.py:208} INFO - Processing /home/airflow/.local/lib/python3.12/site-packages/airflow/example_dags/example_skip_dag.py took 0.471 seconds
[2024-11-18T02:56:46.591+0000] {processor.py:186} INFO - Started process (PID=230) to work on /home/airflow/.local/lib/python3.12/site-packages/airflow/example_dags/example_skip_dag.py
[2024-11-18T02:56:46.594+0000] {processor.py:914} INFO - Processing file /home/airflow/.local/lib/python3.12/site-packages/airflow/example_dags/example_skip_dag.py for tasks to queue
[2024-11-18T02:56:46.600+0000] {logging_mixin.py:190} INFO - [2024-11-18T02:56:46.599+0000] {dagbag.py:587} INFO - Filling up the DagBag from /home/airflow/.local/lib/python3.12/site-packages/airflow/example_dags/example_skip_dag.py
[2024-11-18T02:56:46.610+0000] {processor.py:925} INFO - DAG(s) 'example_skip_dag' retrieved from /home/airflow/.local/lib/python3.12/site-packages/airflow/example_dags/example_skip_dag.py
[2024-11-18T02:56:46.632+0000] {logging_mixin.py:190} INFO - [2024-11-18T02:56:46.631+0000] {dag.py:3229} INFO - Sync 1 DAGs
[2024-11-18T02:56:46.654+0000] {logging_mixin.py:190} INFO - [2024-11-18T02:56:46.653+0000] {dag.py:4156} INFO - Setting next_dagrun for example_skip_dag to 2024-11-17 00:00:00+00:00, run_after=2024-11-18 00:00:00+00:00
[2024-11-18T02:56:46.672+0000] {processor.py:208} INFO - Processing /home/airflow/.local/lib/python3.12/site-packages/airflow/example_dags/example_skip_dag.py took 0.095 seconds
[2024-11-18T02:57:17.112+0000] {processor.py:186} INFO - Started process (PID=291) to work on /home/airflow/.local/lib/python3.12/site-packages/airflow/example_dags/example_skip_dag.py
[2024-11-18T02:57:17.114+0000] {processor.py:914} INFO - Processing file /home/airflow/.local/lib/python3.12/site-packages/airflow/example_dags/example_skip_dag.py for tasks to queue
[2024-11-18T02:57:17.118+0000] {logging_mixin.py:190} INFO - [2024-11-18T02:57:17.118+0000] {dagbag.py:587} INFO - Filling up the DagBag from /home/airflow/.local/lib/python3.12/site-packages/airflow/example_dags/example_skip_dag.py
[2024-11-18T02:57:17.136+0000] {processor.py:925} INFO - DAG(s) 'example_skip_dag' retrieved from /home/airflow/.local/lib/python3.12/site-packages/airflow/example_dags/example_skip_dag.py
[2024-11-18T02:57:17.184+0000] {logging_mixin.py:190} INFO - [2024-11-18T02:57:17.183+0000] {dag.py:3229} INFO - Sync 1 DAGs
[2024-11-18T02:57:17.233+0000] {logging_mixin.py:190} INFO - [2024-11-18T02:57:17.233+0000] {dag.py:4156} INFO - Setting next_dagrun for example_skip_dag to 2024-11-17 00:00:00+00:00, run_after=2024-11-18 00:00:00+00:00
[2024-11-18T02:57:17.269+0000] {processor.py:208} INFO - Processing /home/airflow/.local/lib/python3.12/site-packages/airflow/example_dags/example_skip_dag.py took 0.177 seconds
[2024-11-18T02:57:48.201+0000] {processor.py:186} INFO - Started process (PID=353) to work on /home/airflow/.local/lib/python3.12/site-packages/airflow/example_dags/example_skip_dag.py
[2024-11-18T02:57:48.209+0000] {processor.py:914} INFO - Processing file /home/airflow/.local/lib/python3.12/site-packages/airflow/example_dags/example_skip_dag.py for tasks to queue
[2024-11-18T02:57:48.213+0000] {logging_mixin.py:190} INFO - [2024-11-18T02:57:48.213+0000] {dagbag.py:587} INFO - Filling up the DagBag from /home/airflow/.local/lib/python3.12/site-packages/airflow/example_dags/example_skip_dag.py
[2024-11-18T02:57:48.229+0000] {processor.py:925} INFO - DAG(s) 'example_skip_dag' retrieved from /home/airflow/.local/lib/python3.12/site-packages/airflow/example_dags/example_skip_dag.py
[2024-11-18T02:57:48.270+0000] {logging_mixin.py:190} INFO - [2024-11-18T02:57:48.270+0000] {dag.py:3229} INFO - Sync 1 DAGs
[2024-11-18T02:57:48.322+0000] {logging_mixin.py:190} INFO - [2024-11-18T02:57:48.320+0000] {dag.py:4156} INFO - Setting next_dagrun for example_skip_dag to 2024-11-17 00:00:00+00:00, run_after=2024-11-18 00:00:00+00:00
[2024-11-18T02:57:48.353+0000] {processor.py:208} INFO - Processing /home/airflow/.local/lib/python3.12/site-packages/airflow/example_dags/example_skip_dag.py took 0.164 seconds
[2024-11-18T02:58:18.493+0000] {processor.py:186} INFO - Started process (PID=415) to work on /home/airflow/.local/lib/python3.12/site-packages/airflow/example_dags/example_skip_dag.py
[2024-11-18T02:58:18.495+0000] {processor.py:914} INFO - Processing file /home/airflow/.local/lib/python3.12/site-packages/airflow/example_dags/example_skip_dag.py for tasks to queue
[2024-11-18T02:58:18.499+0000] {logging_mixin.py:190} INFO - [2024-11-18T02:58:18.499+0000] {dagbag.py:587} INFO - Filling up the DagBag from /home/airflow/.local/lib/python3.12/site-packages/airflow/example_dags/example_skip_dag.py
[2024-11-18T02:58:18.515+0000] {processor.py:925} INFO - DAG(s) 'example_skip_dag' retrieved from /home/airflow/.local/lib/python3.12/site-packages/airflow/example_dags/example_skip_dag.py
[2024-11-18T02:58:18.558+0000] {logging_mixin.py:190} INFO - [2024-11-18T02:58:18.558+0000] {dag.py:3229} INFO - Sync 1 DAGs
[2024-11-18T02:58:18.610+0000] {logging_mixin.py:190} INFO - [2024-11-18T02:58:18.609+0000] {dag.py:4156} INFO - Setting next_dagrun for example_skip_dag to 2024-11-17 00:00:00+00:00, run_after=2024-11-18 00:00:00+00:00
[2024-11-18T02:58:18.640+0000] {processor.py:208} INFO - Processing /home/airflow/.local/lib/python3.12/site-packages/airflow/example_dags/example_skip_dag.py took 0.162 seconds
[2024-11-18T02:58:49.259+0000] {processor.py:186} INFO - Started process (PID=484) to work on /home/airflow/.local/lib/python3.12/site-packages/airflow/example_dags/example_skip_dag.py
[2024-11-18T02:58:49.265+0000] {processor.py:914} INFO - Processing file /home/airflow/.local/lib/python3.12/site-packages/airflow/example_dags/example_skip_dag.py for tasks to queue
[2024-11-18T02:58:49.277+0000] {logging_mixin.py:190} INFO - [2024-11-18T02:58:49.277+0000] {dagbag.py:587} INFO - Filling up the DagBag from /home/airflow/.local/lib/python3.12/site-packages/airflow/example_dags/example_skip_dag.py
[2024-11-18T02:58:49.331+0000] {processor.py:925} INFO - DAG(s) 'example_skip_dag' retrieved from /home/airflow/.local/lib/python3.12/site-packages/airflow/example_dags/example_skip_dag.py
[2024-11-18T02:58:49.454+0000] {logging_mixin.py:190} INFO - [2024-11-18T02:58:49.454+0000] {dag.py:3229} INFO - Sync 1 DAGs
[2024-11-18T02:58:49.598+0000] {logging_mixin.py:190} INFO - [2024-11-18T02:58:49.598+0000] {dag.py:4156} INFO - Setting next_dagrun for example_skip_dag to 2024-11-17 00:00:00+00:00, run_after=2024-11-18 00:00:00+00:00
[2024-11-18T02:58:49.702+0000] {processor.py:208} INFO - Processing /home/airflow/.local/lib/python3.12/site-packages/airflow/example_dags/example_skip_dag.py took 0.488 seconds
[2024-11-18T02:59:20.514+0000] {processor.py:186} INFO - Started process (PID=545) to work on /home/airflow/.local/lib/python3.12/site-packages/airflow/example_dags/example_skip_dag.py
[2024-11-18T02:59:20.517+0000] {processor.py:914} INFO - Processing file /home/airflow/.local/lib/python3.12/site-packages/airflow/example_dags/example_skip_dag.py for tasks to queue
[2024-11-18T02:59:20.523+0000] {logging_mixin.py:190} INFO - [2024-11-18T02:59:20.523+0000] {dagbag.py:587} INFO - Filling up the DagBag from /home/airflow/.local/lib/python3.12/site-packages/airflow/example_dags/example_skip_dag.py
[2024-11-18T02:59:20.549+0000] {processor.py:925} INFO - DAG(s) 'example_skip_dag' retrieved from /home/airflow/.local/lib/python3.12/site-packages/airflow/example_dags/example_skip_dag.py
[2024-11-18T02:59:20.595+0000] {logging_mixin.py:190} INFO - [2024-11-18T02:59:20.594+0000] {dag.py:3229} INFO - Sync 1 DAGs
[2024-11-18T02:59:20.641+0000] {logging_mixin.py:190} INFO - [2024-11-18T02:59:20.640+0000] {dag.py:4156} INFO - Setting next_dagrun for example_skip_dag to 2024-11-17 00:00:00+00:00, run_after=2024-11-18 00:00:00+00:00
[2024-11-18T02:59:20.691+0000] {processor.py:208} INFO - Processing /home/airflow/.local/lib/python3.12/site-packages/airflow/example_dags/example_skip_dag.py took 0.190 seconds
[2024-11-18T02:59:51.458+0000] {processor.py:186} INFO - Started process (PID=607) to work on /home/airflow/.local/lib/python3.12/site-packages/airflow/example_dags/example_skip_dag.py
[2024-11-18T02:59:51.461+0000] {processor.py:914} INFO - Processing file /home/airflow/.local/lib/python3.12/site-packages/airflow/example_dags/example_skip_dag.py for tasks to queue
[2024-11-18T02:59:51.467+0000] {logging_mixin.py:190} INFO - [2024-11-18T02:59:51.467+0000] {dagbag.py:587} INFO - Filling up the DagBag from /home/airflow/.local/lib/python3.12/site-packages/airflow/example_dags/example_skip_dag.py
[2024-11-18T02:59:51.491+0000] {processor.py:925} INFO - DAG(s) 'example_skip_dag' retrieved from /home/airflow/.local/lib/python3.12/site-packages/airflow/example_dags/example_skip_dag.py
[2024-11-18T02:59:51.540+0000] {logging_mixin.py:190} INFO - [2024-11-18T02:59:51.540+0000] {dag.py:3229} INFO - Sync 1 DAGs
[2024-11-18T02:59:51.587+0000] {logging_mixin.py:190} INFO - [2024-11-18T02:59:51.587+0000] {dag.py:4156} INFO - Setting next_dagrun for example_skip_dag to 2024-11-17 00:00:00+00:00, run_after=2024-11-18 00:00:00+00:00
[2024-11-18T02:59:51.622+0000] {processor.py:208} INFO - Processing /home/airflow/.local/lib/python3.12/site-packages/airflow/example_dags/example_skip_dag.py took 0.179 seconds
[2024-11-18T03:00:22.374+0000] {processor.py:186} INFO - Started process (PID=669) to work on /home/airflow/.local/lib/python3.12/site-packages/airflow/example_dags/example_skip_dag.py
[2024-11-18T03:00:22.376+0000] {processor.py:914} INFO - Processing file /home/airflow/.local/lib/python3.12/site-packages/airflow/example_dags/example_skip_dag.py for tasks to queue
[2024-11-18T03:00:22.382+0000] {logging_mixin.py:190} INFO - [2024-11-18T03:00:22.380+0000] {dagbag.py:587} INFO - Filling up the DagBag from /home/airflow/.local/lib/python3.12/site-packages/airflow/example_dags/example_skip_dag.py
[2024-11-18T03:00:22.401+0000] {processor.py:925} INFO - DAG(s) 'example_skip_dag' retrieved from /home/airflow/.local/lib/python3.12/site-packages/airflow/example_dags/example_skip_dag.py
[2024-11-18T03:00:22.445+0000] {logging_mixin.py:190} INFO - [2024-11-18T03:00:22.445+0000] {dag.py:3229} INFO - Sync 1 DAGs
[2024-11-18T03:00:22.498+0000] {logging_mixin.py:190} INFO - [2024-11-18T03:00:22.498+0000] {dag.py:4156} INFO - Setting next_dagrun for example_skip_dag to 2024-11-17 00:00:00+00:00, run_after=2024-11-18 00:00:00+00:00
[2024-11-18T03:00:22.537+0000] {processor.py:208} INFO - Processing /home/airflow/.local/lib/python3.12/site-packages/airflow/example_dags/example_skip_dag.py took 0.181 seconds
[2024-11-18T03:00:53.194+0000] {processor.py:186} INFO - Started process (PID=732) to work on /home/airflow/.local/lib/python3.12/site-packages/airflow/example_dags/example_skip_dag.py
[2024-11-18T03:00:53.197+0000] {processor.py:914} INFO - Processing file /home/airflow/.local/lib/python3.12/site-packages/airflow/example_dags/example_skip_dag.py for tasks to queue
[2024-11-18T03:00:53.201+0000] {logging_mixin.py:190} INFO - [2024-11-18T03:00:53.201+0000] {dagbag.py:587} INFO - Filling up the DagBag from /home/airflow/.local/lib/python3.12/site-packages/airflow/example_dags/example_skip_dag.py
[2024-11-18T03:00:53.217+0000] {processor.py:925} INFO - DAG(s) 'example_skip_dag' retrieved from /home/airflow/.local/lib/python3.12/site-packages/airflow/example_dags/example_skip_dag.py
[2024-11-18T03:00:53.260+0000] {logging_mixin.py:190} INFO - [2024-11-18T03:00:53.260+0000] {dag.py:3229} INFO - Sync 1 DAGs
[2024-11-18T03:00:53.305+0000] {logging_mixin.py:190} INFO - [2024-11-18T03:00:53.305+0000] {dag.py:4156} INFO - Setting next_dagrun for example_skip_dag to 2024-11-17 00:00:00+00:00, run_after=2024-11-18 00:00:00+00:00
[2024-11-18T03:00:53.346+0000] {processor.py:208} INFO - Processing /home/airflow/.local/lib/python3.12/site-packages/airflow/example_dags/example_skip_dag.py took 0.165 seconds
[2024-11-18T03:01:23.620+0000] {processor.py:186} INFO - Started process (PID=794) to work on /home/airflow/.local/lib/python3.12/site-packages/airflow/example_dags/example_skip_dag.py
[2024-11-18T03:01:23.622+0000] {processor.py:914} INFO - Processing file /home/airflow/.local/lib/python3.12/site-packages/airflow/example_dags/example_skip_dag.py for tasks to queue
[2024-11-18T03:01:23.633+0000] {logging_mixin.py:190} INFO - [2024-11-18T03:01:23.629+0000] {dagbag.py:587} INFO - Filling up the DagBag from /home/airflow/.local/lib/python3.12/site-packages/airflow/example_dags/example_skip_dag.py
[2024-11-18T03:01:23.664+0000] {processor.py:925} INFO - DAG(s) 'example_skip_dag' retrieved from /home/airflow/.local/lib/python3.12/site-packages/airflow/example_dags/example_skip_dag.py
[2024-11-18T03:01:23.762+0000] {logging_mixin.py:190} INFO - [2024-11-18T03:01:23.761+0000] {dag.py:3229} INFO - Sync 1 DAGs
[2024-11-18T03:01:23.843+0000] {logging_mixin.py:190} INFO - [2024-11-18T03:01:23.843+0000] {dag.py:4156} INFO - Setting next_dagrun for example_skip_dag to 2024-11-17 00:00:00+00:00, run_after=2024-11-18 00:00:00+00:00
[2024-11-18T03:01:23.910+0000] {processor.py:208} INFO - Processing /home/airflow/.local/lib/python3.12/site-packages/airflow/example_dags/example_skip_dag.py took 0.316 seconds
[2024-11-18T03:01:54.698+0000] {processor.py:186} INFO - Started process (PID=856) to work on /home/airflow/.local/lib/python3.12/site-packages/airflow/example_dags/example_skip_dag.py
[2024-11-18T03:01:54.702+0000] {processor.py:914} INFO - Processing file /home/airflow/.local/lib/python3.12/site-packages/airflow/example_dags/example_skip_dag.py for tasks to queue
[2024-11-18T03:01:54.716+0000] {logging_mixin.py:190} INFO - [2024-11-18T03:01:54.709+0000] {dagbag.py:587} INFO - Filling up the DagBag from /home/airflow/.local/lib/python3.12/site-packages/airflow/example_dags/example_skip_dag.py
[2024-11-18T03:01:54.759+0000] {processor.py:925} INFO - DAG(s) 'example_skip_dag' retrieved from /home/airflow/.local/lib/python3.12/site-packages/airflow/example_dags/example_skip_dag.py
[2024-11-18T03:01:54.848+0000] {logging_mixin.py:190} INFO - [2024-11-18T03:01:54.848+0000] {dag.py:3229} INFO - Sync 1 DAGs
[2024-11-18T03:01:54.934+0000] {logging_mixin.py:190} INFO - [2024-11-18T03:01:54.934+0000] {dag.py:4156} INFO - Setting next_dagrun for example_skip_dag to 2024-11-17 00:00:00+00:00, run_after=2024-11-18 00:00:00+00:00
[2024-11-18T03:01:55.002+0000] {processor.py:208} INFO - Processing /home/airflow/.local/lib/python3.12/site-packages/airflow/example_dags/example_skip_dag.py took 0.356 seconds
[2024-11-18T03:02:25.442+0000] {processor.py:186} INFO - Started process (PID=918) to work on /home/airflow/.local/lib/python3.12/site-packages/airflow/example_dags/example_skip_dag.py
[2024-11-18T03:02:25.447+0000] {processor.py:914} INFO - Processing file /home/airflow/.local/lib/python3.12/site-packages/airflow/example_dags/example_skip_dag.py for tasks to queue
[2024-11-18T03:02:25.451+0000] {logging_mixin.py:190} INFO - [2024-11-18T03:02:25.451+0000] {dagbag.py:587} INFO - Filling up the DagBag from /home/airflow/.local/lib/python3.12/site-packages/airflow/example_dags/example_skip_dag.py
[2024-11-18T03:02:25.472+0000] {processor.py:925} INFO - DAG(s) 'example_skip_dag' retrieved from /home/airflow/.local/lib/python3.12/site-packages/airflow/example_dags/example_skip_dag.py
[2024-11-18T03:02:25.516+0000] {logging_mixin.py:190} INFO - [2024-11-18T03:02:25.516+0000] {dag.py:3229} INFO - Sync 1 DAGs
[2024-11-18T03:02:25.566+0000] {logging_mixin.py:190} INFO - [2024-11-18T03:02:25.564+0000] {dag.py:4156} INFO - Setting next_dagrun for example_skip_dag to 2024-11-17 00:00:00+00:00, run_after=2024-11-18 00:00:00+00:00
[2024-11-18T03:02:25.601+0000] {processor.py:208} INFO - Processing /home/airflow/.local/lib/python3.12/site-packages/airflow/example_dags/example_skip_dag.py took 0.171 seconds
[2024-11-18T03:02:55.779+0000] {processor.py:186} INFO - Started process (PID=980) to work on /home/airflow/.local/lib/python3.12/site-packages/airflow/example_dags/example_skip_dag.py
[2024-11-18T03:02:55.781+0000] {processor.py:914} INFO - Processing file /home/airflow/.local/lib/python3.12/site-packages/airflow/example_dags/example_skip_dag.py for tasks to queue
[2024-11-18T03:02:55.786+0000] {logging_mixin.py:190} INFO - [2024-11-18T03:02:55.786+0000] {dagbag.py:587} INFO - Filling up the DagBag from /home/airflow/.local/lib/python3.12/site-packages/airflow/example_dags/example_skip_dag.py
[2024-11-18T03:02:55.801+0000] {processor.py:925} INFO - DAG(s) 'example_skip_dag' retrieved from /home/airflow/.local/lib/python3.12/site-packages/airflow/example_dags/example_skip_dag.py
[2024-11-18T03:02:55.850+0000] {logging_mixin.py:190} INFO - [2024-11-18T03:02:55.850+0000] {dag.py:3229} INFO - Sync 1 DAGs
[2024-11-18T03:02:55.896+0000] {logging_mixin.py:190} INFO - [2024-11-18T03:02:55.896+0000] {dag.py:4156} INFO - Setting next_dagrun for example_skip_dag to 2024-11-17 00:00:00+00:00, run_after=2024-11-18 00:00:00+00:00
[2024-11-18T03:02:55.925+0000] {processor.py:208} INFO - Processing /home/airflow/.local/lib/python3.12/site-packages/airflow/example_dags/example_skip_dag.py took 0.159 seconds
[2024-11-18T03:03:26.053+0000] {processor.py:186} INFO - Started process (PID=1041) to work on /home/airflow/.local/lib/python3.12/site-packages/airflow/example_dags/example_skip_dag.py
[2024-11-18T03:03:26.055+0000] {processor.py:914} INFO - Processing file /home/airflow/.local/lib/python3.12/site-packages/airflow/example_dags/example_skip_dag.py for tasks to queue
[2024-11-18T03:03:26.059+0000] {logging_mixin.py:190} INFO - [2024-11-18T03:03:26.058+0000] {dagbag.py:587} INFO - Filling up the DagBag from /home/airflow/.local/lib/python3.12/site-packages/airflow/example_dags/example_skip_dag.py
[2024-11-18T03:03:26.075+0000] {processor.py:925} INFO - DAG(s) 'example_skip_dag' retrieved from /home/airflow/.local/lib/python3.12/site-packages/airflow/example_dags/example_skip_dag.py
[2024-11-18T03:03:26.121+0000] {logging_mixin.py:190} INFO - [2024-11-18T03:03:26.121+0000] {dag.py:3229} INFO - Sync 1 DAGs
[2024-11-18T03:03:26.167+0000] {logging_mixin.py:190} INFO - [2024-11-18T03:03:26.165+0000] {dag.py:4156} INFO - Setting next_dagrun for example_skip_dag to 2024-11-17 00:00:00+00:00, run_after=2024-11-18 00:00:00+00:00
[2024-11-18T03:03:26.195+0000] {processor.py:208} INFO - Processing /home/airflow/.local/lib/python3.12/site-packages/airflow/example_dags/example_skip_dag.py took 0.158 seconds
[2024-11-18T03:03:57.035+0000] {processor.py:186} INFO - Started process (PID=1103) to work on /home/airflow/.local/lib/python3.12/site-packages/airflow/example_dags/example_skip_dag.py
[2024-11-18T03:03:57.038+0000] {processor.py:914} INFO - Processing file /home/airflow/.local/lib/python3.12/site-packages/airflow/example_dags/example_skip_dag.py for tasks to queue
[2024-11-18T03:03:57.042+0000] {logging_mixin.py:190} INFO - [2024-11-18T03:03:57.042+0000] {dagbag.py:587} INFO - Filling up the DagBag from /home/airflow/.local/lib/python3.12/site-packages/airflow/example_dags/example_skip_dag.py
[2024-11-18T03:03:57.060+0000] {processor.py:925} INFO - DAG(s) 'example_skip_dag' retrieved from /home/airflow/.local/lib/python3.12/site-packages/airflow/example_dags/example_skip_dag.py
[2024-11-18T03:03:57.106+0000] {logging_mixin.py:190} INFO - [2024-11-18T03:03:57.106+0000] {dag.py:3229} INFO - Sync 1 DAGs
[2024-11-18T03:03:57.154+0000] {logging_mixin.py:190} INFO - [2024-11-18T03:03:57.153+0000] {dag.py:4156} INFO - Setting next_dagrun for example_skip_dag to 2024-11-17 00:00:00+00:00, run_after=2024-11-18 00:00:00+00:00
[2024-11-18T03:03:57.187+0000] {processor.py:208} INFO - Processing /home/airflow/.local/lib/python3.12/site-packages/airflow/example_dags/example_skip_dag.py took 0.164 seconds
[2024-11-18T03:04:27.353+0000] {processor.py:186} INFO - Started process (PID=1165) to work on /home/airflow/.local/lib/python3.12/site-packages/airflow/example_dags/example_skip_dag.py
[2024-11-18T03:04:27.357+0000] {processor.py:914} INFO - Processing file /home/airflow/.local/lib/python3.12/site-packages/airflow/example_dags/example_skip_dag.py for tasks to queue
[2024-11-18T03:04:27.361+0000] {logging_mixin.py:190} INFO - [2024-11-18T03:04:27.359+0000] {dagbag.py:587} INFO - Filling up the DagBag from /home/airflow/.local/lib/python3.12/site-packages/airflow/example_dags/example_skip_dag.py
[2024-11-18T03:04:27.377+0000] {processor.py:925} INFO - DAG(s) 'example_skip_dag' retrieved from /home/airflow/.local/lib/python3.12/site-packages/airflow/example_dags/example_skip_dag.py
[2024-11-18T03:04:27.424+0000] {logging_mixin.py:190} INFO - [2024-11-18T03:04:27.423+0000] {dag.py:3229} INFO - Sync 1 DAGs
[2024-11-18T03:04:27.477+0000] {logging_mixin.py:190} INFO - [2024-11-18T03:04:27.477+0000] {dag.py:4156} INFO - Setting next_dagrun for example_skip_dag to 2024-11-17 00:00:00+00:00, run_after=2024-11-18 00:00:00+00:00
[2024-11-18T03:04:27.520+0000] {processor.py:208} INFO - Processing /home/airflow/.local/lib/python3.12/site-packages/airflow/example_dags/example_skip_dag.py took 0.178 seconds
[2024-11-18T03:04:59.212+0000] {processor.py:186} INFO - Started process (PID=1227) to work on /home/airflow/.local/lib/python3.12/site-packages/airflow/example_dags/example_skip_dag.py
[2024-11-18T03:04:59.215+0000] {processor.py:914} INFO - Processing file /home/airflow/.local/lib/python3.12/site-packages/airflow/example_dags/example_skip_dag.py for tasks to queue
[2024-11-18T03:04:59.225+0000] {logging_mixin.py:190} INFO - [2024-11-18T03:04:59.223+0000] {dagbag.py:587} INFO - Filling up the DagBag from /home/airflow/.local/lib/python3.12/site-packages/airflow/example_dags/example_skip_dag.py
[2024-11-18T03:04:59.257+0000] {processor.py:925} INFO - DAG(s) 'example_skip_dag' retrieved from /home/airflow/.local/lib/python3.12/site-packages/airflow/example_dags/example_skip_dag.py
[2024-11-18T03:04:59.339+0000] {logging_mixin.py:190} INFO - [2024-11-18T03:04:59.339+0000] {dag.py:3229} INFO - Sync 1 DAGs
[2024-11-18T03:04:59.432+0000] {logging_mixin.py:190} INFO - [2024-11-18T03:04:59.432+0000] {dag.py:4156} INFO - Setting next_dagrun for example_skip_dag to 2024-11-17 00:00:00+00:00, run_after=2024-11-18 00:00:00+00:00
[2024-11-18T03:04:59.501+0000] {processor.py:208} INFO - Processing /home/airflow/.local/lib/python3.12/site-packages/airflow/example_dags/example_skip_dag.py took 0.317 seconds
[2024-11-18T03:05:30.395+0000] {processor.py:186} INFO - Started process (PID=1289) to work on /home/airflow/.local/lib/python3.12/site-packages/airflow/example_dags/example_skip_dag.py
[2024-11-18T03:05:30.400+0000] {processor.py:914} INFO - Processing file /home/airflow/.local/lib/python3.12/site-packages/airflow/example_dags/example_skip_dag.py for tasks to queue
[2024-11-18T03:05:30.410+0000] {logging_mixin.py:190} INFO - [2024-11-18T03:05:30.406+0000] {dagbag.py:587} INFO - Filling up the DagBag from /home/airflow/.local/lib/python3.12/site-packages/airflow/example_dags/example_skip_dag.py
[2024-11-18T03:05:30.443+0000] {processor.py:925} INFO - DAG(s) 'example_skip_dag' retrieved from /home/airflow/.local/lib/python3.12/site-packages/airflow/example_dags/example_skip_dag.py
[2024-11-18T03:05:30.537+0000] {logging_mixin.py:190} INFO - [2024-11-18T03:05:30.537+0000] {dag.py:3229} INFO - Sync 1 DAGs
[2024-11-18T03:05:30.615+0000] {logging_mixin.py:190} INFO - [2024-11-18T03:05:30.612+0000] {dag.py:4156} INFO - Setting next_dagrun for example_skip_dag to 2024-11-17 00:00:00+00:00, run_after=2024-11-18 00:00:00+00:00
[2024-11-18T03:05:30.673+0000] {processor.py:208} INFO - Processing /home/airflow/.local/lib/python3.12/site-packages/airflow/example_dags/example_skip_dag.py took 0.302 seconds
[2024-11-18T03:06:00.854+0000] {processor.py:186} INFO - Started process (PID=1351) to work on /home/airflow/.local/lib/python3.12/site-packages/airflow/example_dags/example_skip_dag.py
[2024-11-18T03:06:00.856+0000] {processor.py:914} INFO - Processing file /home/airflow/.local/lib/python3.12/site-packages/airflow/example_dags/example_skip_dag.py for tasks to queue
[2024-11-18T03:06:00.859+0000] {logging_mixin.py:190} INFO - [2024-11-18T03:06:00.859+0000] {dagbag.py:587} INFO - Filling up the DagBag from /home/airflow/.local/lib/python3.12/site-packages/airflow/example_dags/example_skip_dag.py
[2024-11-18T03:06:00.879+0000] {processor.py:925} INFO - DAG(s) 'example_skip_dag' retrieved from /home/airflow/.local/lib/python3.12/site-packages/airflow/example_dags/example_skip_dag.py
[2024-11-18T03:06:00.920+0000] {logging_mixin.py:190} INFO - [2024-11-18T03:06:00.920+0000] {dag.py:3229} INFO - Sync 1 DAGs
[2024-11-18T03:06:00.966+0000] {logging_mixin.py:190} INFO - [2024-11-18T03:06:00.966+0000] {dag.py:4156} INFO - Setting next_dagrun for example_skip_dag to 2024-11-17 00:00:00+00:00, run_after=2024-11-18 00:00:00+00:00
[2024-11-18T03:06:01.013+0000] {processor.py:208} INFO - Processing /home/airflow/.local/lib/python3.12/site-packages/airflow/example_dags/example_skip_dag.py took 0.172 seconds
[2024-11-18T03:06:31.955+0000] {processor.py:186} INFO - Started process (PID=1413) to work on /home/airflow/.local/lib/python3.12/site-packages/airflow/example_dags/example_skip_dag.py
[2024-11-18T03:06:31.958+0000] {processor.py:914} INFO - Processing file /home/airflow/.local/lib/python3.12/site-packages/airflow/example_dags/example_skip_dag.py for tasks to queue
[2024-11-18T03:06:31.962+0000] {logging_mixin.py:190} INFO - [2024-11-18T03:06:31.962+0000] {dagbag.py:587} INFO - Filling up the DagBag from /home/airflow/.local/lib/python3.12/site-packages/airflow/example_dags/example_skip_dag.py
[2024-11-18T03:06:31.980+0000] {processor.py:925} INFO - DAG(s) 'example_skip_dag' retrieved from /home/airflow/.local/lib/python3.12/site-packages/airflow/example_dags/example_skip_dag.py
[2024-11-18T03:06:32.026+0000] {logging_mixin.py:190} INFO - [2024-11-18T03:06:32.026+0000] {dag.py:3229} INFO - Sync 1 DAGs
[2024-11-18T03:06:32.074+0000] {logging_mixin.py:190} INFO - [2024-11-18T03:06:32.074+0000] {dag.py:4156} INFO - Setting next_dagrun for example_skip_dag to 2024-11-17 00:00:00+00:00, run_after=2024-11-18 00:00:00+00:00
[2024-11-18T03:06:32.106+0000] {processor.py:208} INFO - Processing /home/airflow/.local/lib/python3.12/site-packages/airflow/example_dags/example_skip_dag.py took 0.162 seconds
[2024-11-18T03:07:03.251+0000] {processor.py:186} INFO - Started process (PID=1475) to work on /home/airflow/.local/lib/python3.12/site-packages/airflow/example_dags/example_skip_dag.py
[2024-11-18T03:07:03.252+0000] {processor.py:914} INFO - Processing file /home/airflow/.local/lib/python3.12/site-packages/airflow/example_dags/example_skip_dag.py for tasks to queue
[2024-11-18T03:07:03.262+0000] {logging_mixin.py:190} INFO - [2024-11-18T03:07:03.260+0000] {dagbag.py:587} INFO - Filling up the DagBag from /home/airflow/.local/lib/python3.12/site-packages/airflow/example_dags/example_skip_dag.py
[2024-11-18T03:07:03.279+0000] {processor.py:925} INFO - DAG(s) 'example_skip_dag' retrieved from /home/airflow/.local/lib/python3.12/site-packages/airflow/example_dags/example_skip_dag.py
[2024-11-18T03:07:03.324+0000] {logging_mixin.py:190} INFO - [2024-11-18T03:07:03.324+0000] {dag.py:3229} INFO - Sync 1 DAGs
[2024-11-18T03:07:03.372+0000] {logging_mixin.py:190} INFO - [2024-11-18T03:07:03.372+0000] {dag.py:4156} INFO - Setting next_dagrun for example_skip_dag to 2024-11-17 00:00:00+00:00, run_after=2024-11-18 00:00:00+00:00
[2024-11-18T03:07:03.409+0000] {processor.py:208} INFO - Processing /home/airflow/.local/lib/python3.12/site-packages/airflow/example_dags/example_skip_dag.py took 0.172 seconds
[2024-11-18T03:07:34.117+0000] {processor.py:186} INFO - Started process (PID=1536) to work on /home/airflow/.local/lib/python3.12/site-packages/airflow/example_dags/example_skip_dag.py
[2024-11-18T03:07:34.120+0000] {processor.py:914} INFO - Processing file /home/airflow/.local/lib/python3.12/site-packages/airflow/example_dags/example_skip_dag.py for tasks to queue
[2024-11-18T03:07:34.124+0000] {logging_mixin.py:190} INFO - [2024-11-18T03:07:34.124+0000] {dagbag.py:587} INFO - Filling up the DagBag from /home/airflow/.local/lib/python3.12/site-packages/airflow/example_dags/example_skip_dag.py
[2024-11-18T03:07:34.141+0000] {processor.py:925} INFO - DAG(s) 'example_skip_dag' retrieved from /home/airflow/.local/lib/python3.12/site-packages/airflow/example_dags/example_skip_dag.py
[2024-11-18T03:07:34.187+0000] {logging_mixin.py:190} INFO - [2024-11-18T03:07:34.187+0000] {dag.py:3229} INFO - Sync 1 DAGs
[2024-11-18T03:07:34.231+0000] {logging_mixin.py:190} INFO - [2024-11-18T03:07:34.231+0000] {dag.py:4156} INFO - Setting next_dagrun for example_skip_dag to 2024-11-17 00:00:00+00:00, run_after=2024-11-18 00:00:00+00:00
[2024-11-18T03:07:34.263+0000] {processor.py:208} INFO - Processing /home/airflow/.local/lib/python3.12/site-packages/airflow/example_dags/example_skip_dag.py took 0.160 seconds
[2024-11-18T03:08:04.470+0000] {processor.py:186} INFO - Started process (PID=1598) to work on /home/airflow/.local/lib/python3.12/site-packages/airflow/example_dags/example_skip_dag.py
[2024-11-18T03:08:04.474+0000] {processor.py:914} INFO - Processing file /home/airflow/.local/lib/python3.12/site-packages/airflow/example_dags/example_skip_dag.py for tasks to queue
[2024-11-18T03:08:04.478+0000] {logging_mixin.py:190} INFO - [2024-11-18T03:08:04.478+0000] {dagbag.py:587} INFO - Filling up the DagBag from /home/airflow/.local/lib/python3.12/site-packages/airflow/example_dags/example_skip_dag.py
[2024-11-18T03:08:04.495+0000] {processor.py:925} INFO - DAG(s) 'example_skip_dag' retrieved from /home/airflow/.local/lib/python3.12/site-packages/airflow/example_dags/example_skip_dag.py
[2024-11-18T03:08:04.545+0000] {logging_mixin.py:190} INFO - [2024-11-18T03:08:04.545+0000] {dag.py:3229} INFO - Sync 1 DAGs
[2024-11-18T03:08:04.591+0000] {logging_mixin.py:190} INFO - [2024-11-18T03:08:04.591+0000] {dag.py:4156} INFO - Setting next_dagrun for example_skip_dag to 2024-11-17 00:00:00+00:00, run_after=2024-11-18 00:00:00+00:00
[2024-11-18T03:08:04.623+0000] {processor.py:208} INFO - Processing /home/airflow/.local/lib/python3.12/site-packages/airflow/example_dags/example_skip_dag.py took 0.164 seconds
[2024-11-18T03:08:35.625+0000] {processor.py:186} INFO - Started process (PID=1662) to work on /home/airflow/.local/lib/python3.12/site-packages/airflow/example_dags/example_skip_dag.py
[2024-11-18T03:08:35.626+0000] {processor.py:914} INFO - Processing file /home/airflow/.local/lib/python3.12/site-packages/airflow/example_dags/example_skip_dag.py for tasks to queue
[2024-11-18T03:08:35.633+0000] {logging_mixin.py:190} INFO - [2024-11-18T03:08:35.633+0000] {dagbag.py:587} INFO - Filling up the DagBag from /home/airflow/.local/lib/python3.12/site-packages/airflow/example_dags/example_skip_dag.py
[2024-11-18T03:08:35.655+0000] {processor.py:925} INFO - DAG(s) 'example_skip_dag' retrieved from /home/airflow/.local/lib/python3.12/site-packages/airflow/example_dags/example_skip_dag.py
[2024-11-18T03:08:35.704+0000] {logging_mixin.py:190} INFO - [2024-11-18T03:08:35.704+0000] {dag.py:3229} INFO - Sync 1 DAGs
[2024-11-18T03:08:35.748+0000] {logging_mixin.py:190} INFO - [2024-11-18T03:08:35.747+0000] {dag.py:4156} INFO - Setting next_dagrun for example_skip_dag to 2024-11-17 00:00:00+00:00, run_after=2024-11-18 00:00:00+00:00
[2024-11-18T03:08:35.779+0000] {processor.py:208} INFO - Processing /home/airflow/.local/lib/python3.12/site-packages/airflow/example_dags/example_skip_dag.py took 0.167 seconds
[2024-11-18T03:09:06.548+0000] {processor.py:186} INFO - Started process (PID=1724) to work on /home/airflow/.local/lib/python3.12/site-packages/airflow/example_dags/example_skip_dag.py
[2024-11-18T03:09:06.550+0000] {processor.py:914} INFO - Processing file /home/airflow/.local/lib/python3.12/site-packages/airflow/example_dags/example_skip_dag.py for tasks to queue
[2024-11-18T03:09:06.554+0000] {logging_mixin.py:190} INFO - [2024-11-18T03:09:06.554+0000] {dagbag.py:587} INFO - Filling up the DagBag from /home/airflow/.local/lib/python3.12/site-packages/airflow/example_dags/example_skip_dag.py
[2024-11-18T03:09:06.571+0000] {processor.py:925} INFO - DAG(s) 'example_skip_dag' retrieved from /home/airflow/.local/lib/python3.12/site-packages/airflow/example_dags/example_skip_dag.py
[2024-11-18T03:09:06.613+0000] {logging_mixin.py:190} INFO - [2024-11-18T03:09:06.612+0000] {dag.py:3229} INFO - Sync 1 DAGs
[2024-11-18T03:09:06.659+0000] {logging_mixin.py:190} INFO - [2024-11-18T03:09:06.657+0000] {dag.py:4156} INFO - Setting next_dagrun for example_skip_dag to 2024-11-17 00:00:00+00:00, run_after=2024-11-18 00:00:00+00:00
[2024-11-18T03:09:06.692+0000] {processor.py:208} INFO - Processing /home/airflow/.local/lib/python3.12/site-packages/airflow/example_dags/example_skip_dag.py took 0.161 seconds
[2024-11-18T03:09:37.626+0000] {processor.py:186} INFO - Started process (PID=1787) to work on /home/airflow/.local/lib/python3.12/site-packages/airflow/example_dags/example_skip_dag.py
[2024-11-18T03:09:37.626+0000] {processor.py:914} INFO - Processing file /home/airflow/.local/lib/python3.12/site-packages/airflow/example_dags/example_skip_dag.py for tasks to queue
[2024-11-18T03:09:37.637+0000] {logging_mixin.py:190} INFO - [2024-11-18T03:09:37.634+0000] {dagbag.py:587} INFO - Filling up the DagBag from /home/airflow/.local/lib/python3.12/site-packages/airflow/example_dags/example_skip_dag.py
[2024-11-18T03:09:37.667+0000] {processor.py:925} INFO - DAG(s) 'example_skip_dag' retrieved from /home/airflow/.local/lib/python3.12/site-packages/airflow/example_dags/example_skip_dag.py
[2024-11-18T03:09:37.756+0000] {logging_mixin.py:190} INFO - [2024-11-18T03:09:37.756+0000] {dag.py:3229} INFO - Sync 1 DAGs
[2024-11-18T03:09:37.840+0000] {logging_mixin.py:190} INFO - [2024-11-18T03:09:37.840+0000] {dag.py:4156} INFO - Setting next_dagrun for example_skip_dag to 2024-11-17 00:00:00+00:00, run_after=2024-11-18 00:00:00+00:00
[2024-11-18T03:09:37.917+0000] {processor.py:208} INFO - Processing /home/airflow/.local/lib/python3.12/site-packages/airflow/example_dags/example_skip_dag.py took 0.325 seconds
[2024-11-18T03:10:08.305+0000] {processor.py:186} INFO - Started process (PID=1850) to work on /home/airflow/.local/lib/python3.12/site-packages/airflow/example_dags/example_skip_dag.py
[2024-11-18T03:10:08.309+0000] {processor.py:914} INFO - Processing file /home/airflow/.local/lib/python3.12/site-packages/airflow/example_dags/example_skip_dag.py for tasks to queue
[2024-11-18T03:10:08.313+0000] {logging_mixin.py:190} INFO - [2024-11-18T03:10:08.313+0000] {dagbag.py:587} INFO - Filling up the DagBag from /home/airflow/.local/lib/python3.12/site-packages/airflow/example_dags/example_skip_dag.py
[2024-11-18T03:10:08.333+0000] {processor.py:925} INFO - DAG(s) 'example_skip_dag' retrieved from /home/airflow/.local/lib/python3.12/site-packages/airflow/example_dags/example_skip_dag.py
[2024-11-18T03:10:08.379+0000] {logging_mixin.py:190} INFO - [2024-11-18T03:10:08.379+0000] {dag.py:3229} INFO - Sync 1 DAGs
[2024-11-18T03:10:08.424+0000] {logging_mixin.py:190} INFO - [2024-11-18T03:10:08.424+0000] {dag.py:4156} INFO - Setting next_dagrun for example_skip_dag to 2024-11-17 00:00:00+00:00, run_after=2024-11-18 00:00:00+00:00
[2024-11-18T03:10:08.459+0000] {processor.py:208} INFO - Processing /home/airflow/.local/lib/python3.12/site-packages/airflow/example_dags/example_skip_dag.py took 0.167 seconds
[2024-11-18T03:10:40.649+0000] {processor.py:186} INFO - Started process (PID=1912) to work on /home/airflow/.local/lib/python3.12/site-packages/airflow/example_dags/example_skip_dag.py
[2024-11-18T03:10:40.657+0000] {processor.py:914} INFO - Processing file /home/airflow/.local/lib/python3.12/site-packages/airflow/example_dags/example_skip_dag.py for tasks to queue
[2024-11-18T03:10:40.670+0000] {logging_mixin.py:190} INFO - [2024-11-18T03:10:40.666+0000] {dagbag.py:587} INFO - Filling up the DagBag from /home/airflow/.local/lib/python3.12/site-packages/airflow/example_dags/example_skip_dag.py
[2024-11-18T03:10:40.748+0000] {processor.py:925} INFO - DAG(s) 'example_skip_dag' retrieved from /home/airflow/.local/lib/python3.12/site-packages/airflow/example_dags/example_skip_dag.py
[2024-11-18T03:10:40.941+0000] {logging_mixin.py:190} INFO - [2024-11-18T03:10:40.941+0000] {dag.py:3229} INFO - Sync 1 DAGs
[2024-11-18T03:10:41.216+0000] {logging_mixin.py:190} INFO - [2024-11-18T03:10:41.216+0000] {dag.py:4156} INFO - Setting next_dagrun for example_skip_dag to 2024-11-17 00:00:00+00:00, run_after=2024-11-18 00:00:00+00:00
[2024-11-18T03:10:41.344+0000] {processor.py:208} INFO - Processing /home/airflow/.local/lib/python3.12/site-packages/airflow/example_dags/example_skip_dag.py took 0.727 seconds
[2024-11-18T03:11:11.523+0000] {processor.py:186} INFO - Started process (PID=1974) to work on /home/airflow/.local/lib/python3.12/site-packages/airflow/example_dags/example_skip_dag.py
[2024-11-18T03:11:11.528+0000] {processor.py:914} INFO - Processing file /home/airflow/.local/lib/python3.12/site-packages/airflow/example_dags/example_skip_dag.py for tasks to queue
[2024-11-18T03:11:11.537+0000] {logging_mixin.py:190} INFO - [2024-11-18T03:11:11.537+0000] {dagbag.py:587} INFO - Filling up the DagBag from /home/airflow/.local/lib/python3.12/site-packages/airflow/example_dags/example_skip_dag.py
[2024-11-18T03:11:11.558+0000] {processor.py:925} INFO - DAG(s) 'example_skip_dag' retrieved from /home/airflow/.local/lib/python3.12/site-packages/airflow/example_dags/example_skip_dag.py
[2024-11-18T03:11:11.613+0000] {logging_mixin.py:190} INFO - [2024-11-18T03:11:11.613+0000] {dag.py:3229} INFO - Sync 1 DAGs
[2024-11-18T03:11:11.693+0000] {logging_mixin.py:190} INFO - [2024-11-18T03:11:11.693+0000] {dag.py:4156} INFO - Setting next_dagrun for example_skip_dag to 2024-11-17 00:00:00+00:00, run_after=2024-11-18 00:00:00+00:00
[2024-11-18T03:11:11.765+0000] {processor.py:208} INFO - Processing /home/airflow/.local/lib/python3.12/site-packages/airflow/example_dags/example_skip_dag.py took 0.273 seconds
[2024-11-18T03:11:42.922+0000] {processor.py:186} INFO - Started process (PID=2036) to work on /home/airflow/.local/lib/python3.12/site-packages/airflow/example_dags/example_skip_dag.py
[2024-11-18T03:11:43.057+0000] {processor.py:914} INFO - Processing file /home/airflow/.local/lib/python3.12/site-packages/airflow/example_dags/example_skip_dag.py for tasks to queue
[2024-11-18T03:11:43.084+0000] {logging_mixin.py:190} INFO - [2024-11-18T03:11:43.084+0000] {dagbag.py:587} INFO - Filling up the DagBag from /home/airflow/.local/lib/python3.12/site-packages/airflow/example_dags/example_skip_dag.py
[2024-11-18T03:11:43.159+0000] {processor.py:925} INFO - DAG(s) 'example_skip_dag' retrieved from /home/airflow/.local/lib/python3.12/site-packages/airflow/example_dags/example_skip_dag.py
[2024-11-18T03:11:43.239+0000] {logging_mixin.py:190} INFO - [2024-11-18T03:11:43.237+0000] {dag.py:3229} INFO - Sync 1 DAGs
[2024-11-18T03:11:43.295+0000] {logging_mixin.py:190} INFO - [2024-11-18T03:11:43.295+0000] {dag.py:4156} INFO - Setting next_dagrun for example_skip_dag to 2024-11-17 00:00:00+00:00, run_after=2024-11-18 00:00:00+00:00
[2024-11-18T03:11:43.349+0000] {processor.py:208} INFO - Processing /home/airflow/.local/lib/python3.12/site-packages/airflow/example_dags/example_skip_dag.py took 0.464 seconds
[2024-11-18T03:12:14.253+0000] {processor.py:186} INFO - Started process (PID=2098) to work on /home/airflow/.local/lib/python3.12/site-packages/airflow/example_dags/example_skip_dag.py
[2024-11-18T03:12:14.255+0000] {processor.py:914} INFO - Processing file /home/airflow/.local/lib/python3.12/site-packages/airflow/example_dags/example_skip_dag.py for tasks to queue
[2024-11-18T03:12:14.261+0000] {logging_mixin.py:190} INFO - [2024-11-18T03:12:14.259+0000] {dagbag.py:587} INFO - Filling up the DagBag from /home/airflow/.local/lib/python3.12/site-packages/airflow/example_dags/example_skip_dag.py
[2024-11-18T03:12:14.285+0000] {processor.py:925} INFO - DAG(s) 'example_skip_dag' retrieved from /home/airflow/.local/lib/python3.12/site-packages/airflow/example_dags/example_skip_dag.py
[2024-11-18T03:12:14.404+0000] {logging_mixin.py:190} INFO - [2024-11-18T03:12:14.404+0000] {dag.py:3229} INFO - Sync 1 DAGs
[2024-11-18T03:12:14.689+0000] {logging_mixin.py:190} INFO - [2024-11-18T03:12:14.689+0000] {dag.py:4156} INFO - Setting next_dagrun for example_skip_dag to 2024-11-17 00:00:00+00:00, run_after=2024-11-18 00:00:00+00:00
[2024-11-18T03:12:14.780+0000] {processor.py:208} INFO - Processing /home/airflow/.local/lib/python3.12/site-packages/airflow/example_dags/example_skip_dag.py took 0.559 seconds
[2024-11-18T03:12:45.193+0000] {processor.py:186} INFO - Started process (PID=2160) to work on /home/airflow/.local/lib/python3.12/site-packages/airflow/example_dags/example_skip_dag.py
[2024-11-18T03:12:45.195+0000] {processor.py:914} INFO - Processing file /home/airflow/.local/lib/python3.12/site-packages/airflow/example_dags/example_skip_dag.py for tasks to queue
[2024-11-18T03:12:45.198+0000] {logging_mixin.py:190} INFO - [2024-11-18T03:12:45.197+0000] {dagbag.py:587} INFO - Filling up the DagBag from /home/airflow/.local/lib/python3.12/site-packages/airflow/example_dags/example_skip_dag.py
[2024-11-18T03:12:45.209+0000] {processor.py:925} INFO - DAG(s) 'example_skip_dag' retrieved from /home/airflow/.local/lib/python3.12/site-packages/airflow/example_dags/example_skip_dag.py
[2024-11-18T03:12:45.345+0000] {logging_mixin.py:190} INFO - [2024-11-18T03:12:45.342+0000] {dag.py:3229} INFO - Sync 1 DAGs
[2024-11-18T03:12:45.503+0000] {logging_mixin.py:190} INFO - [2024-11-18T03:12:45.496+0000] {dag.py:4156} INFO - Setting next_dagrun for example_skip_dag to 2024-11-17 00:00:00+00:00, run_after=2024-11-18 00:00:00+00:00
[2024-11-18T03:12:45.613+0000] {processor.py:208} INFO - Processing /home/airflow/.local/lib/python3.12/site-packages/airflow/example_dags/example_skip_dag.py took 0.427 seconds
[2024-11-18T03:13:18.953+0000] {processor.py:186} INFO - Started process (PID=2222) to work on /home/airflow/.local/lib/python3.12/site-packages/airflow/example_dags/example_skip_dag.py
[2024-11-18T03:13:18.970+0000] {processor.py:914} INFO - Processing file /home/airflow/.local/lib/python3.12/site-packages/airflow/example_dags/example_skip_dag.py for tasks to queue
[2024-11-18T03:13:19.011+0000] {logging_mixin.py:190} INFO - [2024-11-18T03:13:19.011+0000] {dagbag.py:587} INFO - Filling up the DagBag from /home/airflow/.local/lib/python3.12/site-packages/airflow/example_dags/example_skip_dag.py
[2024-11-18T03:13:19.137+0000] {processor.py:925} INFO - DAG(s) 'example_skip_dag' retrieved from /home/airflow/.local/lib/python3.12/site-packages/airflow/example_dags/example_skip_dag.py
[2024-11-18T03:13:19.425+0000] {logging_mixin.py:190} INFO - [2024-11-18T03:13:19.425+0000] {dag.py:3229} INFO - Sync 1 DAGs
[2024-11-18T03:13:19.704+0000] {logging_mixin.py:190} INFO - [2024-11-18T03:13:19.704+0000] {dag.py:4156} INFO - Setting next_dagrun for example_skip_dag to 2024-11-17 00:00:00+00:00, run_after=2024-11-18 00:00:00+00:00
[2024-11-18T03:13:20.001+0000] {processor.py:208} INFO - Processing /home/airflow/.local/lib/python3.12/site-packages/airflow/example_dags/example_skip_dag.py took 1.167 seconds
[2024-11-18T03:13:52.199+0000] {processor.py:186} INFO - Started process (PID=2284) to work on /home/airflow/.local/lib/python3.12/site-packages/airflow/example_dags/example_skip_dag.py
[2024-11-18T03:13:52.255+0000] {processor.py:914} INFO - Processing file /home/airflow/.local/lib/python3.12/site-packages/airflow/example_dags/example_skip_dag.py for tasks to queue
[2024-11-18T03:13:52.278+0000] {logging_mixin.py:190} INFO - [2024-11-18T03:13:52.275+0000] {dagbag.py:587} INFO - Filling up the DagBag from /home/airflow/.local/lib/python3.12/site-packages/airflow/example_dags/example_skip_dag.py
[2024-11-18T03:13:52.303+0000] {processor.py:925} INFO - DAG(s) 'example_skip_dag' retrieved from /home/airflow/.local/lib/python3.12/site-packages/airflow/example_dags/example_skip_dag.py
[2024-11-18T03:13:52.478+0000] {logging_mixin.py:190} INFO - [2024-11-18T03:13:52.476+0000] {dag.py:3229} INFO - Sync 1 DAGs
[2024-11-18T03:13:52.647+0000] {logging_mixin.py:190} INFO - [2024-11-18T03:13:52.642+0000] {dag.py:4156} INFO - Setting next_dagrun for example_skip_dag to 2024-11-17 00:00:00+00:00, run_after=2024-11-18 00:00:00+00:00
[2024-11-18T03:13:52.846+0000] {processor.py:208} INFO - Processing /home/airflow/.local/lib/python3.12/site-packages/airflow/example_dags/example_skip_dag.py took 0.706 seconds
[2024-11-18T03:14:23.778+0000] {processor.py:186} INFO - Started process (PID=2346) to work on /home/airflow/.local/lib/python3.12/site-packages/airflow/example_dags/example_skip_dag.py
[2024-11-18T03:14:23.785+0000] {processor.py:914} INFO - Processing file /home/airflow/.local/lib/python3.12/site-packages/airflow/example_dags/example_skip_dag.py for tasks to queue
[2024-11-18T03:14:23.797+0000] {logging_mixin.py:190} INFO - [2024-11-18T03:14:23.793+0000] {dagbag.py:587} INFO - Filling up the DagBag from /home/airflow/.local/lib/python3.12/site-packages/airflow/example_dags/example_skip_dag.py
[2024-11-18T03:14:23.914+0000] {processor.py:925} INFO - DAG(s) 'example_skip_dag' retrieved from /home/airflow/.local/lib/python3.12/site-packages/airflow/example_dags/example_skip_dag.py
[2024-11-18T03:14:24.173+0000] {logging_mixin.py:190} INFO - [2024-11-18T03:14:24.173+0000] {dag.py:3229} INFO - Sync 1 DAGs
[2024-11-18T03:14:24.639+0000] {logging_mixin.py:190} INFO - [2024-11-18T03:14:24.628+0000] {dag.py:4156} INFO - Setting next_dagrun for example_skip_dag to 2024-11-17 00:00:00+00:00, run_after=2024-11-18 00:00:00+00:00
[2024-11-18T03:14:24.962+0000] {processor.py:208} INFO - Processing /home/airflow/.local/lib/python3.12/site-packages/airflow/example_dags/example_skip_dag.py took 1.236 seconds
[2024-11-18T03:14:55.863+0000] {processor.py:186} INFO - Started process (PID=2407) to work on /home/airflow/.local/lib/python3.12/site-packages/airflow/example_dags/example_skip_dag.py
[2024-11-18T03:14:55.985+0000] {processor.py:914} INFO - Processing file /home/airflow/.local/lib/python3.12/site-packages/airflow/example_dags/example_skip_dag.py for tasks to queue
[2024-11-18T03:14:56.025+0000] {logging_mixin.py:190} INFO - [2024-11-18T03:14:56.025+0000] {dagbag.py:587} INFO - Filling up the DagBag from /home/airflow/.local/lib/python3.12/site-packages/airflow/example_dags/example_skip_dag.py
[2024-11-18T03:14:56.158+0000] {processor.py:925} INFO - DAG(s) 'example_skip_dag' retrieved from /home/airflow/.local/lib/python3.12/site-packages/airflow/example_dags/example_skip_dag.py
[2024-11-18T03:14:56.200+0000] {logging_mixin.py:190} INFO - [2024-11-18T03:14:56.200+0000] {dag.py:3229} INFO - Sync 1 DAGs
[2024-11-18T03:14:56.229+0000] {logging_mixin.py:190} INFO - [2024-11-18T03:14:56.229+0000] {dag.py:4156} INFO - Setting next_dagrun for example_skip_dag to 2024-11-17 00:00:00+00:00, run_after=2024-11-18 00:00:00+00:00
[2024-11-18T03:14:56.249+0000] {processor.py:208} INFO - Processing /home/airflow/.local/lib/python3.12/site-packages/airflow/example_dags/example_skip_dag.py took 0.452 seconds
[2024-11-18T03:15:31.481+0000] {processor.py:186} INFO - Started process (PID=2477) to work on /home/airflow/.local/lib/python3.12/site-packages/airflow/example_dags/example_skip_dag.py
[2024-11-18T03:15:31.558+0000] {processor.py:914} INFO - Processing file /home/airflow/.local/lib/python3.12/site-packages/airflow/example_dags/example_skip_dag.py for tasks to queue
[2024-11-18T03:15:31.574+0000] {logging_mixin.py:190} INFO - [2024-11-18T03:15:31.572+0000] {dagbag.py:587} INFO - Filling up the DagBag from /home/airflow/.local/lib/python3.12/site-packages/airflow/example_dags/example_skip_dag.py
[2024-11-18T03:15:31.598+0000] {processor.py:925} INFO - DAG(s) 'example_skip_dag' retrieved from /home/airflow/.local/lib/python3.12/site-packages/airflow/example_dags/example_skip_dag.py
[2024-11-18T03:15:31.656+0000] {logging_mixin.py:190} INFO - [2024-11-18T03:15:31.655+0000] {dag.py:3229} INFO - Sync 1 DAGs
[2024-11-18T03:15:31.802+0000] {logging_mixin.py:190} INFO - [2024-11-18T03:15:31.801+0000] {dag.py:4156} INFO - Setting next_dagrun for example_skip_dag to 2024-11-17 00:00:00+00:00, run_after=2024-11-18 00:00:00+00:00
[2024-11-18T03:15:31.920+0000] {processor.py:208} INFO - Processing /home/airflow/.local/lib/python3.12/site-packages/airflow/example_dags/example_skip_dag.py took 0.457 seconds
[2024-11-18T03:16:04.727+0000] {processor.py:186} INFO - Started process (PID=2539) to work on /home/airflow/.local/lib/python3.12/site-packages/airflow/example_dags/example_skip_dag.py
[2024-11-18T03:16:04.780+0000] {processor.py:914} INFO - Processing file /home/airflow/.local/lib/python3.12/site-packages/airflow/example_dags/example_skip_dag.py for tasks to queue
[2024-11-18T03:16:04.821+0000] {logging_mixin.py:190} INFO - [2024-11-18T03:16:04.821+0000] {dagbag.py:587} INFO - Filling up the DagBag from /home/airflow/.local/lib/python3.12/site-packages/airflow/example_dags/example_skip_dag.py
[2024-11-18T03:16:04.884+0000] {processor.py:925} INFO - DAG(s) 'example_skip_dag' retrieved from /home/airflow/.local/lib/python3.12/site-packages/airflow/example_dags/example_skip_dag.py
[2024-11-18T03:16:05.027+0000] {logging_mixin.py:190} INFO - [2024-11-18T03:16:05.026+0000] {dag.py:3229} INFO - Sync 1 DAGs
[2024-11-18T03:16:05.223+0000] {logging_mixin.py:190} INFO - [2024-11-18T03:16:05.220+0000] {dag.py:4156} INFO - Setting next_dagrun for example_skip_dag to 2024-11-17 00:00:00+00:00, run_after=2024-11-18 00:00:00+00:00
[2024-11-18T03:16:05.302+0000] {processor.py:208} INFO - Processing /home/airflow/.local/lib/python3.12/site-packages/airflow/example_dags/example_skip_dag.py took 0.621 seconds
[2024-11-18T03:16:36.380+0000] {processor.py:186} INFO - Started process (PID=2601) to work on /home/airflow/.local/lib/python3.12/site-packages/airflow/example_dags/example_skip_dag.py
[2024-11-18T03:16:36.382+0000] {processor.py:914} INFO - Processing file /home/airflow/.local/lib/python3.12/site-packages/airflow/example_dags/example_skip_dag.py for tasks to queue
[2024-11-18T03:16:36.387+0000] {logging_mixin.py:190} INFO - [2024-11-18T03:16:36.386+0000] {dagbag.py:587} INFO - Filling up the DagBag from /home/airflow/.local/lib/python3.12/site-packages/airflow/example_dags/example_skip_dag.py
[2024-11-18T03:16:36.410+0000] {processor.py:925} INFO - DAG(s) 'example_skip_dag' retrieved from /home/airflow/.local/lib/python3.12/site-packages/airflow/example_dags/example_skip_dag.py
[2024-11-18T03:16:36.557+0000] {logging_mixin.py:190} INFO - [2024-11-18T03:16:36.557+0000] {dag.py:3229} INFO - Sync 1 DAGs
[2024-11-18T03:16:36.715+0000] {logging_mixin.py:190} INFO - [2024-11-18T03:16:36.715+0000] {dag.py:4156} INFO - Setting next_dagrun for example_skip_dag to 2024-11-17 00:00:00+00:00, run_after=2024-11-18 00:00:00+00:00
[2024-11-18T03:16:36.761+0000] {processor.py:208} INFO - Processing /home/airflow/.local/lib/python3.12/site-packages/airflow/example_dags/example_skip_dag.py took 0.404 seconds
