[2024-11-18T02:55:45.607+0000] {processor.py:186} INFO - Started process (PID=107) to work on /home/airflow/.local/lib/python3.12/site-packages/airflow/example_dags/example_setup_teardown.py
[2024-11-18T02:55:45.610+0000] {processor.py:914} INFO - Processing file /home/airflow/.local/lib/python3.12/site-packages/airflow/example_dags/example_setup_teardown.py for tasks to queue
[2024-11-18T02:55:45.616+0000] {logging_mixin.py:190} INFO - [2024-11-18T02:55:45.616+0000] {dagbag.py:587} INFO - Filling up the DagBag from /home/airflow/.local/lib/python3.12/site-packages/airflow/example_dags/example_setup_teardown.py
[2024-11-18T02:55:45.646+0000] {processor.py:925} INFO - DAG(s) 'example_setup_teardown' retrieved from /home/airflow/.local/lib/python3.12/site-packages/airflow/example_dags/example_setup_teardown.py
[2024-11-18T02:55:45.709+0000] {logging_mixin.py:190} INFO - [2024-11-18T02:55:45.709+0000] {dag.py:3229} INFO - Sync 1 DAGs
[2024-11-18T02:55:45.769+0000] {logging_mixin.py:190} INFO - [2024-11-18T02:55:45.769+0000] {dag.py:4156} INFO - Setting next_dagrun for example_setup_teardown to None, run_after=None
[2024-11-18T02:55:45.872+0000] {processor.py:208} INFO - Processing /home/airflow/.local/lib/python3.12/site-packages/airflow/example_dags/example_setup_teardown.py took 0.286 seconds
[2024-11-18T02:56:16.436+0000] {processor.py:186} INFO - Started process (PID=169) to work on /home/airflow/.local/lib/python3.12/site-packages/airflow/example_dags/example_setup_teardown.py
[2024-11-18T02:56:16.438+0000] {processor.py:914} INFO - Processing file /home/airflow/.local/lib/python3.12/site-packages/airflow/example_dags/example_setup_teardown.py for tasks to queue
[2024-11-18T02:56:16.444+0000] {logging_mixin.py:190} INFO - [2024-11-18T02:56:16.444+0000] {dagbag.py:587} INFO - Filling up the DagBag from /home/airflow/.local/lib/python3.12/site-packages/airflow/example_dags/example_setup_teardown.py
[2024-11-18T02:56:16.474+0000] {processor.py:925} INFO - DAG(s) 'example_setup_teardown' retrieved from /home/airflow/.local/lib/python3.12/site-packages/airflow/example_dags/example_setup_teardown.py
[2024-11-18T02:56:16.546+0000] {logging_mixin.py:190} INFO - [2024-11-18T02:56:16.546+0000] {dag.py:3229} INFO - Sync 1 DAGs
[2024-11-18T02:56:16.589+0000] {logging_mixin.py:190} INFO - [2024-11-18T02:56:16.586+0000] {dag.py:4156} INFO - Setting next_dagrun for example_setup_teardown to None, run_after=None
[2024-11-18T02:56:16.652+0000] {processor.py:208} INFO - Processing /home/airflow/.local/lib/python3.12/site-packages/airflow/example_dags/example_setup_teardown.py took 0.237 seconds
[2024-11-18T02:56:46.706+0000] {processor.py:186} INFO - Started process (PID=231) to work on /home/airflow/.local/lib/python3.12/site-packages/airflow/example_dags/example_setup_teardown.py
[2024-11-18T02:56:46.706+0000] {processor.py:914} INFO - Processing file /home/airflow/.local/lib/python3.12/site-packages/airflow/example_dags/example_setup_teardown.py for tasks to queue
[2024-11-18T02:56:46.709+0000] {logging_mixin.py:190} INFO - [2024-11-18T02:56:46.709+0000] {dagbag.py:587} INFO - Filling up the DagBag from /home/airflow/.local/lib/python3.12/site-packages/airflow/example_dags/example_setup_teardown.py
[2024-11-18T02:56:46.718+0000] {processor.py:925} INFO - DAG(s) 'example_setup_teardown' retrieved from /home/airflow/.local/lib/python3.12/site-packages/airflow/example_dags/example_setup_teardown.py
[2024-11-18T02:56:46.739+0000] {logging_mixin.py:190} INFO - [2024-11-18T02:56:46.739+0000] {dag.py:3229} INFO - Sync 1 DAGs
[2024-11-18T02:56:46.754+0000] {logging_mixin.py:190} INFO - [2024-11-18T02:56:46.753+0000] {dag.py:4156} INFO - Setting next_dagrun for example_setup_teardown to None, run_after=None
[2024-11-18T02:56:46.771+0000] {processor.py:208} INFO - Processing /home/airflow/.local/lib/python3.12/site-packages/airflow/example_dags/example_setup_teardown.py took 0.072 seconds
[2024-11-18T02:57:17.160+0000] {processor.py:186} INFO - Started process (PID=292) to work on /home/airflow/.local/lib/python3.12/site-packages/airflow/example_dags/example_setup_teardown.py
[2024-11-18T02:57:17.165+0000] {processor.py:914} INFO - Processing file /home/airflow/.local/lib/python3.12/site-packages/airflow/example_dags/example_setup_teardown.py for tasks to queue
[2024-11-18T02:57:17.168+0000] {logging_mixin.py:190} INFO - [2024-11-18T02:57:17.168+0000] {dagbag.py:587} INFO - Filling up the DagBag from /home/airflow/.local/lib/python3.12/site-packages/airflow/example_dags/example_setup_teardown.py
[2024-11-18T02:57:17.186+0000] {processor.py:925} INFO - DAG(s) 'example_setup_teardown' retrieved from /home/airflow/.local/lib/python3.12/site-packages/airflow/example_dags/example_setup_teardown.py
[2024-11-18T02:57:17.232+0000] {logging_mixin.py:190} INFO - [2024-11-18T02:57:17.231+0000] {dag.py:3229} INFO - Sync 1 DAGs
[2024-11-18T02:57:17.260+0000] {logging_mixin.py:190} INFO - [2024-11-18T02:57:17.260+0000] {dag.py:4156} INFO - Setting next_dagrun for example_setup_teardown to None, run_after=None
[2024-11-18T02:57:17.301+0000] {processor.py:208} INFO - Processing /home/airflow/.local/lib/python3.12/site-packages/airflow/example_dags/example_setup_teardown.py took 0.154 seconds
[2024-11-18T02:57:48.226+0000] {processor.py:186} INFO - Started process (PID=354) to work on /home/airflow/.local/lib/python3.12/site-packages/airflow/example_dags/example_setup_teardown.py
[2024-11-18T02:57:48.226+0000] {processor.py:914} INFO - Processing file /home/airflow/.local/lib/python3.12/site-packages/airflow/example_dags/example_setup_teardown.py for tasks to queue
[2024-11-18T02:57:48.232+0000] {logging_mixin.py:190} INFO - [2024-11-18T02:57:48.230+0000] {dagbag.py:587} INFO - Filling up the DagBag from /home/airflow/.local/lib/python3.12/site-packages/airflow/example_dags/example_setup_teardown.py
[2024-11-18T02:57:48.248+0000] {processor.py:925} INFO - DAG(s) 'example_setup_teardown' retrieved from /home/airflow/.local/lib/python3.12/site-packages/airflow/example_dags/example_setup_teardown.py
[2024-11-18T02:57:48.294+0000] {logging_mixin.py:190} INFO - [2024-11-18T02:57:48.294+0000] {dag.py:3229} INFO - Sync 1 DAGs
[2024-11-18T02:57:48.321+0000] {logging_mixin.py:190} INFO - [2024-11-18T02:57:48.321+0000] {dag.py:4156} INFO - Setting next_dagrun for example_setup_teardown to None, run_after=None
[2024-11-18T02:57:48.356+0000] {processor.py:208} INFO - Processing /home/airflow/.local/lib/python3.12/site-packages/airflow/example_dags/example_setup_teardown.py took 0.143 seconds
[2024-11-18T02:58:18.504+0000] {processor.py:186} INFO - Started process (PID=416) to work on /home/airflow/.local/lib/python3.12/site-packages/airflow/example_dags/example_setup_teardown.py
[2024-11-18T02:58:18.508+0000] {processor.py:914} INFO - Processing file /home/airflow/.local/lib/python3.12/site-packages/airflow/example_dags/example_setup_teardown.py for tasks to queue
[2024-11-18T02:58:18.512+0000] {logging_mixin.py:190} INFO - [2024-11-18T02:58:18.512+0000] {dagbag.py:587} INFO - Filling up the DagBag from /home/airflow/.local/lib/python3.12/site-packages/airflow/example_dags/example_setup_teardown.py
[2024-11-18T02:58:18.529+0000] {processor.py:925} INFO - DAG(s) 'example_setup_teardown' retrieved from /home/airflow/.local/lib/python3.12/site-packages/airflow/example_dags/example_setup_teardown.py
[2024-11-18T02:58:18.566+0000] {logging_mixin.py:190} INFO - [2024-11-18T02:58:18.566+0000] {dag.py:3229} INFO - Sync 1 DAGs
[2024-11-18T02:58:18.605+0000] {logging_mixin.py:190} INFO - [2024-11-18T02:58:18.605+0000] {dag.py:4156} INFO - Setting next_dagrun for example_setup_teardown to None, run_after=None
[2024-11-18T02:58:18.645+0000] {processor.py:208} INFO - Processing /home/airflow/.local/lib/python3.12/site-packages/airflow/example_dags/example_setup_teardown.py took 0.152 seconds
[2024-11-18T02:58:49.316+0000] {processor.py:186} INFO - Started process (PID=485) to work on /home/airflow/.local/lib/python3.12/site-packages/airflow/example_dags/example_setup_teardown.py
[2024-11-18T02:58:49.322+0000] {processor.py:914} INFO - Processing file /home/airflow/.local/lib/python3.12/site-packages/airflow/example_dags/example_setup_teardown.py for tasks to queue
[2024-11-18T02:58:49.334+0000] {logging_mixin.py:190} INFO - [2024-11-18T02:58:49.334+0000] {dagbag.py:587} INFO - Filling up the DagBag from /home/airflow/.local/lib/python3.12/site-packages/airflow/example_dags/example_setup_teardown.py
[2024-11-18T02:58:49.377+0000] {processor.py:925} INFO - DAG(s) 'example_setup_teardown' retrieved from /home/airflow/.local/lib/python3.12/site-packages/airflow/example_dags/example_setup_teardown.py
[2024-11-18T02:58:49.515+0000] {logging_mixin.py:190} INFO - [2024-11-18T02:58:49.515+0000] {dag.py:3229} INFO - Sync 1 DAGs
[2024-11-18T02:58:49.601+0000] {logging_mixin.py:190} INFO - [2024-11-18T02:58:49.601+0000] {dag.py:4156} INFO - Setting next_dagrun for example_setup_teardown to None, run_after=None
[2024-11-18T02:58:49.700+0000] {processor.py:208} INFO - Processing /home/airflow/.local/lib/python3.12/site-packages/airflow/example_dags/example_setup_teardown.py took 0.425 seconds
[2024-11-18T02:59:20.542+0000] {processor.py:186} INFO - Started process (PID=546) to work on /home/airflow/.local/lib/python3.12/site-packages/airflow/example_dags/example_setup_teardown.py
[2024-11-18T02:59:20.544+0000] {processor.py:914} INFO - Processing file /home/airflow/.local/lib/python3.12/site-packages/airflow/example_dags/example_setup_teardown.py for tasks to queue
[2024-11-18T02:59:20.548+0000] {logging_mixin.py:190} INFO - [2024-11-18T02:59:20.548+0000] {dagbag.py:587} INFO - Filling up the DagBag from /home/airflow/.local/lib/python3.12/site-packages/airflow/example_dags/example_setup_teardown.py
[2024-11-18T02:59:20.569+0000] {processor.py:925} INFO - DAG(s) 'example_setup_teardown' retrieved from /home/airflow/.local/lib/python3.12/site-packages/airflow/example_dags/example_setup_teardown.py
[2024-11-18T02:59:20.609+0000] {logging_mixin.py:190} INFO - [2024-11-18T02:59:20.609+0000] {dag.py:3229} INFO - Sync 1 DAGs
[2024-11-18T02:59:20.638+0000] {logging_mixin.py:190} INFO - [2024-11-18T02:59:20.638+0000] {dag.py:4156} INFO - Setting next_dagrun for example_setup_teardown to None, run_after=None
[2024-11-18T02:59:20.681+0000] {processor.py:208} INFO - Processing /home/airflow/.local/lib/python3.12/site-packages/airflow/example_dags/example_setup_teardown.py took 0.159 seconds
[2024-11-18T02:59:51.485+0000] {processor.py:186} INFO - Started process (PID=608) to work on /home/airflow/.local/lib/python3.12/site-packages/airflow/example_dags/example_setup_teardown.py
[2024-11-18T02:59:51.488+0000] {processor.py:914} INFO - Processing file /home/airflow/.local/lib/python3.12/site-packages/airflow/example_dags/example_setup_teardown.py for tasks to queue
[2024-11-18T02:59:51.492+0000] {logging_mixin.py:190} INFO - [2024-11-18T02:59:51.490+0000] {dagbag.py:587} INFO - Filling up the DagBag from /home/airflow/.local/lib/python3.12/site-packages/airflow/example_dags/example_setup_teardown.py
[2024-11-18T02:59:51.513+0000] {processor.py:925} INFO - DAG(s) 'example_setup_teardown' retrieved from /home/airflow/.local/lib/python3.12/site-packages/airflow/example_dags/example_setup_teardown.py
[2024-11-18T02:59:51.553+0000] {logging_mixin.py:190} INFO - [2024-11-18T02:59:51.553+0000] {dag.py:3229} INFO - Sync 1 DAGs
[2024-11-18T02:59:51.583+0000] {logging_mixin.py:190} INFO - [2024-11-18T02:59:51.580+0000] {dag.py:4156} INFO - Setting next_dagrun for example_setup_teardown to None, run_after=None
[2024-11-18T02:59:51.616+0000] {processor.py:208} INFO - Processing /home/airflow/.local/lib/python3.12/site-packages/airflow/example_dags/example_setup_teardown.py took 0.151 seconds
[2024-11-18T03:00:22.393+0000] {processor.py:186} INFO - Started process (PID=670) to work on /home/airflow/.local/lib/python3.12/site-packages/airflow/example_dags/example_setup_teardown.py
[2024-11-18T03:00:22.396+0000] {processor.py:914} INFO - Processing file /home/airflow/.local/lib/python3.12/site-packages/airflow/example_dags/example_setup_teardown.py for tasks to queue
[2024-11-18T03:00:22.400+0000] {logging_mixin.py:190} INFO - [2024-11-18T03:00:22.400+0000] {dagbag.py:587} INFO - Filling up the DagBag from /home/airflow/.local/lib/python3.12/site-packages/airflow/example_dags/example_setup_teardown.py
[2024-11-18T03:00:22.425+0000] {processor.py:925} INFO - DAG(s) 'example_setup_teardown' retrieved from /home/airflow/.local/lib/python3.12/site-packages/airflow/example_dags/example_setup_teardown.py
[2024-11-18T03:00:22.472+0000] {logging_mixin.py:190} INFO - [2024-11-18T03:00:22.472+0000] {dag.py:3229} INFO - Sync 1 DAGs
[2024-11-18T03:00:22.509+0000] {logging_mixin.py:190} INFO - [2024-11-18T03:00:22.509+0000] {dag.py:4156} INFO - Setting next_dagrun for example_setup_teardown to None, run_after=None
[2024-11-18T03:00:22.551+0000] {processor.py:208} INFO - Processing /home/airflow/.local/lib/python3.12/site-packages/airflow/example_dags/example_setup_teardown.py took 0.172 seconds
[2024-11-18T03:00:53.210+0000] {processor.py:186} INFO - Started process (PID=733) to work on /home/airflow/.local/lib/python3.12/site-packages/airflow/example_dags/example_setup_teardown.py
[2024-11-18T03:00:53.213+0000] {processor.py:914} INFO - Processing file /home/airflow/.local/lib/python3.12/site-packages/airflow/example_dags/example_setup_teardown.py for tasks to queue
[2024-11-18T03:00:53.218+0000] {logging_mixin.py:190} INFO - [2024-11-18T03:00:53.216+0000] {dagbag.py:587} INFO - Filling up the DagBag from /home/airflow/.local/lib/python3.12/site-packages/airflow/example_dags/example_setup_teardown.py
[2024-11-18T03:00:53.235+0000] {processor.py:925} INFO - DAG(s) 'example_setup_teardown' retrieved from /home/airflow/.local/lib/python3.12/site-packages/airflow/example_dags/example_setup_teardown.py
[2024-11-18T03:00:53.278+0000] {logging_mixin.py:190} INFO - [2024-11-18T03:00:53.278+0000] {dag.py:3229} INFO - Sync 1 DAGs
[2024-11-18T03:00:53.307+0000] {logging_mixin.py:190} INFO - [2024-11-18T03:00:53.307+0000] {dag.py:4156} INFO - Setting next_dagrun for example_setup_teardown to None, run_after=None
[2024-11-18T03:00:53.344+0000] {processor.py:208} INFO - Processing /home/airflow/.local/lib/python3.12/site-packages/airflow/example_dags/example_setup_teardown.py took 0.146 seconds
[2024-11-18T03:01:23.852+0000] {processor.py:186} INFO - Started process (PID=795) to work on /home/airflow/.local/lib/python3.12/site-packages/airflow/example_dags/example_setup_teardown.py
[2024-11-18T03:01:23.855+0000] {processor.py:914} INFO - Processing file /home/airflow/.local/lib/python3.12/site-packages/airflow/example_dags/example_setup_teardown.py for tasks to queue
[2024-11-18T03:01:23.865+0000] {logging_mixin.py:190} INFO - [2024-11-18T03:01:23.865+0000] {dagbag.py:587} INFO - Filling up the DagBag from /home/airflow/.local/lib/python3.12/site-packages/airflow/example_dags/example_setup_teardown.py
[2024-11-18T03:01:23.901+0000] {processor.py:925} INFO - DAG(s) 'example_setup_teardown' retrieved from /home/airflow/.local/lib/python3.12/site-packages/airflow/example_dags/example_setup_teardown.py
[2024-11-18T03:01:23.983+0000] {logging_mixin.py:190} INFO - [2024-11-18T03:01:23.983+0000] {dag.py:3229} INFO - Sync 1 DAGs
[2024-11-18T03:01:24.044+0000] {logging_mixin.py:190} INFO - [2024-11-18T03:01:24.044+0000] {dag.py:4156} INFO - Setting next_dagrun for example_setup_teardown to None, run_after=None
[2024-11-18T03:01:24.183+0000] {processor.py:208} INFO - Processing /home/airflow/.local/lib/python3.12/site-packages/airflow/example_dags/example_setup_teardown.py took 0.358 seconds
[2024-11-18T03:01:54.960+0000] {processor.py:186} INFO - Started process (PID=857) to work on /home/airflow/.local/lib/python3.12/site-packages/airflow/example_dags/example_setup_teardown.py
[2024-11-18T03:01:54.966+0000] {processor.py:914} INFO - Processing file /home/airflow/.local/lib/python3.12/site-packages/airflow/example_dags/example_setup_teardown.py for tasks to queue
[2024-11-18T03:01:54.975+0000] {logging_mixin.py:190} INFO - [2024-11-18T03:01:54.974+0000] {dagbag.py:587} INFO - Filling up the DagBag from /home/airflow/.local/lib/python3.12/site-packages/airflow/example_dags/example_setup_teardown.py
[2024-11-18T03:01:55.009+0000] {processor.py:925} INFO - DAG(s) 'example_setup_teardown' retrieved from /home/airflow/.local/lib/python3.12/site-packages/airflow/example_dags/example_setup_teardown.py
[2024-11-18T03:01:55.090+0000] {logging_mixin.py:190} INFO - [2024-11-18T03:01:55.090+0000] {dag.py:3229} INFO - Sync 1 DAGs
[2024-11-18T03:01:55.159+0000] {logging_mixin.py:190} INFO - [2024-11-18T03:01:55.155+0000] {dag.py:4156} INFO - Setting next_dagrun for example_setup_teardown to None, run_after=None
[2024-11-18T03:01:55.235+0000] {processor.py:208} INFO - Processing /home/airflow/.local/lib/python3.12/site-packages/airflow/example_dags/example_setup_teardown.py took 0.303 seconds
[2024-11-18T03:02:25.625+0000] {processor.py:186} INFO - Started process (PID=919) to work on /home/airflow/.local/lib/python3.12/site-packages/airflow/example_dags/example_setup_teardown.py
[2024-11-18T03:02:25.628+0000] {processor.py:914} INFO - Processing file /home/airflow/.local/lib/python3.12/site-packages/airflow/example_dags/example_setup_teardown.py for tasks to queue
[2024-11-18T03:02:25.632+0000] {logging_mixin.py:190} INFO - [2024-11-18T03:02:25.630+0000] {dagbag.py:587} INFO - Filling up the DagBag from /home/airflow/.local/lib/python3.12/site-packages/airflow/example_dags/example_setup_teardown.py
[2024-11-18T03:02:25.650+0000] {processor.py:925} INFO - DAG(s) 'example_setup_teardown' retrieved from /home/airflow/.local/lib/python3.12/site-packages/airflow/example_dags/example_setup_teardown.py
[2024-11-18T03:02:25.692+0000] {logging_mixin.py:190} INFO - [2024-11-18T03:02:25.692+0000] {dag.py:3229} INFO - Sync 1 DAGs
[2024-11-18T03:02:25.722+0000] {logging_mixin.py:190} INFO - [2024-11-18T03:02:25.722+0000] {dag.py:4156} INFO - Setting next_dagrun for example_setup_teardown to None, run_after=None
[2024-11-18T03:02:25.757+0000] {processor.py:208} INFO - Processing /home/airflow/.local/lib/python3.12/site-packages/airflow/example_dags/example_setup_teardown.py took 0.144 seconds
[2024-11-18T03:02:55.948+0000] {processor.py:186} INFO - Started process (PID=981) to work on /home/airflow/.local/lib/python3.12/site-packages/airflow/example_dags/example_setup_teardown.py
[2024-11-18T03:02:55.952+0000] {processor.py:914} INFO - Processing file /home/airflow/.local/lib/python3.12/site-packages/airflow/example_dags/example_setup_teardown.py for tasks to queue
[2024-11-18T03:02:55.955+0000] {logging_mixin.py:190} INFO - [2024-11-18T03:02:55.954+0000] {dagbag.py:587} INFO - Filling up the DagBag from /home/airflow/.local/lib/python3.12/site-packages/airflow/example_dags/example_setup_teardown.py
[2024-11-18T03:02:55.971+0000] {processor.py:925} INFO - DAG(s) 'example_setup_teardown' retrieved from /home/airflow/.local/lib/python3.12/site-packages/airflow/example_dags/example_setup_teardown.py
[2024-11-18T03:02:56.023+0000] {logging_mixin.py:190} INFO - [2024-11-18T03:02:56.023+0000] {dag.py:3229} INFO - Sync 1 DAGs
[2024-11-18T03:02:56.053+0000] {logging_mixin.py:190} INFO - [2024-11-18T03:02:56.053+0000] {dag.py:4156} INFO - Setting next_dagrun for example_setup_teardown to None, run_after=None
[2024-11-18T03:02:56.091+0000] {processor.py:208} INFO - Processing /home/airflow/.local/lib/python3.12/site-packages/airflow/example_dags/example_setup_teardown.py took 0.154 seconds
[2024-11-18T03:03:26.152+0000] {processor.py:186} INFO - Started process (PID=1042) to work on /home/airflow/.local/lib/python3.12/site-packages/airflow/example_dags/example_setup_teardown.py
[2024-11-18T03:03:26.154+0000] {processor.py:914} INFO - Processing file /home/airflow/.local/lib/python3.12/site-packages/airflow/example_dags/example_setup_teardown.py for tasks to queue
[2024-11-18T03:03:26.159+0000] {logging_mixin.py:190} INFO - [2024-11-18T03:03:26.158+0000] {dagbag.py:587} INFO - Filling up the DagBag from /home/airflow/.local/lib/python3.12/site-packages/airflow/example_dags/example_setup_teardown.py
[2024-11-18T03:03:26.175+0000] {processor.py:925} INFO - DAG(s) 'example_setup_teardown' retrieved from /home/airflow/.local/lib/python3.12/site-packages/airflow/example_dags/example_setup_teardown.py
[2024-11-18T03:03:26.219+0000] {logging_mixin.py:190} INFO - [2024-11-18T03:03:26.219+0000] {dag.py:3229} INFO - Sync 1 DAGs
[2024-11-18T03:03:26.247+0000] {logging_mixin.py:190} INFO - [2024-11-18T03:03:26.245+0000] {dag.py:4156} INFO - Setting next_dagrun for example_setup_teardown to None, run_after=None
[2024-11-18T03:03:26.281+0000] {processor.py:208} INFO - Processing /home/airflow/.local/lib/python3.12/site-packages/airflow/example_dags/example_setup_teardown.py took 0.141 seconds
[2024-11-18T03:03:57.148+0000] {processor.py:186} INFO - Started process (PID=1104) to work on /home/airflow/.local/lib/python3.12/site-packages/airflow/example_dags/example_setup_teardown.py
[2024-11-18T03:03:57.151+0000] {processor.py:914} INFO - Processing file /home/airflow/.local/lib/python3.12/site-packages/airflow/example_dags/example_setup_teardown.py for tasks to queue
[2024-11-18T03:03:57.155+0000] {logging_mixin.py:190} INFO - [2024-11-18T03:03:57.155+0000] {dagbag.py:587} INFO - Filling up the DagBag from /home/airflow/.local/lib/python3.12/site-packages/airflow/example_dags/example_setup_teardown.py
[2024-11-18T03:03:57.172+0000] {processor.py:925} INFO - DAG(s) 'example_setup_teardown' retrieved from /home/airflow/.local/lib/python3.12/site-packages/airflow/example_dags/example_setup_teardown.py
[2024-11-18T03:03:57.213+0000] {logging_mixin.py:190} INFO - [2024-11-18T03:03:57.213+0000] {dag.py:3229} INFO - Sync 1 DAGs
[2024-11-18T03:03:57.243+0000] {logging_mixin.py:190} INFO - [2024-11-18T03:03:57.241+0000] {dag.py:4156} INFO - Setting next_dagrun for example_setup_teardown to None, run_after=None
[2024-11-18T03:03:57.274+0000] {processor.py:208} INFO - Processing /home/airflow/.local/lib/python3.12/site-packages/airflow/example_dags/example_setup_teardown.py took 0.136 seconds
[2024-11-18T03:04:27.494+0000] {processor.py:186} INFO - Started process (PID=1166) to work on /home/airflow/.local/lib/python3.12/site-packages/airflow/example_dags/example_setup_teardown.py
[2024-11-18T03:04:27.497+0000] {processor.py:914} INFO - Processing file /home/airflow/.local/lib/python3.12/site-packages/airflow/example_dags/example_setup_teardown.py for tasks to queue
[2024-11-18T03:04:27.502+0000] {logging_mixin.py:190} INFO - [2024-11-18T03:04:27.500+0000] {dagbag.py:587} INFO - Filling up the DagBag from /home/airflow/.local/lib/python3.12/site-packages/airflow/example_dags/example_setup_teardown.py
[2024-11-18T03:04:27.531+0000] {processor.py:925} INFO - DAG(s) 'example_setup_teardown' retrieved from /home/airflow/.local/lib/python3.12/site-packages/airflow/example_dags/example_setup_teardown.py
[2024-11-18T03:04:27.573+0000] {logging_mixin.py:190} INFO - [2024-11-18T03:04:27.573+0000] {dag.py:3229} INFO - Sync 1 DAGs
[2024-11-18T03:04:27.604+0000] {logging_mixin.py:190} INFO - [2024-11-18T03:04:27.604+0000] {dag.py:4156} INFO - Setting next_dagrun for example_setup_teardown to None, run_after=None
[2024-11-18T03:04:27.642+0000] {processor.py:208} INFO - Processing /home/airflow/.local/lib/python3.12/site-packages/airflow/example_dags/example_setup_teardown.py took 0.160 seconds
[2024-11-18T03:04:59.319+0000] {processor.py:186} INFO - Started process (PID=1228) to work on /home/airflow/.local/lib/python3.12/site-packages/airflow/example_dags/example_setup_teardown.py
[2024-11-18T03:04:59.322+0000] {processor.py:914} INFO - Processing file /home/airflow/.local/lib/python3.12/site-packages/airflow/example_dags/example_setup_teardown.py for tasks to queue
[2024-11-18T03:04:59.331+0000] {logging_mixin.py:190} INFO - [2024-11-18T03:04:59.330+0000] {dagbag.py:587} INFO - Filling up the DagBag from /home/airflow/.local/lib/python3.12/site-packages/airflow/example_dags/example_setup_teardown.py
[2024-11-18T03:04:59.365+0000] {processor.py:925} INFO - DAG(s) 'example_setup_teardown' retrieved from /home/airflow/.local/lib/python3.12/site-packages/airflow/example_dags/example_setup_teardown.py
[2024-11-18T03:04:59.455+0000] {logging_mixin.py:190} INFO - [2024-11-18T03:04:59.455+0000] {dag.py:3229} INFO - Sync 1 DAGs
[2024-11-18T03:04:59.519+0000] {logging_mixin.py:190} INFO - [2024-11-18T03:04:59.519+0000] {dag.py:4156} INFO - Setting next_dagrun for example_setup_teardown to None, run_after=None
[2024-11-18T03:04:59.587+0000] {processor.py:208} INFO - Processing /home/airflow/.local/lib/python3.12/site-packages/airflow/example_dags/example_setup_teardown.py took 0.295 seconds
[2024-11-18T03:05:30.496+0000] {processor.py:186} INFO - Started process (PID=1290) to work on /home/airflow/.local/lib/python3.12/site-packages/airflow/example_dags/example_setup_teardown.py
[2024-11-18T03:05:30.502+0000] {processor.py:914} INFO - Processing file /home/airflow/.local/lib/python3.12/site-packages/airflow/example_dags/example_setup_teardown.py for tasks to queue
[2024-11-18T03:05:30.510+0000] {logging_mixin.py:190} INFO - [2024-11-18T03:05:30.510+0000] {dagbag.py:587} INFO - Filling up the DagBag from /home/airflow/.local/lib/python3.12/site-packages/airflow/example_dags/example_setup_teardown.py
[2024-11-18T03:05:30.545+0000] {processor.py:925} INFO - DAG(s) 'example_setup_teardown' retrieved from /home/airflow/.local/lib/python3.12/site-packages/airflow/example_dags/example_setup_teardown.py
[2024-11-18T03:05:30.631+0000] {logging_mixin.py:190} INFO - [2024-11-18T03:05:30.631+0000] {dag.py:3229} INFO - Sync 1 DAGs
[2024-11-18T03:05:30.690+0000] {logging_mixin.py:190} INFO - [2024-11-18T03:05:30.690+0000] {dag.py:4156} INFO - Setting next_dagrun for example_setup_teardown to None, run_after=None
[2024-11-18T03:05:30.751+0000] {processor.py:208} INFO - Processing /home/airflow/.local/lib/python3.12/site-packages/airflow/example_dags/example_setup_teardown.py took 0.283 seconds
[2024-11-18T03:06:00.896+0000] {processor.py:186} INFO - Started process (PID=1352) to work on /home/airflow/.local/lib/python3.12/site-packages/airflow/example_dags/example_setup_teardown.py
[2024-11-18T03:06:00.896+0000] {processor.py:914} INFO - Processing file /home/airflow/.local/lib/python3.12/site-packages/airflow/example_dags/example_setup_teardown.py for tasks to queue
[2024-11-18T03:06:00.904+0000] {logging_mixin.py:190} INFO - [2024-11-18T03:06:00.904+0000] {dagbag.py:587} INFO - Filling up the DagBag from /home/airflow/.local/lib/python3.12/site-packages/airflow/example_dags/example_setup_teardown.py
[2024-11-18T03:06:00.922+0000] {processor.py:925} INFO - DAG(s) 'example_setup_teardown' retrieved from /home/airflow/.local/lib/python3.12/site-packages/airflow/example_dags/example_setup_teardown.py
[2024-11-18T03:06:00.968+0000] {logging_mixin.py:190} INFO - [2024-11-18T03:06:00.968+0000] {dag.py:3229} INFO - Sync 1 DAGs
[2024-11-18T03:06:01.009+0000] {logging_mixin.py:190} INFO - [2024-11-18T03:06:01.006+0000] {dag.py:4156} INFO - Setting next_dagrun for example_setup_teardown to None, run_after=None
[2024-11-18T03:06:01.046+0000] {processor.py:208} INFO - Processing /home/airflow/.local/lib/python3.12/site-packages/airflow/example_dags/example_setup_teardown.py took 0.163 seconds
[2024-11-18T03:06:32.076+0000] {processor.py:186} INFO - Started process (PID=1414) to work on /home/airflow/.local/lib/python3.12/site-packages/airflow/example_dags/example_setup_teardown.py
[2024-11-18T03:06:32.078+0000] {processor.py:914} INFO - Processing file /home/airflow/.local/lib/python3.12/site-packages/airflow/example_dags/example_setup_teardown.py for tasks to queue
[2024-11-18T03:06:32.083+0000] {logging_mixin.py:190} INFO - [2024-11-18T03:06:32.082+0000] {dagbag.py:587} INFO - Filling up the DagBag from /home/airflow/.local/lib/python3.12/site-packages/airflow/example_dags/example_setup_teardown.py
[2024-11-18T03:06:32.100+0000] {processor.py:925} INFO - DAG(s) 'example_setup_teardown' retrieved from /home/airflow/.local/lib/python3.12/site-packages/airflow/example_dags/example_setup_teardown.py
[2024-11-18T03:06:32.142+0000] {logging_mixin.py:190} INFO - [2024-11-18T03:06:32.141+0000] {dag.py:3229} INFO - Sync 1 DAGs
[2024-11-18T03:06:32.155+0000] {logging_mixin.py:190} INFO - [2024-11-18T03:06:32.155+0000] {dag.py:4156} INFO - Setting next_dagrun for example_setup_teardown to None, run_after=None
[2024-11-18T03:06:32.170+0000] {processor.py:208} INFO - Processing /home/airflow/.local/lib/python3.12/site-packages/airflow/example_dags/example_setup_teardown.py took 0.108 seconds
[2024-11-18T03:07:03.325+0000] {processor.py:186} INFO - Started process (PID=1476) to work on /home/airflow/.local/lib/python3.12/site-packages/airflow/example_dags/example_setup_teardown.py
[2024-11-18T03:07:03.327+0000] {processor.py:914} INFO - Processing file /home/airflow/.local/lib/python3.12/site-packages/airflow/example_dags/example_setup_teardown.py for tasks to queue
[2024-11-18T03:07:03.333+0000] {logging_mixin.py:190} INFO - [2024-11-18T03:07:03.331+0000] {dagbag.py:587} INFO - Filling up the DagBag from /home/airflow/.local/lib/python3.12/site-packages/airflow/example_dags/example_setup_teardown.py
[2024-11-18T03:07:03.351+0000] {processor.py:925} INFO - DAG(s) 'example_setup_teardown' retrieved from /home/airflow/.local/lib/python3.12/site-packages/airflow/example_dags/example_setup_teardown.py
[2024-11-18T03:07:03.395+0000] {logging_mixin.py:190} INFO - [2024-11-18T03:07:03.393+0000] {dag.py:3229} INFO - Sync 1 DAGs
[2024-11-18T03:07:03.423+0000] {logging_mixin.py:190} INFO - [2024-11-18T03:07:03.423+0000] {dag.py:4156} INFO - Setting next_dagrun for example_setup_teardown to None, run_after=None
[2024-11-18T03:07:03.460+0000] {processor.py:208} INFO - Processing /home/airflow/.local/lib/python3.12/site-packages/airflow/example_dags/example_setup_teardown.py took 0.147 seconds
[2024-11-18T03:07:34.174+0000] {processor.py:186} INFO - Started process (PID=1537) to work on /home/airflow/.local/lib/python3.12/site-packages/airflow/example_dags/example_setup_teardown.py
[2024-11-18T03:07:34.178+0000] {processor.py:914} INFO - Processing file /home/airflow/.local/lib/python3.12/site-packages/airflow/example_dags/example_setup_teardown.py for tasks to queue
[2024-11-18T03:07:34.182+0000] {logging_mixin.py:190} INFO - [2024-11-18T03:07:34.182+0000] {dagbag.py:587} INFO - Filling up the DagBag from /home/airflow/.local/lib/python3.12/site-packages/airflow/example_dags/example_setup_teardown.py
[2024-11-18T03:07:34.200+0000] {processor.py:925} INFO - DAG(s) 'example_setup_teardown' retrieved from /home/airflow/.local/lib/python3.12/site-packages/airflow/example_dags/example_setup_teardown.py
[2024-11-18T03:07:34.244+0000] {logging_mixin.py:190} INFO - [2024-11-18T03:07:34.244+0000] {dag.py:3229} INFO - Sync 1 DAGs
[2024-11-18T03:07:34.275+0000] {logging_mixin.py:190} INFO - [2024-11-18T03:07:34.275+0000] {dag.py:4156} INFO - Setting next_dagrun for example_setup_teardown to None, run_after=None
[2024-11-18T03:07:34.306+0000] {processor.py:208} INFO - Processing /home/airflow/.local/lib/python3.12/site-packages/airflow/example_dags/example_setup_teardown.py took 0.146 seconds
[2024-11-18T03:08:04.602+0000] {processor.py:186} INFO - Started process (PID=1599) to work on /home/airflow/.local/lib/python3.12/site-packages/airflow/example_dags/example_setup_teardown.py
[2024-11-18T03:08:04.604+0000] {processor.py:914} INFO - Processing file /home/airflow/.local/lib/python3.12/site-packages/airflow/example_dags/example_setup_teardown.py for tasks to queue
[2024-11-18T03:08:04.609+0000] {logging_mixin.py:190} INFO - [2024-11-18T03:08:04.608+0000] {dagbag.py:587} INFO - Filling up the DagBag from /home/airflow/.local/lib/python3.12/site-packages/airflow/example_dags/example_setup_teardown.py
[2024-11-18T03:08:04.629+0000] {processor.py:925} INFO - DAG(s) 'example_setup_teardown' retrieved from /home/airflow/.local/lib/python3.12/site-packages/airflow/example_dags/example_setup_teardown.py
[2024-11-18T03:08:04.670+0000] {logging_mixin.py:190} INFO - [2024-11-18T03:08:04.670+0000] {dag.py:3229} INFO - Sync 1 DAGs
[2024-11-18T03:08:04.700+0000] {logging_mixin.py:190} INFO - [2024-11-18T03:08:04.700+0000] {dag.py:4156} INFO - Setting next_dagrun for example_setup_teardown to None, run_after=None
[2024-11-18T03:08:04.734+0000] {processor.py:208} INFO - Processing /home/airflow/.local/lib/python3.12/site-packages/airflow/example_dags/example_setup_teardown.py took 0.145 seconds
[2024-11-18T03:08:35.713+0000] {processor.py:186} INFO - Started process (PID=1663) to work on /home/airflow/.local/lib/python3.12/site-packages/airflow/example_dags/example_setup_teardown.py
[2024-11-18T03:08:35.716+0000] {processor.py:914} INFO - Processing file /home/airflow/.local/lib/python3.12/site-packages/airflow/example_dags/example_setup_teardown.py for tasks to queue
[2024-11-18T03:08:35.720+0000] {logging_mixin.py:190} INFO - [2024-11-18T03:08:35.720+0000] {dagbag.py:587} INFO - Filling up the DagBag from /home/airflow/.local/lib/python3.12/site-packages/airflow/example_dags/example_setup_teardown.py
[2024-11-18T03:08:35.740+0000] {processor.py:925} INFO - DAG(s) 'example_setup_teardown' retrieved from /home/airflow/.local/lib/python3.12/site-packages/airflow/example_dags/example_setup_teardown.py
[2024-11-18T03:08:35.786+0000] {logging_mixin.py:190} INFO - [2024-11-18T03:08:35.785+0000] {dag.py:3229} INFO - Sync 1 DAGs
[2024-11-18T03:08:35.814+0000] {logging_mixin.py:190} INFO - [2024-11-18T03:08:35.814+0000] {dag.py:4156} INFO - Setting next_dagrun for example_setup_teardown to None, run_after=None
[2024-11-18T03:08:35.851+0000] {processor.py:208} INFO - Processing /home/airflow/.local/lib/python3.12/site-packages/airflow/example_dags/example_setup_teardown.py took 0.151 seconds
[2024-11-18T03:09:06.617+0000] {processor.py:186} INFO - Started process (PID=1725) to work on /home/airflow/.local/lib/python3.12/site-packages/airflow/example_dags/example_setup_teardown.py
[2024-11-18T03:09:06.620+0000] {processor.py:914} INFO - Processing file /home/airflow/.local/lib/python3.12/site-packages/airflow/example_dags/example_setup_teardown.py for tasks to queue
[2024-11-18T03:09:06.624+0000] {logging_mixin.py:190} INFO - [2024-11-18T03:09:06.624+0000] {dagbag.py:587} INFO - Filling up the DagBag from /home/airflow/.local/lib/python3.12/site-packages/airflow/example_dags/example_setup_teardown.py
[2024-11-18T03:09:06.644+0000] {processor.py:925} INFO - DAG(s) 'example_setup_teardown' retrieved from /home/airflow/.local/lib/python3.12/site-packages/airflow/example_dags/example_setup_teardown.py
[2024-11-18T03:09:06.687+0000] {logging_mixin.py:190} INFO - [2024-11-18T03:09:06.687+0000] {dag.py:3229} INFO - Sync 1 DAGs
[2024-11-18T03:09:06.720+0000] {logging_mixin.py:190} INFO - [2024-11-18T03:09:06.720+0000] {dag.py:4156} INFO - Setting next_dagrun for example_setup_teardown to None, run_after=None
[2024-11-18T03:09:06.757+0000] {processor.py:208} INFO - Processing /home/airflow/.local/lib/python3.12/site-packages/airflow/example_dags/example_setup_teardown.py took 0.153 seconds
[2024-11-18T03:09:37.725+0000] {processor.py:186} INFO - Started process (PID=1788) to work on /home/airflow/.local/lib/python3.12/site-packages/airflow/example_dags/example_setup_teardown.py
[2024-11-18T03:09:37.729+0000] {processor.py:914} INFO - Processing file /home/airflow/.local/lib/python3.12/site-packages/airflow/example_dags/example_setup_teardown.py for tasks to queue
[2024-11-18T03:09:37.737+0000] {logging_mixin.py:190} INFO - [2024-11-18T03:09:37.737+0000] {dagbag.py:587} INFO - Filling up the DagBag from /home/airflow/.local/lib/python3.12/site-packages/airflow/example_dags/example_setup_teardown.py
[2024-11-18T03:09:37.778+0000] {processor.py:925} INFO - DAG(s) 'example_setup_teardown' retrieved from /home/airflow/.local/lib/python3.12/site-packages/airflow/example_dags/example_setup_teardown.py
[2024-11-18T03:09:37.867+0000] {logging_mixin.py:190} INFO - [2024-11-18T03:09:37.867+0000] {dag.py:3229} INFO - Sync 1 DAGs
[2024-11-18T03:09:37.915+0000] {logging_mixin.py:190} INFO - [2024-11-18T03:09:37.915+0000] {dag.py:4156} INFO - Setting next_dagrun for example_setup_teardown to None, run_after=None
[2024-11-18T03:09:37.991+0000] {processor.py:208} INFO - Processing /home/airflow/.local/lib/python3.12/site-packages/airflow/example_dags/example_setup_teardown.py took 0.291 seconds
[2024-11-18T03:10:08.363+0000] {processor.py:186} INFO - Started process (PID=1851) to work on /home/airflow/.local/lib/python3.12/site-packages/airflow/example_dags/example_setup_teardown.py
[2024-11-18T03:10:08.366+0000] {processor.py:914} INFO - Processing file /home/airflow/.local/lib/python3.12/site-packages/airflow/example_dags/example_setup_teardown.py for tasks to queue
[2024-11-18T03:10:08.370+0000] {logging_mixin.py:190} INFO - [2024-11-18T03:10:08.370+0000] {dagbag.py:587} INFO - Filling up the DagBag from /home/airflow/.local/lib/python3.12/site-packages/airflow/example_dags/example_setup_teardown.py
[2024-11-18T03:10:08.388+0000] {processor.py:925} INFO - DAG(s) 'example_setup_teardown' retrieved from /home/airflow/.local/lib/python3.12/site-packages/airflow/example_dags/example_setup_teardown.py
[2024-11-18T03:10:08.432+0000] {logging_mixin.py:190} INFO - [2024-11-18T03:10:08.432+0000] {dag.py:3229} INFO - Sync 1 DAGs
[2024-11-18T03:10:08.461+0000] {logging_mixin.py:190} INFO - [2024-11-18T03:10:08.461+0000] {dag.py:4156} INFO - Setting next_dagrun for example_setup_teardown to None, run_after=None
[2024-11-18T03:10:08.494+0000] {processor.py:208} INFO - Processing /home/airflow/.local/lib/python3.12/site-packages/airflow/example_dags/example_setup_teardown.py took 0.147 seconds
[2024-11-18T03:10:40.801+0000] {processor.py:186} INFO - Started process (PID=1913) to work on /home/airflow/.local/lib/python3.12/site-packages/airflow/example_dags/example_setup_teardown.py
[2024-11-18T03:10:40.805+0000] {processor.py:914} INFO - Processing file /home/airflow/.local/lib/python3.12/site-packages/airflow/example_dags/example_setup_teardown.py for tasks to queue
[2024-11-18T03:10:40.821+0000] {logging_mixin.py:190} INFO - [2024-11-18T03:10:40.817+0000] {dagbag.py:587} INFO - Filling up the DagBag from /home/airflow/.local/lib/python3.12/site-packages/airflow/example_dags/example_setup_teardown.py
[2024-11-18T03:10:40.882+0000] {processor.py:925} INFO - DAG(s) 'example_setup_teardown' retrieved from /home/airflow/.local/lib/python3.12/site-packages/airflow/example_dags/example_setup_teardown.py
[2024-11-18T03:10:41.085+0000] {logging_mixin.py:190} INFO - [2024-11-18T03:10:41.085+0000] {dag.py:3229} INFO - Sync 1 DAGs
[2024-11-18T03:10:41.210+0000] {logging_mixin.py:190} INFO - [2024-11-18T03:10:41.210+0000] {dag.py:4156} INFO - Setting next_dagrun for example_setup_teardown to None, run_after=None
[2024-11-18T03:10:41.368+0000] {processor.py:208} INFO - Processing /home/airflow/.local/lib/python3.12/site-packages/airflow/example_dags/example_setup_teardown.py took 0.585 seconds
[2024-11-18T03:11:11.855+0000] {processor.py:186} INFO - Started process (PID=1975) to work on /home/airflow/.local/lib/python3.12/site-packages/airflow/example_dags/example_setup_teardown.py
[2024-11-18T03:11:11.857+0000] {processor.py:914} INFO - Processing file /home/airflow/.local/lib/python3.12/site-packages/airflow/example_dags/example_setup_teardown.py for tasks to queue
[2024-11-18T03:11:11.863+0000] {logging_mixin.py:190} INFO - [2024-11-18T03:11:11.861+0000] {dagbag.py:587} INFO - Filling up the DagBag from /home/airflow/.local/lib/python3.12/site-packages/airflow/example_dags/example_setup_teardown.py
[2024-11-18T03:11:11.893+0000] {processor.py:925} INFO - DAG(s) 'example_setup_teardown' retrieved from /home/airflow/.local/lib/python3.12/site-packages/airflow/example_dags/example_setup_teardown.py
[2024-11-18T03:11:11.951+0000] {logging_mixin.py:190} INFO - [2024-11-18T03:11:11.948+0000] {dag.py:3229} INFO - Sync 1 DAGs
[2024-11-18T03:11:12.017+0000] {logging_mixin.py:190} INFO - [2024-11-18T03:11:12.017+0000] {dag.py:4156} INFO - Setting next_dagrun for example_setup_teardown to None, run_after=None
[2024-11-18T03:11:12.253+0000] {processor.py:208} INFO - Processing /home/airflow/.local/lib/python3.12/site-packages/airflow/example_dags/example_setup_teardown.py took 0.412 seconds
[2024-11-18T03:11:43.246+0000] {processor.py:186} INFO - Started process (PID=2037) to work on /home/airflow/.local/lib/python3.12/site-packages/airflow/example_dags/example_setup_teardown.py
[2024-11-18T03:11:43.395+0000] {processor.py:914} INFO - Processing file /home/airflow/.local/lib/python3.12/site-packages/airflow/example_dags/example_setup_teardown.py for tasks to queue
[2024-11-18T03:11:43.416+0000] {logging_mixin.py:190} INFO - [2024-11-18T03:11:43.408+0000] {dagbag.py:587} INFO - Filling up the DagBag from /home/airflow/.local/lib/python3.12/site-packages/airflow/example_dags/example_setup_teardown.py
[2024-11-18T03:11:43.485+0000] {processor.py:925} INFO - DAG(s) 'example_setup_teardown' retrieved from /home/airflow/.local/lib/python3.12/site-packages/airflow/example_dags/example_setup_teardown.py
[2024-11-18T03:11:43.557+0000] {logging_mixin.py:190} INFO - [2024-11-18T03:11:43.557+0000] {dag.py:3229} INFO - Sync 1 DAGs
[2024-11-18T03:11:43.641+0000] {logging_mixin.py:190} INFO - [2024-11-18T03:11:43.638+0000] {dag.py:4156} INFO - Setting next_dagrun for example_setup_teardown to None, run_after=None
[2024-11-18T03:11:43.685+0000] {processor.py:208} INFO - Processing /home/airflow/.local/lib/python3.12/site-packages/airflow/example_dags/example_setup_teardown.py took 0.464 seconds
[2024-11-18T03:12:15.323+0000] {processor.py:186} INFO - Started process (PID=2099) to work on /home/airflow/.local/lib/python3.12/site-packages/airflow/example_dags/example_setup_teardown.py
[2024-11-18T03:12:15.340+0000] {processor.py:914} INFO - Processing file /home/airflow/.local/lib/python3.12/site-packages/airflow/example_dags/example_setup_teardown.py for tasks to queue
[2024-11-18T03:12:15.379+0000] {logging_mixin.py:190} INFO - [2024-11-18T03:12:15.379+0000] {dagbag.py:587} INFO - Filling up the DagBag from /home/airflow/.local/lib/python3.12/site-packages/airflow/example_dags/example_setup_teardown.py
[2024-11-18T03:12:15.491+0000] {processor.py:925} INFO - DAG(s) 'example_setup_teardown' retrieved from /home/airflow/.local/lib/python3.12/site-packages/airflow/example_dags/example_setup_teardown.py
[2024-11-18T03:12:15.588+0000] {logging_mixin.py:190} INFO - [2024-11-18T03:12:15.588+0000] {dag.py:3229} INFO - Sync 1 DAGs
[2024-11-18T03:12:15.689+0000] {logging_mixin.py:190} INFO - [2024-11-18T03:12:15.689+0000] {dag.py:4156} INFO - Setting next_dagrun for example_setup_teardown to None, run_after=None
[2024-11-18T03:12:15.799+0000] {processor.py:208} INFO - Processing /home/airflow/.local/lib/python3.12/site-packages/airflow/example_dags/example_setup_teardown.py took 0.599 seconds
[2024-11-18T03:12:46.455+0000] {processor.py:186} INFO - Started process (PID=2162) to work on /home/airflow/.local/lib/python3.12/site-packages/airflow/example_dags/example_setup_teardown.py
[2024-11-18T03:12:46.461+0000] {processor.py:914} INFO - Processing file /home/airflow/.local/lib/python3.12/site-packages/airflow/example_dags/example_setup_teardown.py for tasks to queue
[2024-11-18T03:12:46.523+0000] {logging_mixin.py:190} INFO - [2024-11-18T03:12:46.497+0000] {dagbag.py:587} INFO - Filling up the DagBag from /home/airflow/.local/lib/python3.12/site-packages/airflow/example_dags/example_setup_teardown.py
[2024-11-18T03:12:46.689+0000] {processor.py:925} INFO - DAG(s) 'example_setup_teardown' retrieved from /home/airflow/.local/lib/python3.12/site-packages/airflow/example_dags/example_setup_teardown.py
[2024-11-18T03:12:46.874+0000] {logging_mixin.py:190} INFO - [2024-11-18T03:12:46.874+0000] {dag.py:3229} INFO - Sync 1 DAGs
[2024-11-18T03:12:46.967+0000] {logging_mixin.py:190} INFO - [2024-11-18T03:12:46.967+0000] {dag.py:4156} INFO - Setting next_dagrun for example_setup_teardown to None, run_after=None
[2024-11-18T03:12:47.014+0000] {processor.py:208} INFO - Processing /home/airflow/.local/lib/python3.12/site-packages/airflow/example_dags/example_setup_teardown.py took 0.622 seconds
[2024-11-18T03:13:20.453+0000] {processor.py:186} INFO - Started process (PID=2224) to work on /home/airflow/.local/lib/python3.12/site-packages/airflow/example_dags/example_setup_teardown.py
[2024-11-18T03:13:20.476+0000] {processor.py:914} INFO - Processing file /home/airflow/.local/lib/python3.12/site-packages/airflow/example_dags/example_setup_teardown.py for tasks to queue
[2024-11-18T03:13:20.532+0000] {logging_mixin.py:190} INFO - [2024-11-18T03:13:20.532+0000] {dagbag.py:587} INFO - Filling up the DagBag from /home/airflow/.local/lib/python3.12/site-packages/airflow/example_dags/example_setup_teardown.py
[2024-11-18T03:13:20.760+0000] {processor.py:925} INFO - DAG(s) 'example_setup_teardown' retrieved from /home/airflow/.local/lib/python3.12/site-packages/airflow/example_dags/example_setup_teardown.py
[2024-11-18T03:13:21.087+0000] {logging_mixin.py:190} INFO - [2024-11-18T03:13:21.081+0000] {dag.py:3229} INFO - Sync 1 DAGs
[2024-11-18T03:13:21.249+0000] {logging_mixin.py:190} INFO - [2024-11-18T03:13:21.245+0000] {dag.py:4156} INFO - Setting next_dagrun for example_setup_teardown to None, run_after=None
[2024-11-18T03:13:21.441+0000] {processor.py:208} INFO - Processing /home/airflow/.local/lib/python3.12/site-packages/airflow/example_dags/example_setup_teardown.py took 1.039 seconds
[2024-11-18T03:13:52.231+0000] {processor.py:186} INFO - Started process (PID=2285) to work on /home/airflow/.local/lib/python3.12/site-packages/airflow/example_dags/example_setup_teardown.py
[2024-11-18T03:13:52.232+0000] {processor.py:914} INFO - Processing file /home/airflow/.local/lib/python3.12/site-packages/airflow/example_dags/example_setup_teardown.py for tasks to queue
[2024-11-18T03:13:52.241+0000] {logging_mixin.py:190} INFO - [2024-11-18T03:13:52.239+0000] {dagbag.py:587} INFO - Filling up the DagBag from /home/airflow/.local/lib/python3.12/site-packages/airflow/example_dags/example_setup_teardown.py
[2024-11-18T03:13:52.288+0000] {processor.py:925} INFO - DAG(s) 'example_setup_teardown' retrieved from /home/airflow/.local/lib/python3.12/site-packages/airflow/example_dags/example_setup_teardown.py
[2024-11-18T03:13:52.435+0000] {logging_mixin.py:190} INFO - [2024-11-18T03:13:52.433+0000] {dag.py:3229} INFO - Sync 1 DAGs
[2024-11-18T03:13:52.565+0000] {logging_mixin.py:190} INFO - [2024-11-18T03:13:52.564+0000] {dag.py:4156} INFO - Setting next_dagrun for example_setup_teardown to None, run_after=None
[2024-11-18T03:13:52.743+0000] {processor.py:208} INFO - Processing /home/airflow/.local/lib/python3.12/site-packages/airflow/example_dags/example_setup_teardown.py took 0.533 seconds
[2024-11-18T03:14:25.236+0000] {processor.py:186} INFO - Started process (PID=2347) to work on /home/airflow/.local/lib/python3.12/site-packages/airflow/example_dags/example_setup_teardown.py
[2024-11-18T03:14:25.238+0000] {processor.py:914} INFO - Processing file /home/airflow/.local/lib/python3.12/site-packages/airflow/example_dags/example_setup_teardown.py for tasks to queue
[2024-11-18T03:14:25.252+0000] {logging_mixin.py:190} INFO - [2024-11-18T03:14:25.252+0000] {dagbag.py:587} INFO - Filling up the DagBag from /home/airflow/.local/lib/python3.12/site-packages/airflow/example_dags/example_setup_teardown.py
[2024-11-18T03:14:25.377+0000] {processor.py:925} INFO - DAG(s) 'example_setup_teardown' retrieved from /home/airflow/.local/lib/python3.12/site-packages/airflow/example_dags/example_setup_teardown.py
[2024-11-18T03:14:25.550+0000] {logging_mixin.py:190} INFO - [2024-11-18T03:14:25.547+0000] {dag.py:3229} INFO - Sync 1 DAGs
[2024-11-18T03:14:25.636+0000] {logging_mixin.py:190} INFO - [2024-11-18T03:14:25.628+0000] {dag.py:4156} INFO - Setting next_dagrun for example_setup_teardown to None, run_after=None
[2024-11-18T03:14:25.830+0000] {processor.py:208} INFO - Processing /home/airflow/.local/lib/python3.12/site-packages/airflow/example_dags/example_setup_teardown.py took 0.630 seconds
[2024-11-18T03:14:56.178+0000] {processor.py:186} INFO - Started process (PID=2408) to work on /home/airflow/.local/lib/python3.12/site-packages/airflow/example_dags/example_setup_teardown.py
[2024-11-18T03:14:56.294+0000] {processor.py:914} INFO - Processing file /home/airflow/.local/lib/python3.12/site-packages/airflow/example_dags/example_setup_teardown.py for tasks to queue
[2024-11-18T03:14:56.327+0000] {logging_mixin.py:190} INFO - [2024-11-18T03:14:56.314+0000] {dagbag.py:587} INFO - Filling up the DagBag from /home/airflow/.local/lib/python3.12/site-packages/airflow/example_dags/example_setup_teardown.py
[2024-11-18T03:14:56.393+0000] {processor.py:925} INFO - DAG(s) 'example_setup_teardown' retrieved from /home/airflow/.local/lib/python3.12/site-packages/airflow/example_dags/example_setup_teardown.py
[2024-11-18T03:14:56.449+0000] {logging_mixin.py:190} INFO - [2024-11-18T03:14:56.449+0000] {dag.py:3229} INFO - Sync 1 DAGs
[2024-11-18T03:14:56.505+0000] {logging_mixin.py:190} INFO - [2024-11-18T03:14:56.505+0000] {dag.py:4156} INFO - Setting next_dagrun for example_setup_teardown to None, run_after=None
[2024-11-18T03:14:56.583+0000] {processor.py:208} INFO - Processing /home/airflow/.local/lib/python3.12/site-packages/airflow/example_dags/example_setup_teardown.py took 0.456 seconds
[2024-11-18T03:15:32.160+0000] {processor.py:186} INFO - Started process (PID=2478) to work on /home/airflow/.local/lib/python3.12/site-packages/airflow/example_dags/example_setup_teardown.py
[2024-11-18T03:15:32.282+0000] {processor.py:914} INFO - Processing file /home/airflow/.local/lib/python3.12/site-packages/airflow/example_dags/example_setup_teardown.py for tasks to queue
[2024-11-18T03:15:32.295+0000] {logging_mixin.py:190} INFO - [2024-11-18T03:15:32.295+0000] {dagbag.py:587} INFO - Filling up the DagBag from /home/airflow/.local/lib/python3.12/site-packages/airflow/example_dags/example_setup_teardown.py
[2024-11-18T03:15:32.358+0000] {processor.py:925} INFO - DAG(s) 'example_setup_teardown' retrieved from /home/airflow/.local/lib/python3.12/site-packages/airflow/example_dags/example_setup_teardown.py
[2024-11-18T03:15:32.423+0000] {logging_mixin.py:190} INFO - [2024-11-18T03:15:32.423+0000] {dag.py:3229} INFO - Sync 1 DAGs
[2024-11-18T03:15:32.526+0000] {logging_mixin.py:190} INFO - [2024-11-18T03:15:32.522+0000] {dag.py:4156} INFO - Setting next_dagrun for example_setup_teardown to None, run_after=None
[2024-11-18T03:15:32.597+0000] {processor.py:208} INFO - Processing /home/airflow/.local/lib/python3.12/site-packages/airflow/example_dags/example_setup_teardown.py took 0.488 seconds
[2024-11-18T03:16:04.857+0000] {processor.py:186} INFO - Started process (PID=2540) to work on /home/airflow/.local/lib/python3.12/site-packages/airflow/example_dags/example_setup_teardown.py
[2024-11-18T03:16:04.864+0000] {processor.py:914} INFO - Processing file /home/airflow/.local/lib/python3.12/site-packages/airflow/example_dags/example_setup_teardown.py for tasks to queue
[2024-11-18T03:16:04.879+0000] {logging_mixin.py:190} INFO - [2024-11-18T03:16:04.875+0000] {dagbag.py:587} INFO - Filling up the DagBag from /home/airflow/.local/lib/python3.12/site-packages/airflow/example_dags/example_setup_teardown.py
[2024-11-18T03:16:04.956+0000] {processor.py:925} INFO - DAG(s) 'example_setup_teardown' retrieved from /home/airflow/.local/lib/python3.12/site-packages/airflow/example_dags/example_setup_teardown.py
[2024-11-18T03:16:05.109+0000] {logging_mixin.py:190} INFO - [2024-11-18T03:16:05.109+0000] {dag.py:3229} INFO - Sync 1 DAGs
[2024-11-18T03:16:05.217+0000] {logging_mixin.py:190} INFO - [2024-11-18T03:16:05.217+0000] {dag.py:4156} INFO - Setting next_dagrun for example_setup_teardown to None, run_after=None
[2024-11-18T03:16:05.270+0000] {processor.py:208} INFO - Processing /home/airflow/.local/lib/python3.12/site-packages/airflow/example_dags/example_setup_teardown.py took 0.485 seconds
[2024-11-18T03:16:36.958+0000] {processor.py:186} INFO - Started process (PID=2602) to work on /home/airflow/.local/lib/python3.12/site-packages/airflow/example_dags/example_setup_teardown.py
[2024-11-18T03:16:37.149+0000] {processor.py:914} INFO - Processing file /home/airflow/.local/lib/python3.12/site-packages/airflow/example_dags/example_setup_teardown.py for tasks to queue
[2024-11-18T03:16:37.194+0000] {logging_mixin.py:190} INFO - [2024-11-18T03:16:37.194+0000] {dagbag.py:587} INFO - Filling up the DagBag from /home/airflow/.local/lib/python3.12/site-packages/airflow/example_dags/example_setup_teardown.py
[2024-11-18T03:16:37.341+0000] {processor.py:925} INFO - DAG(s) 'example_setup_teardown' retrieved from /home/airflow/.local/lib/python3.12/site-packages/airflow/example_dags/example_setup_teardown.py
[2024-11-18T03:16:37.422+0000] {logging_mixin.py:190} INFO - [2024-11-18T03:16:37.422+0000] {dag.py:3229} INFO - Sync 1 DAGs
[2024-11-18T03:16:37.462+0000] {logging_mixin.py:190} INFO - [2024-11-18T03:16:37.462+0000] {dag.py:4156} INFO - Setting next_dagrun for example_setup_teardown to None, run_after=None
[2024-11-18T03:16:37.548+0000] {processor.py:208} INFO - Processing /home/airflow/.local/lib/python3.12/site-packages/airflow/example_dags/example_setup_teardown.py took 0.615 seconds
