[2024-11-18T02:55:34.855+0000] {processor.py:186} INFO - Started process (PID=86) to work on /home/airflow/.local/lib/python3.12/site-packages/airflow/example_dags/example_dataset_alias.py
[2024-11-18T02:55:34.861+0000] {processor.py:914} INFO - Processing file /home/airflow/.local/lib/python3.12/site-packages/airflow/example_dags/example_dataset_alias.py for tasks to queue
[2024-11-18T02:55:34.875+0000] {logging_mixin.py:190} INFO - [2024-11-18T02:55:34.868+0000] {dagbag.py:587} INFO - Filling up the DagBag from /home/airflow/.local/lib/python3.12/site-packages/airflow/example_dags/example_dataset_alias.py
[2024-11-18T02:55:36.116+0000] {processor.py:925} INFO - DAG(s) 'dataset_s3_bucket_consumer', 'dataset_alias_example_alias_producer', 'dataset_alias_example_alias_consumer', 'dataset_s3_bucket_producer' retrieved from /home/airflow/.local/lib/python3.12/site-packages/airflow/example_dags/example_dataset_alias.py
[2024-11-18T02:55:36.254+0000] {logging_mixin.py:190} INFO - [2024-11-18T02:55:36.254+0000] {dag.py:3229} INFO - Sync 4 DAGs
[2024-11-18T02:55:36.389+0000] {logging_mixin.py:190} INFO - [2024-11-18T02:55:36.389+0000] {dag.py:4156} INFO - Setting next_dagrun for dataset_alias_example_alias_consumer to None, run_after=None
[2024-11-18T02:55:36.406+0000] {logging_mixin.py:190} INFO - [2024-11-18T02:55:36.406+0000] {dag.py:4156} INFO - Setting next_dagrun for dataset_alias_example_alias_producer to None, run_after=None
[2024-11-18T02:55:36.415+0000] {logging_mixin.py:190} INFO - [2024-11-18T02:55:36.415+0000] {dag.py:4156} INFO - Setting next_dagrun for dataset_s3_bucket_consumer to None, run_after=None
[2024-11-18T02:55:36.427+0000] {logging_mixin.py:190} INFO - [2024-11-18T02:55:36.427+0000] {dag.py:4156} INFO - Setting next_dagrun for dataset_s3_bucket_producer to None, run_after=None
[2024-11-18T02:55:36.563+0000] {processor.py:208} INFO - Processing /home/airflow/.local/lib/python3.12/site-packages/airflow/example_dags/example_dataset_alias.py took 1.747 seconds
[2024-11-18T02:56:06.855+0000] {processor.py:186} INFO - Started process (PID=148) to work on /home/airflow/.local/lib/python3.12/site-packages/airflow/example_dags/example_dataset_alias.py
[2024-11-18T02:56:06.859+0000] {processor.py:914} INFO - Processing file /home/airflow/.local/lib/python3.12/site-packages/airflow/example_dags/example_dataset_alias.py for tasks to queue
[2024-11-18T02:56:06.863+0000] {logging_mixin.py:190} INFO - [2024-11-18T02:56:06.863+0000] {dagbag.py:587} INFO - Filling up the DagBag from /home/airflow/.local/lib/python3.12/site-packages/airflow/example_dags/example_dataset_alias.py
[2024-11-18T02:56:07.206+0000] {processor.py:925} INFO - DAG(s) 'dataset_alias_example_alias_consumer', 'dataset_s3_bucket_consumer', 'dataset_s3_bucket_producer', 'dataset_alias_example_alias_producer' retrieved from /home/airflow/.local/lib/python3.12/site-packages/airflow/example_dags/example_dataset_alias.py
[2024-11-18T02:56:07.248+0000] {logging_mixin.py:190} INFO - [2024-11-18T02:56:07.248+0000] {dag.py:3229} INFO - Sync 4 DAGs
[2024-11-18T02:56:07.270+0000] {logging_mixin.py:190} INFO - [2024-11-18T02:56:07.269+0000] {dag.py:4156} INFO - Setting next_dagrun for dataset_alias_example_alias_consumer to None, run_after=None
[2024-11-18T02:56:07.272+0000] {logging_mixin.py:190} INFO - [2024-11-18T02:56:07.272+0000] {dag.py:4156} INFO - Setting next_dagrun for dataset_alias_example_alias_producer to None, run_after=None
[2024-11-18T02:56:07.273+0000] {logging_mixin.py:190} INFO - [2024-11-18T02:56:07.273+0000] {dag.py:4156} INFO - Setting next_dagrun for dataset_s3_bucket_consumer to None, run_after=None
[2024-11-18T02:56:07.274+0000] {logging_mixin.py:190} INFO - [2024-11-18T02:56:07.274+0000] {dag.py:4156} INFO - Setting next_dagrun for dataset_s3_bucket_producer to None, run_after=None
[2024-11-18T02:56:07.292+0000] {processor.py:208} INFO - Processing /home/airflow/.local/lib/python3.12/site-packages/airflow/example_dags/example_dataset_alias.py took 0.450 seconds
[2024-11-18T02:56:37.646+0000] {processor.py:186} INFO - Started process (PID=210) to work on /home/airflow/.local/lib/python3.12/site-packages/airflow/example_dags/example_dataset_alias.py
[2024-11-18T02:56:37.649+0000] {processor.py:914} INFO - Processing file /home/airflow/.local/lib/python3.12/site-packages/airflow/example_dags/example_dataset_alias.py for tasks to queue
[2024-11-18T02:56:37.656+0000] {logging_mixin.py:190} INFO - [2024-11-18T02:56:37.656+0000] {dagbag.py:587} INFO - Filling up the DagBag from /home/airflow/.local/lib/python3.12/site-packages/airflow/example_dags/example_dataset_alias.py
[2024-11-18T02:56:37.991+0000] {processor.py:925} INFO - DAG(s) 'dataset_alias_example_alias_consumer', 'dataset_alias_example_alias_producer', 'dataset_s3_bucket_producer', 'dataset_s3_bucket_consumer' retrieved from /home/airflow/.local/lib/python3.12/site-packages/airflow/example_dags/example_dataset_alias.py
[2024-11-18T02:56:38.056+0000] {logging_mixin.py:190} INFO - [2024-11-18T02:56:38.056+0000] {dag.py:3229} INFO - Sync 4 DAGs
[2024-11-18T02:56:38.096+0000] {logging_mixin.py:190} INFO - [2024-11-18T02:56:38.096+0000] {dag.py:4156} INFO - Setting next_dagrun for dataset_alias_example_alias_consumer to None, run_after=None
[2024-11-18T02:56:38.098+0000] {logging_mixin.py:190} INFO - [2024-11-18T02:56:38.098+0000] {dag.py:4156} INFO - Setting next_dagrun for dataset_alias_example_alias_producer to None, run_after=None
[2024-11-18T02:56:38.100+0000] {logging_mixin.py:190} INFO - [2024-11-18T02:56:38.099+0000] {dag.py:4156} INFO - Setting next_dagrun for dataset_s3_bucket_consumer to None, run_after=None
[2024-11-18T02:56:38.101+0000] {logging_mixin.py:190} INFO - [2024-11-18T02:56:38.100+0000] {dag.py:4156} INFO - Setting next_dagrun for dataset_s3_bucket_producer to None, run_after=None
[2024-11-18T02:56:38.120+0000] {processor.py:208} INFO - Processing /home/airflow/.local/lib/python3.12/site-packages/airflow/example_dags/example_dataset_alias.py took 0.491 seconds
[2024-11-18T02:57:08.206+0000] {processor.py:186} INFO - Started process (PID=273) to work on /home/airflow/.local/lib/python3.12/site-packages/airflow/example_dags/example_dataset_alias.py
[2024-11-18T02:57:08.207+0000] {processor.py:914} INFO - Processing file /home/airflow/.local/lib/python3.12/site-packages/airflow/example_dags/example_dataset_alias.py for tasks to queue
[2024-11-18T02:57:08.209+0000] {logging_mixin.py:190} INFO - [2024-11-18T02:57:08.209+0000] {dagbag.py:587} INFO - Filling up the DagBag from /home/airflow/.local/lib/python3.12/site-packages/airflow/example_dags/example_dataset_alias.py
[2024-11-18T02:57:08.356+0000] {processor.py:925} INFO - DAG(s) 'dataset_alias_example_alias_producer', 'dataset_s3_bucket_producer', 'dataset_alias_example_alias_consumer', 'dataset_s3_bucket_consumer' retrieved from /home/airflow/.local/lib/python3.12/site-packages/airflow/example_dags/example_dataset_alias.py
[2024-11-18T02:57:08.374+0000] {logging_mixin.py:190} INFO - [2024-11-18T02:57:08.374+0000] {dag.py:3229} INFO - Sync 4 DAGs
[2024-11-18T02:57:08.397+0000] {logging_mixin.py:190} INFO - [2024-11-18T02:57:08.397+0000] {dag.py:4156} INFO - Setting next_dagrun for dataset_alias_example_alias_consumer to None, run_after=None
[2024-11-18T02:57:08.399+0000] {logging_mixin.py:190} INFO - [2024-11-18T02:57:08.399+0000] {dag.py:4156} INFO - Setting next_dagrun for dataset_alias_example_alias_producer to None, run_after=None
[2024-11-18T02:57:08.400+0000] {logging_mixin.py:190} INFO - [2024-11-18T02:57:08.400+0000] {dag.py:4156} INFO - Setting next_dagrun for dataset_s3_bucket_consumer to None, run_after=None
[2024-11-18T02:57:08.401+0000] {logging_mixin.py:190} INFO - [2024-11-18T02:57:08.401+0000] {dag.py:4156} INFO - Setting next_dagrun for dataset_s3_bucket_producer to None, run_after=None
[2024-11-18T02:57:08.419+0000] {processor.py:208} INFO - Processing /home/airflow/.local/lib/python3.12/site-packages/airflow/example_dags/example_dataset_alias.py took 0.219 seconds
[2024-11-18T02:57:38.489+0000] {processor.py:186} INFO - Started process (PID=335) to work on /home/airflow/.local/lib/python3.12/site-packages/airflow/example_dags/example_dataset_alias.py
[2024-11-18T02:57:38.490+0000] {processor.py:914} INFO - Processing file /home/airflow/.local/lib/python3.12/site-packages/airflow/example_dags/example_dataset_alias.py for tasks to queue
[2024-11-18T02:57:38.492+0000] {logging_mixin.py:190} INFO - [2024-11-18T02:57:38.492+0000] {dagbag.py:587} INFO - Filling up the DagBag from /home/airflow/.local/lib/python3.12/site-packages/airflow/example_dags/example_dataset_alias.py
[2024-11-18T02:57:38.642+0000] {processor.py:925} INFO - DAG(s) 'dataset_s3_bucket_consumer', 'dataset_s3_bucket_producer', 'dataset_alias_example_alias_consumer', 'dataset_alias_example_alias_producer' retrieved from /home/airflow/.local/lib/python3.12/site-packages/airflow/example_dags/example_dataset_alias.py
[2024-11-18T02:57:38.670+0000] {logging_mixin.py:190} INFO - [2024-11-18T02:57:38.669+0000] {dag.py:3229} INFO - Sync 4 DAGs
[2024-11-18T02:57:38.692+0000] {logging_mixin.py:190} INFO - [2024-11-18T02:57:38.692+0000] {dag.py:4156} INFO - Setting next_dagrun for dataset_alias_example_alias_consumer to None, run_after=None
[2024-11-18T02:57:38.694+0000] {logging_mixin.py:190} INFO - [2024-11-18T02:57:38.694+0000] {dag.py:4156} INFO - Setting next_dagrun for dataset_alias_example_alias_producer to None, run_after=None
[2024-11-18T02:57:38.695+0000] {logging_mixin.py:190} INFO - [2024-11-18T02:57:38.695+0000] {dag.py:4156} INFO - Setting next_dagrun for dataset_s3_bucket_consumer to None, run_after=None
[2024-11-18T02:57:38.696+0000] {logging_mixin.py:190} INFO - [2024-11-18T02:57:38.696+0000] {dag.py:4156} INFO - Setting next_dagrun for dataset_s3_bucket_producer to None, run_after=None
[2024-11-18T02:57:38.714+0000] {processor.py:208} INFO - Processing /home/airflow/.local/lib/python3.12/site-packages/airflow/example_dags/example_dataset_alias.py took 0.232 seconds
[2024-11-18T02:58:09.005+0000] {processor.py:186} INFO - Started process (PID=395) to work on /home/airflow/.local/lib/python3.12/site-packages/airflow/example_dags/example_dataset_alias.py
[2024-11-18T02:58:09.011+0000] {processor.py:914} INFO - Processing file /home/airflow/.local/lib/python3.12/site-packages/airflow/example_dags/example_dataset_alias.py for tasks to queue
[2024-11-18T02:58:09.023+0000] {logging_mixin.py:190} INFO - [2024-11-18T02:58:09.023+0000] {dagbag.py:587} INFO - Filling up the DagBag from /home/airflow/.local/lib/python3.12/site-packages/airflow/example_dags/example_dataset_alias.py
[2024-11-18T02:58:10.050+0000] {processor.py:925} INFO - DAG(s) 'dataset_alias_example_alias_consumer', 'dataset_s3_bucket_consumer', 'dataset_s3_bucket_producer', 'dataset_alias_example_alias_producer' retrieved from /home/airflow/.local/lib/python3.12/site-packages/airflow/example_dags/example_dataset_alias.py
[2024-11-18T02:58:10.194+0000] {logging_mixin.py:190} INFO - [2024-11-18T02:58:10.194+0000] {dag.py:3229} INFO - Sync 4 DAGs
[2024-11-18T02:58:10.300+0000] {logging_mixin.py:190} INFO - [2024-11-18T02:58:10.300+0000] {dag.py:4156} INFO - Setting next_dagrun for dataset_alias_example_alias_consumer to None, run_after=None
[2024-11-18T02:58:10.317+0000] {logging_mixin.py:190} INFO - [2024-11-18T02:58:10.316+0000] {dag.py:4156} INFO - Setting next_dagrun for dataset_alias_example_alias_producer to None, run_after=None
[2024-11-18T02:58:10.321+0000] {logging_mixin.py:190} INFO - [2024-11-18T02:58:10.321+0000] {dag.py:4156} INFO - Setting next_dagrun for dataset_s3_bucket_consumer to None, run_after=None
[2024-11-18T02:58:10.324+0000] {logging_mixin.py:190} INFO - [2024-11-18T02:58:10.323+0000] {dag.py:4156} INFO - Setting next_dagrun for dataset_s3_bucket_producer to None, run_after=None
[2024-11-18T02:58:10.395+0000] {processor.py:208} INFO - Processing /home/airflow/.local/lib/python3.12/site-packages/airflow/example_dags/example_dataset_alias.py took 1.436 seconds
[2024-11-18T02:58:41.185+0000] {processor.py:186} INFO - Started process (PID=459) to work on /home/airflow/.local/lib/python3.12/site-packages/airflow/example_dags/example_dataset_alias.py
[2024-11-18T02:58:41.190+0000] {processor.py:914} INFO - Processing file /home/airflow/.local/lib/python3.12/site-packages/airflow/example_dags/example_dataset_alias.py for tasks to queue
[2024-11-18T02:58:41.194+0000] {logging_mixin.py:190} INFO - [2024-11-18T02:58:41.194+0000] {dagbag.py:587} INFO - Filling up the DagBag from /home/airflow/.local/lib/python3.12/site-packages/airflow/example_dags/example_dataset_alias.py
[2024-11-18T02:58:41.531+0000] {processor.py:925} INFO - DAG(s) 'dataset_s3_bucket_producer', 'dataset_alias_example_alias_producer', 'dataset_alias_example_alias_consumer', 'dataset_s3_bucket_consumer' retrieved from /home/airflow/.local/lib/python3.12/site-packages/airflow/example_dags/example_dataset_alias.py
[2024-11-18T02:58:41.569+0000] {logging_mixin.py:190} INFO - [2024-11-18T02:58:41.569+0000] {dag.py:3229} INFO - Sync 4 DAGs
[2024-11-18T02:58:41.590+0000] {logging_mixin.py:190} INFO - [2024-11-18T02:58:41.590+0000] {dag.py:4156} INFO - Setting next_dagrun for dataset_alias_example_alias_consumer to None, run_after=None
[2024-11-18T02:58:41.594+0000] {logging_mixin.py:190} INFO - [2024-11-18T02:58:41.594+0000] {dag.py:4156} INFO - Setting next_dagrun for dataset_alias_example_alias_producer to None, run_after=None
[2024-11-18T02:58:41.595+0000] {logging_mixin.py:190} INFO - [2024-11-18T02:58:41.595+0000] {dag.py:4156} INFO - Setting next_dagrun for dataset_s3_bucket_consumer to None, run_after=None
[2024-11-18T02:58:41.596+0000] {logging_mixin.py:190} INFO - [2024-11-18T02:58:41.596+0000] {dag.py:4156} INFO - Setting next_dagrun for dataset_s3_bucket_producer to None, run_after=None
[2024-11-18T02:58:41.615+0000] {processor.py:208} INFO - Processing /home/airflow/.local/lib/python3.12/site-packages/airflow/example_dags/example_dataset_alias.py took 0.440 seconds
[2024-11-18T02:59:11.801+0000] {processor.py:186} INFO - Started process (PID=523) to work on /home/airflow/.local/lib/python3.12/site-packages/airflow/example_dags/example_dataset_alias.py
[2024-11-18T02:59:11.801+0000] {processor.py:914} INFO - Processing file /home/airflow/.local/lib/python3.12/site-packages/airflow/example_dags/example_dataset_alias.py for tasks to queue
[2024-11-18T02:59:11.804+0000] {logging_mixin.py:190} INFO - [2024-11-18T02:59:11.804+0000] {dagbag.py:587} INFO - Filling up the DagBag from /home/airflow/.local/lib/python3.12/site-packages/airflow/example_dags/example_dataset_alias.py
[2024-11-18T02:59:11.963+0000] {processor.py:925} INFO - DAG(s) 'dataset_s3_bucket_consumer', 'dataset_s3_bucket_producer', 'dataset_alias_example_alias_consumer', 'dataset_alias_example_alias_producer' retrieved from /home/airflow/.local/lib/python3.12/site-packages/airflow/example_dags/example_dataset_alias.py
[2024-11-18T02:59:11.983+0000] {logging_mixin.py:190} INFO - [2024-11-18T02:59:11.983+0000] {dag.py:3229} INFO - Sync 4 DAGs
[2024-11-18T02:59:12.007+0000] {logging_mixin.py:190} INFO - [2024-11-18T02:59:12.006+0000] {dag.py:4156} INFO - Setting next_dagrun for dataset_alias_example_alias_consumer to None, run_after=None
[2024-11-18T02:59:12.009+0000] {logging_mixin.py:190} INFO - [2024-11-18T02:59:12.009+0000] {dag.py:4156} INFO - Setting next_dagrun for dataset_alias_example_alias_producer to None, run_after=None
[2024-11-18T02:59:12.010+0000] {logging_mixin.py:190} INFO - [2024-11-18T02:59:12.010+0000] {dag.py:4156} INFO - Setting next_dagrun for dataset_s3_bucket_consumer to None, run_after=None
[2024-11-18T02:59:12.011+0000] {logging_mixin.py:190} INFO - [2024-11-18T02:59:12.011+0000] {dag.py:4156} INFO - Setting next_dagrun for dataset_s3_bucket_producer to None, run_after=None
[2024-11-18T02:59:12.031+0000] {processor.py:208} INFO - Processing /home/airflow/.local/lib/python3.12/site-packages/airflow/example_dags/example_dataset_alias.py took 0.237 seconds
[2024-11-18T02:59:42.404+0000] {processor.py:186} INFO - Started process (PID=582) to work on /home/airflow/.local/lib/python3.12/site-packages/airflow/example_dags/example_dataset_alias.py
[2024-11-18T02:59:42.411+0000] {processor.py:914} INFO - Processing file /home/airflow/.local/lib/python3.12/site-packages/airflow/example_dags/example_dataset_alias.py for tasks to queue
[2024-11-18T02:59:42.417+0000] {logging_mixin.py:190} INFO - [2024-11-18T02:59:42.415+0000] {dagbag.py:587} INFO - Filling up the DagBag from /home/airflow/.local/lib/python3.12/site-packages/airflow/example_dags/example_dataset_alias.py
[2024-11-18T02:59:42.853+0000] {processor.py:925} INFO - DAG(s) 'dataset_alias_example_alias_consumer', 'dataset_s3_bucket_producer', 'dataset_alias_example_alias_producer', 'dataset_s3_bucket_consumer' retrieved from /home/airflow/.local/lib/python3.12/site-packages/airflow/example_dags/example_dataset_alias.py
[2024-11-18T02:59:42.878+0000] {logging_mixin.py:190} INFO - [2024-11-18T02:59:42.878+0000] {dag.py:3229} INFO - Sync 4 DAGs
[2024-11-18T02:59:42.901+0000] {logging_mixin.py:190} INFO - [2024-11-18T02:59:42.901+0000] {dag.py:4156} INFO - Setting next_dagrun for dataset_alias_example_alias_consumer to None, run_after=None
[2024-11-18T02:59:42.906+0000] {logging_mixin.py:190} INFO - [2024-11-18T02:59:42.906+0000] {dag.py:4156} INFO - Setting next_dagrun for dataset_alias_example_alias_producer to None, run_after=None
[2024-11-18T02:59:42.909+0000] {logging_mixin.py:190} INFO - [2024-11-18T02:59:42.908+0000] {dag.py:4156} INFO - Setting next_dagrun for dataset_s3_bucket_consumer to None, run_after=None
[2024-11-18T02:59:42.911+0000] {logging_mixin.py:190} INFO - [2024-11-18T02:59:42.911+0000] {dag.py:4156} INFO - Setting next_dagrun for dataset_s3_bucket_producer to None, run_after=None
[2024-11-18T02:59:42.929+0000] {processor.py:208} INFO - Processing /home/airflow/.local/lib/python3.12/site-packages/airflow/example_dags/example_dataset_alias.py took 0.535 seconds
[2024-11-18T03:00:13.358+0000] {processor.py:186} INFO - Started process (PID=644) to work on /home/airflow/.local/lib/python3.12/site-packages/airflow/example_dags/example_dataset_alias.py
[2024-11-18T03:00:13.358+0000] {processor.py:914} INFO - Processing file /home/airflow/.local/lib/python3.12/site-packages/airflow/example_dags/example_dataset_alias.py for tasks to queue
[2024-11-18T03:00:13.376+0000] {logging_mixin.py:190} INFO - [2024-11-18T03:00:13.376+0000] {dagbag.py:587} INFO - Filling up the DagBag from /home/airflow/.local/lib/python3.12/site-packages/airflow/example_dags/example_dataset_alias.py
[2024-11-18T03:00:13.732+0000] {processor.py:925} INFO - DAG(s) 'dataset_alias_example_alias_producer', 'dataset_s3_bucket_producer', 'dataset_s3_bucket_consumer', 'dataset_alias_example_alias_consumer' retrieved from /home/airflow/.local/lib/python3.12/site-packages/airflow/example_dags/example_dataset_alias.py
[2024-11-18T03:00:13.773+0000] {logging_mixin.py:190} INFO - [2024-11-18T03:00:13.773+0000] {dag.py:3229} INFO - Sync 4 DAGs
[2024-11-18T03:00:13.796+0000] {logging_mixin.py:190} INFO - [2024-11-18T03:00:13.796+0000] {dag.py:4156} INFO - Setting next_dagrun for dataset_alias_example_alias_consumer to None, run_after=None
[2024-11-18T03:00:13.798+0000] {logging_mixin.py:190} INFO - [2024-11-18T03:00:13.798+0000] {dag.py:4156} INFO - Setting next_dagrun for dataset_alias_example_alias_producer to None, run_after=None
[2024-11-18T03:00:13.799+0000] {logging_mixin.py:190} INFO - [2024-11-18T03:00:13.799+0000] {dag.py:4156} INFO - Setting next_dagrun for dataset_s3_bucket_consumer to None, run_after=None
[2024-11-18T03:00:13.801+0000] {logging_mixin.py:190} INFO - [2024-11-18T03:00:13.800+0000] {dag.py:4156} INFO - Setting next_dagrun for dataset_s3_bucket_producer to None, run_after=None
[2024-11-18T03:00:13.828+0000] {processor.py:208} INFO - Processing /home/airflow/.local/lib/python3.12/site-packages/airflow/example_dags/example_dataset_alias.py took 0.508 seconds
[2024-11-18T03:00:44.035+0000] {processor.py:186} INFO - Started process (PID=707) to work on /home/airflow/.local/lib/python3.12/site-packages/airflow/example_dags/example_dataset_alias.py
[2024-11-18T03:00:44.042+0000] {processor.py:914} INFO - Processing file /home/airflow/.local/lib/python3.12/site-packages/airflow/example_dags/example_dataset_alias.py for tasks to queue
[2024-11-18T03:00:44.054+0000] {logging_mixin.py:190} INFO - [2024-11-18T03:00:44.054+0000] {dagbag.py:587} INFO - Filling up the DagBag from /home/airflow/.local/lib/python3.12/site-packages/airflow/example_dags/example_dataset_alias.py
[2024-11-18T03:00:44.914+0000] {processor.py:925} INFO - DAG(s) 'dataset_s3_bucket_producer', 'dataset_alias_example_alias_consumer', 'dataset_alias_example_alias_producer', 'dataset_s3_bucket_consumer' retrieved from /home/airflow/.local/lib/python3.12/site-packages/airflow/example_dags/example_dataset_alias.py
[2024-11-18T03:00:44.972+0000] {logging_mixin.py:190} INFO - [2024-11-18T03:00:44.972+0000] {dag.py:3229} INFO - Sync 4 DAGs
[2024-11-18T03:00:45.049+0000] {logging_mixin.py:190} INFO - [2024-11-18T03:00:45.049+0000] {dag.py:4156} INFO - Setting next_dagrun for dataset_alias_example_alias_consumer to None, run_after=None
[2024-11-18T03:00:45.057+0000] {logging_mixin.py:190} INFO - [2024-11-18T03:00:45.057+0000] {dag.py:4156} INFO - Setting next_dagrun for dataset_alias_example_alias_producer to None, run_after=None
[2024-11-18T03:00:45.061+0000] {logging_mixin.py:190} INFO - [2024-11-18T03:00:45.061+0000] {dag.py:4156} INFO - Setting next_dagrun for dataset_s3_bucket_consumer to None, run_after=None
[2024-11-18T03:00:45.064+0000] {logging_mixin.py:190} INFO - [2024-11-18T03:00:45.064+0000] {dag.py:4156} INFO - Setting next_dagrun for dataset_s3_bucket_producer to None, run_after=None
[2024-11-18T03:00:45.122+0000] {processor.py:208} INFO - Processing /home/airflow/.local/lib/python3.12/site-packages/airflow/example_dags/example_dataset_alias.py took 1.134 seconds
[2024-11-18T03:01:16.015+0000] {processor.py:186} INFO - Started process (PID=771) to work on /home/airflow/.local/lib/python3.12/site-packages/airflow/example_dags/example_dataset_alias.py
[2024-11-18T03:01:16.015+0000] {processor.py:914} INFO - Processing file /home/airflow/.local/lib/python3.12/site-packages/airflow/example_dags/example_dataset_alias.py for tasks to queue
[2024-11-18T03:01:16.023+0000] {logging_mixin.py:190} INFO - [2024-11-18T03:01:16.023+0000] {dagbag.py:587} INFO - Filling up the DagBag from /home/airflow/.local/lib/python3.12/site-packages/airflow/example_dags/example_dataset_alias.py
[2024-11-18T03:01:16.354+0000] {processor.py:925} INFO - DAG(s) 'dataset_alias_example_alias_consumer', 'dataset_s3_bucket_producer', 'dataset_s3_bucket_consumer', 'dataset_alias_example_alias_producer' retrieved from /home/airflow/.local/lib/python3.12/site-packages/airflow/example_dags/example_dataset_alias.py
[2024-11-18T03:01:16.410+0000] {logging_mixin.py:190} INFO - [2024-11-18T03:01:16.410+0000] {dag.py:3229} INFO - Sync 4 DAGs
[2024-11-18T03:01:16.464+0000] {logging_mixin.py:190} INFO - [2024-11-18T03:01:16.464+0000] {dag.py:4156} INFO - Setting next_dagrun for dataset_alias_example_alias_consumer to None, run_after=None
[2024-11-18T03:01:16.469+0000] {logging_mixin.py:190} INFO - [2024-11-18T03:01:16.469+0000] {dag.py:4156} INFO - Setting next_dagrun for dataset_alias_example_alias_producer to None, run_after=None
[2024-11-18T03:01:16.471+0000] {logging_mixin.py:190} INFO - [2024-11-18T03:01:16.471+0000] {dag.py:4156} INFO - Setting next_dagrun for dataset_s3_bucket_consumer to None, run_after=None
[2024-11-18T03:01:16.472+0000] {logging_mixin.py:190} INFO - [2024-11-18T03:01:16.472+0000] {dag.py:4156} INFO - Setting next_dagrun for dataset_s3_bucket_producer to None, run_after=None
[2024-11-18T03:01:16.490+0000] {processor.py:208} INFO - Processing /home/airflow/.local/lib/python3.12/site-packages/airflow/example_dags/example_dataset_alias.py took 0.489 seconds
[2024-11-18T03:01:47.068+0000] {processor.py:186} INFO - Started process (PID=833) to work on /home/airflow/.local/lib/python3.12/site-packages/airflow/example_dags/example_dataset_alias.py
[2024-11-18T03:01:47.073+0000] {processor.py:914} INFO - Processing file /home/airflow/.local/lib/python3.12/site-packages/airflow/example_dags/example_dataset_alias.py for tasks to queue
[2024-11-18T03:01:47.077+0000] {logging_mixin.py:190} INFO - [2024-11-18T03:01:47.077+0000] {dagbag.py:587} INFO - Filling up the DagBag from /home/airflow/.local/lib/python3.12/site-packages/airflow/example_dags/example_dataset_alias.py
[2024-11-18T03:01:47.411+0000] {processor.py:925} INFO - DAG(s) 'dataset_s3_bucket_producer', 'dataset_alias_example_alias_producer', 'dataset_alias_example_alias_consumer', 'dataset_s3_bucket_consumer' retrieved from /home/airflow/.local/lib/python3.12/site-packages/airflow/example_dags/example_dataset_alias.py
[2024-11-18T03:01:47.453+0000] {logging_mixin.py:190} INFO - [2024-11-18T03:01:47.453+0000] {dag.py:3229} INFO - Sync 4 DAGs
[2024-11-18T03:01:47.501+0000] {logging_mixin.py:190} INFO - [2024-11-18T03:01:47.501+0000] {dag.py:4156} INFO - Setting next_dagrun for dataset_alias_example_alias_consumer to None, run_after=None
[2024-11-18T03:01:47.507+0000] {logging_mixin.py:190} INFO - [2024-11-18T03:01:47.506+0000] {dag.py:4156} INFO - Setting next_dagrun for dataset_alias_example_alias_producer to None, run_after=None
[2024-11-18T03:01:47.510+0000] {logging_mixin.py:190} INFO - [2024-11-18T03:01:47.510+0000] {dag.py:4156} INFO - Setting next_dagrun for dataset_s3_bucket_consumer to None, run_after=None
[2024-11-18T03:01:47.512+0000] {logging_mixin.py:190} INFO - [2024-11-18T03:01:47.512+0000] {dag.py:4156} INFO - Setting next_dagrun for dataset_s3_bucket_producer to None, run_after=None
[2024-11-18T03:01:47.536+0000] {processor.py:208} INFO - Processing /home/airflow/.local/lib/python3.12/site-packages/airflow/example_dags/example_dataset_alias.py took 0.479 seconds
[2024-11-18T03:02:17.737+0000] {processor.py:186} INFO - Started process (PID=897) to work on /home/airflow/.local/lib/python3.12/site-packages/airflow/example_dags/example_dataset_alias.py
[2024-11-18T03:02:17.738+0000] {processor.py:914} INFO - Processing file /home/airflow/.local/lib/python3.12/site-packages/airflow/example_dags/example_dataset_alias.py for tasks to queue
[2024-11-18T03:02:17.740+0000] {logging_mixin.py:190} INFO - [2024-11-18T03:02:17.740+0000] {dagbag.py:587} INFO - Filling up the DagBag from /home/airflow/.local/lib/python3.12/site-packages/airflow/example_dags/example_dataset_alias.py
[2024-11-18T03:02:17.891+0000] {processor.py:925} INFO - DAG(s) 'dataset_s3_bucket_producer', 'dataset_alias_example_alias_producer', 'dataset_alias_example_alias_consumer', 'dataset_s3_bucket_consumer' retrieved from /home/airflow/.local/lib/python3.12/site-packages/airflow/example_dags/example_dataset_alias.py
[2024-11-18T03:02:17.910+0000] {logging_mixin.py:190} INFO - [2024-11-18T03:02:17.910+0000] {dag.py:3229} INFO - Sync 4 DAGs
[2024-11-18T03:02:17.932+0000] {logging_mixin.py:190} INFO - [2024-11-18T03:02:17.932+0000] {dag.py:4156} INFO - Setting next_dagrun for dataset_alias_example_alias_consumer to None, run_after=None
[2024-11-18T03:02:17.935+0000] {logging_mixin.py:190} INFO - [2024-11-18T03:02:17.935+0000] {dag.py:4156} INFO - Setting next_dagrun for dataset_alias_example_alias_producer to None, run_after=None
[2024-11-18T03:02:17.936+0000] {logging_mixin.py:190} INFO - [2024-11-18T03:02:17.936+0000] {dag.py:4156} INFO - Setting next_dagrun for dataset_s3_bucket_consumer to None, run_after=None
[2024-11-18T03:02:17.937+0000] {logging_mixin.py:190} INFO - [2024-11-18T03:02:17.937+0000] {dag.py:4156} INFO - Setting next_dagrun for dataset_s3_bucket_producer to None, run_after=None
[2024-11-18T03:02:17.955+0000] {processor.py:208} INFO - Processing /home/airflow/.local/lib/python3.12/site-packages/airflow/example_dags/example_dataset_alias.py took 0.223 seconds
[2024-11-18T03:02:48.086+0000] {processor.py:186} INFO - Started process (PID=959) to work on /home/airflow/.local/lib/python3.12/site-packages/airflow/example_dags/example_dataset_alias.py
[2024-11-18T03:02:48.088+0000] {processor.py:914} INFO - Processing file /home/airflow/.local/lib/python3.12/site-packages/airflow/example_dags/example_dataset_alias.py for tasks to queue
[2024-11-18T03:02:48.090+0000] {logging_mixin.py:190} INFO - [2024-11-18T03:02:48.089+0000] {dagbag.py:587} INFO - Filling up the DagBag from /home/airflow/.local/lib/python3.12/site-packages/airflow/example_dags/example_dataset_alias.py
[2024-11-18T03:02:48.242+0000] {processor.py:925} INFO - DAG(s) 'dataset_alias_example_alias_producer', 'dataset_s3_bucket_consumer', 'dataset_alias_example_alias_consumer', 'dataset_s3_bucket_producer' retrieved from /home/airflow/.local/lib/python3.12/site-packages/airflow/example_dags/example_dataset_alias.py
[2024-11-18T03:02:48.259+0000] {logging_mixin.py:190} INFO - [2024-11-18T03:02:48.259+0000] {dag.py:3229} INFO - Sync 4 DAGs
[2024-11-18T03:02:48.279+0000] {logging_mixin.py:190} INFO - [2024-11-18T03:02:48.279+0000] {dag.py:4156} INFO - Setting next_dagrun for dataset_alias_example_alias_consumer to None, run_after=None
[2024-11-18T03:02:48.283+0000] {logging_mixin.py:190} INFO - [2024-11-18T03:02:48.282+0000] {dag.py:4156} INFO - Setting next_dagrun for dataset_alias_example_alias_producer to None, run_after=None
[2024-11-18T03:02:48.284+0000] {logging_mixin.py:190} INFO - [2024-11-18T03:02:48.284+0000] {dag.py:4156} INFO - Setting next_dagrun for dataset_s3_bucket_consumer to None, run_after=None
[2024-11-18T03:02:48.285+0000] {logging_mixin.py:190} INFO - [2024-11-18T03:02:48.285+0000] {dag.py:4156} INFO - Setting next_dagrun for dataset_s3_bucket_producer to None, run_after=None
[2024-11-18T03:02:48.302+0000] {processor.py:208} INFO - Processing /home/airflow/.local/lib/python3.12/site-packages/airflow/example_dags/example_dataset_alias.py took 0.222 seconds
[2024-11-18T03:03:18.894+0000] {processor.py:186} INFO - Started process (PID=1019) to work on /home/airflow/.local/lib/python3.12/site-packages/airflow/example_dags/example_dataset_alias.py
[2024-11-18T03:03:18.898+0000] {processor.py:914} INFO - Processing file /home/airflow/.local/lib/python3.12/site-packages/airflow/example_dags/example_dataset_alias.py for tasks to queue
[2024-11-18T03:03:18.903+0000] {logging_mixin.py:190} INFO - [2024-11-18T03:03:18.903+0000] {dagbag.py:587} INFO - Filling up the DagBag from /home/airflow/.local/lib/python3.12/site-packages/airflow/example_dags/example_dataset_alias.py
[2024-11-18T03:03:19.278+0000] {processor.py:925} INFO - DAG(s) 'dataset_s3_bucket_consumer', 'dataset_s3_bucket_producer', 'dataset_alias_example_alias_consumer', 'dataset_alias_example_alias_producer' retrieved from /home/airflow/.local/lib/python3.12/site-packages/airflow/example_dags/example_dataset_alias.py
[2024-11-18T03:03:19.330+0000] {logging_mixin.py:190} INFO - [2024-11-18T03:03:19.330+0000] {dag.py:3229} INFO - Sync 4 DAGs
[2024-11-18T03:03:19.375+0000] {logging_mixin.py:190} INFO - [2024-11-18T03:03:19.375+0000] {dag.py:4156} INFO - Setting next_dagrun for dataset_alias_example_alias_consumer to None, run_after=None
[2024-11-18T03:03:19.379+0000] {logging_mixin.py:190} INFO - [2024-11-18T03:03:19.379+0000] {dag.py:4156} INFO - Setting next_dagrun for dataset_alias_example_alias_producer to None, run_after=None
[2024-11-18T03:03:19.382+0000] {logging_mixin.py:190} INFO - [2024-11-18T03:03:19.382+0000] {dag.py:4156} INFO - Setting next_dagrun for dataset_s3_bucket_consumer to None, run_after=None
[2024-11-18T03:03:19.383+0000] {logging_mixin.py:190} INFO - [2024-11-18T03:03:19.383+0000] {dag.py:4156} INFO - Setting next_dagrun for dataset_s3_bucket_producer to None, run_after=None
[2024-11-18T03:03:19.406+0000] {processor.py:208} INFO - Processing /home/airflow/.local/lib/python3.12/site-packages/airflow/example_dags/example_dataset_alias.py took 0.525 seconds
[2024-11-18T03:03:49.637+0000] {processor.py:186} INFO - Started process (PID=1082) to work on /home/airflow/.local/lib/python3.12/site-packages/airflow/example_dags/example_dataset_alias.py
[2024-11-18T03:03:49.638+0000] {processor.py:914} INFO - Processing file /home/airflow/.local/lib/python3.12/site-packages/airflow/example_dags/example_dataset_alias.py for tasks to queue
[2024-11-18T03:03:49.641+0000] {logging_mixin.py:190} INFO - [2024-11-18T03:03:49.640+0000] {dagbag.py:587} INFO - Filling up the DagBag from /home/airflow/.local/lib/python3.12/site-packages/airflow/example_dags/example_dataset_alias.py
[2024-11-18T03:03:49.787+0000] {processor.py:925} INFO - DAG(s) 'dataset_alias_example_alias_producer', 'dataset_s3_bucket_producer', 'dataset_s3_bucket_consumer', 'dataset_alias_example_alias_consumer' retrieved from /home/airflow/.local/lib/python3.12/site-packages/airflow/example_dags/example_dataset_alias.py
[2024-11-18T03:03:49.804+0000] {logging_mixin.py:190} INFO - [2024-11-18T03:03:49.804+0000] {dag.py:3229} INFO - Sync 4 DAGs
[2024-11-18T03:03:49.825+0000] {logging_mixin.py:190} INFO - [2024-11-18T03:03:49.825+0000] {dag.py:4156} INFO - Setting next_dagrun for dataset_alias_example_alias_consumer to None, run_after=None
[2024-11-18T03:03:49.828+0000] {logging_mixin.py:190} INFO - [2024-11-18T03:03:49.827+0000] {dag.py:4156} INFO - Setting next_dagrun for dataset_alias_example_alias_producer to None, run_after=None
[2024-11-18T03:03:49.829+0000] {logging_mixin.py:190} INFO - [2024-11-18T03:03:49.828+0000] {dag.py:4156} INFO - Setting next_dagrun for dataset_s3_bucket_consumer to None, run_after=None
[2024-11-18T03:03:49.830+0000] {logging_mixin.py:190} INFO - [2024-11-18T03:03:49.829+0000] {dag.py:4156} INFO - Setting next_dagrun for dataset_s3_bucket_producer to None, run_after=None
[2024-11-18T03:03:49.847+0000] {processor.py:208} INFO - Processing /home/airflow/.local/lib/python3.12/site-packages/airflow/example_dags/example_dataset_alias.py took 0.216 seconds
[2024-11-18T03:04:20.479+0000] {processor.py:186} INFO - Started process (PID=1142) to work on /home/airflow/.local/lib/python3.12/site-packages/airflow/example_dags/example_dataset_alias.py
[2024-11-18T03:04:20.487+0000] {processor.py:914} INFO - Processing file /home/airflow/.local/lib/python3.12/site-packages/airflow/example_dags/example_dataset_alias.py for tasks to queue
[2024-11-18T03:04:20.560+0000] {logging_mixin.py:190} INFO - [2024-11-18T03:04:20.551+0000] {dagbag.py:587} INFO - Filling up the DagBag from /home/airflow/.local/lib/python3.12/site-packages/airflow/example_dags/example_dataset_alias.py
[2024-11-18T03:04:21.649+0000] {processor.py:925} INFO - DAG(s) 'dataset_s3_bucket_producer', 'dataset_alias_example_alias_consumer', 'dataset_s3_bucket_consumer', 'dataset_alias_example_alias_producer' retrieved from /home/airflow/.local/lib/python3.12/site-packages/airflow/example_dags/example_dataset_alias.py
[2024-11-18T03:04:21.817+0000] {logging_mixin.py:190} INFO - [2024-11-18T03:04:21.817+0000] {dag.py:3229} INFO - Sync 4 DAGs
[2024-11-18T03:04:21.937+0000] {logging_mixin.py:190} INFO - [2024-11-18T03:04:21.937+0000] {dag.py:4156} INFO - Setting next_dagrun for dataset_alias_example_alias_consumer to None, run_after=None
[2024-11-18T03:04:21.953+0000] {logging_mixin.py:190} INFO - [2024-11-18T03:04:21.953+0000] {dag.py:4156} INFO - Setting next_dagrun for dataset_alias_example_alias_producer to None, run_after=None
[2024-11-18T03:04:21.961+0000] {logging_mixin.py:190} INFO - [2024-11-18T03:04:21.959+0000] {dag.py:4156} INFO - Setting next_dagrun for dataset_s3_bucket_consumer to None, run_after=None
[2024-11-18T03:04:21.966+0000] {logging_mixin.py:190} INFO - [2024-11-18T03:04:21.966+0000] {dag.py:4156} INFO - Setting next_dagrun for dataset_s3_bucket_producer to None, run_after=None
[2024-11-18T03:04:22.066+0000] {processor.py:208} INFO - Processing /home/airflow/.local/lib/python3.12/site-packages/airflow/example_dags/example_dataset_alias.py took 1.638 seconds
[2024-11-18T03:04:52.228+0000] {processor.py:186} INFO - Started process (PID=1212) to work on /home/airflow/.local/lib/python3.12/site-packages/airflow/example_dags/example_dataset_alias.py
[2024-11-18T03:04:52.229+0000] {processor.py:914} INFO - Processing file /home/airflow/.local/lib/python3.12/site-packages/airflow/example_dags/example_dataset_alias.py for tasks to queue
[2024-11-18T03:04:52.231+0000] {logging_mixin.py:190} INFO - [2024-11-18T03:04:52.231+0000] {dagbag.py:587} INFO - Filling up the DagBag from /home/airflow/.local/lib/python3.12/site-packages/airflow/example_dags/example_dataset_alias.py
[2024-11-18T03:04:52.481+0000] {processor.py:925} INFO - DAG(s) 'dataset_s3_bucket_producer', 'dataset_alias_example_alias_consumer', 'dataset_alias_example_alias_producer', 'dataset_s3_bucket_consumer' retrieved from /home/airflow/.local/lib/python3.12/site-packages/airflow/example_dags/example_dataset_alias.py
[2024-11-18T03:04:52.531+0000] {logging_mixin.py:190} INFO - [2024-11-18T03:04:52.531+0000] {dag.py:3229} INFO - Sync 4 DAGs
[2024-11-18T03:04:52.572+0000] {logging_mixin.py:190} INFO - [2024-11-18T03:04:52.572+0000] {dag.py:4156} INFO - Setting next_dagrun for dataset_alias_example_alias_consumer to None, run_after=None
[2024-11-18T03:04:52.577+0000] {logging_mixin.py:190} INFO - [2024-11-18T03:04:52.577+0000] {dag.py:4156} INFO - Setting next_dagrun for dataset_alias_example_alias_producer to None, run_after=None
[2024-11-18T03:04:52.579+0000] {logging_mixin.py:190} INFO - [2024-11-18T03:04:52.579+0000] {dag.py:4156} INFO - Setting next_dagrun for dataset_s3_bucket_consumer to None, run_after=None
[2024-11-18T03:04:52.581+0000] {logging_mixin.py:190} INFO - [2024-11-18T03:04:52.581+0000] {dag.py:4156} INFO - Setting next_dagrun for dataset_s3_bucket_producer to None, run_after=None
[2024-11-18T03:04:52.623+0000] {processor.py:208} INFO - Processing /home/airflow/.local/lib/python3.12/site-packages/airflow/example_dags/example_dataset_alias.py took 0.402 seconds
[2024-11-18T03:05:23.677+0000] {processor.py:186} INFO - Started process (PID=1274) to work on /home/airflow/.local/lib/python3.12/site-packages/airflow/example_dags/example_dataset_alias.py
[2024-11-18T03:05:23.681+0000] {processor.py:914} INFO - Processing file /home/airflow/.local/lib/python3.12/site-packages/airflow/example_dags/example_dataset_alias.py for tasks to queue
[2024-11-18T03:05:23.687+0000] {logging_mixin.py:190} INFO - [2024-11-18T03:05:23.687+0000] {dagbag.py:587} INFO - Filling up the DagBag from /home/airflow/.local/lib/python3.12/site-packages/airflow/example_dags/example_dataset_alias.py
[2024-11-18T03:05:24.017+0000] {processor.py:925} INFO - DAG(s) 'dataset_s3_bucket_consumer', 'dataset_s3_bucket_producer', 'dataset_alias_example_alias_consumer', 'dataset_alias_example_alias_producer' retrieved from /home/airflow/.local/lib/python3.12/site-packages/airflow/example_dags/example_dataset_alias.py
[2024-11-18T03:05:24.058+0000] {logging_mixin.py:190} INFO - [2024-11-18T03:05:24.057+0000] {dag.py:3229} INFO - Sync 4 DAGs
[2024-11-18T03:05:24.104+0000] {logging_mixin.py:190} INFO - [2024-11-18T03:05:24.104+0000] {dag.py:4156} INFO - Setting next_dagrun for dataset_alias_example_alias_consumer to None, run_after=None
[2024-11-18T03:05:24.109+0000] {logging_mixin.py:190} INFO - [2024-11-18T03:05:24.109+0000] {dag.py:4156} INFO - Setting next_dagrun for dataset_alias_example_alias_producer to None, run_after=None
[2024-11-18T03:05:24.112+0000] {logging_mixin.py:190} INFO - [2024-11-18T03:05:24.112+0000] {dag.py:4156} INFO - Setting next_dagrun for dataset_s3_bucket_consumer to None, run_after=None
[2024-11-18T03:05:24.113+0000] {logging_mixin.py:190} INFO - [2024-11-18T03:05:24.113+0000] {dag.py:4156} INFO - Setting next_dagrun for dataset_s3_bucket_producer to None, run_after=None
[2024-11-18T03:05:24.151+0000] {processor.py:208} INFO - Processing /home/airflow/.local/lib/python3.12/site-packages/airflow/example_dags/example_dataset_alias.py took 0.487 seconds
[2024-11-18T03:05:54.990+0000] {processor.py:186} INFO - Started process (PID=1337) to work on /home/airflow/.local/lib/python3.12/site-packages/airflow/example_dags/example_dataset_alias.py
[2024-11-18T03:05:54.992+0000] {processor.py:914} INFO - Processing file /home/airflow/.local/lib/python3.12/site-packages/airflow/example_dags/example_dataset_alias.py for tasks to queue
[2024-11-18T03:05:54.998+0000] {logging_mixin.py:190} INFO - [2024-11-18T03:05:54.996+0000] {dagbag.py:587} INFO - Filling up the DagBag from /home/airflow/.local/lib/python3.12/site-packages/airflow/example_dags/example_dataset_alias.py
[2024-11-18T03:05:55.336+0000] {processor.py:925} INFO - DAG(s) 'dataset_s3_bucket_consumer', 'dataset_alias_example_alias_consumer', 'dataset_s3_bucket_producer', 'dataset_alias_example_alias_producer' retrieved from /home/airflow/.local/lib/python3.12/site-packages/airflow/example_dags/example_dataset_alias.py
[2024-11-18T03:05:55.372+0000] {logging_mixin.py:190} INFO - [2024-11-18T03:05:55.372+0000] {dag.py:3229} INFO - Sync 4 DAGs
[2024-11-18T03:05:55.413+0000] {logging_mixin.py:190} INFO - [2024-11-18T03:05:55.413+0000] {dag.py:4156} INFO - Setting next_dagrun for dataset_alias_example_alias_consumer to None, run_after=None
[2024-11-18T03:05:55.422+0000] {logging_mixin.py:190} INFO - [2024-11-18T03:05:55.422+0000] {dag.py:4156} INFO - Setting next_dagrun for dataset_alias_example_alias_producer to None, run_after=None
[2024-11-18T03:05:55.426+0000] {logging_mixin.py:190} INFO - [2024-11-18T03:05:55.426+0000] {dag.py:4156} INFO - Setting next_dagrun for dataset_s3_bucket_consumer to None, run_after=None
[2024-11-18T03:05:55.429+0000] {logging_mixin.py:190} INFO - [2024-11-18T03:05:55.429+0000] {dag.py:4156} INFO - Setting next_dagrun for dataset_s3_bucket_producer to None, run_after=None
[2024-11-18T03:05:55.465+0000] {processor.py:208} INFO - Processing /home/airflow/.local/lib/python3.12/site-packages/airflow/example_dags/example_dataset_alias.py took 0.488 seconds
[2024-11-18T03:06:25.569+0000] {processor.py:186} INFO - Started process (PID=1401) to work on /home/airflow/.local/lib/python3.12/site-packages/airflow/example_dags/example_dataset_alias.py
[2024-11-18T03:06:25.570+0000] {processor.py:914} INFO - Processing file /home/airflow/.local/lib/python3.12/site-packages/airflow/example_dags/example_dataset_alias.py for tasks to queue
[2024-11-18T03:06:25.572+0000] {logging_mixin.py:190} INFO - [2024-11-18T03:06:25.572+0000] {dagbag.py:587} INFO - Filling up the DagBag from /home/airflow/.local/lib/python3.12/site-packages/airflow/example_dags/example_dataset_alias.py
[2024-11-18T03:06:25.724+0000] {processor.py:925} INFO - DAG(s) 'dataset_s3_bucket_producer', 'dataset_s3_bucket_consumer', 'dataset_alias_example_alias_consumer', 'dataset_alias_example_alias_producer' retrieved from /home/airflow/.local/lib/python3.12/site-packages/airflow/example_dags/example_dataset_alias.py
[2024-11-18T03:06:25.743+0000] {logging_mixin.py:190} INFO - [2024-11-18T03:06:25.742+0000] {dag.py:3229} INFO - Sync 4 DAGs
[2024-11-18T03:06:25.764+0000] {logging_mixin.py:190} INFO - [2024-11-18T03:06:25.763+0000] {dag.py:4156} INFO - Setting next_dagrun for dataset_alias_example_alias_consumer to None, run_after=None
[2024-11-18T03:06:25.766+0000] {logging_mixin.py:190} INFO - [2024-11-18T03:06:25.766+0000] {dag.py:4156} INFO - Setting next_dagrun for dataset_alias_example_alias_producer to None, run_after=None
[2024-11-18T03:06:25.767+0000] {logging_mixin.py:190} INFO - [2024-11-18T03:06:25.767+0000] {dag.py:4156} INFO - Setting next_dagrun for dataset_s3_bucket_consumer to None, run_after=None
[2024-11-18T03:06:25.768+0000] {logging_mixin.py:190} INFO - [2024-11-18T03:06:25.768+0000] {dag.py:4156} INFO - Setting next_dagrun for dataset_s3_bucket_producer to None, run_after=None
[2024-11-18T03:06:25.786+0000] {processor.py:208} INFO - Processing /home/airflow/.local/lib/python3.12/site-packages/airflow/example_dags/example_dataset_alias.py took 0.223 seconds
[2024-11-18T03:06:56.673+0000] {processor.py:186} INFO - Started process (PID=1463) to work on /home/airflow/.local/lib/python3.12/site-packages/airflow/example_dags/example_dataset_alias.py
[2024-11-18T03:06:56.674+0000] {processor.py:914} INFO - Processing file /home/airflow/.local/lib/python3.12/site-packages/airflow/example_dags/example_dataset_alias.py for tasks to queue
[2024-11-18T03:06:56.677+0000] {logging_mixin.py:190} INFO - [2024-11-18T03:06:56.677+0000] {dagbag.py:587} INFO - Filling up the DagBag from /home/airflow/.local/lib/python3.12/site-packages/airflow/example_dags/example_dataset_alias.py
[2024-11-18T03:06:57.034+0000] {processor.py:925} INFO - DAG(s) 'dataset_s3_bucket_producer', 'dataset_s3_bucket_consumer', 'dataset_alias_example_alias_consumer', 'dataset_alias_example_alias_producer' retrieved from /home/airflow/.local/lib/python3.12/site-packages/airflow/example_dags/example_dataset_alias.py
[2024-11-18T03:06:57.077+0000] {logging_mixin.py:190} INFO - [2024-11-18T03:06:57.077+0000] {dag.py:3229} INFO - Sync 4 DAGs
[2024-11-18T03:06:57.125+0000] {logging_mixin.py:190} INFO - [2024-11-18T03:06:57.125+0000] {dag.py:4156} INFO - Setting next_dagrun for dataset_alias_example_alias_consumer to None, run_after=None
[2024-11-18T03:06:57.131+0000] {logging_mixin.py:190} INFO - [2024-11-18T03:06:57.130+0000] {dag.py:4156} INFO - Setting next_dagrun for dataset_alias_example_alias_producer to None, run_after=None
[2024-11-18T03:06:57.133+0000] {logging_mixin.py:190} INFO - [2024-11-18T03:06:57.133+0000] {dag.py:4156} INFO - Setting next_dagrun for dataset_s3_bucket_consumer to None, run_after=None
[2024-11-18T03:06:57.135+0000] {logging_mixin.py:190} INFO - [2024-11-18T03:06:57.135+0000] {dag.py:4156} INFO - Setting next_dagrun for dataset_s3_bucket_producer to None, run_after=None
[2024-11-18T03:06:57.175+0000] {processor.py:208} INFO - Processing /home/airflow/.local/lib/python3.12/site-packages/airflow/example_dags/example_dataset_alias.py took 0.518 seconds
[2024-11-18T03:07:27.585+0000] {processor.py:186} INFO - Started process (PID=1524) to work on /home/airflow/.local/lib/python3.12/site-packages/airflow/example_dags/example_dataset_alias.py
[2024-11-18T03:07:27.588+0000] {processor.py:914} INFO - Processing file /home/airflow/.local/lib/python3.12/site-packages/airflow/example_dags/example_dataset_alias.py for tasks to queue
[2024-11-18T03:07:27.596+0000] {logging_mixin.py:190} INFO - [2024-11-18T03:07:27.596+0000] {dagbag.py:587} INFO - Filling up the DagBag from /home/airflow/.local/lib/python3.12/site-packages/airflow/example_dags/example_dataset_alias.py
[2024-11-18T03:07:27.923+0000] {processor.py:925} INFO - DAG(s) 'dataset_alias_example_alias_producer', 'dataset_s3_bucket_producer', 'dataset_alias_example_alias_consumer', 'dataset_s3_bucket_consumer' retrieved from /home/airflow/.local/lib/python3.12/site-packages/airflow/example_dags/example_dataset_alias.py
[2024-11-18T03:07:27.970+0000] {logging_mixin.py:190} INFO - [2024-11-18T03:07:27.970+0000] {dag.py:3229} INFO - Sync 4 DAGs
[2024-11-18T03:07:28.019+0000] {logging_mixin.py:190} INFO - [2024-11-18T03:07:28.019+0000] {dag.py:4156} INFO - Setting next_dagrun for dataset_alias_example_alias_consumer to None, run_after=None
[2024-11-18T03:07:28.023+0000] {logging_mixin.py:190} INFO - [2024-11-18T03:07:28.023+0000] {dag.py:4156} INFO - Setting next_dagrun for dataset_alias_example_alias_producer to None, run_after=None
[2024-11-18T03:07:28.026+0000] {logging_mixin.py:190} INFO - [2024-11-18T03:07:28.026+0000] {dag.py:4156} INFO - Setting next_dagrun for dataset_s3_bucket_consumer to None, run_after=None
[2024-11-18T03:07:28.028+0000] {logging_mixin.py:190} INFO - [2024-11-18T03:07:28.028+0000] {dag.py:4156} INFO - Setting next_dagrun for dataset_s3_bucket_producer to None, run_after=None
[2024-11-18T03:07:28.069+0000] {processor.py:208} INFO - Processing /home/airflow/.local/lib/python3.12/site-packages/airflow/example_dags/example_dataset_alias.py took 0.502 seconds
[2024-11-18T03:07:58.161+0000] {processor.py:186} INFO - Started process (PID=1588) to work on /home/airflow/.local/lib/python3.12/site-packages/airflow/example_dags/example_dataset_alias.py
[2024-11-18T03:07:58.163+0000] {processor.py:914} INFO - Processing file /home/airflow/.local/lib/python3.12/site-packages/airflow/example_dags/example_dataset_alias.py for tasks to queue
[2024-11-18T03:07:58.165+0000] {logging_mixin.py:190} INFO - [2024-11-18T03:07:58.165+0000] {dagbag.py:587} INFO - Filling up the DagBag from /home/airflow/.local/lib/python3.12/site-packages/airflow/example_dags/example_dataset_alias.py
[2024-11-18T03:07:58.314+0000] {processor.py:925} INFO - DAG(s) 'dataset_alias_example_alias_producer', 'dataset_alias_example_alias_consumer', 'dataset_s3_bucket_producer', 'dataset_s3_bucket_consumer' retrieved from /home/airflow/.local/lib/python3.12/site-packages/airflow/example_dags/example_dataset_alias.py
[2024-11-18T03:07:58.333+0000] {logging_mixin.py:190} INFO - [2024-11-18T03:07:58.332+0000] {dag.py:3229} INFO - Sync 4 DAGs
[2024-11-18T03:07:58.355+0000] {logging_mixin.py:190} INFO - [2024-11-18T03:07:58.354+0000] {dag.py:4156} INFO - Setting next_dagrun for dataset_alias_example_alias_consumer to None, run_after=None
[2024-11-18T03:07:58.357+0000] {logging_mixin.py:190} INFO - [2024-11-18T03:07:58.357+0000] {dag.py:4156} INFO - Setting next_dagrun for dataset_alias_example_alias_producer to None, run_after=None
[2024-11-18T03:07:58.358+0000] {logging_mixin.py:190} INFO - [2024-11-18T03:07:58.358+0000] {dag.py:4156} INFO - Setting next_dagrun for dataset_s3_bucket_consumer to None, run_after=None
[2024-11-18T03:07:58.359+0000] {logging_mixin.py:190} INFO - [2024-11-18T03:07:58.359+0000] {dag.py:4156} INFO - Setting next_dagrun for dataset_s3_bucket_producer to None, run_after=None
[2024-11-18T03:07:58.378+0000] {processor.py:208} INFO - Processing /home/airflow/.local/lib/python3.12/site-packages/airflow/example_dags/example_dataset_alias.py took 0.223 seconds
[2024-11-18T03:08:28.829+0000] {processor.py:186} INFO - Started process (PID=1652) to work on /home/airflow/.local/lib/python3.12/site-packages/airflow/example_dags/example_dataset_alias.py
[2024-11-18T03:08:28.831+0000] {processor.py:914} INFO - Processing file /home/airflow/.local/lib/python3.12/site-packages/airflow/example_dags/example_dataset_alias.py for tasks to queue
[2024-11-18T03:08:28.835+0000] {logging_mixin.py:190} INFO - [2024-11-18T03:08:28.835+0000] {dagbag.py:587} INFO - Filling up the DagBag from /home/airflow/.local/lib/python3.12/site-packages/airflow/example_dags/example_dataset_alias.py
[2024-11-18T03:08:29.157+0000] {processor.py:925} INFO - DAG(s) 'dataset_s3_bucket_producer', 'dataset_s3_bucket_consumer', 'dataset_alias_example_alias_consumer', 'dataset_alias_example_alias_producer' retrieved from /home/airflow/.local/lib/python3.12/site-packages/airflow/example_dags/example_dataset_alias.py
[2024-11-18T03:08:29.197+0000] {logging_mixin.py:190} INFO - [2024-11-18T03:08:29.197+0000] {dag.py:3229} INFO - Sync 4 DAGs
[2024-11-18T03:08:29.243+0000] {logging_mixin.py:190} INFO - [2024-11-18T03:08:29.243+0000] {dag.py:4156} INFO - Setting next_dagrun for dataset_alias_example_alias_consumer to None, run_after=None
[2024-11-18T03:08:29.253+0000] {logging_mixin.py:190} INFO - [2024-11-18T03:08:29.252+0000] {dag.py:4156} INFO - Setting next_dagrun for dataset_alias_example_alias_producer to None, run_after=None
[2024-11-18T03:08:29.255+0000] {logging_mixin.py:190} INFO - [2024-11-18T03:08:29.255+0000] {dag.py:4156} INFO - Setting next_dagrun for dataset_s3_bucket_consumer to None, run_after=None
[2024-11-18T03:08:29.257+0000] {logging_mixin.py:190} INFO - [2024-11-18T03:08:29.257+0000] {dag.py:4156} INFO - Setting next_dagrun for dataset_s3_bucket_producer to None, run_after=None
[2024-11-18T03:08:29.297+0000] {processor.py:208} INFO - Processing /home/airflow/.local/lib/python3.12/site-packages/airflow/example_dags/example_dataset_alias.py took 0.481 seconds
[2024-11-18T03:08:59.976+0000] {processor.py:186} INFO - Started process (PID=1714) to work on /home/airflow/.local/lib/python3.12/site-packages/airflow/example_dags/example_dataset_alias.py
[2024-11-18T03:08:59.981+0000] {processor.py:914} INFO - Processing file /home/airflow/.local/lib/python3.12/site-packages/airflow/example_dags/example_dataset_alias.py for tasks to queue
[2024-11-18T03:08:59.986+0000] {logging_mixin.py:190} INFO - [2024-11-18T03:08:59.984+0000] {dagbag.py:587} INFO - Filling up the DagBag from /home/airflow/.local/lib/python3.12/site-packages/airflow/example_dags/example_dataset_alias.py
[2024-11-18T03:09:00.364+0000] {processor.py:925} INFO - DAG(s) 'dataset_s3_bucket_consumer', 'dataset_alias_example_alias_producer', 'dataset_alias_example_alias_consumer', 'dataset_s3_bucket_producer' retrieved from /home/airflow/.local/lib/python3.12/site-packages/airflow/example_dags/example_dataset_alias.py
[2024-11-18T03:09:00.415+0000] {logging_mixin.py:190} INFO - [2024-11-18T03:09:00.415+0000] {dag.py:3229} INFO - Sync 4 DAGs
[2024-11-18T03:09:00.523+0000] {logging_mixin.py:190} INFO - [2024-11-18T03:09:00.520+0000] {dag.py:4156} INFO - Setting next_dagrun for dataset_alias_example_alias_consumer to None, run_after=None
[2024-11-18T03:09:00.540+0000] {logging_mixin.py:190} INFO - [2024-11-18T03:09:00.536+0000] {dag.py:4156} INFO - Setting next_dagrun for dataset_alias_example_alias_producer to None, run_after=None
[2024-11-18T03:09:00.544+0000] {logging_mixin.py:190} INFO - [2024-11-18T03:09:00.544+0000] {dag.py:4156} INFO - Setting next_dagrun for dataset_s3_bucket_consumer to None, run_after=None
[2024-11-18T03:09:00.548+0000] {logging_mixin.py:190} INFO - [2024-11-18T03:09:00.548+0000] {dag.py:4156} INFO - Setting next_dagrun for dataset_s3_bucket_producer to None, run_after=None
[2024-11-18T03:09:00.596+0000] {processor.py:208} INFO - Processing /home/airflow/.local/lib/python3.12/site-packages/airflow/example_dags/example_dataset_alias.py took 0.632 seconds
[2024-11-18T03:09:30.762+0000] {processor.py:186} INFO - Started process (PID=1779) to work on /home/airflow/.local/lib/python3.12/site-packages/airflow/example_dags/example_dataset_alias.py
[2024-11-18T03:09:30.768+0000] {processor.py:914} INFO - Processing file /home/airflow/.local/lib/python3.12/site-packages/airflow/example_dags/example_dataset_alias.py for tasks to queue
[2024-11-18T03:09:30.775+0000] {logging_mixin.py:190} INFO - [2024-11-18T03:09:30.775+0000] {dagbag.py:587} INFO - Filling up the DagBag from /home/airflow/.local/lib/python3.12/site-packages/airflow/example_dags/example_dataset_alias.py
[2024-11-18T03:09:31.192+0000] {processor.py:925} INFO - DAG(s) 'dataset_s3_bucket_producer', 'dataset_s3_bucket_consumer', 'dataset_alias_example_alias_producer', 'dataset_alias_example_alias_consumer' retrieved from /home/airflow/.local/lib/python3.12/site-packages/airflow/example_dags/example_dataset_alias.py
[2024-11-18T03:09:31.236+0000] {logging_mixin.py:190} INFO - [2024-11-18T03:09:31.236+0000] {dag.py:3229} INFO - Sync 4 DAGs
[2024-11-18T03:09:31.282+0000] {logging_mixin.py:190} INFO - [2024-11-18T03:09:31.281+0000] {dag.py:4156} INFO - Setting next_dagrun for dataset_alias_example_alias_consumer to None, run_after=None
[2024-11-18T03:09:31.286+0000] {logging_mixin.py:190} INFO - [2024-11-18T03:09:31.286+0000] {dag.py:4156} INFO - Setting next_dagrun for dataset_alias_example_alias_producer to None, run_after=None
[2024-11-18T03:09:31.289+0000] {logging_mixin.py:190} INFO - [2024-11-18T03:09:31.289+0000] {dag.py:4156} INFO - Setting next_dagrun for dataset_s3_bucket_consumer to None, run_after=None
[2024-11-18T03:09:31.291+0000] {logging_mixin.py:190} INFO - [2024-11-18T03:09:31.291+0000] {dag.py:4156} INFO - Setting next_dagrun for dataset_s3_bucket_producer to None, run_after=None
[2024-11-18T03:09:31.329+0000] {processor.py:208} INFO - Processing /home/airflow/.local/lib/python3.12/site-packages/airflow/example_dags/example_dataset_alias.py took 0.594 seconds
[2024-11-18T03:10:01.730+0000] {processor.py:186} INFO - Started process (PID=1841) to work on /home/airflow/.local/lib/python3.12/site-packages/airflow/example_dags/example_dataset_alias.py
[2024-11-18T03:10:01.733+0000] {processor.py:914} INFO - Processing file /home/airflow/.local/lib/python3.12/site-packages/airflow/example_dags/example_dataset_alias.py for tasks to queue
[2024-11-18T03:10:01.737+0000] {logging_mixin.py:190} INFO - [2024-11-18T03:10:01.737+0000] {dagbag.py:587} INFO - Filling up the DagBag from /home/airflow/.local/lib/python3.12/site-packages/airflow/example_dags/example_dataset_alias.py
[2024-11-18T03:10:02.109+0000] {processor.py:925} INFO - DAG(s) 'dataset_alias_example_alias_consumer', 'dataset_alias_example_alias_producer', 'dataset_s3_bucket_producer', 'dataset_s3_bucket_consumer' retrieved from /home/airflow/.local/lib/python3.12/site-packages/airflow/example_dags/example_dataset_alias.py
[2024-11-18T03:10:02.130+0000] {logging_mixin.py:190} INFO - [2024-11-18T03:10:02.129+0000] {dag.py:3229} INFO - Sync 4 DAGs
[2024-11-18T03:10:02.151+0000] {logging_mixin.py:190} INFO - [2024-11-18T03:10:02.151+0000] {dag.py:4156} INFO - Setting next_dagrun for dataset_alias_example_alias_consumer to None, run_after=None
[2024-11-18T03:10:02.154+0000] {logging_mixin.py:190} INFO - [2024-11-18T03:10:02.153+0000] {dag.py:4156} INFO - Setting next_dagrun for dataset_alias_example_alias_producer to None, run_after=None
[2024-11-18T03:10:02.155+0000] {logging_mixin.py:190} INFO - [2024-11-18T03:10:02.154+0000] {dag.py:4156} INFO - Setting next_dagrun for dataset_s3_bucket_consumer to None, run_after=None
[2024-11-18T03:10:02.156+0000] {logging_mixin.py:190} INFO - [2024-11-18T03:10:02.156+0000] {dag.py:4156} INFO - Setting next_dagrun for dataset_s3_bucket_producer to None, run_after=None
[2024-11-18T03:10:02.174+0000] {processor.py:208} INFO - Processing /home/airflow/.local/lib/python3.12/site-packages/airflow/example_dags/example_dataset_alias.py took 0.460 seconds
[2024-11-18T03:10:32.874+0000] {processor.py:186} INFO - Started process (PID=1903) to work on /home/airflow/.local/lib/python3.12/site-packages/airflow/example_dags/example_dataset_alias.py
[2024-11-18T03:10:32.875+0000] {processor.py:914} INFO - Processing file /home/airflow/.local/lib/python3.12/site-packages/airflow/example_dags/example_dataset_alias.py for tasks to queue
[2024-11-18T03:10:32.879+0000] {logging_mixin.py:190} INFO - [2024-11-18T03:10:32.877+0000] {dagbag.py:587} INFO - Filling up the DagBag from /home/airflow/.local/lib/python3.12/site-packages/airflow/example_dags/example_dataset_alias.py
[2024-11-18T03:10:33.295+0000] {processor.py:925} INFO - DAG(s) 'dataset_alias_example_alias_consumer', 'dataset_s3_bucket_consumer', 'dataset_alias_example_alias_producer', 'dataset_s3_bucket_producer' retrieved from /home/airflow/.local/lib/python3.12/site-packages/airflow/example_dags/example_dataset_alias.py
[2024-11-18T03:10:33.333+0000] {logging_mixin.py:190} INFO - [2024-11-18T03:10:33.333+0000] {dag.py:3229} INFO - Sync 4 DAGs
[2024-11-18T03:10:33.379+0000] {logging_mixin.py:190} INFO - [2024-11-18T03:10:33.379+0000] {dag.py:4156} INFO - Setting next_dagrun for dataset_alias_example_alias_consumer to None, run_after=None
[2024-11-18T03:10:33.385+0000] {logging_mixin.py:190} INFO - [2024-11-18T03:10:33.385+0000] {dag.py:4156} INFO - Setting next_dagrun for dataset_alias_example_alias_producer to None, run_after=None
[2024-11-18T03:10:33.387+0000] {logging_mixin.py:190} INFO - [2024-11-18T03:10:33.387+0000] {dag.py:4156} INFO - Setting next_dagrun for dataset_s3_bucket_consumer to None, run_after=None
[2024-11-18T03:10:33.388+0000] {logging_mixin.py:190} INFO - [2024-11-18T03:10:33.388+0000] {dag.py:4156} INFO - Setting next_dagrun for dataset_s3_bucket_producer to None, run_after=None
[2024-11-18T03:10:33.427+0000] {processor.py:208} INFO - Processing /home/airflow/.local/lib/python3.12/site-packages/airflow/example_dags/example_dataset_alias.py took 0.580 seconds
[2024-11-18T03:11:03.794+0000] {processor.py:186} INFO - Started process (PID=1965) to work on /home/airflow/.local/lib/python3.12/site-packages/airflow/example_dags/example_dataset_alias.py
[2024-11-18T03:11:03.798+0000] {processor.py:914} INFO - Processing file /home/airflow/.local/lib/python3.12/site-packages/airflow/example_dags/example_dataset_alias.py for tasks to queue
[2024-11-18T03:11:03.807+0000] {logging_mixin.py:190} INFO - [2024-11-18T03:11:03.804+0000] {dagbag.py:587} INFO - Filling up the DagBag from /home/airflow/.local/lib/python3.12/site-packages/airflow/example_dags/example_dataset_alias.py
[2024-11-18T03:11:04.276+0000] {processor.py:925} INFO - DAG(s) 'dataset_alias_example_alias_consumer', 'dataset_s3_bucket_consumer', 'dataset_alias_example_alias_producer', 'dataset_s3_bucket_producer' retrieved from /home/airflow/.local/lib/python3.12/site-packages/airflow/example_dags/example_dataset_alias.py
[2024-11-18T03:11:04.347+0000] {logging_mixin.py:190} INFO - [2024-11-18T03:11:04.347+0000] {dag.py:3229} INFO - Sync 4 DAGs
[2024-11-18T03:11:04.417+0000] {logging_mixin.py:190} INFO - [2024-11-18T03:11:04.417+0000] {dag.py:4156} INFO - Setting next_dagrun for dataset_alias_example_alias_consumer to None, run_after=None
[2024-11-18T03:11:04.430+0000] {logging_mixin.py:190} INFO - [2024-11-18T03:11:04.426+0000] {dag.py:4156} INFO - Setting next_dagrun for dataset_alias_example_alias_producer to None, run_after=None
[2024-11-18T03:11:04.433+0000] {logging_mixin.py:190} INFO - [2024-11-18T03:11:04.433+0000] {dag.py:4156} INFO - Setting next_dagrun for dataset_s3_bucket_consumer to None, run_after=None
[2024-11-18T03:11:04.438+0000] {logging_mixin.py:190} INFO - [2024-11-18T03:11:04.438+0000] {dag.py:4156} INFO - Setting next_dagrun for dataset_s3_bucket_producer to None, run_after=None
[2024-11-18T03:11:04.516+0000] {processor.py:208} INFO - Processing /home/airflow/.local/lib/python3.12/site-packages/airflow/example_dags/example_dataset_alias.py took 0.747 seconds
[2024-11-18T03:11:34.865+0000] {processor.py:186} INFO - Started process (PID=2025) to work on /home/airflow/.local/lib/python3.12/site-packages/airflow/example_dags/example_dataset_alias.py
[2024-11-18T03:11:34.866+0000] {processor.py:914} INFO - Processing file /home/airflow/.local/lib/python3.12/site-packages/airflow/example_dags/example_dataset_alias.py for tasks to queue
[2024-11-18T03:11:34.869+0000] {logging_mixin.py:190} INFO - [2024-11-18T03:11:34.869+0000] {dagbag.py:587} INFO - Filling up the DagBag from /home/airflow/.local/lib/python3.12/site-packages/airflow/example_dags/example_dataset_alias.py
[2024-11-18T03:11:35.393+0000] {processor.py:925} INFO - DAG(s) 'dataset_alias_example_alias_consumer', 'dataset_s3_bucket_producer', 'dataset_s3_bucket_consumer', 'dataset_alias_example_alias_producer' retrieved from /home/airflow/.local/lib/python3.12/site-packages/airflow/example_dags/example_dataset_alias.py
[2024-11-18T03:11:35.431+0000] {logging_mixin.py:190} INFO - [2024-11-18T03:11:35.428+0000] {dag.py:3229} INFO - Sync 4 DAGs
[2024-11-18T03:11:35.526+0000] {logging_mixin.py:190} INFO - [2024-11-18T03:11:35.526+0000] {dag.py:4156} INFO - Setting next_dagrun for dataset_alias_example_alias_consumer to None, run_after=None
[2024-11-18T03:11:35.534+0000] {logging_mixin.py:190} INFO - [2024-11-18T03:11:35.532+0000] {dag.py:4156} INFO - Setting next_dagrun for dataset_alias_example_alias_producer to None, run_after=None
[2024-11-18T03:11:35.536+0000] {logging_mixin.py:190} INFO - [2024-11-18T03:11:35.536+0000] {dag.py:4156} INFO - Setting next_dagrun for dataset_s3_bucket_consumer to None, run_after=None
[2024-11-18T03:11:35.538+0000] {logging_mixin.py:190} INFO - [2024-11-18T03:11:35.538+0000] {dag.py:4156} INFO - Setting next_dagrun for dataset_s3_bucket_producer to None, run_after=None
[2024-11-18T03:11:35.632+0000] {processor.py:208} INFO - Processing /home/airflow/.local/lib/python3.12/site-packages/airflow/example_dags/example_dataset_alias.py took 0.776 seconds
[2024-11-18T03:12:06.679+0000] {processor.py:186} INFO - Started process (PID=2087) to work on /home/airflow/.local/lib/python3.12/site-packages/airflow/example_dags/example_dataset_alias.py
[2024-11-18T03:12:06.689+0000] {processor.py:914} INFO - Processing file /home/airflow/.local/lib/python3.12/site-packages/airflow/example_dags/example_dataset_alias.py for tasks to queue
[2024-11-18T03:12:06.713+0000] {logging_mixin.py:190} INFO - [2024-11-18T03:12:06.713+0000] {dagbag.py:587} INFO - Filling up the DagBag from /home/airflow/.local/lib/python3.12/site-packages/airflow/example_dags/example_dataset_alias.py
[2024-11-18T03:12:07.654+0000] {processor.py:925} INFO - DAG(s) 'dataset_alias_example_alias_consumer', 'dataset_s3_bucket_consumer', 'dataset_alias_example_alias_producer', 'dataset_s3_bucket_producer' retrieved from /home/airflow/.local/lib/python3.12/site-packages/airflow/example_dags/example_dataset_alias.py
[2024-11-18T03:12:07.805+0000] {logging_mixin.py:190} INFO - [2024-11-18T03:12:07.805+0000] {dag.py:3229} INFO - Sync 4 DAGs
[2024-11-18T03:12:07.924+0000] {logging_mixin.py:190} INFO - [2024-11-18T03:12:07.924+0000] {dag.py:4156} INFO - Setting next_dagrun for dataset_alias_example_alias_consumer to None, run_after=None
[2024-11-18T03:12:09.295+0000] {logging_mixin.py:190} INFO - [2024-11-18T03:12:09.295+0000] {dag.py:4156} INFO - Setting next_dagrun for dataset_alias_example_alias_producer to None, run_after=None
[2024-11-18T03:12:09.299+0000] {logging_mixin.py:190} INFO - [2024-11-18T03:12:09.299+0000] {dag.py:4156} INFO - Setting next_dagrun for dataset_s3_bucket_consumer to None, run_after=None
[2024-11-18T03:12:09.303+0000] {logging_mixin.py:190} INFO - [2024-11-18T03:12:09.303+0000] {dag.py:4156} INFO - Setting next_dagrun for dataset_s3_bucket_producer to None, run_after=None
[2024-11-18T03:12:09.425+0000] {processor.py:208} INFO - Processing /home/airflow/.local/lib/python3.12/site-packages/airflow/example_dags/example_dataset_alias.py took 2.762 seconds
[2024-11-18T03:12:39.855+0000] {processor.py:186} INFO - Started process (PID=2149) to work on /home/airflow/.local/lib/python3.12/site-packages/airflow/example_dags/example_dataset_alias.py
[2024-11-18T03:12:39.891+0000] {processor.py:914} INFO - Processing file /home/airflow/.local/lib/python3.12/site-packages/airflow/example_dags/example_dataset_alias.py for tasks to queue
[2024-11-18T03:12:39.905+0000] {logging_mixin.py:190} INFO - [2024-11-18T03:12:39.901+0000] {dagbag.py:587} INFO - Filling up the DagBag from /home/airflow/.local/lib/python3.12/site-packages/airflow/example_dags/example_dataset_alias.py
[2024-11-18T03:12:40.771+0000] {processor.py:925} INFO - DAG(s) 'dataset_alias_example_alias_producer', 'dataset_s3_bucket_consumer', 'dataset_alias_example_alias_consumer', 'dataset_s3_bucket_producer' retrieved from /home/airflow/.local/lib/python3.12/site-packages/airflow/example_dags/example_dataset_alias.py
[2024-11-18T03:12:40.992+0000] {logging_mixin.py:190} INFO - [2024-11-18T03:12:40.989+0000] {dag.py:3229} INFO - Sync 4 DAGs
[2024-11-18T03:12:41.060+0000] {logging_mixin.py:190} INFO - [2024-11-18T03:12:41.060+0000] {dag.py:4156} INFO - Setting next_dagrun for dataset_alias_example_alias_consumer to None, run_after=None
[2024-11-18T03:12:41.069+0000] {logging_mixin.py:190} INFO - [2024-11-18T03:12:41.069+0000] {dag.py:4156} INFO - Setting next_dagrun for dataset_alias_example_alias_producer to None, run_after=None
[2024-11-18T03:12:41.075+0000] {logging_mixin.py:190} INFO - [2024-11-18T03:12:41.075+0000] {dag.py:4156} INFO - Setting next_dagrun for dataset_s3_bucket_consumer to None, run_after=None
[2024-11-18T03:12:41.078+0000] {logging_mixin.py:190} INFO - [2024-11-18T03:12:41.078+0000] {dag.py:4156} INFO - Setting next_dagrun for dataset_s3_bucket_producer to None, run_after=None
[2024-11-18T03:12:41.214+0000] {processor.py:208} INFO - Processing /home/airflow/.local/lib/python3.12/site-packages/airflow/example_dags/example_dataset_alias.py took 1.413 seconds
[2024-11-18T03:13:12.150+0000] {processor.py:186} INFO - Started process (PID=2212) to work on /home/airflow/.local/lib/python3.12/site-packages/airflow/example_dags/example_dataset_alias.py
[2024-11-18T03:13:12.153+0000] {processor.py:914} INFO - Processing file /home/airflow/.local/lib/python3.12/site-packages/airflow/example_dags/example_dataset_alias.py for tasks to queue
[2024-11-18T03:13:12.165+0000] {logging_mixin.py:190} INFO - [2024-11-18T03:13:12.162+0000] {dagbag.py:587} INFO - Filling up the DagBag from /home/airflow/.local/lib/python3.12/site-packages/airflow/example_dags/example_dataset_alias.py
[2024-11-18T03:13:13.093+0000] {processor.py:925} INFO - DAG(s) 'dataset_alias_example_alias_consumer', 'dataset_alias_example_alias_producer', 'dataset_s3_bucket_consumer', 'dataset_s3_bucket_producer' retrieved from /home/airflow/.local/lib/python3.12/site-packages/airflow/example_dags/example_dataset_alias.py
[2024-11-18T03:13:13.169+0000] {logging_mixin.py:190} INFO - [2024-11-18T03:13:13.167+0000] {dag.py:3229} INFO - Sync 4 DAGs
[2024-11-18T03:13:13.236+0000] {logging_mixin.py:190} INFO - [2024-11-18T03:13:13.236+0000] {dag.py:4156} INFO - Setting next_dagrun for dataset_alias_example_alias_consumer to None, run_after=None
[2024-11-18T03:13:13.243+0000] {logging_mixin.py:190} INFO - [2024-11-18T03:13:13.243+0000] {dag.py:4156} INFO - Setting next_dagrun for dataset_alias_example_alias_producer to None, run_after=None
[2024-11-18T03:13:13.246+0000] {logging_mixin.py:190} INFO - [2024-11-18T03:13:13.246+0000] {dag.py:4156} INFO - Setting next_dagrun for dataset_s3_bucket_consumer to None, run_after=None
[2024-11-18T03:13:13.253+0000] {logging_mixin.py:190} INFO - [2024-11-18T03:13:13.253+0000] {dag.py:4156} INFO - Setting next_dagrun for dataset_s3_bucket_producer to None, run_after=None
[2024-11-18T03:13:13.445+0000] {processor.py:208} INFO - Processing /home/airflow/.local/lib/python3.12/site-packages/airflow/example_dags/example_dataset_alias.py took 1.326 seconds
[2024-11-18T03:13:43.603+0000] {processor.py:186} INFO - Started process (PID=2275) to work on /home/airflow/.local/lib/python3.12/site-packages/airflow/example_dags/example_dataset_alias.py
[2024-11-18T03:13:43.605+0000] {processor.py:914} INFO - Processing file /home/airflow/.local/lib/python3.12/site-packages/airflow/example_dags/example_dataset_alias.py for tasks to queue
[2024-11-18T03:13:43.611+0000] {logging_mixin.py:190} INFO - [2024-11-18T03:13:43.609+0000] {dagbag.py:587} INFO - Filling up the DagBag from /home/airflow/.local/lib/python3.12/site-packages/airflow/example_dags/example_dataset_alias.py
[2024-11-18T03:13:43.998+0000] {processor.py:925} INFO - DAG(s) 'dataset_alias_example_alias_consumer', 'dataset_s3_bucket_consumer', 'dataset_alias_example_alias_producer', 'dataset_s3_bucket_producer' retrieved from /home/airflow/.local/lib/python3.12/site-packages/airflow/example_dags/example_dataset_alias.py
[2024-11-18T03:13:44.069+0000] {logging_mixin.py:190} INFO - [2024-11-18T03:13:44.069+0000] {dag.py:3229} INFO - Sync 4 DAGs
[2024-11-18T03:13:44.116+0000] {logging_mixin.py:190} INFO - [2024-11-18T03:13:44.116+0000] {dag.py:4156} INFO - Setting next_dagrun for dataset_alias_example_alias_consumer to None, run_after=None
[2024-11-18T03:13:44.141+0000] {logging_mixin.py:190} INFO - [2024-11-18T03:13:44.137+0000] {dag.py:4156} INFO - Setting next_dagrun for dataset_alias_example_alias_producer to None, run_after=None
[2024-11-18T03:13:44.156+0000] {logging_mixin.py:190} INFO - [2024-11-18T03:13:44.151+0000] {dag.py:4156} INFO - Setting next_dagrun for dataset_s3_bucket_consumer to None, run_after=None
[2024-11-18T03:13:44.183+0000] {logging_mixin.py:190} INFO - [2024-11-18T03:13:44.181+0000] {dag.py:4156} INFO - Setting next_dagrun for dataset_s3_bucket_producer to None, run_after=None
[2024-11-18T03:13:44.365+0000] {processor.py:208} INFO - Processing /home/airflow/.local/lib/python3.12/site-packages/airflow/example_dags/example_dataset_alias.py took 0.780 seconds
[2024-11-18T03:14:17.214+0000] {processor.py:186} INFO - Started process (PID=2335) to work on /home/airflow/.local/lib/python3.12/site-packages/airflow/example_dags/example_dataset_alias.py
[2024-11-18T03:14:17.221+0000] {processor.py:914} INFO - Processing file /home/airflow/.local/lib/python3.12/site-packages/airflow/example_dags/example_dataset_alias.py for tasks to queue
[2024-11-18T03:14:17.247+0000] {logging_mixin.py:190} INFO - [2024-11-18T03:14:17.247+0000] {dagbag.py:587} INFO - Filling up the DagBag from /home/airflow/.local/lib/python3.12/site-packages/airflow/example_dags/example_dataset_alias.py
[2024-11-18T03:14:18.176+0000] {processor.py:925} INFO - DAG(s) 'dataset_alias_example_alias_consumer', 'dataset_alias_example_alias_producer', 'dataset_s3_bucket_consumer', 'dataset_s3_bucket_producer' retrieved from /home/airflow/.local/lib/python3.12/site-packages/airflow/example_dags/example_dataset_alias.py
[2024-11-18T03:14:18.284+0000] {logging_mixin.py:190} INFO - [2024-11-18T03:14:18.284+0000] {dag.py:3229} INFO - Sync 4 DAGs
[2024-11-18T03:14:19.715+0000] {logging_mixin.py:190} INFO - [2024-11-18T03:14:19.713+0000] {dag.py:4156} INFO - Setting next_dagrun for dataset_alias_example_alias_consumer to None, run_after=None
[2024-11-18T03:14:19.724+0000] {logging_mixin.py:190} INFO - [2024-11-18T03:14:19.724+0000] {dag.py:4156} INFO - Setting next_dagrun for dataset_alias_example_alias_producer to None, run_after=None
[2024-11-18T03:14:19.727+0000] {logging_mixin.py:190} INFO - [2024-11-18T03:14:19.727+0000] {dag.py:4156} INFO - Setting next_dagrun for dataset_s3_bucket_consumer to None, run_after=None
[2024-11-18T03:14:19.733+0000] {logging_mixin.py:190} INFO - [2024-11-18T03:14:19.733+0000] {dag.py:4156} INFO - Setting next_dagrun for dataset_s3_bucket_producer to None, run_after=None
[2024-11-18T03:14:19.863+0000] {processor.py:208} INFO - Processing /home/airflow/.local/lib/python3.12/site-packages/airflow/example_dags/example_dataset_alias.py took 2.671 seconds
[2024-11-18T03:14:51.045+0000] {processor.py:186} INFO - Started process (PID=2397) to work on /home/airflow/.local/lib/python3.12/site-packages/airflow/example_dags/example_dataset_alias.py
[2024-11-18T03:14:51.068+0000] {processor.py:914} INFO - Processing file /home/airflow/.local/lib/python3.12/site-packages/airflow/example_dags/example_dataset_alias.py for tasks to queue
[2024-11-18T03:14:51.138+0000] {logging_mixin.py:190} INFO - [2024-11-18T03:14:51.138+0000] {dagbag.py:587} INFO - Filling up the DagBag from /home/airflow/.local/lib/python3.12/site-packages/airflow/example_dags/example_dataset_alias.py
[2024-11-18T03:14:52.859+0000] {processor.py:925} INFO - DAG(s) 'dataset_s3_bucket_producer', 'dataset_s3_bucket_consumer', 'dataset_alias_example_alias_producer', 'dataset_alias_example_alias_consumer' retrieved from /home/airflow/.local/lib/python3.12/site-packages/airflow/example_dags/example_dataset_alias.py
[2024-11-18T03:14:53.042+0000] {logging_mixin.py:190} INFO - [2024-11-18T03:14:53.042+0000] {dag.py:3229} INFO - Sync 4 DAGs
[2024-11-18T03:14:53.105+0000] {logging_mixin.py:190} INFO - [2024-11-18T03:14:53.105+0000] {dag.py:4156} INFO - Setting next_dagrun for dataset_alias_example_alias_consumer to None, run_after=None
[2024-11-18T03:14:54.205+0000] {logging_mixin.py:190} INFO - [2024-11-18T03:14:54.205+0000] {dag.py:4156} INFO - Setting next_dagrun for dataset_alias_example_alias_producer to None, run_after=None
[2024-11-18T03:14:54.212+0000] {logging_mixin.py:190} INFO - [2024-11-18T03:14:54.212+0000] {dag.py:4156} INFO - Setting next_dagrun for dataset_s3_bucket_consumer to None, run_after=None
[2024-11-18T03:14:54.218+0000] {logging_mixin.py:190} INFO - [2024-11-18T03:14:54.218+0000] {dag.py:4156} INFO - Setting next_dagrun for dataset_s3_bucket_producer to None, run_after=None
[2024-11-18T03:14:54.349+0000] {processor.py:208} INFO - Processing /home/airflow/.local/lib/python3.12/site-packages/airflow/example_dags/example_dataset_alias.py took 3.398 seconds
[2024-11-18T03:15:25.856+0000] {processor.py:186} INFO - Started process (PID=2462) to work on /home/airflow/.local/lib/python3.12/site-packages/airflow/example_dags/example_dataset_alias.py
[2024-11-18T03:15:25.862+0000] {processor.py:914} INFO - Processing file /home/airflow/.local/lib/python3.12/site-packages/airflow/example_dags/example_dataset_alias.py for tasks to queue
[2024-11-18T03:15:25.891+0000] {logging_mixin.py:190} INFO - [2024-11-18T03:15:25.885+0000] {dagbag.py:587} INFO - Filling up the DagBag from /home/airflow/.local/lib/python3.12/site-packages/airflow/example_dags/example_dataset_alias.py
[2024-11-18T03:15:27.104+0000] {processor.py:925} INFO - DAG(s) 'dataset_alias_example_alias_consumer', 'dataset_s3_bucket_producer', 'dataset_s3_bucket_consumer', 'dataset_alias_example_alias_producer' retrieved from /home/airflow/.local/lib/python3.12/site-packages/airflow/example_dags/example_dataset_alias.py
[2024-11-18T03:15:27.292+0000] {logging_mixin.py:190} INFO - [2024-11-18T03:15:27.290+0000] {dag.py:3229} INFO - Sync 4 DAGs
[2024-11-18T03:15:27.433+0000] {logging_mixin.py:190} INFO - [2024-11-18T03:15:27.433+0000] {dag.py:4156} INFO - Setting next_dagrun for dataset_alias_example_alias_consumer to None, run_after=None
[2024-11-18T03:15:28.743+0000] {logging_mixin.py:190} INFO - [2024-11-18T03:15:28.737+0000] {dag.py:4156} INFO - Setting next_dagrun for dataset_alias_example_alias_producer to None, run_after=None
[2024-11-18T03:15:28.750+0000] {logging_mixin.py:190} INFO - [2024-11-18T03:15:28.750+0000] {dag.py:4156} INFO - Setting next_dagrun for dataset_s3_bucket_consumer to None, run_after=None
[2024-11-18T03:15:28.763+0000] {logging_mixin.py:190} INFO - [2024-11-18T03:15:28.763+0000] {dag.py:4156} INFO - Setting next_dagrun for dataset_s3_bucket_producer to None, run_after=None
[2024-11-18T03:15:28.870+0000] {processor.py:208} INFO - Processing /home/airflow/.local/lib/python3.12/site-packages/airflow/example_dags/example_dataset_alias.py took 3.029 seconds
[2024-11-18T03:15:59.730+0000] {processor.py:186} INFO - Started process (PID=2525) to work on /home/airflow/.local/lib/python3.12/site-packages/airflow/example_dags/example_dataset_alias.py
[2024-11-18T03:15:59.734+0000] {processor.py:914} INFO - Processing file /home/airflow/.local/lib/python3.12/site-packages/airflow/example_dags/example_dataset_alias.py for tasks to queue
[2024-11-18T03:15:59.740+0000] {logging_mixin.py:190} INFO - [2024-11-18T03:15:59.738+0000] {dagbag.py:587} INFO - Filling up the DagBag from /home/airflow/.local/lib/python3.12/site-packages/airflow/example_dags/example_dataset_alias.py
[2024-11-18T03:16:03.917+0000] {processor.py:925} INFO - DAG(s) 'dataset_alias_example_alias_consumer', 'dataset_alias_example_alias_producer', 'dataset_s3_bucket_consumer', 'dataset_s3_bucket_producer' retrieved from /home/airflow/.local/lib/python3.12/site-packages/airflow/example_dags/example_dataset_alias.py
[2024-11-18T03:16:04.092+0000] {logging_mixin.py:190} INFO - [2024-11-18T03:16:04.092+0000] {dag.py:3229} INFO - Sync 4 DAGs
[2024-11-18T03:16:04.164+0000] {logging_mixin.py:190} INFO - [2024-11-18T03:16:04.161+0000] {dag.py:4156} INFO - Setting next_dagrun for dataset_alias_example_alias_consumer to None, run_after=None
[2024-11-18T03:16:04.180+0000] {logging_mixin.py:190} INFO - [2024-11-18T03:16:04.179+0000] {dag.py:4156} INFO - Setting next_dagrun for dataset_alias_example_alias_producer to None, run_after=None
[2024-11-18T03:16:04.185+0000] {logging_mixin.py:190} INFO - [2024-11-18T03:16:04.185+0000] {dag.py:4156} INFO - Setting next_dagrun for dataset_s3_bucket_consumer to None, run_after=None
[2024-11-18T03:16:04.193+0000] {logging_mixin.py:190} INFO - [2024-11-18T03:16:04.193+0000] {dag.py:4156} INFO - Setting next_dagrun for dataset_s3_bucket_producer to None, run_after=None
[2024-11-18T03:16:04.379+0000] {processor.py:208} INFO - Processing /home/airflow/.local/lib/python3.12/site-packages/airflow/example_dags/example_dataset_alias.py took 4.667 seconds
[2024-11-18T03:16:35.261+0000] {processor.py:186} INFO - Started process (PID=2599) to work on /home/airflow/.local/lib/python3.12/site-packages/airflow/example_dags/example_dataset_alias.py
[2024-11-18T03:16:35.342+0000] {processor.py:914} INFO - Processing file /home/airflow/.local/lib/python3.12/site-packages/airflow/example_dags/example_dataset_alias.py for tasks to queue
[2024-11-18T03:16:35.351+0000] {logging_mixin.py:190} INFO - [2024-11-18T03:16:35.351+0000] {dagbag.py:587} INFO - Filling up the DagBag from /home/airflow/.local/lib/python3.12/site-packages/airflow/example_dags/example_dataset_alias.py
[2024-11-18T03:16:36.732+0000] {processor.py:925} INFO - DAG(s) 'dataset_s3_bucket_producer', 'dataset_alias_example_alias_producer', 'dataset_s3_bucket_consumer', 'dataset_alias_example_alias_consumer' retrieved from /home/airflow/.local/lib/python3.12/site-packages/airflow/example_dags/example_dataset_alias.py
[2024-11-18T03:16:36.785+0000] {logging_mixin.py:190} INFO - [2024-11-18T03:16:36.785+0000] {dag.py:3229} INFO - Sync 4 DAGs
[2024-11-18T03:16:36.823+0000] {logging_mixin.py:190} INFO - [2024-11-18T03:16:36.823+0000] {dag.py:4156} INFO - Setting next_dagrun for dataset_alias_example_alias_consumer to None, run_after=None
[2024-11-18T03:16:36.867+0000] {logging_mixin.py:190} INFO - [2024-11-18T03:16:36.867+0000] {dag.py:4156} INFO - Setting next_dagrun for dataset_alias_example_alias_producer to None, run_after=None
[2024-11-18T03:16:36.896+0000] {logging_mixin.py:190} INFO - [2024-11-18T03:16:36.896+0000] {dag.py:4156} INFO - Setting next_dagrun for dataset_s3_bucket_consumer to None, run_after=None
[2024-11-18T03:16:36.913+0000] {logging_mixin.py:190} INFO - [2024-11-18T03:16:36.910+0000] {dag.py:4156} INFO - Setting next_dagrun for dataset_s3_bucket_producer to None, run_after=None
[2024-11-18T03:16:36.976+0000] {processor.py:208} INFO - Processing /home/airflow/.local/lib/python3.12/site-packages/airflow/example_dags/example_dataset_alias.py took 1.768 seconds
