[2024-11-18T02:55:30.459+0000] {processor.py:186} INFO - Started process (PID=79) to work on /home/airflow/.local/lib/python3.12/site-packages/airflow/example_dags/example_latest_only_with_trigger.py
[2024-11-18T02:55:30.467+0000] {processor.py:914} INFO - Processing file /home/airflow/.local/lib/python3.12/site-packages/airflow/example_dags/example_latest_only_with_trigger.py for tasks to queue
[2024-11-18T02:55:30.481+0000] {logging_mixin.py:190} INFO - [2024-11-18T02:55:30.481+0000] {dagbag.py:587} INFO - Filling up the DagBag from /home/airflow/.local/lib/python3.12/site-packages/airflow/example_dags/example_latest_only_with_trigger.py
[2024-11-18T02:55:30.559+0000] {processor.py:925} INFO - DAG(s) 'latest_only_with_trigger' retrieved from /home/airflow/.local/lib/python3.12/site-packages/airflow/example_dags/example_latest_only_with_trigger.py
[2024-11-18T02:55:30.794+0000] {logging_mixin.py:190} INFO - [2024-11-18T02:55:30.794+0000] {dag.py:3229} INFO - Sync 1 DAGs
[2024-11-18T02:55:30.991+0000] {logging_mixin.py:190} INFO - [2024-11-18T02:55:30.991+0000] {dag.py:4156} INFO - Setting next_dagrun for latest_only_with_trigger to 2024-11-17 20:00:00+00:00, run_after=2024-11-18 00:00:00+00:00
[2024-11-18T02:55:31.164+0000] {processor.py:208} INFO - Processing /home/airflow/.local/lib/python3.12/site-packages/airflow/example_dags/example_latest_only_with_trigger.py took 0.763 seconds
[2024-11-18T02:56:01.340+0000] {processor.py:186} INFO - Started process (PID=140) to work on /home/airflow/.local/lib/python3.12/site-packages/airflow/example_dags/example_latest_only_with_trigger.py
[2024-11-18T02:56:01.342+0000] {processor.py:914} INFO - Processing file /home/airflow/.local/lib/python3.12/site-packages/airflow/example_dags/example_latest_only_with_trigger.py for tasks to queue
[2024-11-18T02:56:01.345+0000] {logging_mixin.py:190} INFO - [2024-11-18T02:56:01.344+0000] {dagbag.py:587} INFO - Filling up the DagBag from /home/airflow/.local/lib/python3.12/site-packages/airflow/example_dags/example_latest_only_with_trigger.py
[2024-11-18T02:56:01.352+0000] {processor.py:925} INFO - DAG(s) 'latest_only_with_trigger' retrieved from /home/airflow/.local/lib/python3.12/site-packages/airflow/example_dags/example_latest_only_with_trigger.py
[2024-11-18T02:56:01.373+0000] {logging_mixin.py:190} INFO - [2024-11-18T02:56:01.373+0000] {dag.py:3229} INFO - Sync 1 DAGs
[2024-11-18T02:56:01.396+0000] {logging_mixin.py:190} INFO - [2024-11-18T02:56:01.396+0000] {dag.py:4156} INFO - Setting next_dagrun for latest_only_with_trigger to 2024-11-17 20:00:00+00:00, run_after=2024-11-18 00:00:00+00:00
[2024-11-18T02:56:01.412+0000] {processor.py:208} INFO - Processing /home/airflow/.local/lib/python3.12/site-packages/airflow/example_dags/example_latest_only_with_trigger.py took 0.078 seconds
[2024-11-18T02:56:31.928+0000] {processor.py:186} INFO - Started process (PID=202) to work on /home/airflow/.local/lib/python3.12/site-packages/airflow/example_dags/example_latest_only_with_trigger.py
[2024-11-18T02:56:31.929+0000] {processor.py:914} INFO - Processing file /home/airflow/.local/lib/python3.12/site-packages/airflow/example_dags/example_latest_only_with_trigger.py for tasks to queue
[2024-11-18T02:56:31.931+0000] {logging_mixin.py:190} INFO - [2024-11-18T02:56:31.931+0000] {dagbag.py:587} INFO - Filling up the DagBag from /home/airflow/.local/lib/python3.12/site-packages/airflow/example_dags/example_latest_only_with_trigger.py
[2024-11-18T02:56:31.938+0000] {processor.py:925} INFO - DAG(s) 'latest_only_with_trigger' retrieved from /home/airflow/.local/lib/python3.12/site-packages/airflow/example_dags/example_latest_only_with_trigger.py
[2024-11-18T02:56:31.957+0000] {logging_mixin.py:190} INFO - [2024-11-18T02:56:31.957+0000] {dag.py:3229} INFO - Sync 1 DAGs
[2024-11-18T02:56:31.978+0000] {logging_mixin.py:190} INFO - [2024-11-18T02:56:31.978+0000] {dag.py:4156} INFO - Setting next_dagrun for latest_only_with_trigger to 2024-11-17 20:00:00+00:00, run_after=2024-11-18 00:00:00+00:00
[2024-11-18T02:56:32.001+0000] {processor.py:208} INFO - Processing /home/airflow/.local/lib/python3.12/site-packages/airflow/example_dags/example_latest_only_with_trigger.py took 0.079 seconds
[2024-11-18T02:57:02.113+0000] {processor.py:186} INFO - Started process (PID=263) to work on /home/airflow/.local/lib/python3.12/site-packages/airflow/example_dags/example_latest_only_with_trigger.py
[2024-11-18T02:57:02.114+0000] {processor.py:914} INFO - Processing file /home/airflow/.local/lib/python3.12/site-packages/airflow/example_dags/example_latest_only_with_trigger.py for tasks to queue
[2024-11-18T02:57:02.116+0000] {logging_mixin.py:190} INFO - [2024-11-18T02:57:02.116+0000] {dagbag.py:587} INFO - Filling up the DagBag from /home/airflow/.local/lib/python3.12/site-packages/airflow/example_dags/example_latest_only_with_trigger.py
[2024-11-18T02:57:02.125+0000] {processor.py:925} INFO - DAG(s) 'latest_only_with_trigger' retrieved from /home/airflow/.local/lib/python3.12/site-packages/airflow/example_dags/example_latest_only_with_trigger.py
[2024-11-18T02:57:02.149+0000] {logging_mixin.py:190} INFO - [2024-11-18T02:57:02.148+0000] {dag.py:3229} INFO - Sync 1 DAGs
[2024-11-18T02:57:02.172+0000] {logging_mixin.py:190} INFO - [2024-11-18T02:57:02.172+0000] {dag.py:4156} INFO - Setting next_dagrun for latest_only_with_trigger to 2024-11-17 20:00:00+00:00, run_after=2024-11-18 00:00:00+00:00
[2024-11-18T02:57:02.189+0000] {processor.py:208} INFO - Processing /home/airflow/.local/lib/python3.12/site-packages/airflow/example_dags/example_latest_only_with_trigger.py took 0.082 seconds
[2024-11-18T02:57:33.791+0000] {processor.py:186} INFO - Started process (PID=325) to work on /home/airflow/.local/lib/python3.12/site-packages/airflow/example_dags/example_latest_only_with_trigger.py
[2024-11-18T02:57:33.799+0000] {processor.py:914} INFO - Processing file /home/airflow/.local/lib/python3.12/site-packages/airflow/example_dags/example_latest_only_with_trigger.py for tasks to queue
[2024-11-18T02:57:33.811+0000] {logging_mixin.py:190} INFO - [2024-11-18T02:57:33.811+0000] {dagbag.py:587} INFO - Filling up the DagBag from /home/airflow/.local/lib/python3.12/site-packages/airflow/example_dags/example_latest_only_with_trigger.py
[2024-11-18T02:57:33.857+0000] {processor.py:925} INFO - DAG(s) 'latest_only_with_trigger' retrieved from /home/airflow/.local/lib/python3.12/site-packages/airflow/example_dags/example_latest_only_with_trigger.py
[2024-11-18T02:57:33.998+0000] {logging_mixin.py:190} INFO - [2024-11-18T02:57:33.998+0000] {dag.py:3229} INFO - Sync 1 DAGs
[2024-11-18T02:57:34.142+0000] {logging_mixin.py:190} INFO - [2024-11-18T02:57:34.142+0000] {dag.py:4156} INFO - Setting next_dagrun for latest_only_with_trigger to 2024-11-17 20:00:00+00:00, run_after=2024-11-18 00:00:00+00:00
[2024-11-18T02:57:34.253+0000] {processor.py:208} INFO - Processing /home/airflow/.local/lib/python3.12/site-packages/airflow/example_dags/example_latest_only_with_trigger.py took 0.502 seconds
[2024-11-18T02:58:04.377+0000] {processor.py:186} INFO - Started process (PID=387) to work on /home/airflow/.local/lib/python3.12/site-packages/airflow/example_dags/example_latest_only_with_trigger.py
[2024-11-18T02:58:04.380+0000] {processor.py:914} INFO - Processing file /home/airflow/.local/lib/python3.12/site-packages/airflow/example_dags/example_latest_only_with_trigger.py for tasks to queue
[2024-11-18T02:58:04.385+0000] {logging_mixin.py:190} INFO - [2024-11-18T02:58:04.385+0000] {dagbag.py:587} INFO - Filling up the DagBag from /home/airflow/.local/lib/python3.12/site-packages/airflow/example_dags/example_latest_only_with_trigger.py
[2024-11-18T02:58:04.395+0000] {processor.py:925} INFO - DAG(s) 'latest_only_with_trigger' retrieved from /home/airflow/.local/lib/python3.12/site-packages/airflow/example_dags/example_latest_only_with_trigger.py
[2024-11-18T02:58:04.416+0000] {logging_mixin.py:190} INFO - [2024-11-18T02:58:04.416+0000] {dag.py:3229} INFO - Sync 1 DAGs
[2024-11-18T02:58:04.438+0000] {logging_mixin.py:190} INFO - [2024-11-18T02:58:04.438+0000] {dag.py:4156} INFO - Setting next_dagrun for latest_only_with_trigger to 2024-11-17 20:00:00+00:00, run_after=2024-11-18 00:00:00+00:00
[2024-11-18T02:58:04.455+0000] {processor.py:208} INFO - Processing /home/airflow/.local/lib/python3.12/site-packages/airflow/example_dags/example_latest_only_with_trigger.py took 0.092 seconds
[2024-11-18T02:58:35.398+0000] {processor.py:186} INFO - Started process (PID=450) to work on /home/airflow/.local/lib/python3.12/site-packages/airflow/example_dags/example_latest_only_with_trigger.py
[2024-11-18T02:58:35.401+0000] {processor.py:914} INFO - Processing file /home/airflow/.local/lib/python3.12/site-packages/airflow/example_dags/example_latest_only_with_trigger.py for tasks to queue
[2024-11-18T02:58:35.406+0000] {logging_mixin.py:190} INFO - [2024-11-18T02:58:35.406+0000] {dagbag.py:587} INFO - Filling up the DagBag from /home/airflow/.local/lib/python3.12/site-packages/airflow/example_dags/example_latest_only_with_trigger.py
[2024-11-18T02:58:35.414+0000] {processor.py:925} INFO - DAG(s) 'latest_only_with_trigger' retrieved from /home/airflow/.local/lib/python3.12/site-packages/airflow/example_dags/example_latest_only_with_trigger.py
[2024-11-18T02:58:35.433+0000] {logging_mixin.py:190} INFO - [2024-11-18T02:58:35.433+0000] {dag.py:3229} INFO - Sync 1 DAGs
[2024-11-18T02:58:35.454+0000] {logging_mixin.py:190} INFO - [2024-11-18T02:58:35.454+0000] {dag.py:4156} INFO - Setting next_dagrun for latest_only_with_trigger to 2024-11-17 20:00:00+00:00, run_after=2024-11-18 00:00:00+00:00
[2024-11-18T02:58:35.470+0000] {processor.py:208} INFO - Processing /home/airflow/.local/lib/python3.12/site-packages/airflow/example_dags/example_latest_only_with_trigger.py took 0.085 seconds
[2024-11-18T02:59:05.734+0000] {processor.py:186} INFO - Started process (PID=512) to work on /home/airflow/.local/lib/python3.12/site-packages/airflow/example_dags/example_latest_only_with_trigger.py
[2024-11-18T02:59:05.736+0000] {processor.py:914} INFO - Processing file /home/airflow/.local/lib/python3.12/site-packages/airflow/example_dags/example_latest_only_with_trigger.py for tasks to queue
[2024-11-18T02:59:05.740+0000] {logging_mixin.py:190} INFO - [2024-11-18T02:59:05.740+0000] {dagbag.py:587} INFO - Filling up the DagBag from /home/airflow/.local/lib/python3.12/site-packages/airflow/example_dags/example_latest_only_with_trigger.py
[2024-11-18T02:59:05.749+0000] {processor.py:925} INFO - DAG(s) 'latest_only_with_trigger' retrieved from /home/airflow/.local/lib/python3.12/site-packages/airflow/example_dags/example_latest_only_with_trigger.py
[2024-11-18T02:59:05.769+0000] {logging_mixin.py:190} INFO - [2024-11-18T02:59:05.769+0000] {dag.py:3229} INFO - Sync 1 DAGs
[2024-11-18T02:59:05.791+0000] {logging_mixin.py:190} INFO - [2024-11-18T02:59:05.791+0000] {dag.py:4156} INFO - Setting next_dagrun for latest_only_with_trigger to 2024-11-17 20:00:00+00:00, run_after=2024-11-18 00:00:00+00:00
[2024-11-18T02:59:05.807+0000] {processor.py:208} INFO - Processing /home/airflow/.local/lib/python3.12/site-packages/airflow/example_dags/example_latest_only_with_trigger.py took 0.086 seconds
[2024-11-18T02:59:36.746+0000] {processor.py:186} INFO - Started process (PID=573) to work on /home/airflow/.local/lib/python3.12/site-packages/airflow/example_dags/example_latest_only_with_trigger.py
[2024-11-18T02:59:36.750+0000] {processor.py:914} INFO - Processing file /home/airflow/.local/lib/python3.12/site-packages/airflow/example_dags/example_latest_only_with_trigger.py for tasks to queue
[2024-11-18T02:59:36.755+0000] {logging_mixin.py:190} INFO - [2024-11-18T02:59:36.754+0000] {dagbag.py:587} INFO - Filling up the DagBag from /home/airflow/.local/lib/python3.12/site-packages/airflow/example_dags/example_latest_only_with_trigger.py
[2024-11-18T02:59:36.764+0000] {processor.py:925} INFO - DAG(s) 'latest_only_with_trigger' retrieved from /home/airflow/.local/lib/python3.12/site-packages/airflow/example_dags/example_latest_only_with_trigger.py
[2024-11-18T02:59:36.782+0000] {logging_mixin.py:190} INFO - [2024-11-18T02:59:36.782+0000] {dag.py:3229} INFO - Sync 1 DAGs
[2024-11-18T02:59:36.805+0000] {logging_mixin.py:190} INFO - [2024-11-18T02:59:36.805+0000] {dag.py:4156} INFO - Setting next_dagrun for latest_only_with_trigger to 2024-11-17 20:00:00+00:00, run_after=2024-11-18 00:00:00+00:00
[2024-11-18T02:59:36.820+0000] {processor.py:208} INFO - Processing /home/airflow/.local/lib/python3.12/site-packages/airflow/example_dags/example_latest_only_with_trigger.py took 0.087 seconds
[2024-11-18T03:00:08.083+0000] {processor.py:186} INFO - Started process (PID=635) to work on /home/airflow/.local/lib/python3.12/site-packages/airflow/example_dags/example_latest_only_with_trigger.py
[2024-11-18T03:00:08.092+0000] {processor.py:914} INFO - Processing file /home/airflow/.local/lib/python3.12/site-packages/airflow/example_dags/example_latest_only_with_trigger.py for tasks to queue
[2024-11-18T03:00:08.103+0000] {logging_mixin.py:190} INFO - [2024-11-18T03:00:08.103+0000] {dagbag.py:587} INFO - Filling up the DagBag from /home/airflow/.local/lib/python3.12/site-packages/airflow/example_dags/example_latest_only_with_trigger.py
[2024-11-18T03:00:08.161+0000] {processor.py:925} INFO - DAG(s) 'latest_only_with_trigger' retrieved from /home/airflow/.local/lib/python3.12/site-packages/airflow/example_dags/example_latest_only_with_trigger.py
[2024-11-18T03:00:08.284+0000] {logging_mixin.py:190} INFO - [2024-11-18T03:00:08.284+0000] {dag.py:3229} INFO - Sync 1 DAGs
[2024-11-18T03:00:08.421+0000] {logging_mixin.py:190} INFO - [2024-11-18T03:00:08.421+0000] {dag.py:4156} INFO - Setting next_dagrun for latest_only_with_trigger to 2024-11-17 20:00:00+00:00, run_after=2024-11-18 00:00:00+00:00
[2024-11-18T03:00:08.545+0000] {processor.py:208} INFO - Processing /home/airflow/.local/lib/python3.12/site-packages/airflow/example_dags/example_latest_only_with_trigger.py took 0.497 seconds
[2024-11-18T03:00:39.786+0000] {processor.py:186} INFO - Started process (PID=698) to work on /home/airflow/.local/lib/python3.12/site-packages/airflow/example_dags/example_latest_only_with_trigger.py
[2024-11-18T03:00:39.788+0000] {processor.py:914} INFO - Processing file /home/airflow/.local/lib/python3.12/site-packages/airflow/example_dags/example_latest_only_with_trigger.py for tasks to queue
[2024-11-18T03:00:39.792+0000] {logging_mixin.py:190} INFO - [2024-11-18T03:00:39.792+0000] {dagbag.py:587} INFO - Filling up the DagBag from /home/airflow/.local/lib/python3.12/site-packages/airflow/example_dags/example_latest_only_with_trigger.py
[2024-11-18T03:00:39.808+0000] {processor.py:925} INFO - DAG(s) 'latest_only_with_trigger' retrieved from /home/airflow/.local/lib/python3.12/site-packages/airflow/example_dags/example_latest_only_with_trigger.py
[2024-11-18T03:00:39.849+0000] {logging_mixin.py:190} INFO - [2024-11-18T03:00:39.849+0000] {dag.py:3229} INFO - Sync 1 DAGs
[2024-11-18T03:00:39.894+0000] {logging_mixin.py:190} INFO - [2024-11-18T03:00:39.894+0000] {dag.py:4156} INFO - Setting next_dagrun for latest_only_with_trigger to 2024-11-17 20:00:00+00:00, run_after=2024-11-18 00:00:00+00:00
[2024-11-18T03:00:39.925+0000] {processor.py:208} INFO - Processing /home/airflow/.local/lib/python3.12/site-packages/airflow/example_dags/example_latest_only_with_trigger.py took 0.151 seconds
[2024-11-18T03:01:10.181+0000] {processor.py:186} INFO - Started process (PID=761) to work on /home/airflow/.local/lib/python3.12/site-packages/airflow/example_dags/example_latest_only_with_trigger.py
[2024-11-18T03:01:10.182+0000] {processor.py:914} INFO - Processing file /home/airflow/.local/lib/python3.12/site-packages/airflow/example_dags/example_latest_only_with_trigger.py for tasks to queue
[2024-11-18T03:01:10.185+0000] {logging_mixin.py:190} INFO - [2024-11-18T03:01:10.185+0000] {dagbag.py:587} INFO - Filling up the DagBag from /home/airflow/.local/lib/python3.12/site-packages/airflow/example_dags/example_latest_only_with_trigger.py
[2024-11-18T03:01:10.192+0000] {processor.py:925} INFO - DAG(s) 'latest_only_with_trigger' retrieved from /home/airflow/.local/lib/python3.12/site-packages/airflow/example_dags/example_latest_only_with_trigger.py
[2024-11-18T03:01:10.211+0000] {logging_mixin.py:190} INFO - [2024-11-18T03:01:10.211+0000] {dag.py:3229} INFO - Sync 1 DAGs
[2024-11-18T03:01:10.234+0000] {logging_mixin.py:190} INFO - [2024-11-18T03:01:10.233+0000] {dag.py:4156} INFO - Setting next_dagrun for latest_only_with_trigger to 2024-11-17 20:00:00+00:00, run_after=2024-11-18 00:00:00+00:00
[2024-11-18T03:01:10.249+0000] {processor.py:208} INFO - Processing /home/airflow/.local/lib/python3.12/site-packages/airflow/example_dags/example_latest_only_with_trigger.py took 0.074 seconds
[2024-11-18T03:01:41.184+0000] {processor.py:186} INFO - Started process (PID=823) to work on /home/airflow/.local/lib/python3.12/site-packages/airflow/example_dags/example_latest_only_with_trigger.py
[2024-11-18T03:01:41.185+0000] {processor.py:914} INFO - Processing file /home/airflow/.local/lib/python3.12/site-packages/airflow/example_dags/example_latest_only_with_trigger.py for tasks to queue
[2024-11-18T03:01:41.187+0000] {logging_mixin.py:190} INFO - [2024-11-18T03:01:41.187+0000] {dagbag.py:587} INFO - Filling up the DagBag from /home/airflow/.local/lib/python3.12/site-packages/airflow/example_dags/example_latest_only_with_trigger.py
[2024-11-18T03:01:41.195+0000] {processor.py:925} INFO - DAG(s) 'latest_only_with_trigger' retrieved from /home/airflow/.local/lib/python3.12/site-packages/airflow/example_dags/example_latest_only_with_trigger.py
[2024-11-18T03:01:41.216+0000] {logging_mixin.py:190} INFO - [2024-11-18T03:01:41.216+0000] {dag.py:3229} INFO - Sync 1 DAGs
[2024-11-18T03:01:41.239+0000] {logging_mixin.py:190} INFO - [2024-11-18T03:01:41.239+0000] {dag.py:4156} INFO - Setting next_dagrun for latest_only_with_trigger to 2024-11-17 20:00:00+00:00, run_after=2024-11-18 00:00:00+00:00
[2024-11-18T03:01:41.255+0000] {processor.py:208} INFO - Processing /home/airflow/.local/lib/python3.12/site-packages/airflow/example_dags/example_latest_only_with_trigger.py took 0.078 seconds
[2024-11-18T03:02:11.477+0000] {processor.py:186} INFO - Started process (PID=885) to work on /home/airflow/.local/lib/python3.12/site-packages/airflow/example_dags/example_latest_only_with_trigger.py
[2024-11-18T03:02:11.480+0000] {processor.py:914} INFO - Processing file /home/airflow/.local/lib/python3.12/site-packages/airflow/example_dags/example_latest_only_with_trigger.py for tasks to queue
[2024-11-18T03:02:11.488+0000] {logging_mixin.py:190} INFO - [2024-11-18T03:02:11.486+0000] {dagbag.py:587} INFO - Filling up the DagBag from /home/airflow/.local/lib/python3.12/site-packages/airflow/example_dags/example_latest_only_with_trigger.py
[2024-11-18T03:02:11.505+0000] {processor.py:925} INFO - DAG(s) 'latest_only_with_trigger' retrieved from /home/airflow/.local/lib/python3.12/site-packages/airflow/example_dags/example_latest_only_with_trigger.py
[2024-11-18T03:02:11.546+0000] {logging_mixin.py:190} INFO - [2024-11-18T03:02:11.546+0000] {dag.py:3229} INFO - Sync 1 DAGs
[2024-11-18T03:02:11.594+0000] {logging_mixin.py:190} INFO - [2024-11-18T03:02:11.594+0000] {dag.py:4156} INFO - Setting next_dagrun for latest_only_with_trigger to 2024-11-17 20:00:00+00:00, run_after=2024-11-18 00:00:00+00:00
[2024-11-18T03:02:11.631+0000] {processor.py:208} INFO - Processing /home/airflow/.local/lib/python3.12/site-packages/airflow/example_dags/example_latest_only_with_trigger.py took 0.172 seconds
[2024-11-18T03:02:41.918+0000] {processor.py:186} INFO - Started process (PID=947) to work on /home/airflow/.local/lib/python3.12/site-packages/airflow/example_dags/example_latest_only_with_trigger.py
[2024-11-18T03:02:41.918+0000] {processor.py:914} INFO - Processing file /home/airflow/.local/lib/python3.12/site-packages/airflow/example_dags/example_latest_only_with_trigger.py for tasks to queue
[2024-11-18T03:02:41.921+0000] {logging_mixin.py:190} INFO - [2024-11-18T03:02:41.920+0000] {dagbag.py:587} INFO - Filling up the DagBag from /home/airflow/.local/lib/python3.12/site-packages/airflow/example_dags/example_latest_only_with_trigger.py
[2024-11-18T03:02:41.928+0000] {processor.py:925} INFO - DAG(s) 'latest_only_with_trigger' retrieved from /home/airflow/.local/lib/python3.12/site-packages/airflow/example_dags/example_latest_only_with_trigger.py
[2024-11-18T03:02:41.949+0000] {logging_mixin.py:190} INFO - [2024-11-18T03:02:41.948+0000] {dag.py:3229} INFO - Sync 1 DAGs
[2024-11-18T03:02:41.971+0000] {logging_mixin.py:190} INFO - [2024-11-18T03:02:41.971+0000] {dag.py:4156} INFO - Setting next_dagrun for latest_only_with_trigger to 2024-11-17 20:00:00+00:00, run_after=2024-11-18 00:00:00+00:00
[2024-11-18T03:02:41.990+0000] {processor.py:208} INFO - Processing /home/airflow/.local/lib/python3.12/site-packages/airflow/example_dags/example_latest_only_with_trigger.py took 0.079 seconds
[2024-11-18T03:03:12.710+0000] {processor.py:186} INFO - Started process (PID=1009) to work on /home/airflow/.local/lib/python3.12/site-packages/airflow/example_dags/example_latest_only_with_trigger.py
[2024-11-18T03:03:12.714+0000] {processor.py:914} INFO - Processing file /home/airflow/.local/lib/python3.12/site-packages/airflow/example_dags/example_latest_only_with_trigger.py for tasks to queue
[2024-11-18T03:03:12.722+0000] {logging_mixin.py:190} INFO - [2024-11-18T03:03:12.722+0000] {dagbag.py:587} INFO - Filling up the DagBag from /home/airflow/.local/lib/python3.12/site-packages/airflow/example_dags/example_latest_only_with_trigger.py
[2024-11-18T03:03:12.754+0000] {processor.py:925} INFO - DAG(s) 'latest_only_with_trigger' retrieved from /home/airflow/.local/lib/python3.12/site-packages/airflow/example_dags/example_latest_only_with_trigger.py
[2024-11-18T03:03:12.837+0000] {logging_mixin.py:190} INFO - [2024-11-18T03:03:12.837+0000] {dag.py:3229} INFO - Sync 1 DAGs
[2024-11-18T03:03:12.920+0000] {logging_mixin.py:190} INFO - [2024-11-18T03:03:12.920+0000] {dag.py:4156} INFO - Setting next_dagrun for latest_only_with_trigger to 2024-11-17 20:00:00+00:00, run_after=2024-11-18 00:00:00+00:00
[2024-11-18T03:03:12.996+0000] {processor.py:208} INFO - Processing /home/airflow/.local/lib/python3.12/site-packages/airflow/example_dags/example_latest_only_with_trigger.py took 0.316 seconds
[2024-11-18T03:03:43.559+0000] {processor.py:186} INFO - Started process (PID=1070) to work on /home/airflow/.local/lib/python3.12/site-packages/airflow/example_dags/example_latest_only_with_trigger.py
[2024-11-18T03:03:43.563+0000] {processor.py:914} INFO - Processing file /home/airflow/.local/lib/python3.12/site-packages/airflow/example_dags/example_latest_only_with_trigger.py for tasks to queue
[2024-11-18T03:03:43.571+0000] {logging_mixin.py:190} INFO - [2024-11-18T03:03:43.571+0000] {dagbag.py:587} INFO - Filling up the DagBag from /home/airflow/.local/lib/python3.12/site-packages/airflow/example_dags/example_latest_only_with_trigger.py
[2024-11-18T03:03:43.606+0000] {processor.py:925} INFO - DAG(s) 'latest_only_with_trigger' retrieved from /home/airflow/.local/lib/python3.12/site-packages/airflow/example_dags/example_latest_only_with_trigger.py
[2024-11-18T03:03:43.705+0000] {logging_mixin.py:190} INFO - [2024-11-18T03:03:43.704+0000] {dag.py:3229} INFO - Sync 1 DAGs
[2024-11-18T03:03:43.795+0000] {logging_mixin.py:190} INFO - [2024-11-18T03:03:43.795+0000] {dag.py:4156} INFO - Setting next_dagrun for latest_only_with_trigger to 2024-11-17 20:00:00+00:00, run_after=2024-11-18 00:00:00+00:00
[2024-11-18T03:03:43.946+0000] {processor.py:208} INFO - Processing /home/airflow/.local/lib/python3.12/site-packages/airflow/example_dags/example_latest_only_with_trigger.py took 0.412 seconds
[2024-11-18T03:04:14.531+0000] {processor.py:186} INFO - Started process (PID=1132) to work on /home/airflow/.local/lib/python3.12/site-packages/airflow/example_dags/example_latest_only_with_trigger.py
[2024-11-18T03:04:14.535+0000] {processor.py:914} INFO - Processing file /home/airflow/.local/lib/python3.12/site-packages/airflow/example_dags/example_latest_only_with_trigger.py for tasks to queue
[2024-11-18T03:04:14.539+0000] {logging_mixin.py:190} INFO - [2024-11-18T03:04:14.539+0000] {dagbag.py:587} INFO - Filling up the DagBag from /home/airflow/.local/lib/python3.12/site-packages/airflow/example_dags/example_latest_only_with_trigger.py
[2024-11-18T03:04:14.553+0000] {processor.py:925} INFO - DAG(s) 'latest_only_with_trigger' retrieved from /home/airflow/.local/lib/python3.12/site-packages/airflow/example_dags/example_latest_only_with_trigger.py
[2024-11-18T03:04:14.588+0000] {logging_mixin.py:190} INFO - [2024-11-18T03:04:14.588+0000] {dag.py:3229} INFO - Sync 1 DAGs
[2024-11-18T03:04:14.629+0000] {logging_mixin.py:190} INFO - [2024-11-18T03:04:14.628+0000] {dag.py:4156} INFO - Setting next_dagrun for latest_only_with_trigger to 2024-11-17 20:00:00+00:00, run_after=2024-11-18 00:00:00+00:00
[2024-11-18T03:04:14.664+0000] {processor.py:208} INFO - Processing /home/airflow/.local/lib/python3.12/site-packages/airflow/example_dags/example_latest_only_with_trigger.py took 0.145 seconds
[2024-11-18T03:04:45.046+0000] {processor.py:186} INFO - Started process (PID=1194) to work on /home/airflow/.local/lib/python3.12/site-packages/airflow/example_dags/example_latest_only_with_trigger.py
[2024-11-18T03:04:45.046+0000] {processor.py:914} INFO - Processing file /home/airflow/.local/lib/python3.12/site-packages/airflow/example_dags/example_latest_only_with_trigger.py for tasks to queue
[2024-11-18T03:04:45.052+0000] {logging_mixin.py:190} INFO - [2024-11-18T03:04:45.052+0000] {dagbag.py:587} INFO - Filling up the DagBag from /home/airflow/.local/lib/python3.12/site-packages/airflow/example_dags/example_latest_only_with_trigger.py
[2024-11-18T03:04:45.068+0000] {processor.py:925} INFO - DAG(s) 'latest_only_with_trigger' retrieved from /home/airflow/.local/lib/python3.12/site-packages/airflow/example_dags/example_latest_only_with_trigger.py
[2024-11-18T03:04:45.107+0000] {logging_mixin.py:190} INFO - [2024-11-18T03:04:45.107+0000] {dag.py:3229} INFO - Sync 1 DAGs
[2024-11-18T03:04:45.149+0000] {logging_mixin.py:190} INFO - [2024-11-18T03:04:45.147+0000] {dag.py:4156} INFO - Setting next_dagrun for latest_only_with_trigger to 2024-11-17 20:00:00+00:00, run_after=2024-11-18 00:00:00+00:00
[2024-11-18T03:04:45.193+0000] {processor.py:208} INFO - Processing /home/airflow/.local/lib/python3.12/site-packages/airflow/example_dags/example_latest_only_with_trigger.py took 0.161 seconds
[2024-11-18T03:05:15.435+0000] {processor.py:186} INFO - Started process (PID=1256) to work on /home/airflow/.local/lib/python3.12/site-packages/airflow/example_dags/example_latest_only_with_trigger.py
[2024-11-18T03:05:15.438+0000] {processor.py:914} INFO - Processing file /home/airflow/.local/lib/python3.12/site-packages/airflow/example_dags/example_latest_only_with_trigger.py for tasks to queue
[2024-11-18T03:05:15.442+0000] {logging_mixin.py:190} INFO - [2024-11-18T03:05:15.442+0000] {dagbag.py:587} INFO - Filling up the DagBag from /home/airflow/.local/lib/python3.12/site-packages/airflow/example_dags/example_latest_only_with_trigger.py
[2024-11-18T03:05:15.458+0000] {processor.py:925} INFO - DAG(s) 'latest_only_with_trigger' retrieved from /home/airflow/.local/lib/python3.12/site-packages/airflow/example_dags/example_latest_only_with_trigger.py
[2024-11-18T03:05:15.505+0000] {logging_mixin.py:190} INFO - [2024-11-18T03:05:15.504+0000] {dag.py:3229} INFO - Sync 1 DAGs
[2024-11-18T03:05:15.556+0000] {logging_mixin.py:190} INFO - [2024-11-18T03:05:15.556+0000] {dag.py:4156} INFO - Setting next_dagrun for latest_only_with_trigger to 2024-11-17 20:00:00+00:00, run_after=2024-11-18 00:00:00+00:00
[2024-11-18T03:05:15.595+0000] {processor.py:208} INFO - Processing /home/airflow/.local/lib/python3.12/site-packages/airflow/example_dags/example_latest_only_with_trigger.py took 0.173 seconds
[2024-11-18T03:05:45.751+0000] {processor.py:186} INFO - Started process (PID=1318) to work on /home/airflow/.local/lib/python3.12/site-packages/airflow/example_dags/example_latest_only_with_trigger.py
[2024-11-18T03:05:45.753+0000] {processor.py:914} INFO - Processing file /home/airflow/.local/lib/python3.12/site-packages/airflow/example_dags/example_latest_only_with_trigger.py for tasks to queue
[2024-11-18T03:05:45.758+0000] {logging_mixin.py:190} INFO - [2024-11-18T03:05:45.756+0000] {dagbag.py:587} INFO - Filling up the DagBag from /home/airflow/.local/lib/python3.12/site-packages/airflow/example_dags/example_latest_only_with_trigger.py
[2024-11-18T03:05:45.774+0000] {processor.py:925} INFO - DAG(s) 'latest_only_with_trigger' retrieved from /home/airflow/.local/lib/python3.12/site-packages/airflow/example_dags/example_latest_only_with_trigger.py
[2024-11-18T03:05:45.840+0000] {logging_mixin.py:190} INFO - [2024-11-18T03:05:45.840+0000] {dag.py:3229} INFO - Sync 1 DAGs
[2024-11-18T03:05:45.891+0000] {logging_mixin.py:190} INFO - [2024-11-18T03:05:45.891+0000] {dag.py:4156} INFO - Setting next_dagrun for latest_only_with_trigger to 2024-11-17 20:00:00+00:00, run_after=2024-11-18 00:00:00+00:00
[2024-11-18T03:05:45.925+0000] {processor.py:208} INFO - Processing /home/airflow/.local/lib/python3.12/site-packages/airflow/example_dags/example_latest_only_with_trigger.py took 0.186 seconds
[2024-11-18T03:06:16.267+0000] {processor.py:186} INFO - Started process (PID=1380) to work on /home/airflow/.local/lib/python3.12/site-packages/airflow/example_dags/example_latest_only_with_trigger.py
[2024-11-18T03:06:16.269+0000] {processor.py:914} INFO - Processing file /home/airflow/.local/lib/python3.12/site-packages/airflow/example_dags/example_latest_only_with_trigger.py for tasks to queue
[2024-11-18T03:06:16.273+0000] {logging_mixin.py:190} INFO - [2024-11-18T03:06:16.273+0000] {dagbag.py:587} INFO - Filling up the DagBag from /home/airflow/.local/lib/python3.12/site-packages/airflow/example_dags/example_latest_only_with_trigger.py
[2024-11-18T03:06:16.285+0000] {processor.py:925} INFO - DAG(s) 'latest_only_with_trigger' retrieved from /home/airflow/.local/lib/python3.12/site-packages/airflow/example_dags/example_latest_only_with_trigger.py
[2024-11-18T03:06:16.327+0000] {logging_mixin.py:190} INFO - [2024-11-18T03:06:16.326+0000] {dag.py:3229} INFO - Sync 1 DAGs
[2024-11-18T03:06:16.391+0000] {logging_mixin.py:190} INFO - [2024-11-18T03:06:16.391+0000] {dag.py:4156} INFO - Setting next_dagrun for latest_only_with_trigger to 2024-11-17 20:00:00+00:00, run_after=2024-11-18 00:00:00+00:00
[2024-11-18T03:06:16.422+0000] {processor.py:208} INFO - Processing /home/airflow/.local/lib/python3.12/site-packages/airflow/example_dags/example_latest_only_with_trigger.py took 0.167 seconds
[2024-11-18T03:06:47.021+0000] {processor.py:186} INFO - Started process (PID=1441) to work on /home/airflow/.local/lib/python3.12/site-packages/airflow/example_dags/example_latest_only_with_trigger.py
[2024-11-18T03:06:47.024+0000] {processor.py:914} INFO - Processing file /home/airflow/.local/lib/python3.12/site-packages/airflow/example_dags/example_latest_only_with_trigger.py for tasks to queue
[2024-11-18T03:06:47.028+0000] {logging_mixin.py:190} INFO - [2024-11-18T03:06:47.028+0000] {dagbag.py:587} INFO - Filling up the DagBag from /home/airflow/.local/lib/python3.12/site-packages/airflow/example_dags/example_latest_only_with_trigger.py
[2024-11-18T03:06:47.044+0000] {processor.py:925} INFO - DAG(s) 'latest_only_with_trigger' retrieved from /home/airflow/.local/lib/python3.12/site-packages/airflow/example_dags/example_latest_only_with_trigger.py
[2024-11-18T03:06:47.083+0000] {logging_mixin.py:190} INFO - [2024-11-18T03:06:47.082+0000] {dag.py:3229} INFO - Sync 1 DAGs
[2024-11-18T03:06:47.126+0000] {logging_mixin.py:190} INFO - [2024-11-18T03:06:47.125+0000] {dag.py:4156} INFO - Setting next_dagrun for latest_only_with_trigger to 2024-11-17 20:00:00+00:00, run_after=2024-11-18 00:00:00+00:00
[2024-11-18T03:06:47.159+0000] {processor.py:208} INFO - Processing /home/airflow/.local/lib/python3.12/site-packages/airflow/example_dags/example_latest_only_with_trigger.py took 0.150 seconds
[2024-11-18T03:07:17.289+0000] {processor.py:186} INFO - Started process (PID=1502) to work on /home/airflow/.local/lib/python3.12/site-packages/airflow/example_dags/example_latest_only_with_trigger.py
[2024-11-18T03:07:17.293+0000] {processor.py:914} INFO - Processing file /home/airflow/.local/lib/python3.12/site-packages/airflow/example_dags/example_latest_only_with_trigger.py for tasks to queue
[2024-11-18T03:07:17.301+0000] {logging_mixin.py:190} INFO - [2024-11-18T03:07:17.301+0000] {dagbag.py:587} INFO - Filling up the DagBag from /home/airflow/.local/lib/python3.12/site-packages/airflow/example_dags/example_latest_only_with_trigger.py
[2024-11-18T03:07:17.333+0000] {processor.py:925} INFO - DAG(s) 'latest_only_with_trigger' retrieved from /home/airflow/.local/lib/python3.12/site-packages/airflow/example_dags/example_latest_only_with_trigger.py
[2024-11-18T03:07:17.417+0000] {logging_mixin.py:190} INFO - [2024-11-18T03:07:17.417+0000] {dag.py:3229} INFO - Sync 1 DAGs
[2024-11-18T03:07:17.506+0000] {logging_mixin.py:190} INFO - [2024-11-18T03:07:17.505+0000] {dag.py:4156} INFO - Setting next_dagrun for latest_only_with_trigger to 2024-11-17 20:00:00+00:00, run_after=2024-11-18 00:00:00+00:00
[2024-11-18T03:07:17.563+0000] {processor.py:208} INFO - Processing /home/airflow/.local/lib/python3.12/site-packages/airflow/example_dags/example_latest_only_with_trigger.py took 0.302 seconds
[2024-11-18T03:07:48.247+0000] {processor.py:186} INFO - Started process (PID=1563) to work on /home/airflow/.local/lib/python3.12/site-packages/airflow/example_dags/example_latest_only_with_trigger.py
[2024-11-18T03:07:48.252+0000] {processor.py:914} INFO - Processing file /home/airflow/.local/lib/python3.12/site-packages/airflow/example_dags/example_latest_only_with_trigger.py for tasks to queue
[2024-11-18T03:07:48.264+0000] {logging_mixin.py:190} INFO - [2024-11-18T03:07:48.260+0000] {dagbag.py:587} INFO - Filling up the DagBag from /home/airflow/.local/lib/python3.12/site-packages/airflow/example_dags/example_latest_only_with_trigger.py
[2024-11-18T03:07:48.296+0000] {processor.py:925} INFO - DAG(s) 'latest_only_with_trigger' retrieved from /home/airflow/.local/lib/python3.12/site-packages/airflow/example_dags/example_latest_only_with_trigger.py
[2024-11-18T03:07:48.374+0000] {logging_mixin.py:190} INFO - [2024-11-18T03:07:48.374+0000] {dag.py:3229} INFO - Sync 1 DAGs
[2024-11-18T03:07:48.469+0000] {logging_mixin.py:190} INFO - [2024-11-18T03:07:48.469+0000] {dag.py:4156} INFO - Setting next_dagrun for latest_only_with_trigger to 2024-11-17 20:00:00+00:00, run_after=2024-11-18 00:00:00+00:00
[2024-11-18T03:07:48.543+0000] {processor.py:208} INFO - Processing /home/airflow/.local/lib/python3.12/site-packages/airflow/example_dags/example_latest_only_with_trigger.py took 0.342 seconds
[2024-11-18T03:08:19.067+0000] {processor.py:186} INFO - Started process (PID=1625) to work on /home/airflow/.local/lib/python3.12/site-packages/airflow/example_dags/example_latest_only_with_trigger.py
[2024-11-18T03:08:19.071+0000] {processor.py:914} INFO - Processing file /home/airflow/.local/lib/python3.12/site-packages/airflow/example_dags/example_latest_only_with_trigger.py for tasks to queue
[2024-11-18T03:08:19.079+0000] {logging_mixin.py:190} INFO - [2024-11-18T03:08:19.077+0000] {dagbag.py:587} INFO - Filling up the DagBag from /home/airflow/.local/lib/python3.12/site-packages/airflow/example_dags/example_latest_only_with_trigger.py
[2024-11-18T03:08:19.097+0000] {processor.py:925} INFO - DAG(s) 'latest_only_with_trigger' retrieved from /home/airflow/.local/lib/python3.12/site-packages/airflow/example_dags/example_latest_only_with_trigger.py
[2024-11-18T03:08:19.141+0000] {logging_mixin.py:190} INFO - [2024-11-18T03:08:19.141+0000] {dag.py:3229} INFO - Sync 1 DAGs
[2024-11-18T03:08:19.186+0000] {logging_mixin.py:190} INFO - [2024-11-18T03:08:19.186+0000] {dag.py:4156} INFO - Setting next_dagrun for latest_only_with_trigger to 2024-11-17 20:00:00+00:00, run_after=2024-11-18 00:00:00+00:00
[2024-11-18T03:08:19.256+0000] {processor.py:208} INFO - Processing /home/airflow/.local/lib/python3.12/site-packages/airflow/example_dags/example_latest_only_with_trigger.py took 0.212 seconds
[2024-11-18T03:08:50.259+0000] {processor.py:186} INFO - Started process (PID=1689) to work on /home/airflow/.local/lib/python3.12/site-packages/airflow/example_dags/example_latest_only_with_trigger.py
[2024-11-18T03:08:50.261+0000] {processor.py:914} INFO - Processing file /home/airflow/.local/lib/python3.12/site-packages/airflow/example_dags/example_latest_only_with_trigger.py for tasks to queue
[2024-11-18T03:08:50.265+0000] {logging_mixin.py:190} INFO - [2024-11-18T03:08:50.265+0000] {dagbag.py:587} INFO - Filling up the DagBag from /home/airflow/.local/lib/python3.12/site-packages/airflow/example_dags/example_latest_only_with_trigger.py
[2024-11-18T03:08:50.279+0000] {processor.py:925} INFO - DAG(s) 'latest_only_with_trigger' retrieved from /home/airflow/.local/lib/python3.12/site-packages/airflow/example_dags/example_latest_only_with_trigger.py
[2024-11-18T03:08:50.316+0000] {logging_mixin.py:190} INFO - [2024-11-18T03:08:50.315+0000] {dag.py:3229} INFO - Sync 1 DAGs
[2024-11-18T03:08:50.358+0000] {logging_mixin.py:190} INFO - [2024-11-18T03:08:50.358+0000] {dag.py:4156} INFO - Setting next_dagrun for latest_only_with_trigger to 2024-11-17 20:00:00+00:00, run_after=2024-11-18 00:00:00+00:00
[2024-11-18T03:08:50.392+0000] {processor.py:208} INFO - Processing /home/airflow/.local/lib/python3.12/site-packages/airflow/example_dags/example_latest_only_with_trigger.py took 0.150 seconds
[2024-11-18T03:09:21.229+0000] {processor.py:186} INFO - Started process (PID=1751) to work on /home/airflow/.local/lib/python3.12/site-packages/airflow/example_dags/example_latest_only_with_trigger.py
[2024-11-18T03:09:21.232+0000] {processor.py:914} INFO - Processing file /home/airflow/.local/lib/python3.12/site-packages/airflow/example_dags/example_latest_only_with_trigger.py for tasks to queue
[2024-11-18T03:09:21.236+0000] {logging_mixin.py:190} INFO - [2024-11-18T03:09:21.236+0000] {dagbag.py:587} INFO - Filling up the DagBag from /home/airflow/.local/lib/python3.12/site-packages/airflow/example_dags/example_latest_only_with_trigger.py
[2024-11-18T03:09:21.251+0000] {processor.py:925} INFO - DAG(s) 'latest_only_with_trigger' retrieved from /home/airflow/.local/lib/python3.12/site-packages/airflow/example_dags/example_latest_only_with_trigger.py
[2024-11-18T03:09:21.299+0000] {logging_mixin.py:190} INFO - [2024-11-18T03:09:21.299+0000] {dag.py:3229} INFO - Sync 1 DAGs
[2024-11-18T03:09:21.345+0000] {logging_mixin.py:190} INFO - [2024-11-18T03:09:21.345+0000] {dag.py:4156} INFO - Setting next_dagrun for latest_only_with_trigger to 2024-11-17 20:00:00+00:00, run_after=2024-11-18 00:00:00+00:00
[2024-11-18T03:09:21.383+0000] {processor.py:208} INFO - Processing /home/airflow/.local/lib/python3.12/site-packages/airflow/example_dags/example_latest_only_with_trigger.py took 0.171 seconds
[2024-11-18T03:09:51.570+0000] {processor.py:186} INFO - Started process (PID=1814) to work on /home/airflow/.local/lib/python3.12/site-packages/airflow/example_dags/example_latest_only_with_trigger.py
[2024-11-18T03:09:51.574+0000] {processor.py:914} INFO - Processing file /home/airflow/.local/lib/python3.12/site-packages/airflow/example_dags/example_latest_only_with_trigger.py for tasks to queue
[2024-11-18T03:09:51.583+0000] {logging_mixin.py:190} INFO - [2024-11-18T03:09:51.582+0000] {dagbag.py:587} INFO - Filling up the DagBag from /home/airflow/.local/lib/python3.12/site-packages/airflow/example_dags/example_latest_only_with_trigger.py
[2024-11-18T03:09:51.625+0000] {processor.py:925} INFO - DAG(s) 'latest_only_with_trigger' retrieved from /home/airflow/.local/lib/python3.12/site-packages/airflow/example_dags/example_latest_only_with_trigger.py
[2024-11-18T03:09:51.733+0000] {logging_mixin.py:190} INFO - [2024-11-18T03:09:51.733+0000] {dag.py:3229} INFO - Sync 1 DAGs
[2024-11-18T03:09:51.871+0000] {logging_mixin.py:190} INFO - [2024-11-18T03:09:51.869+0000] {dag.py:4156} INFO - Setting next_dagrun for latest_only_with_trigger to 2024-11-17 20:00:00+00:00, run_after=2024-11-18 00:00:00+00:00
[2024-11-18T03:09:51.921+0000] {processor.py:208} INFO - Processing /home/airflow/.local/lib/python3.12/site-packages/airflow/example_dags/example_latest_only_with_trigger.py took 0.373 seconds
[2024-11-18T03:10:22.882+0000] {processor.py:186} INFO - Started process (PID=1883) to work on /home/airflow/.local/lib/python3.12/site-packages/airflow/example_dags/example_latest_only_with_trigger.py
[2024-11-18T03:10:22.883+0000] {processor.py:914} INFO - Processing file /home/airflow/.local/lib/python3.12/site-packages/airflow/example_dags/example_latest_only_with_trigger.py for tasks to queue
[2024-11-18T03:10:22.889+0000] {logging_mixin.py:190} INFO - [2024-11-18T03:10:22.887+0000] {dagbag.py:587} INFO - Filling up the DagBag from /home/airflow/.local/lib/python3.12/site-packages/airflow/example_dags/example_latest_only_with_trigger.py
[2024-11-18T03:10:22.905+0000] {processor.py:925} INFO - DAG(s) 'latest_only_with_trigger' retrieved from /home/airflow/.local/lib/python3.12/site-packages/airflow/example_dags/example_latest_only_with_trigger.py
[2024-11-18T03:10:22.945+0000] {logging_mixin.py:190} INFO - [2024-11-18T03:10:22.945+0000] {dag.py:3229} INFO - Sync 1 DAGs
[2024-11-18T03:10:22.989+0000] {logging_mixin.py:190} INFO - [2024-11-18T03:10:22.987+0000] {dag.py:4156} INFO - Setting next_dagrun for latest_only_with_trigger to 2024-11-17 20:00:00+00:00, run_after=2024-11-18 00:00:00+00:00
[2024-11-18T03:10:23.023+0000] {processor.py:208} INFO - Processing /home/airflow/.local/lib/python3.12/site-packages/airflow/example_dags/example_latest_only_with_trigger.py took 0.158 seconds
[2024-11-18T03:10:56.203+0000] {processor.py:186} INFO - Started process (PID=1945) to work on /home/airflow/.local/lib/python3.12/site-packages/airflow/example_dags/example_latest_only_with_trigger.py
[2024-11-18T03:10:56.237+0000] {processor.py:914} INFO - Processing file /home/airflow/.local/lib/python3.12/site-packages/airflow/example_dags/example_latest_only_with_trigger.py for tasks to queue
[2024-11-18T03:10:56.271+0000] {logging_mixin.py:190} INFO - [2024-11-18T03:10:56.263+0000] {dagbag.py:587} INFO - Filling up the DagBag from /home/airflow/.local/lib/python3.12/site-packages/airflow/example_dags/example_latest_only_with_trigger.py
[2024-11-18T03:10:56.379+0000] {processor.py:925} INFO - DAG(s) 'latest_only_with_trigger' retrieved from /home/airflow/.local/lib/python3.12/site-packages/airflow/example_dags/example_latest_only_with_trigger.py
[2024-11-18T03:10:56.600+0000] {logging_mixin.py:190} INFO - [2024-11-18T03:10:56.600+0000] {dag.py:3229} INFO - Sync 1 DAGs
[2024-11-18T03:10:56.878+0000] {logging_mixin.py:190} INFO - [2024-11-18T03:10:56.871+0000] {dag.py:4156} INFO - Setting next_dagrun for latest_only_with_trigger to 2024-11-17 20:00:00+00:00, run_after=2024-11-18 00:00:00+00:00
[2024-11-18T03:10:57.084+0000] {processor.py:208} INFO - Processing /home/airflow/.local/lib/python3.12/site-packages/airflow/example_dags/example_latest_only_with_trigger.py took 0.962 seconds
[2024-11-18T03:11:27.679+0000] {processor.py:186} INFO - Started process (PID=2007) to work on /home/airflow/.local/lib/python3.12/site-packages/airflow/example_dags/example_latest_only_with_trigger.py
[2024-11-18T03:11:27.686+0000] {processor.py:914} INFO - Processing file /home/airflow/.local/lib/python3.12/site-packages/airflow/example_dags/example_latest_only_with_trigger.py for tasks to queue
[2024-11-18T03:11:27.707+0000] {logging_mixin.py:190} INFO - [2024-11-18T03:11:27.705+0000] {dagbag.py:587} INFO - Filling up the DagBag from /home/airflow/.local/lib/python3.12/site-packages/airflow/example_dags/example_latest_only_with_trigger.py
[2024-11-18T03:11:27.745+0000] {processor.py:925} INFO - DAG(s) 'latest_only_with_trigger' retrieved from /home/airflow/.local/lib/python3.12/site-packages/airflow/example_dags/example_latest_only_with_trigger.py
[2024-11-18T03:11:27.799+0000] {logging_mixin.py:190} INFO - [2024-11-18T03:11:27.799+0000] {dag.py:3229} INFO - Sync 1 DAGs
[2024-11-18T03:11:27.864+0000] {logging_mixin.py:190} INFO - [2024-11-18T03:11:27.864+0000] {dag.py:4156} INFO - Setting next_dagrun for latest_only_with_trigger to 2024-11-17 20:00:00+00:00, run_after=2024-11-18 00:00:00+00:00
[2024-11-18T03:11:27.938+0000] {processor.py:208} INFO - Processing /home/airflow/.local/lib/python3.12/site-packages/airflow/example_dags/example_latest_only_with_trigger.py took 0.274 seconds
[2024-11-18T03:11:58.479+0000] {processor.py:186} INFO - Started process (PID=2069) to work on /home/airflow/.local/lib/python3.12/site-packages/airflow/example_dags/example_latest_only_with_trigger.py
[2024-11-18T03:11:58.507+0000] {processor.py:914} INFO - Processing file /home/airflow/.local/lib/python3.12/site-packages/airflow/example_dags/example_latest_only_with_trigger.py for tasks to queue
[2024-11-18T03:11:58.528+0000] {logging_mixin.py:190} INFO - [2024-11-18T03:11:58.520+0000] {dagbag.py:587} INFO - Filling up the DagBag from /home/airflow/.local/lib/python3.12/site-packages/airflow/example_dags/example_latest_only_with_trigger.py
[2024-11-18T03:11:58.590+0000] {processor.py:925} INFO - DAG(s) 'latest_only_with_trigger' retrieved from /home/airflow/.local/lib/python3.12/site-packages/airflow/example_dags/example_latest_only_with_trigger.py
[2024-11-18T03:11:58.674+0000] {logging_mixin.py:190} INFO - [2024-11-18T03:11:58.672+0000] {dag.py:3229} INFO - Sync 1 DAGs
[2024-11-18T03:11:58.900+0000] {logging_mixin.py:190} INFO - [2024-11-18T03:11:58.889+0000] {dag.py:4156} INFO - Setting next_dagrun for latest_only_with_trigger to 2024-11-17 20:00:00+00:00, run_after=2024-11-18 00:00:00+00:00
[2024-11-18T03:11:59.022+0000] {processor.py:208} INFO - Processing /home/airflow/.local/lib/python3.12/site-packages/airflow/example_dags/example_latest_only_with_trigger.py took 0.563 seconds
[2024-11-18T03:12:29.512+0000] {processor.py:186} INFO - Started process (PID=2132) to work on /home/airflow/.local/lib/python3.12/site-packages/airflow/example_dags/example_latest_only_with_trigger.py
[2024-11-18T03:12:29.512+0000] {processor.py:914} INFO - Processing file /home/airflow/.local/lib/python3.12/site-packages/airflow/example_dags/example_latest_only_with_trigger.py for tasks to queue
[2024-11-18T03:12:29.527+0000] {logging_mixin.py:190} INFO - [2024-11-18T03:12:29.516+0000] {dagbag.py:587} INFO - Filling up the DagBag from /home/airflow/.local/lib/python3.12/site-packages/airflow/example_dags/example_latest_only_with_trigger.py
[2024-11-18T03:12:29.611+0000] {processor.py:925} INFO - DAG(s) 'latest_only_with_trigger' retrieved from /home/airflow/.local/lib/python3.12/site-packages/airflow/example_dags/example_latest_only_with_trigger.py
[2024-11-18T03:12:29.708+0000] {logging_mixin.py:190} INFO - [2024-11-18T03:12:29.708+0000] {dag.py:3229} INFO - Sync 1 DAGs
[2024-11-18T03:12:29.816+0000] {logging_mixin.py:190} INFO - [2024-11-18T03:12:29.815+0000] {dag.py:4156} INFO - Setting next_dagrun for latest_only_with_trigger to 2024-11-17 20:00:00+00:00, run_after=2024-11-18 00:00:00+00:00
[2024-11-18T03:12:29.871+0000] {processor.py:208} INFO - Processing /home/airflow/.local/lib/python3.12/site-packages/airflow/example_dags/example_latest_only_with_trigger.py took 0.367 seconds
[2024-11-18T03:13:01.784+0000] {processor.py:186} INFO - Started process (PID=2194) to work on /home/airflow/.local/lib/python3.12/site-packages/airflow/example_dags/example_latest_only_with_trigger.py
[2024-11-18T03:13:01.815+0000] {processor.py:914} INFO - Processing file /home/airflow/.local/lib/python3.12/site-packages/airflow/example_dags/example_latest_only_with_trigger.py for tasks to queue
[2024-11-18T03:13:01.875+0000] {logging_mixin.py:190} INFO - [2024-11-18T03:13:01.851+0000] {dagbag.py:587} INFO - Filling up the DagBag from /home/airflow/.local/lib/python3.12/site-packages/airflow/example_dags/example_latest_only_with_trigger.py
[2024-11-18T03:13:01.955+0000] {processor.py:925} INFO - DAG(s) 'latest_only_with_trigger' retrieved from /home/airflow/.local/lib/python3.12/site-packages/airflow/example_dags/example_latest_only_with_trigger.py
[2024-11-18T03:13:02.041+0000] {logging_mixin.py:190} INFO - [2024-11-18T03:13:02.033+0000] {dag.py:3229} INFO - Sync 1 DAGs
[2024-11-18T03:13:02.264+0000] {logging_mixin.py:190} INFO - [2024-11-18T03:13:02.264+0000] {dag.py:4156} INFO - Setting next_dagrun for latest_only_with_trigger to 2024-11-17 20:00:00+00:00, run_after=2024-11-18 00:00:00+00:00
[2024-11-18T03:13:02.415+0000] {processor.py:208} INFO - Processing /home/airflow/.local/lib/python3.12/site-packages/airflow/example_dags/example_latest_only_with_trigger.py took 0.707 seconds
[2024-11-18T03:13:32.948+0000] {processor.py:186} INFO - Started process (PID=2256) to work on /home/airflow/.local/lib/python3.12/site-packages/airflow/example_dags/example_latest_only_with_trigger.py
[2024-11-18T03:13:32.950+0000] {processor.py:914} INFO - Processing file /home/airflow/.local/lib/python3.12/site-packages/airflow/example_dags/example_latest_only_with_trigger.py for tasks to queue
[2024-11-18T03:13:32.956+0000] {logging_mixin.py:190} INFO - [2024-11-18T03:13:32.954+0000] {dagbag.py:587} INFO - Filling up the DagBag from /home/airflow/.local/lib/python3.12/site-packages/airflow/example_dags/example_latest_only_with_trigger.py
[2024-11-18T03:13:33.042+0000] {processor.py:925} INFO - DAG(s) 'latest_only_with_trigger' retrieved from /home/airflow/.local/lib/python3.12/site-packages/airflow/example_dags/example_latest_only_with_trigger.py
[2024-11-18T03:13:33.110+0000] {logging_mixin.py:190} INFO - [2024-11-18T03:13:33.110+0000] {dag.py:3229} INFO - Sync 1 DAGs
[2024-11-18T03:13:33.263+0000] {logging_mixin.py:190} INFO - [2024-11-18T03:13:33.261+0000] {dag.py:4156} INFO - Setting next_dagrun for latest_only_with_trigger to 2024-11-17 20:00:00+00:00, run_after=2024-11-18 00:00:00+00:00
[2024-11-18T03:13:33.407+0000] {processor.py:208} INFO - Processing /home/airflow/.local/lib/python3.12/site-packages/airflow/example_dags/example_latest_only_with_trigger.py took 0.477 seconds
[2024-11-18T03:14:03.966+0000] {processor.py:186} INFO - Started process (PID=2317) to work on /home/airflow/.local/lib/python3.12/site-packages/airflow/example_dags/example_latest_only_with_trigger.py
[2024-11-18T03:14:03.988+0000] {processor.py:914} INFO - Processing file /home/airflow/.local/lib/python3.12/site-packages/airflow/example_dags/example_latest_only_with_trigger.py for tasks to queue
[2024-11-18T03:14:04.019+0000] {logging_mixin.py:190} INFO - [2024-11-18T03:14:04.019+0000] {dagbag.py:587} INFO - Filling up the DagBag from /home/airflow/.local/lib/python3.12/site-packages/airflow/example_dags/example_latest_only_with_trigger.py
[2024-11-18T03:14:04.144+0000] {processor.py:925} INFO - DAG(s) 'latest_only_with_trigger' retrieved from /home/airflow/.local/lib/python3.12/site-packages/airflow/example_dags/example_latest_only_with_trigger.py
[2024-11-18T03:14:04.374+0000] {logging_mixin.py:190} INFO - [2024-11-18T03:14:04.368+0000] {dag.py:3229} INFO - Sync 1 DAGs
[2024-11-18T03:14:04.596+0000] {logging_mixin.py:190} INFO - [2024-11-18T03:14:04.596+0000] {dag.py:4156} INFO - Setting next_dagrun for latest_only_with_trigger to 2024-11-17 20:00:00+00:00, run_after=2024-11-18 00:00:00+00:00
[2024-11-18T03:14:04.728+0000] {processor.py:208} INFO - Processing /home/airflow/.local/lib/python3.12/site-packages/airflow/example_dags/example_latest_only_with_trigger.py took 0.782 seconds
[2024-11-18T03:14:37.121+0000] {processor.py:186} INFO - Started process (PID=2379) to work on /home/airflow/.local/lib/python3.12/site-packages/airflow/example_dags/example_latest_only_with_trigger.py
[2024-11-18T03:14:37.163+0000] {processor.py:914} INFO - Processing file /home/airflow/.local/lib/python3.12/site-packages/airflow/example_dags/example_latest_only_with_trigger.py for tasks to queue
[2024-11-18T03:14:37.199+0000] {logging_mixin.py:190} INFO - [2024-11-18T03:14:37.186+0000] {dagbag.py:587} INFO - Filling up the DagBag from /home/airflow/.local/lib/python3.12/site-packages/airflow/example_dags/example_latest_only_with_trigger.py
[2024-11-18T03:14:37.274+0000] {processor.py:925} INFO - DAG(s) 'latest_only_with_trigger' retrieved from /home/airflow/.local/lib/python3.12/site-packages/airflow/example_dags/example_latest_only_with_trigger.py
[2024-11-18T03:14:37.360+0000] {logging_mixin.py:190} INFO - [2024-11-18T03:14:37.360+0000] {dag.py:3229} INFO - Sync 1 DAGs
[2024-11-18T03:14:37.465+0000] {logging_mixin.py:190} INFO - [2024-11-18T03:14:37.464+0000] {dag.py:4156} INFO - Setting next_dagrun for latest_only_with_trigger to 2024-11-17 20:00:00+00:00, run_after=2024-11-18 00:00:00+00:00
[2024-11-18T03:14:37.583+0000] {processor.py:208} INFO - Processing /home/airflow/.local/lib/python3.12/site-packages/airflow/example_dags/example_latest_only_with_trigger.py took 0.476 seconds
[2024-11-18T03:15:10.563+0000] {processor.py:186} INFO - Started process (PID=2441) to work on /home/airflow/.local/lib/python3.12/site-packages/airflow/example_dags/example_latest_only_with_trigger.py
[2024-11-18T03:15:10.565+0000] {processor.py:914} INFO - Processing file /home/airflow/.local/lib/python3.12/site-packages/airflow/example_dags/example_latest_only_with_trigger.py for tasks to queue
[2024-11-18T03:15:10.571+0000] {logging_mixin.py:190} INFO - [2024-11-18T03:15:10.571+0000] {dagbag.py:587} INFO - Filling up the DagBag from /home/airflow/.local/lib/python3.12/site-packages/airflow/example_dags/example_latest_only_with_trigger.py
[2024-11-18T03:15:10.667+0000] {processor.py:925} INFO - DAG(s) 'latest_only_with_trigger' retrieved from /home/airflow/.local/lib/python3.12/site-packages/airflow/example_dags/example_latest_only_with_trigger.py
[2024-11-18T03:15:10.738+0000] {logging_mixin.py:190} INFO - [2024-11-18T03:15:10.735+0000] {dag.py:3229} INFO - Sync 1 DAGs
[2024-11-18T03:15:10.839+0000] {logging_mixin.py:190} INFO - [2024-11-18T03:15:10.839+0000] {dag.py:4156} INFO - Setting next_dagrun for latest_only_with_trigger to 2024-11-17 20:00:00+00:00, run_after=2024-11-18 00:00:00+00:00
[2024-11-18T03:15:10.910+0000] {processor.py:208} INFO - Processing /home/airflow/.local/lib/python3.12/site-packages/airflow/example_dags/example_latest_only_with_trigger.py took 0.362 seconds
[2024-11-18T03:15:44.633+0000] {processor.py:186} INFO - Started process (PID=2502) to work on /home/airflow/.local/lib/python3.12/site-packages/airflow/example_dags/example_latest_only_with_trigger.py
[2024-11-18T03:15:44.635+0000] {processor.py:914} INFO - Processing file /home/airflow/.local/lib/python3.12/site-packages/airflow/example_dags/example_latest_only_with_trigger.py for tasks to queue
[2024-11-18T03:15:44.638+0000] {logging_mixin.py:190} INFO - [2024-11-18T03:15:44.637+0000] {dagbag.py:587} INFO - Filling up the DagBag from /home/airflow/.local/lib/python3.12/site-packages/airflow/example_dags/example_latest_only_with_trigger.py
[2024-11-18T03:15:44.647+0000] {processor.py:925} INFO - DAG(s) 'latest_only_with_trigger' retrieved from /home/airflow/.local/lib/python3.12/site-packages/airflow/example_dags/example_latest_only_with_trigger.py
[2024-11-18T03:15:44.712+0000] {logging_mixin.py:190} INFO - [2024-11-18T03:15:44.704+0000] {dag.py:3229} INFO - Sync 1 DAGs
[2024-11-18T03:15:44.775+0000] {logging_mixin.py:190} INFO - [2024-11-18T03:15:44.774+0000] {dag.py:4156} INFO - Setting next_dagrun for latest_only_with_trigger to 2024-11-17 20:00:00+00:00, run_after=2024-11-18 00:00:00+00:00
[2024-11-18T03:15:44.833+0000] {processor.py:208} INFO - Processing /home/airflow/.local/lib/python3.12/site-packages/airflow/example_dags/example_latest_only_with_trigger.py took 0.213 seconds
[2024-11-18T03:16:16.200+0000] {processor.py:186} INFO - Started process (PID=2564) to work on /home/airflow/.local/lib/python3.12/site-packages/airflow/example_dags/example_latest_only_with_trigger.py
[2024-11-18T03:16:16.203+0000] {processor.py:914} INFO - Processing file /home/airflow/.local/lib/python3.12/site-packages/airflow/example_dags/example_latest_only_with_trigger.py for tasks to queue
[2024-11-18T03:16:16.208+0000] {logging_mixin.py:190} INFO - [2024-11-18T03:16:16.207+0000] {dagbag.py:587} INFO - Filling up the DagBag from /home/airflow/.local/lib/python3.12/site-packages/airflow/example_dags/example_latest_only_with_trigger.py
[2024-11-18T03:16:16.232+0000] {processor.py:925} INFO - DAG(s) 'latest_only_with_trigger' retrieved from /home/airflow/.local/lib/python3.12/site-packages/airflow/example_dags/example_latest_only_with_trigger.py
[2024-11-18T03:16:16.471+0000] {logging_mixin.py:190} INFO - [2024-11-18T03:16:16.466+0000] {dag.py:3229} INFO - Sync 1 DAGs
[2024-11-18T03:16:16.540+0000] {logging_mixin.py:190} INFO - [2024-11-18T03:16:16.540+0000] {dag.py:4156} INFO - Setting next_dagrun for latest_only_with_trigger to 2024-11-17 20:00:00+00:00, run_after=2024-11-18 00:00:00+00:00
[2024-11-18T03:16:16.634+0000] {processor.py:208} INFO - Processing /home/airflow/.local/lib/python3.12/site-packages/airflow/example_dags/example_latest_only_with_trigger.py took 0.451 seconds
[2024-11-18T03:16:50.086+0000] {processor.py:186} INFO - Started process (PID=2624) to work on /home/airflow/.local/lib/python3.12/site-packages/airflow/example_dags/example_latest_only_with_trigger.py
[2024-11-18T03:16:50.139+0000] {processor.py:914} INFO - Processing file /home/airflow/.local/lib/python3.12/site-packages/airflow/example_dags/example_latest_only_with_trigger.py for tasks to queue
[2024-11-18T03:16:50.175+0000] {logging_mixin.py:190} INFO - [2024-11-18T03:16:50.175+0000] {dagbag.py:587} INFO - Filling up the DagBag from /home/airflow/.local/lib/python3.12/site-packages/airflow/example_dags/example_latest_only_with_trigger.py
[2024-11-18T03:16:50.237+0000] {processor.py:925} INFO - DAG(s) 'latest_only_with_trigger' retrieved from /home/airflow/.local/lib/python3.12/site-packages/airflow/example_dags/example_latest_only_with_trigger.py
[2024-11-18T03:16:50.274+0000] {logging_mixin.py:190} INFO - [2024-11-18T03:16:50.274+0000] {dag.py:3229} INFO - Sync 1 DAGs
[2024-11-18T03:16:50.321+0000] {logging_mixin.py:190} INFO - [2024-11-18T03:16:50.316+0000] {dag.py:4156} INFO - Setting next_dagrun for latest_only_with_trigger to 2024-11-17 20:00:00+00:00, run_after=2024-11-18 00:00:00+00:00
[2024-11-18T03:16:50.365+0000] {processor.py:208} INFO - Processing /home/airflow/.local/lib/python3.12/site-packages/airflow/example_dags/example_latest_only_with_trigger.py took 0.302 seconds
