[2024-11-18T02:55:32.296+0000] {processor.py:186} INFO - Started process (PID=81) to work on /home/airflow/.local/lib/python3.12/site-packages/airflow/example_dags/example_branch_operator.py
[2024-11-18T02:55:32.306+0000] {processor.py:914} INFO - Processing file /home/airflow/.local/lib/python3.12/site-packages/airflow/example_dags/example_branch_operator.py for tasks to queue
[2024-11-18T02:55:32.323+0000] {logging_mixin.py:190} INFO - [2024-11-18T02:55:32.323+0000] {dagbag.py:587} INFO - Filling up the DagBag from /home/airflow/.local/lib/python3.12/site-packages/airflow/example_dags/example_branch_operator.py
[2024-11-18T02:55:32.522+0000] {processor.py:925} INFO - DAG(s) 'example_branch_operator' retrieved from /home/airflow/.local/lib/python3.12/site-packages/airflow/example_dags/example_branch_operator.py
[2024-11-18T02:55:33.641+0000] {logging_mixin.py:190} INFO - [2024-11-18T02:55:33.640+0000] {dag.py:3229} INFO - Sync 1 DAGs
[2024-11-18T02:55:33.717+0000] {logging_mixin.py:190} INFO - [2024-11-18T02:55:33.714+0000] {dag.py:4156} INFO - Setting next_dagrun for example_branch_operator to 2024-11-17 00:00:00+00:00, run_after=2024-11-18 00:00:00+00:00
[2024-11-18T02:55:33.778+0000] {processor.py:208} INFO - Processing /home/airflow/.local/lib/python3.12/site-packages/airflow/example_dags/example_branch_operator.py took 1.534 seconds
[2024-11-18T02:56:04.488+0000] {processor.py:186} INFO - Started process (PID=143) to work on /home/airflow/.local/lib/python3.12/site-packages/airflow/example_dags/example_branch_operator.py
[2024-11-18T02:56:04.493+0000] {processor.py:914} INFO - Processing file /home/airflow/.local/lib/python3.12/site-packages/airflow/example_dags/example_branch_operator.py for tasks to queue
[2024-11-18T02:56:04.496+0000] {logging_mixin.py:190} INFO - [2024-11-18T02:56:04.496+0000] {dagbag.py:587} INFO - Filling up the DagBag from /home/airflow/.local/lib/python3.12/site-packages/airflow/example_dags/example_branch_operator.py
[2024-11-18T02:56:04.533+0000] {processor.py:925} INFO - DAG(s) 'example_branch_operator' retrieved from /home/airflow/.local/lib/python3.12/site-packages/airflow/example_dags/example_branch_operator.py
[2024-11-18T02:56:04.596+0000] {logging_mixin.py:190} INFO - [2024-11-18T02:56:04.596+0000] {dag.py:3229} INFO - Sync 1 DAGs
[2024-11-18T02:56:04.646+0000] {logging_mixin.py:190} INFO - [2024-11-18T02:56:04.645+0000] {dag.py:4156} INFO - Setting next_dagrun for example_branch_operator to 2024-11-17 00:00:00+00:00, run_after=2024-11-18 00:00:00+00:00
[2024-11-18T02:56:04.681+0000] {processor.py:208} INFO - Processing /home/airflow/.local/lib/python3.12/site-packages/airflow/example_dags/example_branch_operator.py took 0.204 seconds
[2024-11-18T02:56:35.182+0000] {processor.py:186} INFO - Started process (PID=205) to work on /home/airflow/.local/lib/python3.12/site-packages/airflow/example_dags/example_branch_operator.py
[2024-11-18T02:56:35.186+0000] {processor.py:914} INFO - Processing file /home/airflow/.local/lib/python3.12/site-packages/airflow/example_dags/example_branch_operator.py for tasks to queue
[2024-11-18T02:56:35.193+0000] {logging_mixin.py:190} INFO - [2024-11-18T02:56:35.192+0000] {dagbag.py:587} INFO - Filling up the DagBag from /home/airflow/.local/lib/python3.12/site-packages/airflow/example_dags/example_branch_operator.py
[2024-11-18T02:56:35.232+0000] {processor.py:925} INFO - DAG(s) 'example_branch_operator' retrieved from /home/airflow/.local/lib/python3.12/site-packages/airflow/example_dags/example_branch_operator.py
[2024-11-18T02:56:35.289+0000] {logging_mixin.py:190} INFO - [2024-11-18T02:56:35.288+0000] {dag.py:3229} INFO - Sync 1 DAGs
[2024-11-18T02:56:35.332+0000] {logging_mixin.py:190} INFO - [2024-11-18T02:56:35.332+0000] {dag.py:4156} INFO - Setting next_dagrun for example_branch_operator to 2024-11-17 00:00:00+00:00, run_after=2024-11-18 00:00:00+00:00
[2024-11-18T02:56:35.369+0000] {processor.py:208} INFO - Processing /home/airflow/.local/lib/python3.12/site-packages/airflow/example_dags/example_branch_operator.py took 0.199 seconds
[2024-11-18T02:57:05.474+0000] {processor.py:186} INFO - Started process (PID=266) to work on /home/airflow/.local/lib/python3.12/site-packages/airflow/example_dags/example_branch_operator.py
[2024-11-18T02:57:05.481+0000] {processor.py:914} INFO - Processing file /home/airflow/.local/lib/python3.12/site-packages/airflow/example_dags/example_branch_operator.py for tasks to queue
[2024-11-18T02:57:05.485+0000] {logging_mixin.py:190} INFO - [2024-11-18T02:57:05.485+0000] {dagbag.py:587} INFO - Filling up the DagBag from /home/airflow/.local/lib/python3.12/site-packages/airflow/example_dags/example_branch_operator.py
[2024-11-18T02:57:05.524+0000] {processor.py:925} INFO - DAG(s) 'example_branch_operator' retrieved from /home/airflow/.local/lib/python3.12/site-packages/airflow/example_dags/example_branch_operator.py
[2024-11-18T02:57:05.582+0000] {logging_mixin.py:190} INFO - [2024-11-18T02:57:05.582+0000] {dag.py:3229} INFO - Sync 1 DAGs
[2024-11-18T02:57:05.630+0000] {logging_mixin.py:190} INFO - [2024-11-18T02:57:05.630+0000] {dag.py:4156} INFO - Setting next_dagrun for example_branch_operator to 2024-11-17 00:00:00+00:00, run_after=2024-11-18 00:00:00+00:00
[2024-11-18T02:57:05.673+0000] {processor.py:208} INFO - Processing /home/airflow/.local/lib/python3.12/site-packages/airflow/example_dags/example_branch_operator.py took 0.211 seconds
[2024-11-18T02:57:35.844+0000] {processor.py:186} INFO - Started process (PID=328) to work on /home/airflow/.local/lib/python3.12/site-packages/airflow/example_dags/example_branch_operator.py
[2024-11-18T02:57:35.848+0000] {processor.py:914} INFO - Processing file /home/airflow/.local/lib/python3.12/site-packages/airflow/example_dags/example_branch_operator.py for tasks to queue
[2024-11-18T02:57:35.852+0000] {logging_mixin.py:190} INFO - [2024-11-18T02:57:35.852+0000] {dagbag.py:587} INFO - Filling up the DagBag from /home/airflow/.local/lib/python3.12/site-packages/airflow/example_dags/example_branch_operator.py
[2024-11-18T02:57:35.892+0000] {processor.py:925} INFO - DAG(s) 'example_branch_operator' retrieved from /home/airflow/.local/lib/python3.12/site-packages/airflow/example_dags/example_branch_operator.py
[2024-11-18T02:57:35.952+0000] {logging_mixin.py:190} INFO - [2024-11-18T02:57:35.952+0000] {dag.py:3229} INFO - Sync 1 DAGs
[2024-11-18T02:57:36.004+0000] {logging_mixin.py:190} INFO - [2024-11-18T02:57:36.003+0000] {dag.py:4156} INFO - Setting next_dagrun for example_branch_operator to 2024-11-17 00:00:00+00:00, run_after=2024-11-18 00:00:00+00:00
[2024-11-18T02:57:36.042+0000] {processor.py:208} INFO - Processing /home/airflow/.local/lib/python3.12/site-packages/airflow/example_dags/example_branch_operator.py took 0.214 seconds
[2024-11-18T02:58:06.179+0000] {processor.py:186} INFO - Started process (PID=390) to work on /home/airflow/.local/lib/python3.12/site-packages/airflow/example_dags/example_branch_operator.py
[2024-11-18T02:58:06.186+0000] {processor.py:914} INFO - Processing file /home/airflow/.local/lib/python3.12/site-packages/airflow/example_dags/example_branch_operator.py for tasks to queue
[2024-11-18T02:58:06.204+0000] {logging_mixin.py:190} INFO - [2024-11-18T02:58:06.198+0000] {dagbag.py:587} INFO - Filling up the DagBag from /home/airflow/.local/lib/python3.12/site-packages/airflow/example_dags/example_branch_operator.py
[2024-11-18T02:58:06.323+0000] {processor.py:925} INFO - DAG(s) 'example_branch_operator' retrieved from /home/airflow/.local/lib/python3.12/site-packages/airflow/example_dags/example_branch_operator.py
[2024-11-18T02:58:06.598+0000] {logging_mixin.py:190} INFO - [2024-11-18T02:58:06.598+0000] {dag.py:3229} INFO - Sync 1 DAGs
[2024-11-18T02:58:06.826+0000] {logging_mixin.py:190} INFO - [2024-11-18T02:58:06.826+0000] {dag.py:4156} INFO - Setting next_dagrun for example_branch_operator to 2024-11-17 00:00:00+00:00, run_after=2024-11-18 00:00:00+00:00
[2024-11-18T02:58:06.976+0000] {processor.py:208} INFO - Processing /home/airflow/.local/lib/python3.12/site-packages/airflow/example_dags/example_branch_operator.py took 0.850 seconds
[2024-11-18T02:58:37.657+0000] {processor.py:186} INFO - Started process (PID=453) to work on /home/airflow/.local/lib/python3.12/site-packages/airflow/example_dags/example_branch_operator.py
[2024-11-18T02:58:37.660+0000] {processor.py:914} INFO - Processing file /home/airflow/.local/lib/python3.12/site-packages/airflow/example_dags/example_branch_operator.py for tasks to queue
[2024-11-18T02:58:37.669+0000] {logging_mixin.py:190} INFO - [2024-11-18T02:58:37.666+0000] {dagbag.py:587} INFO - Filling up the DagBag from /home/airflow/.local/lib/python3.12/site-packages/airflow/example_dags/example_branch_operator.py
[2024-11-18T02:58:37.711+0000] {processor.py:925} INFO - DAG(s) 'example_branch_operator' retrieved from /home/airflow/.local/lib/python3.12/site-packages/airflow/example_dags/example_branch_operator.py
[2024-11-18T02:58:37.769+0000] {logging_mixin.py:190} INFO - [2024-11-18T02:58:37.769+0000] {dag.py:3229} INFO - Sync 1 DAGs
[2024-11-18T02:58:37.831+0000] {logging_mixin.py:190} INFO - [2024-11-18T02:58:37.831+0000] {dag.py:4156} INFO - Setting next_dagrun for example_branch_operator to 2024-11-17 00:00:00+00:00, run_after=2024-11-18 00:00:00+00:00
[2024-11-18T02:58:37.868+0000] {processor.py:208} INFO - Processing /home/airflow/.local/lib/python3.12/site-packages/airflow/example_dags/example_branch_operator.py took 0.224 seconds
[2024-11-18T02:59:08.052+0000] {processor.py:186} INFO - Started process (PID=515) to work on /home/airflow/.local/lib/python3.12/site-packages/airflow/example_dags/example_branch_operator.py
[2024-11-18T02:59:08.056+0000] {processor.py:914} INFO - Processing file /home/airflow/.local/lib/python3.12/site-packages/airflow/example_dags/example_branch_operator.py for tasks to queue
[2024-11-18T02:59:08.062+0000] {logging_mixin.py:190} INFO - [2024-11-18T02:59:08.062+0000] {dagbag.py:587} INFO - Filling up the DagBag from /home/airflow/.local/lib/python3.12/site-packages/airflow/example_dags/example_branch_operator.py
[2024-11-18T02:59:08.106+0000] {processor.py:925} INFO - DAG(s) 'example_branch_operator' retrieved from /home/airflow/.local/lib/python3.12/site-packages/airflow/example_dags/example_branch_operator.py
[2024-11-18T02:59:08.161+0000] {logging_mixin.py:190} INFO - [2024-11-18T02:59:08.161+0000] {dag.py:3229} INFO - Sync 1 DAGs
[2024-11-18T02:59:08.211+0000] {logging_mixin.py:190} INFO - [2024-11-18T02:59:08.211+0000] {dag.py:4156} INFO - Setting next_dagrun for example_branch_operator to 2024-11-17 00:00:00+00:00, run_after=2024-11-18 00:00:00+00:00
[2024-11-18T02:59:08.251+0000] {processor.py:208} INFO - Processing /home/airflow/.local/lib/python3.12/site-packages/airflow/example_dags/example_branch_operator.py took 0.214 seconds
[2024-11-18T02:59:38.906+0000] {processor.py:186} INFO - Started process (PID=576) to work on /home/airflow/.local/lib/python3.12/site-packages/airflow/example_dags/example_branch_operator.py
[2024-11-18T02:59:38.910+0000] {processor.py:914} INFO - Processing file /home/airflow/.local/lib/python3.12/site-packages/airflow/example_dags/example_branch_operator.py for tasks to queue
[2024-11-18T02:59:38.916+0000] {logging_mixin.py:190} INFO - [2024-11-18T02:59:38.914+0000] {dagbag.py:587} INFO - Filling up the DagBag from /home/airflow/.local/lib/python3.12/site-packages/airflow/example_dags/example_branch_operator.py
[2024-11-18T02:59:38.952+0000] {processor.py:925} INFO - DAG(s) 'example_branch_operator' retrieved from /home/airflow/.local/lib/python3.12/site-packages/airflow/example_dags/example_branch_operator.py
[2024-11-18T02:59:39.010+0000] {logging_mixin.py:190} INFO - [2024-11-18T02:59:39.010+0000] {dag.py:3229} INFO - Sync 1 DAGs
[2024-11-18T02:59:39.058+0000] {logging_mixin.py:190} INFO - [2024-11-18T02:59:39.058+0000] {dag.py:4156} INFO - Setting next_dagrun for example_branch_operator to 2024-11-17 00:00:00+00:00, run_after=2024-11-18 00:00:00+00:00
[2024-11-18T02:59:39.088+0000] {processor.py:208} INFO - Processing /home/airflow/.local/lib/python3.12/site-packages/airflow/example_dags/example_branch_operator.py took 0.196 seconds
[2024-11-18T03:00:09.275+0000] {processor.py:186} INFO - Started process (PID=638) to work on /home/airflow/.local/lib/python3.12/site-packages/airflow/example_dags/example_branch_operator.py
[2024-11-18T03:00:09.283+0000] {processor.py:914} INFO - Processing file /home/airflow/.local/lib/python3.12/site-packages/airflow/example_dags/example_branch_operator.py for tasks to queue
[2024-11-18T03:00:09.291+0000] {logging_mixin.py:190} INFO - [2024-11-18T03:00:09.291+0000] {dagbag.py:587} INFO - Filling up the DagBag from /home/airflow/.local/lib/python3.12/site-packages/airflow/example_dags/example_branch_operator.py
[2024-11-18T03:00:09.371+0000] {processor.py:925} INFO - DAG(s) 'example_branch_operator' retrieved from /home/airflow/.local/lib/python3.12/site-packages/airflow/example_dags/example_branch_operator.py
[2024-11-18T03:00:09.479+0000] {logging_mixin.py:190} INFO - [2024-11-18T03:00:09.479+0000] {dag.py:3229} INFO - Sync 1 DAGs
[2024-11-18T03:00:09.577+0000] {logging_mixin.py:190} INFO - [2024-11-18T03:00:09.573+0000] {dag.py:4156} INFO - Setting next_dagrun for example_branch_operator to 2024-11-17 00:00:00+00:00, run_after=2024-11-18 00:00:00+00:00
[2024-11-18T03:00:09.641+0000] {processor.py:208} INFO - Processing /home/airflow/.local/lib/python3.12/site-packages/airflow/example_dags/example_branch_operator.py took 0.394 seconds
[2024-11-18T03:00:40.249+0000] {processor.py:186} INFO - Started process (PID=700) to work on /home/airflow/.local/lib/python3.12/site-packages/airflow/example_dags/example_branch_operator.py
[2024-11-18T03:00:40.257+0000] {processor.py:914} INFO - Processing file /home/airflow/.local/lib/python3.12/site-packages/airflow/example_dags/example_branch_operator.py for tasks to queue
[2024-11-18T03:00:40.265+0000] {logging_mixin.py:190} INFO - [2024-11-18T03:00:40.265+0000] {dagbag.py:587} INFO - Filling up the DagBag from /home/airflow/.local/lib/python3.12/site-packages/airflow/example_dags/example_branch_operator.py
[2024-11-18T03:00:40.346+0000] {processor.py:925} INFO - DAG(s) 'example_branch_operator' retrieved from /home/airflow/.local/lib/python3.12/site-packages/airflow/example_dags/example_branch_operator.py
[2024-11-18T03:00:40.450+0000] {logging_mixin.py:190} INFO - [2024-11-18T03:00:40.450+0000] {dag.py:3229} INFO - Sync 1 DAGs
[2024-11-18T03:00:40.545+0000] {logging_mixin.py:190} INFO - [2024-11-18T03:00:40.545+0000] {dag.py:4156} INFO - Setting next_dagrun for example_branch_operator to 2024-11-17 00:00:00+00:00, run_after=2024-11-18 00:00:00+00:00
[2024-11-18T03:00:40.608+0000] {processor.py:208} INFO - Processing /home/airflow/.local/lib/python3.12/site-packages/airflow/example_dags/example_branch_operator.py took 0.386 seconds
[2024-11-18T03:01:11.306+0000] {processor.py:186} INFO - Started process (PID=763) to work on /home/airflow/.local/lib/python3.12/site-packages/airflow/example_dags/example_branch_operator.py
[2024-11-18T03:01:11.308+0000] {processor.py:914} INFO - Processing file /home/airflow/.local/lib/python3.12/site-packages/airflow/example_dags/example_branch_operator.py for tasks to queue
[2024-11-18T03:01:11.313+0000] {logging_mixin.py:190} INFO - [2024-11-18T03:01:11.312+0000] {dagbag.py:587} INFO - Filling up the DagBag from /home/airflow/.local/lib/python3.12/site-packages/airflow/example_dags/example_branch_operator.py
[2024-11-18T03:01:11.350+0000] {processor.py:925} INFO - DAG(s) 'example_branch_operator' retrieved from /home/airflow/.local/lib/python3.12/site-packages/airflow/example_dags/example_branch_operator.py
[2024-11-18T03:01:11.411+0000] {logging_mixin.py:190} INFO - [2024-11-18T03:01:11.411+0000] {dag.py:3229} INFO - Sync 1 DAGs
[2024-11-18T03:01:11.465+0000] {logging_mixin.py:190} INFO - [2024-11-18T03:01:11.462+0000] {dag.py:4156} INFO - Setting next_dagrun for example_branch_operator to 2024-11-17 00:00:00+00:00, run_after=2024-11-18 00:00:00+00:00
[2024-11-18T03:01:11.497+0000] {processor.py:208} INFO - Processing /home/airflow/.local/lib/python3.12/site-packages/airflow/example_dags/example_branch_operator.py took 0.205 seconds
[2024-11-18T03:01:42.314+0000] {processor.py:186} INFO - Started process (PID=825) to work on /home/airflow/.local/lib/python3.12/site-packages/airflow/example_dags/example_branch_operator.py
[2024-11-18T03:01:42.318+0000] {processor.py:914} INFO - Processing file /home/airflow/.local/lib/python3.12/site-packages/airflow/example_dags/example_branch_operator.py for tasks to queue
[2024-11-18T03:01:42.324+0000] {logging_mixin.py:190} INFO - [2024-11-18T03:01:42.322+0000] {dagbag.py:587} INFO - Filling up the DagBag from /home/airflow/.local/lib/python3.12/site-packages/airflow/example_dags/example_branch_operator.py
[2024-11-18T03:01:42.362+0000] {processor.py:925} INFO - DAG(s) 'example_branch_operator' retrieved from /home/airflow/.local/lib/python3.12/site-packages/airflow/example_dags/example_branch_operator.py
[2024-11-18T03:01:42.428+0000] {logging_mixin.py:190} INFO - [2024-11-18T03:01:42.428+0000] {dag.py:3229} INFO - Sync 1 DAGs
[2024-11-18T03:01:42.475+0000] {logging_mixin.py:190} INFO - [2024-11-18T03:01:42.475+0000] {dag.py:4156} INFO - Setting next_dagrun for example_branch_operator to 2024-11-17 00:00:00+00:00, run_after=2024-11-18 00:00:00+00:00
[2024-11-18T03:01:42.521+0000] {processor.py:208} INFO - Processing /home/airflow/.local/lib/python3.12/site-packages/airflow/example_dags/example_branch_operator.py took 0.220 seconds
[2024-11-18T03:02:12.698+0000] {processor.py:186} INFO - Started process (PID=887) to work on /home/airflow/.local/lib/python3.12/site-packages/airflow/example_dags/example_branch_operator.py
[2024-11-18T03:02:12.702+0000] {processor.py:914} INFO - Processing file /home/airflow/.local/lib/python3.12/site-packages/airflow/example_dags/example_branch_operator.py for tasks to queue
[2024-11-18T03:02:12.708+0000] {logging_mixin.py:190} INFO - [2024-11-18T03:02:12.707+0000] {dagbag.py:587} INFO - Filling up the DagBag from /home/airflow/.local/lib/python3.12/site-packages/airflow/example_dags/example_branch_operator.py
[2024-11-18T03:02:12.748+0000] {processor.py:925} INFO - DAG(s) 'example_branch_operator' retrieved from /home/airflow/.local/lib/python3.12/site-packages/airflow/example_dags/example_branch_operator.py
[2024-11-18T03:02:12.802+0000] {logging_mixin.py:190} INFO - [2024-11-18T03:02:12.801+0000] {dag.py:3229} INFO - Sync 1 DAGs
[2024-11-18T03:02:12.848+0000] {logging_mixin.py:190} INFO - [2024-11-18T03:02:12.848+0000] {dag.py:4156} INFO - Setting next_dagrun for example_branch_operator to 2024-11-17 00:00:00+00:00, run_after=2024-11-18 00:00:00+00:00
[2024-11-18T03:02:12.881+0000] {processor.py:208} INFO - Processing /home/airflow/.local/lib/python3.12/site-packages/airflow/example_dags/example_branch_operator.py took 0.197 seconds
[2024-11-18T03:02:43.050+0000] {processor.py:186} INFO - Started process (PID=949) to work on /home/airflow/.local/lib/python3.12/site-packages/airflow/example_dags/example_branch_operator.py
[2024-11-18T03:02:43.053+0000] {processor.py:914} INFO - Processing file /home/airflow/.local/lib/python3.12/site-packages/airflow/example_dags/example_branch_operator.py for tasks to queue
[2024-11-18T03:02:43.058+0000] {logging_mixin.py:190} INFO - [2024-11-18T03:02:43.058+0000] {dagbag.py:587} INFO - Filling up the DagBag from /home/airflow/.local/lib/python3.12/site-packages/airflow/example_dags/example_branch_operator.py
[2024-11-18T03:02:43.094+0000] {processor.py:925} INFO - DAG(s) 'example_branch_operator' retrieved from /home/airflow/.local/lib/python3.12/site-packages/airflow/example_dags/example_branch_operator.py
[2024-11-18T03:02:43.160+0000] {logging_mixin.py:190} INFO - [2024-11-18T03:02:43.160+0000] {dag.py:3229} INFO - Sync 1 DAGs
[2024-11-18T03:02:43.210+0000] {logging_mixin.py:190} INFO - [2024-11-18T03:02:43.210+0000] {dag.py:4156} INFO - Setting next_dagrun for example_branch_operator to 2024-11-17 00:00:00+00:00, run_after=2024-11-18 00:00:00+00:00
[2024-11-18T03:02:43.239+0000] {processor.py:208} INFO - Processing /home/airflow/.local/lib/python3.12/site-packages/airflow/example_dags/example_branch_operator.py took 0.203 seconds
[2024-11-18T03:03:14.088+0000] {processor.py:186} INFO - Started process (PID=1011) to work on /home/airflow/.local/lib/python3.12/site-packages/airflow/example_dags/example_branch_operator.py
[2024-11-18T03:03:14.090+0000] {processor.py:914} INFO - Processing file /home/airflow/.local/lib/python3.12/site-packages/airflow/example_dags/example_branch_operator.py for tasks to queue
[2024-11-18T03:03:14.095+0000] {logging_mixin.py:190} INFO - [2024-11-18T03:03:14.095+0000] {dagbag.py:587} INFO - Filling up the DagBag from /home/airflow/.local/lib/python3.12/site-packages/airflow/example_dags/example_branch_operator.py
[2024-11-18T03:03:14.138+0000] {processor.py:925} INFO - DAG(s) 'example_branch_operator' retrieved from /home/airflow/.local/lib/python3.12/site-packages/airflow/example_dags/example_branch_operator.py
[2024-11-18T03:03:14.199+0000] {logging_mixin.py:190} INFO - [2024-11-18T03:03:14.199+0000] {dag.py:3229} INFO - Sync 1 DAGs
[2024-11-18T03:03:14.256+0000] {logging_mixin.py:190} INFO - [2024-11-18T03:03:14.256+0000] {dag.py:4156} INFO - Setting next_dagrun for example_branch_operator to 2024-11-17 00:00:00+00:00, run_after=2024-11-18 00:00:00+00:00
[2024-11-18T03:03:14.294+0000] {processor.py:208} INFO - Processing /home/airflow/.local/lib/python3.12/site-packages/airflow/example_dags/example_branch_operator.py took 0.220 seconds
[2024-11-18T03:03:45.161+0000] {processor.py:186} INFO - Started process (PID=1072) to work on /home/airflow/.local/lib/python3.12/site-packages/airflow/example_dags/example_branch_operator.py
[2024-11-18T03:03:45.169+0000] {processor.py:914} INFO - Processing file /home/airflow/.local/lib/python3.12/site-packages/airflow/example_dags/example_branch_operator.py for tasks to queue
[2024-11-18T03:03:45.183+0000] {logging_mixin.py:190} INFO - [2024-11-18T03:03:45.183+0000] {dagbag.py:587} INFO - Filling up the DagBag from /home/airflow/.local/lib/python3.12/site-packages/airflow/example_dags/example_branch_operator.py
[2024-11-18T03:03:45.321+0000] {processor.py:925} INFO - DAG(s) 'example_branch_operator' retrieved from /home/airflow/.local/lib/python3.12/site-packages/airflow/example_dags/example_branch_operator.py
[2024-11-18T03:03:45.509+0000] {logging_mixin.py:190} INFO - [2024-11-18T03:03:45.508+0000] {dag.py:3229} INFO - Sync 1 DAGs
[2024-11-18T03:03:45.652+0000] {logging_mixin.py:190} INFO - [2024-11-18T03:03:45.652+0000] {dag.py:4156} INFO - Setting next_dagrun for example_branch_operator to 2024-11-17 00:00:00+00:00, run_after=2024-11-18 00:00:00+00:00
[2024-11-18T03:03:45.774+0000] {processor.py:208} INFO - Processing /home/airflow/.local/lib/python3.12/site-packages/airflow/example_dags/example_branch_operator.py took 0.662 seconds
[2024-11-18T03:04:16.768+0000] {processor.py:186} INFO - Started process (PID=1134) to work on /home/airflow/.local/lib/python3.12/site-packages/airflow/example_dags/example_branch_operator.py
[2024-11-18T03:04:16.776+0000] {processor.py:914} INFO - Processing file /home/airflow/.local/lib/python3.12/site-packages/airflow/example_dags/example_branch_operator.py for tasks to queue
[2024-11-18T03:04:16.784+0000] {logging_mixin.py:190} INFO - [2024-11-18T03:04:16.784+0000] {dagbag.py:587} INFO - Filling up the DagBag from /home/airflow/.local/lib/python3.12/site-packages/airflow/example_dags/example_branch_operator.py
[2024-11-18T03:04:16.887+0000] {processor.py:925} INFO - DAG(s) 'example_branch_operator' retrieved from /home/airflow/.local/lib/python3.12/site-packages/airflow/example_dags/example_branch_operator.py
[2024-11-18T03:04:16.995+0000] {logging_mixin.py:190} INFO - [2024-11-18T03:04:16.995+0000] {dag.py:3229} INFO - Sync 1 DAGs
[2024-11-18T03:04:17.092+0000] {logging_mixin.py:190} INFO - [2024-11-18T03:04:17.088+0000] {dag.py:4156} INFO - Setting next_dagrun for example_branch_operator to 2024-11-17 00:00:00+00:00, run_after=2024-11-18 00:00:00+00:00
[2024-11-18T03:04:17.146+0000] {processor.py:208} INFO - Processing /home/airflow/.local/lib/python3.12/site-packages/airflow/example_dags/example_branch_operator.py took 0.405 seconds
[2024-11-18T03:04:47.258+0000] {processor.py:186} INFO - Started process (PID=1196) to work on /home/airflow/.local/lib/python3.12/site-packages/airflow/example_dags/example_branch_operator.py
[2024-11-18T03:04:47.261+0000] {processor.py:914} INFO - Processing file /home/airflow/.local/lib/python3.12/site-packages/airflow/example_dags/example_branch_operator.py for tasks to queue
[2024-11-18T03:04:47.266+0000] {logging_mixin.py:190} INFO - [2024-11-18T03:04:47.264+0000] {dagbag.py:587} INFO - Filling up the DagBag from /home/airflow/.local/lib/python3.12/site-packages/airflow/example_dags/example_branch_operator.py
[2024-11-18T03:04:47.304+0000] {processor.py:925} INFO - DAG(s) 'example_branch_operator' retrieved from /home/airflow/.local/lib/python3.12/site-packages/airflow/example_dags/example_branch_operator.py
[2024-11-18T03:04:47.368+0000] {logging_mixin.py:190} INFO - [2024-11-18T03:04:47.368+0000] {dag.py:3229} INFO - Sync 1 DAGs
[2024-11-18T03:04:47.415+0000] {logging_mixin.py:190} INFO - [2024-11-18T03:04:47.415+0000] {dag.py:4156} INFO - Setting next_dagrun for example_branch_operator to 2024-11-17 00:00:00+00:00, run_after=2024-11-18 00:00:00+00:00
[2024-11-18T03:04:47.455+0000] {processor.py:208} INFO - Processing /home/airflow/.local/lib/python3.12/site-packages/airflow/example_dags/example_branch_operator.py took 0.212 seconds
[2024-11-18T03:05:17.660+0000] {processor.py:186} INFO - Started process (PID=1258) to work on /home/airflow/.local/lib/python3.12/site-packages/airflow/example_dags/example_branch_operator.py
[2024-11-18T03:05:17.664+0000] {processor.py:914} INFO - Processing file /home/airflow/.local/lib/python3.12/site-packages/airflow/example_dags/example_branch_operator.py for tasks to queue
[2024-11-18T03:05:17.667+0000] {logging_mixin.py:190} INFO - [2024-11-18T03:05:17.667+0000] {dagbag.py:587} INFO - Filling up the DagBag from /home/airflow/.local/lib/python3.12/site-packages/airflow/example_dags/example_branch_operator.py
[2024-11-18T03:05:17.705+0000] {processor.py:925} INFO - DAG(s) 'example_branch_operator' retrieved from /home/airflow/.local/lib/python3.12/site-packages/airflow/example_dags/example_branch_operator.py
[2024-11-18T03:05:17.770+0000] {logging_mixin.py:190} INFO - [2024-11-18T03:05:17.770+0000] {dag.py:3229} INFO - Sync 1 DAGs
[2024-11-18T03:05:17.820+0000] {logging_mixin.py:190} INFO - [2024-11-18T03:05:17.820+0000] {dag.py:4156} INFO - Setting next_dagrun for example_branch_operator to 2024-11-17 00:00:00+00:00, run_after=2024-11-18 00:00:00+00:00
[2024-11-18T03:05:17.859+0000] {processor.py:208} INFO - Processing /home/airflow/.local/lib/python3.12/site-packages/airflow/example_dags/example_branch_operator.py took 0.211 seconds
[2024-11-18T03:05:47.993+0000] {processor.py:186} INFO - Started process (PID=1320) to work on /home/airflow/.local/lib/python3.12/site-packages/airflow/example_dags/example_branch_operator.py
[2024-11-18T03:05:47.997+0000] {processor.py:914} INFO - Processing file /home/airflow/.local/lib/python3.12/site-packages/airflow/example_dags/example_branch_operator.py for tasks to queue
[2024-11-18T03:05:48.002+0000] {logging_mixin.py:190} INFO - [2024-11-18T03:05:48.001+0000] {dagbag.py:587} INFO - Filling up the DagBag from /home/airflow/.local/lib/python3.12/site-packages/airflow/example_dags/example_branch_operator.py
[2024-11-18T03:05:48.040+0000] {processor.py:925} INFO - DAG(s) 'example_branch_operator' retrieved from /home/airflow/.local/lib/python3.12/site-packages/airflow/example_dags/example_branch_operator.py
[2024-11-18T03:05:48.100+0000] {logging_mixin.py:190} INFO - [2024-11-18T03:05:48.100+0000] {dag.py:3229} INFO - Sync 1 DAGs
[2024-11-18T03:05:48.152+0000] {logging_mixin.py:190} INFO - [2024-11-18T03:05:48.152+0000] {dag.py:4156} INFO - Setting next_dagrun for example_branch_operator to 2024-11-17 00:00:00+00:00, run_after=2024-11-18 00:00:00+00:00
[2024-11-18T03:05:48.188+0000] {processor.py:208} INFO - Processing /home/airflow/.local/lib/python3.12/site-packages/airflow/example_dags/example_branch_operator.py took 0.206 seconds
[2024-11-18T03:06:18.497+0000] {processor.py:186} INFO - Started process (PID=1382) to work on /home/airflow/.local/lib/python3.12/site-packages/airflow/example_dags/example_branch_operator.py
[2024-11-18T03:06:18.501+0000] {processor.py:914} INFO - Processing file /home/airflow/.local/lib/python3.12/site-packages/airflow/example_dags/example_branch_operator.py for tasks to queue
[2024-11-18T03:06:18.508+0000] {logging_mixin.py:190} INFO - [2024-11-18T03:06:18.508+0000] {dagbag.py:587} INFO - Filling up the DagBag from /home/airflow/.local/lib/python3.12/site-packages/airflow/example_dags/example_branch_operator.py
[2024-11-18T03:06:18.551+0000] {processor.py:925} INFO - DAG(s) 'example_branch_operator' retrieved from /home/airflow/.local/lib/python3.12/site-packages/airflow/example_dags/example_branch_operator.py
[2024-11-18T03:06:18.611+0000] {logging_mixin.py:190} INFO - [2024-11-18T03:06:18.611+0000] {dag.py:3229} INFO - Sync 1 DAGs
[2024-11-18T03:06:18.659+0000] {logging_mixin.py:190} INFO - [2024-11-18T03:06:18.659+0000] {dag.py:4156} INFO - Setting next_dagrun for example_branch_operator to 2024-11-17 00:00:00+00:00, run_after=2024-11-18 00:00:00+00:00
[2024-11-18T03:06:18.698+0000] {processor.py:208} INFO - Processing /home/airflow/.local/lib/python3.12/site-packages/airflow/example_dags/example_branch_operator.py took 0.214 seconds
[2024-11-18T03:06:49.463+0000] {processor.py:186} INFO - Started process (PID=1444) to work on /home/airflow/.local/lib/python3.12/site-packages/airflow/example_dags/example_branch_operator.py
[2024-11-18T03:06:49.468+0000] {processor.py:914} INFO - Processing file /home/airflow/.local/lib/python3.12/site-packages/airflow/example_dags/example_branch_operator.py for tasks to queue
[2024-11-18T03:06:49.472+0000] {logging_mixin.py:190} INFO - [2024-11-18T03:06:49.472+0000] {dagbag.py:587} INFO - Filling up the DagBag from /home/airflow/.local/lib/python3.12/site-packages/airflow/example_dags/example_branch_operator.py
[2024-11-18T03:06:49.508+0000] {processor.py:925} INFO - DAG(s) 'example_branch_operator' retrieved from /home/airflow/.local/lib/python3.12/site-packages/airflow/example_dags/example_branch_operator.py
[2024-11-18T03:06:49.563+0000] {logging_mixin.py:190} INFO - [2024-11-18T03:06:49.563+0000] {dag.py:3229} INFO - Sync 1 DAGs
[2024-11-18T03:06:49.610+0000] {logging_mixin.py:190} INFO - [2024-11-18T03:06:49.608+0000] {dag.py:4156} INFO - Setting next_dagrun for example_branch_operator to 2024-11-17 00:00:00+00:00, run_after=2024-11-18 00:00:00+00:00
[2024-11-18T03:06:49.644+0000] {processor.py:208} INFO - Processing /home/airflow/.local/lib/python3.12/site-packages/airflow/example_dags/example_branch_operator.py took 0.193 seconds
[2024-11-18T03:07:19.916+0000] {processor.py:186} INFO - Started process (PID=1506) to work on /home/airflow/.local/lib/python3.12/site-packages/airflow/example_dags/example_branch_operator.py
[2024-11-18T03:07:19.919+0000] {processor.py:914} INFO - Processing file /home/airflow/.local/lib/python3.12/site-packages/airflow/example_dags/example_branch_operator.py for tasks to queue
[2024-11-18T03:07:19.929+0000] {logging_mixin.py:190} INFO - [2024-11-18T03:07:19.925+0000] {dagbag.py:587} INFO - Filling up the DagBag from /home/airflow/.local/lib/python3.12/site-packages/airflow/example_dags/example_branch_operator.py
[2024-11-18T03:07:20.015+0000] {processor.py:925} INFO - DAG(s) 'example_branch_operator' retrieved from /home/airflow/.local/lib/python3.12/site-packages/airflow/example_dags/example_branch_operator.py
[2024-11-18T03:07:20.135+0000] {logging_mixin.py:190} INFO - [2024-11-18T03:07:20.135+0000] {dag.py:3229} INFO - Sync 1 DAGs
[2024-11-18T03:07:20.249+0000] {logging_mixin.py:190} INFO - [2024-11-18T03:07:20.249+0000] {dag.py:4156} INFO - Setting next_dagrun for example_branch_operator to 2024-11-17 00:00:00+00:00, run_after=2024-11-18 00:00:00+00:00
[2024-11-18T03:07:20.320+0000] {processor.py:208} INFO - Processing /home/airflow/.local/lib/python3.12/site-packages/airflow/example_dags/example_branch_operator.py took 0.443 seconds
[2024-11-18T03:07:50.906+0000] {processor.py:186} INFO - Started process (PID=1567) to work on /home/airflow/.local/lib/python3.12/site-packages/airflow/example_dags/example_branch_operator.py
[2024-11-18T03:07:50.916+0000] {processor.py:914} INFO - Processing file /home/airflow/.local/lib/python3.12/site-packages/airflow/example_dags/example_branch_operator.py for tasks to queue
[2024-11-18T03:07:50.933+0000] {logging_mixin.py:190} INFO - [2024-11-18T03:07:50.930+0000] {dagbag.py:587} INFO - Filling up the DagBag from /home/airflow/.local/lib/python3.12/site-packages/airflow/example_dags/example_branch_operator.py
[2024-11-18T03:07:51.011+0000] {processor.py:925} INFO - DAG(s) 'example_branch_operator' retrieved from /home/airflow/.local/lib/python3.12/site-packages/airflow/example_dags/example_branch_operator.py
[2024-11-18T03:07:51.092+0000] {logging_mixin.py:190} INFO - [2024-11-18T03:07:51.092+0000] {dag.py:3229} INFO - Sync 1 DAGs
[2024-11-18T03:07:51.144+0000] {logging_mixin.py:190} INFO - [2024-11-18T03:07:51.140+0000] {dag.py:4156} INFO - Setting next_dagrun for example_branch_operator to 2024-11-17 00:00:00+00:00, run_after=2024-11-18 00:00:00+00:00
[2024-11-18T03:07:51.236+0000] {processor.py:208} INFO - Processing /home/airflow/.local/lib/python3.12/site-packages/airflow/example_dags/example_branch_operator.py took 0.385 seconds
[2024-11-18T03:08:21.558+0000] {processor.py:186} INFO - Started process (PID=1636) to work on /home/airflow/.local/lib/python3.12/site-packages/airflow/example_dags/example_branch_operator.py
[2024-11-18T03:08:21.568+0000] {processor.py:914} INFO - Processing file /home/airflow/.local/lib/python3.12/site-packages/airflow/example_dags/example_branch_operator.py for tasks to queue
[2024-11-18T03:08:21.580+0000] {logging_mixin.py:190} INFO - [2024-11-18T03:08:21.580+0000] {dagbag.py:587} INFO - Filling up the DagBag from /home/airflow/.local/lib/python3.12/site-packages/airflow/example_dags/example_branch_operator.py
[2024-11-18T03:08:21.678+0000] {processor.py:925} INFO - DAG(s) 'example_branch_operator' retrieved from /home/airflow/.local/lib/python3.12/site-packages/airflow/example_dags/example_branch_operator.py
[2024-11-18T03:08:21.799+0000] {logging_mixin.py:190} INFO - [2024-11-18T03:08:21.799+0000] {dag.py:3229} INFO - Sync 1 DAGs
[2024-11-18T03:08:21.910+0000] {logging_mixin.py:190} INFO - [2024-11-18T03:08:21.910+0000] {dag.py:4156} INFO - Setting next_dagrun for example_branch_operator to 2024-11-17 00:00:00+00:00, run_after=2024-11-18 00:00:00+00:00
[2024-11-18T03:08:21.982+0000] {processor.py:208} INFO - Processing /home/airflow/.local/lib/python3.12/site-packages/airflow/example_dags/example_branch_operator.py took 0.490 seconds
[2024-11-18T03:08:52.446+0000] {processor.py:186} INFO - Started process (PID=1697) to work on /home/airflow/.local/lib/python3.12/site-packages/airflow/example_dags/example_branch_operator.py
[2024-11-18T03:08:52.448+0000] {processor.py:914} INFO - Processing file /home/airflow/.local/lib/python3.12/site-packages/airflow/example_dags/example_branch_operator.py for tasks to queue
[2024-11-18T03:08:52.450+0000] {logging_mixin.py:190} INFO - [2024-11-18T03:08:52.450+0000] {dagbag.py:587} INFO - Filling up the DagBag from /home/airflow/.local/lib/python3.12/site-packages/airflow/example_dags/example_branch_operator.py
[2024-11-18T03:08:52.469+0000] {processor.py:925} INFO - DAG(s) 'example_branch_operator' retrieved from /home/airflow/.local/lib/python3.12/site-packages/airflow/example_dags/example_branch_operator.py
[2024-11-18T03:08:52.496+0000] {logging_mixin.py:190} INFO - [2024-11-18T03:08:52.495+0000] {dag.py:3229} INFO - Sync 1 DAGs
[2024-11-18T03:08:52.518+0000] {logging_mixin.py:190} INFO - [2024-11-18T03:08:52.518+0000] {dag.py:4156} INFO - Setting next_dagrun for example_branch_operator to 2024-11-17 00:00:00+00:00, run_after=2024-11-18 00:00:00+00:00
[2024-11-18T03:08:52.547+0000] {processor.py:208} INFO - Processing /home/airflow/.local/lib/python3.12/site-packages/airflow/example_dags/example_branch_operator.py took 0.107 seconds
[2024-11-18T03:09:22.648+0000] {processor.py:186} INFO - Started process (PID=1760) to work on /home/airflow/.local/lib/python3.12/site-packages/airflow/example_dags/example_branch_operator.py
[2024-11-18T03:09:22.649+0000] {processor.py:914} INFO - Processing file /home/airflow/.local/lib/python3.12/site-packages/airflow/example_dags/example_branch_operator.py for tasks to queue
[2024-11-18T03:09:22.652+0000] {logging_mixin.py:190} INFO - [2024-11-18T03:09:22.651+0000] {dagbag.py:587} INFO - Filling up the DagBag from /home/airflow/.local/lib/python3.12/site-packages/airflow/example_dags/example_branch_operator.py
[2024-11-18T03:09:22.669+0000] {processor.py:925} INFO - DAG(s) 'example_branch_operator' retrieved from /home/airflow/.local/lib/python3.12/site-packages/airflow/example_dags/example_branch_operator.py
[2024-11-18T03:09:22.696+0000] {logging_mixin.py:190} INFO - [2024-11-18T03:09:22.696+0000] {dag.py:3229} INFO - Sync 1 DAGs
[2024-11-18T03:09:22.718+0000] {logging_mixin.py:190} INFO - [2024-11-18T03:09:22.718+0000] {dag.py:4156} INFO - Setting next_dagrun for example_branch_operator to 2024-11-17 00:00:00+00:00, run_after=2024-11-18 00:00:00+00:00
[2024-11-18T03:09:22.737+0000] {processor.py:208} INFO - Processing /home/airflow/.local/lib/python3.12/site-packages/airflow/example_dags/example_branch_operator.py took 0.094 seconds
[2024-11-18T03:09:52.967+0000] {processor.py:186} INFO - Started process (PID=1823) to work on /home/airflow/.local/lib/python3.12/site-packages/airflow/example_dags/example_branch_operator.py
[2024-11-18T03:09:52.968+0000] {processor.py:914} INFO - Processing file /home/airflow/.local/lib/python3.12/site-packages/airflow/example_dags/example_branch_operator.py for tasks to queue
[2024-11-18T03:09:52.971+0000] {logging_mixin.py:190} INFO - [2024-11-18T03:09:52.970+0000] {dagbag.py:587} INFO - Filling up the DagBag from /home/airflow/.local/lib/python3.12/site-packages/airflow/example_dags/example_branch_operator.py
[2024-11-18T03:09:52.987+0000] {processor.py:925} INFO - DAG(s) 'example_branch_operator' retrieved from /home/airflow/.local/lib/python3.12/site-packages/airflow/example_dags/example_branch_operator.py
[2024-11-18T03:09:53.014+0000] {logging_mixin.py:190} INFO - [2024-11-18T03:09:53.014+0000] {dag.py:3229} INFO - Sync 1 DAGs
[2024-11-18T03:09:53.036+0000] {logging_mixin.py:190} INFO - [2024-11-18T03:09:53.036+0000] {dag.py:4156} INFO - Setting next_dagrun for example_branch_operator to 2024-11-17 00:00:00+00:00, run_after=2024-11-18 00:00:00+00:00
[2024-11-18T03:09:53.058+0000] {processor.py:208} INFO - Processing /home/airflow/.local/lib/python3.12/site-packages/airflow/example_dags/example_branch_operator.py took 0.097 seconds
[2024-11-18T03:10:23.171+0000] {processor.py:186} INFO - Started process (PID=1885) to work on /home/airflow/.local/lib/python3.12/site-packages/airflow/example_dags/example_branch_operator.py
[2024-11-18T03:10:23.172+0000] {processor.py:914} INFO - Processing file /home/airflow/.local/lib/python3.12/site-packages/airflow/example_dags/example_branch_operator.py for tasks to queue
[2024-11-18T03:10:23.174+0000] {logging_mixin.py:190} INFO - [2024-11-18T03:10:23.174+0000] {dagbag.py:587} INFO - Filling up the DagBag from /home/airflow/.local/lib/python3.12/site-packages/airflow/example_dags/example_branch_operator.py
[2024-11-18T03:10:23.192+0000] {processor.py:925} INFO - DAG(s) 'example_branch_operator' retrieved from /home/airflow/.local/lib/python3.12/site-packages/airflow/example_dags/example_branch_operator.py
[2024-11-18T03:10:23.220+0000] {logging_mixin.py:190} INFO - [2024-11-18T03:10:23.219+0000] {dag.py:3229} INFO - Sync 1 DAGs
[2024-11-18T03:10:23.253+0000] {logging_mixin.py:190} INFO - [2024-11-18T03:10:23.252+0000] {dag.py:4156} INFO - Setting next_dagrun for example_branch_operator to 2024-11-17 00:00:00+00:00, run_after=2024-11-18 00:00:00+00:00
[2024-11-18T03:10:23.270+0000] {processor.py:208} INFO - Processing /home/airflow/.local/lib/python3.12/site-packages/airflow/example_dags/example_branch_operator.py took 0.105 seconds
[2024-11-18T03:10:57.548+0000] {processor.py:186} INFO - Started process (PID=1947) to work on /home/airflow/.local/lib/python3.12/site-packages/airflow/example_dags/example_branch_operator.py
[2024-11-18T03:10:57.566+0000] {processor.py:914} INFO - Processing file /home/airflow/.local/lib/python3.12/site-packages/airflow/example_dags/example_branch_operator.py for tasks to queue
[2024-11-18T03:10:57.585+0000] {logging_mixin.py:190} INFO - [2024-11-18T03:10:57.584+0000] {dagbag.py:587} INFO - Filling up the DagBag from /home/airflow/.local/lib/python3.12/site-packages/airflow/example_dags/example_branch_operator.py
[2024-11-18T03:10:57.794+0000] {processor.py:925} INFO - DAG(s) 'example_branch_operator' retrieved from /home/airflow/.local/lib/python3.12/site-packages/airflow/example_dags/example_branch_operator.py
[2024-11-18T03:10:58.012+0000] {logging_mixin.py:190} INFO - [2024-11-18T03:10:58.012+0000] {dag.py:3229} INFO - Sync 1 DAGs
[2024-11-18T03:10:58.171+0000] {logging_mixin.py:190} INFO - [2024-11-18T03:10:58.169+0000] {dag.py:4156} INFO - Setting next_dagrun for example_branch_operator to 2024-11-17 00:00:00+00:00, run_after=2024-11-18 00:00:00+00:00
[2024-11-18T03:10:58.324+0000] {processor.py:208} INFO - Processing /home/airflow/.local/lib/python3.12/site-packages/airflow/example_dags/example_branch_operator.py took 0.821 seconds
[2024-11-18T03:11:28.591+0000] {processor.py:186} INFO - Started process (PID=2009) to work on /home/airflow/.local/lib/python3.12/site-packages/airflow/example_dags/example_branch_operator.py
[2024-11-18T03:11:28.593+0000] {processor.py:914} INFO - Processing file /home/airflow/.local/lib/python3.12/site-packages/airflow/example_dags/example_branch_operator.py for tasks to queue
[2024-11-18T03:11:28.599+0000] {logging_mixin.py:190} INFO - [2024-11-18T03:11:28.597+0000] {dagbag.py:587} INFO - Filling up the DagBag from /home/airflow/.local/lib/python3.12/site-packages/airflow/example_dags/example_branch_operator.py
[2024-11-18T03:11:28.732+0000] {processor.py:925} INFO - DAG(s) 'example_branch_operator' retrieved from /home/airflow/.local/lib/python3.12/site-packages/airflow/example_dags/example_branch_operator.py
[2024-11-18T03:11:28.823+0000] {logging_mixin.py:190} INFO - [2024-11-18T03:11:28.822+0000] {dag.py:3229} INFO - Sync 1 DAGs
[2024-11-18T03:11:28.981+0000] {logging_mixin.py:190} INFO - [2024-11-18T03:11:28.977+0000] {dag.py:4156} INFO - Setting next_dagrun for example_branch_operator to 2024-11-17 00:00:00+00:00, run_after=2024-11-18 00:00:00+00:00
[2024-11-18T03:11:29.032+0000] {processor.py:208} INFO - Processing /home/airflow/.local/lib/python3.12/site-packages/airflow/example_dags/example_branch_operator.py took 0.455 seconds
[2024-11-18T03:11:59.184+0000] {processor.py:186} INFO - Started process (PID=2071) to work on /home/airflow/.local/lib/python3.12/site-packages/airflow/example_dags/example_branch_operator.py
[2024-11-18T03:11:59.209+0000] {processor.py:914} INFO - Processing file /home/airflow/.local/lib/python3.12/site-packages/airflow/example_dags/example_branch_operator.py for tasks to queue
[2024-11-18T03:11:59.229+0000] {logging_mixin.py:190} INFO - [2024-11-18T03:11:59.229+0000] {dagbag.py:587} INFO - Filling up the DagBag from /home/airflow/.local/lib/python3.12/site-packages/airflow/example_dags/example_branch_operator.py
[2024-11-18T03:11:59.320+0000] {processor.py:925} INFO - DAG(s) 'example_branch_operator' retrieved from /home/airflow/.local/lib/python3.12/site-packages/airflow/example_dags/example_branch_operator.py
[2024-11-18T03:11:59.491+0000] {logging_mixin.py:190} INFO - [2024-11-18T03:11:59.488+0000] {dag.py:3229} INFO - Sync 1 DAGs
[2024-11-18T03:11:59.638+0000] {logging_mixin.py:190} INFO - [2024-11-18T03:11:59.638+0000] {dag.py:4156} INFO - Setting next_dagrun for example_branch_operator to 2024-11-17 00:00:00+00:00, run_after=2024-11-18 00:00:00+00:00
[2024-11-18T03:11:59.755+0000] {processor.py:208} INFO - Processing /home/airflow/.local/lib/python3.12/site-packages/airflow/example_dags/example_branch_operator.py took 0.592 seconds
[2024-11-18T03:12:30.062+0000] {processor.py:186} INFO - Started process (PID=2134) to work on /home/airflow/.local/lib/python3.12/site-packages/airflow/example_dags/example_branch_operator.py
[2024-11-18T03:12:30.065+0000] {processor.py:914} INFO - Processing file /home/airflow/.local/lib/python3.12/site-packages/airflow/example_dags/example_branch_operator.py for tasks to queue
[2024-11-18T03:12:30.071+0000] {logging_mixin.py:190} INFO - [2024-11-18T03:12:30.071+0000] {dagbag.py:587} INFO - Filling up the DagBag from /home/airflow/.local/lib/python3.12/site-packages/airflow/example_dags/example_branch_operator.py
[2024-11-18T03:12:30.138+0000] {processor.py:925} INFO - DAG(s) 'example_branch_operator' retrieved from /home/airflow/.local/lib/python3.12/site-packages/airflow/example_dags/example_branch_operator.py
[2024-11-18T03:12:30.221+0000] {logging_mixin.py:190} INFO - [2024-11-18T03:12:30.221+0000] {dag.py:3229} INFO - Sync 1 DAGs
[2024-11-18T03:12:30.250+0000] {logging_mixin.py:190} INFO - [2024-11-18T03:12:30.250+0000] {dag.py:4156} INFO - Setting next_dagrun for example_branch_operator to 2024-11-17 00:00:00+00:00, run_after=2024-11-18 00:00:00+00:00
[2024-11-18T03:12:30.271+0000] {processor.py:208} INFO - Processing /home/airflow/.local/lib/python3.12/site-packages/airflow/example_dags/example_branch_operator.py took 0.292 seconds
[2024-11-18T03:13:02.619+0000] {processor.py:186} INFO - Started process (PID=2196) to work on /home/airflow/.local/lib/python3.12/site-packages/airflow/example_dags/example_branch_operator.py
[2024-11-18T03:13:02.623+0000] {processor.py:914} INFO - Processing file /home/airflow/.local/lib/python3.12/site-packages/airflow/example_dags/example_branch_operator.py for tasks to queue
[2024-11-18T03:13:02.637+0000] {logging_mixin.py:190} INFO - [2024-11-18T03:13:02.632+0000] {dagbag.py:587} INFO - Filling up the DagBag from /home/airflow/.local/lib/python3.12/site-packages/airflow/example_dags/example_branch_operator.py
[2024-11-18T03:13:02.756+0000] {processor.py:925} INFO - DAG(s) 'example_branch_operator' retrieved from /home/airflow/.local/lib/python3.12/site-packages/airflow/example_dags/example_branch_operator.py
[2024-11-18T03:13:02.930+0000] {logging_mixin.py:190} INFO - [2024-11-18T03:13:02.930+0000] {dag.py:3229} INFO - Sync 1 DAGs
[2024-11-18T03:13:03.083+0000] {logging_mixin.py:190} INFO - [2024-11-18T03:13:03.083+0000] {dag.py:4156} INFO - Setting next_dagrun for example_branch_operator to 2024-11-17 00:00:00+00:00, run_after=2024-11-18 00:00:00+00:00
[2024-11-18T03:13:03.188+0000] {processor.py:208} INFO - Processing /home/airflow/.local/lib/python3.12/site-packages/airflow/example_dags/example_branch_operator.py took 0.588 seconds
[2024-11-18T03:13:34.338+0000] {processor.py:186} INFO - Started process (PID=2258) to work on /home/airflow/.local/lib/python3.12/site-packages/airflow/example_dags/example_branch_operator.py
[2024-11-18T03:13:34.340+0000] {processor.py:914} INFO - Processing file /home/airflow/.local/lib/python3.12/site-packages/airflow/example_dags/example_branch_operator.py for tasks to queue
[2024-11-18T03:13:34.346+0000] {logging_mixin.py:190} INFO - [2024-11-18T03:13:34.346+0000] {dagbag.py:587} INFO - Filling up the DagBag from /home/airflow/.local/lib/python3.12/site-packages/airflow/example_dags/example_branch_operator.py
[2024-11-18T03:13:34.401+0000] {processor.py:925} INFO - DAG(s) 'example_branch_operator' retrieved from /home/airflow/.local/lib/python3.12/site-packages/airflow/example_dags/example_branch_operator.py
[2024-11-18T03:13:34.488+0000] {logging_mixin.py:190} INFO - [2024-11-18T03:13:34.488+0000] {dag.py:3229} INFO - Sync 1 DAGs
[2024-11-18T03:13:34.636+0000] {logging_mixin.py:190} INFO - [2024-11-18T03:13:34.618+0000] {dag.py:4156} INFO - Setting next_dagrun for example_branch_operator to 2024-11-17 00:00:00+00:00, run_after=2024-11-18 00:00:00+00:00
[2024-11-18T03:13:34.757+0000] {processor.py:208} INFO - Processing /home/airflow/.local/lib/python3.12/site-packages/airflow/example_dags/example_branch_operator.py took 0.483 seconds
[2024-11-18T03:14:05.241+0000] {processor.py:186} INFO - Started process (PID=2319) to work on /home/airflow/.local/lib/python3.12/site-packages/airflow/example_dags/example_branch_operator.py
[2024-11-18T03:14:05.245+0000] {processor.py:914} INFO - Processing file /home/airflow/.local/lib/python3.12/site-packages/airflow/example_dags/example_branch_operator.py for tasks to queue
[2024-11-18T03:14:05.256+0000] {logging_mixin.py:190} INFO - [2024-11-18T03:14:05.253+0000] {dagbag.py:587} INFO - Filling up the DagBag from /home/airflow/.local/lib/python3.12/site-packages/airflow/example_dags/example_branch_operator.py
[2024-11-18T03:14:05.378+0000] {processor.py:925} INFO - DAG(s) 'example_branch_operator' retrieved from /home/airflow/.local/lib/python3.12/site-packages/airflow/example_dags/example_branch_operator.py
[2024-11-18T03:14:05.547+0000] {logging_mixin.py:190} INFO - [2024-11-18T03:14:05.547+0000] {dag.py:3229} INFO - Sync 1 DAGs
[2024-11-18T03:14:05.632+0000] {logging_mixin.py:190} INFO - [2024-11-18T03:14:05.628+0000] {dag.py:4156} INFO - Setting next_dagrun for example_branch_operator to 2024-11-17 00:00:00+00:00, run_after=2024-11-18 00:00:00+00:00
[2024-11-18T03:14:05.692+0000] {processor.py:208} INFO - Processing /home/airflow/.local/lib/python3.12/site-packages/airflow/example_dags/example_branch_operator.py took 0.476 seconds
[2024-11-18T03:14:37.770+0000] {processor.py:186} INFO - Started process (PID=2381) to work on /home/airflow/.local/lib/python3.12/site-packages/airflow/example_dags/example_branch_operator.py
[2024-11-18T03:14:37.771+0000] {processor.py:914} INFO - Processing file /home/airflow/.local/lib/python3.12/site-packages/airflow/example_dags/example_branch_operator.py for tasks to queue
[2024-11-18T03:14:37.776+0000] {logging_mixin.py:190} INFO - [2024-11-18T03:14:37.776+0000] {dagbag.py:587} INFO - Filling up the DagBag from /home/airflow/.local/lib/python3.12/site-packages/airflow/example_dags/example_branch_operator.py
[2024-11-18T03:14:37.895+0000] {processor.py:925} INFO - DAG(s) 'example_branch_operator' retrieved from /home/airflow/.local/lib/python3.12/site-packages/airflow/example_dags/example_branch_operator.py
[2024-11-18T03:14:37.975+0000] {logging_mixin.py:190} INFO - [2024-11-18T03:14:37.974+0000] {dag.py:3229} INFO - Sync 1 DAGs
[2024-11-18T03:14:38.042+0000] {logging_mixin.py:190} INFO - [2024-11-18T03:14:38.042+0000] {dag.py:4156} INFO - Setting next_dagrun for example_branch_operator to 2024-11-17 00:00:00+00:00, run_after=2024-11-18 00:00:00+00:00
[2024-11-18T03:14:38.220+0000] {processor.py:208} INFO - Processing /home/airflow/.local/lib/python3.12/site-packages/airflow/example_dags/example_branch_operator.py took 0.491 seconds
[2024-11-18T03:15:11.331+0000] {processor.py:186} INFO - Started process (PID=2443) to work on /home/airflow/.local/lib/python3.12/site-packages/airflow/example_dags/example_branch_operator.py
[2024-11-18T03:15:11.334+0000] {processor.py:914} INFO - Processing file /home/airflow/.local/lib/python3.12/site-packages/airflow/example_dags/example_branch_operator.py for tasks to queue
[2024-11-18T03:15:11.340+0000] {logging_mixin.py:190} INFO - [2024-11-18T03:15:11.340+0000] {dagbag.py:587} INFO - Filling up the DagBag from /home/airflow/.local/lib/python3.12/site-packages/airflow/example_dags/example_branch_operator.py
[2024-11-18T03:15:11.402+0000] {processor.py:925} INFO - DAG(s) 'example_branch_operator' retrieved from /home/airflow/.local/lib/python3.12/site-packages/airflow/example_dags/example_branch_operator.py
[2024-11-18T03:15:11.492+0000] {logging_mixin.py:190} INFO - [2024-11-18T03:15:11.492+0000] {dag.py:3229} INFO - Sync 1 DAGs
[2024-11-18T03:15:11.690+0000] {logging_mixin.py:190} INFO - [2024-11-18T03:15:11.687+0000] {dag.py:4156} INFO - Setting next_dagrun for example_branch_operator to 2024-11-17 00:00:00+00:00, run_after=2024-11-18 00:00:00+00:00
[2024-11-18T03:15:11.819+0000] {processor.py:208} INFO - Processing /home/airflow/.local/lib/python3.12/site-packages/airflow/example_dags/example_branch_operator.py took 0.535 seconds
[2024-11-18T03:15:44.930+0000] {processor.py:186} INFO - Started process (PID=2504) to work on /home/airflow/.local/lib/python3.12/site-packages/airflow/example_dags/example_branch_operator.py
[2024-11-18T03:15:44.932+0000] {processor.py:914} INFO - Processing file /home/airflow/.local/lib/python3.12/site-packages/airflow/example_dags/example_branch_operator.py for tasks to queue
[2024-11-18T03:15:44.937+0000] {logging_mixin.py:190} INFO - [2024-11-18T03:15:44.937+0000] {dagbag.py:587} INFO - Filling up the DagBag from /home/airflow/.local/lib/python3.12/site-packages/airflow/example_dags/example_branch_operator.py
[2024-11-18T03:15:45.067+0000] {processor.py:925} INFO - DAG(s) 'example_branch_operator' retrieved from /home/airflow/.local/lib/python3.12/site-packages/airflow/example_dags/example_branch_operator.py
[2024-11-18T03:15:45.197+0000] {logging_mixin.py:190} INFO - [2024-11-18T03:15:45.197+0000] {dag.py:3229} INFO - Sync 1 DAGs
[2024-11-18T03:15:45.285+0000] {logging_mixin.py:190} INFO - [2024-11-18T03:15:45.281+0000] {dag.py:4156} INFO - Setting next_dagrun for example_branch_operator to 2024-11-17 00:00:00+00:00, run_after=2024-11-18 00:00:00+00:00
[2024-11-18T03:15:45.415+0000] {processor.py:208} INFO - Processing /home/airflow/.local/lib/python3.12/site-packages/airflow/example_dags/example_branch_operator.py took 0.507 seconds
[2024-11-18T03:16:16.968+0000] {processor.py:186} INFO - Started process (PID=2566) to work on /home/airflow/.local/lib/python3.12/site-packages/airflow/example_dags/example_branch_operator.py
[2024-11-18T03:16:16.973+0000] {processor.py:914} INFO - Processing file /home/airflow/.local/lib/python3.12/site-packages/airflow/example_dags/example_branch_operator.py for tasks to queue
[2024-11-18T03:16:16.992+0000] {logging_mixin.py:190} INFO - [2024-11-18T03:16:16.988+0000] {dagbag.py:587} INFO - Filling up the DagBag from /home/airflow/.local/lib/python3.12/site-packages/airflow/example_dags/example_branch_operator.py
[2024-11-18T03:16:17.145+0000] {processor.py:925} INFO - DAG(s) 'example_branch_operator' retrieved from /home/airflow/.local/lib/python3.12/site-packages/airflow/example_dags/example_branch_operator.py
[2024-11-18T03:16:17.345+0000] {logging_mixin.py:190} INFO - [2024-11-18T03:16:17.345+0000] {dag.py:3229} INFO - Sync 1 DAGs
[2024-11-18T03:16:17.524+0000] {logging_mixin.py:190} INFO - [2024-11-18T03:16:17.524+0000] {dag.py:4156} INFO - Setting next_dagrun for example_branch_operator to 2024-11-17 00:00:00+00:00, run_after=2024-11-18 00:00:00+00:00
[2024-11-18T03:16:17.689+0000] {processor.py:208} INFO - Processing /home/airflow/.local/lib/python3.12/site-packages/airflow/example_dags/example_branch_operator.py took 0.814 seconds
[2024-11-18T03:16:50.542+0000] {processor.py:186} INFO - Started process (PID=2626) to work on /home/airflow/.local/lib/python3.12/site-packages/airflow/example_dags/example_branch_operator.py
[2024-11-18T03:16:50.655+0000] {processor.py:914} INFO - Processing file /home/airflow/.local/lib/python3.12/site-packages/airflow/example_dags/example_branch_operator.py for tasks to queue
[2024-11-18T03:16:50.684+0000] {logging_mixin.py:190} INFO - [2024-11-18T03:16:50.683+0000] {dagbag.py:587} INFO - Filling up the DagBag from /home/airflow/.local/lib/python3.12/site-packages/airflow/example_dags/example_branch_operator.py
[2024-11-18T03:16:50.744+0000] {processor.py:925} INFO - DAG(s) 'example_branch_operator' retrieved from /home/airflow/.local/lib/python3.12/site-packages/airflow/example_dags/example_branch_operator.py
[2024-11-18T03:16:50.914+0000] {logging_mixin.py:190} INFO - [2024-11-18T03:16:50.914+0000] {dag.py:3229} INFO - Sync 1 DAGs
[2024-11-18T03:16:50.979+0000] {logging_mixin.py:190} INFO - [2024-11-18T03:16:50.979+0000] {dag.py:4156} INFO - Setting next_dagrun for example_branch_operator to 2024-11-17 00:00:00+00:00, run_after=2024-11-18 00:00:00+00:00
[2024-11-18T03:16:51.048+0000] {processor.py:208} INFO - Processing /home/airflow/.local/lib/python3.12/site-packages/airflow/example_dags/example_branch_operator.py took 0.536 seconds
