[2024-11-18T02:55:24.295+0000] {processor.py:186} INFO - Started process (PID=70) to work on /home/airflow/.local/lib/python3.12/site-packages/airflow/example_dags/example_sensors.py
[2024-11-18T02:55:24.315+0000] {processor.py:914} INFO - Processing file /home/airflow/.local/lib/python3.12/site-packages/airflow/example_dags/example_sensors.py for tasks to queue
[2024-11-18T02:55:24.337+0000] {logging_mixin.py:190} INFO - [2024-11-18T02:55:24.336+0000] {dagbag.py:587} INFO - Filling up the DagBag from /home/airflow/.local/lib/python3.12/site-packages/airflow/example_dags/example_sensors.py
[2024-11-18T02:55:24.431+0000] {processor.py:925} INFO - DAG(s) 'example_sensors' retrieved from /home/airflow/.local/lib/python3.12/site-packages/airflow/example_dags/example_sensors.py
[2024-11-18T02:55:24.742+0000] {logging_mixin.py:190} INFO - [2024-11-18T02:55:24.742+0000] {dag.py:3229} INFO - Sync 1 DAGs
[2024-11-18T02:55:24.929+0000] {logging_mixin.py:190} INFO - [2024-11-18T02:55:24.929+0000] {dag.py:4156} INFO - Setting next_dagrun for example_sensors to None, run_after=None
[2024-11-18T02:55:25.229+0000] {processor.py:208} INFO - Processing /home/airflow/.local/lib/python3.12/site-packages/airflow/example_dags/example_sensors.py took 0.985 seconds
[2024-11-18T02:55:55.915+0000] {processor.py:186} INFO - Started process (PID=132) to work on /home/airflow/.local/lib/python3.12/site-packages/airflow/example_dags/example_sensors.py
[2024-11-18T02:55:55.918+0000] {processor.py:914} INFO - Processing file /home/airflow/.local/lib/python3.12/site-packages/airflow/example_dags/example_sensors.py for tasks to queue
[2024-11-18T02:55:55.922+0000] {logging_mixin.py:190} INFO - [2024-11-18T02:55:55.922+0000] {dagbag.py:587} INFO - Filling up the DagBag from /home/airflow/.local/lib/python3.12/site-packages/airflow/example_dags/example_sensors.py
[2024-11-18T02:55:55.946+0000] {processor.py:925} INFO - DAG(s) 'example_sensors' retrieved from /home/airflow/.local/lib/python3.12/site-packages/airflow/example_dags/example_sensors.py
[2024-11-18T02:55:55.995+0000] {logging_mixin.py:190} INFO - [2024-11-18T02:55:55.995+0000] {dag.py:3229} INFO - Sync 1 DAGs
[2024-11-18T02:55:56.028+0000] {logging_mixin.py:190} INFO - [2024-11-18T02:55:56.028+0000] {dag.py:4156} INFO - Setting next_dagrun for example_sensors to None, run_after=None
[2024-11-18T02:55:56.065+0000] {processor.py:208} INFO - Processing /home/airflow/.local/lib/python3.12/site-packages/airflow/example_dags/example_sensors.py took 0.163 seconds
[2024-11-18T02:56:27.064+0000] {processor.py:186} INFO - Started process (PID=194) to work on /home/airflow/.local/lib/python3.12/site-packages/airflow/example_dags/example_sensors.py
[2024-11-18T02:56:27.066+0000] {processor.py:914} INFO - Processing file /home/airflow/.local/lib/python3.12/site-packages/airflow/example_dags/example_sensors.py for tasks to queue
[2024-11-18T02:56:27.068+0000] {logging_mixin.py:190} INFO - [2024-11-18T02:56:27.068+0000] {dagbag.py:587} INFO - Filling up the DagBag from /home/airflow/.local/lib/python3.12/site-packages/airflow/example_dags/example_sensors.py
[2024-11-18T02:56:27.080+0000] {processor.py:925} INFO - DAG(s) 'example_sensors' retrieved from /home/airflow/.local/lib/python3.12/site-packages/airflow/example_dags/example_sensors.py
[2024-11-18T02:56:27.107+0000] {logging_mixin.py:190} INFO - [2024-11-18T02:56:27.106+0000] {dag.py:3229} INFO - Sync 1 DAGs
[2024-11-18T02:56:27.121+0000] {logging_mixin.py:190} INFO - [2024-11-18T02:56:27.121+0000] {dag.py:4156} INFO - Setting next_dagrun for example_sensors to None, run_after=None
[2024-11-18T02:56:27.138+0000] {processor.py:208} INFO - Processing /home/airflow/.local/lib/python3.12/site-packages/airflow/example_dags/example_sensors.py took 0.086 seconds
[2024-11-18T02:56:57.951+0000] {processor.py:186} INFO - Started process (PID=255) to work on /home/airflow/.local/lib/python3.12/site-packages/airflow/example_dags/example_sensors.py
[2024-11-18T02:56:57.955+0000] {processor.py:914} INFO - Processing file /home/airflow/.local/lib/python3.12/site-packages/airflow/example_dags/example_sensors.py for tasks to queue
[2024-11-18T02:56:57.959+0000] {logging_mixin.py:190} INFO - [2024-11-18T02:56:57.959+0000] {dagbag.py:587} INFO - Filling up the DagBag from /home/airflow/.local/lib/python3.12/site-packages/airflow/example_dags/example_sensors.py
[2024-11-18T02:56:57.982+0000] {processor.py:925} INFO - DAG(s) 'example_sensors' retrieved from /home/airflow/.local/lib/python3.12/site-packages/airflow/example_dags/example_sensors.py
[2024-11-18T02:56:58.042+0000] {logging_mixin.py:190} INFO - [2024-11-18T02:56:58.042+0000] {dag.py:3229} INFO - Sync 1 DAGs
[2024-11-18T02:56:58.072+0000] {logging_mixin.py:190} INFO - [2024-11-18T02:56:58.072+0000] {dag.py:4156} INFO - Setting next_dagrun for example_sensors to None, run_after=None
[2024-11-18T02:56:58.106+0000] {processor.py:208} INFO - Processing /home/airflow/.local/lib/python3.12/site-packages/airflow/example_dags/example_sensors.py took 0.171 seconds
[2024-11-18T02:57:28.493+0000] {processor.py:186} INFO - Started process (PID=317) to work on /home/airflow/.local/lib/python3.12/site-packages/airflow/example_dags/example_sensors.py
[2024-11-18T02:57:28.500+0000] {processor.py:914} INFO - Processing file /home/airflow/.local/lib/python3.12/site-packages/airflow/example_dags/example_sensors.py for tasks to queue
[2024-11-18T02:57:28.512+0000] {logging_mixin.py:190} INFO - [2024-11-18T02:57:28.512+0000] {dagbag.py:587} INFO - Filling up the DagBag from /home/airflow/.local/lib/python3.12/site-packages/airflow/example_dags/example_sensors.py
[2024-11-18T02:57:28.583+0000] {processor.py:925} INFO - DAG(s) 'example_sensors' retrieved from /home/airflow/.local/lib/python3.12/site-packages/airflow/example_dags/example_sensors.py
[2024-11-18T02:57:28.717+0000] {logging_mixin.py:190} INFO - [2024-11-18T02:57:28.717+0000] {dag.py:3229} INFO - Sync 1 DAGs
[2024-11-18T02:57:28.809+0000] {logging_mixin.py:190} INFO - [2024-11-18T02:57:28.803+0000] {dag.py:4156} INFO - Setting next_dagrun for example_sensors to None, run_after=None
[2024-11-18T02:57:28.941+0000] {processor.py:208} INFO - Processing /home/airflow/.local/lib/python3.12/site-packages/airflow/example_dags/example_sensors.py took 0.493 seconds
[2024-11-18T02:57:59.199+0000] {processor.py:186} INFO - Started process (PID=379) to work on /home/airflow/.local/lib/python3.12/site-packages/airflow/example_dags/example_sensors.py
[2024-11-18T02:57:59.204+0000] {processor.py:914} INFO - Processing file /home/airflow/.local/lib/python3.12/site-packages/airflow/example_dags/example_sensors.py for tasks to queue
[2024-11-18T02:57:59.210+0000] {logging_mixin.py:190} INFO - [2024-11-18T02:57:59.208+0000] {dagbag.py:587} INFO - Filling up the DagBag from /home/airflow/.local/lib/python3.12/site-packages/airflow/example_dags/example_sensors.py
[2024-11-18T02:57:59.239+0000] {processor.py:925} INFO - DAG(s) 'example_sensors' retrieved from /home/airflow/.local/lib/python3.12/site-packages/airflow/example_dags/example_sensors.py
[2024-11-18T02:57:59.294+0000] {logging_mixin.py:190} INFO - [2024-11-18T02:57:59.294+0000] {dag.py:3229} INFO - Sync 1 DAGs
[2024-11-18T02:57:59.324+0000] {logging_mixin.py:190} INFO - [2024-11-18T02:57:59.322+0000] {dag.py:4156} INFO - Setting next_dagrun for example_sensors to None, run_after=None
[2024-11-18T02:57:59.360+0000] {processor.py:208} INFO - Processing /home/airflow/.local/lib/python3.12/site-packages/airflow/example_dags/example_sensors.py took 0.173 seconds
[2024-11-18T02:58:30.154+0000] {processor.py:186} INFO - Started process (PID=442) to work on /home/airflow/.local/lib/python3.12/site-packages/airflow/example_dags/example_sensors.py
[2024-11-18T02:58:30.155+0000] {processor.py:914} INFO - Processing file /home/airflow/.local/lib/python3.12/site-packages/airflow/example_dags/example_sensors.py for tasks to queue
[2024-11-18T02:58:30.161+0000] {logging_mixin.py:190} INFO - [2024-11-18T02:58:30.159+0000] {dagbag.py:587} INFO - Filling up the DagBag from /home/airflow/.local/lib/python3.12/site-packages/airflow/example_dags/example_sensors.py
[2024-11-18T02:58:30.184+0000] {processor.py:925} INFO - DAG(s) 'example_sensors' retrieved from /home/airflow/.local/lib/python3.12/site-packages/airflow/example_dags/example_sensors.py
[2024-11-18T02:58:30.241+0000] {logging_mixin.py:190} INFO - [2024-11-18T02:58:30.241+0000] {dag.py:3229} INFO - Sync 1 DAGs
[2024-11-18T02:58:30.271+0000] {logging_mixin.py:190} INFO - [2024-11-18T02:58:30.269+0000] {dag.py:4156} INFO - Setting next_dagrun for example_sensors to None, run_after=None
[2024-11-18T02:58:30.309+0000] {processor.py:208} INFO - Processing /home/airflow/.local/lib/python3.12/site-packages/airflow/example_dags/example_sensors.py took 0.169 seconds
[2024-11-18T02:59:00.608+0000] {processor.py:186} INFO - Started process (PID=504) to work on /home/airflow/.local/lib/python3.12/site-packages/airflow/example_dags/example_sensors.py
[2024-11-18T02:59:00.609+0000] {processor.py:914} INFO - Processing file /home/airflow/.local/lib/python3.12/site-packages/airflow/example_dags/example_sensors.py for tasks to queue
[2024-11-18T02:59:00.615+0000] {logging_mixin.py:190} INFO - [2024-11-18T02:59:00.615+0000] {dagbag.py:587} INFO - Filling up the DagBag from /home/airflow/.local/lib/python3.12/site-packages/airflow/example_dags/example_sensors.py
[2024-11-18T02:59:00.647+0000] {processor.py:925} INFO - DAG(s) 'example_sensors' retrieved from /home/airflow/.local/lib/python3.12/site-packages/airflow/example_dags/example_sensors.py
[2024-11-18T02:59:00.697+0000] {logging_mixin.py:190} INFO - [2024-11-18T02:59:00.697+0000] {dag.py:3229} INFO - Sync 1 DAGs
[2024-11-18T02:59:00.727+0000] {logging_mixin.py:190} INFO - [2024-11-18T02:59:00.725+0000] {dag.py:4156} INFO - Setting next_dagrun for example_sensors to None, run_after=None
[2024-11-18T02:59:00.758+0000] {processor.py:208} INFO - Processing /home/airflow/.local/lib/python3.12/site-packages/airflow/example_dags/example_sensors.py took 0.164 seconds
[2024-11-18T02:59:32.196+0000] {processor.py:186} INFO - Started process (PID=565) to work on /home/airflow/.local/lib/python3.12/site-packages/airflow/example_dags/example_sensors.py
[2024-11-18T02:59:32.201+0000] {processor.py:914} INFO - Processing file /home/airflow/.local/lib/python3.12/site-packages/airflow/example_dags/example_sensors.py for tasks to queue
[2024-11-18T02:59:32.211+0000] {logging_mixin.py:190} INFO - [2024-11-18T02:59:32.209+0000] {dagbag.py:587} INFO - Filling up the DagBag from /home/airflow/.local/lib/python3.12/site-packages/airflow/example_dags/example_sensors.py
[2024-11-18T02:59:32.249+0000] {processor.py:925} INFO - DAG(s) 'example_sensors' retrieved from /home/airflow/.local/lib/python3.12/site-packages/airflow/example_dags/example_sensors.py
[2024-11-18T02:59:32.356+0000] {logging_mixin.py:190} INFO - [2024-11-18T02:59:32.356+0000] {dag.py:3229} INFO - Sync 1 DAGs
[2024-11-18T02:59:32.415+0000] {logging_mixin.py:190} INFO - [2024-11-18T02:59:32.411+0000] {dag.py:4156} INFO - Setting next_dagrun for example_sensors to None, run_after=None
[2024-11-18T02:59:32.575+0000] {processor.py:208} INFO - Processing /home/airflow/.local/lib/python3.12/site-packages/airflow/example_dags/example_sensors.py took 0.408 seconds
[2024-11-18T03:00:04.180+0000] {processor.py:186} INFO - Started process (PID=626) to work on /home/airflow/.local/lib/python3.12/site-packages/airflow/example_dags/example_sensors.py
[2024-11-18T03:00:04.192+0000] {processor.py:914} INFO - Processing file /home/airflow/.local/lib/python3.12/site-packages/airflow/example_dags/example_sensors.py for tasks to queue
[2024-11-18T03:00:04.210+0000] {logging_mixin.py:190} INFO - [2024-11-18T03:00:04.204+0000] {dagbag.py:587} INFO - Filling up the DagBag from /home/airflow/.local/lib/python3.12/site-packages/airflow/example_dags/example_sensors.py
[2024-11-18T03:00:04.294+0000] {processor.py:925} INFO - DAG(s) 'example_sensors' retrieved from /home/airflow/.local/lib/python3.12/site-packages/airflow/example_dags/example_sensors.py
[2024-11-18T03:00:04.460+0000] {logging_mixin.py:190} INFO - [2024-11-18T03:00:04.460+0000] {dag.py:3229} INFO - Sync 1 DAGs
[2024-11-18T03:00:04.547+0000] {logging_mixin.py:190} INFO - [2024-11-18T03:00:04.547+0000] {dag.py:4156} INFO - Setting next_dagrun for example_sensors to None, run_after=None
[2024-11-18T03:00:04.698+0000] {processor.py:208} INFO - Processing /home/airflow/.local/lib/python3.12/site-packages/airflow/example_dags/example_sensors.py took 0.554 seconds
[2024-11-18T03:00:34.835+0000] {processor.py:186} INFO - Started process (PID=686) to work on /home/airflow/.local/lib/python3.12/site-packages/airflow/example_dags/example_sensors.py
[2024-11-18T03:00:34.840+0000] {processor.py:914} INFO - Processing file /home/airflow/.local/lib/python3.12/site-packages/airflow/example_dags/example_sensors.py for tasks to queue
[2024-11-18T03:00:34.845+0000] {logging_mixin.py:190} INFO - [2024-11-18T03:00:34.845+0000] {dagbag.py:587} INFO - Filling up the DagBag from /home/airflow/.local/lib/python3.12/site-packages/airflow/example_dags/example_sensors.py
[2024-11-18T03:00:34.875+0000] {processor.py:925} INFO - DAG(s) 'example_sensors' retrieved from /home/airflow/.local/lib/python3.12/site-packages/airflow/example_dags/example_sensors.py
[2024-11-18T03:00:34.923+0000] {logging_mixin.py:190} INFO - [2024-11-18T03:00:34.923+0000] {dag.py:3229} INFO - Sync 1 DAGs
[2024-11-18T03:00:34.951+0000] {logging_mixin.py:190} INFO - [2024-11-18T03:00:34.951+0000] {dag.py:4156} INFO - Setting next_dagrun for example_sensors to None, run_after=None
[2024-11-18T03:00:34.986+0000] {processor.py:208} INFO - Processing /home/airflow/.local/lib/python3.12/site-packages/airflow/example_dags/example_sensors.py took 0.163 seconds
[2024-11-18T03:01:05.729+0000] {processor.py:186} INFO - Started process (PID=750) to work on /home/airflow/.local/lib/python3.12/site-packages/airflow/example_dags/example_sensors.py
[2024-11-18T03:01:05.731+0000] {processor.py:914} INFO - Processing file /home/airflow/.local/lib/python3.12/site-packages/airflow/example_dags/example_sensors.py for tasks to queue
[2024-11-18T03:01:05.735+0000] {logging_mixin.py:190} INFO - [2024-11-18T03:01:05.735+0000] {dagbag.py:587} INFO - Filling up the DagBag from /home/airflow/.local/lib/python3.12/site-packages/airflow/example_dags/example_sensors.py
[2024-11-18T03:01:05.758+0000] {processor.py:925} INFO - DAG(s) 'example_sensors' retrieved from /home/airflow/.local/lib/python3.12/site-packages/airflow/example_dags/example_sensors.py
[2024-11-18T03:01:05.814+0000] {logging_mixin.py:190} INFO - [2024-11-18T03:01:05.814+0000] {dag.py:3229} INFO - Sync 1 DAGs
[2024-11-18T03:01:05.842+0000] {logging_mixin.py:190} INFO - [2024-11-18T03:01:05.842+0000] {dag.py:4156} INFO - Setting next_dagrun for example_sensors to None, run_after=None
[2024-11-18T03:01:05.875+0000] {processor.py:208} INFO - Processing /home/airflow/.local/lib/python3.12/site-packages/airflow/example_dags/example_sensors.py took 0.171 seconds
[2024-11-18T03:01:36.599+0000] {processor.py:186} INFO - Started process (PID=812) to work on /home/airflow/.local/lib/python3.12/site-packages/airflow/example_dags/example_sensors.py
[2024-11-18T03:01:36.604+0000] {processor.py:914} INFO - Processing file /home/airflow/.local/lib/python3.12/site-packages/airflow/example_dags/example_sensors.py for tasks to queue
[2024-11-18T03:01:36.610+0000] {logging_mixin.py:190} INFO - [2024-11-18T03:01:36.610+0000] {dagbag.py:587} INFO - Filling up the DagBag from /home/airflow/.local/lib/python3.12/site-packages/airflow/example_dags/example_sensors.py
[2024-11-18T03:01:36.635+0000] {processor.py:925} INFO - DAG(s) 'example_sensors' retrieved from /home/airflow/.local/lib/python3.12/site-packages/airflow/example_dags/example_sensors.py
[2024-11-18T03:01:36.705+0000] {logging_mixin.py:190} INFO - [2024-11-18T03:01:36.705+0000] {dag.py:3229} INFO - Sync 1 DAGs
[2024-11-18T03:01:36.738+0000] {logging_mixin.py:190} INFO - [2024-11-18T03:01:36.736+0000] {dag.py:4156} INFO - Setting next_dagrun for example_sensors to None, run_after=None
[2024-11-18T03:01:36.780+0000] {processor.py:208} INFO - Processing /home/airflow/.local/lib/python3.12/site-packages/airflow/example_dags/example_sensors.py took 0.198 seconds
[2024-11-18T03:02:06.904+0000] {processor.py:186} INFO - Started process (PID=873) to work on /home/airflow/.local/lib/python3.12/site-packages/airflow/example_dags/example_sensors.py
[2024-11-18T03:02:06.907+0000] {processor.py:914} INFO - Processing file /home/airflow/.local/lib/python3.12/site-packages/airflow/example_dags/example_sensors.py for tasks to queue
[2024-11-18T03:02:06.909+0000] {logging_mixin.py:190} INFO - [2024-11-18T03:02:06.908+0000] {dagbag.py:587} INFO - Filling up the DagBag from /home/airflow/.local/lib/python3.12/site-packages/airflow/example_dags/example_sensors.py
[2024-11-18T03:02:06.919+0000] {processor.py:925} INFO - DAG(s) 'example_sensors' retrieved from /home/airflow/.local/lib/python3.12/site-packages/airflow/example_dags/example_sensors.py
[2024-11-18T03:02:06.942+0000] {logging_mixin.py:190} INFO - [2024-11-18T03:02:06.942+0000] {dag.py:3229} INFO - Sync 1 DAGs
[2024-11-18T03:02:06.955+0000] {logging_mixin.py:190} INFO - [2024-11-18T03:02:06.955+0000] {dag.py:4156} INFO - Setting next_dagrun for example_sensors to None, run_after=None
[2024-11-18T03:02:06.970+0000] {processor.py:208} INFO - Processing /home/airflow/.local/lib/python3.12/site-packages/airflow/example_dags/example_sensors.py took 0.076 seconds
[2024-11-18T03:02:37.629+0000] {processor.py:186} INFO - Started process (PID=936) to work on /home/airflow/.local/lib/python3.12/site-packages/airflow/example_dags/example_sensors.py
[2024-11-18T03:02:37.634+0000] {processor.py:914} INFO - Processing file /home/airflow/.local/lib/python3.12/site-packages/airflow/example_dags/example_sensors.py for tasks to queue
[2024-11-18T03:02:37.639+0000] {logging_mixin.py:190} INFO - [2024-11-18T03:02:37.637+0000] {dagbag.py:587} INFO - Filling up the DagBag from /home/airflow/.local/lib/python3.12/site-packages/airflow/example_dags/example_sensors.py
[2024-11-18T03:02:37.662+0000] {processor.py:925} INFO - DAG(s) 'example_sensors' retrieved from /home/airflow/.local/lib/python3.12/site-packages/airflow/example_dags/example_sensors.py
[2024-11-18T03:02:37.710+0000] {logging_mixin.py:190} INFO - [2024-11-18T03:02:37.710+0000] {dag.py:3229} INFO - Sync 1 DAGs
[2024-11-18T03:02:37.740+0000] {logging_mixin.py:190} INFO - [2024-11-18T03:02:37.738+0000] {dag.py:4156} INFO - Setting next_dagrun for example_sensors to None, run_after=None
[2024-11-18T03:02:37.774+0000] {processor.py:208} INFO - Processing /home/airflow/.local/lib/python3.12/site-packages/airflow/example_dags/example_sensors.py took 0.166 seconds
[2024-11-18T03:03:07.994+0000] {processor.py:186} INFO - Started process (PID=997) to work on /home/airflow/.local/lib/python3.12/site-packages/airflow/example_dags/example_sensors.py
[2024-11-18T03:03:08.002+0000] {processor.py:914} INFO - Processing file /home/airflow/.local/lib/python3.12/site-packages/airflow/example_dags/example_sensors.py for tasks to queue
[2024-11-18T03:03:08.019+0000] {logging_mixin.py:190} INFO - [2024-11-18T03:03:08.013+0000] {dagbag.py:587} INFO - Filling up the DagBag from /home/airflow/.local/lib/python3.12/site-packages/airflow/example_dags/example_sensors.py
[2024-11-18T03:03:08.090+0000] {processor.py:925} INFO - DAG(s) 'example_sensors' retrieved from /home/airflow/.local/lib/python3.12/site-packages/airflow/example_dags/example_sensors.py
[2024-11-18T03:03:08.238+0000] {logging_mixin.py:190} INFO - [2024-11-18T03:03:08.238+0000] {dag.py:3229} INFO - Sync 1 DAGs
[2024-11-18T03:03:08.322+0000] {logging_mixin.py:190} INFO - [2024-11-18T03:03:08.316+0000] {dag.py:4156} INFO - Setting next_dagrun for example_sensors to None, run_after=None
[2024-11-18T03:03:08.414+0000] {processor.py:208} INFO - Processing /home/airflow/.local/lib/python3.12/site-packages/airflow/example_dags/example_sensors.py took 0.445 seconds
[2024-11-18T03:03:38.509+0000] {processor.py:186} INFO - Started process (PID=1055) to work on /home/airflow/.local/lib/python3.12/site-packages/airflow/example_dags/example_sensors.py
[2024-11-18T03:03:38.514+0000] {processor.py:914} INFO - Processing file /home/airflow/.local/lib/python3.12/site-packages/airflow/example_dags/example_sensors.py for tasks to queue
[2024-11-18T03:03:38.519+0000] {logging_mixin.py:190} INFO - [2024-11-18T03:03:38.519+0000] {dagbag.py:587} INFO - Filling up the DagBag from /home/airflow/.local/lib/python3.12/site-packages/airflow/example_dags/example_sensors.py
[2024-11-18T03:03:38.556+0000] {processor.py:925} INFO - DAG(s) 'example_sensors' retrieved from /home/airflow/.local/lib/python3.12/site-packages/airflow/example_dags/example_sensors.py
[2024-11-18T03:03:38.608+0000] {logging_mixin.py:190} INFO - [2024-11-18T03:03:38.607+0000] {dag.py:3229} INFO - Sync 1 DAGs
[2024-11-18T03:03:38.636+0000] {logging_mixin.py:190} INFO - [2024-11-18T03:03:38.636+0000] {dag.py:4156} INFO - Setting next_dagrun for example_sensors to None, run_after=None
[2024-11-18T03:03:38.668+0000] {processor.py:208} INFO - Processing /home/airflow/.local/lib/python3.12/site-packages/airflow/example_dags/example_sensors.py took 0.172 seconds
[2024-11-18T03:04:09.137+0000] {processor.py:186} INFO - Started process (PID=1117) to work on /home/airflow/.local/lib/python3.12/site-packages/airflow/example_dags/example_sensors.py
[2024-11-18T03:04:09.140+0000] {processor.py:914} INFO - Processing file /home/airflow/.local/lib/python3.12/site-packages/airflow/example_dags/example_sensors.py for tasks to queue
[2024-11-18T03:04:09.146+0000] {logging_mixin.py:190} INFO - [2024-11-18T03:04:09.146+0000] {dagbag.py:587} INFO - Filling up the DagBag from /home/airflow/.local/lib/python3.12/site-packages/airflow/example_dags/example_sensors.py
[2024-11-18T03:04:09.173+0000] {processor.py:925} INFO - DAG(s) 'example_sensors' retrieved from /home/airflow/.local/lib/python3.12/site-packages/airflow/example_dags/example_sensors.py
[2024-11-18T03:04:09.223+0000] {logging_mixin.py:190} INFO - [2024-11-18T03:04:09.223+0000] {dag.py:3229} INFO - Sync 1 DAGs
[2024-11-18T03:04:09.256+0000] {logging_mixin.py:190} INFO - [2024-11-18T03:04:09.256+0000] {dag.py:4156} INFO - Setting next_dagrun for example_sensors to None, run_after=None
[2024-11-18T03:04:09.340+0000] {processor.py:208} INFO - Processing /home/airflow/.local/lib/python3.12/site-packages/airflow/example_dags/example_sensors.py took 0.215 seconds
[2024-11-18T03:04:39.619+0000] {processor.py:186} INFO - Started process (PID=1179) to work on /home/airflow/.local/lib/python3.12/site-packages/airflow/example_dags/example_sensors.py
[2024-11-18T03:04:39.622+0000] {processor.py:914} INFO - Processing file /home/airflow/.local/lib/python3.12/site-packages/airflow/example_dags/example_sensors.py for tasks to queue
[2024-11-18T03:04:39.632+0000] {logging_mixin.py:190} INFO - [2024-11-18T03:04:39.628+0000] {dagbag.py:587} INFO - Filling up the DagBag from /home/airflow/.local/lib/python3.12/site-packages/airflow/example_dags/example_sensors.py
[2024-11-18T03:04:39.669+0000] {processor.py:925} INFO - DAG(s) 'example_sensors' retrieved from /home/airflow/.local/lib/python3.12/site-packages/airflow/example_dags/example_sensors.py
[2024-11-18T03:04:39.720+0000] {logging_mixin.py:190} INFO - [2024-11-18T03:04:39.720+0000] {dag.py:3229} INFO - Sync 1 DAGs
[2024-11-18T03:04:39.750+0000] {logging_mixin.py:190} INFO - [2024-11-18T03:04:39.750+0000] {dag.py:4156} INFO - Setting next_dagrun for example_sensors to None, run_after=None
[2024-11-18T03:04:39.784+0000] {processor.py:208} INFO - Processing /home/airflow/.local/lib/python3.12/site-packages/airflow/example_dags/example_sensors.py took 0.179 seconds
[2024-11-18T03:05:09.952+0000] {processor.py:186} INFO - Started process (PID=1241) to work on /home/airflow/.local/lib/python3.12/site-packages/airflow/example_dags/example_sensors.py
[2024-11-18T03:05:09.958+0000] {processor.py:914} INFO - Processing file /home/airflow/.local/lib/python3.12/site-packages/airflow/example_dags/example_sensors.py for tasks to queue
[2024-11-18T03:05:09.963+0000] {logging_mixin.py:190} INFO - [2024-11-18T03:05:09.963+0000] {dagbag.py:587} INFO - Filling up the DagBag from /home/airflow/.local/lib/python3.12/site-packages/airflow/example_dags/example_sensors.py
[2024-11-18T03:05:09.989+0000] {processor.py:925} INFO - DAG(s) 'example_sensors' retrieved from /home/airflow/.local/lib/python3.12/site-packages/airflow/example_dags/example_sensors.py
[2024-11-18T03:05:10.042+0000] {logging_mixin.py:190} INFO - [2024-11-18T03:05:10.041+0000] {dag.py:3229} INFO - Sync 1 DAGs
[2024-11-18T03:05:10.073+0000] {logging_mixin.py:190} INFO - [2024-11-18T03:05:10.073+0000] {dag.py:4156} INFO - Setting next_dagrun for example_sensors to None, run_after=None
[2024-11-18T03:05:10.108+0000] {processor.py:208} INFO - Processing /home/airflow/.local/lib/python3.12/site-packages/airflow/example_dags/example_sensors.py took 0.166 seconds
[2024-11-18T03:05:40.286+0000] {processor.py:186} INFO - Started process (PID=1303) to work on /home/airflow/.local/lib/python3.12/site-packages/airflow/example_dags/example_sensors.py
[2024-11-18T03:05:40.289+0000] {processor.py:914} INFO - Processing file /home/airflow/.local/lib/python3.12/site-packages/airflow/example_dags/example_sensors.py for tasks to queue
[2024-11-18T03:05:40.295+0000] {logging_mixin.py:190} INFO - [2024-11-18T03:05:40.295+0000] {dagbag.py:587} INFO - Filling up the DagBag from /home/airflow/.local/lib/python3.12/site-packages/airflow/example_dags/example_sensors.py
[2024-11-18T03:05:40.323+0000] {processor.py:925} INFO - DAG(s) 'example_sensors' retrieved from /home/airflow/.local/lib/python3.12/site-packages/airflow/example_dags/example_sensors.py
[2024-11-18T03:05:40.375+0000] {logging_mixin.py:190} INFO - [2024-11-18T03:05:40.375+0000] {dag.py:3229} INFO - Sync 1 DAGs
[2024-11-18T03:05:40.403+0000] {logging_mixin.py:190} INFO - [2024-11-18T03:05:40.403+0000] {dag.py:4156} INFO - Setting next_dagrun for example_sensors to None, run_after=None
[2024-11-18T03:05:40.437+0000] {processor.py:208} INFO - Processing /home/airflow/.local/lib/python3.12/site-packages/airflow/example_dags/example_sensors.py took 0.166 seconds
[2024-11-18T03:06:11.166+0000] {processor.py:186} INFO - Started process (PID=1365) to work on /home/airflow/.local/lib/python3.12/site-packages/airflow/example_dags/example_sensors.py
[2024-11-18T03:06:11.170+0000] {processor.py:914} INFO - Processing file /home/airflow/.local/lib/python3.12/site-packages/airflow/example_dags/example_sensors.py for tasks to queue
[2024-11-18T03:06:11.183+0000] {logging_mixin.py:190} INFO - [2024-11-18T03:06:11.180+0000] {dagbag.py:587} INFO - Filling up the DagBag from /home/airflow/.local/lib/python3.12/site-packages/airflow/example_dags/example_sensors.py
[2024-11-18T03:06:11.234+0000] {processor.py:925} INFO - DAG(s) 'example_sensors' retrieved from /home/airflow/.local/lib/python3.12/site-packages/airflow/example_dags/example_sensors.py
[2024-11-18T03:06:11.347+0000] {logging_mixin.py:190} INFO - [2024-11-18T03:06:11.345+0000] {dag.py:3229} INFO - Sync 1 DAGs
[2024-11-18T03:06:11.400+0000] {logging_mixin.py:190} INFO - [2024-11-18T03:06:11.400+0000] {dag.py:4156} INFO - Setting next_dagrun for example_sensors to None, run_after=None
[2024-11-18T03:06:11.471+0000] {processor.py:208} INFO - Processing /home/airflow/.local/lib/python3.12/site-packages/airflow/example_dags/example_sensors.py took 0.329 seconds
[2024-11-18T03:06:42.322+0000] {processor.py:186} INFO - Started process (PID=1428) to work on /home/airflow/.local/lib/python3.12/site-packages/airflow/example_dags/example_sensors.py
[2024-11-18T03:06:42.327+0000] {processor.py:914} INFO - Processing file /home/airflow/.local/lib/python3.12/site-packages/airflow/example_dags/example_sensors.py for tasks to queue
[2024-11-18T03:06:42.341+0000] {logging_mixin.py:190} INFO - [2024-11-18T03:06:42.341+0000] {dagbag.py:587} INFO - Filling up the DagBag from /home/airflow/.local/lib/python3.12/site-packages/airflow/example_dags/example_sensors.py
[2024-11-18T03:06:42.389+0000] {processor.py:925} INFO - DAG(s) 'example_sensors' retrieved from /home/airflow/.local/lib/python3.12/site-packages/airflow/example_dags/example_sensors.py
[2024-11-18T03:06:42.514+0000] {logging_mixin.py:190} INFO - [2024-11-18T03:06:42.514+0000] {dag.py:3229} INFO - Sync 1 DAGs
[2024-11-18T03:06:42.573+0000] {logging_mixin.py:190} INFO - [2024-11-18T03:06:42.573+0000] {dag.py:4156} INFO - Setting next_dagrun for example_sensors to None, run_after=None
[2024-11-18T03:06:42.650+0000] {processor.py:208} INFO - Processing /home/airflow/.local/lib/python3.12/site-packages/airflow/example_dags/example_sensors.py took 0.355 seconds
[2024-11-18T03:07:13.718+0000] {processor.py:186} INFO - Started process (PID=1490) to work on /home/airflow/.local/lib/python3.12/site-packages/airflow/example_dags/example_sensors.py
[2024-11-18T03:07:13.718+0000] {processor.py:914} INFO - Processing file /home/airflow/.local/lib/python3.12/site-packages/airflow/example_dags/example_sensors.py for tasks to queue
[2024-11-18T03:07:13.730+0000] {logging_mixin.py:190} INFO - [2024-11-18T03:07:13.730+0000] {dagbag.py:587} INFO - Filling up the DagBag from /home/airflow/.local/lib/python3.12/site-packages/airflow/example_dags/example_sensors.py
[2024-11-18T03:07:13.774+0000] {processor.py:925} INFO - DAG(s) 'example_sensors' retrieved from /home/airflow/.local/lib/python3.12/site-packages/airflow/example_dags/example_sensors.py
[2024-11-18T03:07:13.875+0000] {logging_mixin.py:190} INFO - [2024-11-18T03:07:13.875+0000] {dag.py:3229} INFO - Sync 1 DAGs
[2024-11-18T03:07:13.933+0000] {logging_mixin.py:190} INFO - [2024-11-18T03:07:13.929+0000] {dag.py:4156} INFO - Setting next_dagrun for example_sensors to None, run_after=None
[2024-11-18T03:07:14.022+0000] {processor.py:208} INFO - Processing /home/airflow/.local/lib/python3.12/site-packages/airflow/example_dags/example_sensors.py took 0.341 seconds
[2024-11-18T03:07:44.523+0000] {processor.py:186} INFO - Started process (PID=1551) to work on /home/airflow/.local/lib/python3.12/site-packages/airflow/example_dags/example_sensors.py
[2024-11-18T03:07:44.525+0000] {processor.py:914} INFO - Processing file /home/airflow/.local/lib/python3.12/site-packages/airflow/example_dags/example_sensors.py for tasks to queue
[2024-11-18T03:07:44.530+0000] {logging_mixin.py:190} INFO - [2024-11-18T03:07:44.530+0000] {dagbag.py:587} INFO - Filling up the DagBag from /home/airflow/.local/lib/python3.12/site-packages/airflow/example_dags/example_sensors.py
[2024-11-18T03:07:44.561+0000] {processor.py:925} INFO - DAG(s) 'example_sensors' retrieved from /home/airflow/.local/lib/python3.12/site-packages/airflow/example_dags/example_sensors.py
[2024-11-18T03:07:44.612+0000] {logging_mixin.py:190} INFO - [2024-11-18T03:07:44.611+0000] {dag.py:3229} INFO - Sync 1 DAGs
[2024-11-18T03:07:44.655+0000] {logging_mixin.py:190} INFO - [2024-11-18T03:07:44.654+0000] {dag.py:4156} INFO - Setting next_dagrun for example_sensors to None, run_after=None
[2024-11-18T03:07:44.693+0000] {processor.py:208} INFO - Processing /home/airflow/.local/lib/python3.12/site-packages/airflow/example_dags/example_sensors.py took 0.184 seconds
[2024-11-18T03:08:14.828+0000] {processor.py:186} INFO - Started process (PID=1612) to work on /home/airflow/.local/lib/python3.12/site-packages/airflow/example_dags/example_sensors.py
[2024-11-18T03:08:14.832+0000] {processor.py:914} INFO - Processing file /home/airflow/.local/lib/python3.12/site-packages/airflow/example_dags/example_sensors.py for tasks to queue
[2024-11-18T03:08:14.834+0000] {logging_mixin.py:190} INFO - [2024-11-18T03:08:14.834+0000] {dagbag.py:587} INFO - Filling up the DagBag from /home/airflow/.local/lib/python3.12/site-packages/airflow/example_dags/example_sensors.py
[2024-11-18T03:08:14.845+0000] {processor.py:925} INFO - DAG(s) 'example_sensors' retrieved from /home/airflow/.local/lib/python3.12/site-packages/airflow/example_dags/example_sensors.py
[2024-11-18T03:08:14.870+0000] {logging_mixin.py:190} INFO - [2024-11-18T03:08:14.870+0000] {dag.py:3229} INFO - Sync 1 DAGs
[2024-11-18T03:08:14.884+0000] {logging_mixin.py:190} INFO - [2024-11-18T03:08:14.883+0000] {dag.py:4156} INFO - Setting next_dagrun for example_sensors to None, run_after=None
[2024-11-18T03:08:14.900+0000] {processor.py:208} INFO - Processing /home/airflow/.local/lib/python3.12/site-packages/airflow/example_dags/example_sensors.py took 0.078 seconds
[2024-11-18T03:08:45.028+0000] {processor.py:186} INFO - Started process (PID=1676) to work on /home/airflow/.local/lib/python3.12/site-packages/airflow/example_dags/example_sensors.py
[2024-11-18T03:08:45.028+0000] {processor.py:914} INFO - Processing file /home/airflow/.local/lib/python3.12/site-packages/airflow/example_dags/example_sensors.py for tasks to queue
[2024-11-18T03:08:45.031+0000] {logging_mixin.py:190} INFO - [2024-11-18T03:08:45.030+0000] {dagbag.py:587} INFO - Filling up the DagBag from /home/airflow/.local/lib/python3.12/site-packages/airflow/example_dags/example_sensors.py
[2024-11-18T03:08:45.041+0000] {processor.py:925} INFO - DAG(s) 'example_sensors' retrieved from /home/airflow/.local/lib/python3.12/site-packages/airflow/example_dags/example_sensors.py
[2024-11-18T03:08:45.072+0000] {logging_mixin.py:190} INFO - [2024-11-18T03:08:45.072+0000] {dag.py:3229} INFO - Sync 1 DAGs
[2024-11-18T03:08:45.085+0000] {logging_mixin.py:190} INFO - [2024-11-18T03:08:45.084+0000] {dag.py:4156} INFO - Setting next_dagrun for example_sensors to None, run_after=None
[2024-11-18T03:08:45.100+0000] {processor.py:208} INFO - Processing /home/airflow/.local/lib/python3.12/site-packages/airflow/example_dags/example_sensors.py took 0.078 seconds
[2024-11-18T03:09:15.972+0000] {processor.py:186} INFO - Started process (PID=1739) to work on /home/airflow/.local/lib/python3.12/site-packages/airflow/example_dags/example_sensors.py
[2024-11-18T03:09:15.974+0000] {processor.py:914} INFO - Processing file /home/airflow/.local/lib/python3.12/site-packages/airflow/example_dags/example_sensors.py for tasks to queue
[2024-11-18T03:09:15.981+0000] {logging_mixin.py:190} INFO - [2024-11-18T03:09:15.979+0000] {dagbag.py:587} INFO - Filling up the DagBag from /home/airflow/.local/lib/python3.12/site-packages/airflow/example_dags/example_sensors.py
[2024-11-18T03:09:16.003+0000] {processor.py:925} INFO - DAG(s) 'example_sensors' retrieved from /home/airflow/.local/lib/python3.12/site-packages/airflow/example_dags/example_sensors.py
[2024-11-18T03:09:16.054+0000] {logging_mixin.py:190} INFO - [2024-11-18T03:09:16.054+0000] {dag.py:3229} INFO - Sync 1 DAGs
[2024-11-18T03:09:16.080+0000] {logging_mixin.py:190} INFO - [2024-11-18T03:09:16.080+0000] {dag.py:4156} INFO - Setting next_dagrun for example_sensors to None, run_after=None
[2024-11-18T03:09:16.116+0000] {processor.py:208} INFO - Processing /home/airflow/.local/lib/python3.12/site-packages/airflow/example_dags/example_sensors.py took 0.159 seconds
[2024-11-18T03:09:46.302+0000] {processor.py:186} INFO - Started process (PID=1801) to work on /home/airflow/.local/lib/python3.12/site-packages/airflow/example_dags/example_sensors.py
[2024-11-18T03:09:46.302+0000] {processor.py:914} INFO - Processing file /home/airflow/.local/lib/python3.12/site-packages/airflow/example_dags/example_sensors.py for tasks to queue
[2024-11-18T03:09:46.304+0000] {logging_mixin.py:190} INFO - [2024-11-18T03:09:46.304+0000] {dagbag.py:587} INFO - Filling up the DagBag from /home/airflow/.local/lib/python3.12/site-packages/airflow/example_dags/example_sensors.py
[2024-11-18T03:09:46.315+0000] {processor.py:925} INFO - DAG(s) 'example_sensors' retrieved from /home/airflow/.local/lib/python3.12/site-packages/airflow/example_dags/example_sensors.py
[2024-11-18T03:09:46.341+0000] {logging_mixin.py:190} INFO - [2024-11-18T03:09:46.341+0000] {dag.py:3229} INFO - Sync 1 DAGs
[2024-11-18T03:09:46.355+0000] {logging_mixin.py:190} INFO - [2024-11-18T03:09:46.354+0000] {dag.py:4156} INFO - Setting next_dagrun for example_sensors to None, run_after=None
[2024-11-18T03:09:46.373+0000] {processor.py:208} INFO - Processing /home/airflow/.local/lib/python3.12/site-packages/airflow/example_dags/example_sensors.py took 0.077 seconds
[2024-11-18T03:10:16.541+0000] {processor.py:186} INFO - Started process (PID=1864) to work on /home/airflow/.local/lib/python3.12/site-packages/airflow/example_dags/example_sensors.py
[2024-11-18T03:10:16.543+0000] {processor.py:914} INFO - Processing file /home/airflow/.local/lib/python3.12/site-packages/airflow/example_dags/example_sensors.py for tasks to queue
[2024-11-18T03:10:16.545+0000] {logging_mixin.py:190} INFO - [2024-11-18T03:10:16.544+0000] {dagbag.py:587} INFO - Filling up the DagBag from /home/airflow/.local/lib/python3.12/site-packages/airflow/example_dags/example_sensors.py
[2024-11-18T03:10:16.555+0000] {processor.py:925} INFO - DAG(s) 'example_sensors' retrieved from /home/airflow/.local/lib/python3.12/site-packages/airflow/example_dags/example_sensors.py
[2024-11-18T03:10:16.579+0000] {logging_mixin.py:190} INFO - [2024-11-18T03:10:16.579+0000] {dag.py:3229} INFO - Sync 1 DAGs
[2024-11-18T03:10:16.592+0000] {logging_mixin.py:190} INFO - [2024-11-18T03:10:16.592+0000] {dag.py:4156} INFO - Setting next_dagrun for example_sensors to None, run_after=None
[2024-11-18T03:10:16.607+0000] {processor.py:208} INFO - Processing /home/airflow/.local/lib/python3.12/site-packages/airflow/example_dags/example_sensors.py took 0.072 seconds
[2024-11-18T03:10:47.657+0000] {processor.py:186} INFO - Started process (PID=1923) to work on /home/airflow/.local/lib/python3.12/site-packages/airflow/example_dags/example_sensors.py
[2024-11-18T03:10:47.682+0000] {processor.py:914} INFO - Processing file /home/airflow/.local/lib/python3.12/site-packages/airflow/example_dags/example_sensors.py for tasks to queue
[2024-11-18T03:10:47.699+0000] {logging_mixin.py:190} INFO - [2024-11-18T03:10:47.699+0000] {dagbag.py:587} INFO - Filling up the DagBag from /home/airflow/.local/lib/python3.12/site-packages/airflow/example_dags/example_sensors.py
[2024-11-18T03:10:47.783+0000] {processor.py:925} INFO - DAG(s) 'example_sensors' retrieved from /home/airflow/.local/lib/python3.12/site-packages/airflow/example_dags/example_sensors.py
[2024-11-18T03:10:47.965+0000] {logging_mixin.py:190} INFO - [2024-11-18T03:10:47.965+0000] {dag.py:3229} INFO - Sync 1 DAGs
[2024-11-18T03:10:48.107+0000] {logging_mixin.py:190} INFO - [2024-11-18T03:10:48.107+0000] {dag.py:4156} INFO - Setting next_dagrun for example_sensors to None, run_after=None
[2024-11-18T03:10:48.270+0000] {processor.py:208} INFO - Processing /home/airflow/.local/lib/python3.12/site-packages/airflow/example_dags/example_sensors.py took 0.671 seconds
[2024-11-18T03:11:18.501+0000] {processor.py:186} INFO - Started process (PID=1984) to work on /home/airflow/.local/lib/python3.12/site-packages/airflow/example_dags/example_sensors.py
[2024-11-18T03:11:18.505+0000] {processor.py:914} INFO - Processing file /home/airflow/.local/lib/python3.12/site-packages/airflow/example_dags/example_sensors.py for tasks to queue
[2024-11-18T03:11:18.520+0000] {logging_mixin.py:190} INFO - [2024-11-18T03:11:18.516+0000] {dagbag.py:587} INFO - Filling up the DagBag from /home/airflow/.local/lib/python3.12/site-packages/airflow/example_dags/example_sensors.py
[2024-11-18T03:11:18.570+0000] {processor.py:925} INFO - DAG(s) 'example_sensors' retrieved from /home/airflow/.local/lib/python3.12/site-packages/airflow/example_dags/example_sensors.py
[2024-11-18T03:11:18.637+0000] {logging_mixin.py:190} INFO - [2024-11-18T03:11:18.637+0000] {dag.py:3229} INFO - Sync 1 DAGs
[2024-11-18T03:11:18.698+0000] {logging_mixin.py:190} INFO - [2024-11-18T03:11:18.698+0000] {dag.py:4156} INFO - Setting next_dagrun for example_sensors to None, run_after=None
[2024-11-18T03:11:18.783+0000] {processor.py:208} INFO - Processing /home/airflow/.local/lib/python3.12/site-packages/airflow/example_dags/example_sensors.py took 0.308 seconds
[2024-11-18T03:11:48.954+0000] {processor.py:186} INFO - Started process (PID=2046) to work on /home/airflow/.local/lib/python3.12/site-packages/airflow/example_dags/example_sensors.py
[2024-11-18T03:11:49.040+0000] {processor.py:914} INFO - Processing file /home/airflow/.local/lib/python3.12/site-packages/airflow/example_dags/example_sensors.py for tasks to queue
[2024-11-18T03:11:49.046+0000] {logging_mixin.py:190} INFO - [2024-11-18T03:11:49.046+0000] {dagbag.py:587} INFO - Filling up the DagBag from /home/airflow/.local/lib/python3.12/site-packages/airflow/example_dags/example_sensors.py
[2024-11-18T03:11:49.062+0000] {processor.py:925} INFO - DAG(s) 'example_sensors' retrieved from /home/airflow/.local/lib/python3.12/site-packages/airflow/example_dags/example_sensors.py
[2024-11-18T03:11:49.153+0000] {logging_mixin.py:190} INFO - [2024-11-18T03:11:49.153+0000] {dag.py:3229} INFO - Sync 1 DAGs
[2024-11-18T03:11:49.173+0000] {logging_mixin.py:190} INFO - [2024-11-18T03:11:49.173+0000] {dag.py:4156} INFO - Setting next_dagrun for example_sensors to None, run_after=None
[2024-11-18T03:11:49.251+0000] {processor.py:208} INFO - Processing /home/airflow/.local/lib/python3.12/site-packages/airflow/example_dags/example_sensors.py took 0.335 seconds
[2024-11-18T03:12:19.940+0000] {processor.py:186} INFO - Started process (PID=2108) to work on /home/airflow/.local/lib/python3.12/site-packages/airflow/example_dags/example_sensors.py
[2024-11-18T03:12:19.941+0000] {processor.py:914} INFO - Processing file /home/airflow/.local/lib/python3.12/site-packages/airflow/example_dags/example_sensors.py for tasks to queue
[2024-11-18T03:12:19.944+0000] {logging_mixin.py:190} INFO - [2024-11-18T03:12:19.944+0000] {dagbag.py:587} INFO - Filling up the DagBag from /home/airflow/.local/lib/python3.12/site-packages/airflow/example_dags/example_sensors.py
[2024-11-18T03:12:20.021+0000] {processor.py:925} INFO - DAG(s) 'example_sensors' retrieved from /home/airflow/.local/lib/python3.12/site-packages/airflow/example_dags/example_sensors.py
[2024-11-18T03:12:20.088+0000] {logging_mixin.py:190} INFO - [2024-11-18T03:12:20.087+0000] {dag.py:3229} INFO - Sync 1 DAGs
[2024-11-18T03:12:20.117+0000] {logging_mixin.py:190} INFO - [2024-11-18T03:12:20.116+0000] {dag.py:4156} INFO - Setting next_dagrun for example_sensors to None, run_after=None
[2024-11-18T03:12:20.167+0000] {processor.py:208} INFO - Processing /home/airflow/.local/lib/python3.12/site-packages/airflow/example_dags/example_sensors.py took 0.234 seconds
[2024-11-18T03:12:51.200+0000] {processor.py:186} INFO - Started process (PID=2170) to work on /home/airflow/.local/lib/python3.12/site-packages/airflow/example_dags/example_sensors.py
[2024-11-18T03:12:51.202+0000] {processor.py:914} INFO - Processing file /home/airflow/.local/lib/python3.12/site-packages/airflow/example_dags/example_sensors.py for tasks to queue
[2024-11-18T03:12:51.205+0000] {logging_mixin.py:190} INFO - [2024-11-18T03:12:51.205+0000] {dagbag.py:587} INFO - Filling up the DagBag from /home/airflow/.local/lib/python3.12/site-packages/airflow/example_dags/example_sensors.py
[2024-11-18T03:12:51.365+0000] {processor.py:925} INFO - DAG(s) 'example_sensors' retrieved from /home/airflow/.local/lib/python3.12/site-packages/airflow/example_dags/example_sensors.py
[2024-11-18T03:12:51.508+0000] {logging_mixin.py:190} INFO - [2024-11-18T03:12:51.507+0000] {dag.py:3229} INFO - Sync 1 DAGs
[2024-11-18T03:12:51.609+0000] {logging_mixin.py:190} INFO - [2024-11-18T03:12:51.609+0000] {dag.py:4156} INFO - Setting next_dagrun for example_sensors to None, run_after=None
[2024-11-18T03:12:51.659+0000] {processor.py:208} INFO - Processing /home/airflow/.local/lib/python3.12/site-packages/airflow/example_dags/example_sensors.py took 0.467 seconds
[2024-11-18T03:13:23.511+0000] {processor.py:186} INFO - Started process (PID=2230) to work on /home/airflow/.local/lib/python3.12/site-packages/airflow/example_dags/example_sensors.py
[2024-11-18T03:13:23.517+0000] {processor.py:914} INFO - Processing file /home/airflow/.local/lib/python3.12/site-packages/airflow/example_dags/example_sensors.py for tasks to queue
[2024-11-18T03:13:23.523+0000] {logging_mixin.py:190} INFO - [2024-11-18T03:13:23.521+0000] {dagbag.py:587} INFO - Filling up the DagBag from /home/airflow/.local/lib/python3.12/site-packages/airflow/example_dags/example_sensors.py
[2024-11-18T03:13:23.586+0000] {processor.py:925} INFO - DAG(s) 'example_sensors' retrieved from /home/airflow/.local/lib/python3.12/site-packages/airflow/example_dags/example_sensors.py
[2024-11-18T03:13:23.859+0000] {logging_mixin.py:190} INFO - [2024-11-18T03:13:23.859+0000] {dag.py:3229} INFO - Sync 1 DAGs
[2024-11-18T03:13:24.026+0000] {logging_mixin.py:190} INFO - [2024-11-18T03:13:24.020+0000] {dag.py:4156} INFO - Setting next_dagrun for example_sensors to None, run_after=None
[2024-11-18T03:13:24.161+0000] {processor.py:208} INFO - Processing /home/airflow/.local/lib/python3.12/site-packages/airflow/example_dags/example_sensors.py took 0.664 seconds
[2024-11-18T03:13:55.663+0000] {processor.py:186} INFO - Started process (PID=2292) to work on /home/airflow/.local/lib/python3.12/site-packages/airflow/example_dags/example_sensors.py
[2024-11-18T03:13:55.670+0000] {processor.py:914} INFO - Processing file /home/airflow/.local/lib/python3.12/site-packages/airflow/example_dags/example_sensors.py for tasks to queue
[2024-11-18T03:13:55.690+0000] {logging_mixin.py:190} INFO - [2024-11-18T03:13:55.686+0000] {dagbag.py:587} INFO - Filling up the DagBag from /home/airflow/.local/lib/python3.12/site-packages/airflow/example_dags/example_sensors.py
[2024-11-18T03:13:55.779+0000] {processor.py:925} INFO - DAG(s) 'example_sensors' retrieved from /home/airflow/.local/lib/python3.12/site-packages/airflow/example_dags/example_sensors.py
[2024-11-18T03:13:55.885+0000] {logging_mixin.py:190} INFO - [2024-11-18T03:13:55.884+0000] {dag.py:3229} INFO - Sync 1 DAGs
[2024-11-18T03:13:55.906+0000] {logging_mixin.py:190} INFO - [2024-11-18T03:13:55.905+0000] {dag.py:4156} INFO - Setting next_dagrun for example_sensors to None, run_after=None
[2024-11-18T03:13:56.033+0000] {processor.py:208} INFO - Processing /home/airflow/.local/lib/python3.12/site-packages/airflow/example_dags/example_sensors.py took 0.451 seconds
[2024-11-18T03:14:29.491+0000] {processor.py:186} INFO - Started process (PID=2360) to work on /home/airflow/.local/lib/python3.12/site-packages/airflow/example_dags/example_sensors.py
[2024-11-18T03:14:29.494+0000] {processor.py:914} INFO - Processing file /home/airflow/.local/lib/python3.12/site-packages/airflow/example_dags/example_sensors.py for tasks to queue
[2024-11-18T03:14:29.500+0000] {logging_mixin.py:190} INFO - [2024-11-18T03:14:29.500+0000] {dagbag.py:587} INFO - Filling up the DagBag from /home/airflow/.local/lib/python3.12/site-packages/airflow/example_dags/example_sensors.py
[2024-11-18T03:14:29.626+0000] {processor.py:925} INFO - DAG(s) 'example_sensors' retrieved from /home/airflow/.local/lib/python3.12/site-packages/airflow/example_dags/example_sensors.py
[2024-11-18T03:14:29.749+0000] {logging_mixin.py:190} INFO - [2024-11-18T03:14:29.749+0000] {dag.py:3229} INFO - Sync 1 DAGs
[2024-11-18T03:14:29.895+0000] {logging_mixin.py:190} INFO - [2024-11-18T03:14:29.893+0000] {dag.py:4156} INFO - Setting next_dagrun for example_sensors to None, run_after=None
[2024-11-18T03:14:30.004+0000] {processor.py:208} INFO - Processing /home/airflow/.local/lib/python3.12/site-packages/airflow/example_dags/example_sensors.py took 0.562 seconds
[2024-11-18T03:15:00.903+0000] {processor.py:186} INFO - Started process (PID=2421) to work on /home/airflow/.local/lib/python3.12/site-packages/airflow/example_dags/example_sensors.py
[2024-11-18T03:15:00.910+0000] {processor.py:914} INFO - Processing file /home/airflow/.local/lib/python3.12/site-packages/airflow/example_dags/example_sensors.py for tasks to queue
[2024-11-18T03:15:00.919+0000] {logging_mixin.py:190} INFO - [2024-11-18T03:15:00.916+0000] {dagbag.py:587} INFO - Filling up the DagBag from /home/airflow/.local/lib/python3.12/site-packages/airflow/example_dags/example_sensors.py
[2024-11-18T03:15:00.968+0000] {processor.py:925} INFO - DAG(s) 'example_sensors' retrieved from /home/airflow/.local/lib/python3.12/site-packages/airflow/example_dags/example_sensors.py
[2024-11-18T03:15:01.354+0000] {logging_mixin.py:190} INFO - [2024-11-18T03:15:01.354+0000] {dag.py:3229} INFO - Sync 1 DAGs
[2024-11-18T03:15:01.628+0000] {logging_mixin.py:190} INFO - [2024-11-18T03:15:01.626+0000] {dag.py:4156} INFO - Setting next_dagrun for example_sensors to None, run_after=None
[2024-11-18T03:15:01.705+0000] {processor.py:208} INFO - Processing /home/airflow/.local/lib/python3.12/site-packages/airflow/example_dags/example_sensors.py took 0.820 seconds
[2024-11-18T03:15:33.730+0000] {processor.py:186} INFO - Started process (PID=2482) to work on /home/airflow/.local/lib/python3.12/site-packages/airflow/example_dags/example_sensors.py
[2024-11-18T03:15:33.778+0000] {processor.py:914} INFO - Processing file /home/airflow/.local/lib/python3.12/site-packages/airflow/example_dags/example_sensors.py for tasks to queue
[2024-11-18T03:15:33.810+0000] {logging_mixin.py:190} INFO - [2024-11-18T03:15:33.806+0000] {dagbag.py:587} INFO - Filling up the DagBag from /home/airflow/.local/lib/python3.12/site-packages/airflow/example_dags/example_sensors.py
[2024-11-18T03:15:33.887+0000] {processor.py:925} INFO - DAG(s) 'example_sensors' retrieved from /home/airflow/.local/lib/python3.12/site-packages/airflow/example_dags/example_sensors.py
[2024-11-18T03:15:34.034+0000] {logging_mixin.py:190} INFO - [2024-11-18T03:15:34.032+0000] {dag.py:3229} INFO - Sync 1 DAGs
[2024-11-18T03:15:34.070+0000] {logging_mixin.py:190} INFO - [2024-11-18T03:15:34.070+0000] {dag.py:4156} INFO - Setting next_dagrun for example_sensors to None, run_after=None
[2024-11-18T03:15:34.313+0000] {processor.py:208} INFO - Processing /home/airflow/.local/lib/python3.12/site-packages/airflow/example_dags/example_sensors.py took 0.664 seconds
[2024-11-18T03:16:05.365+0000] {processor.py:186} INFO - Started process (PID=2541) to work on /home/airflow/.local/lib/python3.12/site-packages/airflow/example_dags/example_sensors.py
[2024-11-18T03:16:05.366+0000] {processor.py:914} INFO - Processing file /home/airflow/.local/lib/python3.12/site-packages/airflow/example_dags/example_sensors.py for tasks to queue
[2024-11-18T03:16:05.369+0000] {logging_mixin.py:190} INFO - [2024-11-18T03:16:05.368+0000] {dagbag.py:587} INFO - Filling up the DagBag from /home/airflow/.local/lib/python3.12/site-packages/airflow/example_dags/example_sensors.py
[2024-11-18T03:16:05.511+0000] {processor.py:925} INFO - DAG(s) 'example_sensors' retrieved from /home/airflow/.local/lib/python3.12/site-packages/airflow/example_dags/example_sensors.py
[2024-11-18T03:16:05.556+0000] {logging_mixin.py:190} INFO - [2024-11-18T03:16:05.556+0000] {dag.py:3229} INFO - Sync 1 DAGs
[2024-11-18T03:16:05.591+0000] {logging_mixin.py:190} INFO - [2024-11-18T03:16:05.591+0000] {dag.py:4156} INFO - Setting next_dagrun for example_sensors to None, run_after=None
[2024-11-18T03:16:05.617+0000] {processor.py:208} INFO - Processing /home/airflow/.local/lib/python3.12/site-packages/airflow/example_dags/example_sensors.py took 0.261 seconds
[2024-11-18T03:16:37.111+0000] {processor.py:186} INFO - Started process (PID=2603) to work on /home/airflow/.local/lib/python3.12/site-packages/airflow/example_dags/example_sensors.py
[2024-11-18T03:16:37.154+0000] {processor.py:914} INFO - Processing file /home/airflow/.local/lib/python3.12/site-packages/airflow/example_dags/example_sensors.py for tasks to queue
[2024-11-18T03:16:37.186+0000] {logging_mixin.py:190} INFO - [2024-11-18T03:16:37.186+0000] {dagbag.py:587} INFO - Filling up the DagBag from /home/airflow/.local/lib/python3.12/site-packages/airflow/example_dags/example_sensors.py
[2024-11-18T03:16:37.361+0000] {processor.py:925} INFO - DAG(s) 'example_sensors' retrieved from /home/airflow/.local/lib/python3.12/site-packages/airflow/example_dags/example_sensors.py
[2024-11-18T03:16:37.444+0000] {logging_mixin.py:190} INFO - [2024-11-18T03:16:37.444+0000] {dag.py:3229} INFO - Sync 1 DAGs
[2024-11-18T03:16:37.490+0000] {logging_mixin.py:190} INFO - [2024-11-18T03:16:37.484+0000] {dag.py:4156} INFO - Setting next_dagrun for example_sensors to None, run_after=None
[2024-11-18T03:16:37.662+0000] {processor.py:208} INFO - Processing /home/airflow/.local/lib/python3.12/site-packages/airflow/example_dags/example_sensors.py took 0.573 seconds
