[2024-11-18T02:55:22.210+0000] {processor.py:186} INFO - Started process (PID=69) to work on /home/airflow/.local/lib/python3.12/site-packages/airflow/example_dags/example_dag_decorator.py
[2024-11-18T02:55:22.214+0000] {processor.py:914} INFO - Processing file /home/airflow/.local/lib/python3.12/site-packages/airflow/example_dags/example_dag_decorator.py for tasks to queue
[2024-11-18T02:55:22.257+0000] {logging_mixin.py:190} INFO - [2024-11-18T02:55:22.225+0000] {dagbag.py:587} INFO - Filling up the DagBag from /home/airflow/.local/lib/python3.12/site-packages/airflow/example_dags/example_dag_decorator.py
[2024-11-18T02:55:22.382+0000] {processor.py:925} INFO - DAG(s) 'example_dag_decorator' retrieved from /home/airflow/.local/lib/python3.12/site-packages/airflow/example_dags/example_dag_decorator.py
[2024-11-18T02:55:23.675+0000] {logging_mixin.py:190} INFO - [2024-11-18T02:55:23.675+0000] {dag.py:3229} INFO - Sync 1 DAGs
[2024-11-18T02:55:23.807+0000] {logging_mixin.py:190} INFO - [2024-11-18T02:55:23.802+0000] {dag.py:4156} INFO - Setting next_dagrun for example_dag_decorator to None, run_after=None
[2024-11-18T02:55:24.047+0000] {processor.py:208} INFO - Processing /home/airflow/.local/lib/python3.12/site-packages/airflow/example_dags/example_dag_decorator.py took 1.889 seconds
[2024-11-18T02:55:54.583+0000] {processor.py:186} INFO - Started process (PID=131) to work on /home/airflow/.local/lib/python3.12/site-packages/airflow/example_dags/example_dag_decorator.py
[2024-11-18T02:55:54.589+0000] {processor.py:914} INFO - Processing file /home/airflow/.local/lib/python3.12/site-packages/airflow/example_dags/example_dag_decorator.py for tasks to queue
[2024-11-18T02:55:54.601+0000] {logging_mixin.py:190} INFO - [2024-11-18T02:55:54.601+0000] {dagbag.py:587} INFO - Filling up the DagBag from /home/airflow/.local/lib/python3.12/site-packages/airflow/example_dags/example_dag_decorator.py
[2024-11-18T02:55:54.651+0000] {processor.py:925} INFO - DAG(s) 'example_dag_decorator' retrieved from /home/airflow/.local/lib/python3.12/site-packages/airflow/example_dags/example_dag_decorator.py
[2024-11-18T02:55:54.994+0000] {logging_mixin.py:190} INFO - [2024-11-18T02:55:54.994+0000] {dag.py:3229} INFO - Sync 1 DAGs
[2024-11-18T02:55:55.023+0000] {logging_mixin.py:190} INFO - [2024-11-18T02:55:55.023+0000] {dag.py:4156} INFO - Setting next_dagrun for example_dag_decorator to None, run_after=None
[2024-11-18T02:55:55.057+0000] {processor.py:208} INFO - Processing /home/airflow/.local/lib/python3.12/site-packages/airflow/example_dags/example_dag_decorator.py took 0.508 seconds
[2024-11-18T02:56:25.947+0000] {processor.py:186} INFO - Started process (PID=193) to work on /home/airflow/.local/lib/python3.12/site-packages/airflow/example_dags/example_dag_decorator.py
[2024-11-18T02:56:25.948+0000] {processor.py:914} INFO - Processing file /home/airflow/.local/lib/python3.12/site-packages/airflow/example_dags/example_dag_decorator.py for tasks to queue
[2024-11-18T02:56:25.950+0000] {logging_mixin.py:190} INFO - [2024-11-18T02:56:25.949+0000] {dagbag.py:587} INFO - Filling up the DagBag from /home/airflow/.local/lib/python3.12/site-packages/airflow/example_dags/example_dag_decorator.py
[2024-11-18T02:56:25.961+0000] {processor.py:925} INFO - DAG(s) 'example_dag_decorator' retrieved from /home/airflow/.local/lib/python3.12/site-packages/airflow/example_dags/example_dag_decorator.py
[2024-11-18T02:56:25.984+0000] {logging_mixin.py:190} INFO - [2024-11-18T02:56:25.984+0000] {dag.py:3229} INFO - Sync 1 DAGs
[2024-11-18T02:56:25.998+0000] {logging_mixin.py:190} INFO - [2024-11-18T02:56:25.998+0000] {dag.py:4156} INFO - Setting next_dagrun for example_dag_decorator to None, run_after=None
[2024-11-18T02:56:26.014+0000] {processor.py:208} INFO - Processing /home/airflow/.local/lib/python3.12/site-packages/airflow/example_dags/example_dag_decorator.py took 0.073 seconds
[2024-11-18T02:56:56.637+0000] {processor.py:186} INFO - Started process (PID=254) to work on /home/airflow/.local/lib/python3.12/site-packages/airflow/example_dags/example_dag_decorator.py
[2024-11-18T02:56:56.643+0000] {processor.py:914} INFO - Processing file /home/airflow/.local/lib/python3.12/site-packages/airflow/example_dags/example_dag_decorator.py for tasks to queue
[2024-11-18T02:56:56.649+0000] {logging_mixin.py:190} INFO - [2024-11-18T02:56:56.649+0000] {dagbag.py:587} INFO - Filling up the DagBag from /home/airflow/.local/lib/python3.12/site-packages/airflow/example_dags/example_dag_decorator.py
[2024-11-18T02:56:56.695+0000] {processor.py:925} INFO - DAG(s) 'example_dag_decorator' retrieved from /home/airflow/.local/lib/python3.12/site-packages/airflow/example_dags/example_dag_decorator.py
[2024-11-18T02:56:57.051+0000] {logging_mixin.py:190} INFO - [2024-11-18T02:56:57.051+0000] {dag.py:3229} INFO - Sync 1 DAGs
[2024-11-18T02:56:57.078+0000] {logging_mixin.py:190} INFO - [2024-11-18T02:56:57.078+0000] {dag.py:4156} INFO - Setting next_dagrun for example_dag_decorator to None, run_after=None
[2024-11-18T02:56:57.116+0000] {processor.py:208} INFO - Processing /home/airflow/.local/lib/python3.12/site-packages/airflow/example_dags/example_dag_decorator.py took 0.500 seconds
[2024-11-18T02:57:27.848+0000] {processor.py:186} INFO - Started process (PID=316) to work on /home/airflow/.local/lib/python3.12/site-packages/airflow/example_dags/example_dag_decorator.py
[2024-11-18T02:57:27.848+0000] {processor.py:914} INFO - Processing file /home/airflow/.local/lib/python3.12/site-packages/airflow/example_dags/example_dag_decorator.py for tasks to queue
[2024-11-18T02:57:27.857+0000] {logging_mixin.py:190} INFO - [2024-11-18T02:57:27.854+0000] {dagbag.py:587} INFO - Filling up the DagBag from /home/airflow/.local/lib/python3.12/site-packages/airflow/example_dags/example_dag_decorator.py
[2024-11-18T02:57:27.918+0000] {processor.py:925} INFO - DAG(s) 'example_dag_decorator' retrieved from /home/airflow/.local/lib/python3.12/site-packages/airflow/example_dags/example_dag_decorator.py
[2024-11-18T02:57:28.266+0000] {logging_mixin.py:190} INFO - [2024-11-18T02:57:28.265+0000] {dag.py:3229} INFO - Sync 1 DAGs
[2024-11-18T02:57:28.301+0000] {logging_mixin.py:190} INFO - [2024-11-18T02:57:28.301+0000] {dag.py:4156} INFO - Setting next_dagrun for example_dag_decorator to None, run_after=None
[2024-11-18T02:57:28.363+0000] {processor.py:208} INFO - Processing /home/airflow/.local/lib/python3.12/site-packages/airflow/example_dags/example_dag_decorator.py took 0.535 seconds
[2024-11-18T02:57:59.177+0000] {processor.py:186} INFO - Started process (PID=378) to work on /home/airflow/.local/lib/python3.12/site-packages/airflow/example_dags/example_dag_decorator.py
[2024-11-18T02:57:59.181+0000] {processor.py:914} INFO - Processing file /home/airflow/.local/lib/python3.12/site-packages/airflow/example_dags/example_dag_decorator.py for tasks to queue
[2024-11-18T02:57:59.186+0000] {logging_mixin.py:190} INFO - [2024-11-18T02:57:59.186+0000] {dagbag.py:587} INFO - Filling up the DagBag from /home/airflow/.local/lib/python3.12/site-packages/airflow/example_dags/example_dag_decorator.py
[2024-11-18T02:57:59.215+0000] {processor.py:925} INFO - DAG(s) 'example_dag_decorator' retrieved from /home/airflow/.local/lib/python3.12/site-packages/airflow/example_dags/example_dag_decorator.py
[2024-11-18T02:57:59.462+0000] {logging_mixin.py:190} INFO - [2024-11-18T02:57:59.462+0000] {dag.py:3229} INFO - Sync 1 DAGs
[2024-11-18T02:57:59.487+0000] {logging_mixin.py:190} INFO - [2024-11-18T02:57:59.487+0000] {dag.py:4156} INFO - Setting next_dagrun for example_dag_decorator to None, run_after=None
[2024-11-18T02:57:59.527+0000] {processor.py:208} INFO - Processing /home/airflow/.local/lib/python3.12/site-packages/airflow/example_dags/example_dag_decorator.py took 0.362 seconds
[2024-11-18T02:58:30.130+0000] {processor.py:186} INFO - Started process (PID=441) to work on /home/airflow/.local/lib/python3.12/site-packages/airflow/example_dags/example_dag_decorator.py
[2024-11-18T02:58:30.135+0000] {processor.py:914} INFO - Processing file /home/airflow/.local/lib/python3.12/site-packages/airflow/example_dags/example_dag_decorator.py for tasks to queue
[2024-11-18T02:58:30.139+0000] {logging_mixin.py:190} INFO - [2024-11-18T02:58:30.139+0000] {dagbag.py:587} INFO - Filling up the DagBag from /home/airflow/.local/lib/python3.12/site-packages/airflow/example_dags/example_dag_decorator.py
[2024-11-18T02:58:30.164+0000] {processor.py:925} INFO - DAG(s) 'example_dag_decorator' retrieved from /home/airflow/.local/lib/python3.12/site-packages/airflow/example_dags/example_dag_decorator.py
[2024-11-18T02:58:30.413+0000] {logging_mixin.py:190} INFO - [2024-11-18T02:58:30.413+0000] {dag.py:3229} INFO - Sync 1 DAGs
[2024-11-18T02:58:30.440+0000] {logging_mixin.py:190} INFO - [2024-11-18T02:58:30.440+0000] {dag.py:4156} INFO - Setting next_dagrun for example_dag_decorator to None, run_after=None
[2024-11-18T02:58:30.475+0000] {processor.py:208} INFO - Processing /home/airflow/.local/lib/python3.12/site-packages/airflow/example_dags/example_dag_decorator.py took 0.358 seconds
[2024-11-18T02:59:00.583+0000] {processor.py:186} INFO - Started process (PID=503) to work on /home/airflow/.local/lib/python3.12/site-packages/airflow/example_dags/example_dag_decorator.py
[2024-11-18T02:59:00.587+0000] {processor.py:914} INFO - Processing file /home/airflow/.local/lib/python3.12/site-packages/airflow/example_dags/example_dag_decorator.py for tasks to queue
[2024-11-18T02:59:00.591+0000] {logging_mixin.py:190} INFO - [2024-11-18T02:59:00.591+0000] {dagbag.py:587} INFO - Filling up the DagBag from /home/airflow/.local/lib/python3.12/site-packages/airflow/example_dags/example_dag_decorator.py
[2024-11-18T02:59:00.620+0000] {processor.py:925} INFO - DAG(s) 'example_dag_decorator' retrieved from /home/airflow/.local/lib/python3.12/site-packages/airflow/example_dags/example_dag_decorator.py
[2024-11-18T02:59:00.869+0000] {logging_mixin.py:190} INFO - [2024-11-18T02:59:00.868+0000] {dag.py:3229} INFO - Sync 1 DAGs
[2024-11-18T02:59:00.893+0000] {logging_mixin.py:190} INFO - [2024-11-18T02:59:00.893+0000] {dag.py:4156} INFO - Setting next_dagrun for example_dag_decorator to None, run_after=None
[2024-11-18T02:59:00.931+0000] {processor.py:208} INFO - Processing /home/airflow/.local/lib/python3.12/site-packages/airflow/example_dags/example_dag_decorator.py took 0.362 seconds
[2024-11-18T02:59:32.150+0000] {processor.py:186} INFO - Started process (PID=564) to work on /home/airflow/.local/lib/python3.12/site-packages/airflow/example_dags/example_dag_decorator.py
[2024-11-18T02:59:32.156+0000] {processor.py:914} INFO - Processing file /home/airflow/.local/lib/python3.12/site-packages/airflow/example_dags/example_dag_decorator.py for tasks to queue
[2024-11-18T02:59:32.165+0000] {logging_mixin.py:190} INFO - [2024-11-18T02:59:32.165+0000] {dagbag.py:587} INFO - Filling up the DagBag from /home/airflow/.local/lib/python3.12/site-packages/airflow/example_dags/example_dag_decorator.py
[2024-11-18T02:59:32.216+0000] {processor.py:925} INFO - DAG(s) 'example_dag_decorator' retrieved from /home/airflow/.local/lib/python3.12/site-packages/airflow/example_dags/example_dag_decorator.py
[2024-11-18T02:59:32.783+0000] {logging_mixin.py:190} INFO - [2024-11-18T02:59:32.783+0000] {dag.py:3229} INFO - Sync 1 DAGs
[2024-11-18T02:59:32.829+0000] {logging_mixin.py:190} INFO - [2024-11-18T02:59:32.829+0000] {dag.py:4156} INFO - Setting next_dagrun for example_dag_decorator to None, run_after=None
[2024-11-18T02:59:32.899+0000] {processor.py:208} INFO - Processing /home/airflow/.local/lib/python3.12/site-packages/airflow/example_dags/example_dag_decorator.py took 0.773 seconds
[2024-11-18T03:00:03.718+0000] {processor.py:186} INFO - Started process (PID=625) to work on /home/airflow/.local/lib/python3.12/site-packages/airflow/example_dags/example_dag_decorator.py
[2024-11-18T03:00:03.727+0000] {processor.py:914} INFO - Processing file /home/airflow/.local/lib/python3.12/site-packages/airflow/example_dags/example_dag_decorator.py for tasks to queue
[2024-11-18T03:00:03.743+0000] {logging_mixin.py:190} INFO - [2024-11-18T03:00:03.743+0000] {dagbag.py:587} INFO - Filling up the DagBag from /home/airflow/.local/lib/python3.12/site-packages/airflow/example_dags/example_dag_decorator.py
[2024-11-18T03:00:03.824+0000] {processor.py:925} INFO - DAG(s) 'example_dag_decorator' retrieved from /home/airflow/.local/lib/python3.12/site-packages/airflow/example_dags/example_dag_decorator.py
[2024-11-18T03:00:04.627+0000] {logging_mixin.py:190} INFO - [2024-11-18T03:00:04.627+0000] {dag.py:3229} INFO - Sync 1 DAGs
[2024-11-18T03:00:04.701+0000] {logging_mixin.py:190} INFO - [2024-11-18T03:00:04.701+0000] {dag.py:4156} INFO - Setting next_dagrun for example_dag_decorator to None, run_after=None
[2024-11-18T03:00:04.819+0000] {processor.py:208} INFO - Processing /home/airflow/.local/lib/python3.12/site-packages/airflow/example_dags/example_dag_decorator.py took 1.143 seconds
[2024-11-18T03:00:35.058+0000] {processor.py:186} INFO - Started process (PID=688) to work on /home/airflow/.local/lib/python3.12/site-packages/airflow/example_dags/example_dag_decorator.py
[2024-11-18T03:00:35.062+0000] {processor.py:914} INFO - Processing file /home/airflow/.local/lib/python3.12/site-packages/airflow/example_dags/example_dag_decorator.py for tasks to queue
[2024-11-18T03:00:35.066+0000] {logging_mixin.py:190} INFO - [2024-11-18T03:00:35.066+0000] {dagbag.py:587} INFO - Filling up the DagBag from /home/airflow/.local/lib/python3.12/site-packages/airflow/example_dags/example_dag_decorator.py
[2024-11-18T03:00:35.090+0000] {processor.py:925} INFO - DAG(s) 'example_dag_decorator' retrieved from /home/airflow/.local/lib/python3.12/site-packages/airflow/example_dags/example_dag_decorator.py
[2024-11-18T03:00:35.314+0000] {logging_mixin.py:190} INFO - [2024-11-18T03:00:35.314+0000] {dag.py:3229} INFO - Sync 1 DAGs
[2024-11-18T03:00:35.341+0000] {logging_mixin.py:190} INFO - [2024-11-18T03:00:35.341+0000] {dag.py:4156} INFO - Setting next_dagrun for example_dag_decorator to None, run_after=None
[2024-11-18T03:00:35.374+0000] {processor.py:208} INFO - Processing /home/airflow/.local/lib/python3.12/site-packages/airflow/example_dags/example_dag_decorator.py took 0.328 seconds
[2024-11-18T03:01:05.694+0000] {processor.py:186} INFO - Started process (PID=749) to work on /home/airflow/.local/lib/python3.12/site-packages/airflow/example_dags/example_dag_decorator.py
[2024-11-18T03:01:05.697+0000] {processor.py:914} INFO - Processing file /home/airflow/.local/lib/python3.12/site-packages/airflow/example_dags/example_dag_decorator.py for tasks to queue
[2024-11-18T03:01:05.703+0000] {logging_mixin.py:190} INFO - [2024-11-18T03:01:05.703+0000] {dagbag.py:587} INFO - Filling up the DagBag from /home/airflow/.local/lib/python3.12/site-packages/airflow/example_dags/example_dag_decorator.py
[2024-11-18T03:01:05.740+0000] {processor.py:925} INFO - DAG(s) 'example_dag_decorator' retrieved from /home/airflow/.local/lib/python3.12/site-packages/airflow/example_dags/example_dag_decorator.py
[2024-11-18T03:01:05.973+0000] {logging_mixin.py:190} INFO - [2024-11-18T03:01:05.971+0000] {dag.py:3229} INFO - Sync 1 DAGs
[2024-11-18T03:01:06.000+0000] {logging_mixin.py:190} INFO - [2024-11-18T03:01:05.998+0000] {dag.py:4156} INFO - Setting next_dagrun for example_dag_decorator to None, run_after=None
[2024-11-18T03:01:06.033+0000] {processor.py:208} INFO - Processing /home/airflow/.local/lib/python3.12/site-packages/airflow/example_dags/example_dag_decorator.py took 0.351 seconds
[2024-11-18T03:01:36.571+0000] {processor.py:186} INFO - Started process (PID=811) to work on /home/airflow/.local/lib/python3.12/site-packages/airflow/example_dags/example_dag_decorator.py
[2024-11-18T03:01:36.575+0000] {processor.py:914} INFO - Processing file /home/airflow/.local/lib/python3.12/site-packages/airflow/example_dags/example_dag_decorator.py for tasks to queue
[2024-11-18T03:01:36.581+0000] {logging_mixin.py:190} INFO - [2024-11-18T03:01:36.581+0000] {dagbag.py:587} INFO - Filling up the DagBag from /home/airflow/.local/lib/python3.12/site-packages/airflow/example_dags/example_dag_decorator.py
[2024-11-18T03:01:36.615+0000] {processor.py:925} INFO - DAG(s) 'example_dag_decorator' retrieved from /home/airflow/.local/lib/python3.12/site-packages/airflow/example_dags/example_dag_decorator.py
[2024-11-18T03:01:36.875+0000] {logging_mixin.py:190} INFO - [2024-11-18T03:01:36.873+0000] {dag.py:3229} INFO - Sync 1 DAGs
[2024-11-18T03:01:36.897+0000] {logging_mixin.py:190} INFO - [2024-11-18T03:01:36.897+0000] {dag.py:4156} INFO - Setting next_dagrun for example_dag_decorator to None, run_after=None
[2024-11-18T03:01:36.937+0000] {processor.py:208} INFO - Processing /home/airflow/.local/lib/python3.12/site-packages/airflow/example_dags/example_dag_decorator.py took 0.378 seconds
[2024-11-18T03:02:07.010+0000] {processor.py:186} INFO - Started process (PID=874) to work on /home/airflow/.local/lib/python3.12/site-packages/airflow/example_dags/example_dag_decorator.py
[2024-11-18T03:02:07.011+0000] {processor.py:914} INFO - Processing file /home/airflow/.local/lib/python3.12/site-packages/airflow/example_dags/example_dag_decorator.py for tasks to queue
[2024-11-18T03:02:07.013+0000] {logging_mixin.py:190} INFO - [2024-11-18T03:02:07.012+0000] {dagbag.py:587} INFO - Filling up the DagBag from /home/airflow/.local/lib/python3.12/site-packages/airflow/example_dags/example_dag_decorator.py
[2024-11-18T03:02:07.024+0000] {processor.py:925} INFO - DAG(s) 'example_dag_decorator' retrieved from /home/airflow/.local/lib/python3.12/site-packages/airflow/example_dags/example_dag_decorator.py
[2024-11-18T03:02:07.128+0000] {logging_mixin.py:190} INFO - [2024-11-18T03:02:07.128+0000] {dag.py:3229} INFO - Sync 1 DAGs
[2024-11-18T03:02:07.139+0000] {logging_mixin.py:190} INFO - [2024-11-18T03:02:07.138+0000] {dag.py:4156} INFO - Setting next_dagrun for example_dag_decorator to None, run_after=None
[2024-11-18T03:02:07.155+0000] {processor.py:208} INFO - Processing /home/airflow/.local/lib/python3.12/site-packages/airflow/example_dags/example_dag_decorator.py took 0.151 seconds
[2024-11-18T03:02:37.600+0000] {processor.py:186} INFO - Started process (PID=935) to work on /home/airflow/.local/lib/python3.12/site-packages/airflow/example_dags/example_dag_decorator.py
[2024-11-18T03:02:37.603+0000] {processor.py:914} INFO - Processing file /home/airflow/.local/lib/python3.12/site-packages/airflow/example_dags/example_dag_decorator.py for tasks to queue
[2024-11-18T03:02:37.609+0000] {logging_mixin.py:190} INFO - [2024-11-18T03:02:37.609+0000] {dagbag.py:587} INFO - Filling up the DagBag from /home/airflow/.local/lib/python3.12/site-packages/airflow/example_dags/example_dag_decorator.py
[2024-11-18T03:02:37.644+0000] {processor.py:925} INFO - DAG(s) 'example_dag_decorator' retrieved from /home/airflow/.local/lib/python3.12/site-packages/airflow/example_dags/example_dag_decorator.py
[2024-11-18T03:02:37.869+0000] {logging_mixin.py:190} INFO - [2024-11-18T03:02:37.869+0000] {dag.py:3229} INFO - Sync 1 DAGs
[2024-11-18T03:02:37.893+0000] {logging_mixin.py:190} INFO - [2024-11-18T03:02:37.893+0000] {dag.py:4156} INFO - Setting next_dagrun for example_dag_decorator to None, run_after=None
[2024-11-18T03:02:37.916+0000] {processor.py:208} INFO - Processing /home/airflow/.local/lib/python3.12/site-packages/airflow/example_dags/example_dag_decorator.py took 0.336 seconds
[2024-11-18T03:03:08.115+0000] {processor.py:186} INFO - Started process (PID=998) to work on /home/airflow/.local/lib/python3.12/site-packages/airflow/example_dags/example_dag_decorator.py
[2024-11-18T03:03:08.117+0000] {processor.py:914} INFO - Processing file /home/airflow/.local/lib/python3.12/site-packages/airflow/example_dags/example_dag_decorator.py for tasks to queue
[2024-11-18T03:03:08.125+0000] {logging_mixin.py:190} INFO - [2024-11-18T03:03:08.125+0000] {dagbag.py:587} INFO - Filling up the DagBag from /home/airflow/.local/lib/python3.12/site-packages/airflow/example_dags/example_dag_decorator.py
[2024-11-18T03:03:08.183+0000] {processor.py:925} INFO - DAG(s) 'example_dag_decorator' retrieved from /home/airflow/.local/lib/python3.12/site-packages/airflow/example_dags/example_dag_decorator.py
[2024-11-18T03:03:08.883+0000] {logging_mixin.py:190} INFO - [2024-11-18T03:03:08.882+0000] {dag.py:3229} INFO - Sync 1 DAGs
[2024-11-18T03:03:08.933+0000] {logging_mixin.py:190} INFO - [2024-11-18T03:03:08.933+0000] {dag.py:4156} INFO - Setting next_dagrun for example_dag_decorator to None, run_after=None
[2024-11-18T03:03:08.988+0000] {processor.py:208} INFO - Processing /home/airflow/.local/lib/python3.12/site-packages/airflow/example_dags/example_dag_decorator.py took 0.911 seconds
[2024-11-18T03:03:39.923+0000] {processor.py:186} INFO - Started process (PID=1060) to work on /home/airflow/.local/lib/python3.12/site-packages/airflow/example_dags/example_dag_decorator.py
[2024-11-18T03:03:39.925+0000] {processor.py:914} INFO - Processing file /home/airflow/.local/lib/python3.12/site-packages/airflow/example_dags/example_dag_decorator.py for tasks to queue
[2024-11-18T03:03:39.927+0000] {logging_mixin.py:190} INFO - [2024-11-18T03:03:39.926+0000] {dagbag.py:587} INFO - Filling up the DagBag from /home/airflow/.local/lib/python3.12/site-packages/airflow/example_dags/example_dag_decorator.py
[2024-11-18T03:03:39.938+0000] {processor.py:925} INFO - DAG(s) 'example_dag_decorator' retrieved from /home/airflow/.local/lib/python3.12/site-packages/airflow/example_dags/example_dag_decorator.py
[2024-11-18T03:03:40.041+0000] {logging_mixin.py:190} INFO - [2024-11-18T03:03:40.041+0000] {dag.py:3229} INFO - Sync 1 DAGs
[2024-11-18T03:03:40.052+0000] {logging_mixin.py:190} INFO - [2024-11-18T03:03:40.052+0000] {dag.py:4156} INFO - Setting next_dagrun for example_dag_decorator to None, run_after=None
[2024-11-18T03:03:40.067+0000] {processor.py:208} INFO - Processing /home/airflow/.local/lib/python3.12/site-packages/airflow/example_dags/example_dag_decorator.py took 0.156 seconds
[2024-11-18T03:04:10.573+0000] {processor.py:186} INFO - Started process (PID=1122) to work on /home/airflow/.local/lib/python3.12/site-packages/airflow/example_dags/example_dag_decorator.py
[2024-11-18T03:04:10.577+0000] {processor.py:914} INFO - Processing file /home/airflow/.local/lib/python3.12/site-packages/airflow/example_dags/example_dag_decorator.py for tasks to queue
[2024-11-18T03:04:10.579+0000] {logging_mixin.py:190} INFO - [2024-11-18T03:04:10.579+0000] {dagbag.py:587} INFO - Filling up the DagBag from /home/airflow/.local/lib/python3.12/site-packages/airflow/example_dags/example_dag_decorator.py
[2024-11-18T03:04:10.591+0000] {processor.py:925} INFO - DAG(s) 'example_dag_decorator' retrieved from /home/airflow/.local/lib/python3.12/site-packages/airflow/example_dags/example_dag_decorator.py
[2024-11-18T03:04:10.699+0000] {logging_mixin.py:190} INFO - [2024-11-18T03:04:10.698+0000] {dag.py:3229} INFO - Sync 1 DAGs
[2024-11-18T03:04:10.710+0000] {logging_mixin.py:190} INFO - [2024-11-18T03:04:10.710+0000] {dag.py:4156} INFO - Setting next_dagrun for example_dag_decorator to None, run_after=None
[2024-11-18T03:04:10.726+0000] {processor.py:208} INFO - Processing /home/airflow/.local/lib/python3.12/site-packages/airflow/example_dags/example_dag_decorator.py took 0.163 seconds
[2024-11-18T03:04:41.019+0000] {processor.py:186} INFO - Started process (PID=1184) to work on /home/airflow/.local/lib/python3.12/site-packages/airflow/example_dags/example_dag_decorator.py
[2024-11-18T03:04:41.021+0000] {processor.py:914} INFO - Processing file /home/airflow/.local/lib/python3.12/site-packages/airflow/example_dags/example_dag_decorator.py for tasks to queue
[2024-11-18T03:04:41.025+0000] {logging_mixin.py:190} INFO - [2024-11-18T03:04:41.024+0000] {dagbag.py:587} INFO - Filling up the DagBag from /home/airflow/.local/lib/python3.12/site-packages/airflow/example_dags/example_dag_decorator.py
[2024-11-18T03:04:41.036+0000] {processor.py:925} INFO - DAG(s) 'example_dag_decorator' retrieved from /home/airflow/.local/lib/python3.12/site-packages/airflow/example_dags/example_dag_decorator.py
[2024-11-18T03:04:41.140+0000] {logging_mixin.py:190} INFO - [2024-11-18T03:04:41.140+0000] {dag.py:3229} INFO - Sync 1 DAGs
[2024-11-18T03:04:41.151+0000] {logging_mixin.py:190} INFO - [2024-11-18T03:04:41.151+0000] {dag.py:4156} INFO - Setting next_dagrun for example_dag_decorator to None, run_after=None
[2024-11-18T03:04:41.167+0000] {processor.py:208} INFO - Processing /home/airflow/.local/lib/python3.12/site-packages/airflow/example_dags/example_dag_decorator.py took 0.160 seconds
[2024-11-18T03:05:11.372+0000] {processor.py:186} INFO - Started process (PID=1246) to work on /home/airflow/.local/lib/python3.12/site-packages/airflow/example_dags/example_dag_decorator.py
[2024-11-18T03:05:11.375+0000] {processor.py:914} INFO - Processing file /home/airflow/.local/lib/python3.12/site-packages/airflow/example_dags/example_dag_decorator.py for tasks to queue
[2024-11-18T03:05:11.377+0000] {logging_mixin.py:190} INFO - [2024-11-18T03:05:11.377+0000] {dagbag.py:587} INFO - Filling up the DagBag from /home/airflow/.local/lib/python3.12/site-packages/airflow/example_dags/example_dag_decorator.py
[2024-11-18T03:05:11.390+0000] {processor.py:925} INFO - DAG(s) 'example_dag_decorator' retrieved from /home/airflow/.local/lib/python3.12/site-packages/airflow/example_dags/example_dag_decorator.py
[2024-11-18T03:05:11.499+0000] {logging_mixin.py:190} INFO - [2024-11-18T03:05:11.498+0000] {dag.py:3229} INFO - Sync 1 DAGs
[2024-11-18T03:05:11.511+0000] {logging_mixin.py:190} INFO - [2024-11-18T03:05:11.511+0000] {dag.py:4156} INFO - Setting next_dagrun for example_dag_decorator to None, run_after=None
[2024-11-18T03:05:11.528+0000] {processor.py:208} INFO - Processing /home/airflow/.local/lib/python3.12/site-packages/airflow/example_dags/example_dag_decorator.py took 0.171 seconds
[2024-11-18T03:05:41.683+0000] {processor.py:186} INFO - Started process (PID=1308) to work on /home/airflow/.local/lib/python3.12/site-packages/airflow/example_dags/example_dag_decorator.py
[2024-11-18T03:05:41.686+0000] {processor.py:914} INFO - Processing file /home/airflow/.local/lib/python3.12/site-packages/airflow/example_dags/example_dag_decorator.py for tasks to queue
[2024-11-18T03:05:41.689+0000] {logging_mixin.py:190} INFO - [2024-11-18T03:05:41.688+0000] {dagbag.py:587} INFO - Filling up the DagBag from /home/airflow/.local/lib/python3.12/site-packages/airflow/example_dags/example_dag_decorator.py
[2024-11-18T03:05:41.701+0000] {processor.py:925} INFO - DAG(s) 'example_dag_decorator' retrieved from /home/airflow/.local/lib/python3.12/site-packages/airflow/example_dags/example_dag_decorator.py
[2024-11-18T03:05:41.821+0000] {logging_mixin.py:190} INFO - [2024-11-18T03:05:41.821+0000] {dag.py:3229} INFO - Sync 1 DAGs
[2024-11-18T03:05:41.833+0000] {logging_mixin.py:190} INFO - [2024-11-18T03:05:41.832+0000] {dag.py:4156} INFO - Setting next_dagrun for example_dag_decorator to None, run_after=None
[2024-11-18T03:05:41.850+0000] {processor.py:208} INFO - Processing /home/airflow/.local/lib/python3.12/site-packages/airflow/example_dags/example_dag_decorator.py took 0.179 seconds
[2024-11-18T03:06:11.915+0000] {processor.py:186} INFO - Started process (PID=1370) to work on /home/airflow/.local/lib/python3.12/site-packages/airflow/example_dags/example_dag_decorator.py
[2024-11-18T03:06:11.917+0000] {processor.py:914} INFO - Processing file /home/airflow/.local/lib/python3.12/site-packages/airflow/example_dags/example_dag_decorator.py for tasks to queue
[2024-11-18T03:06:11.921+0000] {logging_mixin.py:190} INFO - [2024-11-18T03:06:11.919+0000] {dagbag.py:587} INFO - Filling up the DagBag from /home/airflow/.local/lib/python3.12/site-packages/airflow/example_dags/example_dag_decorator.py
[2024-11-18T03:06:11.934+0000] {processor.py:925} INFO - DAG(s) 'example_dag_decorator' retrieved from /home/airflow/.local/lib/python3.12/site-packages/airflow/example_dags/example_dag_decorator.py
[2024-11-18T03:06:11.956+0000] {logging_mixin.py:190} INFO - [2024-11-18T03:06:11.956+0000] {dag.py:3229} INFO - Sync 1 DAGs
[2024-11-18T03:06:11.969+0000] {logging_mixin.py:190} INFO - [2024-11-18T03:06:11.969+0000] {dag.py:4156} INFO - Setting next_dagrun for example_dag_decorator to None, run_after=None
[2024-11-18T03:06:11.986+0000] {processor.py:208} INFO - Processing /home/airflow/.local/lib/python3.12/site-packages/airflow/example_dags/example_dag_decorator.py took 0.083 seconds
[2024-11-18T03:06:42.278+0000] {processor.py:186} INFO - Started process (PID=1427) to work on /home/airflow/.local/lib/python3.12/site-packages/airflow/example_dags/example_dag_decorator.py
[2024-11-18T03:06:42.285+0000] {processor.py:914} INFO - Processing file /home/airflow/.local/lib/python3.12/site-packages/airflow/example_dags/example_dag_decorator.py for tasks to queue
[2024-11-18T03:06:42.293+0000] {logging_mixin.py:190} INFO - [2024-11-18T03:06:42.293+0000] {dagbag.py:587} INFO - Filling up the DagBag from /home/airflow/.local/lib/python3.12/site-packages/airflow/example_dags/example_dag_decorator.py
[2024-11-18T03:06:42.357+0000] {processor.py:925} INFO - DAG(s) 'example_dag_decorator' retrieved from /home/airflow/.local/lib/python3.12/site-packages/airflow/example_dags/example_dag_decorator.py
[2024-11-18T03:06:42.834+0000] {logging_mixin.py:190} INFO - [2024-11-18T03:06:42.834+0000] {dag.py:3229} INFO - Sync 1 DAGs
[2024-11-18T03:06:42.885+0000] {logging_mixin.py:190} INFO - [2024-11-18T03:06:42.885+0000] {dag.py:4156} INFO - Setting next_dagrun for example_dag_decorator to None, run_after=None
[2024-11-18T03:06:42.950+0000] {processor.py:208} INFO - Processing /home/airflow/.local/lib/python3.12/site-packages/airflow/example_dags/example_dag_decorator.py took 0.705 seconds
[2024-11-18T03:07:13.665+0000] {processor.py:186} INFO - Started process (PID=1489) to work on /home/airflow/.local/lib/python3.12/site-packages/airflow/example_dags/example_dag_decorator.py
[2024-11-18T03:07:13.666+0000] {processor.py:914} INFO - Processing file /home/airflow/.local/lib/python3.12/site-packages/airflow/example_dags/example_dag_decorator.py for tasks to queue
[2024-11-18T03:07:13.685+0000] {logging_mixin.py:190} INFO - [2024-11-18T03:07:13.679+0000] {dagbag.py:587} INFO - Filling up the DagBag from /home/airflow/.local/lib/python3.12/site-packages/airflow/example_dags/example_dag_decorator.py
[2024-11-18T03:07:13.744+0000] {processor.py:925} INFO - DAG(s) 'example_dag_decorator' retrieved from /home/airflow/.local/lib/python3.12/site-packages/airflow/example_dags/example_dag_decorator.py
[2024-11-18T03:07:14.213+0000] {logging_mixin.py:190} INFO - [2024-11-18T03:07:14.213+0000] {dag.py:3229} INFO - Sync 1 DAGs
[2024-11-18T03:07:14.265+0000] {logging_mixin.py:190} INFO - [2024-11-18T03:07:14.265+0000] {dag.py:4156} INFO - Setting next_dagrun for example_dag_decorator to None, run_after=None
[2024-11-18T03:07:14.334+0000] {processor.py:208} INFO - Processing /home/airflow/.local/lib/python3.12/site-packages/airflow/example_dags/example_dag_decorator.py took 0.700 seconds
[2024-11-18T03:07:44.498+0000] {processor.py:186} INFO - Started process (PID=1550) to work on /home/airflow/.local/lib/python3.12/site-packages/airflow/example_dags/example_dag_decorator.py
[2024-11-18T03:07:44.502+0000] {processor.py:914} INFO - Processing file /home/airflow/.local/lib/python3.12/site-packages/airflow/example_dags/example_dag_decorator.py for tasks to queue
[2024-11-18T03:07:44.507+0000] {logging_mixin.py:190} INFO - [2024-11-18T03:07:44.506+0000] {dagbag.py:587} INFO - Filling up the DagBag from /home/airflow/.local/lib/python3.12/site-packages/airflow/example_dags/example_dag_decorator.py
[2024-11-18T03:07:44.536+0000] {processor.py:925} INFO - DAG(s) 'example_dag_decorator' retrieved from /home/airflow/.local/lib/python3.12/site-packages/airflow/example_dags/example_dag_decorator.py
[2024-11-18T03:07:44.790+0000] {logging_mixin.py:190} INFO - [2024-11-18T03:07:44.790+0000] {dag.py:3229} INFO - Sync 1 DAGs
[2024-11-18T03:07:44.816+0000] {logging_mixin.py:190} INFO - [2024-11-18T03:07:44.814+0000] {dag.py:4156} INFO - Setting next_dagrun for example_dag_decorator to None, run_after=None
[2024-11-18T03:07:44.856+0000] {processor.py:208} INFO - Processing /home/airflow/.local/lib/python3.12/site-packages/airflow/example_dags/example_dag_decorator.py took 0.370 seconds
[2024-11-18T03:08:14.935+0000] {processor.py:186} INFO - Started process (PID=1613) to work on /home/airflow/.local/lib/python3.12/site-packages/airflow/example_dags/example_dag_decorator.py
[2024-11-18T03:08:14.937+0000] {processor.py:914} INFO - Processing file /home/airflow/.local/lib/python3.12/site-packages/airflow/example_dags/example_dag_decorator.py for tasks to queue
[2024-11-18T03:08:14.939+0000] {logging_mixin.py:190} INFO - [2024-11-18T03:08:14.939+0000] {dagbag.py:587} INFO - Filling up the DagBag from /home/airflow/.local/lib/python3.12/site-packages/airflow/example_dags/example_dag_decorator.py
[2024-11-18T03:08:14.951+0000] {processor.py:925} INFO - DAG(s) 'example_dag_decorator' retrieved from /home/airflow/.local/lib/python3.12/site-packages/airflow/example_dags/example_dag_decorator.py
[2024-11-18T03:08:15.058+0000] {logging_mixin.py:190} INFO - [2024-11-18T03:08:15.058+0000] {dag.py:3229} INFO - Sync 1 DAGs
[2024-11-18T03:08:15.069+0000] {logging_mixin.py:190} INFO - [2024-11-18T03:08:15.069+0000] {dag.py:4156} INFO - Setting next_dagrun for example_dag_decorator to None, run_after=None
[2024-11-18T03:08:15.085+0000] {processor.py:208} INFO - Processing /home/airflow/.local/lib/python3.12/site-packages/airflow/example_dags/example_dag_decorator.py took 0.157 seconds
[2024-11-18T03:08:45.132+0000] {processor.py:186} INFO - Started process (PID=1677) to work on /home/airflow/.local/lib/python3.12/site-packages/airflow/example_dags/example_dag_decorator.py
[2024-11-18T03:08:45.132+0000] {processor.py:914} INFO - Processing file /home/airflow/.local/lib/python3.12/site-packages/airflow/example_dags/example_dag_decorator.py for tasks to queue
[2024-11-18T03:08:45.134+0000] {logging_mixin.py:190} INFO - [2024-11-18T03:08:45.134+0000] {dagbag.py:587} INFO - Filling up the DagBag from /home/airflow/.local/lib/python3.12/site-packages/airflow/example_dags/example_dag_decorator.py
[2024-11-18T03:08:45.146+0000] {processor.py:925} INFO - DAG(s) 'example_dag_decorator' retrieved from /home/airflow/.local/lib/python3.12/site-packages/airflow/example_dags/example_dag_decorator.py
[2024-11-18T03:08:45.258+0000] {logging_mixin.py:190} INFO - [2024-11-18T03:08:45.258+0000] {dag.py:3229} INFO - Sync 1 DAGs
[2024-11-18T03:08:45.269+0000] {logging_mixin.py:190} INFO - [2024-11-18T03:08:45.269+0000] {dag.py:4156} INFO - Setting next_dagrun for example_dag_decorator to None, run_after=None
[2024-11-18T03:08:45.285+0000] {processor.py:208} INFO - Processing /home/airflow/.local/lib/python3.12/site-packages/airflow/example_dags/example_dag_decorator.py took 0.160 seconds
[2024-11-18T03:09:15.946+0000] {processor.py:186} INFO - Started process (PID=1738) to work on /home/airflow/.local/lib/python3.12/site-packages/airflow/example_dags/example_dag_decorator.py
[2024-11-18T03:09:15.951+0000] {processor.py:914} INFO - Processing file /home/airflow/.local/lib/python3.12/site-packages/airflow/example_dags/example_dag_decorator.py for tasks to queue
[2024-11-18T03:09:15.954+0000] {logging_mixin.py:190} INFO - [2024-11-18T03:09:15.954+0000] {dagbag.py:587} INFO - Filling up the DagBag from /home/airflow/.local/lib/python3.12/site-packages/airflow/example_dags/example_dag_decorator.py
[2024-11-18T03:09:15.986+0000] {processor.py:925} INFO - DAG(s) 'example_dag_decorator' retrieved from /home/airflow/.local/lib/python3.12/site-packages/airflow/example_dags/example_dag_decorator.py
[2024-11-18T03:09:16.228+0000] {logging_mixin.py:190} INFO - [2024-11-18T03:09:16.228+0000] {dag.py:3229} INFO - Sync 1 DAGs
[2024-11-18T03:09:16.251+0000] {logging_mixin.py:190} INFO - [2024-11-18T03:09:16.251+0000] {dag.py:4156} INFO - Setting next_dagrun for example_dag_decorator to None, run_after=None
[2024-11-18T03:09:16.289+0000] {processor.py:208} INFO - Processing /home/airflow/.local/lib/python3.12/site-packages/airflow/example_dags/example_dag_decorator.py took 0.354 seconds
[2024-11-18T03:09:46.411+0000] {processor.py:186} INFO - Started process (PID=1802) to work on /home/airflow/.local/lib/python3.12/site-packages/airflow/example_dags/example_dag_decorator.py
[2024-11-18T03:09:46.411+0000] {processor.py:914} INFO - Processing file /home/airflow/.local/lib/python3.12/site-packages/airflow/example_dags/example_dag_decorator.py for tasks to queue
[2024-11-18T03:09:46.414+0000] {logging_mixin.py:190} INFO - [2024-11-18T03:09:46.413+0000] {dagbag.py:587} INFO - Filling up the DagBag from /home/airflow/.local/lib/python3.12/site-packages/airflow/example_dags/example_dag_decorator.py
[2024-11-18T03:09:46.425+0000] {processor.py:925} INFO - DAG(s) 'example_dag_decorator' retrieved from /home/airflow/.local/lib/python3.12/site-packages/airflow/example_dags/example_dag_decorator.py
[2024-11-18T03:09:46.536+0000] {logging_mixin.py:190} INFO - [2024-11-18T03:09:46.536+0000] {dag.py:3229} INFO - Sync 1 DAGs
[2024-11-18T03:09:46.547+0000] {logging_mixin.py:190} INFO - [2024-11-18T03:09:46.547+0000] {dag.py:4156} INFO - Setting next_dagrun for example_dag_decorator to None, run_after=None
[2024-11-18T03:09:46.566+0000] {processor.py:208} INFO - Processing /home/airflow/.local/lib/python3.12/site-packages/airflow/example_dags/example_dag_decorator.py took 0.161 seconds
[2024-11-18T03:10:16.640+0000] {processor.py:186} INFO - Started process (PID=1865) to work on /home/airflow/.local/lib/python3.12/site-packages/airflow/example_dags/example_dag_decorator.py
[2024-11-18T03:10:16.641+0000] {processor.py:914} INFO - Processing file /home/airflow/.local/lib/python3.12/site-packages/airflow/example_dags/example_dag_decorator.py for tasks to queue
[2024-11-18T03:10:16.643+0000] {logging_mixin.py:190} INFO - [2024-11-18T03:10:16.643+0000] {dagbag.py:587} INFO - Filling up the DagBag from /home/airflow/.local/lib/python3.12/site-packages/airflow/example_dags/example_dag_decorator.py
[2024-11-18T03:10:16.654+0000] {processor.py:925} INFO - DAG(s) 'example_dag_decorator' retrieved from /home/airflow/.local/lib/python3.12/site-packages/airflow/example_dags/example_dag_decorator.py
[2024-11-18T03:10:16.760+0000] {logging_mixin.py:190} INFO - [2024-11-18T03:10:16.760+0000] {dag.py:3229} INFO - Sync 1 DAGs
[2024-11-18T03:10:16.774+0000] {logging_mixin.py:190} INFO - [2024-11-18T03:10:16.774+0000] {dag.py:4156} INFO - Setting next_dagrun for example_dag_decorator to None, run_after=None
[2024-11-18T03:10:16.790+0000] {processor.py:208} INFO - Processing /home/airflow/.local/lib/python3.12/site-packages/airflow/example_dags/example_dag_decorator.py took 0.156 seconds
[2024-11-18T03:10:47.251+0000] {processor.py:186} INFO - Started process (PID=1922) to work on /home/airflow/.local/lib/python3.12/site-packages/airflow/example_dags/example_dag_decorator.py
[2024-11-18T03:10:47.300+0000] {processor.py:914} INFO - Processing file /home/airflow/.local/lib/python3.12/site-packages/airflow/example_dags/example_dag_decorator.py for tasks to queue
[2024-11-18T03:10:47.320+0000] {logging_mixin.py:190} INFO - [2024-11-18T03:10:47.320+0000] {dagbag.py:587} INFO - Filling up the DagBag from /home/airflow/.local/lib/python3.12/site-packages/airflow/example_dags/example_dag_decorator.py
[2024-11-18T03:10:47.399+0000] {processor.py:925} INFO - DAG(s) 'example_dag_decorator' retrieved from /home/airflow/.local/lib/python3.12/site-packages/airflow/example_dags/example_dag_decorator.py
[2024-11-18T03:10:48.326+0000] {logging_mixin.py:190} INFO - [2024-11-18T03:10:48.326+0000] {dag.py:3229} INFO - Sync 1 DAGs
[2024-11-18T03:10:48.481+0000] {logging_mixin.py:190} INFO - [2024-11-18T03:10:48.481+0000] {dag.py:4156} INFO - Setting next_dagrun for example_dag_decorator to None, run_after=None
[2024-11-18T03:10:48.626+0000] {processor.py:208} INFO - Processing /home/airflow/.local/lib/python3.12/site-packages/airflow/example_dags/example_dag_decorator.py took 1.397 seconds
[2024-11-18T03:11:18.914+0000] {processor.py:186} INFO - Started process (PID=1985) to work on /home/airflow/.local/lib/python3.12/site-packages/airflow/example_dags/example_dag_decorator.py
[2024-11-18T03:11:18.917+0000] {processor.py:914} INFO - Processing file /home/airflow/.local/lib/python3.12/site-packages/airflow/example_dags/example_dag_decorator.py for tasks to queue
[2024-11-18T03:11:18.926+0000] {logging_mixin.py:190} INFO - [2024-11-18T03:11:18.926+0000] {dagbag.py:587} INFO - Filling up the DagBag from /home/airflow/.local/lib/python3.12/site-packages/airflow/example_dags/example_dag_decorator.py
[2024-11-18T03:11:18.967+0000] {processor.py:925} INFO - DAG(s) 'example_dag_decorator' retrieved from /home/airflow/.local/lib/python3.12/site-packages/airflow/example_dags/example_dag_decorator.py
[2024-11-18T03:11:19.307+0000] {logging_mixin.py:190} INFO - [2024-11-18T03:11:19.307+0000] {dag.py:3229} INFO - Sync 1 DAGs
[2024-11-18T03:11:19.363+0000] {logging_mixin.py:190} INFO - [2024-11-18T03:11:19.360+0000] {dag.py:4156} INFO - Setting next_dagrun for example_dag_decorator to None, run_after=None
[2024-11-18T03:11:19.432+0000] {processor.py:208} INFO - Processing /home/airflow/.local/lib/python3.12/site-packages/airflow/example_dags/example_dag_decorator.py took 0.554 seconds
[2024-11-18T03:11:50.127+0000] {processor.py:186} INFO - Started process (PID=2047) to work on /home/airflow/.local/lib/python3.12/site-packages/airflow/example_dags/example_dag_decorator.py
[2024-11-18T03:11:50.133+0000] {processor.py:914} INFO - Processing file /home/airflow/.local/lib/python3.12/site-packages/airflow/example_dags/example_dag_decorator.py for tasks to queue
[2024-11-18T03:11:50.136+0000] {logging_mixin.py:190} INFO - [2024-11-18T03:11:50.136+0000] {dagbag.py:587} INFO - Filling up the DagBag from /home/airflow/.local/lib/python3.12/site-packages/airflow/example_dags/example_dag_decorator.py
[2024-11-18T03:11:50.206+0000] {processor.py:925} INFO - DAG(s) 'example_dag_decorator' retrieved from /home/airflow/.local/lib/python3.12/site-packages/airflow/example_dags/example_dag_decorator.py
[2024-11-18T03:11:51.607+0000] {logging_mixin.py:190} INFO - [2024-11-18T03:11:51.606+0000] {dag.py:3229} INFO - Sync 1 DAGs
[2024-11-18T03:11:51.623+0000] {logging_mixin.py:190} INFO - [2024-11-18T03:11:51.623+0000] {dag.py:4156} INFO - Setting next_dagrun for example_dag_decorator to None, run_after=None
[2024-11-18T03:11:51.656+0000] {processor.py:208} INFO - Processing /home/airflow/.local/lib/python3.12/site-packages/airflow/example_dags/example_dag_decorator.py took 1.536 seconds
[2024-11-18T03:12:22.315+0000] {processor.py:186} INFO - Started process (PID=2110) to work on /home/airflow/.local/lib/python3.12/site-packages/airflow/example_dags/example_dag_decorator.py
[2024-11-18T03:12:22.383+0000] {processor.py:914} INFO - Processing file /home/airflow/.local/lib/python3.12/site-packages/airflow/example_dags/example_dag_decorator.py for tasks to queue
[2024-11-18T03:12:22.389+0000] {logging_mixin.py:190} INFO - [2024-11-18T03:12:22.387+0000] {dagbag.py:587} INFO - Filling up the DagBag from /home/airflow/.local/lib/python3.12/site-packages/airflow/example_dags/example_dag_decorator.py
[2024-11-18T03:12:22.405+0000] {processor.py:925} INFO - DAG(s) 'example_dag_decorator' retrieved from /home/airflow/.local/lib/python3.12/site-packages/airflow/example_dags/example_dag_decorator.py
[2024-11-18T03:12:22.452+0000] {logging_mixin.py:190} INFO - [2024-11-18T03:12:22.451+0000] {dag.py:3229} INFO - Sync 1 DAGs
[2024-11-18T03:12:22.474+0000] {logging_mixin.py:190} INFO - [2024-11-18T03:12:22.474+0000] {dag.py:4156} INFO - Setting next_dagrun for example_dag_decorator to None, run_after=None
[2024-11-18T03:12:22.497+0000] {processor.py:208} INFO - Processing /home/airflow/.local/lib/python3.12/site-packages/airflow/example_dags/example_dag_decorator.py took 0.190 seconds
[2024-11-18T03:12:52.645+0000] {processor.py:186} INFO - Started process (PID=2173) to work on /home/airflow/.local/lib/python3.12/site-packages/airflow/example_dags/example_dag_decorator.py
[2024-11-18T03:12:52.647+0000] {processor.py:914} INFO - Processing file /home/airflow/.local/lib/python3.12/site-packages/airflow/example_dags/example_dag_decorator.py for tasks to queue
[2024-11-18T03:12:52.650+0000] {logging_mixin.py:190} INFO - [2024-11-18T03:12:52.650+0000] {dagbag.py:587} INFO - Filling up the DagBag from /home/airflow/.local/lib/python3.12/site-packages/airflow/example_dags/example_dag_decorator.py
[2024-11-18T03:12:52.668+0000] {processor.py:925} INFO - DAG(s) 'example_dag_decorator' retrieved from /home/airflow/.local/lib/python3.12/site-packages/airflow/example_dags/example_dag_decorator.py
[2024-11-18T03:12:55.958+0000] {logging_mixin.py:190} INFO - [2024-11-18T03:12:55.957+0000] {dag.py:3229} INFO - Sync 1 DAGs
[2024-11-18T03:12:55.988+0000] {logging_mixin.py:190} INFO - [2024-11-18T03:12:55.988+0000] {dag.py:4156} INFO - Setting next_dagrun for example_dag_decorator to None, run_after=None
[2024-11-18T03:12:56.236+0000] {processor.py:208} INFO - Processing /home/airflow/.local/lib/python3.12/site-packages/airflow/example_dags/example_dag_decorator.py took 3.602 seconds
[2024-11-18T03:13:27.374+0000] {processor.py:186} INFO - Started process (PID=2245) to work on /home/airflow/.local/lib/python3.12/site-packages/airflow/example_dags/example_dag_decorator.py
[2024-11-18T03:13:27.417+0000] {processor.py:914} INFO - Processing file /home/airflow/.local/lib/python3.12/site-packages/airflow/example_dags/example_dag_decorator.py for tasks to queue
[2024-11-18T03:13:27.436+0000] {logging_mixin.py:190} INFO - [2024-11-18T03:13:27.433+0000] {dagbag.py:587} INFO - Filling up the DagBag from /home/airflow/.local/lib/python3.12/site-packages/airflow/example_dags/example_dag_decorator.py
[2024-11-18T03:13:27.500+0000] {processor.py:925} INFO - DAG(s) 'example_dag_decorator' retrieved from /home/airflow/.local/lib/python3.12/site-packages/airflow/example_dags/example_dag_decorator.py
[2024-11-18T03:13:28.664+0000] {logging_mixin.py:190} INFO - [2024-11-18T03:13:28.664+0000] {dag.py:3229} INFO - Sync 1 DAGs
[2024-11-18T03:13:28.798+0000] {logging_mixin.py:190} INFO - [2024-11-18T03:13:28.798+0000] {dag.py:4156} INFO - Setting next_dagrun for example_dag_decorator to None, run_after=None
[2024-11-18T03:13:28.951+0000] {processor.py:208} INFO - Processing /home/airflow/.local/lib/python3.12/site-packages/airflow/example_dags/example_dag_decorator.py took 1.653 seconds
[2024-11-18T03:13:59.473+0000] {processor.py:186} INFO - Started process (PID=2308) to work on /home/airflow/.local/lib/python3.12/site-packages/airflow/example_dags/example_dag_decorator.py
[2024-11-18T03:13:59.569+0000] {processor.py:914} INFO - Processing file /home/airflow/.local/lib/python3.12/site-packages/airflow/example_dags/example_dag_decorator.py for tasks to queue
[2024-11-18T03:13:59.587+0000] {logging_mixin.py:190} INFO - [2024-11-18T03:13:59.587+0000] {dagbag.py:587} INFO - Filling up the DagBag from /home/airflow/.local/lib/python3.12/site-packages/airflow/example_dags/example_dag_decorator.py
[2024-11-18T03:13:59.716+0000] {processor.py:925} INFO - DAG(s) 'example_dag_decorator' retrieved from /home/airflow/.local/lib/python3.12/site-packages/airflow/example_dags/example_dag_decorator.py
[2024-11-18T03:14:00.130+0000] {logging_mixin.py:190} INFO - [2024-11-18T03:14:00.130+0000] {dag.py:3229} INFO - Sync 1 DAGs
[2024-11-18T03:14:00.165+0000] {logging_mixin.py:190} INFO - [2024-11-18T03:14:00.165+0000] {dag.py:4156} INFO - Setting next_dagrun for example_dag_decorator to None, run_after=None
[2024-11-18T03:14:00.241+0000] {processor.py:208} INFO - Processing /home/airflow/.local/lib/python3.12/site-packages/airflow/example_dags/example_dag_decorator.py took 0.815 seconds
[2024-11-18T03:14:33.114+0000] {processor.py:186} INFO - Started process (PID=2369) to work on /home/airflow/.local/lib/python3.12/site-packages/airflow/example_dags/example_dag_decorator.py
[2024-11-18T03:14:33.117+0000] {processor.py:914} INFO - Processing file /home/airflow/.local/lib/python3.12/site-packages/airflow/example_dags/example_dag_decorator.py for tasks to queue
[2024-11-18T03:14:33.147+0000] {logging_mixin.py:190} INFO - [2024-11-18T03:14:33.147+0000] {dagbag.py:587} INFO - Filling up the DagBag from /home/airflow/.local/lib/python3.12/site-packages/airflow/example_dags/example_dag_decorator.py
[2024-11-18T03:14:33.220+0000] {processor.py:925} INFO - DAG(s) 'example_dag_decorator' retrieved from /home/airflow/.local/lib/python3.12/site-packages/airflow/example_dags/example_dag_decorator.py
[2024-11-18T03:14:35.896+0000] {logging_mixin.py:190} INFO - [2024-11-18T03:14:35.896+0000] {dag.py:3229} INFO - Sync 1 DAGs
[2024-11-18T03:14:35.957+0000] {logging_mixin.py:190} INFO - [2024-11-18T03:14:35.939+0000] {dag.py:4156} INFO - Setting next_dagrun for example_dag_decorator to None, run_after=None
[2024-11-18T03:14:36.011+0000] {processor.py:208} INFO - Processing /home/airflow/.local/lib/python3.12/site-packages/airflow/example_dags/example_dag_decorator.py took 2.912 seconds
[2024-11-18T03:15:06.924+0000] {processor.py:186} INFO - Started process (PID=2428) to work on /home/airflow/.local/lib/python3.12/site-packages/airflow/example_dags/example_dag_decorator.py
[2024-11-18T03:15:06.957+0000] {processor.py:914} INFO - Processing file /home/airflow/.local/lib/python3.12/site-packages/airflow/example_dags/example_dag_decorator.py for tasks to queue
[2024-11-18T03:15:06.975+0000] {logging_mixin.py:190} INFO - [2024-11-18T03:15:06.971+0000] {dagbag.py:587} INFO - Filling up the DagBag from /home/airflow/.local/lib/python3.12/site-packages/airflow/example_dags/example_dag_decorator.py
[2024-11-18T03:15:07.088+0000] {processor.py:925} INFO - DAG(s) 'example_dag_decorator' retrieved from /home/airflow/.local/lib/python3.12/site-packages/airflow/example_dags/example_dag_decorator.py
[2024-11-18T03:15:07.966+0000] {logging_mixin.py:190} INFO - [2024-11-18T03:15:07.964+0000] {dag.py:3229} INFO - Sync 1 DAGs
[2024-11-18T03:15:08.007+0000] {logging_mixin.py:190} INFO - [2024-11-18T03:15:08.007+0000] {dag.py:4156} INFO - Setting next_dagrun for example_dag_decorator to None, run_after=None
[2024-11-18T03:15:08.068+0000] {processor.py:208} INFO - Processing /home/airflow/.local/lib/python3.12/site-packages/airflow/example_dags/example_dag_decorator.py took 1.211 seconds
[2024-11-18T03:15:38.514+0000] {processor.py:186} INFO - Started process (PID=2490) to work on /home/airflow/.local/lib/python3.12/site-packages/airflow/example_dags/example_dag_decorator.py
[2024-11-18T03:15:38.522+0000] {processor.py:914} INFO - Processing file /home/airflow/.local/lib/python3.12/site-packages/airflow/example_dags/example_dag_decorator.py for tasks to queue
[2024-11-18T03:15:38.621+0000] {logging_mixin.py:190} INFO - [2024-11-18T03:15:38.620+0000] {dagbag.py:587} INFO - Filling up the DagBag from /home/airflow/.local/lib/python3.12/site-packages/airflow/example_dags/example_dag_decorator.py
[2024-11-18T03:15:38.809+0000] {processor.py:925} INFO - DAG(s) 'example_dag_decorator' retrieved from /home/airflow/.local/lib/python3.12/site-packages/airflow/example_dags/example_dag_decorator.py
[2024-11-18T03:15:39.991+0000] {logging_mixin.py:190} INFO - [2024-11-18T03:15:39.990+0000] {dag.py:3229} INFO - Sync 1 DAGs
[2024-11-18T03:15:40.073+0000] {logging_mixin.py:190} INFO - [2024-11-18T03:15:40.072+0000] {dag.py:4156} INFO - Setting next_dagrun for example_dag_decorator to None, run_after=None
[2024-11-18T03:15:40.236+0000] {processor.py:208} INFO - Processing /home/airflow/.local/lib/python3.12/site-packages/airflow/example_dags/example_dag_decorator.py took 1.761 seconds
[2024-11-18T03:16:11.688+0000] {processor.py:186} INFO - Started process (PID=2550) to work on /home/airflow/.local/lib/python3.12/site-packages/airflow/example_dags/example_dag_decorator.py
[2024-11-18T03:16:11.692+0000] {processor.py:914} INFO - Processing file /home/airflow/.local/lib/python3.12/site-packages/airflow/example_dags/example_dag_decorator.py for tasks to queue
[2024-11-18T03:16:11.696+0000] {logging_mixin.py:190} INFO - [2024-11-18T03:16:11.696+0000] {dagbag.py:587} INFO - Filling up the DagBag from /home/airflow/.local/lib/python3.12/site-packages/airflow/example_dags/example_dag_decorator.py
[2024-11-18T03:16:11.730+0000] {processor.py:925} INFO - DAG(s) 'example_dag_decorator' retrieved from /home/airflow/.local/lib/python3.12/site-packages/airflow/example_dags/example_dag_decorator.py
[2024-11-18T03:16:14.489+0000] {logging_mixin.py:190} INFO - [2024-11-18T03:16:14.489+0000] {dag.py:3229} INFO - Sync 1 DAGs
[2024-11-18T03:16:14.610+0000] {logging_mixin.py:190} INFO - [2024-11-18T03:16:14.598+0000] {dag.py:4156} INFO - Setting next_dagrun for example_dag_decorator to None, run_after=None
[2024-11-18T03:16:14.776+0000] {processor.py:208} INFO - Processing /home/airflow/.local/lib/python3.12/site-packages/airflow/example_dags/example_dag_decorator.py took 3.102 seconds
[2024-11-18T03:16:45.752+0000] {processor.py:186} INFO - Started process (PID=2612) to work on /home/airflow/.local/lib/python3.12/site-packages/airflow/example_dags/example_dag_decorator.py
[2024-11-18T03:16:45.760+0000] {processor.py:914} INFO - Processing file /home/airflow/.local/lib/python3.12/site-packages/airflow/example_dags/example_dag_decorator.py for tasks to queue
[2024-11-18T03:16:45.810+0000] {logging_mixin.py:190} INFO - [2024-11-18T03:16:45.791+0000] {dagbag.py:587} INFO - Filling up the DagBag from /home/airflow/.local/lib/python3.12/site-packages/airflow/example_dags/example_dag_decorator.py
[2024-11-18T03:16:45.964+0000] {processor.py:925} INFO - DAG(s) 'example_dag_decorator' retrieved from /home/airflow/.local/lib/python3.12/site-packages/airflow/example_dags/example_dag_decorator.py
[2024-11-18T03:16:49.187+0000] {logging_mixin.py:190} INFO - [2024-11-18T03:16:49.187+0000] {dag.py:3229} INFO - Sync 1 DAGs
[2024-11-18T03:16:49.201+0000] {logging_mixin.py:190} INFO - [2024-11-18T03:16:49.201+0000] {dag.py:4156} INFO - Setting next_dagrun for example_dag_decorator to None, run_after=None
[2024-11-18T03:16:49.277+0000] {processor.py:208} INFO - Processing /home/airflow/.local/lib/python3.12/site-packages/airflow/example_dags/example_dag_decorator.py took 3.543 seconds
