[2024-11-18T02:55:33.955+0000] {processor.py:186} INFO - Started process (PID=83) to work on /home/airflow/.local/lib/python3.12/site-packages/airflow/example_dags/example_branch_datetime_operator.py
[2024-11-18T02:55:33.964+0000] {processor.py:914} INFO - Processing file /home/airflow/.local/lib/python3.12/site-packages/airflow/example_dags/example_branch_datetime_operator.py for tasks to queue
[2024-11-18T02:55:33.977+0000] {logging_mixin.py:190} INFO - [2024-11-18T02:55:33.975+0000] {dagbag.py:587} INFO - Filling up the DagBag from /home/airflow/.local/lib/python3.12/site-packages/airflow/example_dags/example_branch_datetime_operator.py
[2024-11-18T02:55:34.056+0000] {processor.py:925} INFO - DAG(s) 'example_branch_datetime_operator', 'example_branch_datetime_operator_2', 'example_branch_datetime_operator_3' retrieved from /home/airflow/.local/lib/python3.12/site-packages/airflow/example_dags/example_branch_datetime_operator.py
[2024-11-18T02:55:34.274+0000] {logging_mixin.py:190} INFO - [2024-11-18T02:55:34.274+0000] {dag.py:3229} INFO - Sync 3 DAGs
[2024-11-18T02:55:34.427+0000] {logging_mixin.py:190} INFO - [2024-11-18T02:55:34.420+0000] {dag.py:4156} INFO - Setting next_dagrun for example_branch_datetime_operator to 2024-11-17 00:00:00+00:00, run_after=2024-11-18 00:00:00+00:00
[2024-11-18T02:55:34.458+0000] {logging_mixin.py:190} INFO - [2024-11-18T02:55:34.455+0000] {dag.py:4156} INFO - Setting next_dagrun for example_branch_datetime_operator_2 to 2024-11-17 00:00:00+00:00, run_after=2024-11-18 00:00:00+00:00
[2024-11-18T02:55:34.478+0000] {logging_mixin.py:190} INFO - [2024-11-18T02:55:34.476+0000] {dag.py:4156} INFO - Setting next_dagrun for example_branch_datetime_operator_3 to 2024-11-17 00:00:00+00:00, run_after=2024-11-18 00:00:00+00:00
[2024-11-18T02:55:34.590+0000] {processor.py:208} INFO - Processing /home/airflow/.local/lib/python3.12/site-packages/airflow/example_dags/example_branch_datetime_operator.py took 0.676 seconds
[2024-11-18T02:56:04.812+0000] {processor.py:186} INFO - Started process (PID=146) to work on /home/airflow/.local/lib/python3.12/site-packages/airflow/example_dags/example_branch_datetime_operator.py
[2024-11-18T02:56:04.813+0000] {processor.py:914} INFO - Processing file /home/airflow/.local/lib/python3.12/site-packages/airflow/example_dags/example_branch_datetime_operator.py for tasks to queue
[2024-11-18T02:56:04.816+0000] {logging_mixin.py:190} INFO - [2024-11-18T02:56:04.815+0000] {dagbag.py:587} INFO - Filling up the DagBag from /home/airflow/.local/lib/python3.12/site-packages/airflow/example_dags/example_branch_datetime_operator.py
[2024-11-18T02:56:04.827+0000] {processor.py:925} INFO - DAG(s) 'example_branch_datetime_operator', 'example_branch_datetime_operator_3', 'example_branch_datetime_operator_2' retrieved from /home/airflow/.local/lib/python3.12/site-packages/airflow/example_dags/example_branch_datetime_operator.py
[2024-11-18T02:56:04.852+0000] {logging_mixin.py:190} INFO - [2024-11-18T02:56:04.851+0000] {dag.py:3229} INFO - Sync 3 DAGs
[2024-11-18T02:56:04.874+0000] {logging_mixin.py:190} INFO - [2024-11-18T02:56:04.874+0000] {dag.py:4156} INFO - Setting next_dagrun for example_branch_datetime_operator to 2024-11-17 00:00:00+00:00, run_after=2024-11-18 00:00:00+00:00
[2024-11-18T02:56:04.878+0000] {logging_mixin.py:190} INFO - [2024-11-18T02:56:04.878+0000] {dag.py:4156} INFO - Setting next_dagrun for example_branch_datetime_operator_2 to 2024-11-17 00:00:00+00:00, run_after=2024-11-18 00:00:00+00:00
[2024-11-18T02:56:04.880+0000] {logging_mixin.py:190} INFO - [2024-11-18T02:56:04.880+0000] {dag.py:4156} INFO - Setting next_dagrun for example_branch_datetime_operator_3 to 2024-11-17 00:00:00+00:00, run_after=2024-11-18 00:00:00+00:00
[2024-11-18T02:56:04.894+0000] {processor.py:208} INFO - Processing /home/airflow/.local/lib/python3.12/site-packages/airflow/example_dags/example_branch_datetime_operator.py took 0.087 seconds
[2024-11-18T02:56:35.401+0000] {processor.py:186} INFO - Started process (PID=207) to work on /home/airflow/.local/lib/python3.12/site-packages/airflow/example_dags/example_branch_datetime_operator.py
[2024-11-18T02:56:35.401+0000] {processor.py:914} INFO - Processing file /home/airflow/.local/lib/python3.12/site-packages/airflow/example_dags/example_branch_datetime_operator.py for tasks to queue
[2024-11-18T02:56:35.403+0000] {logging_mixin.py:190} INFO - [2024-11-18T02:56:35.403+0000] {dagbag.py:587} INFO - Filling up the DagBag from /home/airflow/.local/lib/python3.12/site-packages/airflow/example_dags/example_branch_datetime_operator.py
[2024-11-18T02:56:35.415+0000] {processor.py:925} INFO - DAG(s) 'example_branch_datetime_operator_3', 'example_branch_datetime_operator_2', 'example_branch_datetime_operator' retrieved from /home/airflow/.local/lib/python3.12/site-packages/airflow/example_dags/example_branch_datetime_operator.py
[2024-11-18T02:56:35.440+0000] {logging_mixin.py:190} INFO - [2024-11-18T02:56:35.440+0000] {dag.py:3229} INFO - Sync 3 DAGs
[2024-11-18T02:56:35.463+0000] {logging_mixin.py:190} INFO - [2024-11-18T02:56:35.463+0000] {dag.py:4156} INFO - Setting next_dagrun for example_branch_datetime_operator to 2024-11-17 00:00:00+00:00, run_after=2024-11-18 00:00:00+00:00
[2024-11-18T02:56:35.467+0000] {logging_mixin.py:190} INFO - [2024-11-18T02:56:35.467+0000] {dag.py:4156} INFO - Setting next_dagrun for example_branch_datetime_operator_2 to 2024-11-17 00:00:00+00:00, run_after=2024-11-18 00:00:00+00:00
[2024-11-18T02:56:35.469+0000] {logging_mixin.py:190} INFO - [2024-11-18T02:56:35.469+0000] {dag.py:4156} INFO - Setting next_dagrun for example_branch_datetime_operator_3 to 2024-11-17 00:00:00+00:00, run_after=2024-11-18 00:00:00+00:00
[2024-11-18T02:56:35.483+0000] {processor.py:208} INFO - Processing /home/airflow/.local/lib/python3.12/site-packages/airflow/example_dags/example_branch_datetime_operator.py took 0.089 seconds
[2024-11-18T02:57:05.732+0000] {processor.py:186} INFO - Started process (PID=268) to work on /home/airflow/.local/lib/python3.12/site-packages/airflow/example_dags/example_branch_datetime_operator.py
[2024-11-18T02:57:05.733+0000] {processor.py:914} INFO - Processing file /home/airflow/.local/lib/python3.12/site-packages/airflow/example_dags/example_branch_datetime_operator.py for tasks to queue
[2024-11-18T02:57:05.735+0000] {logging_mixin.py:190} INFO - [2024-11-18T02:57:05.735+0000] {dagbag.py:587} INFO - Filling up the DagBag from /home/airflow/.local/lib/python3.12/site-packages/airflow/example_dags/example_branch_datetime_operator.py
[2024-11-18T02:57:05.748+0000] {processor.py:925} INFO - DAG(s) 'example_branch_datetime_operator', 'example_branch_datetime_operator_3', 'example_branch_datetime_operator_2' retrieved from /home/airflow/.local/lib/python3.12/site-packages/airflow/example_dags/example_branch_datetime_operator.py
[2024-11-18T02:57:05.776+0000] {logging_mixin.py:190} INFO - [2024-11-18T02:57:05.776+0000] {dag.py:3229} INFO - Sync 3 DAGs
[2024-11-18T02:57:05.801+0000] {logging_mixin.py:190} INFO - [2024-11-18T02:57:05.800+0000] {dag.py:4156} INFO - Setting next_dagrun for example_branch_datetime_operator to 2024-11-17 00:00:00+00:00, run_after=2024-11-18 00:00:00+00:00
[2024-11-18T02:57:05.805+0000] {logging_mixin.py:190} INFO - [2024-11-18T02:57:05.805+0000] {dag.py:4156} INFO - Setting next_dagrun for example_branch_datetime_operator_2 to 2024-11-17 00:00:00+00:00, run_after=2024-11-18 00:00:00+00:00
[2024-11-18T02:57:05.808+0000] {logging_mixin.py:190} INFO - [2024-11-18T02:57:05.807+0000] {dag.py:4156} INFO - Setting next_dagrun for example_branch_datetime_operator_3 to 2024-11-17 00:00:00+00:00, run_after=2024-11-18 00:00:00+00:00
[2024-11-18T02:57:05.822+0000] {processor.py:208} INFO - Processing /home/airflow/.local/lib/python3.12/site-packages/airflow/example_dags/example_branch_datetime_operator.py took 0.096 seconds
[2024-11-18T02:57:36.086+0000] {processor.py:186} INFO - Started process (PID=330) to work on /home/airflow/.local/lib/python3.12/site-packages/airflow/example_dags/example_branch_datetime_operator.py
[2024-11-18T02:57:36.087+0000] {processor.py:914} INFO - Processing file /home/airflow/.local/lib/python3.12/site-packages/airflow/example_dags/example_branch_datetime_operator.py for tasks to queue
[2024-11-18T02:57:36.089+0000] {logging_mixin.py:190} INFO - [2024-11-18T02:57:36.089+0000] {dagbag.py:587} INFO - Filling up the DagBag from /home/airflow/.local/lib/python3.12/site-packages/airflow/example_dags/example_branch_datetime_operator.py
[2024-11-18T02:57:36.101+0000] {processor.py:925} INFO - DAG(s) 'example_branch_datetime_operator', 'example_branch_datetime_operator_2', 'example_branch_datetime_operator_3' retrieved from /home/airflow/.local/lib/python3.12/site-packages/airflow/example_dags/example_branch_datetime_operator.py
[2024-11-18T02:57:36.129+0000] {logging_mixin.py:190} INFO - [2024-11-18T02:57:36.129+0000] {dag.py:3229} INFO - Sync 3 DAGs
[2024-11-18T02:57:36.156+0000] {logging_mixin.py:190} INFO - [2024-11-18T02:57:36.156+0000] {dag.py:4156} INFO - Setting next_dagrun for example_branch_datetime_operator to 2024-11-17 00:00:00+00:00, run_after=2024-11-18 00:00:00+00:00
[2024-11-18T02:57:36.160+0000] {logging_mixin.py:190} INFO - [2024-11-18T02:57:36.160+0000] {dag.py:4156} INFO - Setting next_dagrun for example_branch_datetime_operator_2 to 2024-11-17 00:00:00+00:00, run_after=2024-11-18 00:00:00+00:00
[2024-11-18T02:57:36.163+0000] {logging_mixin.py:190} INFO - [2024-11-18T02:57:36.162+0000] {dag.py:4156} INFO - Setting next_dagrun for example_branch_datetime_operator_3 to 2024-11-17 00:00:00+00:00, run_after=2024-11-18 00:00:00+00:00
[2024-11-18T02:57:36.177+0000] {processor.py:208} INFO - Processing /home/airflow/.local/lib/python3.12/site-packages/airflow/example_dags/example_branch_datetime_operator.py took 0.097 seconds
[2024-11-18T02:58:07.100+0000] {processor.py:186} INFO - Started process (PID=392) to work on /home/airflow/.local/lib/python3.12/site-packages/airflow/example_dags/example_branch_datetime_operator.py
[2024-11-18T02:58:07.104+0000] {processor.py:914} INFO - Processing file /home/airflow/.local/lib/python3.12/site-packages/airflow/example_dags/example_branch_datetime_operator.py for tasks to queue
[2024-11-18T02:58:07.111+0000] {logging_mixin.py:190} INFO - [2024-11-18T02:58:07.111+0000] {dagbag.py:587} INFO - Filling up the DagBag from /home/airflow/.local/lib/python3.12/site-packages/airflow/example_dags/example_branch_datetime_operator.py
[2024-11-18T02:58:07.150+0000] {processor.py:925} INFO - DAG(s) 'example_branch_datetime_operator_3', 'example_branch_datetime_operator_2', 'example_branch_datetime_operator' retrieved from /home/airflow/.local/lib/python3.12/site-packages/airflow/example_dags/example_branch_datetime_operator.py
[2024-11-18T02:58:07.285+0000] {logging_mixin.py:190} INFO - [2024-11-18T02:58:07.285+0000] {dag.py:3229} INFO - Sync 3 DAGs
[2024-11-18T02:58:07.442+0000] {logging_mixin.py:190} INFO - [2024-11-18T02:58:07.442+0000] {dag.py:4156} INFO - Setting next_dagrun for example_branch_datetime_operator to 2024-11-17 00:00:00+00:00, run_after=2024-11-18 00:00:00+00:00
[2024-11-18T02:58:07.461+0000] {logging_mixin.py:190} INFO - [2024-11-18T02:58:07.461+0000] {dag.py:4156} INFO - Setting next_dagrun for example_branch_datetime_operator_2 to 2024-11-17 00:00:00+00:00, run_after=2024-11-18 00:00:00+00:00
[2024-11-18T02:58:07.472+0000] {logging_mixin.py:190} INFO - [2024-11-18T02:58:07.472+0000] {dag.py:4156} INFO - Setting next_dagrun for example_branch_datetime_operator_3 to 2024-11-17 00:00:00+00:00, run_after=2024-11-18 00:00:00+00:00
[2024-11-18T02:58:07.555+0000] {processor.py:208} INFO - Processing /home/airflow/.local/lib/python3.12/site-packages/airflow/example_dags/example_branch_datetime_operator.py took 0.476 seconds
[2024-11-18T02:58:37.902+0000] {processor.py:186} INFO - Started process (PID=455) to work on /home/airflow/.local/lib/python3.12/site-packages/airflow/example_dags/example_branch_datetime_operator.py
[2024-11-18T02:58:37.903+0000] {processor.py:914} INFO - Processing file /home/airflow/.local/lib/python3.12/site-packages/airflow/example_dags/example_branch_datetime_operator.py for tasks to queue
[2024-11-18T02:58:37.905+0000] {logging_mixin.py:190} INFO - [2024-11-18T02:58:37.905+0000] {dagbag.py:587} INFO - Filling up the DagBag from /home/airflow/.local/lib/python3.12/site-packages/airflow/example_dags/example_branch_datetime_operator.py
[2024-11-18T02:58:37.917+0000] {processor.py:925} INFO - DAG(s) 'example_branch_datetime_operator_3', 'example_branch_datetime_operator', 'example_branch_datetime_operator_2' retrieved from /home/airflow/.local/lib/python3.12/site-packages/airflow/example_dags/example_branch_datetime_operator.py
[2024-11-18T02:58:37.941+0000] {logging_mixin.py:190} INFO - [2024-11-18T02:58:37.941+0000] {dag.py:3229} INFO - Sync 3 DAGs
[2024-11-18T02:58:37.964+0000] {logging_mixin.py:190} INFO - [2024-11-18T02:58:37.963+0000] {dag.py:4156} INFO - Setting next_dagrun for example_branch_datetime_operator to 2024-11-17 00:00:00+00:00, run_after=2024-11-18 00:00:00+00:00
[2024-11-18T02:58:37.969+0000] {logging_mixin.py:190} INFO - [2024-11-18T02:58:37.969+0000] {dag.py:4156} INFO - Setting next_dagrun for example_branch_datetime_operator_2 to 2024-11-17 00:00:00+00:00, run_after=2024-11-18 00:00:00+00:00
[2024-11-18T02:58:37.971+0000] {logging_mixin.py:190} INFO - [2024-11-18T02:58:37.971+0000] {dag.py:4156} INFO - Setting next_dagrun for example_branch_datetime_operator_3 to 2024-11-17 00:00:00+00:00, run_after=2024-11-18 00:00:00+00:00
[2024-11-18T02:58:37.985+0000] {processor.py:208} INFO - Processing /home/airflow/.local/lib/python3.12/site-packages/airflow/example_dags/example_branch_datetime_operator.py took 0.089 seconds
[2024-11-18T02:59:08.287+0000] {processor.py:186} INFO - Started process (PID=517) to work on /home/airflow/.local/lib/python3.12/site-packages/airflow/example_dags/example_branch_datetime_operator.py
[2024-11-18T02:59:08.288+0000] {processor.py:914} INFO - Processing file /home/airflow/.local/lib/python3.12/site-packages/airflow/example_dags/example_branch_datetime_operator.py for tasks to queue
[2024-11-18T02:59:08.291+0000] {logging_mixin.py:190} INFO - [2024-11-18T02:59:08.290+0000] {dagbag.py:587} INFO - Filling up the DagBag from /home/airflow/.local/lib/python3.12/site-packages/airflow/example_dags/example_branch_datetime_operator.py
[2024-11-18T02:59:08.302+0000] {processor.py:925} INFO - DAG(s) 'example_branch_datetime_operator', 'example_branch_datetime_operator_3', 'example_branch_datetime_operator_2' retrieved from /home/airflow/.local/lib/python3.12/site-packages/airflow/example_dags/example_branch_datetime_operator.py
[2024-11-18T02:59:08.328+0000] {logging_mixin.py:190} INFO - [2024-11-18T02:59:08.327+0000] {dag.py:3229} INFO - Sync 3 DAGs
[2024-11-18T02:59:08.352+0000] {logging_mixin.py:190} INFO - [2024-11-18T02:59:08.352+0000] {dag.py:4156} INFO - Setting next_dagrun for example_branch_datetime_operator to 2024-11-17 00:00:00+00:00, run_after=2024-11-18 00:00:00+00:00
[2024-11-18T02:59:08.357+0000] {logging_mixin.py:190} INFO - [2024-11-18T02:59:08.356+0000] {dag.py:4156} INFO - Setting next_dagrun for example_branch_datetime_operator_2 to 2024-11-17 00:00:00+00:00, run_after=2024-11-18 00:00:00+00:00
[2024-11-18T02:59:08.359+0000] {logging_mixin.py:190} INFO - [2024-11-18T02:59:08.358+0000] {dag.py:4156} INFO - Setting next_dagrun for example_branch_datetime_operator_3 to 2024-11-17 00:00:00+00:00, run_after=2024-11-18 00:00:00+00:00
[2024-11-18T02:59:08.373+0000] {processor.py:208} INFO - Processing /home/airflow/.local/lib/python3.12/site-packages/airflow/example_dags/example_branch_datetime_operator.py took 0.092 seconds
[2024-11-18T02:59:39.131+0000] {processor.py:186} INFO - Started process (PID=578) to work on /home/airflow/.local/lib/python3.12/site-packages/airflow/example_dags/example_branch_datetime_operator.py
[2024-11-18T02:59:39.133+0000] {processor.py:914} INFO - Processing file /home/airflow/.local/lib/python3.12/site-packages/airflow/example_dags/example_branch_datetime_operator.py for tasks to queue
[2024-11-18T02:59:39.135+0000] {logging_mixin.py:190} INFO - [2024-11-18T02:59:39.135+0000] {dagbag.py:587} INFO - Filling up the DagBag from /home/airflow/.local/lib/python3.12/site-packages/airflow/example_dags/example_branch_datetime_operator.py
[2024-11-18T02:59:39.150+0000] {processor.py:925} INFO - DAG(s) 'example_branch_datetime_operator_3', 'example_branch_datetime_operator', 'example_branch_datetime_operator_2' retrieved from /home/airflow/.local/lib/python3.12/site-packages/airflow/example_dags/example_branch_datetime_operator.py
[2024-11-18T02:59:39.175+0000] {logging_mixin.py:190} INFO - [2024-11-18T02:59:39.175+0000] {dag.py:3229} INFO - Sync 3 DAGs
[2024-11-18T02:59:39.198+0000] {logging_mixin.py:190} INFO - [2024-11-18T02:59:39.198+0000] {dag.py:4156} INFO - Setting next_dagrun for example_branch_datetime_operator to 2024-11-17 00:00:00+00:00, run_after=2024-11-18 00:00:00+00:00
[2024-11-18T02:59:39.202+0000] {logging_mixin.py:190} INFO - [2024-11-18T02:59:39.202+0000] {dag.py:4156} INFO - Setting next_dagrun for example_branch_datetime_operator_2 to 2024-11-17 00:00:00+00:00, run_after=2024-11-18 00:00:00+00:00
[2024-11-18T02:59:39.204+0000] {logging_mixin.py:190} INFO - [2024-11-18T02:59:39.204+0000] {dag.py:4156} INFO - Setting next_dagrun for example_branch_datetime_operator_3 to 2024-11-17 00:00:00+00:00, run_after=2024-11-18 00:00:00+00:00
[2024-11-18T02:59:39.219+0000] {processor.py:208} INFO - Processing /home/airflow/.local/lib/python3.12/site-packages/airflow/example_dags/example_branch_datetime_operator.py took 0.096 seconds
[2024-11-18T03:00:09.746+0000] {processor.py:186} INFO - Started process (PID=640) to work on /home/airflow/.local/lib/python3.12/site-packages/airflow/example_dags/example_branch_datetime_operator.py
[2024-11-18T03:00:09.756+0000] {processor.py:914} INFO - Processing file /home/airflow/.local/lib/python3.12/site-packages/airflow/example_dags/example_branch_datetime_operator.py for tasks to queue
[2024-11-18T03:00:09.765+0000] {logging_mixin.py:190} INFO - [2024-11-18T03:00:09.761+0000] {dagbag.py:587} INFO - Filling up the DagBag from /home/airflow/.local/lib/python3.12/site-packages/airflow/example_dags/example_branch_datetime_operator.py
[2024-11-18T03:00:09.815+0000] {processor.py:925} INFO - DAG(s) 'example_branch_datetime_operator_3', 'example_branch_datetime_operator_2', 'example_branch_datetime_operator' retrieved from /home/airflow/.local/lib/python3.12/site-packages/airflow/example_dags/example_branch_datetime_operator.py
[2024-11-18T03:00:09.916+0000] {logging_mixin.py:190} INFO - [2024-11-18T03:00:09.916+0000] {dag.py:3229} INFO - Sync 3 DAGs
[2024-11-18T03:00:10.013+0000] {logging_mixin.py:190} INFO - [2024-11-18T03:00:10.013+0000] {dag.py:4156} INFO - Setting next_dagrun for example_branch_datetime_operator to 2024-11-17 00:00:00+00:00, run_after=2024-11-18 00:00:00+00:00
[2024-11-18T03:00:10.035+0000] {logging_mixin.py:190} INFO - [2024-11-18T03:00:10.035+0000] {dag.py:4156} INFO - Setting next_dagrun for example_branch_datetime_operator_2 to 2024-11-17 00:00:00+00:00, run_after=2024-11-18 00:00:00+00:00
[2024-11-18T03:00:10.046+0000] {logging_mixin.py:190} INFO - [2024-11-18T03:00:10.045+0000] {dag.py:4156} INFO - Setting next_dagrun for example_branch_datetime_operator_3 to 2024-11-17 00:00:00+00:00, run_after=2024-11-18 00:00:00+00:00
[2024-11-18T03:00:10.111+0000] {processor.py:208} INFO - Processing /home/airflow/.local/lib/python3.12/site-packages/airflow/example_dags/example_branch_datetime_operator.py took 0.392 seconds
[2024-11-18T03:00:40.717+0000] {processor.py:186} INFO - Started process (PID=702) to work on /home/airflow/.local/lib/python3.12/site-packages/airflow/example_dags/example_branch_datetime_operator.py
[2024-11-18T03:00:40.723+0000] {processor.py:914} INFO - Processing file /home/airflow/.local/lib/python3.12/site-packages/airflow/example_dags/example_branch_datetime_operator.py for tasks to queue
[2024-11-18T03:00:40.731+0000] {logging_mixin.py:190} INFO - [2024-11-18T03:00:40.731+0000] {dagbag.py:587} INFO - Filling up the DagBag from /home/airflow/.local/lib/python3.12/site-packages/airflow/example_dags/example_branch_datetime_operator.py
[2024-11-18T03:00:40.784+0000] {processor.py:925} INFO - DAG(s) 'example_branch_datetime_operator', 'example_branch_datetime_operator_2', 'example_branch_datetime_operator_3' retrieved from /home/airflow/.local/lib/python3.12/site-packages/airflow/example_dags/example_branch_datetime_operator.py
[2024-11-18T03:00:40.887+0000] {logging_mixin.py:190} INFO - [2024-11-18T03:00:40.887+0000] {dag.py:3229} INFO - Sync 3 DAGs
[2024-11-18T03:00:40.990+0000] {logging_mixin.py:190} INFO - [2024-11-18T03:00:40.984+0000] {dag.py:4156} INFO - Setting next_dagrun for example_branch_datetime_operator to 2024-11-17 00:00:00+00:00, run_after=2024-11-18 00:00:00+00:00
[2024-11-18T03:00:41.010+0000] {logging_mixin.py:190} INFO - [2024-11-18T03:00:41.005+0000] {dag.py:4156} INFO - Setting next_dagrun for example_branch_datetime_operator_2 to 2024-11-17 00:00:00+00:00, run_after=2024-11-18 00:00:00+00:00
[2024-11-18T03:00:41.016+0000] {logging_mixin.py:190} INFO - [2024-11-18T03:00:41.016+0000] {dag.py:4156} INFO - Setting next_dagrun for example_branch_datetime_operator_3 to 2024-11-17 00:00:00+00:00, run_after=2024-11-18 00:00:00+00:00
[2024-11-18T03:00:41.086+0000] {processor.py:208} INFO - Processing /home/airflow/.local/lib/python3.12/site-packages/airflow/example_dags/example_branch_datetime_operator.py took 0.399 seconds
[2024-11-18T03:01:11.532+0000] {processor.py:186} INFO - Started process (PID=765) to work on /home/airflow/.local/lib/python3.12/site-packages/airflow/example_dags/example_branch_datetime_operator.py
[2024-11-18T03:01:11.533+0000] {processor.py:914} INFO - Processing file /home/airflow/.local/lib/python3.12/site-packages/airflow/example_dags/example_branch_datetime_operator.py for tasks to queue
[2024-11-18T03:01:11.535+0000] {logging_mixin.py:190} INFO - [2024-11-18T03:01:11.535+0000] {dagbag.py:587} INFO - Filling up the DagBag from /home/airflow/.local/lib/python3.12/site-packages/airflow/example_dags/example_branch_datetime_operator.py
[2024-11-18T03:01:11.547+0000] {processor.py:925} INFO - DAG(s) 'example_branch_datetime_operator', 'example_branch_datetime_operator_3', 'example_branch_datetime_operator_2' retrieved from /home/airflow/.local/lib/python3.12/site-packages/airflow/example_dags/example_branch_datetime_operator.py
[2024-11-18T03:01:11.573+0000] {logging_mixin.py:190} INFO - [2024-11-18T03:01:11.573+0000] {dag.py:3229} INFO - Sync 3 DAGs
[2024-11-18T03:01:11.596+0000] {logging_mixin.py:190} INFO - [2024-11-18T03:01:11.596+0000] {dag.py:4156} INFO - Setting next_dagrun for example_branch_datetime_operator to 2024-11-17 00:00:00+00:00, run_after=2024-11-18 00:00:00+00:00
[2024-11-18T03:01:11.600+0000] {logging_mixin.py:190} INFO - [2024-11-18T03:01:11.600+0000] {dag.py:4156} INFO - Setting next_dagrun for example_branch_datetime_operator_2 to 2024-11-17 00:00:00+00:00, run_after=2024-11-18 00:00:00+00:00
[2024-11-18T03:01:11.602+0000] {logging_mixin.py:190} INFO - [2024-11-18T03:01:11.602+0000] {dag.py:4156} INFO - Setting next_dagrun for example_branch_datetime_operator_3 to 2024-11-17 00:00:00+00:00, run_after=2024-11-18 00:00:00+00:00
[2024-11-18T03:01:11.616+0000] {processor.py:208} INFO - Processing /home/airflow/.local/lib/python3.12/site-packages/airflow/example_dags/example_branch_datetime_operator.py took 0.092 seconds
[2024-11-18T03:01:42.563+0000] {processor.py:186} INFO - Started process (PID=827) to work on /home/airflow/.local/lib/python3.12/site-packages/airflow/example_dags/example_branch_datetime_operator.py
[2024-11-18T03:01:42.563+0000] {processor.py:914} INFO - Processing file /home/airflow/.local/lib/python3.12/site-packages/airflow/example_dags/example_branch_datetime_operator.py for tasks to queue
[2024-11-18T03:01:42.566+0000] {logging_mixin.py:190} INFO - [2024-11-18T03:01:42.566+0000] {dagbag.py:587} INFO - Filling up the DagBag from /home/airflow/.local/lib/python3.12/site-packages/airflow/example_dags/example_branch_datetime_operator.py
[2024-11-18T03:01:42.578+0000] {processor.py:925} INFO - DAG(s) 'example_branch_datetime_operator', 'example_branch_datetime_operator_2', 'example_branch_datetime_operator_3' retrieved from /home/airflow/.local/lib/python3.12/site-packages/airflow/example_dags/example_branch_datetime_operator.py
[2024-11-18T03:01:42.604+0000] {logging_mixin.py:190} INFO - [2024-11-18T03:01:42.604+0000] {dag.py:3229} INFO - Sync 3 DAGs
[2024-11-18T03:01:42.628+0000] {logging_mixin.py:190} INFO - [2024-11-18T03:01:42.628+0000] {dag.py:4156} INFO - Setting next_dagrun for example_branch_datetime_operator to 2024-11-17 00:00:00+00:00, run_after=2024-11-18 00:00:00+00:00
[2024-11-18T03:01:42.632+0000] {logging_mixin.py:190} INFO - [2024-11-18T03:01:42.632+0000] {dag.py:4156} INFO - Setting next_dagrun for example_branch_datetime_operator_2 to 2024-11-17 00:00:00+00:00, run_after=2024-11-18 00:00:00+00:00
[2024-11-18T03:01:42.634+0000] {logging_mixin.py:190} INFO - [2024-11-18T03:01:42.634+0000] {dag.py:4156} INFO - Setting next_dagrun for example_branch_datetime_operator_3 to 2024-11-17 00:00:00+00:00, run_after=2024-11-18 00:00:00+00:00
[2024-11-18T03:01:42.650+0000] {processor.py:208} INFO - Processing /home/airflow/.local/lib/python3.12/site-packages/airflow/example_dags/example_branch_datetime_operator.py took 0.093 seconds
[2024-11-18T03:02:12.922+0000] {processor.py:186} INFO - Started process (PID=889) to work on /home/airflow/.local/lib/python3.12/site-packages/airflow/example_dags/example_branch_datetime_operator.py
[2024-11-18T03:02:12.923+0000] {processor.py:914} INFO - Processing file /home/airflow/.local/lib/python3.12/site-packages/airflow/example_dags/example_branch_datetime_operator.py for tasks to queue
[2024-11-18T03:02:12.925+0000] {logging_mixin.py:190} INFO - [2024-11-18T03:02:12.925+0000] {dagbag.py:587} INFO - Filling up the DagBag from /home/airflow/.local/lib/python3.12/site-packages/airflow/example_dags/example_branch_datetime_operator.py
[2024-11-18T03:02:12.937+0000] {processor.py:925} INFO - DAG(s) 'example_branch_datetime_operator_3', 'example_branch_datetime_operator', 'example_branch_datetime_operator_2' retrieved from /home/airflow/.local/lib/python3.12/site-packages/airflow/example_dags/example_branch_datetime_operator.py
[2024-11-18T03:02:12.962+0000] {logging_mixin.py:190} INFO - [2024-11-18T03:02:12.961+0000] {dag.py:3229} INFO - Sync 3 DAGs
[2024-11-18T03:02:12.985+0000] {logging_mixin.py:190} INFO - [2024-11-18T03:02:12.985+0000] {dag.py:4156} INFO - Setting next_dagrun for example_branch_datetime_operator to 2024-11-17 00:00:00+00:00, run_after=2024-11-18 00:00:00+00:00
[2024-11-18T03:02:12.990+0000] {logging_mixin.py:190} INFO - [2024-11-18T03:02:12.989+0000] {dag.py:4156} INFO - Setting next_dagrun for example_branch_datetime_operator_2 to 2024-11-17 00:00:00+00:00, run_after=2024-11-18 00:00:00+00:00
[2024-11-18T03:02:12.992+0000] {logging_mixin.py:190} INFO - [2024-11-18T03:02:12.991+0000] {dag.py:4156} INFO - Setting next_dagrun for example_branch_datetime_operator_3 to 2024-11-17 00:00:00+00:00, run_after=2024-11-18 00:00:00+00:00
[2024-11-18T03:02:13.006+0000] {processor.py:208} INFO - Processing /home/airflow/.local/lib/python3.12/site-packages/airflow/example_dags/example_branch_datetime_operator.py took 0.090 seconds
[2024-11-18T03:02:43.280+0000] {processor.py:186} INFO - Started process (PID=951) to work on /home/airflow/.local/lib/python3.12/site-packages/airflow/example_dags/example_branch_datetime_operator.py
[2024-11-18T03:02:43.281+0000] {processor.py:914} INFO - Processing file /home/airflow/.local/lib/python3.12/site-packages/airflow/example_dags/example_branch_datetime_operator.py for tasks to queue
[2024-11-18T03:02:43.283+0000] {logging_mixin.py:190} INFO - [2024-11-18T03:02:43.282+0000] {dagbag.py:587} INFO - Filling up the DagBag from /home/airflow/.local/lib/python3.12/site-packages/airflow/example_dags/example_branch_datetime_operator.py
[2024-11-18T03:02:43.295+0000] {processor.py:925} INFO - DAG(s) 'example_branch_datetime_operator_2', 'example_branch_datetime_operator', 'example_branch_datetime_operator_3' retrieved from /home/airflow/.local/lib/python3.12/site-packages/airflow/example_dags/example_branch_datetime_operator.py
[2024-11-18T03:02:43.320+0000] {logging_mixin.py:190} INFO - [2024-11-18T03:02:43.319+0000] {dag.py:3229} INFO - Sync 3 DAGs
[2024-11-18T03:02:43.343+0000] {logging_mixin.py:190} INFO - [2024-11-18T03:02:43.343+0000] {dag.py:4156} INFO - Setting next_dagrun for example_branch_datetime_operator to 2024-11-17 00:00:00+00:00, run_after=2024-11-18 00:00:00+00:00
[2024-11-18T03:02:43.347+0000] {logging_mixin.py:190} INFO - [2024-11-18T03:02:43.347+0000] {dag.py:4156} INFO - Setting next_dagrun for example_branch_datetime_operator_2 to 2024-11-17 00:00:00+00:00, run_after=2024-11-18 00:00:00+00:00
[2024-11-18T03:02:43.349+0000] {logging_mixin.py:190} INFO - [2024-11-18T03:02:43.349+0000] {dag.py:4156} INFO - Setting next_dagrun for example_branch_datetime_operator_3 to 2024-11-17 00:00:00+00:00, run_after=2024-11-18 00:00:00+00:00
[2024-11-18T03:02:43.363+0000] {processor.py:208} INFO - Processing /home/airflow/.local/lib/python3.12/site-packages/airflow/example_dags/example_branch_datetime_operator.py took 0.089 seconds
[2024-11-18T03:03:14.328+0000] {processor.py:186} INFO - Started process (PID=1013) to work on /home/airflow/.local/lib/python3.12/site-packages/airflow/example_dags/example_branch_datetime_operator.py
[2024-11-18T03:03:14.329+0000] {processor.py:914} INFO - Processing file /home/airflow/.local/lib/python3.12/site-packages/airflow/example_dags/example_branch_datetime_operator.py for tasks to queue
[2024-11-18T03:03:14.332+0000] {logging_mixin.py:190} INFO - [2024-11-18T03:03:14.331+0000] {dagbag.py:587} INFO - Filling up the DagBag from /home/airflow/.local/lib/python3.12/site-packages/airflow/example_dags/example_branch_datetime_operator.py
[2024-11-18T03:03:14.343+0000] {processor.py:925} INFO - DAG(s) 'example_branch_datetime_operator_3', 'example_branch_datetime_operator', 'example_branch_datetime_operator_2' retrieved from /home/airflow/.local/lib/python3.12/site-packages/airflow/example_dags/example_branch_datetime_operator.py
[2024-11-18T03:03:14.367+0000] {logging_mixin.py:190} INFO - [2024-11-18T03:03:14.367+0000] {dag.py:3229} INFO - Sync 3 DAGs
[2024-11-18T03:03:14.390+0000] {logging_mixin.py:190} INFO - [2024-11-18T03:03:14.390+0000] {dag.py:4156} INFO - Setting next_dagrun for example_branch_datetime_operator to 2024-11-17 00:00:00+00:00, run_after=2024-11-18 00:00:00+00:00
[2024-11-18T03:03:14.394+0000] {logging_mixin.py:190} INFO - [2024-11-18T03:03:14.394+0000] {dag.py:4156} INFO - Setting next_dagrun for example_branch_datetime_operator_2 to 2024-11-17 00:00:00+00:00, run_after=2024-11-18 00:00:00+00:00
[2024-11-18T03:03:14.396+0000] {logging_mixin.py:190} INFO - [2024-11-18T03:03:14.396+0000] {dag.py:4156} INFO - Setting next_dagrun for example_branch_datetime_operator_3 to 2024-11-17 00:00:00+00:00, run_after=2024-11-18 00:00:00+00:00
[2024-11-18T03:03:14.410+0000] {processor.py:208} INFO - Processing /home/airflow/.local/lib/python3.12/site-packages/airflow/example_dags/example_branch_datetime_operator.py took 0.087 seconds
[2024-11-18T03:03:45.939+0000] {processor.py:186} INFO - Started process (PID=1074) to work on /home/airflow/.local/lib/python3.12/site-packages/airflow/example_dags/example_branch_datetime_operator.py
[2024-11-18T03:03:45.944+0000] {processor.py:914} INFO - Processing file /home/airflow/.local/lib/python3.12/site-packages/airflow/example_dags/example_branch_datetime_operator.py for tasks to queue
[2024-11-18T03:03:45.953+0000] {logging_mixin.py:190} INFO - [2024-11-18T03:03:45.953+0000] {dagbag.py:587} INFO - Filling up the DagBag from /home/airflow/.local/lib/python3.12/site-packages/airflow/example_dags/example_branch_datetime_operator.py
[2024-11-18T03:03:46.006+0000] {processor.py:925} INFO - DAG(s) 'example_branch_datetime_operator_2', 'example_branch_datetime_operator_3', 'example_branch_datetime_operator' retrieved from /home/airflow/.local/lib/python3.12/site-packages/airflow/example_dags/example_branch_datetime_operator.py
[2024-11-18T03:03:46.144+0000] {logging_mixin.py:190} INFO - [2024-11-18T03:03:46.142+0000] {dag.py:3229} INFO - Sync 3 DAGs
[2024-11-18T03:03:46.222+0000] {logging_mixin.py:190} INFO - [2024-11-18T03:03:46.222+0000] {dag.py:4156} INFO - Setting next_dagrun for example_branch_datetime_operator to 2024-11-17 00:00:00+00:00, run_after=2024-11-18 00:00:00+00:00
[2024-11-18T03:03:46.239+0000] {logging_mixin.py:190} INFO - [2024-11-18T03:03:46.235+0000] {dag.py:4156} INFO - Setting next_dagrun for example_branch_datetime_operator_2 to 2024-11-17 00:00:00+00:00, run_after=2024-11-18 00:00:00+00:00
[2024-11-18T03:03:46.245+0000] {logging_mixin.py:190} INFO - [2024-11-18T03:03:46.245+0000] {dag.py:4156} INFO - Setting next_dagrun for example_branch_datetime_operator_3 to 2024-11-17 00:00:00+00:00, run_after=2024-11-18 00:00:00+00:00
[2024-11-18T03:03:46.281+0000] {processor.py:208} INFO - Processing /home/airflow/.local/lib/python3.12/site-packages/airflow/example_dags/example_branch_datetime_operator.py took 0.370 seconds
[2024-11-18T03:04:17.240+0000] {processor.py:186} INFO - Started process (PID=1136) to work on /home/airflow/.local/lib/python3.12/site-packages/airflow/example_dags/example_branch_datetime_operator.py
[2024-11-18T03:04:17.243+0000] {processor.py:914} INFO - Processing file /home/airflow/.local/lib/python3.12/site-packages/airflow/example_dags/example_branch_datetime_operator.py for tasks to queue
[2024-11-18T03:04:17.247+0000] {logging_mixin.py:190} INFO - [2024-11-18T03:04:17.247+0000] {dagbag.py:587} INFO - Filling up the DagBag from /home/airflow/.local/lib/python3.12/site-packages/airflow/example_dags/example_branch_datetime_operator.py
[2024-11-18T03:04:17.273+0000] {processor.py:925} INFO - DAG(s) 'example_branch_datetime_operator_3', 'example_branch_datetime_operator', 'example_branch_datetime_operator_2' retrieved from /home/airflow/.local/lib/python3.12/site-packages/airflow/example_dags/example_branch_datetime_operator.py
[2024-11-18T03:04:17.328+0000] {logging_mixin.py:190} INFO - [2024-11-18T03:04:17.328+0000] {dag.py:3229} INFO - Sync 3 DAGs
[2024-11-18T03:04:17.384+0000] {logging_mixin.py:190} INFO - [2024-11-18T03:04:17.382+0000] {dag.py:4156} INFO - Setting next_dagrun for example_branch_datetime_operator to 2024-11-17 00:00:00+00:00, run_after=2024-11-18 00:00:00+00:00
[2024-11-18T03:04:17.392+0000] {logging_mixin.py:190} INFO - [2024-11-18T03:04:17.392+0000] {dag.py:4156} INFO - Setting next_dagrun for example_branch_datetime_operator_2 to 2024-11-17 00:00:00+00:00, run_after=2024-11-18 00:00:00+00:00
[2024-11-18T03:04:17.395+0000] {logging_mixin.py:190} INFO - [2024-11-18T03:04:17.395+0000] {dag.py:4156} INFO - Setting next_dagrun for example_branch_datetime_operator_3 to 2024-11-17 00:00:00+00:00, run_after=2024-11-18 00:00:00+00:00
[2024-11-18T03:04:17.427+0000] {processor.py:208} INFO - Processing /home/airflow/.local/lib/python3.12/site-packages/airflow/example_dags/example_branch_datetime_operator.py took 0.200 seconds
[2024-11-18T03:04:47.494+0000] {processor.py:186} INFO - Started process (PID=1198) to work on /home/airflow/.local/lib/python3.12/site-packages/airflow/example_dags/example_branch_datetime_operator.py
[2024-11-18T03:04:47.495+0000] {processor.py:914} INFO - Processing file /home/airflow/.local/lib/python3.12/site-packages/airflow/example_dags/example_branch_datetime_operator.py for tasks to queue
[2024-11-18T03:04:47.498+0000] {logging_mixin.py:190} INFO - [2024-11-18T03:04:47.497+0000] {dagbag.py:587} INFO - Filling up the DagBag from /home/airflow/.local/lib/python3.12/site-packages/airflow/example_dags/example_branch_datetime_operator.py
[2024-11-18T03:04:47.510+0000] {processor.py:925} INFO - DAG(s) 'example_branch_datetime_operator', 'example_branch_datetime_operator_3', 'example_branch_datetime_operator_2' retrieved from /home/airflow/.local/lib/python3.12/site-packages/airflow/example_dags/example_branch_datetime_operator.py
[2024-11-18T03:04:47.536+0000] {logging_mixin.py:190} INFO - [2024-11-18T03:04:47.536+0000] {dag.py:3229} INFO - Sync 3 DAGs
[2024-11-18T03:04:47.560+0000] {logging_mixin.py:190} INFO - [2024-11-18T03:04:47.560+0000] {dag.py:4156} INFO - Setting next_dagrun for example_branch_datetime_operator to 2024-11-17 00:00:00+00:00, run_after=2024-11-18 00:00:00+00:00
[2024-11-18T03:04:47.564+0000] {logging_mixin.py:190} INFO - [2024-11-18T03:04:47.564+0000] {dag.py:4156} INFO - Setting next_dagrun for example_branch_datetime_operator_2 to 2024-11-17 00:00:00+00:00, run_after=2024-11-18 00:00:00+00:00
[2024-11-18T03:04:47.566+0000] {logging_mixin.py:190} INFO - [2024-11-18T03:04:47.566+0000] {dag.py:4156} INFO - Setting next_dagrun for example_branch_datetime_operator_3 to 2024-11-17 00:00:00+00:00, run_after=2024-11-18 00:00:00+00:00
[2024-11-18T03:04:47.581+0000] {processor.py:208} INFO - Processing /home/airflow/.local/lib/python3.12/site-packages/airflow/example_dags/example_branch_datetime_operator.py took 0.093 seconds
[2024-11-18T03:05:17.899+0000] {processor.py:186} INFO - Started process (PID=1260) to work on /home/airflow/.local/lib/python3.12/site-packages/airflow/example_dags/example_branch_datetime_operator.py
[2024-11-18T03:05:17.900+0000] {processor.py:914} INFO - Processing file /home/airflow/.local/lib/python3.12/site-packages/airflow/example_dags/example_branch_datetime_operator.py for tasks to queue
[2024-11-18T03:05:17.903+0000] {logging_mixin.py:190} INFO - [2024-11-18T03:05:17.902+0000] {dagbag.py:587} INFO - Filling up the DagBag from /home/airflow/.local/lib/python3.12/site-packages/airflow/example_dags/example_branch_datetime_operator.py
[2024-11-18T03:05:17.916+0000] {processor.py:925} INFO - DAG(s) 'example_branch_datetime_operator_3', 'example_branch_datetime_operator', 'example_branch_datetime_operator_2' retrieved from /home/airflow/.local/lib/python3.12/site-packages/airflow/example_dags/example_branch_datetime_operator.py
[2024-11-18T03:05:17.942+0000] {logging_mixin.py:190} INFO - [2024-11-18T03:05:17.942+0000] {dag.py:3229} INFO - Sync 3 DAGs
[2024-11-18T03:05:17.966+0000] {logging_mixin.py:190} INFO - [2024-11-18T03:05:17.965+0000] {dag.py:4156} INFO - Setting next_dagrun for example_branch_datetime_operator to 2024-11-17 00:00:00+00:00, run_after=2024-11-18 00:00:00+00:00
[2024-11-18T03:05:17.970+0000] {logging_mixin.py:190} INFO - [2024-11-18T03:05:17.970+0000] {dag.py:4156} INFO - Setting next_dagrun for example_branch_datetime_operator_2 to 2024-11-17 00:00:00+00:00, run_after=2024-11-18 00:00:00+00:00
[2024-11-18T03:05:17.972+0000] {logging_mixin.py:190} INFO - [2024-11-18T03:05:17.972+0000] {dag.py:4156} INFO - Setting next_dagrun for example_branch_datetime_operator_3 to 2024-11-17 00:00:00+00:00, run_after=2024-11-18 00:00:00+00:00
[2024-11-18T03:05:17.986+0000] {processor.py:208} INFO - Processing /home/airflow/.local/lib/python3.12/site-packages/airflow/example_dags/example_branch_datetime_operator.py took 0.093 seconds
[2024-11-18T03:05:48.224+0000] {processor.py:186} INFO - Started process (PID=1322) to work on /home/airflow/.local/lib/python3.12/site-packages/airflow/example_dags/example_branch_datetime_operator.py
[2024-11-18T03:05:48.226+0000] {processor.py:914} INFO - Processing file /home/airflow/.local/lib/python3.12/site-packages/airflow/example_dags/example_branch_datetime_operator.py for tasks to queue
[2024-11-18T03:05:48.228+0000] {logging_mixin.py:190} INFO - [2024-11-18T03:05:48.228+0000] {dagbag.py:587} INFO - Filling up the DagBag from /home/airflow/.local/lib/python3.12/site-packages/airflow/example_dags/example_branch_datetime_operator.py
[2024-11-18T03:05:48.240+0000] {processor.py:925} INFO - DAG(s) 'example_branch_datetime_operator', 'example_branch_datetime_operator_2', 'example_branch_datetime_operator_3' retrieved from /home/airflow/.local/lib/python3.12/site-packages/airflow/example_dags/example_branch_datetime_operator.py
[2024-11-18T03:05:48.265+0000] {logging_mixin.py:190} INFO - [2024-11-18T03:05:48.265+0000] {dag.py:3229} INFO - Sync 3 DAGs
[2024-11-18T03:05:48.289+0000] {logging_mixin.py:190} INFO - [2024-11-18T03:05:48.289+0000] {dag.py:4156} INFO - Setting next_dagrun for example_branch_datetime_operator to 2024-11-17 00:00:00+00:00, run_after=2024-11-18 00:00:00+00:00
[2024-11-18T03:05:48.293+0000] {logging_mixin.py:190} INFO - [2024-11-18T03:05:48.293+0000] {dag.py:4156} INFO - Setting next_dagrun for example_branch_datetime_operator_2 to 2024-11-17 00:00:00+00:00, run_after=2024-11-18 00:00:00+00:00
[2024-11-18T03:05:48.295+0000] {logging_mixin.py:190} INFO - [2024-11-18T03:05:48.295+0000] {dag.py:4156} INFO - Setting next_dagrun for example_branch_datetime_operator_3 to 2024-11-17 00:00:00+00:00, run_after=2024-11-18 00:00:00+00:00
[2024-11-18T03:05:48.309+0000] {processor.py:208} INFO - Processing /home/airflow/.local/lib/python3.12/site-packages/airflow/example_dags/example_branch_datetime_operator.py took 0.091 seconds
[2024-11-18T03:06:18.737+0000] {processor.py:186} INFO - Started process (PID=1384) to work on /home/airflow/.local/lib/python3.12/site-packages/airflow/example_dags/example_branch_datetime_operator.py
[2024-11-18T03:06:18.738+0000] {processor.py:914} INFO - Processing file /home/airflow/.local/lib/python3.12/site-packages/airflow/example_dags/example_branch_datetime_operator.py for tasks to queue
[2024-11-18T03:06:18.740+0000] {logging_mixin.py:190} INFO - [2024-11-18T03:06:18.739+0000] {dagbag.py:587} INFO - Filling up the DagBag from /home/airflow/.local/lib/python3.12/site-packages/airflow/example_dags/example_branch_datetime_operator.py
[2024-11-18T03:06:18.751+0000] {processor.py:925} INFO - DAG(s) 'example_branch_datetime_operator_3', 'example_branch_datetime_operator_2', 'example_branch_datetime_operator' retrieved from /home/airflow/.local/lib/python3.12/site-packages/airflow/example_dags/example_branch_datetime_operator.py
[2024-11-18T03:06:18.776+0000] {logging_mixin.py:190} INFO - [2024-11-18T03:06:18.776+0000] {dag.py:3229} INFO - Sync 3 DAGs
[2024-11-18T03:06:18.800+0000] {logging_mixin.py:190} INFO - [2024-11-18T03:06:18.800+0000] {dag.py:4156} INFO - Setting next_dagrun for example_branch_datetime_operator to 2024-11-17 00:00:00+00:00, run_after=2024-11-18 00:00:00+00:00
[2024-11-18T03:06:18.805+0000] {logging_mixin.py:190} INFO - [2024-11-18T03:06:18.805+0000] {dag.py:4156} INFO - Setting next_dagrun for example_branch_datetime_operator_2 to 2024-11-17 00:00:00+00:00, run_after=2024-11-18 00:00:00+00:00
[2024-11-18T03:06:18.807+0000] {logging_mixin.py:190} INFO - [2024-11-18T03:06:18.807+0000] {dag.py:4156} INFO - Setting next_dagrun for example_branch_datetime_operator_3 to 2024-11-17 00:00:00+00:00, run_after=2024-11-18 00:00:00+00:00
[2024-11-18T03:06:18.822+0000] {processor.py:208} INFO - Processing /home/airflow/.local/lib/python3.12/site-packages/airflow/example_dags/example_branch_datetime_operator.py took 0.091 seconds
[2024-11-18T03:06:49.681+0000] {processor.py:186} INFO - Started process (PID=1446) to work on /home/airflow/.local/lib/python3.12/site-packages/airflow/example_dags/example_branch_datetime_operator.py
[2024-11-18T03:06:49.682+0000] {processor.py:914} INFO - Processing file /home/airflow/.local/lib/python3.12/site-packages/airflow/example_dags/example_branch_datetime_operator.py for tasks to queue
[2024-11-18T03:06:49.685+0000] {logging_mixin.py:190} INFO - [2024-11-18T03:06:49.684+0000] {dagbag.py:587} INFO - Filling up the DagBag from /home/airflow/.local/lib/python3.12/site-packages/airflow/example_dags/example_branch_datetime_operator.py
[2024-11-18T03:06:49.696+0000] {processor.py:925} INFO - DAG(s) 'example_branch_datetime_operator', 'example_branch_datetime_operator_3', 'example_branch_datetime_operator_2' retrieved from /home/airflow/.local/lib/python3.12/site-packages/airflow/example_dags/example_branch_datetime_operator.py
[2024-11-18T03:06:49.723+0000] {logging_mixin.py:190} INFO - [2024-11-18T03:06:49.723+0000] {dag.py:3229} INFO - Sync 3 DAGs
[2024-11-18T03:06:49.747+0000] {logging_mixin.py:190} INFO - [2024-11-18T03:06:49.747+0000] {dag.py:4156} INFO - Setting next_dagrun for example_branch_datetime_operator to 2024-11-17 00:00:00+00:00, run_after=2024-11-18 00:00:00+00:00
[2024-11-18T03:06:49.751+0000] {logging_mixin.py:190} INFO - [2024-11-18T03:06:49.751+0000] {dag.py:4156} INFO - Setting next_dagrun for example_branch_datetime_operator_2 to 2024-11-17 00:00:00+00:00, run_after=2024-11-18 00:00:00+00:00
[2024-11-18T03:06:49.753+0000] {logging_mixin.py:190} INFO - [2024-11-18T03:06:49.753+0000] {dag.py:4156} INFO - Setting next_dagrun for example_branch_datetime_operator_3 to 2024-11-17 00:00:00+00:00, run_after=2024-11-18 00:00:00+00:00
[2024-11-18T03:06:49.768+0000] {processor.py:208} INFO - Processing /home/airflow/.local/lib/python3.12/site-packages/airflow/example_dags/example_branch_datetime_operator.py took 0.092 seconds
[2024-11-18T03:07:20.410+0000] {processor.py:186} INFO - Started process (PID=1508) to work on /home/airflow/.local/lib/python3.12/site-packages/airflow/example_dags/example_branch_datetime_operator.py
[2024-11-18T03:07:20.412+0000] {processor.py:914} INFO - Processing file /home/airflow/.local/lib/python3.12/site-packages/airflow/example_dags/example_branch_datetime_operator.py for tasks to queue
[2024-11-18T03:07:20.416+0000] {logging_mixin.py:190} INFO - [2024-11-18T03:07:20.416+0000] {dagbag.py:587} INFO - Filling up the DagBag from /home/airflow/.local/lib/python3.12/site-packages/airflow/example_dags/example_branch_datetime_operator.py
[2024-11-18T03:07:20.444+0000] {processor.py:925} INFO - DAG(s) 'example_branch_datetime_operator_2', 'example_branch_datetime_operator_3', 'example_branch_datetime_operator' retrieved from /home/airflow/.local/lib/python3.12/site-packages/airflow/example_dags/example_branch_datetime_operator.py
[2024-11-18T03:07:20.500+0000] {logging_mixin.py:190} INFO - [2024-11-18T03:07:20.500+0000] {dag.py:3229} INFO - Sync 3 DAGs
[2024-11-18T03:07:20.553+0000] {logging_mixin.py:190} INFO - [2024-11-18T03:07:20.551+0000] {dag.py:4156} INFO - Setting next_dagrun for example_branch_datetime_operator to 2024-11-17 00:00:00+00:00, run_after=2024-11-18 00:00:00+00:00
[2024-11-18T03:07:20.562+0000] {logging_mixin.py:190} INFO - [2024-11-18T03:07:20.560+0000] {dag.py:4156} INFO - Setting next_dagrun for example_branch_datetime_operator_2 to 2024-11-17 00:00:00+00:00, run_after=2024-11-18 00:00:00+00:00
[2024-11-18T03:07:20.566+0000] {logging_mixin.py:190} INFO - [2024-11-18T03:07:20.565+0000] {dag.py:4156} INFO - Setting next_dagrun for example_branch_datetime_operator_3 to 2024-11-17 00:00:00+00:00, run_after=2024-11-18 00:00:00+00:00
[2024-11-18T03:07:20.604+0000] {processor.py:208} INFO - Processing /home/airflow/.local/lib/python3.12/site-packages/airflow/example_dags/example_branch_datetime_operator.py took 0.209 seconds
[2024-11-18T03:07:51.343+0000] {processor.py:186} INFO - Started process (PID=1575) to work on /home/airflow/.local/lib/python3.12/site-packages/airflow/example_dags/example_branch_datetime_operator.py
[2024-11-18T03:07:51.346+0000] {processor.py:914} INFO - Processing file /home/airflow/.local/lib/python3.12/site-packages/airflow/example_dags/example_branch_datetime_operator.py for tasks to queue
[2024-11-18T03:07:51.350+0000] {logging_mixin.py:190} INFO - [2024-11-18T03:07:51.350+0000] {dagbag.py:587} INFO - Filling up the DagBag from /home/airflow/.local/lib/python3.12/site-packages/airflow/example_dags/example_branch_datetime_operator.py
[2024-11-18T03:07:51.375+0000] {processor.py:925} INFO - DAG(s) 'example_branch_datetime_operator_2', 'example_branch_datetime_operator', 'example_branch_datetime_operator_3' retrieved from /home/airflow/.local/lib/python3.12/site-packages/airflow/example_dags/example_branch_datetime_operator.py
[2024-11-18T03:07:51.400+0000] {logging_mixin.py:190} INFO - [2024-11-18T03:07:51.399+0000] {dag.py:3229} INFO - Sync 3 DAGs
[2024-11-18T03:07:51.423+0000] {logging_mixin.py:190} INFO - [2024-11-18T03:07:51.422+0000] {dag.py:4156} INFO - Setting next_dagrun for example_branch_datetime_operator to 2024-11-17 00:00:00+00:00, run_after=2024-11-18 00:00:00+00:00
[2024-11-18T03:07:51.427+0000] {logging_mixin.py:190} INFO - [2024-11-18T03:07:51.427+0000] {dag.py:4156} INFO - Setting next_dagrun for example_branch_datetime_operator_2 to 2024-11-17 00:00:00+00:00, run_after=2024-11-18 00:00:00+00:00
[2024-11-18T03:07:51.429+0000] {logging_mixin.py:190} INFO - [2024-11-18T03:07:51.429+0000] {dag.py:4156} INFO - Setting next_dagrun for example_branch_datetime_operator_3 to 2024-11-17 00:00:00+00:00, run_after=2024-11-18 00:00:00+00:00
[2024-11-18T03:07:51.443+0000] {processor.py:208} INFO - Processing /home/airflow/.local/lib/python3.12/site-packages/airflow/example_dags/example_branch_datetime_operator.py took 0.115 seconds
[2024-11-18T03:08:23.155+0000] {processor.py:186} INFO - Started process (PID=1639) to work on /home/airflow/.local/lib/python3.12/site-packages/airflow/example_dags/example_branch_datetime_operator.py
[2024-11-18T03:08:23.159+0000] {processor.py:914} INFO - Processing file /home/airflow/.local/lib/python3.12/site-packages/airflow/example_dags/example_branch_datetime_operator.py for tasks to queue
[2024-11-18T03:08:23.163+0000] {logging_mixin.py:190} INFO - [2024-11-18T03:08:23.163+0000] {dagbag.py:587} INFO - Filling up the DagBag from /home/airflow/.local/lib/python3.12/site-packages/airflow/example_dags/example_branch_datetime_operator.py
[2024-11-18T03:08:23.186+0000] {processor.py:925} INFO - DAG(s) 'example_branch_datetime_operator_3', 'example_branch_datetime_operator_2', 'example_branch_datetime_operator' retrieved from /home/airflow/.local/lib/python3.12/site-packages/airflow/example_dags/example_branch_datetime_operator.py
[2024-11-18T03:08:23.237+0000] {logging_mixin.py:190} INFO - [2024-11-18T03:08:23.237+0000] {dag.py:3229} INFO - Sync 3 DAGs
[2024-11-18T03:08:23.297+0000] {logging_mixin.py:190} INFO - [2024-11-18T03:08:23.297+0000] {dag.py:4156} INFO - Setting next_dagrun for example_branch_datetime_operator to 2024-11-17 00:00:00+00:00, run_after=2024-11-18 00:00:00+00:00
[2024-11-18T03:08:23.305+0000] {logging_mixin.py:190} INFO - [2024-11-18T03:08:23.305+0000] {dag.py:4156} INFO - Setting next_dagrun for example_branch_datetime_operator_2 to 2024-11-17 00:00:00+00:00, run_after=2024-11-18 00:00:00+00:00
[2024-11-18T03:08:23.309+0000] {logging_mixin.py:190} INFO - [2024-11-18T03:08:23.309+0000] {dag.py:4156} INFO - Setting next_dagrun for example_branch_datetime_operator_3 to 2024-11-17 00:00:00+00:00, run_after=2024-11-18 00:00:00+00:00
[2024-11-18T03:08:23.336+0000] {processor.py:208} INFO - Processing /home/airflow/.local/lib/python3.12/site-packages/airflow/example_dags/example_branch_datetime_operator.py took 0.193 seconds
[2024-11-18T03:08:53.812+0000] {processor.py:186} INFO - Started process (PID=1700) to work on /home/airflow/.local/lib/python3.12/site-packages/airflow/example_dags/example_branch_datetime_operator.py
[2024-11-18T03:08:53.814+0000] {processor.py:914} INFO - Processing file /home/airflow/.local/lib/python3.12/site-packages/airflow/example_dags/example_branch_datetime_operator.py for tasks to queue
[2024-11-18T03:08:53.817+0000] {logging_mixin.py:190} INFO - [2024-11-18T03:08:53.817+0000] {dagbag.py:587} INFO - Filling up the DagBag from /home/airflow/.local/lib/python3.12/site-packages/airflow/example_dags/example_branch_datetime_operator.py
[2024-11-18T03:08:53.844+0000] {processor.py:925} INFO - DAG(s) 'example_branch_datetime_operator', 'example_branch_datetime_operator_2', 'example_branch_datetime_operator_3' retrieved from /home/airflow/.local/lib/python3.12/site-packages/airflow/example_dags/example_branch_datetime_operator.py
[2024-11-18T03:08:53.905+0000] {logging_mixin.py:190} INFO - [2024-11-18T03:08:53.904+0000] {dag.py:3229} INFO - Sync 3 DAGs
[2024-11-18T03:08:53.965+0000] {logging_mixin.py:190} INFO - [2024-11-18T03:08:53.962+0000] {dag.py:4156} INFO - Setting next_dagrun for example_branch_datetime_operator to 2024-11-17 00:00:00+00:00, run_after=2024-11-18 00:00:00+00:00
[2024-11-18T03:08:53.976+0000] {logging_mixin.py:190} INFO - [2024-11-18T03:08:53.975+0000] {dag.py:4156} INFO - Setting next_dagrun for example_branch_datetime_operator_2 to 2024-11-17 00:00:00+00:00, run_after=2024-11-18 00:00:00+00:00
[2024-11-18T03:08:53.979+0000] {logging_mixin.py:190} INFO - [2024-11-18T03:08:53.979+0000] {dag.py:4156} INFO - Setting next_dagrun for example_branch_datetime_operator_3 to 2024-11-17 00:00:00+00:00, run_after=2024-11-18 00:00:00+00:00
[2024-11-18T03:08:54.013+0000] {processor.py:208} INFO - Processing /home/airflow/.local/lib/python3.12/site-packages/airflow/example_dags/example_branch_datetime_operator.py took 0.215 seconds
[2024-11-18T03:09:24.151+0000] {processor.py:186} INFO - Started process (PID=1764) to work on /home/airflow/.local/lib/python3.12/site-packages/airflow/example_dags/example_branch_datetime_operator.py
[2024-11-18T03:09:24.152+0000] {processor.py:914} INFO - Processing file /home/airflow/.local/lib/python3.12/site-packages/airflow/example_dags/example_branch_datetime_operator.py for tasks to queue
[2024-11-18T03:09:24.155+0000] {logging_mixin.py:190} INFO - [2024-11-18T03:09:24.154+0000] {dagbag.py:587} INFO - Filling up the DagBag from /home/airflow/.local/lib/python3.12/site-packages/airflow/example_dags/example_branch_datetime_operator.py
[2024-11-18T03:09:24.166+0000] {processor.py:925} INFO - DAG(s) 'example_branch_datetime_operator_3', 'example_branch_datetime_operator', 'example_branch_datetime_operator_2' retrieved from /home/airflow/.local/lib/python3.12/site-packages/airflow/example_dags/example_branch_datetime_operator.py
[2024-11-18T03:09:24.192+0000] {logging_mixin.py:190} INFO - [2024-11-18T03:09:24.192+0000] {dag.py:3229} INFO - Sync 3 DAGs
[2024-11-18T03:09:24.217+0000] {logging_mixin.py:190} INFO - [2024-11-18T03:09:24.216+0000] {dag.py:4156} INFO - Setting next_dagrun for example_branch_datetime_operator to 2024-11-17 00:00:00+00:00, run_after=2024-11-18 00:00:00+00:00
[2024-11-18T03:09:24.221+0000] {logging_mixin.py:190} INFO - [2024-11-18T03:09:24.221+0000] {dag.py:4156} INFO - Setting next_dagrun for example_branch_datetime_operator_2 to 2024-11-17 00:00:00+00:00, run_after=2024-11-18 00:00:00+00:00
[2024-11-18T03:09:24.223+0000] {logging_mixin.py:190} INFO - [2024-11-18T03:09:24.223+0000] {dag.py:4156} INFO - Setting next_dagrun for example_branch_datetime_operator_3 to 2024-11-17 00:00:00+00:00, run_after=2024-11-18 00:00:00+00:00
[2024-11-18T03:09:24.238+0000] {processor.py:208} INFO - Processing /home/airflow/.local/lib/python3.12/site-packages/airflow/example_dags/example_branch_datetime_operator.py took 0.093 seconds
[2024-11-18T03:09:54.329+0000] {processor.py:186} INFO - Started process (PID=1826) to work on /home/airflow/.local/lib/python3.12/site-packages/airflow/example_dags/example_branch_datetime_operator.py
[2024-11-18T03:09:54.330+0000] {processor.py:914} INFO - Processing file /home/airflow/.local/lib/python3.12/site-packages/airflow/example_dags/example_branch_datetime_operator.py for tasks to queue
[2024-11-18T03:09:54.335+0000] {logging_mixin.py:190} INFO - [2024-11-18T03:09:54.335+0000] {dagbag.py:587} INFO - Filling up the DagBag from /home/airflow/.local/lib/python3.12/site-packages/airflow/example_dags/example_branch_datetime_operator.py
[2024-11-18T03:09:54.361+0000] {processor.py:925} INFO - DAG(s) 'example_branch_datetime_operator_2', 'example_branch_datetime_operator', 'example_branch_datetime_operator_3' retrieved from /home/airflow/.local/lib/python3.12/site-packages/airflow/example_dags/example_branch_datetime_operator.py
[2024-11-18T03:09:54.412+0000] {logging_mixin.py:190} INFO - [2024-11-18T03:09:54.412+0000] {dag.py:3229} INFO - Sync 3 DAGs
[2024-11-18T03:09:54.465+0000] {logging_mixin.py:190} INFO - [2024-11-18T03:09:54.463+0000] {dag.py:4156} INFO - Setting next_dagrun for example_branch_datetime_operator to 2024-11-17 00:00:00+00:00, run_after=2024-11-18 00:00:00+00:00
[2024-11-18T03:09:54.475+0000] {logging_mixin.py:190} INFO - [2024-11-18T03:09:54.475+0000] {dag.py:4156} INFO - Setting next_dagrun for example_branch_datetime_operator_2 to 2024-11-17 00:00:00+00:00, run_after=2024-11-18 00:00:00+00:00
[2024-11-18T03:09:54.479+0000] {logging_mixin.py:190} INFO - [2024-11-18T03:09:54.479+0000] {dag.py:4156} INFO - Setting next_dagrun for example_branch_datetime_operator_3 to 2024-11-17 00:00:00+00:00, run_after=2024-11-18 00:00:00+00:00
[2024-11-18T03:09:54.507+0000] {processor.py:208} INFO - Processing /home/airflow/.local/lib/python3.12/site-packages/airflow/example_dags/example_branch_datetime_operator.py took 0.191 seconds
[2024-11-18T03:10:25.415+0000] {processor.py:186} INFO - Started process (PID=1888) to work on /home/airflow/.local/lib/python3.12/site-packages/airflow/example_dags/example_branch_datetime_operator.py
[2024-11-18T03:10:25.422+0000] {processor.py:914} INFO - Processing file /home/airflow/.local/lib/python3.12/site-packages/airflow/example_dags/example_branch_datetime_operator.py for tasks to queue
[2024-11-18T03:10:25.441+0000] {logging_mixin.py:190} INFO - [2024-11-18T03:10:25.436+0000] {dagbag.py:587} INFO - Filling up the DagBag from /home/airflow/.local/lib/python3.12/site-packages/airflow/example_dags/example_branch_datetime_operator.py
[2024-11-18T03:10:25.504+0000] {processor.py:925} INFO - DAG(s) 'example_branch_datetime_operator_3', 'example_branch_datetime_operator', 'example_branch_datetime_operator_2' retrieved from /home/airflow/.local/lib/python3.12/site-packages/airflow/example_dags/example_branch_datetime_operator.py
[2024-11-18T03:10:25.616+0000] {logging_mixin.py:190} INFO - [2024-11-18T03:10:25.616+0000] {dag.py:3229} INFO - Sync 3 DAGs
[2024-11-18T03:10:25.721+0000] {logging_mixin.py:190} INFO - [2024-11-18T03:10:25.717+0000] {dag.py:4156} INFO - Setting next_dagrun for example_branch_datetime_operator to 2024-11-17 00:00:00+00:00, run_after=2024-11-18 00:00:00+00:00
[2024-11-18T03:10:25.739+0000] {logging_mixin.py:190} INFO - [2024-11-18T03:10:25.736+0000] {dag.py:4156} INFO - Setting next_dagrun for example_branch_datetime_operator_2 to 2024-11-17 00:00:00+00:00, run_after=2024-11-18 00:00:00+00:00
[2024-11-18T03:10:25.754+0000] {logging_mixin.py:190} INFO - [2024-11-18T03:10:25.752+0000] {dag.py:4156} INFO - Setting next_dagrun for example_branch_datetime_operator_3 to 2024-11-17 00:00:00+00:00, run_after=2024-11-18 00:00:00+00:00
[2024-11-18T03:10:25.820+0000] {processor.py:208} INFO - Processing /home/airflow/.local/lib/python3.12/site-packages/airflow/example_dags/example_branch_datetime_operator.py took 0.435 seconds
[2024-11-18T03:10:58.585+0000] {processor.py:186} INFO - Started process (PID=1950) to work on /home/airflow/.local/lib/python3.12/site-packages/airflow/example_dags/example_branch_datetime_operator.py
[2024-11-18T03:10:58.590+0000] {processor.py:914} INFO - Processing file /home/airflow/.local/lib/python3.12/site-packages/airflow/example_dags/example_branch_datetime_operator.py for tasks to queue
[2024-11-18T03:10:58.596+0000] {logging_mixin.py:190} INFO - [2024-11-18T03:10:58.594+0000] {dagbag.py:587} INFO - Filling up the DagBag from /home/airflow/.local/lib/python3.12/site-packages/airflow/example_dags/example_branch_datetime_operator.py
[2024-11-18T03:10:58.626+0000] {processor.py:925} INFO - DAG(s) 'example_branch_datetime_operator', 'example_branch_datetime_operator_2', 'example_branch_datetime_operator_3' retrieved from /home/airflow/.local/lib/python3.12/site-packages/airflow/example_dags/example_branch_datetime_operator.py
[2024-11-18T03:10:58.708+0000] {logging_mixin.py:190} INFO - [2024-11-18T03:10:58.708+0000] {dag.py:3229} INFO - Sync 3 DAGs
[2024-11-18T03:10:58.800+0000] {logging_mixin.py:190} INFO - [2024-11-18T03:10:58.800+0000] {dag.py:4156} INFO - Setting next_dagrun for example_branch_datetime_operator to 2024-11-17 00:00:00+00:00, run_after=2024-11-18 00:00:00+00:00
[2024-11-18T03:10:58.814+0000] {logging_mixin.py:190} INFO - [2024-11-18T03:10:58.812+0000] {dag.py:4156} INFO - Setting next_dagrun for example_branch_datetime_operator_2 to 2024-11-17 00:00:00+00:00, run_after=2024-11-18 00:00:00+00:00
[2024-11-18T03:10:58.818+0000] {logging_mixin.py:190} INFO - [2024-11-18T03:10:58.818+0000] {dag.py:4156} INFO - Setting next_dagrun for example_branch_datetime_operator_3 to 2024-11-17 00:00:00+00:00, run_after=2024-11-18 00:00:00+00:00
[2024-11-18T03:10:58.898+0000] {processor.py:208} INFO - Processing /home/airflow/.local/lib/python3.12/site-packages/airflow/example_dags/example_branch_datetime_operator.py took 0.333 seconds
[2024-11-18T03:11:29.325+0000] {processor.py:186} INFO - Started process (PID=2011) to work on /home/airflow/.local/lib/python3.12/site-packages/airflow/example_dags/example_branch_datetime_operator.py
[2024-11-18T03:11:29.362+0000] {processor.py:914} INFO - Processing file /home/airflow/.local/lib/python3.12/site-packages/airflow/example_dags/example_branch_datetime_operator.py for tasks to queue
[2024-11-18T03:11:29.367+0000] {logging_mixin.py:190} INFO - [2024-11-18T03:11:29.367+0000] {dagbag.py:587} INFO - Filling up the DagBag from /home/airflow/.local/lib/python3.12/site-packages/airflow/example_dags/example_branch_datetime_operator.py
[2024-11-18T03:11:29.385+0000] {processor.py:925} INFO - DAG(s) 'example_branch_datetime_operator', 'example_branch_datetime_operator_2', 'example_branch_datetime_operator_3' retrieved from /home/airflow/.local/lib/python3.12/site-packages/airflow/example_dags/example_branch_datetime_operator.py
[2024-11-18T03:11:29.743+0000] {logging_mixin.py:190} INFO - [2024-11-18T03:11:29.739+0000] {dag.py:3229} INFO - Sync 3 DAGs
[2024-11-18T03:11:29.817+0000] {logging_mixin.py:190} INFO - [2024-11-18T03:11:29.817+0000] {dag.py:4156} INFO - Setting next_dagrun for example_branch_datetime_operator to 2024-11-17 00:00:00+00:00, run_after=2024-11-18 00:00:00+00:00
[2024-11-18T03:11:29.834+0000] {logging_mixin.py:190} INFO - [2024-11-18T03:11:29.833+0000] {dag.py:4156} INFO - Setting next_dagrun for example_branch_datetime_operator_2 to 2024-11-17 00:00:00+00:00, run_after=2024-11-18 00:00:00+00:00
[2024-11-18T03:11:29.838+0000] {logging_mixin.py:190} INFO - [2024-11-18T03:11:29.838+0000] {dag.py:4156} INFO - Setting next_dagrun for example_branch_datetime_operator_3 to 2024-11-17 00:00:00+00:00, run_after=2024-11-18 00:00:00+00:00
[2024-11-18T03:11:29.878+0000] {processor.py:208} INFO - Processing /home/airflow/.local/lib/python3.12/site-packages/airflow/example_dags/example_branch_datetime_operator.py took 0.584 seconds
[2024-11-18T03:12:00.655+0000] {processor.py:186} INFO - Started process (PID=2073) to work on /home/airflow/.local/lib/python3.12/site-packages/airflow/example_dags/example_branch_datetime_operator.py
[2024-11-18T03:12:00.675+0000] {processor.py:914} INFO - Processing file /home/airflow/.local/lib/python3.12/site-packages/airflow/example_dags/example_branch_datetime_operator.py for tasks to queue
[2024-11-18T03:12:00.713+0000] {logging_mixin.py:190} INFO - [2024-11-18T03:12:00.705+0000] {dagbag.py:587} INFO - Filling up the DagBag from /home/airflow/.local/lib/python3.12/site-packages/airflow/example_dags/example_branch_datetime_operator.py
[2024-11-18T03:12:00.796+0000] {processor.py:925} INFO - DAG(s) 'example_branch_datetime_operator_2', 'example_branch_datetime_operator', 'example_branch_datetime_operator_3' retrieved from /home/airflow/.local/lib/python3.12/site-packages/airflow/example_dags/example_branch_datetime_operator.py
[2024-11-18T03:12:01.028+0000] {logging_mixin.py:190} INFO - [2024-11-18T03:12:01.028+0000] {dag.py:3229} INFO - Sync 3 DAGs
[2024-11-18T03:12:01.258+0000] {logging_mixin.py:190} INFO - [2024-11-18T03:12:01.258+0000] {dag.py:4156} INFO - Setting next_dagrun for example_branch_datetime_operator to 2024-11-17 00:00:00+00:00, run_after=2024-11-18 00:00:00+00:00
[2024-11-18T03:12:01.331+0000] {logging_mixin.py:190} INFO - [2024-11-18T03:12:01.331+0000] {dag.py:4156} INFO - Setting next_dagrun for example_branch_datetime_operator_2 to 2024-11-17 00:00:00+00:00, run_after=2024-11-18 00:00:00+00:00
[2024-11-18T03:12:01.344+0000] {logging_mixin.py:190} INFO - [2024-11-18T03:12:01.343+0000] {dag.py:4156} INFO - Setting next_dagrun for example_branch_datetime_operator_3 to 2024-11-17 00:00:00+00:00, run_after=2024-11-18 00:00:00+00:00
[2024-11-18T03:12:01.447+0000] {processor.py:208} INFO - Processing /home/airflow/.local/lib/python3.12/site-packages/airflow/example_dags/example_branch_datetime_operator.py took 0.827 seconds
[2024-11-18T03:12:32.421+0000] {processor.py:186} INFO - Started process (PID=2136) to work on /home/airflow/.local/lib/python3.12/site-packages/airflow/example_dags/example_branch_datetime_operator.py
[2024-11-18T03:12:32.506+0000] {processor.py:914} INFO - Processing file /home/airflow/.local/lib/python3.12/site-packages/airflow/example_dags/example_branch_datetime_operator.py for tasks to queue
[2024-11-18T03:12:32.514+0000] {logging_mixin.py:190} INFO - [2024-11-18T03:12:32.514+0000] {dagbag.py:587} INFO - Filling up the DagBag from /home/airflow/.local/lib/python3.12/site-packages/airflow/example_dags/example_branch_datetime_operator.py
[2024-11-18T03:12:32.771+0000] {processor.py:925} INFO - DAG(s) 'example_branch_datetime_operator_2', 'example_branch_datetime_operator', 'example_branch_datetime_operator_3' retrieved from /home/airflow/.local/lib/python3.12/site-packages/airflow/example_dags/example_branch_datetime_operator.py
[2024-11-18T03:12:32.878+0000] {logging_mixin.py:190} INFO - [2024-11-18T03:12:32.877+0000] {dag.py:3229} INFO - Sync 3 DAGs
[2024-11-18T03:12:32.987+0000] {logging_mixin.py:190} INFO - [2024-11-18T03:12:32.984+0000] {dag.py:4156} INFO - Setting next_dagrun for example_branch_datetime_operator to 2024-11-17 00:00:00+00:00, run_after=2024-11-18 00:00:00+00:00
[2024-11-18T03:12:32.997+0000] {logging_mixin.py:190} INFO - [2024-11-18T03:12:32.996+0000] {dag.py:4156} INFO - Setting next_dagrun for example_branch_datetime_operator_2 to 2024-11-17 00:00:00+00:00, run_after=2024-11-18 00:00:00+00:00
[2024-11-18T03:12:32.999+0000] {logging_mixin.py:190} INFO - [2024-11-18T03:12:32.999+0000] {dag.py:4156} INFO - Setting next_dagrun for example_branch_datetime_operator_3 to 2024-11-17 00:00:00+00:00, run_after=2024-11-18 00:00:00+00:00
[2024-11-18T03:12:33.019+0000] {processor.py:208} INFO - Processing /home/airflow/.local/lib/python3.12/site-packages/airflow/example_dags/example_branch_datetime_operator.py took 0.686 seconds
[2024-11-18T03:13:03.297+0000] {processor.py:186} INFO - Started process (PID=2198) to work on /home/airflow/.local/lib/python3.12/site-packages/airflow/example_dags/example_branch_datetime_operator.py
[2024-11-18T03:13:03.298+0000] {processor.py:914} INFO - Processing file /home/airflow/.local/lib/python3.12/site-packages/airflow/example_dags/example_branch_datetime_operator.py for tasks to queue
[2024-11-18T03:13:03.301+0000] {logging_mixin.py:190} INFO - [2024-11-18T03:13:03.300+0000] {dagbag.py:587} INFO - Filling up the DagBag from /home/airflow/.local/lib/python3.12/site-packages/airflow/example_dags/example_branch_datetime_operator.py
[2024-11-18T03:13:03.344+0000] {processor.py:925} INFO - DAG(s) 'example_branch_datetime_operator', 'example_branch_datetime_operator_2', 'example_branch_datetime_operator_3' retrieved from /home/airflow/.local/lib/python3.12/site-packages/airflow/example_dags/example_branch_datetime_operator.py
[2024-11-18T03:13:03.429+0000] {logging_mixin.py:190} INFO - [2024-11-18T03:13:03.428+0000] {dag.py:3229} INFO - Sync 3 DAGs
[2024-11-18T03:13:03.465+0000] {logging_mixin.py:190} INFO - [2024-11-18T03:13:03.464+0000] {dag.py:4156} INFO - Setting next_dagrun for example_branch_datetime_operator to 2024-11-17 00:00:00+00:00, run_after=2024-11-18 00:00:00+00:00
[2024-11-18T03:13:03.470+0000] {logging_mixin.py:190} INFO - [2024-11-18T03:13:03.470+0000] {dag.py:4156} INFO - Setting next_dagrun for example_branch_datetime_operator_2 to 2024-11-17 00:00:00+00:00, run_after=2024-11-18 00:00:00+00:00
[2024-11-18T03:13:03.472+0000] {logging_mixin.py:190} INFO - [2024-11-18T03:13:03.472+0000] {dag.py:4156} INFO - Setting next_dagrun for example_branch_datetime_operator_3 to 2024-11-17 00:00:00+00:00, run_after=2024-11-18 00:00:00+00:00
[2024-11-18T03:13:03.489+0000] {processor.py:208} INFO - Processing /home/airflow/.local/lib/python3.12/site-packages/airflow/example_dags/example_branch_datetime_operator.py took 0.200 seconds
[2024-11-18T03:13:35.784+0000] {processor.py:186} INFO - Started process (PID=2260) to work on /home/airflow/.local/lib/python3.12/site-packages/airflow/example_dags/example_branch_datetime_operator.py
[2024-11-18T03:13:35.786+0000] {processor.py:914} INFO - Processing file /home/airflow/.local/lib/python3.12/site-packages/airflow/example_dags/example_branch_datetime_operator.py for tasks to queue
[2024-11-18T03:13:35.797+0000] {logging_mixin.py:190} INFO - [2024-11-18T03:13:35.793+0000] {dagbag.py:587} INFO - Filling up the DagBag from /home/airflow/.local/lib/python3.12/site-packages/airflow/example_dags/example_branch_datetime_operator.py
[2024-11-18T03:13:35.844+0000] {processor.py:925} INFO - DAG(s) 'example_branch_datetime_operator', 'example_branch_datetime_operator_3', 'example_branch_datetime_operator_2' retrieved from /home/airflow/.local/lib/python3.12/site-packages/airflow/example_dags/example_branch_datetime_operator.py
[2024-11-18T03:13:35.925+0000] {logging_mixin.py:190} INFO - [2024-11-18T03:13:35.923+0000] {dag.py:3229} INFO - Sync 3 DAGs
[2024-11-18T03:13:35.997+0000] {logging_mixin.py:190} INFO - [2024-11-18T03:13:35.997+0000] {dag.py:4156} INFO - Setting next_dagrun for example_branch_datetime_operator to 2024-11-17 00:00:00+00:00, run_after=2024-11-18 00:00:00+00:00
[2024-11-18T03:13:36.004+0000] {logging_mixin.py:190} INFO - [2024-11-18T03:13:36.004+0000] {dag.py:4156} INFO - Setting next_dagrun for example_branch_datetime_operator_2 to 2024-11-17 00:00:00+00:00, run_after=2024-11-18 00:00:00+00:00
[2024-11-18T03:13:36.007+0000] {logging_mixin.py:190} INFO - [2024-11-18T03:13:36.007+0000] {dag.py:4156} INFO - Setting next_dagrun for example_branch_datetime_operator_3 to 2024-11-17 00:00:00+00:00, run_after=2024-11-18 00:00:00+00:00
[2024-11-18T03:13:36.055+0000] {processor.py:208} INFO - Processing /home/airflow/.local/lib/python3.12/site-packages/airflow/example_dags/example_branch_datetime_operator.py took 0.279 seconds
[2024-11-18T03:14:07.708+0000] {processor.py:186} INFO - Started process (PID=2322) to work on /home/airflow/.local/lib/python3.12/site-packages/airflow/example_dags/example_branch_datetime_operator.py
[2024-11-18T03:14:07.717+0000] {processor.py:914} INFO - Processing file /home/airflow/.local/lib/python3.12/site-packages/airflow/example_dags/example_branch_datetime_operator.py for tasks to queue
[2024-11-18T03:14:07.745+0000] {logging_mixin.py:190} INFO - [2024-11-18T03:14:07.745+0000] {dagbag.py:587} INFO - Filling up the DagBag from /home/airflow/.local/lib/python3.12/site-packages/airflow/example_dags/example_branch_datetime_operator.py
[2024-11-18T03:14:08.048+0000] {processor.py:925} INFO - DAG(s) 'example_branch_datetime_operator_2', 'example_branch_datetime_operator_3', 'example_branch_datetime_operator' retrieved from /home/airflow/.local/lib/python3.12/site-packages/airflow/example_dags/example_branch_datetime_operator.py
[2024-11-18T03:14:08.366+0000] {logging_mixin.py:190} INFO - [2024-11-18T03:14:08.363+0000] {dag.py:3229} INFO - Sync 3 DAGs
[2024-11-18T03:14:08.680+0000] {logging_mixin.py:190} INFO - [2024-11-18T03:14:08.677+0000] {dag.py:4156} INFO - Setting next_dagrun for example_branch_datetime_operator to 2024-11-17 00:00:00+00:00, run_after=2024-11-18 00:00:00+00:00
[2024-11-18T03:14:08.724+0000] {logging_mixin.py:190} INFO - [2024-11-18T03:14:08.724+0000] {dag.py:4156} INFO - Setting next_dagrun for example_branch_datetime_operator_2 to 2024-11-17 00:00:00+00:00, run_after=2024-11-18 00:00:00+00:00
[2024-11-18T03:14:08.738+0000] {logging_mixin.py:190} INFO - [2024-11-18T03:14:08.738+0000] {dag.py:4156} INFO - Setting next_dagrun for example_branch_datetime_operator_3 to 2024-11-17 00:00:00+00:00, run_after=2024-11-18 00:00:00+00:00
[2024-11-18T03:14:08.947+0000] {processor.py:208} INFO - Processing /home/airflow/.local/lib/python3.12/site-packages/airflow/example_dags/example_branch_datetime_operator.py took 1.317 seconds
[2024-11-18T03:14:39.346+0000] {processor.py:186} INFO - Started process (PID=2383) to work on /home/airflow/.local/lib/python3.12/site-packages/airflow/example_dags/example_branch_datetime_operator.py
[2024-11-18T03:14:39.348+0000] {processor.py:914} INFO - Processing file /home/airflow/.local/lib/python3.12/site-packages/airflow/example_dags/example_branch_datetime_operator.py for tasks to queue
[2024-11-18T03:14:39.351+0000] {logging_mixin.py:190} INFO - [2024-11-18T03:14:39.351+0000] {dagbag.py:587} INFO - Filling up the DagBag from /home/airflow/.local/lib/python3.12/site-packages/airflow/example_dags/example_branch_datetime_operator.py
[2024-11-18T03:14:39.376+0000] {processor.py:925} INFO - DAG(s) 'example_branch_datetime_operator_3', 'example_branch_datetime_operator', 'example_branch_datetime_operator_2' retrieved from /home/airflow/.local/lib/python3.12/site-packages/airflow/example_dags/example_branch_datetime_operator.py
[2024-11-18T03:14:39.410+0000] {logging_mixin.py:190} INFO - [2024-11-18T03:14:39.410+0000] {dag.py:3229} INFO - Sync 3 DAGs
[2024-11-18T03:14:39.459+0000] {logging_mixin.py:190} INFO - [2024-11-18T03:14:39.458+0000] {dag.py:4156} INFO - Setting next_dagrun for example_branch_datetime_operator to 2024-11-17 00:00:00+00:00, run_after=2024-11-18 00:00:00+00:00
[2024-11-18T03:14:39.464+0000] {logging_mixin.py:190} INFO - [2024-11-18T03:14:39.464+0000] {dag.py:4156} INFO - Setting next_dagrun for example_branch_datetime_operator_2 to 2024-11-17 00:00:00+00:00, run_after=2024-11-18 00:00:00+00:00
[2024-11-18T03:14:39.467+0000] {logging_mixin.py:190} INFO - [2024-11-18T03:14:39.466+0000] {dag.py:4156} INFO - Setting next_dagrun for example_branch_datetime_operator_3 to 2024-11-17 00:00:00+00:00, run_after=2024-11-18 00:00:00+00:00
[2024-11-18T03:14:39.498+0000] {processor.py:208} INFO - Processing /home/airflow/.local/lib/python3.12/site-packages/airflow/example_dags/example_branch_datetime_operator.py took 0.159 seconds
[2024-11-18T03:15:12.038+0000] {processor.py:186} INFO - Started process (PID=2445) to work on /home/airflow/.local/lib/python3.12/site-packages/airflow/example_dags/example_branch_datetime_operator.py
[2024-11-18T03:15:12.040+0000] {processor.py:914} INFO - Processing file /home/airflow/.local/lib/python3.12/site-packages/airflow/example_dags/example_branch_datetime_operator.py for tasks to queue
[2024-11-18T03:15:12.043+0000] {logging_mixin.py:190} INFO - [2024-11-18T03:15:12.043+0000] {dagbag.py:587} INFO - Filling up the DagBag from /home/airflow/.local/lib/python3.12/site-packages/airflow/example_dags/example_branch_datetime_operator.py
[2024-11-18T03:15:12.061+0000] {processor.py:925} INFO - DAG(s) 'example_branch_datetime_operator', 'example_branch_datetime_operator_2', 'example_branch_datetime_operator_3' retrieved from /home/airflow/.local/lib/python3.12/site-packages/airflow/example_dags/example_branch_datetime_operator.py
[2024-11-18T03:15:12.100+0000] {logging_mixin.py:190} INFO - [2024-11-18T03:15:12.100+0000] {dag.py:3229} INFO - Sync 3 DAGs
[2024-11-18T03:15:12.136+0000] {logging_mixin.py:190} INFO - [2024-11-18T03:15:12.135+0000] {dag.py:4156} INFO - Setting next_dagrun for example_branch_datetime_operator to 2024-11-17 00:00:00+00:00, run_after=2024-11-18 00:00:00+00:00
[2024-11-18T03:15:12.141+0000] {logging_mixin.py:190} INFO - [2024-11-18T03:15:12.140+0000] {dag.py:4156} INFO - Setting next_dagrun for example_branch_datetime_operator_2 to 2024-11-17 00:00:00+00:00, run_after=2024-11-18 00:00:00+00:00
[2024-11-18T03:15:12.143+0000] {logging_mixin.py:190} INFO - [2024-11-18T03:15:12.143+0000] {dag.py:4156} INFO - Setting next_dagrun for example_branch_datetime_operator_3 to 2024-11-17 00:00:00+00:00, run_after=2024-11-18 00:00:00+00:00
[2024-11-18T03:15:12.192+0000] {processor.py:208} INFO - Processing /home/airflow/.local/lib/python3.12/site-packages/airflow/example_dags/example_branch_datetime_operator.py took 0.166 seconds
[2024-11-18T03:15:45.547+0000] {processor.py:186} INFO - Started process (PID=2506) to work on /home/airflow/.local/lib/python3.12/site-packages/airflow/example_dags/example_branch_datetime_operator.py
[2024-11-18T03:15:45.550+0000] {processor.py:914} INFO - Processing file /home/airflow/.local/lib/python3.12/site-packages/airflow/example_dags/example_branch_datetime_operator.py for tasks to queue
[2024-11-18T03:15:45.555+0000] {logging_mixin.py:190} INFO - [2024-11-18T03:15:45.555+0000] {dagbag.py:587} INFO - Filling up the DagBag from /home/airflow/.local/lib/python3.12/site-packages/airflow/example_dags/example_branch_datetime_operator.py
[2024-11-18T03:15:45.586+0000] {processor.py:925} INFO - DAG(s) 'example_branch_datetime_operator_3', 'example_branch_datetime_operator_2', 'example_branch_datetime_operator' retrieved from /home/airflow/.local/lib/python3.12/site-packages/airflow/example_dags/example_branch_datetime_operator.py
[2024-11-18T03:15:45.719+0000] {logging_mixin.py:190} INFO - [2024-11-18T03:15:45.719+0000] {dag.py:3229} INFO - Sync 3 DAGs
[2024-11-18T03:15:45.826+0000] {logging_mixin.py:190} INFO - [2024-11-18T03:15:45.822+0000] {dag.py:4156} INFO - Setting next_dagrun for example_branch_datetime_operator to 2024-11-17 00:00:00+00:00, run_after=2024-11-18 00:00:00+00:00
[2024-11-18T03:15:45.844+0000] {logging_mixin.py:190} INFO - [2024-11-18T03:15:45.843+0000] {dag.py:4156} INFO - Setting next_dagrun for example_branch_datetime_operator_2 to 2024-11-17 00:00:00+00:00, run_after=2024-11-18 00:00:00+00:00
[2024-11-18T03:15:45.849+0000] {logging_mixin.py:190} INFO - [2024-11-18T03:15:45.849+0000] {dag.py:4156} INFO - Setting next_dagrun for example_branch_datetime_operator_3 to 2024-11-17 00:00:00+00:00, run_after=2024-11-18 00:00:00+00:00
[2024-11-18T03:15:45.929+0000] {processor.py:208} INFO - Processing /home/airflow/.local/lib/python3.12/site-packages/airflow/example_dags/example_branch_datetime_operator.py took 0.398 seconds
[2024-11-18T03:16:17.930+0000] {processor.py:186} INFO - Started process (PID=2568) to work on /home/airflow/.local/lib/python3.12/site-packages/airflow/example_dags/example_branch_datetime_operator.py
[2024-11-18T03:16:17.944+0000] {processor.py:914} INFO - Processing file /home/airflow/.local/lib/python3.12/site-packages/airflow/example_dags/example_branch_datetime_operator.py for tasks to queue
[2024-11-18T03:16:17.974+0000] {logging_mixin.py:190} INFO - [2024-11-18T03:16:17.973+0000] {dagbag.py:587} INFO - Filling up the DagBag from /home/airflow/.local/lib/python3.12/site-packages/airflow/example_dags/example_branch_datetime_operator.py
[2024-11-18T03:16:18.213+0000] {processor.py:925} INFO - DAG(s) 'example_branch_datetime_operator', 'example_branch_datetime_operator_3', 'example_branch_datetime_operator_2' retrieved from /home/airflow/.local/lib/python3.12/site-packages/airflow/example_dags/example_branch_datetime_operator.py
[2024-11-18T03:16:18.303+0000] {logging_mixin.py:190} INFO - [2024-11-18T03:16:18.303+0000] {dag.py:3229} INFO - Sync 3 DAGs
[2024-11-18T03:16:18.551+0000] {logging_mixin.py:190} INFO - [2024-11-18T03:16:18.546+0000] {dag.py:4156} INFO - Setting next_dagrun for example_branch_datetime_operator to 2024-11-17 00:00:00+00:00, run_after=2024-11-18 00:00:00+00:00
[2024-11-18T03:16:18.585+0000] {logging_mixin.py:190} INFO - [2024-11-18T03:16:18.582+0000] {dag.py:4156} INFO - Setting next_dagrun for example_branch_datetime_operator_2 to 2024-11-17 00:00:00+00:00, run_after=2024-11-18 00:00:00+00:00
[2024-11-18T03:16:18.597+0000] {logging_mixin.py:190} INFO - [2024-11-18T03:16:18.590+0000] {dag.py:4156} INFO - Setting next_dagrun for example_branch_datetime_operator_3 to 2024-11-17 00:00:00+00:00, run_after=2024-11-18 00:00:00+00:00
[2024-11-18T03:16:18.698+0000] {processor.py:208} INFO - Processing /home/airflow/.local/lib/python3.12/site-packages/airflow/example_dags/example_branch_datetime_operator.py took 0.805 seconds
[2024-11-18T03:16:51.289+0000] {processor.py:186} INFO - Started process (PID=2628) to work on /home/airflow/.local/lib/python3.12/site-packages/airflow/example_dags/example_branch_datetime_operator.py
[2024-11-18T03:16:51.294+0000] {processor.py:914} INFO - Processing file /home/airflow/.local/lib/python3.12/site-packages/airflow/example_dags/example_branch_datetime_operator.py for tasks to queue
[2024-11-18T03:16:51.300+0000] {logging_mixin.py:190} INFO - [2024-11-18T03:16:51.300+0000] {dagbag.py:587} INFO - Filling up the DagBag from /home/airflow/.local/lib/python3.12/site-packages/airflow/example_dags/example_branch_datetime_operator.py
[2024-11-18T03:16:51.317+0000] {processor.py:925} INFO - DAG(s) 'example_branch_datetime_operator_3', 'example_branch_datetime_operator_2', 'example_branch_datetime_operator' retrieved from /home/airflow/.local/lib/python3.12/site-packages/airflow/example_dags/example_branch_datetime_operator.py
[2024-11-18T03:16:51.350+0000] {logging_mixin.py:190} INFO - [2024-11-18T03:16:51.350+0000] {dag.py:3229} INFO - Sync 3 DAGs
[2024-11-18T03:16:51.380+0000] {logging_mixin.py:190} INFO - [2024-11-18T03:16:51.380+0000] {dag.py:4156} INFO - Setting next_dagrun for example_branch_datetime_operator to 2024-11-17 00:00:00+00:00, run_after=2024-11-18 00:00:00+00:00
[2024-11-18T03:16:51.411+0000] {logging_mixin.py:190} INFO - [2024-11-18T03:16:51.402+0000] {dag.py:4156} INFO - Setting next_dagrun for example_branch_datetime_operator_2 to 2024-11-17 00:00:00+00:00, run_after=2024-11-18 00:00:00+00:00
[2024-11-18T03:16:51.431+0000] {logging_mixin.py:190} INFO - [2024-11-18T03:16:51.431+0000] {dag.py:4156} INFO - Setting next_dagrun for example_branch_datetime_operator_3 to 2024-11-17 00:00:00+00:00, run_after=2024-11-18 00:00:00+00:00
[2024-11-18T03:16:51.530+0000] {processor.py:208} INFO - Processing /home/airflow/.local/lib/python3.12/site-packages/airflow/example_dags/example_branch_datetime_operator.py took 0.291 seconds
