[2024-11-18T02:55:21.960+0000] {processor.py:186} INFO - Started process (PID=68) to work on /home/airflow/.local/lib/python3.12/site-packages/airflow/example_dags/tutorial_taskflow_api_virtualenv.py
[2024-11-18T02:55:21.971+0000] {processor.py:914} INFO - Processing file /home/airflow/.local/lib/python3.12/site-packages/airflow/example_dags/tutorial_taskflow_api_virtualenv.py for tasks to queue
[2024-11-18T02:55:21.998+0000] {logging_mixin.py:190} INFO - [2024-11-18T02:55:21.992+0000] {dagbag.py:587} INFO - Filling up the DagBag from /home/airflow/.local/lib/python3.12/site-packages/airflow/example_dags/tutorial_taskflow_api_virtualenv.py
[2024-11-18T02:55:22.166+0000] {processor.py:925} INFO - DAG(s) 'tutorial_taskflow_api_virtualenv' retrieved from /home/airflow/.local/lib/python3.12/site-packages/airflow/example_dags/tutorial_taskflow_api_virtualenv.py
[2024-11-18T02:55:23.700+0000] {logging_mixin.py:190} INFO - [2024-11-18T02:55:23.700+0000] {dag.py:3229} INFO - Sync 1 DAGs
[2024-11-18T02:55:23.831+0000] {logging_mixin.py:190} INFO - [2024-11-18T02:55:23.831+0000] {dag.py:4156} INFO - Setting next_dagrun for tutorial_taskflow_api_virtualenv to None, run_after=None
[2024-11-18T02:55:24.044+0000] {processor.py:208} INFO - Processing /home/airflow/.local/lib/python3.12/site-packages/airflow/example_dags/tutorial_taskflow_api_virtualenv.py took 2.142 seconds
[2024-11-18T02:55:54.530+0000] {processor.py:186} INFO - Started process (PID=130) to work on /home/airflow/.local/lib/python3.12/site-packages/airflow/example_dags/tutorial_taskflow_api_virtualenv.py
[2024-11-18T02:55:54.534+0000] {processor.py:914} INFO - Processing file /home/airflow/.local/lib/python3.12/site-packages/airflow/example_dags/tutorial_taskflow_api_virtualenv.py for tasks to queue
[2024-11-18T02:55:54.547+0000] {logging_mixin.py:190} INFO - [2024-11-18T02:55:54.547+0000] {dagbag.py:587} INFO - Filling up the DagBag from /home/airflow/.local/lib/python3.12/site-packages/airflow/example_dags/tutorial_taskflow_api_virtualenv.py
[2024-11-18T02:55:54.615+0000] {processor.py:925} INFO - DAG(s) 'tutorial_taskflow_api_virtualenv' retrieved from /home/airflow/.local/lib/python3.12/site-packages/airflow/example_dags/tutorial_taskflow_api_virtualenv.py
[2024-11-18T02:55:54.687+0000] {logging_mixin.py:190} INFO - [2024-11-18T02:55:54.685+0000] {dag.py:3229} INFO - Sync 1 DAGs
[2024-11-18T02:55:54.736+0000] {logging_mixin.py:190} INFO - [2024-11-18T02:55:54.736+0000] {dag.py:4156} INFO - Setting next_dagrun for tutorial_taskflow_api_virtualenv to None, run_after=None
[2024-11-18T02:55:54.811+0000] {processor.py:208} INFO - Processing /home/airflow/.local/lib/python3.12/site-packages/airflow/example_dags/tutorial_taskflow_api_virtualenv.py took 0.307 seconds
[2024-11-18T02:56:24.928+0000] {processor.py:186} INFO - Started process (PID=192) to work on /home/airflow/.local/lib/python3.12/site-packages/airflow/example_dags/tutorial_taskflow_api_virtualenv.py
[2024-11-18T02:56:24.929+0000] {processor.py:914} INFO - Processing file /home/airflow/.local/lib/python3.12/site-packages/airflow/example_dags/tutorial_taskflow_api_virtualenv.py for tasks to queue
[2024-11-18T02:56:24.931+0000] {logging_mixin.py:190} INFO - [2024-11-18T02:56:24.931+0000] {dagbag.py:587} INFO - Filling up the DagBag from /home/airflow/.local/lib/python3.12/site-packages/airflow/example_dags/tutorial_taskflow_api_virtualenv.py
[2024-11-18T02:56:24.944+0000] {processor.py:925} INFO - DAG(s) 'tutorial_taskflow_api_virtualenv' retrieved from /home/airflow/.local/lib/python3.12/site-packages/airflow/example_dags/tutorial_taskflow_api_virtualenv.py
[2024-11-18T02:56:24.965+0000] {logging_mixin.py:190} INFO - [2024-11-18T02:56:24.965+0000] {dag.py:3229} INFO - Sync 1 DAGs
[2024-11-18T02:56:24.979+0000] {logging_mixin.py:190} INFO - [2024-11-18T02:56:24.979+0000] {dag.py:4156} INFO - Setting next_dagrun for tutorial_taskflow_api_virtualenv to None, run_after=None
[2024-11-18T02:56:24.996+0000] {processor.py:208} INFO - Processing /home/airflow/.local/lib/python3.12/site-packages/airflow/example_dags/tutorial_taskflow_api_virtualenv.py took 0.074 seconds
[2024-11-18T02:56:55.603+0000] {processor.py:186} INFO - Started process (PID=253) to work on /home/airflow/.local/lib/python3.12/site-packages/airflow/example_dags/tutorial_taskflow_api_virtualenv.py
[2024-11-18T02:56:55.606+0000] {processor.py:914} INFO - Processing file /home/airflow/.local/lib/python3.12/site-packages/airflow/example_dags/tutorial_taskflow_api_virtualenv.py for tasks to queue
[2024-11-18T02:56:55.614+0000] {logging_mixin.py:190} INFO - [2024-11-18T02:56:55.614+0000] {dagbag.py:587} INFO - Filling up the DagBag from /home/airflow/.local/lib/python3.12/site-packages/airflow/example_dags/tutorial_taskflow_api_virtualenv.py
[2024-11-18T02:56:55.655+0000] {processor.py:925} INFO - DAG(s) 'tutorial_taskflow_api_virtualenv' retrieved from /home/airflow/.local/lib/python3.12/site-packages/airflow/example_dags/tutorial_taskflow_api_virtualenv.py
[2024-11-18T02:56:55.717+0000] {logging_mixin.py:190} INFO - [2024-11-18T02:56:55.717+0000] {dag.py:3229} INFO - Sync 1 DAGs
[2024-11-18T02:56:55.765+0000] {logging_mixin.py:190} INFO - [2024-11-18T02:56:55.765+0000] {dag.py:4156} INFO - Setting next_dagrun for tutorial_taskflow_api_virtualenv to None, run_after=None
[2024-11-18T02:56:55.817+0000] {processor.py:208} INFO - Processing /home/airflow/.local/lib/python3.12/site-packages/airflow/example_dags/tutorial_taskflow_api_virtualenv.py took 0.238 seconds
[2024-11-18T02:57:26.776+0000] {processor.py:186} INFO - Started process (PID=315) to work on /home/airflow/.local/lib/python3.12/site-packages/airflow/example_dags/tutorial_taskflow_api_virtualenv.py
[2024-11-18T02:57:26.777+0000] {processor.py:914} INFO - Processing file /home/airflow/.local/lib/python3.12/site-packages/airflow/example_dags/tutorial_taskflow_api_virtualenv.py for tasks to queue
[2024-11-18T02:57:26.779+0000] {logging_mixin.py:190} INFO - [2024-11-18T02:57:26.779+0000] {dagbag.py:587} INFO - Filling up the DagBag from /home/airflow/.local/lib/python3.12/site-packages/airflow/example_dags/tutorial_taskflow_api_virtualenv.py
[2024-11-18T02:57:26.792+0000] {processor.py:925} INFO - DAG(s) 'tutorial_taskflow_api_virtualenv' retrieved from /home/airflow/.local/lib/python3.12/site-packages/airflow/example_dags/tutorial_taskflow_api_virtualenv.py
[2024-11-18T02:57:26.812+0000] {logging_mixin.py:190} INFO - [2024-11-18T02:57:26.812+0000] {dag.py:3229} INFO - Sync 1 DAGs
[2024-11-18T02:57:26.827+0000] {logging_mixin.py:190} INFO - [2024-11-18T02:57:26.826+0000] {dag.py:4156} INFO - Setting next_dagrun for tutorial_taskflow_api_virtualenv to None, run_after=None
[2024-11-18T02:57:26.848+0000] {processor.py:208} INFO - Processing /home/airflow/.local/lib/python3.12/site-packages/airflow/example_dags/tutorial_taskflow_api_virtualenv.py took 0.083 seconds
[2024-11-18T02:57:57.135+0000] {processor.py:186} INFO - Started process (PID=377) to work on /home/airflow/.local/lib/python3.12/site-packages/airflow/example_dags/tutorial_taskflow_api_virtualenv.py
[2024-11-18T02:57:57.138+0000] {processor.py:914} INFO - Processing file /home/airflow/.local/lib/python3.12/site-packages/airflow/example_dags/tutorial_taskflow_api_virtualenv.py for tasks to queue
[2024-11-18T02:57:57.142+0000] {logging_mixin.py:190} INFO - [2024-11-18T02:57:57.142+0000] {dagbag.py:587} INFO - Filling up the DagBag from /home/airflow/.local/lib/python3.12/site-packages/airflow/example_dags/tutorial_taskflow_api_virtualenv.py
[2024-11-18T02:57:57.156+0000] {processor.py:925} INFO - DAG(s) 'tutorial_taskflow_api_virtualenv' retrieved from /home/airflow/.local/lib/python3.12/site-packages/airflow/example_dags/tutorial_taskflow_api_virtualenv.py
[2024-11-18T02:57:57.175+0000] {logging_mixin.py:190} INFO - [2024-11-18T02:57:57.175+0000] {dag.py:3229} INFO - Sync 1 DAGs
[2024-11-18T02:57:57.189+0000] {logging_mixin.py:190} INFO - [2024-11-18T02:57:57.189+0000] {dag.py:4156} INFO - Setting next_dagrun for tutorial_taskflow_api_virtualenv to None, run_after=None
[2024-11-18T02:57:57.206+0000] {processor.py:208} INFO - Processing /home/airflow/.local/lib/python3.12/site-packages/airflow/example_dags/tutorial_taskflow_api_virtualenv.py took 0.081 seconds
[2024-11-18T02:58:28.102+0000] {processor.py:186} INFO - Started process (PID=440) to work on /home/airflow/.local/lib/python3.12/site-packages/airflow/example_dags/tutorial_taskflow_api_virtualenv.py
[2024-11-18T02:58:28.103+0000] {processor.py:914} INFO - Processing file /home/airflow/.local/lib/python3.12/site-packages/airflow/example_dags/tutorial_taskflow_api_virtualenv.py for tasks to queue
[2024-11-18T02:58:28.105+0000] {logging_mixin.py:190} INFO - [2024-11-18T02:58:28.105+0000] {dagbag.py:587} INFO - Filling up the DagBag from /home/airflow/.local/lib/python3.12/site-packages/airflow/example_dags/tutorial_taskflow_api_virtualenv.py
[2024-11-18T02:58:28.118+0000] {processor.py:925} INFO - DAG(s) 'tutorial_taskflow_api_virtualenv' retrieved from /home/airflow/.local/lib/python3.12/site-packages/airflow/example_dags/tutorial_taskflow_api_virtualenv.py
[2024-11-18T02:58:28.137+0000] {logging_mixin.py:190} INFO - [2024-11-18T02:58:28.137+0000] {dag.py:3229} INFO - Sync 1 DAGs
[2024-11-18T02:58:28.150+0000] {logging_mixin.py:190} INFO - [2024-11-18T02:58:28.150+0000] {dag.py:4156} INFO - Setting next_dagrun for tutorial_taskflow_api_virtualenv to None, run_after=None
[2024-11-18T02:58:28.167+0000] {processor.py:208} INFO - Processing /home/airflow/.local/lib/python3.12/site-packages/airflow/example_dags/tutorial_taskflow_api_virtualenv.py took 0.071 seconds
[2024-11-18T02:58:58.546+0000] {processor.py:186} INFO - Started process (PID=502) to work on /home/airflow/.local/lib/python3.12/site-packages/airflow/example_dags/tutorial_taskflow_api_virtualenv.py
[2024-11-18T02:58:58.548+0000] {processor.py:914} INFO - Processing file /home/airflow/.local/lib/python3.12/site-packages/airflow/example_dags/tutorial_taskflow_api_virtualenv.py for tasks to queue
[2024-11-18T02:58:58.550+0000] {logging_mixin.py:190} INFO - [2024-11-18T02:58:58.550+0000] {dagbag.py:587} INFO - Filling up the DagBag from /home/airflow/.local/lib/python3.12/site-packages/airflow/example_dags/tutorial_taskflow_api_virtualenv.py
[2024-11-18T02:58:58.562+0000] {processor.py:925} INFO - DAG(s) 'tutorial_taskflow_api_virtualenv' retrieved from /home/airflow/.local/lib/python3.12/site-packages/airflow/example_dags/tutorial_taskflow_api_virtualenv.py
[2024-11-18T02:58:58.581+0000] {logging_mixin.py:190} INFO - [2024-11-18T02:58:58.581+0000] {dag.py:3229} INFO - Sync 1 DAGs
[2024-11-18T02:58:58.595+0000] {logging_mixin.py:190} INFO - [2024-11-18T02:58:58.594+0000] {dag.py:4156} INFO - Setting next_dagrun for tutorial_taskflow_api_virtualenv to None, run_after=None
[2024-11-18T02:58:58.612+0000] {processor.py:208} INFO - Processing /home/airflow/.local/lib/python3.12/site-packages/airflow/example_dags/tutorial_taskflow_api_virtualenv.py took 0.077 seconds
[2024-11-18T02:59:30.463+0000] {processor.py:186} INFO - Started process (PID=558) to work on /home/airflow/.local/lib/python3.12/site-packages/airflow/example_dags/tutorial_taskflow_api_virtualenv.py
[2024-11-18T02:59:30.467+0000] {processor.py:914} INFO - Processing file /home/airflow/.local/lib/python3.12/site-packages/airflow/example_dags/tutorial_taskflow_api_virtualenv.py for tasks to queue
[2024-11-18T02:59:30.473+0000] {logging_mixin.py:190} INFO - [2024-11-18T02:59:30.473+0000] {dagbag.py:587} INFO - Filling up the DagBag from /home/airflow/.local/lib/python3.12/site-packages/airflow/example_dags/tutorial_taskflow_api_virtualenv.py
[2024-11-18T02:59:30.512+0000] {processor.py:925} INFO - DAG(s) 'tutorial_taskflow_api_virtualenv' retrieved from /home/airflow/.local/lib/python3.12/site-packages/airflow/example_dags/tutorial_taskflow_api_virtualenv.py
[2024-11-18T02:59:30.582+0000] {logging_mixin.py:190} INFO - [2024-11-18T02:59:30.580+0000] {dag.py:3229} INFO - Sync 1 DAGs
[2024-11-18T02:59:30.628+0000] {logging_mixin.py:190} INFO - [2024-11-18T02:59:30.628+0000] {dag.py:4156} INFO - Setting next_dagrun for tutorial_taskflow_api_virtualenv to None, run_after=None
[2024-11-18T02:59:30.683+0000] {processor.py:208} INFO - Processing /home/airflow/.local/lib/python3.12/site-packages/airflow/example_dags/tutorial_taskflow_api_virtualenv.py took 0.242 seconds
[2024-11-18T03:00:01.041+0000] {processor.py:186} INFO - Started process (PID=620) to work on /home/airflow/.local/lib/python3.12/site-packages/airflow/example_dags/tutorial_taskflow_api_virtualenv.py
[2024-11-18T03:00:01.043+0000] {processor.py:914} INFO - Processing file /home/airflow/.local/lib/python3.12/site-packages/airflow/example_dags/tutorial_taskflow_api_virtualenv.py for tasks to queue
[2024-11-18T03:00:01.046+0000] {logging_mixin.py:190} INFO - [2024-11-18T03:00:01.046+0000] {dagbag.py:587} INFO - Filling up the DagBag from /home/airflow/.local/lib/python3.12/site-packages/airflow/example_dags/tutorial_taskflow_api_virtualenv.py
[2024-11-18T03:00:01.061+0000] {processor.py:925} INFO - DAG(s) 'tutorial_taskflow_api_virtualenv' retrieved from /home/airflow/.local/lib/python3.12/site-packages/airflow/example_dags/tutorial_taskflow_api_virtualenv.py
[2024-11-18T03:00:01.079+0000] {logging_mixin.py:190} INFO - [2024-11-18T03:00:01.079+0000] {dag.py:3229} INFO - Sync 1 DAGs
[2024-11-18T03:00:01.094+0000] {logging_mixin.py:190} INFO - [2024-11-18T03:00:01.094+0000] {dag.py:4156} INFO - Setting next_dagrun for tutorial_taskflow_api_virtualenv to None, run_after=None
[2024-11-18T03:00:01.110+0000] {processor.py:208} INFO - Processing /home/airflow/.local/lib/python3.12/site-packages/airflow/example_dags/tutorial_taskflow_api_virtualenv.py took 0.080 seconds
[2024-11-18T03:00:31.564+0000] {processor.py:186} INFO - Started process (PID=682) to work on /home/airflow/.local/lib/python3.12/site-packages/airflow/example_dags/tutorial_taskflow_api_virtualenv.py
[2024-11-18T03:00:31.565+0000] {processor.py:914} INFO - Processing file /home/airflow/.local/lib/python3.12/site-packages/airflow/example_dags/tutorial_taskflow_api_virtualenv.py for tasks to queue
[2024-11-18T03:00:31.567+0000] {logging_mixin.py:190} INFO - [2024-11-18T03:00:31.567+0000] {dagbag.py:587} INFO - Filling up the DagBag from /home/airflow/.local/lib/python3.12/site-packages/airflow/example_dags/tutorial_taskflow_api_virtualenv.py
[2024-11-18T03:00:31.579+0000] {processor.py:925} INFO - DAG(s) 'tutorial_taskflow_api_virtualenv' retrieved from /home/airflow/.local/lib/python3.12/site-packages/airflow/example_dags/tutorial_taskflow_api_virtualenv.py
[2024-11-18T03:00:31.598+0000] {logging_mixin.py:190} INFO - [2024-11-18T03:00:31.597+0000] {dag.py:3229} INFO - Sync 1 DAGs
[2024-11-18T03:00:31.611+0000] {logging_mixin.py:190} INFO - [2024-11-18T03:00:31.611+0000] {dag.py:4156} INFO - Setting next_dagrun for tutorial_taskflow_api_virtualenv to None, run_after=None
[2024-11-18T03:00:31.627+0000] {processor.py:208} INFO - Processing /home/airflow/.local/lib/python3.12/site-packages/airflow/example_dags/tutorial_taskflow_api_virtualenv.py took 0.069 seconds
[2024-11-18T03:01:02.001+0000] {processor.py:186} INFO - Started process (PID=741) to work on /home/airflow/.local/lib/python3.12/site-packages/airflow/example_dags/tutorial_taskflow_api_virtualenv.py
[2024-11-18T03:01:02.002+0000] {processor.py:914} INFO - Processing file /home/airflow/.local/lib/python3.12/site-packages/airflow/example_dags/tutorial_taskflow_api_virtualenv.py for tasks to queue
[2024-11-18T03:01:02.005+0000] {logging_mixin.py:190} INFO - [2024-11-18T03:01:02.004+0000] {dagbag.py:587} INFO - Filling up the DagBag from /home/airflow/.local/lib/python3.12/site-packages/airflow/example_dags/tutorial_taskflow_api_virtualenv.py
[2024-11-18T03:01:02.017+0000] {processor.py:925} INFO - DAG(s) 'tutorial_taskflow_api_virtualenv' retrieved from /home/airflow/.local/lib/python3.12/site-packages/airflow/example_dags/tutorial_taskflow_api_virtualenv.py
[2024-11-18T03:01:02.038+0000] {logging_mixin.py:190} INFO - [2024-11-18T03:01:02.037+0000] {dag.py:3229} INFO - Sync 1 DAGs
[2024-11-18T03:01:02.052+0000] {logging_mixin.py:190} INFO - [2024-11-18T03:01:02.052+0000] {dag.py:4156} INFO - Setting next_dagrun for tutorial_taskflow_api_virtualenv to None, run_after=None
[2024-11-18T03:01:02.071+0000] {processor.py:208} INFO - Processing /home/airflow/.local/lib/python3.12/site-packages/airflow/example_dags/tutorial_taskflow_api_virtualenv.py took 0.077 seconds
[2024-11-18T03:01:32.871+0000] {processor.py:186} INFO - Started process (PID=803) to work on /home/airflow/.local/lib/python3.12/site-packages/airflow/example_dags/tutorial_taskflow_api_virtualenv.py
[2024-11-18T03:01:32.872+0000] {processor.py:914} INFO - Processing file /home/airflow/.local/lib/python3.12/site-packages/airflow/example_dags/tutorial_taskflow_api_virtualenv.py for tasks to queue
[2024-11-18T03:01:32.874+0000] {logging_mixin.py:190} INFO - [2024-11-18T03:01:32.874+0000] {dagbag.py:587} INFO - Filling up the DagBag from /home/airflow/.local/lib/python3.12/site-packages/airflow/example_dags/tutorial_taskflow_api_virtualenv.py
[2024-11-18T03:01:32.888+0000] {processor.py:925} INFO - DAG(s) 'tutorial_taskflow_api_virtualenv' retrieved from /home/airflow/.local/lib/python3.12/site-packages/airflow/example_dags/tutorial_taskflow_api_virtualenv.py
[2024-11-18T03:01:32.910+0000] {logging_mixin.py:190} INFO - [2024-11-18T03:01:32.910+0000] {dag.py:3229} INFO - Sync 1 DAGs
[2024-11-18T03:01:32.924+0000] {logging_mixin.py:190} INFO - [2024-11-18T03:01:32.924+0000] {dag.py:4156} INFO - Setting next_dagrun for tutorial_taskflow_api_virtualenv to None, run_after=None
[2024-11-18T03:01:32.941+0000] {processor.py:208} INFO - Processing /home/airflow/.local/lib/python3.12/site-packages/airflow/example_dags/tutorial_taskflow_api_virtualenv.py took 0.077 seconds
[2024-11-18T03:02:03.270+0000] {processor.py:186} INFO - Started process (PID=865) to work on /home/airflow/.local/lib/python3.12/site-packages/airflow/example_dags/tutorial_taskflow_api_virtualenv.py
[2024-11-18T03:02:03.271+0000] {processor.py:914} INFO - Processing file /home/airflow/.local/lib/python3.12/site-packages/airflow/example_dags/tutorial_taskflow_api_virtualenv.py for tasks to queue
[2024-11-18T03:02:03.274+0000] {logging_mixin.py:190} INFO - [2024-11-18T03:02:03.273+0000] {dagbag.py:587} INFO - Filling up the DagBag from /home/airflow/.local/lib/python3.12/site-packages/airflow/example_dags/tutorial_taskflow_api_virtualenv.py
[2024-11-18T03:02:03.286+0000] {processor.py:925} INFO - DAG(s) 'tutorial_taskflow_api_virtualenv' retrieved from /home/airflow/.local/lib/python3.12/site-packages/airflow/example_dags/tutorial_taskflow_api_virtualenv.py
[2024-11-18T03:02:03.304+0000] {logging_mixin.py:190} INFO - [2024-11-18T03:02:03.304+0000] {dag.py:3229} INFO - Sync 1 DAGs
[2024-11-18T03:02:03.317+0000] {logging_mixin.py:190} INFO - [2024-11-18T03:02:03.317+0000] {dag.py:4156} INFO - Setting next_dagrun for tutorial_taskflow_api_virtualenv to None, run_after=None
[2024-11-18T03:02:03.333+0000] {processor.py:208} INFO - Processing /home/airflow/.local/lib/python3.12/site-packages/airflow/example_dags/tutorial_taskflow_api_virtualenv.py took 0.069 seconds
[2024-11-18T03:02:33.998+0000] {processor.py:186} INFO - Started process (PID=927) to work on /home/airflow/.local/lib/python3.12/site-packages/airflow/example_dags/tutorial_taskflow_api_virtualenv.py
[2024-11-18T03:02:34.001+0000] {processor.py:914} INFO - Processing file /home/airflow/.local/lib/python3.12/site-packages/airflow/example_dags/tutorial_taskflow_api_virtualenv.py for tasks to queue
[2024-11-18T03:02:34.010+0000] {logging_mixin.py:190} INFO - [2024-11-18T03:02:34.010+0000] {dagbag.py:587} INFO - Filling up the DagBag from /home/airflow/.local/lib/python3.12/site-packages/airflow/example_dags/tutorial_taskflow_api_virtualenv.py
[2024-11-18T03:02:34.053+0000] {processor.py:925} INFO - DAG(s) 'tutorial_taskflow_api_virtualenv' retrieved from /home/airflow/.local/lib/python3.12/site-packages/airflow/example_dags/tutorial_taskflow_api_virtualenv.py
[2024-11-18T03:02:34.114+0000] {logging_mixin.py:190} INFO - [2024-11-18T03:02:34.114+0000] {dag.py:3229} INFO - Sync 1 DAGs
[2024-11-18T03:02:34.155+0000] {logging_mixin.py:190} INFO - [2024-11-18T03:02:34.155+0000] {dag.py:4156} INFO - Setting next_dagrun for tutorial_taskflow_api_virtualenv to None, run_after=None
[2024-11-18T03:02:34.211+0000] {processor.py:208} INFO - Processing /home/airflow/.local/lib/python3.12/site-packages/airflow/example_dags/tutorial_taskflow_api_virtualenv.py took 0.234 seconds
[2024-11-18T03:03:04.611+0000] {processor.py:186} INFO - Started process (PID=989) to work on /home/airflow/.local/lib/python3.12/site-packages/airflow/example_dags/tutorial_taskflow_api_virtualenv.py
[2024-11-18T03:03:04.613+0000] {processor.py:914} INFO - Processing file /home/airflow/.local/lib/python3.12/site-packages/airflow/example_dags/tutorial_taskflow_api_virtualenv.py for tasks to queue
[2024-11-18T03:03:04.615+0000] {logging_mixin.py:190} INFO - [2024-11-18T03:03:04.615+0000] {dagbag.py:587} INFO - Filling up the DagBag from /home/airflow/.local/lib/python3.12/site-packages/airflow/example_dags/tutorial_taskflow_api_virtualenv.py
[2024-11-18T03:03:04.627+0000] {processor.py:925} INFO - DAG(s) 'tutorial_taskflow_api_virtualenv' retrieved from /home/airflow/.local/lib/python3.12/site-packages/airflow/example_dags/tutorial_taskflow_api_virtualenv.py
[2024-11-18T03:03:04.646+0000] {logging_mixin.py:190} INFO - [2024-11-18T03:03:04.645+0000] {dag.py:3229} INFO - Sync 1 DAGs
[2024-11-18T03:03:04.659+0000] {logging_mixin.py:190} INFO - [2024-11-18T03:03:04.659+0000] {dag.py:4156} INFO - Setting next_dagrun for tutorial_taskflow_api_virtualenv to None, run_after=None
[2024-11-18T03:03:04.675+0000] {processor.py:208} INFO - Processing /home/airflow/.local/lib/python3.12/site-packages/airflow/example_dags/tutorial_taskflow_api_virtualenv.py took 0.069 seconds
[2024-11-18T03:03:35.021+0000] {processor.py:186} INFO - Started process (PID=1050) to work on /home/airflow/.local/lib/python3.12/site-packages/airflow/example_dags/tutorial_taskflow_api_virtualenv.py
[2024-11-18T03:03:35.023+0000] {processor.py:914} INFO - Processing file /home/airflow/.local/lib/python3.12/site-packages/airflow/example_dags/tutorial_taskflow_api_virtualenv.py for tasks to queue
[2024-11-18T03:03:35.027+0000] {logging_mixin.py:190} INFO - [2024-11-18T03:03:35.027+0000] {dagbag.py:587} INFO - Filling up the DagBag from /home/airflow/.local/lib/python3.12/site-packages/airflow/example_dags/tutorial_taskflow_api_virtualenv.py
[2024-11-18T03:03:35.052+0000] {processor.py:925} INFO - DAG(s) 'tutorial_taskflow_api_virtualenv' retrieved from /home/airflow/.local/lib/python3.12/site-packages/airflow/example_dags/tutorial_taskflow_api_virtualenv.py
[2024-11-18T03:03:35.092+0000] {logging_mixin.py:190} INFO - [2024-11-18T03:03:35.092+0000] {dag.py:3229} INFO - Sync 1 DAGs
[2024-11-18T03:03:35.125+0000] {logging_mixin.py:190} INFO - [2024-11-18T03:03:35.125+0000] {dag.py:4156} INFO - Setting next_dagrun for tutorial_taskflow_api_virtualenv to None, run_after=None
[2024-11-18T03:03:35.155+0000] {processor.py:208} INFO - Processing /home/airflow/.local/lib/python3.12/site-packages/airflow/example_dags/tutorial_taskflow_api_virtualenv.py took 0.147 seconds
[2024-11-18T03:04:05.689+0000] {processor.py:186} INFO - Started process (PID=1111) to work on /home/airflow/.local/lib/python3.12/site-packages/airflow/example_dags/tutorial_taskflow_api_virtualenv.py
[2024-11-18T03:04:05.690+0000] {processor.py:914} INFO - Processing file /home/airflow/.local/lib/python3.12/site-packages/airflow/example_dags/tutorial_taskflow_api_virtualenv.py for tasks to queue
[2024-11-18T03:04:05.693+0000] {logging_mixin.py:190} INFO - [2024-11-18T03:04:05.692+0000] {dagbag.py:587} INFO - Filling up the DagBag from /home/airflow/.local/lib/python3.12/site-packages/airflow/example_dags/tutorial_taskflow_api_virtualenv.py
[2024-11-18T03:04:05.704+0000] {processor.py:925} INFO - DAG(s) 'tutorial_taskflow_api_virtualenv' retrieved from /home/airflow/.local/lib/python3.12/site-packages/airflow/example_dags/tutorial_taskflow_api_virtualenv.py
[2024-11-18T03:04:05.723+0000] {logging_mixin.py:190} INFO - [2024-11-18T03:04:05.723+0000] {dag.py:3229} INFO - Sync 1 DAGs
[2024-11-18T03:04:05.736+0000] {logging_mixin.py:190} INFO - [2024-11-18T03:04:05.736+0000] {dag.py:4156} INFO - Setting next_dagrun for tutorial_taskflow_api_virtualenv to None, run_after=None
[2024-11-18T03:04:05.752+0000] {processor.py:208} INFO - Processing /home/airflow/.local/lib/python3.12/site-packages/airflow/example_dags/tutorial_taskflow_api_virtualenv.py took 0.069 seconds
[2024-11-18T03:04:36.149+0000] {processor.py:186} INFO - Started process (PID=1173) to work on /home/airflow/.local/lib/python3.12/site-packages/airflow/example_dags/tutorial_taskflow_api_virtualenv.py
[2024-11-18T03:04:36.150+0000] {processor.py:914} INFO - Processing file /home/airflow/.local/lib/python3.12/site-packages/airflow/example_dags/tutorial_taskflow_api_virtualenv.py for tasks to queue
[2024-11-18T03:04:36.153+0000] {logging_mixin.py:190} INFO - [2024-11-18T03:04:36.152+0000] {dagbag.py:587} INFO - Filling up the DagBag from /home/airflow/.local/lib/python3.12/site-packages/airflow/example_dags/tutorial_taskflow_api_virtualenv.py
[2024-11-18T03:04:36.164+0000] {processor.py:925} INFO - DAG(s) 'tutorial_taskflow_api_virtualenv' retrieved from /home/airflow/.local/lib/python3.12/site-packages/airflow/example_dags/tutorial_taskflow_api_virtualenv.py
[2024-11-18T03:04:36.183+0000] {logging_mixin.py:190} INFO - [2024-11-18T03:04:36.183+0000] {dag.py:3229} INFO - Sync 1 DAGs
[2024-11-18T03:04:36.197+0000] {logging_mixin.py:190} INFO - [2024-11-18T03:04:36.197+0000] {dag.py:4156} INFO - Setting next_dagrun for tutorial_taskflow_api_virtualenv to None, run_after=None
[2024-11-18T03:04:36.213+0000] {processor.py:208} INFO - Processing /home/airflow/.local/lib/python3.12/site-packages/airflow/example_dags/tutorial_taskflow_api_virtualenv.py took 0.070 seconds
[2024-11-18T03:05:07.275+0000] {processor.py:186} INFO - Started process (PID=1235) to work on /home/airflow/.local/lib/python3.12/site-packages/airflow/example_dags/tutorial_taskflow_api_virtualenv.py
[2024-11-18T03:05:07.276+0000] {processor.py:914} INFO - Processing file /home/airflow/.local/lib/python3.12/site-packages/airflow/example_dags/tutorial_taskflow_api_virtualenv.py for tasks to queue
[2024-11-18T03:05:07.279+0000] {logging_mixin.py:190} INFO - [2024-11-18T03:05:07.278+0000] {dagbag.py:587} INFO - Filling up the DagBag from /home/airflow/.local/lib/python3.12/site-packages/airflow/example_dags/tutorial_taskflow_api_virtualenv.py
[2024-11-18T03:05:07.291+0000] {processor.py:925} INFO - DAG(s) 'tutorial_taskflow_api_virtualenv' retrieved from /home/airflow/.local/lib/python3.12/site-packages/airflow/example_dags/tutorial_taskflow_api_virtualenv.py
[2024-11-18T03:05:07.310+0000] {logging_mixin.py:190} INFO - [2024-11-18T03:05:07.310+0000] {dag.py:3229} INFO - Sync 1 DAGs
[2024-11-18T03:05:07.323+0000] {logging_mixin.py:190} INFO - [2024-11-18T03:05:07.323+0000] {dag.py:4156} INFO - Setting next_dagrun for tutorial_taskflow_api_virtualenv to None, run_after=None
[2024-11-18T03:05:07.339+0000] {processor.py:208} INFO - Processing /home/airflow/.local/lib/python3.12/site-packages/airflow/example_dags/tutorial_taskflow_api_virtualenv.py took 0.070 seconds
[2024-11-18T03:05:37.591+0000] {processor.py:186} INFO - Started process (PID=1297) to work on /home/airflow/.local/lib/python3.12/site-packages/airflow/example_dags/tutorial_taskflow_api_virtualenv.py
[2024-11-18T03:05:37.593+0000] {processor.py:914} INFO - Processing file /home/airflow/.local/lib/python3.12/site-packages/airflow/example_dags/tutorial_taskflow_api_virtualenv.py for tasks to queue
[2024-11-18T03:05:37.595+0000] {logging_mixin.py:190} INFO - [2024-11-18T03:05:37.595+0000] {dagbag.py:587} INFO - Filling up the DagBag from /home/airflow/.local/lib/python3.12/site-packages/airflow/example_dags/tutorial_taskflow_api_virtualenv.py
[2024-11-18T03:05:37.607+0000] {processor.py:925} INFO - DAG(s) 'tutorial_taskflow_api_virtualenv' retrieved from /home/airflow/.local/lib/python3.12/site-packages/airflow/example_dags/tutorial_taskflow_api_virtualenv.py
[2024-11-18T03:05:37.625+0000] {logging_mixin.py:190} INFO - [2024-11-18T03:05:37.625+0000] {dag.py:3229} INFO - Sync 1 DAGs
[2024-11-18T03:05:37.639+0000] {logging_mixin.py:190} INFO - [2024-11-18T03:05:37.638+0000] {dag.py:4156} INFO - Setting next_dagrun for tutorial_taskflow_api_virtualenv to None, run_after=None
[2024-11-18T03:05:37.655+0000] {processor.py:208} INFO - Processing /home/airflow/.local/lib/python3.12/site-packages/airflow/example_dags/tutorial_taskflow_api_virtualenv.py took 0.069 seconds
[2024-11-18T03:06:08.798+0000] {processor.py:186} INFO - Started process (PID=1359) to work on /home/airflow/.local/lib/python3.12/site-packages/airflow/example_dags/tutorial_taskflow_api_virtualenv.py
[2024-11-18T03:06:08.801+0000] {processor.py:914} INFO - Processing file /home/airflow/.local/lib/python3.12/site-packages/airflow/example_dags/tutorial_taskflow_api_virtualenv.py for tasks to queue
[2024-11-18T03:06:08.805+0000] {logging_mixin.py:190} INFO - [2024-11-18T03:06:08.805+0000] {dagbag.py:587} INFO - Filling up the DagBag from /home/airflow/.local/lib/python3.12/site-packages/airflow/example_dags/tutorial_taskflow_api_virtualenv.py
[2024-11-18T03:06:08.831+0000] {processor.py:925} INFO - DAG(s) 'tutorial_taskflow_api_virtualenv' retrieved from /home/airflow/.local/lib/python3.12/site-packages/airflow/example_dags/tutorial_taskflow_api_virtualenv.py
[2024-11-18T03:06:08.872+0000] {logging_mixin.py:190} INFO - [2024-11-18T03:06:08.871+0000] {dag.py:3229} INFO - Sync 1 DAGs
[2024-11-18T03:06:08.902+0000] {logging_mixin.py:190} INFO - [2024-11-18T03:06:08.900+0000] {dag.py:4156} INFO - Setting next_dagrun for tutorial_taskflow_api_virtualenv to None, run_after=None
[2024-11-18T03:06:08.934+0000] {processor.py:208} INFO - Processing /home/airflow/.local/lib/python3.12/site-packages/airflow/example_dags/tutorial_taskflow_api_virtualenv.py took 0.149 seconds
[2024-11-18T03:06:40.005+0000] {processor.py:186} INFO - Started process (PID=1421) to work on /home/airflow/.local/lib/python3.12/site-packages/airflow/example_dags/tutorial_taskflow_api_virtualenv.py
[2024-11-18T03:06:40.009+0000] {processor.py:914} INFO - Processing file /home/airflow/.local/lib/python3.12/site-packages/airflow/example_dags/tutorial_taskflow_api_virtualenv.py for tasks to queue
[2024-11-18T03:06:40.019+0000] {logging_mixin.py:190} INFO - [2024-11-18T03:06:40.017+0000] {dagbag.py:587} INFO - Filling up the DagBag from /home/airflow/.local/lib/python3.12/site-packages/airflow/example_dags/tutorial_taskflow_api_virtualenv.py
[2024-11-18T03:06:40.068+0000] {processor.py:925} INFO - DAG(s) 'tutorial_taskflow_api_virtualenv' retrieved from /home/airflow/.local/lib/python3.12/site-packages/airflow/example_dags/tutorial_taskflow_api_virtualenv.py
[2024-11-18T03:06:40.152+0000] {logging_mixin.py:190} INFO - [2024-11-18T03:06:40.151+0000] {dag.py:3229} INFO - Sync 1 DAGs
[2024-11-18T03:06:40.212+0000] {logging_mixin.py:190} INFO - [2024-11-18T03:06:40.208+0000] {dag.py:4156} INFO - Setting next_dagrun for tutorial_taskflow_api_virtualenv to None, run_after=None
[2024-11-18T03:06:40.280+0000] {processor.py:208} INFO - Processing /home/airflow/.local/lib/python3.12/site-packages/airflow/example_dags/tutorial_taskflow_api_virtualenv.py took 0.311 seconds
[2024-11-18T03:07:10.973+0000] {processor.py:186} INFO - Started process (PID=1483) to work on /home/airflow/.local/lib/python3.12/site-packages/airflow/example_dags/tutorial_taskflow_api_virtualenv.py
[2024-11-18T03:07:10.974+0000] {processor.py:914} INFO - Processing file /home/airflow/.local/lib/python3.12/site-packages/airflow/example_dags/tutorial_taskflow_api_virtualenv.py for tasks to queue
[2024-11-18T03:07:10.976+0000] {logging_mixin.py:190} INFO - [2024-11-18T03:07:10.976+0000] {dagbag.py:587} INFO - Filling up the DagBag from /home/airflow/.local/lib/python3.12/site-packages/airflow/example_dags/tutorial_taskflow_api_virtualenv.py
[2024-11-18T03:07:10.988+0000] {processor.py:925} INFO - DAG(s) 'tutorial_taskflow_api_virtualenv' retrieved from /home/airflow/.local/lib/python3.12/site-packages/airflow/example_dags/tutorial_taskflow_api_virtualenv.py
[2024-11-18T03:07:11.007+0000] {logging_mixin.py:190} INFO - [2024-11-18T03:07:11.007+0000] {dag.py:3229} INFO - Sync 1 DAGs
[2024-11-18T03:07:11.021+0000] {logging_mixin.py:190} INFO - [2024-11-18T03:07:11.021+0000] {dag.py:4156} INFO - Setting next_dagrun for tutorial_taskflow_api_virtualenv to None, run_after=None
[2024-11-18T03:07:11.037+0000] {processor.py:208} INFO - Processing /home/airflow/.local/lib/python3.12/site-packages/airflow/example_dags/tutorial_taskflow_api_virtualenv.py took 0.070 seconds
[2024-11-18T03:07:41.842+0000] {processor.py:186} INFO - Started process (PID=1544) to work on /home/airflow/.local/lib/python3.12/site-packages/airflow/example_dags/tutorial_taskflow_api_virtualenv.py
[2024-11-18T03:07:41.842+0000] {processor.py:914} INFO - Processing file /home/airflow/.local/lib/python3.12/site-packages/airflow/example_dags/tutorial_taskflow_api_virtualenv.py for tasks to queue
[2024-11-18T03:07:41.845+0000] {logging_mixin.py:190} INFO - [2024-11-18T03:07:41.844+0000] {dagbag.py:587} INFO - Filling up the DagBag from /home/airflow/.local/lib/python3.12/site-packages/airflow/example_dags/tutorial_taskflow_api_virtualenv.py
[2024-11-18T03:07:41.856+0000] {processor.py:925} INFO - DAG(s) 'tutorial_taskflow_api_virtualenv' retrieved from /home/airflow/.local/lib/python3.12/site-packages/airflow/example_dags/tutorial_taskflow_api_virtualenv.py
[2024-11-18T03:07:41.875+0000] {logging_mixin.py:190} INFO - [2024-11-18T03:07:41.875+0000] {dag.py:3229} INFO - Sync 1 DAGs
[2024-11-18T03:07:41.888+0000] {logging_mixin.py:190} INFO - [2024-11-18T03:07:41.888+0000] {dag.py:4156} INFO - Setting next_dagrun for tutorial_taskflow_api_virtualenv to None, run_after=None
[2024-11-18T03:07:41.903+0000] {processor.py:208} INFO - Processing /home/airflow/.local/lib/python3.12/site-packages/airflow/example_dags/tutorial_taskflow_api_virtualenv.py took 0.067 seconds
[2024-11-18T03:08:12.249+0000] {processor.py:186} INFO - Started process (PID=1606) to work on /home/airflow/.local/lib/python3.12/site-packages/airflow/example_dags/tutorial_taskflow_api_virtualenv.py
[2024-11-18T03:08:12.251+0000] {processor.py:914} INFO - Processing file /home/airflow/.local/lib/python3.12/site-packages/airflow/example_dags/tutorial_taskflow_api_virtualenv.py for tasks to queue
[2024-11-18T03:08:12.253+0000] {logging_mixin.py:190} INFO - [2024-11-18T03:08:12.253+0000] {dagbag.py:587} INFO - Filling up the DagBag from /home/airflow/.local/lib/python3.12/site-packages/airflow/example_dags/tutorial_taskflow_api_virtualenv.py
[2024-11-18T03:08:12.265+0000] {processor.py:925} INFO - DAG(s) 'tutorial_taskflow_api_virtualenv' retrieved from /home/airflow/.local/lib/python3.12/site-packages/airflow/example_dags/tutorial_taskflow_api_virtualenv.py
[2024-11-18T03:08:12.283+0000] {logging_mixin.py:190} INFO - [2024-11-18T03:08:12.283+0000] {dag.py:3229} INFO - Sync 1 DAGs
[2024-11-18T03:08:12.296+0000] {logging_mixin.py:190} INFO - [2024-11-18T03:08:12.296+0000] {dag.py:4156} INFO - Setting next_dagrun for tutorial_taskflow_api_virtualenv to None, run_after=None
[2024-11-18T03:08:12.312+0000] {processor.py:208} INFO - Processing /home/airflow/.local/lib/python3.12/site-packages/airflow/example_dags/tutorial_taskflow_api_virtualenv.py took 0.068 seconds
[2024-11-18T03:08:43.359+0000] {processor.py:186} INFO - Started process (PID=1670) to work on /home/airflow/.local/lib/python3.12/site-packages/airflow/example_dags/tutorial_taskflow_api_virtualenv.py
[2024-11-18T03:08:43.359+0000] {processor.py:914} INFO - Processing file /home/airflow/.local/lib/python3.12/site-packages/airflow/example_dags/tutorial_taskflow_api_virtualenv.py for tasks to queue
[2024-11-18T03:08:43.362+0000] {logging_mixin.py:190} INFO - [2024-11-18T03:08:43.361+0000] {dagbag.py:587} INFO - Filling up the DagBag from /home/airflow/.local/lib/python3.12/site-packages/airflow/example_dags/tutorial_taskflow_api_virtualenv.py
[2024-11-18T03:08:43.374+0000] {processor.py:925} INFO - DAG(s) 'tutorial_taskflow_api_virtualenv' retrieved from /home/airflow/.local/lib/python3.12/site-packages/airflow/example_dags/tutorial_taskflow_api_virtualenv.py
[2024-11-18T03:08:43.393+0000] {logging_mixin.py:190} INFO - [2024-11-18T03:08:43.393+0000] {dag.py:3229} INFO - Sync 1 DAGs
[2024-11-18T03:08:43.406+0000] {logging_mixin.py:190} INFO - [2024-11-18T03:08:43.406+0000] {dag.py:4156} INFO - Setting next_dagrun for tutorial_taskflow_api_virtualenv to None, run_after=None
[2024-11-18T03:08:43.422+0000] {processor.py:208} INFO - Processing /home/airflow/.local/lib/python3.12/site-packages/airflow/example_dags/tutorial_taskflow_api_virtualenv.py took 0.069 seconds
[2024-11-18T03:09:14.278+0000] {processor.py:186} INFO - Started process (PID=1732) to work on /home/airflow/.local/lib/python3.12/site-packages/airflow/example_dags/tutorial_taskflow_api_virtualenv.py
[2024-11-18T03:09:14.279+0000] {processor.py:914} INFO - Processing file /home/airflow/.local/lib/python3.12/site-packages/airflow/example_dags/tutorial_taskflow_api_virtualenv.py for tasks to queue
[2024-11-18T03:09:14.282+0000] {logging_mixin.py:190} INFO - [2024-11-18T03:09:14.281+0000] {dagbag.py:587} INFO - Filling up the DagBag from /home/airflow/.local/lib/python3.12/site-packages/airflow/example_dags/tutorial_taskflow_api_virtualenv.py
[2024-11-18T03:09:14.293+0000] {processor.py:925} INFO - DAG(s) 'tutorial_taskflow_api_virtualenv' retrieved from /home/airflow/.local/lib/python3.12/site-packages/airflow/example_dags/tutorial_taskflow_api_virtualenv.py
[2024-11-18T03:09:14.313+0000] {logging_mixin.py:190} INFO - [2024-11-18T03:09:14.313+0000] {dag.py:3229} INFO - Sync 1 DAGs
[2024-11-18T03:09:14.327+0000] {logging_mixin.py:190} INFO - [2024-11-18T03:09:14.326+0000] {dag.py:4156} INFO - Setting next_dagrun for tutorial_taskflow_api_virtualenv to None, run_after=None
[2024-11-18T03:09:14.343+0000] {processor.py:208} INFO - Processing /home/airflow/.local/lib/python3.12/site-packages/airflow/example_dags/tutorial_taskflow_api_virtualenv.py took 0.071 seconds
[2024-11-18T03:09:44.756+0000] {processor.py:186} INFO - Started process (PID=1795) to work on /home/airflow/.local/lib/python3.12/site-packages/airflow/example_dags/tutorial_taskflow_api_virtualenv.py
[2024-11-18T03:09:44.756+0000] {processor.py:914} INFO - Processing file /home/airflow/.local/lib/python3.12/site-packages/airflow/example_dags/tutorial_taskflow_api_virtualenv.py for tasks to queue
[2024-11-18T03:09:44.759+0000] {logging_mixin.py:190} INFO - [2024-11-18T03:09:44.759+0000] {dagbag.py:587} INFO - Filling up the DagBag from /home/airflow/.local/lib/python3.12/site-packages/airflow/example_dags/tutorial_taskflow_api_virtualenv.py
[2024-11-18T03:09:44.770+0000] {processor.py:925} INFO - DAG(s) 'tutorial_taskflow_api_virtualenv' retrieved from /home/airflow/.local/lib/python3.12/site-packages/airflow/example_dags/tutorial_taskflow_api_virtualenv.py
[2024-11-18T03:09:44.790+0000] {logging_mixin.py:190} INFO - [2024-11-18T03:09:44.789+0000] {dag.py:3229} INFO - Sync 1 DAGs
[2024-11-18T03:09:44.803+0000] {logging_mixin.py:190} INFO - [2024-11-18T03:09:44.802+0000] {dag.py:4156} INFO - Setting next_dagrun for tutorial_taskflow_api_virtualenv to None, run_after=None
[2024-11-18T03:09:44.818+0000] {processor.py:208} INFO - Processing /home/airflow/.local/lib/python3.12/site-packages/airflow/example_dags/tutorial_taskflow_api_virtualenv.py took 0.068 seconds
[2024-11-18T03:10:15.071+0000] {processor.py:186} INFO - Started process (PID=1858) to work on /home/airflow/.local/lib/python3.12/site-packages/airflow/example_dags/tutorial_taskflow_api_virtualenv.py
[2024-11-18T03:10:15.073+0000] {processor.py:914} INFO - Processing file /home/airflow/.local/lib/python3.12/site-packages/airflow/example_dags/tutorial_taskflow_api_virtualenv.py for tasks to queue
[2024-11-18T03:10:15.075+0000] {logging_mixin.py:190} INFO - [2024-11-18T03:10:15.075+0000] {dagbag.py:587} INFO - Filling up the DagBag from /home/airflow/.local/lib/python3.12/site-packages/airflow/example_dags/tutorial_taskflow_api_virtualenv.py
[2024-11-18T03:10:15.087+0000] {processor.py:925} INFO - DAG(s) 'tutorial_taskflow_api_virtualenv' retrieved from /home/airflow/.local/lib/python3.12/site-packages/airflow/example_dags/tutorial_taskflow_api_virtualenv.py
[2024-11-18T03:10:15.106+0000] {logging_mixin.py:190} INFO - [2024-11-18T03:10:15.105+0000] {dag.py:3229} INFO - Sync 1 DAGs
[2024-11-18T03:10:15.119+0000] {logging_mixin.py:190} INFO - [2024-11-18T03:10:15.119+0000] {dag.py:4156} INFO - Setting next_dagrun for tutorial_taskflow_api_virtualenv to None, run_after=None
[2024-11-18T03:10:15.135+0000] {processor.py:208} INFO - Processing /home/airflow/.local/lib/python3.12/site-packages/airflow/example_dags/tutorial_taskflow_api_virtualenv.py took 0.070 seconds
[2024-11-18T03:10:46.328+0000] {processor.py:186} INFO - Started process (PID=1920) to work on /home/airflow/.local/lib/python3.12/site-packages/airflow/example_dags/tutorial_taskflow_api_virtualenv.py
[2024-11-18T03:10:46.494+0000] {processor.py:914} INFO - Processing file /home/airflow/.local/lib/python3.12/site-packages/airflow/example_dags/tutorial_taskflow_api_virtualenv.py for tasks to queue
[2024-11-18T03:10:46.504+0000] {logging_mixin.py:190} INFO - [2024-11-18T03:10:46.500+0000] {dagbag.py:587} INFO - Filling up the DagBag from /home/airflow/.local/lib/python3.12/site-packages/airflow/example_dags/tutorial_taskflow_api_virtualenv.py
[2024-11-18T03:10:46.568+0000] {processor.py:925} INFO - DAG(s) 'tutorial_taskflow_api_virtualenv' retrieved from /home/airflow/.local/lib/python3.12/site-packages/airflow/example_dags/tutorial_taskflow_api_virtualenv.py
[2024-11-18T03:10:46.732+0000] {logging_mixin.py:190} INFO - [2024-11-18T03:10:46.732+0000] {dag.py:3229} INFO - Sync 1 DAGs
[2024-11-18T03:10:46.867+0000] {logging_mixin.py:190} INFO - [2024-11-18T03:10:46.856+0000] {dag.py:4156} INFO - Setting next_dagrun for tutorial_taskflow_api_virtualenv to None, run_after=None
[2024-11-18T03:10:47.002+0000] {processor.py:208} INFO - Processing /home/airflow/.local/lib/python3.12/site-packages/airflow/example_dags/tutorial_taskflow_api_virtualenv.py took 0.738 seconds
[2024-11-18T03:11:17.660+0000] {processor.py:186} INFO - Started process (PID=1982) to work on /home/airflow/.local/lib/python3.12/site-packages/airflow/example_dags/tutorial_taskflow_api_virtualenv.py
[2024-11-18T03:11:17.661+0000] {processor.py:914} INFO - Processing file /home/airflow/.local/lib/python3.12/site-packages/airflow/example_dags/tutorial_taskflow_api_virtualenv.py for tasks to queue
[2024-11-18T03:11:17.677+0000] {logging_mixin.py:190} INFO - [2024-11-18T03:11:17.673+0000] {dagbag.py:587} INFO - Filling up the DagBag from /home/airflow/.local/lib/python3.12/site-packages/airflow/example_dags/tutorial_taskflow_api_virtualenv.py
[2024-11-18T03:11:17.737+0000] {processor.py:925} INFO - DAG(s) 'tutorial_taskflow_api_virtualenv' retrieved from /home/airflow/.local/lib/python3.12/site-packages/airflow/example_dags/tutorial_taskflow_api_virtualenv.py
[2024-11-18T03:11:17.847+0000] {logging_mixin.py:190} INFO - [2024-11-18T03:11:17.847+0000] {dag.py:3229} INFO - Sync 1 DAGs
[2024-11-18T03:11:17.901+0000] {logging_mixin.py:190} INFO - [2024-11-18T03:11:17.901+0000] {dag.py:4156} INFO - Setting next_dagrun for tutorial_taskflow_api_virtualenv to None, run_after=None
[2024-11-18T03:11:17.960+0000] {processor.py:208} INFO - Processing /home/airflow/.local/lib/python3.12/site-packages/airflow/example_dags/tutorial_taskflow_api_virtualenv.py took 0.333 seconds
[2024-11-18T03:11:48.408+0000] {processor.py:186} INFO - Started process (PID=2044) to work on /home/airflow/.local/lib/python3.12/site-packages/airflow/example_dags/tutorial_taskflow_api_virtualenv.py
[2024-11-18T03:11:48.437+0000] {processor.py:914} INFO - Processing file /home/airflow/.local/lib/python3.12/site-packages/airflow/example_dags/tutorial_taskflow_api_virtualenv.py for tasks to queue
[2024-11-18T03:11:48.465+0000] {logging_mixin.py:190} INFO - [2024-11-18T03:11:48.455+0000] {dagbag.py:587} INFO - Filling up the DagBag from /home/airflow/.local/lib/python3.12/site-packages/airflow/example_dags/tutorial_taskflow_api_virtualenv.py
[2024-11-18T03:11:48.550+0000] {processor.py:925} INFO - DAG(s) 'tutorial_taskflow_api_virtualenv' retrieved from /home/airflow/.local/lib/python3.12/site-packages/airflow/example_dags/tutorial_taskflow_api_virtualenv.py
[2024-11-18T03:11:48.656+0000] {logging_mixin.py:190} INFO - [2024-11-18T03:11:48.653+0000] {dag.py:3229} INFO - Sync 1 DAGs
[2024-11-18T03:11:48.707+0000] {logging_mixin.py:190} INFO - [2024-11-18T03:11:48.707+0000] {dag.py:4156} INFO - Setting next_dagrun for tutorial_taskflow_api_virtualenv to None, run_after=None
[2024-11-18T03:11:48.786+0000] {processor.py:208} INFO - Processing /home/airflow/.local/lib/python3.12/site-packages/airflow/example_dags/tutorial_taskflow_api_virtualenv.py took 0.397 seconds
[2024-11-18T03:12:19.282+0000] {processor.py:186} INFO - Started process (PID=2106) to work on /home/airflow/.local/lib/python3.12/site-packages/airflow/example_dags/tutorial_taskflow_api_virtualenv.py
[2024-11-18T03:12:19.283+0000] {processor.py:914} INFO - Processing file /home/airflow/.local/lib/python3.12/site-packages/airflow/example_dags/tutorial_taskflow_api_virtualenv.py for tasks to queue
[2024-11-18T03:12:19.287+0000] {logging_mixin.py:190} INFO - [2024-11-18T03:12:19.286+0000] {dagbag.py:587} INFO - Filling up the DagBag from /home/airflow/.local/lib/python3.12/site-packages/airflow/example_dags/tutorial_taskflow_api_virtualenv.py
[2024-11-18T03:12:19.381+0000] {processor.py:925} INFO - DAG(s) 'tutorial_taskflow_api_virtualenv' retrieved from /home/airflow/.local/lib/python3.12/site-packages/airflow/example_dags/tutorial_taskflow_api_virtualenv.py
[2024-11-18T03:12:19.420+0000] {logging_mixin.py:190} INFO - [2024-11-18T03:12:19.419+0000] {dag.py:3229} INFO - Sync 1 DAGs
[2024-11-18T03:12:19.470+0000] {logging_mixin.py:190} INFO - [2024-11-18T03:12:19.470+0000] {dag.py:4156} INFO - Setting next_dagrun for tutorial_taskflow_api_virtualenv to None, run_after=None
[2024-11-18T03:12:19.571+0000] {processor.py:208} INFO - Processing /home/airflow/.local/lib/python3.12/site-packages/airflow/example_dags/tutorial_taskflow_api_virtualenv.py took 0.297 seconds
[2024-11-18T03:12:51.102+0000] {processor.py:186} INFO - Started process (PID=2169) to work on /home/airflow/.local/lib/python3.12/site-packages/airflow/example_dags/tutorial_taskflow_api_virtualenv.py
[2024-11-18T03:12:51.112+0000] {processor.py:914} INFO - Processing file /home/airflow/.local/lib/python3.12/site-packages/airflow/example_dags/tutorial_taskflow_api_virtualenv.py for tasks to queue
[2024-11-18T03:12:51.132+0000] {logging_mixin.py:190} INFO - [2024-11-18T03:12:51.131+0000] {dagbag.py:587} INFO - Filling up the DagBag from /home/airflow/.local/lib/python3.12/site-packages/airflow/example_dags/tutorial_taskflow_api_virtualenv.py
[2024-11-18T03:12:51.366+0000] {processor.py:925} INFO - DAG(s) 'tutorial_taskflow_api_virtualenv' retrieved from /home/airflow/.local/lib/python3.12/site-packages/airflow/example_dags/tutorial_taskflow_api_virtualenv.py
[2024-11-18T03:12:51.473+0000] {logging_mixin.py:190} INFO - [2024-11-18T03:12:51.471+0000] {dag.py:3229} INFO - Sync 1 DAGs
[2024-11-18T03:12:51.569+0000] {logging_mixin.py:190} INFO - [2024-11-18T03:12:51.566+0000] {dag.py:4156} INFO - Setting next_dagrun for tutorial_taskflow_api_virtualenv to None, run_after=None
[2024-11-18T03:12:51.641+0000] {processor.py:208} INFO - Processing /home/airflow/.local/lib/python3.12/site-packages/airflow/example_dags/tutorial_taskflow_api_virtualenv.py took 0.590 seconds
[2024-11-18T03:13:23.183+0000] {processor.py:186} INFO - Started process (PID=2229) to work on /home/airflow/.local/lib/python3.12/site-packages/airflow/example_dags/tutorial_taskflow_api_virtualenv.py
[2024-11-18T03:13:23.184+0000] {processor.py:914} INFO - Processing file /home/airflow/.local/lib/python3.12/site-packages/airflow/example_dags/tutorial_taskflow_api_virtualenv.py for tasks to queue
[2024-11-18T03:13:23.187+0000] {logging_mixin.py:190} INFO - [2024-11-18T03:13:23.186+0000] {dagbag.py:587} INFO - Filling up the DagBag from /home/airflow/.local/lib/python3.12/site-packages/airflow/example_dags/tutorial_taskflow_api_virtualenv.py
[2024-11-18T03:13:23.202+0000] {processor.py:925} INFO - DAG(s) 'tutorial_taskflow_api_virtualenv' retrieved from /home/airflow/.local/lib/python3.12/site-packages/airflow/example_dags/tutorial_taskflow_api_virtualenv.py
[2024-11-18T03:13:23.268+0000] {logging_mixin.py:190} INFO - [2024-11-18T03:13:23.263+0000] {dag.py:3229} INFO - Sync 1 DAGs
[2024-11-18T03:13:23.354+0000] {logging_mixin.py:190} INFO - [2024-11-18T03:13:23.354+0000] {dag.py:4156} INFO - Setting next_dagrun for tutorial_taskflow_api_virtualenv to None, run_after=None
[2024-11-18T03:13:23.451+0000] {processor.py:208} INFO - Processing /home/airflow/.local/lib/python3.12/site-packages/airflow/example_dags/tutorial_taskflow_api_virtualenv.py took 0.276 seconds
[2024-11-18T03:13:54.967+0000] {processor.py:186} INFO - Started process (PID=2290) to work on /home/airflow/.local/lib/python3.12/site-packages/airflow/example_dags/tutorial_taskflow_api_virtualenv.py
[2024-11-18T03:13:55.010+0000] {processor.py:914} INFO - Processing file /home/airflow/.local/lib/python3.12/site-packages/airflow/example_dags/tutorial_taskflow_api_virtualenv.py for tasks to queue
[2024-11-18T03:13:55.021+0000] {logging_mixin.py:190} INFO - [2024-11-18T03:13:55.017+0000] {dagbag.py:587} INFO - Filling up the DagBag from /home/airflow/.local/lib/python3.12/site-packages/airflow/example_dags/tutorial_taskflow_api_virtualenv.py
[2024-11-18T03:13:55.041+0000] {processor.py:925} INFO - DAG(s) 'tutorial_taskflow_api_virtualenv' retrieved from /home/airflow/.local/lib/python3.12/site-packages/airflow/example_dags/tutorial_taskflow_api_virtualenv.py
[2024-11-18T03:13:55.189+0000] {logging_mixin.py:190} INFO - [2024-11-18T03:13:55.172+0000] {dag.py:3229} INFO - Sync 1 DAGs
[2024-11-18T03:13:55.275+0000] {logging_mixin.py:190} INFO - [2024-11-18T03:13:55.275+0000] {dag.py:4156} INFO - Setting next_dagrun for tutorial_taskflow_api_virtualenv to None, run_after=None
[2024-11-18T03:13:55.491+0000] {processor.py:208} INFO - Processing /home/airflow/.local/lib/python3.12/site-packages/airflow/example_dags/tutorial_taskflow_api_virtualenv.py took 0.631 seconds
[2024-11-18T03:14:26.828+0000] {processor.py:186} INFO - Started process (PID=2350) to work on /home/airflow/.local/lib/python3.12/site-packages/airflow/example_dags/tutorial_taskflow_api_virtualenv.py
[2024-11-18T03:14:26.830+0000] {processor.py:914} INFO - Processing file /home/airflow/.local/lib/python3.12/site-packages/airflow/example_dags/tutorial_taskflow_api_virtualenv.py for tasks to queue
[2024-11-18T03:14:26.839+0000] {logging_mixin.py:190} INFO - [2024-11-18T03:14:26.837+0000] {dagbag.py:587} INFO - Filling up the DagBag from /home/airflow/.local/lib/python3.12/site-packages/airflow/example_dags/tutorial_taskflow_api_virtualenv.py
[2024-11-18T03:14:26.957+0000] {processor.py:925} INFO - DAG(s) 'tutorial_taskflow_api_virtualenv' retrieved from /home/airflow/.local/lib/python3.12/site-packages/airflow/example_dags/tutorial_taskflow_api_virtualenv.py
[2024-11-18T03:14:27.042+0000] {logging_mixin.py:190} INFO - [2024-11-18T03:14:27.040+0000] {dag.py:3229} INFO - Sync 1 DAGs
[2024-11-18T03:14:27.122+0000] {logging_mixin.py:190} INFO - [2024-11-18T03:14:27.122+0000] {dag.py:4156} INFO - Setting next_dagrun for tutorial_taskflow_api_virtualenv to None, run_after=None
[2024-11-18T03:14:27.267+0000] {processor.py:208} INFO - Processing /home/airflow/.local/lib/python3.12/site-packages/airflow/example_dags/tutorial_taskflow_api_virtualenv.py took 0.460 seconds
[2024-11-18T03:14:58.032+0000] {processor.py:186} INFO - Started process (PID=2412) to work on /home/airflow/.local/lib/python3.12/site-packages/airflow/example_dags/tutorial_taskflow_api_virtualenv.py
[2024-11-18T03:14:58.040+0000] {processor.py:914} INFO - Processing file /home/airflow/.local/lib/python3.12/site-packages/airflow/example_dags/tutorial_taskflow_api_virtualenv.py for tasks to queue
[2024-11-18T03:14:58.065+0000] {logging_mixin.py:190} INFO - [2024-11-18T03:14:58.065+0000] {dagbag.py:587} INFO - Filling up the DagBag from /home/airflow/.local/lib/python3.12/site-packages/airflow/example_dags/tutorial_taskflow_api_virtualenv.py
[2024-11-18T03:14:58.186+0000] {processor.py:925} INFO - DAG(s) 'tutorial_taskflow_api_virtualenv' retrieved from /home/airflow/.local/lib/python3.12/site-packages/airflow/example_dags/tutorial_taskflow_api_virtualenv.py
[2024-11-18T03:14:58.305+0000] {logging_mixin.py:190} INFO - [2024-11-18T03:14:58.305+0000] {dag.py:3229} INFO - Sync 1 DAGs
[2024-11-18T03:14:58.350+0000] {logging_mixin.py:190} INFO - [2024-11-18T03:14:58.350+0000] {dag.py:4156} INFO - Setting next_dagrun for tutorial_taskflow_api_virtualenv to None, run_after=None
[2024-11-18T03:14:58.527+0000] {processor.py:208} INFO - Processing /home/airflow/.local/lib/python3.12/site-packages/airflow/example_dags/tutorial_taskflow_api_virtualenv.py took 0.512 seconds
[2024-11-18T03:15:31.079+0000] {processor.py:186} INFO - Started process (PID=2475) to work on /home/airflow/.local/lib/python3.12/site-packages/airflow/example_dags/tutorial_taskflow_api_virtualenv.py
[2024-11-18T03:15:31.083+0000] {processor.py:914} INFO - Processing file /home/airflow/.local/lib/python3.12/site-packages/airflow/example_dags/tutorial_taskflow_api_virtualenv.py for tasks to queue
[2024-11-18T03:15:31.090+0000] {logging_mixin.py:190} INFO - [2024-11-18T03:15:31.087+0000] {dagbag.py:587} INFO - Filling up the DagBag from /home/airflow/.local/lib/python3.12/site-packages/airflow/example_dags/tutorial_taskflow_api_virtualenv.py
[2024-11-18T03:15:31.120+0000] {processor.py:925} INFO - DAG(s) 'tutorial_taskflow_api_virtualenv' retrieved from /home/airflow/.local/lib/python3.12/site-packages/airflow/example_dags/tutorial_taskflow_api_virtualenv.py
[2024-11-18T03:15:31.215+0000] {logging_mixin.py:190} INFO - [2024-11-18T03:15:31.215+0000] {dag.py:3229} INFO - Sync 1 DAGs
[2024-11-18T03:15:31.251+0000] {logging_mixin.py:190} INFO - [2024-11-18T03:15:31.251+0000] {dag.py:4156} INFO - Setting next_dagrun for tutorial_taskflow_api_virtualenv to None, run_after=None
[2024-11-18T03:15:31.300+0000] {processor.py:208} INFO - Processing /home/airflow/.local/lib/python3.12/site-packages/airflow/example_dags/tutorial_taskflow_api_virtualenv.py took 0.247 seconds
[2024-11-18T03:16:03.047+0000] {processor.py:186} INFO - Started process (PID=2537) to work on /home/airflow/.local/lib/python3.12/site-packages/airflow/example_dags/tutorial_taskflow_api_virtualenv.py
[2024-11-18T03:16:03.066+0000] {processor.py:914} INFO - Processing file /home/airflow/.local/lib/python3.12/site-packages/airflow/example_dags/tutorial_taskflow_api_virtualenv.py for tasks to queue
[2024-11-18T03:16:03.109+0000] {logging_mixin.py:190} INFO - [2024-11-18T03:16:03.109+0000] {dagbag.py:587} INFO - Filling up the DagBag from /home/airflow/.local/lib/python3.12/site-packages/airflow/example_dags/tutorial_taskflow_api_virtualenv.py
[2024-11-18T03:16:03.439+0000] {processor.py:925} INFO - DAG(s) 'tutorial_taskflow_api_virtualenv' retrieved from /home/airflow/.local/lib/python3.12/site-packages/airflow/example_dags/tutorial_taskflow_api_virtualenv.py
[2024-11-18T03:16:03.591+0000] {logging_mixin.py:190} INFO - [2024-11-18T03:16:03.591+0000] {dag.py:3229} INFO - Sync 1 DAGs
[2024-11-18T03:16:03.713+0000] {logging_mixin.py:190} INFO - [2024-11-18T03:16:03.713+0000] {dag.py:4156} INFO - Setting next_dagrun for tutorial_taskflow_api_virtualenv to None, run_after=None
[2024-11-18T03:16:03.863+0000] {processor.py:208} INFO - Processing /home/airflow/.local/lib/python3.12/site-packages/airflow/example_dags/tutorial_taskflow_api_virtualenv.py took 0.919 seconds
[2024-11-18T03:16:34.124+0000] {processor.py:186} INFO - Started process (PID=2598) to work on /home/airflow/.local/lib/python3.12/site-packages/airflow/example_dags/tutorial_taskflow_api_virtualenv.py
[2024-11-18T03:16:34.125+0000] {processor.py:914} INFO - Processing file /home/airflow/.local/lib/python3.12/site-packages/airflow/example_dags/tutorial_taskflow_api_virtualenv.py for tasks to queue
[2024-11-18T03:16:34.133+0000] {logging_mixin.py:190} INFO - [2024-11-18T03:16:34.132+0000] {dagbag.py:587} INFO - Filling up the DagBag from /home/airflow/.local/lib/python3.12/site-packages/airflow/example_dags/tutorial_taskflow_api_virtualenv.py
[2024-11-18T03:16:34.246+0000] {processor.py:925} INFO - DAG(s) 'tutorial_taskflow_api_virtualenv' retrieved from /home/airflow/.local/lib/python3.12/site-packages/airflow/example_dags/tutorial_taskflow_api_virtualenv.py
[2024-11-18T03:16:34.271+0000] {logging_mixin.py:190} INFO - [2024-11-18T03:16:34.271+0000] {dag.py:3229} INFO - Sync 1 DAGs
[2024-11-18T03:16:34.289+0000] {logging_mixin.py:190} INFO - [2024-11-18T03:16:34.289+0000] {dag.py:4156} INFO - Setting next_dagrun for tutorial_taskflow_api_virtualenv to None, run_after=None
[2024-11-18T03:16:34.320+0000] {processor.py:208} INFO - Processing /home/airflow/.local/lib/python3.12/site-packages/airflow/example_dags/tutorial_taskflow_api_virtualenv.py took 0.207 seconds
