[2024-11-18T02:55:39.405+0000] {processor.py:186} INFO - Started process (PID=94) to work on /home/airflow/.local/lib/python3.12/site-packages/airflow/example_dags/tutorial_dag.py
[2024-11-18T02:55:39.410+0000] {processor.py:914} INFO - Processing file /home/airflow/.local/lib/python3.12/site-packages/airflow/example_dags/tutorial_dag.py for tasks to queue
[2024-11-18T02:55:39.434+0000] {logging_mixin.py:190} INFO - [2024-11-18T02:55:39.426+0000] {dagbag.py:587} INFO - Filling up the DagBag from /home/airflow/.local/lib/python3.12/site-packages/airflow/example_dags/tutorial_dag.py
[2024-11-18T02:55:39.511+0000] {processor.py:925} INFO - DAG(s) 'tutorial_dag' retrieved from /home/airflow/.local/lib/python3.12/site-packages/airflow/example_dags/tutorial_dag.py
[2024-11-18T02:55:39.705+0000] {logging_mixin.py:190} INFO - [2024-11-18T02:55:39.700+0000] {dag.py:3229} INFO - Sync 1 DAGs
[2024-11-18T02:55:39.796+0000] {logging_mixin.py:190} INFO - [2024-11-18T02:55:39.796+0000] {dag.py:4156} INFO - Setting next_dagrun for tutorial_dag to None, run_after=None
[2024-11-18T02:55:39.934+0000] {processor.py:208} INFO - Processing /home/airflow/.local/lib/python3.12/site-packages/airflow/example_dags/tutorial_dag.py took 0.591 seconds
[2024-11-18T02:56:10.541+0000] {processor.py:186} INFO - Started process (PID=155) to work on /home/airflow/.local/lib/python3.12/site-packages/airflow/example_dags/tutorial_dag.py
[2024-11-18T02:56:10.544+0000] {processor.py:914} INFO - Processing file /home/airflow/.local/lib/python3.12/site-packages/airflow/example_dags/tutorial_dag.py for tasks to queue
[2024-11-18T02:56:10.550+0000] {logging_mixin.py:190} INFO - [2024-11-18T02:56:10.550+0000] {dagbag.py:587} INFO - Filling up the DagBag from /home/airflow/.local/lib/python3.12/site-packages/airflow/example_dags/tutorial_dag.py
[2024-11-18T02:56:10.574+0000] {processor.py:925} INFO - DAG(s) 'tutorial_dag' retrieved from /home/airflow/.local/lib/python3.12/site-packages/airflow/example_dags/tutorial_dag.py
[2024-11-18T02:56:10.634+0000] {logging_mixin.py:190} INFO - [2024-11-18T02:56:10.633+0000] {dag.py:3229} INFO - Sync 1 DAGs
[2024-11-18T02:56:10.677+0000] {logging_mixin.py:190} INFO - [2024-11-18T02:56:10.677+0000] {dag.py:4156} INFO - Setting next_dagrun for tutorial_dag to None, run_after=None
[2024-11-18T02:56:10.724+0000] {processor.py:208} INFO - Processing /home/airflow/.local/lib/python3.12/site-packages/airflow/example_dags/tutorial_dag.py took 0.204 seconds
[2024-11-18T02:56:41.271+0000] {processor.py:186} INFO - Started process (PID=217) to work on /home/airflow/.local/lib/python3.12/site-packages/airflow/example_dags/tutorial_dag.py
[2024-11-18T02:56:41.275+0000] {processor.py:914} INFO - Processing file /home/airflow/.local/lib/python3.12/site-packages/airflow/example_dags/tutorial_dag.py for tasks to queue
[2024-11-18T02:56:41.279+0000] {logging_mixin.py:190} INFO - [2024-11-18T02:56:41.279+0000] {dagbag.py:587} INFO - Filling up the DagBag from /home/airflow/.local/lib/python3.12/site-packages/airflow/example_dags/tutorial_dag.py
[2024-11-18T02:56:41.297+0000] {processor.py:925} INFO - DAG(s) 'tutorial_dag' retrieved from /home/airflow/.local/lib/python3.12/site-packages/airflow/example_dags/tutorial_dag.py
[2024-11-18T02:56:41.334+0000] {logging_mixin.py:190} INFO - [2024-11-18T02:56:41.334+0000] {dag.py:3229} INFO - Sync 1 DAGs
[2024-11-18T02:56:41.366+0000] {logging_mixin.py:190} INFO - [2024-11-18T02:56:41.365+0000] {dag.py:4156} INFO - Setting next_dagrun for tutorial_dag to None, run_after=None
[2024-11-18T02:56:41.401+0000] {processor.py:208} INFO - Processing /home/airflow/.local/lib/python3.12/site-packages/airflow/example_dags/tutorial_dag.py took 0.141 seconds
[2024-11-18T02:57:11.584+0000] {processor.py:186} INFO - Started process (PID=278) to work on /home/airflow/.local/lib/python3.12/site-packages/airflow/example_dags/tutorial_dag.py
[2024-11-18T02:57:11.584+0000] {processor.py:914} INFO - Processing file /home/airflow/.local/lib/python3.12/site-packages/airflow/example_dags/tutorial_dag.py for tasks to queue
[2024-11-18T02:57:11.586+0000] {logging_mixin.py:190} INFO - [2024-11-18T02:57:11.586+0000] {dagbag.py:587} INFO - Filling up the DagBag from /home/airflow/.local/lib/python3.12/site-packages/airflow/example_dags/tutorial_dag.py
[2024-11-18T02:57:11.593+0000] {processor.py:925} INFO - DAG(s) 'tutorial_dag' retrieved from /home/airflow/.local/lib/python3.12/site-packages/airflow/example_dags/tutorial_dag.py
[2024-11-18T02:57:11.612+0000] {logging_mixin.py:190} INFO - [2024-11-18T02:57:11.612+0000] {dag.py:3229} INFO - Sync 1 DAGs
[2024-11-18T02:57:11.626+0000] {logging_mixin.py:190} INFO - [2024-11-18T02:57:11.625+0000] {dag.py:4156} INFO - Setting next_dagrun for tutorial_dag to None, run_after=None
[2024-11-18T02:57:11.642+0000] {processor.py:208} INFO - Processing /home/airflow/.local/lib/python3.12/site-packages/airflow/example_dags/tutorial_dag.py took 0.064 seconds
[2024-11-18T02:57:41.868+0000] {processor.py:186} INFO - Started process (PID=340) to work on /home/airflow/.local/lib/python3.12/site-packages/airflow/example_dags/tutorial_dag.py
[2024-11-18T02:57:41.869+0000] {processor.py:914} INFO - Processing file /home/airflow/.local/lib/python3.12/site-packages/airflow/example_dags/tutorial_dag.py for tasks to queue
[2024-11-18T02:57:41.872+0000] {logging_mixin.py:190} INFO - [2024-11-18T02:57:41.871+0000] {dagbag.py:587} INFO - Filling up the DagBag from /home/airflow/.local/lib/python3.12/site-packages/airflow/example_dags/tutorial_dag.py
[2024-11-18T02:57:41.879+0000] {processor.py:925} INFO - DAG(s) 'tutorial_dag' retrieved from /home/airflow/.local/lib/python3.12/site-packages/airflow/example_dags/tutorial_dag.py
[2024-11-18T02:57:41.896+0000] {logging_mixin.py:190} INFO - [2024-11-18T02:57:41.896+0000] {dag.py:3229} INFO - Sync 1 DAGs
[2024-11-18T02:57:41.910+0000] {logging_mixin.py:190} INFO - [2024-11-18T02:57:41.910+0000] {dag.py:4156} INFO - Setting next_dagrun for tutorial_dag to None, run_after=None
[2024-11-18T02:57:41.927+0000] {processor.py:208} INFO - Processing /home/airflow/.local/lib/python3.12/site-packages/airflow/example_dags/tutorial_dag.py took 0.065 seconds
[2024-11-18T02:58:12.887+0000] {processor.py:186} INFO - Started process (PID=402) to work on /home/airflow/.local/lib/python3.12/site-packages/airflow/example_dags/tutorial_dag.py
[2024-11-18T02:58:12.890+0000] {processor.py:914} INFO - Processing file /home/airflow/.local/lib/python3.12/site-packages/airflow/example_dags/tutorial_dag.py for tasks to queue
[2024-11-18T02:58:12.899+0000] {logging_mixin.py:190} INFO - [2024-11-18T02:58:12.896+0000] {dagbag.py:587} INFO - Filling up the DagBag from /home/airflow/.local/lib/python3.12/site-packages/airflow/example_dags/tutorial_dag.py
[2024-11-18T02:58:12.923+0000] {processor.py:925} INFO - DAG(s) 'tutorial_dag' retrieved from /home/airflow/.local/lib/python3.12/site-packages/airflow/example_dags/tutorial_dag.py
[2024-11-18T02:58:12.980+0000] {logging_mixin.py:190} INFO - [2024-11-18T02:58:12.980+0000] {dag.py:3229} INFO - Sync 1 DAGs
[2024-11-18T02:58:13.029+0000] {logging_mixin.py:190} INFO - [2024-11-18T02:58:13.029+0000] {dag.py:4156} INFO - Setting next_dagrun for tutorial_dag to None, run_after=None
[2024-11-18T02:58:13.085+0000] {processor.py:208} INFO - Processing /home/airflow/.local/lib/python3.12/site-packages/airflow/example_dags/tutorial_dag.py took 0.216 seconds
[2024-11-18T02:58:43.705+0000] {processor.py:186} INFO - Started process (PID=465) to work on /home/airflow/.local/lib/python3.12/site-packages/airflow/example_dags/tutorial_dag.py
[2024-11-18T02:58:43.708+0000] {processor.py:914} INFO - Processing file /home/airflow/.local/lib/python3.12/site-packages/airflow/example_dags/tutorial_dag.py for tasks to queue
[2024-11-18T02:58:43.712+0000] {logging_mixin.py:190} INFO - [2024-11-18T02:58:43.712+0000] {dagbag.py:587} INFO - Filling up the DagBag from /home/airflow/.local/lib/python3.12/site-packages/airflow/example_dags/tutorial_dag.py
[2024-11-18T02:58:43.728+0000] {processor.py:925} INFO - DAG(s) 'tutorial_dag' retrieved from /home/airflow/.local/lib/python3.12/site-packages/airflow/example_dags/tutorial_dag.py
[2024-11-18T02:58:43.766+0000] {logging_mixin.py:190} INFO - [2024-11-18T02:58:43.766+0000] {dag.py:3229} INFO - Sync 1 DAGs
[2024-11-18T02:58:43.794+0000] {logging_mixin.py:190} INFO - [2024-11-18T02:58:43.794+0000] {dag.py:4156} INFO - Setting next_dagrun for tutorial_dag to None, run_after=None
[2024-11-18T02:58:43.838+0000] {processor.py:208} INFO - Processing /home/airflow/.local/lib/python3.12/site-packages/airflow/example_dags/tutorial_dag.py took 0.144 seconds
[2024-11-18T02:59:14.141+0000] {processor.py:186} INFO - Started process (PID=527) to work on /home/airflow/.local/lib/python3.12/site-packages/airflow/example_dags/tutorial_dag.py
[2024-11-18T02:59:14.143+0000] {processor.py:914} INFO - Processing file /home/airflow/.local/lib/python3.12/site-packages/airflow/example_dags/tutorial_dag.py for tasks to queue
[2024-11-18T02:59:14.149+0000] {logging_mixin.py:190} INFO - [2024-11-18T02:59:14.146+0000] {dagbag.py:587} INFO - Filling up the DagBag from /home/airflow/.local/lib/python3.12/site-packages/airflow/example_dags/tutorial_dag.py
[2024-11-18T02:59:14.164+0000] {processor.py:925} INFO - DAG(s) 'tutorial_dag' retrieved from /home/airflow/.local/lib/python3.12/site-packages/airflow/example_dags/tutorial_dag.py
[2024-11-18T02:59:14.201+0000] {logging_mixin.py:190} INFO - [2024-11-18T02:59:14.201+0000] {dag.py:3229} INFO - Sync 1 DAGs
[2024-11-18T02:59:14.230+0000] {logging_mixin.py:190} INFO - [2024-11-18T02:59:14.230+0000] {dag.py:4156} INFO - Setting next_dagrun for tutorial_dag to None, run_after=None
[2024-11-18T02:59:14.266+0000] {processor.py:208} INFO - Processing /home/airflow/.local/lib/python3.12/site-packages/airflow/example_dags/tutorial_dag.py took 0.137 seconds
[2024-11-18T02:59:45.016+0000] {processor.py:186} INFO - Started process (PID=588) to work on /home/airflow/.local/lib/python3.12/site-packages/airflow/example_dags/tutorial_dag.py
[2024-11-18T02:59:45.019+0000] {processor.py:914} INFO - Processing file /home/airflow/.local/lib/python3.12/site-packages/airflow/example_dags/tutorial_dag.py for tasks to queue
[2024-11-18T02:59:45.023+0000] {logging_mixin.py:190} INFO - [2024-11-18T02:59:45.023+0000] {dagbag.py:587} INFO - Filling up the DagBag from /home/airflow/.local/lib/python3.12/site-packages/airflow/example_dags/tutorial_dag.py
[2024-11-18T02:59:45.038+0000] {processor.py:925} INFO - DAG(s) 'tutorial_dag' retrieved from /home/airflow/.local/lib/python3.12/site-packages/airflow/example_dags/tutorial_dag.py
[2024-11-18T02:59:45.075+0000] {logging_mixin.py:190} INFO - [2024-11-18T02:59:45.073+0000] {dag.py:3229} INFO - Sync 1 DAGs
[2024-11-18T02:59:45.101+0000] {logging_mixin.py:190} INFO - [2024-11-18T02:59:45.100+0000] {dag.py:4156} INFO - Setting next_dagrun for tutorial_dag to None, run_after=None
[2024-11-18T02:59:45.141+0000] {processor.py:208} INFO - Processing /home/airflow/.local/lib/python3.12/site-packages/airflow/example_dags/tutorial_dag.py took 0.136 seconds
[2024-11-18T03:00:15.922+0000] {processor.py:186} INFO - Started process (PID=650) to work on /home/airflow/.local/lib/python3.12/site-packages/airflow/example_dags/tutorial_dag.py
[2024-11-18T03:00:15.924+0000] {processor.py:914} INFO - Processing file /home/airflow/.local/lib/python3.12/site-packages/airflow/example_dags/tutorial_dag.py for tasks to queue
[2024-11-18T03:00:15.928+0000] {logging_mixin.py:190} INFO - [2024-11-18T03:00:15.928+0000] {dagbag.py:587} INFO - Filling up the DagBag from /home/airflow/.local/lib/python3.12/site-packages/airflow/example_dags/tutorial_dag.py
[2024-11-18T03:00:15.945+0000] {processor.py:925} INFO - DAG(s) 'tutorial_dag' retrieved from /home/airflow/.local/lib/python3.12/site-packages/airflow/example_dags/tutorial_dag.py
[2024-11-18T03:00:15.984+0000] {logging_mixin.py:190} INFO - [2024-11-18T03:00:15.982+0000] {dag.py:3229} INFO - Sync 1 DAGs
[2024-11-18T03:00:16.015+0000] {logging_mixin.py:190} INFO - [2024-11-18T03:00:16.015+0000] {dag.py:4156} INFO - Setting next_dagrun for tutorial_dag to None, run_after=None
[2024-11-18T03:00:16.052+0000] {processor.py:208} INFO - Processing /home/airflow/.local/lib/python3.12/site-packages/airflow/example_dags/tutorial_dag.py took 0.143 seconds
[2024-11-18T03:00:46.691+0000] {processor.py:186} INFO - Started process (PID=712) to work on /home/airflow/.local/lib/python3.12/site-packages/airflow/example_dags/tutorial_dag.py
[2024-11-18T03:00:46.696+0000] {processor.py:914} INFO - Processing file /home/airflow/.local/lib/python3.12/site-packages/airflow/example_dags/tutorial_dag.py for tasks to queue
[2024-11-18T03:00:46.704+0000] {logging_mixin.py:190} INFO - [2024-11-18T03:00:46.704+0000] {dagbag.py:587} INFO - Filling up the DagBag from /home/airflow/.local/lib/python3.12/site-packages/airflow/example_dags/tutorial_dag.py
[2024-11-18T03:00:46.735+0000] {processor.py:925} INFO - DAG(s) 'tutorial_dag' retrieved from /home/airflow/.local/lib/python3.12/site-packages/airflow/example_dags/tutorial_dag.py
[2024-11-18T03:00:46.805+0000] {logging_mixin.py:190} INFO - [2024-11-18T03:00:46.805+0000] {dag.py:3229} INFO - Sync 1 DAGs
[2024-11-18T03:00:46.868+0000] {logging_mixin.py:190} INFO - [2024-11-18T03:00:46.868+0000] {dag.py:4156} INFO - Setting next_dagrun for tutorial_dag to None, run_after=None
[2024-11-18T03:00:46.954+0000] {processor.py:208} INFO - Processing /home/airflow/.local/lib/python3.12/site-packages/airflow/example_dags/tutorial_dag.py took 0.288 seconds
[2024-11-18T03:01:17.568+0000] {processor.py:186} INFO - Started process (PID=775) to work on /home/airflow/.local/lib/python3.12/site-packages/airflow/example_dags/tutorial_dag.py
[2024-11-18T03:01:17.572+0000] {processor.py:914} INFO - Processing file /home/airflow/.local/lib/python3.12/site-packages/airflow/example_dags/tutorial_dag.py for tasks to queue
[2024-11-18T03:01:17.580+0000] {logging_mixin.py:190} INFO - [2024-11-18T03:01:17.580+0000] {dagbag.py:587} INFO - Filling up the DagBag from /home/airflow/.local/lib/python3.12/site-packages/airflow/example_dags/tutorial_dag.py
[2024-11-18T03:01:17.610+0000] {processor.py:925} INFO - DAG(s) 'tutorial_dag' retrieved from /home/airflow/.local/lib/python3.12/site-packages/airflow/example_dags/tutorial_dag.py
[2024-11-18T03:01:17.676+0000] {logging_mixin.py:190} INFO - [2024-11-18T03:01:17.676+0000] {dag.py:3229} INFO - Sync 1 DAGs
[2024-11-18T03:01:17.731+0000] {logging_mixin.py:190} INFO - [2024-11-18T03:01:17.731+0000] {dag.py:4156} INFO - Setting next_dagrun for tutorial_dag to None, run_after=None
[2024-11-18T03:01:17.799+0000] {processor.py:208} INFO - Processing /home/airflow/.local/lib/python3.12/site-packages/airflow/example_dags/tutorial_dag.py took 0.262 seconds
[2024-11-18T03:01:48.584+0000] {processor.py:186} INFO - Started process (PID=837) to work on /home/airflow/.local/lib/python3.12/site-packages/airflow/example_dags/tutorial_dag.py
[2024-11-18T03:01:48.588+0000] {processor.py:914} INFO - Processing file /home/airflow/.local/lib/python3.12/site-packages/airflow/example_dags/tutorial_dag.py for tasks to queue
[2024-11-18T03:01:48.596+0000] {logging_mixin.py:190} INFO - [2024-11-18T03:01:48.594+0000] {dagbag.py:587} INFO - Filling up the DagBag from /home/airflow/.local/lib/python3.12/site-packages/airflow/example_dags/tutorial_dag.py
[2024-11-18T03:01:48.613+0000] {processor.py:925} INFO - DAG(s) 'tutorial_dag' retrieved from /home/airflow/.local/lib/python3.12/site-packages/airflow/example_dags/tutorial_dag.py
[2024-11-18T03:01:48.648+0000] {logging_mixin.py:190} INFO - [2024-11-18T03:01:48.648+0000] {dag.py:3229} INFO - Sync 1 DAGs
[2024-11-18T03:01:48.677+0000] {logging_mixin.py:190} INFO - [2024-11-18T03:01:48.677+0000] {dag.py:4156} INFO - Setting next_dagrun for tutorial_dag to None, run_after=None
[2024-11-18T03:01:48.716+0000] {processor.py:208} INFO - Processing /home/airflow/.local/lib/python3.12/site-packages/airflow/example_dags/tutorial_dag.py took 0.154 seconds
[2024-11-18T03:02:19.025+0000] {processor.py:186} INFO - Started process (PID=899) to work on /home/airflow/.local/lib/python3.12/site-packages/airflow/example_dags/tutorial_dag.py
[2024-11-18T03:02:19.026+0000] {processor.py:914} INFO - Processing file /home/airflow/.local/lib/python3.12/site-packages/airflow/example_dags/tutorial_dag.py for tasks to queue
[2024-11-18T03:02:19.030+0000] {logging_mixin.py:190} INFO - [2024-11-18T03:02:19.030+0000] {dagbag.py:587} INFO - Filling up the DagBag from /home/airflow/.local/lib/python3.12/site-packages/airflow/example_dags/tutorial_dag.py
[2024-11-18T03:02:19.049+0000] {processor.py:925} INFO - DAG(s) 'tutorial_dag' retrieved from /home/airflow/.local/lib/python3.12/site-packages/airflow/example_dags/tutorial_dag.py
[2024-11-18T03:02:19.085+0000] {logging_mixin.py:190} INFO - [2024-11-18T03:02:19.085+0000] {dag.py:3229} INFO - Sync 1 DAGs
[2024-11-18T03:02:19.117+0000] {logging_mixin.py:190} INFO - [2024-11-18T03:02:19.117+0000] {dag.py:4156} INFO - Setting next_dagrun for tutorial_dag to None, run_after=None
[2024-11-18T03:02:19.159+0000] {processor.py:208} INFO - Processing /home/airflow/.local/lib/python3.12/site-packages/airflow/example_dags/tutorial_dag.py took 0.146 seconds
[2024-11-18T03:02:49.369+0000] {processor.py:186} INFO - Started process (PID=961) to work on /home/airflow/.local/lib/python3.12/site-packages/airflow/example_dags/tutorial_dag.py
[2024-11-18T03:02:49.372+0000] {processor.py:914} INFO - Processing file /home/airflow/.local/lib/python3.12/site-packages/airflow/example_dags/tutorial_dag.py for tasks to queue
[2024-11-18T03:02:49.376+0000] {logging_mixin.py:190} INFO - [2024-11-18T03:02:49.374+0000] {dagbag.py:587} INFO - Filling up the DagBag from /home/airflow/.local/lib/python3.12/site-packages/airflow/example_dags/tutorial_dag.py
[2024-11-18T03:02:49.390+0000] {processor.py:925} INFO - DAG(s) 'tutorial_dag' retrieved from /home/airflow/.local/lib/python3.12/site-packages/airflow/example_dags/tutorial_dag.py
[2024-11-18T03:02:49.428+0000] {logging_mixin.py:190} INFO - [2024-11-18T03:02:49.426+0000] {dag.py:3229} INFO - Sync 1 DAGs
[2024-11-18T03:02:49.457+0000] {logging_mixin.py:190} INFO - [2024-11-18T03:02:49.455+0000] {dag.py:4156} INFO - Setting next_dagrun for tutorial_dag to None, run_after=None
[2024-11-18T03:02:49.489+0000] {processor.py:208} INFO - Processing /home/airflow/.local/lib/python3.12/site-packages/airflow/example_dags/tutorial_dag.py took 0.132 seconds
[2024-11-18T03:03:20.449+0000] {processor.py:186} INFO - Started process (PID=1028) to work on /home/airflow/.local/lib/python3.12/site-packages/airflow/example_dags/tutorial_dag.py
[2024-11-18T03:03:20.451+0000] {processor.py:914} INFO - Processing file /home/airflow/.local/lib/python3.12/site-packages/airflow/example_dags/tutorial_dag.py for tasks to queue
[2024-11-18T03:03:20.455+0000] {logging_mixin.py:190} INFO - [2024-11-18T03:03:20.455+0000] {dagbag.py:587} INFO - Filling up the DagBag from /home/airflow/.local/lib/python3.12/site-packages/airflow/example_dags/tutorial_dag.py
[2024-11-18T03:03:20.471+0000] {processor.py:925} INFO - DAG(s) 'tutorial_dag' retrieved from /home/airflow/.local/lib/python3.12/site-packages/airflow/example_dags/tutorial_dag.py
[2024-11-18T03:03:20.505+0000] {logging_mixin.py:190} INFO - [2024-11-18T03:03:20.505+0000] {dag.py:3229} INFO - Sync 1 DAGs
[2024-11-18T03:03:20.536+0000] {logging_mixin.py:190} INFO - [2024-11-18T03:03:20.536+0000] {dag.py:4156} INFO - Setting next_dagrun for tutorial_dag to None, run_after=None
[2024-11-18T03:03:20.577+0000] {processor.py:208} INFO - Processing /home/airflow/.local/lib/python3.12/site-packages/airflow/example_dags/tutorial_dag.py took 0.144 seconds
[2024-11-18T03:03:50.681+0000] {processor.py:186} INFO - Started process (PID=1090) to work on /home/airflow/.local/lib/python3.12/site-packages/airflow/example_dags/tutorial_dag.py
[2024-11-18T03:03:50.683+0000] {processor.py:914} INFO - Processing file /home/airflow/.local/lib/python3.12/site-packages/airflow/example_dags/tutorial_dag.py for tasks to queue
[2024-11-18T03:03:50.687+0000] {logging_mixin.py:190} INFO - [2024-11-18T03:03:50.687+0000] {dagbag.py:587} INFO - Filling up the DagBag from /home/airflow/.local/lib/python3.12/site-packages/airflow/example_dags/tutorial_dag.py
[2024-11-18T03:03:50.702+0000] {processor.py:925} INFO - DAG(s) 'tutorial_dag' retrieved from /home/airflow/.local/lib/python3.12/site-packages/airflow/example_dags/tutorial_dag.py
[2024-11-18T03:03:50.740+0000] {logging_mixin.py:190} INFO - [2024-11-18T03:03:50.740+0000] {dag.py:3229} INFO - Sync 1 DAGs
[2024-11-18T03:03:50.772+0000] {logging_mixin.py:190} INFO - [2024-11-18T03:03:50.769+0000] {dag.py:4156} INFO - Setting next_dagrun for tutorial_dag to None, run_after=None
[2024-11-18T03:03:50.805+0000] {processor.py:208} INFO - Processing /home/airflow/.local/lib/python3.12/site-packages/airflow/example_dags/tutorial_dag.py took 0.136 seconds
[2024-11-18T03:04:22.294+0000] {processor.py:186} INFO - Started process (PID=1152) to work on /home/airflow/.local/lib/python3.12/site-packages/airflow/example_dags/tutorial_dag.py
[2024-11-18T03:04:22.299+0000] {processor.py:914} INFO - Processing file /home/airflow/.local/lib/python3.12/site-packages/airflow/example_dags/tutorial_dag.py for tasks to queue
[2024-11-18T03:04:22.311+0000] {logging_mixin.py:190} INFO - [2024-11-18T03:04:22.311+0000] {dagbag.py:587} INFO - Filling up the DagBag from /home/airflow/.local/lib/python3.12/site-packages/airflow/example_dags/tutorial_dag.py
[2024-11-18T03:04:22.348+0000] {processor.py:925} INFO - DAG(s) 'tutorial_dag' retrieved from /home/airflow/.local/lib/python3.12/site-packages/airflow/example_dags/tutorial_dag.py
[2024-11-18T03:04:22.446+0000] {logging_mixin.py:190} INFO - [2024-11-18T03:04:22.446+0000] {dag.py:3229} INFO - Sync 1 DAGs
[2024-11-18T03:04:22.516+0000] {logging_mixin.py:190} INFO - [2024-11-18T03:04:22.516+0000] {dag.py:4156} INFO - Setting next_dagrun for tutorial_dag to None, run_after=None
[2024-11-18T03:04:22.591+0000] {processor.py:208} INFO - Processing /home/airflow/.local/lib/python3.12/site-packages/airflow/example_dags/tutorial_dag.py took 0.336 seconds
[2024-11-18T03:04:52.758+0000] {processor.py:186} INFO - Started process (PID=1214) to work on /home/airflow/.local/lib/python3.12/site-packages/airflow/example_dags/tutorial_dag.py
[2024-11-18T03:04:52.758+0000] {processor.py:914} INFO - Processing file /home/airflow/.local/lib/python3.12/site-packages/airflow/example_dags/tutorial_dag.py for tasks to queue
[2024-11-18T03:04:52.768+0000] {logging_mixin.py:190} INFO - [2024-11-18T03:04:52.768+0000] {dagbag.py:587} INFO - Filling up the DagBag from /home/airflow/.local/lib/python3.12/site-packages/airflow/example_dags/tutorial_dag.py
[2024-11-18T03:04:52.803+0000] {processor.py:925} INFO - DAG(s) 'tutorial_dag' retrieved from /home/airflow/.local/lib/python3.12/site-packages/airflow/example_dags/tutorial_dag.py
[2024-11-18T03:04:52.873+0000] {logging_mixin.py:190} INFO - [2024-11-18T03:04:52.873+0000] {dag.py:3229} INFO - Sync 1 DAGs
[2024-11-18T03:04:52.931+0000] {logging_mixin.py:190} INFO - [2024-11-18T03:04:52.927+0000] {dag.py:4156} INFO - Setting next_dagrun for tutorial_dag to None, run_after=None
[2024-11-18T03:04:53.000+0000] {processor.py:208} INFO - Processing /home/airflow/.local/lib/python3.12/site-packages/airflow/example_dags/tutorial_dag.py took 0.271 seconds
[2024-11-18T03:05:23.916+0000] {processor.py:186} INFO - Started process (PID=1276) to work on /home/airflow/.local/lib/python3.12/site-packages/airflow/example_dags/tutorial_dag.py
[2024-11-18T03:05:23.918+0000] {processor.py:914} INFO - Processing file /home/airflow/.local/lib/python3.12/site-packages/airflow/example_dags/tutorial_dag.py for tasks to queue
[2024-11-18T03:05:23.922+0000] {logging_mixin.py:190} INFO - [2024-11-18T03:05:23.922+0000] {dagbag.py:587} INFO - Filling up the DagBag from /home/airflow/.local/lib/python3.12/site-packages/airflow/example_dags/tutorial_dag.py
[2024-11-18T03:05:23.938+0000] {processor.py:925} INFO - DAG(s) 'tutorial_dag' retrieved from /home/airflow/.local/lib/python3.12/site-packages/airflow/example_dags/tutorial_dag.py
[2024-11-18T03:05:23.975+0000] {logging_mixin.py:190} INFO - [2024-11-18T03:05:23.975+0000] {dag.py:3229} INFO - Sync 1 DAGs
[2024-11-18T03:05:24.006+0000] {logging_mixin.py:190} INFO - [2024-11-18T03:05:24.004+0000] {dag.py:4156} INFO - Setting next_dagrun for tutorial_dag to None, run_after=None
[2024-11-18T03:05:24.038+0000] {processor.py:208} INFO - Processing /home/airflow/.local/lib/python3.12/site-packages/airflow/example_dags/tutorial_dag.py took 0.133 seconds
[2024-11-18T03:05:55.009+0000] {processor.py:186} INFO - Started process (PID=1338) to work on /home/airflow/.local/lib/python3.12/site-packages/airflow/example_dags/tutorial_dag.py
[2024-11-18T03:05:55.010+0000] {processor.py:914} INFO - Processing file /home/airflow/.local/lib/python3.12/site-packages/airflow/example_dags/tutorial_dag.py for tasks to queue
[2024-11-18T03:05:55.014+0000] {logging_mixin.py:190} INFO - [2024-11-18T03:05:55.014+0000] {dagbag.py:587} INFO - Filling up the DagBag from /home/airflow/.local/lib/python3.12/site-packages/airflow/example_dags/tutorial_dag.py
[2024-11-18T03:05:55.031+0000] {processor.py:925} INFO - DAG(s) 'tutorial_dag' retrieved from /home/airflow/.local/lib/python3.12/site-packages/airflow/example_dags/tutorial_dag.py
[2024-11-18T03:05:55.073+0000] {logging_mixin.py:190} INFO - [2024-11-18T03:05:55.072+0000] {dag.py:3229} INFO - Sync 1 DAGs
[2024-11-18T03:05:55.101+0000] {logging_mixin.py:190} INFO - [2024-11-18T03:05:55.100+0000] {dag.py:4156} INFO - Setting next_dagrun for tutorial_dag to None, run_after=None
[2024-11-18T03:05:55.136+0000] {processor.py:208} INFO - Processing /home/airflow/.local/lib/python3.12/site-packages/airflow/example_dags/tutorial_dag.py took 0.140 seconds
[2024-11-18T03:06:25.351+0000] {processor.py:186} INFO - Started process (PID=1399) to work on /home/airflow/.local/lib/python3.12/site-packages/airflow/example_dags/tutorial_dag.py
[2024-11-18T03:06:25.352+0000] {processor.py:914} INFO - Processing file /home/airflow/.local/lib/python3.12/site-packages/airflow/example_dags/tutorial_dag.py for tasks to queue
[2024-11-18T03:06:25.354+0000] {logging_mixin.py:190} INFO - [2024-11-18T03:06:25.354+0000] {dagbag.py:587} INFO - Filling up the DagBag from /home/airflow/.local/lib/python3.12/site-packages/airflow/example_dags/tutorial_dag.py
[2024-11-18T03:06:25.362+0000] {processor.py:925} INFO - DAG(s) 'tutorial_dag' retrieved from /home/airflow/.local/lib/python3.12/site-packages/airflow/example_dags/tutorial_dag.py
[2024-11-18T03:06:25.383+0000] {logging_mixin.py:190} INFO - [2024-11-18T03:06:25.383+0000] {dag.py:3229} INFO - Sync 1 DAGs
[2024-11-18T03:06:25.398+0000] {logging_mixin.py:190} INFO - [2024-11-18T03:06:25.398+0000] {dag.py:4156} INFO - Setting next_dagrun for tutorial_dag to None, run_after=None
[2024-11-18T03:06:25.416+0000] {processor.py:208} INFO - Processing /home/airflow/.local/lib/python3.12/site-packages/airflow/example_dags/tutorial_dag.py took 0.072 seconds
[2024-11-18T03:06:55.550+0000] {processor.py:186} INFO - Started process (PID=1461) to work on /home/airflow/.local/lib/python3.12/site-packages/airflow/example_dags/tutorial_dag.py
[2024-11-18T03:06:55.551+0000] {processor.py:914} INFO - Processing file /home/airflow/.local/lib/python3.12/site-packages/airflow/example_dags/tutorial_dag.py for tasks to queue
[2024-11-18T03:06:55.554+0000] {logging_mixin.py:190} INFO - [2024-11-18T03:06:55.553+0000] {dagbag.py:587} INFO - Filling up the DagBag from /home/airflow/.local/lib/python3.12/site-packages/airflow/example_dags/tutorial_dag.py
[2024-11-18T03:06:55.561+0000] {processor.py:925} INFO - DAG(s) 'tutorial_dag' retrieved from /home/airflow/.local/lib/python3.12/site-packages/airflow/example_dags/tutorial_dag.py
[2024-11-18T03:06:55.580+0000] {logging_mixin.py:190} INFO - [2024-11-18T03:06:55.579+0000] {dag.py:3229} INFO - Sync 1 DAGs
[2024-11-18T03:06:55.593+0000] {logging_mixin.py:190} INFO - [2024-11-18T03:06:55.593+0000] {dag.py:4156} INFO - Setting next_dagrun for tutorial_dag to None, run_after=None
[2024-11-18T03:06:55.609+0000] {processor.py:208} INFO - Processing /home/airflow/.local/lib/python3.12/site-packages/airflow/example_dags/tutorial_dag.py took 0.066 seconds
[2024-11-18T03:07:26.377+0000] {processor.py:186} INFO - Started process (PID=1522) to work on /home/airflow/.local/lib/python3.12/site-packages/airflow/example_dags/tutorial_dag.py
[2024-11-18T03:07:26.379+0000] {processor.py:914} INFO - Processing file /home/airflow/.local/lib/python3.12/site-packages/airflow/example_dags/tutorial_dag.py for tasks to queue
[2024-11-18T03:07:26.383+0000] {logging_mixin.py:190} INFO - [2024-11-18T03:07:26.383+0000] {dagbag.py:587} INFO - Filling up the DagBag from /home/airflow/.local/lib/python3.12/site-packages/airflow/example_dags/tutorial_dag.py
[2024-11-18T03:07:26.399+0000] {processor.py:925} INFO - DAG(s) 'tutorial_dag' retrieved from /home/airflow/.local/lib/python3.12/site-packages/airflow/example_dags/tutorial_dag.py
[2024-11-18T03:07:26.446+0000] {logging_mixin.py:190} INFO - [2024-11-18T03:07:26.443+0000] {dag.py:3229} INFO - Sync 1 DAGs
[2024-11-18T03:07:26.482+0000] {logging_mixin.py:190} INFO - [2024-11-18T03:07:26.479+0000] {dag.py:4156} INFO - Setting next_dagrun for tutorial_dag to None, run_after=None
[2024-11-18T03:07:26.513+0000] {processor.py:208} INFO - Processing /home/airflow/.local/lib/python3.12/site-packages/airflow/example_dags/tutorial_dag.py took 0.151 seconds
[2024-11-18T03:07:56.766+0000] {processor.py:186} INFO - Started process (PID=1584) to work on /home/airflow/.local/lib/python3.12/site-packages/airflow/example_dags/tutorial_dag.py
[2024-11-18T03:07:56.772+0000] {processor.py:914} INFO - Processing file /home/airflow/.local/lib/python3.12/site-packages/airflow/example_dags/tutorial_dag.py for tasks to queue
[2024-11-18T03:07:56.776+0000] {logging_mixin.py:190} INFO - [2024-11-18T03:07:56.776+0000] {dagbag.py:587} INFO - Filling up the DagBag from /home/airflow/.local/lib/python3.12/site-packages/airflow/example_dags/tutorial_dag.py
[2024-11-18T03:07:56.791+0000] {processor.py:925} INFO - DAG(s) 'tutorial_dag' retrieved from /home/airflow/.local/lib/python3.12/site-packages/airflow/example_dags/tutorial_dag.py
[2024-11-18T03:07:56.832+0000] {logging_mixin.py:190} INFO - [2024-11-18T03:07:56.832+0000] {dag.py:3229} INFO - Sync 1 DAGs
[2024-11-18T03:07:56.865+0000] {logging_mixin.py:190} INFO - [2024-11-18T03:07:56.865+0000] {dag.py:4156} INFO - Setting next_dagrun for tutorial_dag to None, run_after=None
[2024-11-18T03:07:56.899+0000] {processor.py:208} INFO - Processing /home/airflow/.local/lib/python3.12/site-packages/airflow/example_dags/tutorial_dag.py took 0.151 seconds
[2024-11-18T03:08:27.056+0000] {processor.py:186} INFO - Started process (PID=1648) to work on /home/airflow/.local/lib/python3.12/site-packages/airflow/example_dags/tutorial_dag.py
[2024-11-18T03:08:27.056+0000] {processor.py:914} INFO - Processing file /home/airflow/.local/lib/python3.12/site-packages/airflow/example_dags/tutorial_dag.py for tasks to queue
[2024-11-18T03:08:27.067+0000] {logging_mixin.py:190} INFO - [2024-11-18T03:08:27.067+0000] {dagbag.py:587} INFO - Filling up the DagBag from /home/airflow/.local/lib/python3.12/site-packages/airflow/example_dags/tutorial_dag.py
[2024-11-18T03:08:27.100+0000] {processor.py:925} INFO - DAG(s) 'tutorial_dag' retrieved from /home/airflow/.local/lib/python3.12/site-packages/airflow/example_dags/tutorial_dag.py
[2024-11-18T03:08:27.171+0000] {logging_mixin.py:190} INFO - [2024-11-18T03:08:27.171+0000] {dag.py:3229} INFO - Sync 1 DAGs
[2024-11-18T03:08:27.229+0000] {logging_mixin.py:190} INFO - [2024-11-18T03:08:27.227+0000] {dag.py:4156} INFO - Setting next_dagrun for tutorial_dag to None, run_after=None
[2024-11-18T03:08:27.296+0000] {processor.py:208} INFO - Processing /home/airflow/.local/lib/python3.12/site-packages/airflow/example_dags/tutorial_dag.py took 0.272 seconds
[2024-11-18T03:08:57.502+0000] {processor.py:186} INFO - Started process (PID=1710) to work on /home/airflow/.local/lib/python3.12/site-packages/airflow/example_dags/tutorial_dag.py
[2024-11-18T03:08:57.508+0000] {processor.py:914} INFO - Processing file /home/airflow/.local/lib/python3.12/site-packages/airflow/example_dags/tutorial_dag.py for tasks to queue
[2024-11-18T03:08:57.516+0000] {logging_mixin.py:190} INFO - [2024-11-18T03:08:57.516+0000] {dagbag.py:587} INFO - Filling up the DagBag from /home/airflow/.local/lib/python3.12/site-packages/airflow/example_dags/tutorial_dag.py
[2024-11-18T03:08:57.547+0000] {processor.py:925} INFO - DAG(s) 'tutorial_dag' retrieved from /home/airflow/.local/lib/python3.12/site-packages/airflow/example_dags/tutorial_dag.py
[2024-11-18T03:08:57.615+0000] {logging_mixin.py:190} INFO - [2024-11-18T03:08:57.615+0000] {dag.py:3229} INFO - Sync 1 DAGs
[2024-11-18T03:08:57.678+0000] {logging_mixin.py:190} INFO - [2024-11-18T03:08:57.674+0000] {dag.py:4156} INFO - Setting next_dagrun for tutorial_dag to None, run_after=None
[2024-11-18T03:08:57.744+0000] {processor.py:208} INFO - Processing /home/airflow/.local/lib/python3.12/site-packages/airflow/example_dags/tutorial_dag.py took 0.270 seconds
[2024-11-18T03:09:28.085+0000] {processor.py:186} INFO - Started process (PID=1773) to work on /home/airflow/.local/lib/python3.12/site-packages/airflow/example_dags/tutorial_dag.py
[2024-11-18T03:09:28.090+0000] {processor.py:914} INFO - Processing file /home/airflow/.local/lib/python3.12/site-packages/airflow/example_dags/tutorial_dag.py for tasks to queue
[2024-11-18T03:09:28.094+0000] {logging_mixin.py:190} INFO - [2024-11-18T03:09:28.094+0000] {dagbag.py:587} INFO - Filling up the DagBag from /home/airflow/.local/lib/python3.12/site-packages/airflow/example_dags/tutorial_dag.py
[2024-11-18T03:09:28.111+0000] {processor.py:925} INFO - DAG(s) 'tutorial_dag' retrieved from /home/airflow/.local/lib/python3.12/site-packages/airflow/example_dags/tutorial_dag.py
[2024-11-18T03:09:28.149+0000] {logging_mixin.py:190} INFO - [2024-11-18T03:09:28.149+0000] {dag.py:3229} INFO - Sync 1 DAGs
[2024-11-18T03:09:28.178+0000] {logging_mixin.py:190} INFO - [2024-11-18T03:09:28.178+0000] {dag.py:4156} INFO - Setting next_dagrun for tutorial_dag to None, run_after=None
[2024-11-18T03:09:28.216+0000] {processor.py:208} INFO - Processing /home/airflow/.local/lib/python3.12/site-packages/airflow/example_dags/tutorial_dag.py took 0.143 seconds
[2024-11-18T03:09:59.302+0000] {processor.py:186} INFO - Started process (PID=1836) to work on /home/airflow/.local/lib/python3.12/site-packages/airflow/example_dags/tutorial_dag.py
[2024-11-18T03:09:59.308+0000] {processor.py:914} INFO - Processing file /home/airflow/.local/lib/python3.12/site-packages/airflow/example_dags/tutorial_dag.py for tasks to queue
[2024-11-18T03:09:59.314+0000] {logging_mixin.py:190} INFO - [2024-11-18T03:09:59.312+0000] {dagbag.py:587} INFO - Filling up the DagBag from /home/airflow/.local/lib/python3.12/site-packages/airflow/example_dags/tutorial_dag.py
[2024-11-18T03:09:59.331+0000] {processor.py:925} INFO - DAG(s) 'tutorial_dag' retrieved from /home/airflow/.local/lib/python3.12/site-packages/airflow/example_dags/tutorial_dag.py
[2024-11-18T03:09:59.371+0000] {logging_mixin.py:190} INFO - [2024-11-18T03:09:59.370+0000] {dag.py:3229} INFO - Sync 1 DAGs
[2024-11-18T03:09:59.400+0000] {logging_mixin.py:190} INFO - [2024-11-18T03:09:59.398+0000] {dag.py:4156} INFO - Setting next_dagrun for tutorial_dag to None, run_after=None
[2024-11-18T03:09:59.436+0000] {processor.py:208} INFO - Processing /home/airflow/.local/lib/python3.12/site-packages/airflow/example_dags/tutorial_dag.py took 0.150 seconds
[2024-11-18T03:10:30.044+0000] {processor.py:186} INFO - Started process (PID=1898) to work on /home/airflow/.local/lib/python3.12/site-packages/airflow/example_dags/tutorial_dag.py
[2024-11-18T03:10:30.047+0000] {processor.py:914} INFO - Processing file /home/airflow/.local/lib/python3.12/site-packages/airflow/example_dags/tutorial_dag.py for tasks to queue
[2024-11-18T03:10:30.056+0000] {logging_mixin.py:190} INFO - [2024-11-18T03:10:30.056+0000] {dagbag.py:587} INFO - Filling up the DagBag from /home/airflow/.local/lib/python3.12/site-packages/airflow/example_dags/tutorial_dag.py
[2024-11-18T03:10:30.080+0000] {processor.py:925} INFO - DAG(s) 'tutorial_dag' retrieved from /home/airflow/.local/lib/python3.12/site-packages/airflow/example_dags/tutorial_dag.py
[2024-11-18T03:10:30.142+0000] {logging_mixin.py:190} INFO - [2024-11-18T03:10:30.142+0000] {dag.py:3229} INFO - Sync 1 DAGs
[2024-11-18T03:10:30.203+0000] {logging_mixin.py:190} INFO - [2024-11-18T03:10:30.203+0000] {dag.py:4156} INFO - Setting next_dagrun for tutorial_dag to None, run_after=None
[2024-11-18T03:10:30.272+0000] {processor.py:208} INFO - Processing /home/airflow/.local/lib/python3.12/site-packages/airflow/example_dags/tutorial_dag.py took 0.252 seconds
[2024-11-18T03:11:01.538+0000] {processor.py:186} INFO - Started process (PID=1960) to work on /home/airflow/.local/lib/python3.12/site-packages/airflow/example_dags/tutorial_dag.py
[2024-11-18T03:11:01.544+0000] {processor.py:914} INFO - Processing file /home/airflow/.local/lib/python3.12/site-packages/airflow/example_dags/tutorial_dag.py for tasks to queue
[2024-11-18T03:11:01.552+0000] {logging_mixin.py:190} INFO - [2024-11-18T03:11:01.552+0000] {dagbag.py:587} INFO - Filling up the DagBag from /home/airflow/.local/lib/python3.12/site-packages/airflow/example_dags/tutorial_dag.py
[2024-11-18T03:11:01.589+0000] {processor.py:925} INFO - DAG(s) 'tutorial_dag' retrieved from /home/airflow/.local/lib/python3.12/site-packages/airflow/example_dags/tutorial_dag.py
[2024-11-18T03:11:01.641+0000] {logging_mixin.py:190} INFO - [2024-11-18T03:11:01.635+0000] {dag.py:3229} INFO - Sync 1 DAGs
[2024-11-18T03:11:01.752+0000] {logging_mixin.py:190} INFO - [2024-11-18T03:11:01.750+0000] {dag.py:4156} INFO - Setting next_dagrun for tutorial_dag to None, run_after=None
[2024-11-18T03:11:01.993+0000] {processor.py:208} INFO - Processing /home/airflow/.local/lib/python3.12/site-packages/airflow/example_dags/tutorial_dag.py took 0.482 seconds
[2024-11-18T03:11:33.910+0000] {processor.py:186} INFO - Started process (PID=2022) to work on /home/airflow/.local/lib/python3.12/site-packages/airflow/example_dags/tutorial_dag.py
[2024-11-18T03:11:33.924+0000] {processor.py:914} INFO - Processing file /home/airflow/.local/lib/python3.12/site-packages/airflow/example_dags/tutorial_dag.py for tasks to queue
[2024-11-18T03:11:33.949+0000] {logging_mixin.py:190} INFO - [2024-11-18T03:11:33.942+0000] {dagbag.py:587} INFO - Filling up the DagBag from /home/airflow/.local/lib/python3.12/site-packages/airflow/example_dags/tutorial_dag.py
[2024-11-18T03:11:34.002+0000] {processor.py:925} INFO - DAG(s) 'tutorial_dag' retrieved from /home/airflow/.local/lib/python3.12/site-packages/airflow/example_dags/tutorial_dag.py
[2024-11-18T03:11:34.136+0000] {logging_mixin.py:190} INFO - [2024-11-18T03:11:34.136+0000] {dag.py:3229} INFO - Sync 1 DAGs
[2024-11-18T03:11:34.189+0000] {logging_mixin.py:190} INFO - [2024-11-18T03:11:34.187+0000] {dag.py:4156} INFO - Setting next_dagrun for tutorial_dag to None, run_after=None
[2024-11-18T03:11:34.249+0000] {processor.py:208} INFO - Processing /home/airflow/.local/lib/python3.12/site-packages/airflow/example_dags/tutorial_dag.py took 0.428 seconds
[2024-11-18T03:12:05.010+0000] {processor.py:186} INFO - Started process (PID=2083) to work on /home/airflow/.local/lib/python3.12/site-packages/airflow/example_dags/tutorial_dag.py
[2024-11-18T03:12:05.040+0000] {processor.py:914} INFO - Processing file /home/airflow/.local/lib/python3.12/site-packages/airflow/example_dags/tutorial_dag.py for tasks to queue
[2024-11-18T03:12:05.066+0000] {logging_mixin.py:190} INFO - [2024-11-18T03:12:05.066+0000] {dagbag.py:587} INFO - Filling up the DagBag from /home/airflow/.local/lib/python3.12/site-packages/airflow/example_dags/tutorial_dag.py
[2024-11-18T03:12:05.214+0000] {processor.py:925} INFO - DAG(s) 'tutorial_dag' retrieved from /home/airflow/.local/lib/python3.12/site-packages/airflow/example_dags/tutorial_dag.py
[2024-11-18T03:12:05.374+0000] {logging_mixin.py:190} INFO - [2024-11-18T03:12:05.374+0000] {dag.py:3229} INFO - Sync 1 DAGs
[2024-11-18T03:12:05.461+0000] {logging_mixin.py:190} INFO - [2024-11-18T03:12:05.461+0000] {dag.py:4156} INFO - Setting next_dagrun for tutorial_dag to None, run_after=None
[2024-11-18T03:12:05.669+0000] {processor.py:208} INFO - Processing /home/airflow/.local/lib/python3.12/site-packages/airflow/example_dags/tutorial_dag.py took 0.679 seconds
[2024-11-18T03:12:36.309+0000] {processor.py:186} INFO - Started process (PID=2146) to work on /home/airflow/.local/lib/python3.12/site-packages/airflow/example_dags/tutorial_dag.py
[2024-11-18T03:12:36.312+0000] {processor.py:914} INFO - Processing file /home/airflow/.local/lib/python3.12/site-packages/airflow/example_dags/tutorial_dag.py for tasks to queue
[2024-11-18T03:12:36.317+0000] {logging_mixin.py:190} INFO - [2024-11-18T03:12:36.317+0000] {dagbag.py:587} INFO - Filling up the DagBag from /home/airflow/.local/lib/python3.12/site-packages/airflow/example_dags/tutorial_dag.py
[2024-11-18T03:12:36.331+0000] {processor.py:925} INFO - DAG(s) 'tutorial_dag' retrieved from /home/airflow/.local/lib/python3.12/site-packages/airflow/example_dags/tutorial_dag.py
[2024-11-18T03:12:36.357+0000] {logging_mixin.py:190} INFO - [2024-11-18T03:12:36.356+0000] {dag.py:3229} INFO - Sync 1 DAGs
[2024-11-18T03:12:36.430+0000] {logging_mixin.py:190} INFO - [2024-11-18T03:12:36.430+0000] {dag.py:4156} INFO - Setting next_dagrun for tutorial_dag to None, run_after=None
[2024-11-18T03:12:36.473+0000] {processor.py:208} INFO - Processing /home/airflow/.local/lib/python3.12/site-packages/airflow/example_dags/tutorial_dag.py took 0.177 seconds
[2024-11-18T03:13:08.114+0000] {processor.py:186} INFO - Started process (PID=2208) to work on /home/airflow/.local/lib/python3.12/site-packages/airflow/example_dags/tutorial_dag.py
[2024-11-18T03:13:08.121+0000] {processor.py:914} INFO - Processing file /home/airflow/.local/lib/python3.12/site-packages/airflow/example_dags/tutorial_dag.py for tasks to queue
[2024-11-18T03:13:08.154+0000] {logging_mixin.py:190} INFO - [2024-11-18T03:13:08.142+0000] {dagbag.py:587} INFO - Filling up the DagBag from /home/airflow/.local/lib/python3.12/site-packages/airflow/example_dags/tutorial_dag.py
[2024-11-18T03:13:08.222+0000] {processor.py:925} INFO - DAG(s) 'tutorial_dag' retrieved from /home/airflow/.local/lib/python3.12/site-packages/airflow/example_dags/tutorial_dag.py
[2024-11-18T03:13:08.373+0000] {logging_mixin.py:190} INFO - [2024-11-18T03:13:08.369+0000] {dag.py:3229} INFO - Sync 1 DAGs
[2024-11-18T03:13:08.558+0000] {logging_mixin.py:190} INFO - [2024-11-18T03:13:08.549+0000] {dag.py:4156} INFO - Setting next_dagrun for tutorial_dag to None, run_after=None
[2024-11-18T03:13:08.735+0000] {processor.py:208} INFO - Processing /home/airflow/.local/lib/python3.12/site-packages/airflow/example_dags/tutorial_dag.py took 0.657 seconds
[2024-11-18T03:13:40.426+0000] {processor.py:186} INFO - Started process (PID=2270) to work on /home/airflow/.local/lib/python3.12/site-packages/airflow/example_dags/tutorial_dag.py
[2024-11-18T03:13:40.451+0000] {processor.py:914} INFO - Processing file /home/airflow/.local/lib/python3.12/site-packages/airflow/example_dags/tutorial_dag.py for tasks to queue
[2024-11-18T03:13:40.462+0000] {logging_mixin.py:190} INFO - [2024-11-18T03:13:40.462+0000] {dagbag.py:587} INFO - Filling up the DagBag from /home/airflow/.local/lib/python3.12/site-packages/airflow/example_dags/tutorial_dag.py
[2024-11-18T03:13:40.482+0000] {processor.py:925} INFO - DAG(s) 'tutorial_dag' retrieved from /home/airflow/.local/lib/python3.12/site-packages/airflow/example_dags/tutorial_dag.py
[2024-11-18T03:13:40.536+0000] {logging_mixin.py:190} INFO - [2024-11-18T03:13:40.536+0000] {dag.py:3229} INFO - Sync 1 DAGs
[2024-11-18T03:13:40.639+0000] {logging_mixin.py:190} INFO - [2024-11-18T03:13:40.636+0000] {dag.py:4156} INFO - Setting next_dagrun for tutorial_dag to None, run_after=None
[2024-11-18T03:13:40.696+0000] {processor.py:208} INFO - Processing /home/airflow/.local/lib/python3.12/site-packages/airflow/example_dags/tutorial_dag.py took 0.293 seconds
[2024-11-18T03:14:16.197+0000] {processor.py:186} INFO - Started process (PID=2332) to work on /home/airflow/.local/lib/python3.12/site-packages/airflow/example_dags/tutorial_dag.py
[2024-11-18T03:14:16.256+0000] {processor.py:914} INFO - Processing file /home/airflow/.local/lib/python3.12/site-packages/airflow/example_dags/tutorial_dag.py for tasks to queue
[2024-11-18T03:14:16.292+0000] {logging_mixin.py:190} INFO - [2024-11-18T03:14:16.281+0000] {dagbag.py:587} INFO - Filling up the DagBag from /home/airflow/.local/lib/python3.12/site-packages/airflow/example_dags/tutorial_dag.py
[2024-11-18T03:14:16.435+0000] {processor.py:925} INFO - DAG(s) 'tutorial_dag' retrieved from /home/airflow/.local/lib/python3.12/site-packages/airflow/example_dags/tutorial_dag.py
[2024-11-18T03:14:16.582+0000] {logging_mixin.py:190} INFO - [2024-11-18T03:14:16.579+0000] {dag.py:3229} INFO - Sync 1 DAGs
[2024-11-18T03:14:16.648+0000] {logging_mixin.py:190} INFO - [2024-11-18T03:14:16.647+0000] {dag.py:4156} INFO - Setting next_dagrun for tutorial_dag to None, run_after=None
[2024-11-18T03:14:16.713+0000] {processor.py:208} INFO - Processing /home/airflow/.local/lib/python3.12/site-packages/airflow/example_dags/tutorial_dag.py took 0.539 seconds
[2024-11-18T03:14:48.690+0000] {processor.py:186} INFO - Started process (PID=2394) to work on /home/airflow/.local/lib/python3.12/site-packages/airflow/example_dags/tutorial_dag.py
[2024-11-18T03:14:48.690+0000] {processor.py:914} INFO - Processing file /home/airflow/.local/lib/python3.12/site-packages/airflow/example_dags/tutorial_dag.py for tasks to queue
[2024-11-18T03:14:48.730+0000] {logging_mixin.py:190} INFO - [2024-11-18T03:14:48.728+0000] {dagbag.py:587} INFO - Filling up the DagBag from /home/airflow/.local/lib/python3.12/site-packages/airflow/example_dags/tutorial_dag.py
[2024-11-18T03:14:48.781+0000] {processor.py:925} INFO - DAG(s) 'tutorial_dag' retrieved from /home/airflow/.local/lib/python3.12/site-packages/airflow/example_dags/tutorial_dag.py
[2024-11-18T03:14:48.943+0000] {logging_mixin.py:190} INFO - [2024-11-18T03:14:48.943+0000] {dag.py:3229} INFO - Sync 1 DAGs
[2024-11-18T03:14:49.079+0000] {logging_mixin.py:190} INFO - [2024-11-18T03:14:49.078+0000] {dag.py:4156} INFO - Setting next_dagrun for tutorial_dag to None, run_after=None
[2024-11-18T03:14:49.103+0000] {processor.py:208} INFO - Processing /home/airflow/.local/lib/python3.12/site-packages/airflow/example_dags/tutorial_dag.py took 0.458 seconds
[2024-11-18T03:15:19.384+0000] {processor.py:186} INFO - Started process (PID=2455) to work on /home/airflow/.local/lib/python3.12/site-packages/airflow/example_dags/tutorial_dag.py
[2024-11-18T03:15:19.387+0000] {processor.py:914} INFO - Processing file /home/airflow/.local/lib/python3.12/site-packages/airflow/example_dags/tutorial_dag.py for tasks to queue
[2024-11-18T03:15:19.392+0000] {logging_mixin.py:190} INFO - [2024-11-18T03:15:19.392+0000] {dagbag.py:587} INFO - Filling up the DagBag from /home/airflow/.local/lib/python3.12/site-packages/airflow/example_dags/tutorial_dag.py
[2024-11-18T03:15:19.414+0000] {processor.py:925} INFO - DAG(s) 'tutorial_dag' retrieved from /home/airflow/.local/lib/python3.12/site-packages/airflow/example_dags/tutorial_dag.py
[2024-11-18T03:15:19.485+0000] {logging_mixin.py:190} INFO - [2024-11-18T03:15:19.475+0000] {dag.py:3229} INFO - Sync 1 DAGs
[2024-11-18T03:15:19.570+0000] {logging_mixin.py:190} INFO - [2024-11-18T03:15:19.561+0000] {dag.py:4156} INFO - Setting next_dagrun for tutorial_dag to None, run_after=None
[2024-11-18T03:15:19.694+0000] {processor.py:208} INFO - Processing /home/airflow/.local/lib/python3.12/site-packages/airflow/example_dags/tutorial_dag.py took 0.328 seconds
[2024-11-18T03:15:50.461+0000] {processor.py:186} INFO - Started process (PID=2516) to work on /home/airflow/.local/lib/python3.12/site-packages/airflow/example_dags/tutorial_dag.py
[2024-11-18T03:15:50.464+0000] {processor.py:914} INFO - Processing file /home/airflow/.local/lib/python3.12/site-packages/airflow/example_dags/tutorial_dag.py for tasks to queue
[2024-11-18T03:15:50.478+0000] {logging_mixin.py:190} INFO - [2024-11-18T03:15:50.478+0000] {dagbag.py:587} INFO - Filling up the DagBag from /home/airflow/.local/lib/python3.12/site-packages/airflow/example_dags/tutorial_dag.py
[2024-11-18T03:15:50.501+0000] {processor.py:925} INFO - DAG(s) 'tutorial_dag' retrieved from /home/airflow/.local/lib/python3.12/site-packages/airflow/example_dags/tutorial_dag.py
[2024-11-18T03:15:50.598+0000] {logging_mixin.py:190} INFO - [2024-11-18T03:15:50.598+0000] {dag.py:3229} INFO - Sync 1 DAGs
[2024-11-18T03:15:50.685+0000] {logging_mixin.py:190} INFO - [2024-11-18T03:15:50.684+0000] {dag.py:4156} INFO - Setting next_dagrun for tutorial_dag to None, run_after=None
[2024-11-18T03:15:50.741+0000] {processor.py:208} INFO - Processing /home/airflow/.local/lib/python3.12/site-packages/airflow/example_dags/tutorial_dag.py took 0.300 seconds
[2024-11-18T03:16:21.485+0000] {processor.py:186} INFO - Started process (PID=2578) to work on /home/airflow/.local/lib/python3.12/site-packages/airflow/example_dags/tutorial_dag.py
[2024-11-18T03:16:21.487+0000] {processor.py:914} INFO - Processing file /home/airflow/.local/lib/python3.12/site-packages/airflow/example_dags/tutorial_dag.py for tasks to queue
[2024-11-18T03:16:21.491+0000] {logging_mixin.py:190} INFO - [2024-11-18T03:16:21.490+0000] {dagbag.py:587} INFO - Filling up the DagBag from /home/airflow/.local/lib/python3.12/site-packages/airflow/example_dags/tutorial_dag.py
[2024-11-18T03:16:21.501+0000] {processor.py:925} INFO - DAG(s) 'tutorial_dag' retrieved from /home/airflow/.local/lib/python3.12/site-packages/airflow/example_dags/tutorial_dag.py
[2024-11-18T03:16:21.525+0000] {logging_mixin.py:190} INFO - [2024-11-18T03:16:21.525+0000] {dag.py:3229} INFO - Sync 1 DAGs
[2024-11-18T03:16:21.541+0000] {logging_mixin.py:190} INFO - [2024-11-18T03:16:21.541+0000] {dag.py:4156} INFO - Setting next_dagrun for tutorial_dag to None, run_after=None
[2024-11-18T03:16:21.561+0000] {processor.py:208} INFO - Processing /home/airflow/.local/lib/python3.12/site-packages/airflow/example_dags/tutorial_dag.py took 0.083 seconds
[2024-11-18T03:16:55.117+0000] {processor.py:186} INFO - Started process (PID=2639) to work on /home/airflow/.local/lib/python3.12/site-packages/airflow/example_dags/tutorial_dag.py
[2024-11-18T03:16:55.120+0000] {processor.py:914} INFO - Processing file /home/airflow/.local/lib/python3.12/site-packages/airflow/example_dags/tutorial_dag.py for tasks to queue
[2024-11-18T03:16:55.125+0000] {logging_mixin.py:190} INFO - [2024-11-18T03:16:55.125+0000] {dagbag.py:587} INFO - Filling up the DagBag from /home/airflow/.local/lib/python3.12/site-packages/airflow/example_dags/tutorial_dag.py
[2024-11-18T03:16:55.147+0000] {processor.py:925} INFO - DAG(s) 'tutorial_dag' retrieved from /home/airflow/.local/lib/python3.12/site-packages/airflow/example_dags/tutorial_dag.py
[2024-11-18T03:16:55.313+0000] {logging_mixin.py:190} INFO - [2024-11-18T03:16:55.313+0000] {dag.py:3229} INFO - Sync 1 DAGs
[2024-11-18T03:16:55.375+0000] {logging_mixin.py:190} INFO - [2024-11-18T03:16:55.373+0000] {dag.py:4156} INFO - Setting next_dagrun for tutorial_dag to None, run_after=None
[2024-11-18T03:16:55.445+0000] {processor.py:208} INFO - Processing /home/airflow/.local/lib/python3.12/site-packages/airflow/example_dags/tutorial_dag.py took 0.366 seconds
