[2024-11-18T02:55:42.670+0000] {processor.py:186} INFO - Started process (PID=100) to work on /home/airflow/.local/lib/python3.12/site-packages/airflow/example_dags/tutorial.py
[2024-11-18T02:55:42.676+0000] {processor.py:914} INFO - Processing file /home/airflow/.local/lib/python3.12/site-packages/airflow/example_dags/tutorial.py for tasks to queue
[2024-11-18T02:55:42.694+0000] {logging_mixin.py:190} INFO - [2024-11-18T02:55:42.689+0000] {dagbag.py:587} INFO - Filling up the DagBag from /home/airflow/.local/lib/python3.12/site-packages/airflow/example_dags/tutorial.py
[2024-11-18T02:55:42.732+0000] {processor.py:925} INFO - DAG(s) 'tutorial' retrieved from /home/airflow/.local/lib/python3.12/site-packages/airflow/example_dags/tutorial.py
[2024-11-18T02:55:42.853+0000] {logging_mixin.py:190} INFO - [2024-11-18T02:55:42.853+0000] {dag.py:3229} INFO - Sync 1 DAGs
[2024-11-18T02:55:43.003+0000] {logging_mixin.py:190} INFO - [2024-11-18T02:55:43.002+0000] {dag.py:4156} INFO - Setting next_dagrun for tutorial to 2024-11-17 00:00:00+00:00, run_after=2024-11-18 00:00:00+00:00
[2024-11-18T02:55:43.155+0000] {processor.py:208} INFO - Processing /home/airflow/.local/lib/python3.12/site-packages/airflow/example_dags/tutorial.py took 0.522 seconds
[2024-11-18T02:56:13.987+0000] {processor.py:186} INFO - Started process (PID=162) to work on /home/airflow/.local/lib/python3.12/site-packages/airflow/example_dags/tutorial.py
[2024-11-18T02:56:13.995+0000] {processor.py:914} INFO - Processing file /home/airflow/.local/lib/python3.12/site-packages/airflow/example_dags/tutorial.py for tasks to queue
[2024-11-18T02:56:14.013+0000] {logging_mixin.py:190} INFO - [2024-11-18T02:56:14.012+0000] {dagbag.py:587} INFO - Filling up the DagBag from /home/airflow/.local/lib/python3.12/site-packages/airflow/example_dags/tutorial.py
[2024-11-18T02:56:14.068+0000] {processor.py:925} INFO - DAG(s) 'tutorial' retrieved from /home/airflow/.local/lib/python3.12/site-packages/airflow/example_dags/tutorial.py
[2024-11-18T02:56:14.187+0000] {logging_mixin.py:190} INFO - [2024-11-18T02:56:14.187+0000] {dag.py:3229} INFO - Sync 1 DAGs
[2024-11-18T02:56:14.337+0000] {logging_mixin.py:190} INFO - [2024-11-18T02:56:14.337+0000] {dag.py:4156} INFO - Setting next_dagrun for tutorial to 2024-11-17 00:00:00+00:00, run_after=2024-11-18 00:00:00+00:00
[2024-11-18T02:56:14.479+0000] {processor.py:208} INFO - Processing /home/airflow/.local/lib/python3.12/site-packages/airflow/example_dags/tutorial.py took 0.531 seconds
[2024-11-18T02:56:44.971+0000] {processor.py:186} INFO - Started process (PID=224) to work on /home/airflow/.local/lib/python3.12/site-packages/airflow/example_dags/tutorial.py
[2024-11-18T02:56:44.973+0000] {processor.py:914} INFO - Processing file /home/airflow/.local/lib/python3.12/site-packages/airflow/example_dags/tutorial.py for tasks to queue
[2024-11-18T02:56:44.975+0000] {logging_mixin.py:190} INFO - [2024-11-18T02:56:44.975+0000] {dagbag.py:587} INFO - Filling up the DagBag from /home/airflow/.local/lib/python3.12/site-packages/airflow/example_dags/tutorial.py
[2024-11-18T02:56:44.984+0000] {processor.py:925} INFO - DAG(s) 'tutorial' retrieved from /home/airflow/.local/lib/python3.12/site-packages/airflow/example_dags/tutorial.py
[2024-11-18T02:56:45.004+0000] {logging_mixin.py:190} INFO - [2024-11-18T02:56:45.004+0000] {dag.py:3229} INFO - Sync 1 DAGs
[2024-11-18T02:56:45.028+0000] {logging_mixin.py:190} INFO - [2024-11-18T02:56:45.028+0000] {dag.py:4156} INFO - Setting next_dagrun for tutorial to 2024-11-17 00:00:00+00:00, run_after=2024-11-18 00:00:00+00:00
[2024-11-18T02:56:45.045+0000] {processor.py:208} INFO - Processing /home/airflow/.local/lib/python3.12/site-packages/airflow/example_dags/tutorial.py took 0.082 seconds
[2024-11-18T02:57:15.432+0000] {processor.py:186} INFO - Started process (PID=285) to work on /home/airflow/.local/lib/python3.12/site-packages/airflow/example_dags/tutorial.py
[2024-11-18T02:57:15.435+0000] {processor.py:914} INFO - Processing file /home/airflow/.local/lib/python3.12/site-packages/airflow/example_dags/tutorial.py for tasks to queue
[2024-11-18T02:57:15.440+0000] {logging_mixin.py:190} INFO - [2024-11-18T02:57:15.437+0000] {dagbag.py:587} INFO - Filling up the DagBag from /home/airflow/.local/lib/python3.12/site-packages/airflow/example_dags/tutorial.py
[2024-11-18T02:57:15.458+0000] {processor.py:925} INFO - DAG(s) 'tutorial' retrieved from /home/airflow/.local/lib/python3.12/site-packages/airflow/example_dags/tutorial.py
[2024-11-18T02:57:15.495+0000] {logging_mixin.py:190} INFO - [2024-11-18T02:57:15.494+0000] {dag.py:3229} INFO - Sync 1 DAGs
[2024-11-18T02:57:15.540+0000] {logging_mixin.py:190} INFO - [2024-11-18T02:57:15.539+0000] {dag.py:4156} INFO - Setting next_dagrun for tutorial to 2024-11-17 00:00:00+00:00, run_after=2024-11-18 00:00:00+00:00
[2024-11-18T02:57:15.572+0000] {processor.py:208} INFO - Processing /home/airflow/.local/lib/python3.12/site-packages/airflow/example_dags/tutorial.py took 0.153 seconds
[2024-11-18T02:57:45.655+0000] {processor.py:186} INFO - Started process (PID=347) to work on /home/airflow/.local/lib/python3.12/site-packages/airflow/example_dags/tutorial.py
[2024-11-18T02:57:45.659+0000] {processor.py:914} INFO - Processing file /home/airflow/.local/lib/python3.12/site-packages/airflow/example_dags/tutorial.py for tasks to queue
[2024-11-18T02:57:45.663+0000] {logging_mixin.py:190} INFO - [2024-11-18T02:57:45.663+0000] {dagbag.py:587} INFO - Filling up the DagBag from /home/airflow/.local/lib/python3.12/site-packages/airflow/example_dags/tutorial.py
[2024-11-18T02:57:45.678+0000] {processor.py:925} INFO - DAG(s) 'tutorial' retrieved from /home/airflow/.local/lib/python3.12/site-packages/airflow/example_dags/tutorial.py
[2024-11-18T02:57:45.714+0000] {logging_mixin.py:190} INFO - [2024-11-18T02:57:45.714+0000] {dag.py:3229} INFO - Sync 1 DAGs
[2024-11-18T02:57:45.768+0000] {logging_mixin.py:190} INFO - [2024-11-18T02:57:45.768+0000] {dag.py:4156} INFO - Setting next_dagrun for tutorial to 2024-11-17 00:00:00+00:00, run_after=2024-11-18 00:00:00+00:00
[2024-11-18T02:57:45.806+0000] {processor.py:208} INFO - Processing /home/airflow/.local/lib/python3.12/site-packages/airflow/example_dags/tutorial.py took 0.164 seconds
[2024-11-18T02:58:15.863+0000] {processor.py:186} INFO - Started process (PID=409) to work on /home/airflow/.local/lib/python3.12/site-packages/airflow/example_dags/tutorial.py
[2024-11-18T02:58:15.863+0000] {processor.py:914} INFO - Processing file /home/airflow/.local/lib/python3.12/site-packages/airflow/example_dags/tutorial.py for tasks to queue
[2024-11-18T02:58:15.871+0000] {logging_mixin.py:190} INFO - [2024-11-18T02:58:15.870+0000] {dagbag.py:587} INFO - Filling up the DagBag from /home/airflow/.local/lib/python3.12/site-packages/airflow/example_dags/tutorial.py
[2024-11-18T02:58:15.885+0000] {processor.py:925} INFO - DAG(s) 'tutorial' retrieved from /home/airflow/.local/lib/python3.12/site-packages/airflow/example_dags/tutorial.py
[2024-11-18T02:58:15.924+0000] {logging_mixin.py:190} INFO - [2024-11-18T02:58:15.924+0000] {dag.py:3229} INFO - Sync 1 DAGs
[2024-11-18T02:58:15.972+0000] {logging_mixin.py:190} INFO - [2024-11-18T02:58:15.972+0000] {dag.py:4156} INFO - Setting next_dagrun for tutorial to 2024-11-17 00:00:00+00:00, run_after=2024-11-18 00:00:00+00:00
[2024-11-18T02:58:16.009+0000] {processor.py:208} INFO - Processing /home/airflow/.local/lib/python3.12/site-packages/airflow/example_dags/tutorial.py took 0.158 seconds
[2024-11-18T02:58:47.122+0000] {processor.py:186} INFO - Started process (PID=472) to work on /home/airflow/.local/lib/python3.12/site-packages/airflow/example_dags/tutorial.py
[2024-11-18T02:58:47.128+0000] {processor.py:914} INFO - Processing file /home/airflow/.local/lib/python3.12/site-packages/airflow/example_dags/tutorial.py for tasks to queue
[2024-11-18T02:58:47.133+0000] {logging_mixin.py:190} INFO - [2024-11-18T02:58:47.133+0000] {dagbag.py:587} INFO - Filling up the DagBag from /home/airflow/.local/lib/python3.12/site-packages/airflow/example_dags/tutorial.py
[2024-11-18T02:58:47.158+0000] {processor.py:925} INFO - DAG(s) 'tutorial' retrieved from /home/airflow/.local/lib/python3.12/site-packages/airflow/example_dags/tutorial.py
[2024-11-18T02:58:47.216+0000] {logging_mixin.py:190} INFO - [2024-11-18T02:58:47.216+0000] {dag.py:3229} INFO - Sync 1 DAGs
[2024-11-18T02:58:47.293+0000] {logging_mixin.py:190} INFO - [2024-11-18T02:58:47.293+0000] {dag.py:4156} INFO - Setting next_dagrun for tutorial to 2024-11-17 00:00:00+00:00, run_after=2024-11-18 00:00:00+00:00
[2024-11-18T02:58:47.341+0000] {processor.py:208} INFO - Processing /home/airflow/.local/lib/python3.12/site-packages/airflow/example_dags/tutorial.py took 0.236 seconds
[2024-11-18T02:59:17.800+0000] {processor.py:186} INFO - Started process (PID=534) to work on /home/airflow/.local/lib/python3.12/site-packages/airflow/example_dags/tutorial.py
[2024-11-18T02:59:17.801+0000] {processor.py:914} INFO - Processing file /home/airflow/.local/lib/python3.12/site-packages/airflow/example_dags/tutorial.py for tasks to queue
[2024-11-18T02:59:17.803+0000] {logging_mixin.py:190} INFO - [2024-11-18T02:59:17.803+0000] {dagbag.py:587} INFO - Filling up the DagBag from /home/airflow/.local/lib/python3.12/site-packages/airflow/example_dags/tutorial.py
[2024-11-18T02:59:17.811+0000] {processor.py:925} INFO - DAG(s) 'tutorial' retrieved from /home/airflow/.local/lib/python3.12/site-packages/airflow/example_dags/tutorial.py
[2024-11-18T02:59:17.831+0000] {logging_mixin.py:190} INFO - [2024-11-18T02:59:17.831+0000] {dag.py:3229} INFO - Sync 1 DAGs
[2024-11-18T02:59:17.854+0000] {logging_mixin.py:190} INFO - [2024-11-18T02:59:17.854+0000] {dag.py:4156} INFO - Setting next_dagrun for tutorial to 2024-11-17 00:00:00+00:00, run_after=2024-11-18 00:00:00+00:00
[2024-11-18T02:59:17.870+0000] {processor.py:208} INFO - Processing /home/airflow/.local/lib/python3.12/site-packages/airflow/example_dags/tutorial.py took 0.075 seconds
[2024-11-18T02:59:48.904+0000] {processor.py:186} INFO - Started process (PID=595) to work on /home/airflow/.local/lib/python3.12/site-packages/airflow/example_dags/tutorial.py
[2024-11-18T02:59:48.905+0000] {processor.py:914} INFO - Processing file /home/airflow/.local/lib/python3.12/site-packages/airflow/example_dags/tutorial.py for tasks to queue
[2024-11-18T02:59:48.909+0000] {logging_mixin.py:190} INFO - [2024-11-18T02:59:48.909+0000] {dagbag.py:587} INFO - Filling up the DagBag from /home/airflow/.local/lib/python3.12/site-packages/airflow/example_dags/tutorial.py
[2024-11-18T02:59:48.926+0000] {processor.py:925} INFO - DAG(s) 'tutorial' retrieved from /home/airflow/.local/lib/python3.12/site-packages/airflow/example_dags/tutorial.py
[2024-11-18T02:59:48.962+0000] {logging_mixin.py:190} INFO - [2024-11-18T02:59:48.962+0000] {dag.py:3229} INFO - Sync 1 DAGs
[2024-11-18T02:59:49.017+0000] {logging_mixin.py:190} INFO - [2024-11-18T02:59:49.017+0000] {dag.py:4156} INFO - Setting next_dagrun for tutorial to 2024-11-17 00:00:00+00:00, run_after=2024-11-18 00:00:00+00:00
[2024-11-18T02:59:49.061+0000] {processor.py:208} INFO - Processing /home/airflow/.local/lib/python3.12/site-packages/airflow/example_dags/tutorial.py took 0.169 seconds
[2024-11-18T03:00:19.860+0000] {processor.py:186} INFO - Started process (PID=663) to work on /home/airflow/.local/lib/python3.12/site-packages/airflow/example_dags/tutorial.py
[2024-11-18T03:00:19.860+0000] {processor.py:914} INFO - Processing file /home/airflow/.local/lib/python3.12/site-packages/airflow/example_dags/tutorial.py for tasks to queue
[2024-11-18T03:00:19.866+0000] {logging_mixin.py:190} INFO - [2024-11-18T03:00:19.864+0000] {dagbag.py:587} INFO - Filling up the DagBag from /home/airflow/.local/lib/python3.12/site-packages/airflow/example_dags/tutorial.py
[2024-11-18T03:00:19.893+0000] {processor.py:925} INFO - DAG(s) 'tutorial' retrieved from /home/airflow/.local/lib/python3.12/site-packages/airflow/example_dags/tutorial.py
[2024-11-18T03:00:19.932+0000] {logging_mixin.py:190} INFO - [2024-11-18T03:00:19.931+0000] {dag.py:3229} INFO - Sync 1 DAGs
[2024-11-18T03:00:19.981+0000] {logging_mixin.py:190} INFO - [2024-11-18T03:00:19.981+0000] {dag.py:4156} INFO - Setting next_dagrun for tutorial to 2024-11-17 00:00:00+00:00, run_after=2024-11-18 00:00:00+00:00
[2024-11-18T03:00:20.018+0000] {processor.py:208} INFO - Processing /home/airflow/.local/lib/python3.12/site-packages/airflow/example_dags/tutorial.py took 0.170 seconds
[2024-11-18T03:00:50.731+0000] {processor.py:186} INFO - Started process (PID=726) to work on /home/airflow/.local/lib/python3.12/site-packages/airflow/example_dags/tutorial.py
[2024-11-18T03:00:50.733+0000] {processor.py:914} INFO - Processing file /home/airflow/.local/lib/python3.12/site-packages/airflow/example_dags/tutorial.py for tasks to queue
[2024-11-18T03:00:50.735+0000] {logging_mixin.py:190} INFO - [2024-11-18T03:00:50.734+0000] {dagbag.py:587} INFO - Filling up the DagBag from /home/airflow/.local/lib/python3.12/site-packages/airflow/example_dags/tutorial.py
[2024-11-18T03:00:50.743+0000] {processor.py:925} INFO - DAG(s) 'tutorial' retrieved from /home/airflow/.local/lib/python3.12/site-packages/airflow/example_dags/tutorial.py
[2024-11-18T03:00:50.762+0000] {logging_mixin.py:190} INFO - [2024-11-18T03:00:50.762+0000] {dag.py:3229} INFO - Sync 1 DAGs
[2024-11-18T03:00:50.784+0000] {logging_mixin.py:190} INFO - [2024-11-18T03:00:50.784+0000] {dag.py:4156} INFO - Setting next_dagrun for tutorial to 2024-11-17 00:00:00+00:00, run_after=2024-11-18 00:00:00+00:00
[2024-11-18T03:00:50.799+0000] {processor.py:208} INFO - Processing /home/airflow/.local/lib/python3.12/site-packages/airflow/example_dags/tutorial.py took 0.075 seconds
[2024-11-18T03:01:22.046+0000] {processor.py:186} INFO - Started process (PID=788) to work on /home/airflow/.local/lib/python3.12/site-packages/airflow/example_dags/tutorial.py
[2024-11-18T03:01:22.049+0000] {processor.py:914} INFO - Processing file /home/airflow/.local/lib/python3.12/site-packages/airflow/example_dags/tutorial.py for tasks to queue
[2024-11-18T03:01:22.058+0000] {logging_mixin.py:190} INFO - [2024-11-18T03:01:22.055+0000] {dagbag.py:587} INFO - Filling up the DagBag from /home/airflow/.local/lib/python3.12/site-packages/airflow/example_dags/tutorial.py
[2024-11-18T03:01:22.089+0000] {processor.py:925} INFO - DAG(s) 'tutorial' retrieved from /home/airflow/.local/lib/python3.12/site-packages/airflow/example_dags/tutorial.py
[2024-11-18T03:01:22.151+0000] {logging_mixin.py:190} INFO - [2024-11-18T03:01:22.151+0000] {dag.py:3229} INFO - Sync 1 DAGs
[2024-11-18T03:01:22.225+0000] {logging_mixin.py:190} INFO - [2024-11-18T03:01:22.225+0000] {dag.py:4156} INFO - Setting next_dagrun for tutorial to 2024-11-17 00:00:00+00:00, run_after=2024-11-18 00:00:00+00:00
[2024-11-18T03:01:22.275+0000] {processor.py:208} INFO - Processing /home/airflow/.local/lib/python3.12/site-packages/airflow/example_dags/tutorial.py took 0.249 seconds
[2024-11-18T03:01:52.349+0000] {processor.py:186} INFO - Started process (PID=850) to work on /home/airflow/.local/lib/python3.12/site-packages/airflow/example_dags/tutorial.py
[2024-11-18T03:01:52.354+0000] {processor.py:914} INFO - Processing file /home/airflow/.local/lib/python3.12/site-packages/airflow/example_dags/tutorial.py for tasks to queue
[2024-11-18T03:01:52.359+0000] {logging_mixin.py:190} INFO - [2024-11-18T03:01:52.357+0000] {dagbag.py:587} INFO - Filling up the DagBag from /home/airflow/.local/lib/python3.12/site-packages/airflow/example_dags/tutorial.py
[2024-11-18T03:01:52.375+0000] {processor.py:925} INFO - DAG(s) 'tutorial' retrieved from /home/airflow/.local/lib/python3.12/site-packages/airflow/example_dags/tutorial.py
[2024-11-18T03:01:52.419+0000] {logging_mixin.py:190} INFO - [2024-11-18T03:01:52.419+0000] {dag.py:3229} INFO - Sync 1 DAGs
[2024-11-18T03:01:52.468+0000] {logging_mixin.py:190} INFO - [2024-11-18T03:01:52.468+0000] {dag.py:4156} INFO - Setting next_dagrun for tutorial to 2024-11-17 00:00:00+00:00, run_after=2024-11-18 00:00:00+00:00
[2024-11-18T03:01:52.486+0000] {processor.py:208} INFO - Processing /home/airflow/.local/lib/python3.12/site-packages/airflow/example_dags/tutorial.py took 0.149 seconds
[2024-11-18T03:02:22.887+0000] {processor.py:186} INFO - Started process (PID=912) to work on /home/airflow/.local/lib/python3.12/site-packages/airflow/example_dags/tutorial.py
[2024-11-18T03:02:22.889+0000] {processor.py:914} INFO - Processing file /home/airflow/.local/lib/python3.12/site-packages/airflow/example_dags/tutorial.py for tasks to queue
[2024-11-18T03:02:22.893+0000] {logging_mixin.py:190} INFO - [2024-11-18T03:02:22.893+0000] {dagbag.py:587} INFO - Filling up the DagBag from /home/airflow/.local/lib/python3.12/site-packages/airflow/example_dags/tutorial.py
[2024-11-18T03:02:22.909+0000] {processor.py:925} INFO - DAG(s) 'tutorial' retrieved from /home/airflow/.local/lib/python3.12/site-packages/airflow/example_dags/tutorial.py
[2024-11-18T03:02:22.951+0000] {logging_mixin.py:190} INFO - [2024-11-18T03:02:22.951+0000] {dag.py:3229} INFO - Sync 1 DAGs
[2024-11-18T03:02:22.992+0000] {logging_mixin.py:190} INFO - [2024-11-18T03:02:22.991+0000] {dag.py:4156} INFO - Setting next_dagrun for tutorial to 2024-11-17 00:00:00+00:00, run_after=2024-11-18 00:00:00+00:00
[2024-11-18T03:02:23.008+0000] {processor.py:208} INFO - Processing /home/airflow/.local/lib/python3.12/site-packages/airflow/example_dags/tutorial.py took 0.133 seconds
[2024-11-18T03:02:53.118+0000] {processor.py:186} INFO - Started process (PID=974) to work on /home/airflow/.local/lib/python3.12/site-packages/airflow/example_dags/tutorial.py
[2024-11-18T03:02:53.122+0000] {processor.py:914} INFO - Processing file /home/airflow/.local/lib/python3.12/site-packages/airflow/example_dags/tutorial.py for tasks to queue
[2024-11-18T03:02:53.126+0000] {logging_mixin.py:190} INFO - [2024-11-18T03:02:53.126+0000] {dagbag.py:587} INFO - Filling up the DagBag from /home/airflow/.local/lib/python3.12/site-packages/airflow/example_dags/tutorial.py
[2024-11-18T03:02:53.142+0000] {processor.py:925} INFO - DAG(s) 'tutorial' retrieved from /home/airflow/.local/lib/python3.12/site-packages/airflow/example_dags/tutorial.py
[2024-11-18T03:02:53.182+0000] {logging_mixin.py:190} INFO - [2024-11-18T03:02:53.182+0000] {dag.py:3229} INFO - Sync 1 DAGs
[2024-11-18T03:02:53.222+0000] {logging_mixin.py:190} INFO - [2024-11-18T03:02:53.222+0000] {dag.py:4156} INFO - Setting next_dagrun for tutorial to 2024-11-17 00:00:00+00:00, run_after=2024-11-18 00:00:00+00:00
[2024-11-18T03:02:53.254+0000] {processor.py:208} INFO - Processing /home/airflow/.local/lib/python3.12/site-packages/airflow/example_dags/tutorial.py took 0.147 seconds
[2024-11-18T03:03:24.207+0000] {processor.py:186} INFO - Started process (PID=1035) to work on /home/airflow/.local/lib/python3.12/site-packages/airflow/example_dags/tutorial.py
[2024-11-18T03:03:24.207+0000] {processor.py:914} INFO - Processing file /home/airflow/.local/lib/python3.12/site-packages/airflow/example_dags/tutorial.py for tasks to queue
[2024-11-18T03:03:24.213+0000] {logging_mixin.py:190} INFO - [2024-11-18T03:03:24.211+0000] {dagbag.py:587} INFO - Filling up the DagBag from /home/airflow/.local/lib/python3.12/site-packages/airflow/example_dags/tutorial.py
[2024-11-18T03:03:24.229+0000] {processor.py:925} INFO - DAG(s) 'tutorial' retrieved from /home/airflow/.local/lib/python3.12/site-packages/airflow/example_dags/tutorial.py
[2024-11-18T03:03:24.266+0000] {logging_mixin.py:190} INFO - [2024-11-18T03:03:24.266+0000] {dag.py:3229} INFO - Sync 1 DAGs
[2024-11-18T03:03:24.316+0000] {logging_mixin.py:190} INFO - [2024-11-18T03:03:24.316+0000] {dag.py:4156} INFO - Setting next_dagrun for tutorial to 2024-11-17 00:00:00+00:00, run_after=2024-11-18 00:00:00+00:00
[2024-11-18T03:03:24.358+0000] {processor.py:208} INFO - Processing /home/airflow/.local/lib/python3.12/site-packages/airflow/example_dags/tutorial.py took 0.164 seconds
[2024-11-18T03:03:55.344+0000] {processor.py:186} INFO - Started process (PID=1097) to work on /home/airflow/.local/lib/python3.12/site-packages/airflow/example_dags/tutorial.py
[2024-11-18T03:03:55.347+0000] {processor.py:914} INFO - Processing file /home/airflow/.local/lib/python3.12/site-packages/airflow/example_dags/tutorial.py for tasks to queue
[2024-11-18T03:03:55.351+0000] {logging_mixin.py:190} INFO - [2024-11-18T03:03:55.351+0000] {dagbag.py:587} INFO - Filling up the DagBag from /home/airflow/.local/lib/python3.12/site-packages/airflow/example_dags/tutorial.py
[2024-11-18T03:03:55.367+0000] {processor.py:925} INFO - DAG(s) 'tutorial' retrieved from /home/airflow/.local/lib/python3.12/site-packages/airflow/example_dags/tutorial.py
[2024-11-18T03:03:55.403+0000] {logging_mixin.py:190} INFO - [2024-11-18T03:03:55.403+0000] {dag.py:3229} INFO - Sync 1 DAGs
[2024-11-18T03:03:55.449+0000] {logging_mixin.py:190} INFO - [2024-11-18T03:03:55.449+0000] {dag.py:4156} INFO - Setting next_dagrun for tutorial to 2024-11-17 00:00:00+00:00, run_after=2024-11-18 00:00:00+00:00
[2024-11-18T03:03:55.482+0000] {processor.py:208} INFO - Processing /home/airflow/.local/lib/python3.12/site-packages/airflow/example_dags/tutorial.py took 0.150 seconds
[2024-11-18T03:04:26.413+0000] {processor.py:186} INFO - Started process (PID=1159) to work on /home/airflow/.local/lib/python3.12/site-packages/airflow/example_dags/tutorial.py
[2024-11-18T03:04:26.416+0000] {processor.py:914} INFO - Processing file /home/airflow/.local/lib/python3.12/site-packages/airflow/example_dags/tutorial.py for tasks to queue
[2024-11-18T03:04:26.420+0000] {logging_mixin.py:190} INFO - [2024-11-18T03:04:26.420+0000] {dagbag.py:587} INFO - Filling up the DagBag from /home/airflow/.local/lib/python3.12/site-packages/airflow/example_dags/tutorial.py
[2024-11-18T03:04:26.436+0000] {processor.py:925} INFO - DAG(s) 'tutorial' retrieved from /home/airflow/.local/lib/python3.12/site-packages/airflow/example_dags/tutorial.py
[2024-11-18T03:04:26.541+0000] {logging_mixin.py:190} INFO - [2024-11-18T03:04:26.540+0000] {dag.py:3229} INFO - Sync 1 DAGs
[2024-11-18T03:04:26.617+0000] {logging_mixin.py:190} INFO - [2024-11-18T03:04:26.615+0000] {dag.py:4156} INFO - Setting next_dagrun for tutorial to 2024-11-17 00:00:00+00:00, run_after=2024-11-18 00:00:00+00:00
[2024-11-18T03:04:26.650+0000] {processor.py:208} INFO - Processing /home/airflow/.local/lib/python3.12/site-packages/airflow/example_dags/tutorial.py took 0.249 seconds
[2024-11-18T03:04:57.142+0000] {processor.py:186} INFO - Started process (PID=1221) to work on /home/airflow/.local/lib/python3.12/site-packages/airflow/example_dags/tutorial.py
[2024-11-18T03:04:57.142+0000] {processor.py:914} INFO - Processing file /home/airflow/.local/lib/python3.12/site-packages/airflow/example_dags/tutorial.py for tasks to queue
[2024-11-18T03:04:57.160+0000] {logging_mixin.py:190} INFO - [2024-11-18T03:04:57.160+0000] {dagbag.py:587} INFO - Filling up the DagBag from /home/airflow/.local/lib/python3.12/site-packages/airflow/example_dags/tutorial.py
[2024-11-18T03:04:57.214+0000] {processor.py:925} INFO - DAG(s) 'tutorial' retrieved from /home/airflow/.local/lib/python3.12/site-packages/airflow/example_dags/tutorial.py
[2024-11-18T03:04:57.353+0000] {logging_mixin.py:190} INFO - [2024-11-18T03:04:57.353+0000] {dag.py:3229} INFO - Sync 1 DAGs
[2024-11-18T03:04:57.502+0000] {logging_mixin.py:190} INFO - [2024-11-18T03:04:57.502+0000] {dag.py:4156} INFO - Setting next_dagrun for tutorial to 2024-11-17 00:00:00+00:00, run_after=2024-11-18 00:00:00+00:00
[2024-11-18T03:04:57.612+0000] {processor.py:208} INFO - Processing /home/airflow/.local/lib/python3.12/site-packages/airflow/example_dags/tutorial.py took 0.512 seconds
[2024-11-18T03:05:28.608+0000] {processor.py:186} INFO - Started process (PID=1283) to work on /home/airflow/.local/lib/python3.12/site-packages/airflow/example_dags/tutorial.py
[2024-11-18T03:05:28.612+0000] {processor.py:914} INFO - Processing file /home/airflow/.local/lib/python3.12/site-packages/airflow/example_dags/tutorial.py for tasks to queue
[2024-11-18T03:05:28.628+0000] {logging_mixin.py:190} INFO - [2024-11-18T03:05:28.622+0000] {dagbag.py:587} INFO - Filling up the DagBag from /home/airflow/.local/lib/python3.12/site-packages/airflow/example_dags/tutorial.py
[2024-11-18T03:05:28.667+0000] {processor.py:925} INFO - DAG(s) 'tutorial' retrieved from /home/airflow/.local/lib/python3.12/site-packages/airflow/example_dags/tutorial.py
[2024-11-18T03:05:28.754+0000] {logging_mixin.py:190} INFO - [2024-11-18T03:05:28.754+0000] {dag.py:3229} INFO - Sync 1 DAGs
[2024-11-18T03:05:28.842+0000] {logging_mixin.py:190} INFO - [2024-11-18T03:05:28.842+0000] {dag.py:4156} INFO - Setting next_dagrun for tutorial to 2024-11-17 00:00:00+00:00, run_after=2024-11-18 00:00:00+00:00
[2024-11-18T03:05:28.914+0000] {processor.py:208} INFO - Processing /home/airflow/.local/lib/python3.12/site-packages/airflow/example_dags/tutorial.py took 0.330 seconds
[2024-11-18T03:05:59.824+0000] {processor.py:186} INFO - Started process (PID=1345) to work on /home/airflow/.local/lib/python3.12/site-packages/airflow/example_dags/tutorial.py
[2024-11-18T03:05:59.827+0000] {processor.py:914} INFO - Processing file /home/airflow/.local/lib/python3.12/site-packages/airflow/example_dags/tutorial.py for tasks to queue
[2024-11-18T03:05:59.830+0000] {logging_mixin.py:190} INFO - [2024-11-18T03:05:59.830+0000] {dagbag.py:587} INFO - Filling up the DagBag from /home/airflow/.local/lib/python3.12/site-packages/airflow/example_dags/tutorial.py
[2024-11-18T03:05:59.852+0000] {processor.py:925} INFO - DAG(s) 'tutorial' retrieved from /home/airflow/.local/lib/python3.12/site-packages/airflow/example_dags/tutorial.py
[2024-11-18T03:05:59.895+0000] {logging_mixin.py:190} INFO - [2024-11-18T03:05:59.895+0000] {dag.py:3229} INFO - Sync 1 DAGs
[2024-11-18T03:05:59.941+0000] {logging_mixin.py:190} INFO - [2024-11-18T03:05:59.940+0000] {dag.py:4156} INFO - Setting next_dagrun for tutorial to 2024-11-17 00:00:00+00:00, run_after=2024-11-18 00:00:00+00:00
[2024-11-18T03:05:59.983+0000] {processor.py:208} INFO - Processing /home/airflow/.local/lib/python3.12/site-packages/airflow/example_dags/tutorial.py took 0.177 seconds
[2024-11-18T03:06:30.169+0000] {processor.py:186} INFO - Started process (PID=1406) to work on /home/airflow/.local/lib/python3.12/site-packages/airflow/example_dags/tutorial.py
[2024-11-18T03:06:30.173+0000] {processor.py:914} INFO - Processing file /home/airflow/.local/lib/python3.12/site-packages/airflow/example_dags/tutorial.py for tasks to queue
[2024-11-18T03:06:30.177+0000] {logging_mixin.py:190} INFO - [2024-11-18T03:06:30.177+0000] {dagbag.py:587} INFO - Filling up the DagBag from /home/airflow/.local/lib/python3.12/site-packages/airflow/example_dags/tutorial.py
[2024-11-18T03:06:30.191+0000] {processor.py:925} INFO - DAG(s) 'tutorial' retrieved from /home/airflow/.local/lib/python3.12/site-packages/airflow/example_dags/tutorial.py
[2024-11-18T03:06:30.208+0000] {logging_mixin.py:190} INFO - [2024-11-18T03:06:30.208+0000] {dag.py:3229} INFO - Sync 1 DAGs
[2024-11-18T03:06:30.230+0000] {logging_mixin.py:190} INFO - [2024-11-18T03:06:30.230+0000] {dag.py:4156} INFO - Setting next_dagrun for tutorial to 2024-11-17 00:00:00+00:00, run_after=2024-11-18 00:00:00+00:00
[2024-11-18T03:06:30.247+0000] {processor.py:208} INFO - Processing /home/airflow/.local/lib/python3.12/site-packages/airflow/example_dags/tutorial.py took 0.091 seconds
[2024-11-18T03:07:00.377+0000] {processor.py:186} INFO - Started process (PID=1468) to work on /home/airflow/.local/lib/python3.12/site-packages/airflow/example_dags/tutorial.py
[2024-11-18T03:07:00.378+0000] {processor.py:914} INFO - Processing file /home/airflow/.local/lib/python3.12/site-packages/airflow/example_dags/tutorial.py for tasks to queue
[2024-11-18T03:07:00.380+0000] {logging_mixin.py:190} INFO - [2024-11-18T03:07:00.380+0000] {dagbag.py:587} INFO - Filling up the DagBag from /home/airflow/.local/lib/python3.12/site-packages/airflow/example_dags/tutorial.py
[2024-11-18T03:07:00.390+0000] {processor.py:925} INFO - DAG(s) 'tutorial' retrieved from /home/airflow/.local/lib/python3.12/site-packages/airflow/example_dags/tutorial.py
[2024-11-18T03:07:00.420+0000] {logging_mixin.py:190} INFO - [2024-11-18T03:07:00.420+0000] {dag.py:3229} INFO - Sync 1 DAGs
[2024-11-18T03:07:00.445+0000] {logging_mixin.py:190} INFO - [2024-11-18T03:07:00.444+0000] {dag.py:4156} INFO - Setting next_dagrun for tutorial to 2024-11-17 00:00:00+00:00, run_after=2024-11-18 00:00:00+00:00
[2024-11-18T03:07:00.465+0000] {processor.py:208} INFO - Processing /home/airflow/.local/lib/python3.12/site-packages/airflow/example_dags/tutorial.py took 0.103 seconds
[2024-11-18T03:07:31.261+0000] {processor.py:186} INFO - Started process (PID=1529) to work on /home/airflow/.local/lib/python3.12/site-packages/airflow/example_dags/tutorial.py
[2024-11-18T03:07:31.266+0000] {processor.py:914} INFO - Processing file /home/airflow/.local/lib/python3.12/site-packages/airflow/example_dags/tutorial.py for tasks to queue
[2024-11-18T03:07:31.269+0000] {logging_mixin.py:190} INFO - [2024-11-18T03:07:31.268+0000] {dagbag.py:587} INFO - Filling up the DagBag from /home/airflow/.local/lib/python3.12/site-packages/airflow/example_dags/tutorial.py
[2024-11-18T03:07:31.283+0000] {processor.py:925} INFO - DAG(s) 'tutorial' retrieved from /home/airflow/.local/lib/python3.12/site-packages/airflow/example_dags/tutorial.py
[2024-11-18T03:07:31.302+0000] {logging_mixin.py:190} INFO - [2024-11-18T03:07:31.301+0000] {dag.py:3229} INFO - Sync 1 DAGs
[2024-11-18T03:07:31.323+0000] {logging_mixin.py:190} INFO - [2024-11-18T03:07:31.323+0000] {dag.py:4156} INFO - Setting next_dagrun for tutorial to 2024-11-17 00:00:00+00:00, run_after=2024-11-18 00:00:00+00:00
[2024-11-18T03:07:31.339+0000] {processor.py:208} INFO - Processing /home/airflow/.local/lib/python3.12/site-packages/airflow/example_dags/tutorial.py took 0.090 seconds
[2024-11-18T03:08:01.659+0000] {processor.py:186} INFO - Started process (PID=1591) to work on /home/airflow/.local/lib/python3.12/site-packages/airflow/example_dags/tutorial.py
[2024-11-18T03:08:01.666+0000] {processor.py:914} INFO - Processing file /home/airflow/.local/lib/python3.12/site-packages/airflow/example_dags/tutorial.py for tasks to queue
[2024-11-18T03:08:01.670+0000] {logging_mixin.py:190} INFO - [2024-11-18T03:08:01.670+0000] {dagbag.py:587} INFO - Filling up the DagBag from /home/airflow/.local/lib/python3.12/site-packages/airflow/example_dags/tutorial.py
[2024-11-18T03:08:01.683+0000] {processor.py:925} INFO - DAG(s) 'tutorial' retrieved from /home/airflow/.local/lib/python3.12/site-packages/airflow/example_dags/tutorial.py
[2024-11-18T03:08:01.704+0000] {logging_mixin.py:190} INFO - [2024-11-18T03:08:01.703+0000] {dag.py:3229} INFO - Sync 1 DAGs
[2024-11-18T03:08:01.727+0000] {logging_mixin.py:190} INFO - [2024-11-18T03:08:01.726+0000] {dag.py:4156} INFO - Setting next_dagrun for tutorial to 2024-11-17 00:00:00+00:00, run_after=2024-11-18 00:00:00+00:00
[2024-11-18T03:08:01.746+0000] {processor.py:208} INFO - Processing /home/airflow/.local/lib/python3.12/site-packages/airflow/example_dags/tutorial.py took 0.099 seconds
[2024-11-18T03:08:31.886+0000] {processor.py:186} INFO - Started process (PID=1655) to work on /home/airflow/.local/lib/python3.12/site-packages/airflow/example_dags/tutorial.py
[2024-11-18T03:08:31.887+0000] {processor.py:914} INFO - Processing file /home/airflow/.local/lib/python3.12/site-packages/airflow/example_dags/tutorial.py for tasks to queue
[2024-11-18T03:08:31.889+0000] {logging_mixin.py:190} INFO - [2024-11-18T03:08:31.889+0000] {dagbag.py:587} INFO - Filling up the DagBag from /home/airflow/.local/lib/python3.12/site-packages/airflow/example_dags/tutorial.py
[2024-11-18T03:08:31.897+0000] {processor.py:925} INFO - DAG(s) 'tutorial' retrieved from /home/airflow/.local/lib/python3.12/site-packages/airflow/example_dags/tutorial.py
[2024-11-18T03:08:31.917+0000] {logging_mixin.py:190} INFO - [2024-11-18T03:08:31.917+0000] {dag.py:3229} INFO - Sync 1 DAGs
[2024-11-18T03:08:31.945+0000] {logging_mixin.py:190} INFO - [2024-11-18T03:08:31.945+0000] {dag.py:4156} INFO - Setting next_dagrun for tutorial to 2024-11-17 00:00:00+00:00, run_after=2024-11-18 00:00:00+00:00
[2024-11-18T03:08:31.961+0000] {processor.py:208} INFO - Processing /home/airflow/.local/lib/python3.12/site-packages/airflow/example_dags/tutorial.py took 0.090 seconds
[2024-11-18T03:09:02.613+0000] {processor.py:186} INFO - Started process (PID=1717) to work on /home/airflow/.local/lib/python3.12/site-packages/airflow/example_dags/tutorial.py
[2024-11-18T03:09:02.619+0000] {processor.py:914} INFO - Processing file /home/airflow/.local/lib/python3.12/site-packages/airflow/example_dags/tutorial.py for tasks to queue
[2024-11-18T03:09:02.623+0000] {logging_mixin.py:190} INFO - [2024-11-18T03:09:02.623+0000] {dagbag.py:587} INFO - Filling up the DagBag from /home/airflow/.local/lib/python3.12/site-packages/airflow/example_dags/tutorial.py
[2024-11-18T03:09:02.647+0000] {processor.py:925} INFO - DAG(s) 'tutorial' retrieved from /home/airflow/.local/lib/python3.12/site-packages/airflow/example_dags/tutorial.py
[2024-11-18T03:09:02.695+0000] {logging_mixin.py:190} INFO - [2024-11-18T03:09:02.695+0000] {dag.py:3229} INFO - Sync 1 DAGs
[2024-11-18T03:09:02.746+0000] {logging_mixin.py:190} INFO - [2024-11-18T03:09:02.746+0000] {dag.py:4156} INFO - Setting next_dagrun for tutorial to 2024-11-17 00:00:00+00:00, run_after=2024-11-18 00:00:00+00:00
[2024-11-18T03:09:02.781+0000] {processor.py:208} INFO - Processing /home/airflow/.local/lib/python3.12/site-packages/airflow/example_dags/tutorial.py took 0.196 seconds
[2024-11-18T03:09:33.014+0000] {processor.py:186} INFO - Started process (PID=1780) to work on /home/airflow/.local/lib/python3.12/site-packages/airflow/example_dags/tutorial.py
[2024-11-18T03:09:33.014+0000] {processor.py:914} INFO - Processing file /home/airflow/.local/lib/python3.12/site-packages/airflow/example_dags/tutorial.py for tasks to queue
[2024-11-18T03:09:33.022+0000] {logging_mixin.py:190} INFO - [2024-11-18T03:09:33.022+0000] {dagbag.py:587} INFO - Filling up the DagBag from /home/airflow/.local/lib/python3.12/site-packages/airflow/example_dags/tutorial.py
[2024-11-18T03:09:33.040+0000] {processor.py:925} INFO - DAG(s) 'tutorial' retrieved from /home/airflow/.local/lib/python3.12/site-packages/airflow/example_dags/tutorial.py
[2024-11-18T03:09:33.080+0000] {logging_mixin.py:190} INFO - [2024-11-18T03:09:33.079+0000] {dag.py:3229} INFO - Sync 1 DAGs
[2024-11-18T03:09:33.123+0000] {logging_mixin.py:190} INFO - [2024-11-18T03:09:33.123+0000] {dag.py:4156} INFO - Setting next_dagrun for tutorial to 2024-11-17 00:00:00+00:00, run_after=2024-11-18 00:00:00+00:00
[2024-11-18T03:09:33.156+0000] {processor.py:208} INFO - Processing /home/airflow/.local/lib/python3.12/site-packages/airflow/example_dags/tutorial.py took 0.170 seconds
[2024-11-18T03:10:03.216+0000] {processor.py:186} INFO - Started process (PID=1843) to work on /home/airflow/.local/lib/python3.12/site-packages/airflow/example_dags/tutorial.py
[2024-11-18T03:10:03.216+0000] {processor.py:914} INFO - Processing file /home/airflow/.local/lib/python3.12/site-packages/airflow/example_dags/tutorial.py for tasks to queue
[2024-11-18T03:10:03.219+0000] {logging_mixin.py:190} INFO - [2024-11-18T03:10:03.218+0000] {dagbag.py:587} INFO - Filling up the DagBag from /home/airflow/.local/lib/python3.12/site-packages/airflow/example_dags/tutorial.py
[2024-11-18T03:10:03.227+0000] {processor.py:925} INFO - DAG(s) 'tutorial' retrieved from /home/airflow/.local/lib/python3.12/site-packages/airflow/example_dags/tutorial.py
[2024-11-18T03:10:03.247+0000] {logging_mixin.py:190} INFO - [2024-11-18T03:10:03.247+0000] {dag.py:3229} INFO - Sync 1 DAGs
[2024-11-18T03:10:03.271+0000] {logging_mixin.py:190} INFO - [2024-11-18T03:10:03.271+0000] {dag.py:4156} INFO - Setting next_dagrun for tutorial to 2024-11-17 00:00:00+00:00, run_after=2024-11-18 00:00:00+00:00
[2024-11-18T03:10:03.287+0000] {processor.py:208} INFO - Processing /home/airflow/.local/lib/python3.12/site-packages/airflow/example_dags/tutorial.py took 0.077 seconds
[2024-11-18T03:10:33.553+0000] {processor.py:186} INFO - Started process (PID=1905) to work on /home/airflow/.local/lib/python3.12/site-packages/airflow/example_dags/tutorial.py
[2024-11-18T03:10:33.593+0000] {processor.py:914} INFO - Processing file /home/airflow/.local/lib/python3.12/site-packages/airflow/example_dags/tutorial.py for tasks to queue
[2024-11-18T03:10:33.599+0000] {logging_mixin.py:190} INFO - [2024-11-18T03:10:33.599+0000] {dagbag.py:587} INFO - Filling up the DagBag from /home/airflow/.local/lib/python3.12/site-packages/airflow/example_dags/tutorial.py
[2024-11-18T03:10:33.621+0000] {processor.py:925} INFO - DAG(s) 'tutorial' retrieved from /home/airflow/.local/lib/python3.12/site-packages/airflow/example_dags/tutorial.py
[2024-11-18T03:10:33.662+0000] {logging_mixin.py:190} INFO - [2024-11-18T03:10:33.662+0000] {dag.py:3229} INFO - Sync 1 DAGs
[2024-11-18T03:10:33.709+0000] {logging_mixin.py:190} INFO - [2024-11-18T03:10:33.709+0000] {dag.py:4156} INFO - Setting next_dagrun for tutorial to 2024-11-17 00:00:00+00:00, run_after=2024-11-18 00:00:00+00:00
[2024-11-18T03:10:33.745+0000] {processor.py:208} INFO - Processing /home/airflow/.local/lib/python3.12/site-packages/airflow/example_dags/tutorial.py took 0.208 seconds
[2024-11-18T03:11:04.388+0000] {processor.py:186} INFO - Started process (PID=1967) to work on /home/airflow/.local/lib/python3.12/site-packages/airflow/example_dags/tutorial.py
[2024-11-18T03:11:04.394+0000] {processor.py:914} INFO - Processing file /home/airflow/.local/lib/python3.12/site-packages/airflow/example_dags/tutorial.py for tasks to queue
[2024-11-18T03:11:04.403+0000] {logging_mixin.py:190} INFO - [2024-11-18T03:11:04.403+0000] {dagbag.py:587} INFO - Filling up the DagBag from /home/airflow/.local/lib/python3.12/site-packages/airflow/example_dags/tutorial.py
[2024-11-18T03:11:04.436+0000] {processor.py:925} INFO - DAG(s) 'tutorial' retrieved from /home/airflow/.local/lib/python3.12/site-packages/airflow/example_dags/tutorial.py
[2024-11-18T03:11:04.524+0000] {logging_mixin.py:190} INFO - [2024-11-18T03:11:04.524+0000] {dag.py:3229} INFO - Sync 1 DAGs
[2024-11-18T03:11:04.621+0000] {logging_mixin.py:190} INFO - [2024-11-18T03:11:04.621+0000] {dag.py:4156} INFO - Setting next_dagrun for tutorial to 2024-11-17 00:00:00+00:00, run_after=2024-11-18 00:00:00+00:00
[2024-11-18T03:11:04.642+0000] {processor.py:208} INFO - Processing /home/airflow/.local/lib/python3.12/site-packages/airflow/example_dags/tutorial.py took 0.270 seconds
[2024-11-18T03:11:36.024+0000] {processor.py:186} INFO - Started process (PID=2029) to work on /home/airflow/.local/lib/python3.12/site-packages/airflow/example_dags/tutorial.py
[2024-11-18T03:11:36.033+0000] {processor.py:914} INFO - Processing file /home/airflow/.local/lib/python3.12/site-packages/airflow/example_dags/tutorial.py for tasks to queue
[2024-11-18T03:11:36.053+0000] {logging_mixin.py:190} INFO - [2024-11-18T03:11:36.053+0000] {dagbag.py:587} INFO - Filling up the DagBag from /home/airflow/.local/lib/python3.12/site-packages/airflow/example_dags/tutorial.py
[2024-11-18T03:11:36.089+0000] {processor.py:925} INFO - DAG(s) 'tutorial' retrieved from /home/airflow/.local/lib/python3.12/site-packages/airflow/example_dags/tutorial.py
[2024-11-18T03:11:36.161+0000] {logging_mixin.py:190} INFO - [2024-11-18T03:11:36.161+0000] {dag.py:3229} INFO - Sync 1 DAGs
[2024-11-18T03:11:36.220+0000] {logging_mixin.py:190} INFO - [2024-11-18T03:11:36.220+0000] {dag.py:4156} INFO - Setting next_dagrun for tutorial to 2024-11-17 00:00:00+00:00, run_after=2024-11-18 00:00:00+00:00
[2024-11-18T03:11:36.295+0000] {processor.py:208} INFO - Processing /home/airflow/.local/lib/python3.12/site-packages/airflow/example_dags/tutorial.py took 0.323 seconds
[2024-11-18T03:12:10.359+0000] {processor.py:186} INFO - Started process (PID=2091) to work on /home/airflow/.local/lib/python3.12/site-packages/airflow/example_dags/tutorial.py
[2024-11-18T03:12:10.417+0000] {processor.py:914} INFO - Processing file /home/airflow/.local/lib/python3.12/site-packages/airflow/example_dags/tutorial.py for tasks to queue
[2024-11-18T03:12:10.426+0000] {logging_mixin.py:190} INFO - [2024-11-18T03:12:10.426+0000] {dagbag.py:587} INFO - Filling up the DagBag from /home/airflow/.local/lib/python3.12/site-packages/airflow/example_dags/tutorial.py
[2024-11-18T03:12:10.511+0000] {processor.py:925} INFO - DAG(s) 'tutorial' retrieved from /home/airflow/.local/lib/python3.12/site-packages/airflow/example_dags/tutorial.py
[2024-11-18T03:12:10.538+0000] {logging_mixin.py:190} INFO - [2024-11-18T03:12:10.538+0000] {dag.py:3229} INFO - Sync 1 DAGs
[2024-11-18T03:12:10.597+0000] {logging_mixin.py:190} INFO - [2024-11-18T03:12:10.594+0000] {dag.py:4156} INFO - Setting next_dagrun for tutorial to 2024-11-17 00:00:00+00:00, run_after=2024-11-18 00:00:00+00:00
[2024-11-18T03:12:10.731+0000] {processor.py:208} INFO - Processing /home/airflow/.local/lib/python3.12/site-packages/airflow/example_dags/tutorial.py took 0.390 seconds
[2024-11-18T03:12:42.590+0000] {processor.py:186} INFO - Started process (PID=2154) to work on /home/airflow/.local/lib/python3.12/site-packages/airflow/example_dags/tutorial.py
[2024-11-18T03:12:42.627+0000] {processor.py:914} INFO - Processing file /home/airflow/.local/lib/python3.12/site-packages/airflow/example_dags/tutorial.py for tasks to queue
[2024-11-18T03:12:42.652+0000] {logging_mixin.py:190} INFO - [2024-11-18T03:12:42.643+0000] {dagbag.py:587} INFO - Filling up the DagBag from /home/airflow/.local/lib/python3.12/site-packages/airflow/example_dags/tutorial.py
[2024-11-18T03:12:42.777+0000] {processor.py:925} INFO - DAG(s) 'tutorial' retrieved from /home/airflow/.local/lib/python3.12/site-packages/airflow/example_dags/tutorial.py
[2024-11-18T03:12:42.828+0000] {logging_mixin.py:190} INFO - [2024-11-18T03:12:42.827+0000] {dag.py:3229} INFO - Sync 1 DAGs
[2024-11-18T03:12:42.964+0000] {logging_mixin.py:190} INFO - [2024-11-18T03:12:42.964+0000] {dag.py:4156} INFO - Setting next_dagrun for tutorial to 2024-11-17 00:00:00+00:00, run_after=2024-11-18 00:00:00+00:00
[2024-11-18T03:12:43.051+0000] {processor.py:208} INFO - Processing /home/airflow/.local/lib/python3.12/site-packages/airflow/example_dags/tutorial.py took 0.497 seconds
[2024-11-18T03:13:13.663+0000] {processor.py:186} INFO - Started process (PID=2215) to work on /home/airflow/.local/lib/python3.12/site-packages/airflow/example_dags/tutorial.py
[2024-11-18T03:13:13.769+0000] {processor.py:914} INFO - Processing file /home/airflow/.local/lib/python3.12/site-packages/airflow/example_dags/tutorial.py for tasks to queue
[2024-11-18T03:13:13.790+0000] {logging_mixin.py:190} INFO - [2024-11-18T03:13:13.788+0000] {dagbag.py:587} INFO - Filling up the DagBag from /home/airflow/.local/lib/python3.12/site-packages/airflow/example_dags/tutorial.py
[2024-11-18T03:13:13.852+0000] {processor.py:925} INFO - DAG(s) 'tutorial' retrieved from /home/airflow/.local/lib/python3.12/site-packages/airflow/example_dags/tutorial.py
[2024-11-18T03:13:13.932+0000] {logging_mixin.py:190} INFO - [2024-11-18T03:13:13.932+0000] {dag.py:3229} INFO - Sync 1 DAGs
[2024-11-18T03:13:14.079+0000] {logging_mixin.py:190} INFO - [2024-11-18T03:13:14.073+0000] {dag.py:4156} INFO - Setting next_dagrun for tutorial to 2024-11-17 00:00:00+00:00, run_after=2024-11-18 00:00:00+00:00
[2024-11-18T03:13:14.227+0000] {processor.py:208} INFO - Processing /home/airflow/.local/lib/python3.12/site-packages/airflow/example_dags/tutorial.py took 0.609 seconds
[2024-11-18T03:13:44.552+0000] {processor.py:186} INFO - Started process (PID=2277) to work on /home/airflow/.local/lib/python3.12/site-packages/airflow/example_dags/tutorial.py
[2024-11-18T03:13:44.649+0000] {processor.py:914} INFO - Processing file /home/airflow/.local/lib/python3.12/site-packages/airflow/example_dags/tutorial.py for tasks to queue
[2024-11-18T03:13:44.710+0000] {logging_mixin.py:190} INFO - [2024-11-18T03:13:44.706+0000] {dagbag.py:587} INFO - Filling up the DagBag from /home/airflow/.local/lib/python3.12/site-packages/airflow/example_dags/tutorial.py
[2024-11-18T03:13:44.737+0000] {processor.py:925} INFO - DAG(s) 'tutorial' retrieved from /home/airflow/.local/lib/python3.12/site-packages/airflow/example_dags/tutorial.py
[2024-11-18T03:13:44.878+0000] {logging_mixin.py:190} INFO - [2024-11-18T03:13:44.877+0000] {dag.py:3229} INFO - Sync 1 DAGs
[2024-11-18T03:13:44.951+0000] {logging_mixin.py:190} INFO - [2024-11-18T03:13:44.951+0000] {dag.py:4156} INFO - Setting next_dagrun for tutorial to 2024-11-17 00:00:00+00:00, run_after=2024-11-18 00:00:00+00:00
[2024-11-18T03:13:45.002+0000] {processor.py:208} INFO - Processing /home/airflow/.local/lib/python3.12/site-packages/airflow/example_dags/tutorial.py took 0.501 seconds
[2024-11-18T03:14:19.641+0000] {processor.py:186} INFO - Started process (PID=2339) to work on /home/airflow/.local/lib/python3.12/site-packages/airflow/example_dags/tutorial.py
[2024-11-18T03:14:19.716+0000] {processor.py:914} INFO - Processing file /home/airflow/.local/lib/python3.12/site-packages/airflow/example_dags/tutorial.py for tasks to queue
[2024-11-18T03:14:19.725+0000] {logging_mixin.py:190} INFO - [2024-11-18T03:14:19.725+0000] {dagbag.py:587} INFO - Filling up the DagBag from /home/airflow/.local/lib/python3.12/site-packages/airflow/example_dags/tutorial.py
[2024-11-18T03:14:19.881+0000] {processor.py:925} INFO - DAG(s) 'tutorial' retrieved from /home/airflow/.local/lib/python3.12/site-packages/airflow/example_dags/tutorial.py
[2024-11-18T03:14:20.079+0000] {logging_mixin.py:190} INFO - [2024-11-18T03:14:20.079+0000] {dag.py:3229} INFO - Sync 1 DAGs
[2024-11-18T03:14:20.206+0000] {logging_mixin.py:190} INFO - [2024-11-18T03:14:20.206+0000] {dag.py:4156} INFO - Setting next_dagrun for tutorial to 2024-11-17 00:00:00+00:00, run_after=2024-11-18 00:00:00+00:00
[2024-11-18T03:14:20.412+0000] {processor.py:208} INFO - Processing /home/airflow/.local/lib/python3.12/site-packages/airflow/example_dags/tutorial.py took 0.796 seconds
[2024-11-18T03:14:53.324+0000] {processor.py:186} INFO - Started process (PID=2401) to work on /home/airflow/.local/lib/python3.12/site-packages/airflow/example_dags/tutorial.py
[2024-11-18T03:14:53.335+0000] {processor.py:914} INFO - Processing file /home/airflow/.local/lib/python3.12/site-packages/airflow/example_dags/tutorial.py for tasks to queue
[2024-11-18T03:14:53.345+0000] {logging_mixin.py:190} INFO - [2024-11-18T03:14:53.341+0000] {dagbag.py:587} INFO - Filling up the DagBag from /home/airflow/.local/lib/python3.12/site-packages/airflow/example_dags/tutorial.py
[2024-11-18T03:14:53.387+0000] {processor.py:925} INFO - DAG(s) 'tutorial' retrieved from /home/airflow/.local/lib/python3.12/site-packages/airflow/example_dags/tutorial.py
[2024-11-18T03:14:53.534+0000] {logging_mixin.py:190} INFO - [2024-11-18T03:14:53.515+0000] {dag.py:3229} INFO - Sync 1 DAGs
[2024-11-18T03:14:53.725+0000] {logging_mixin.py:190} INFO - [2024-11-18T03:14:53.725+0000] {dag.py:4156} INFO - Setting next_dagrun for tutorial to 2024-11-17 00:00:00+00:00, run_after=2024-11-18 00:00:00+00:00
[2024-11-18T03:14:53.896+0000] {processor.py:208} INFO - Processing /home/airflow/.local/lib/python3.12/site-packages/airflow/example_dags/tutorial.py took 0.604 seconds
[2024-11-18T03:15:27.066+0000] {processor.py:186} INFO - Started process (PID=2463) to work on /home/airflow/.local/lib/python3.12/site-packages/airflow/example_dags/tutorial.py
[2024-11-18T03:15:27.070+0000] {processor.py:914} INFO - Processing file /home/airflow/.local/lib/python3.12/site-packages/airflow/example_dags/tutorial.py for tasks to queue
[2024-11-18T03:15:27.085+0000] {logging_mixin.py:190} INFO - [2024-11-18T03:15:27.081+0000] {dagbag.py:587} INFO - Filling up the DagBag from /home/airflow/.local/lib/python3.12/site-packages/airflow/example_dags/tutorial.py
[2024-11-18T03:15:27.180+0000] {processor.py:925} INFO - DAG(s) 'tutorial' retrieved from /home/airflow/.local/lib/python3.12/site-packages/airflow/example_dags/tutorial.py
[2024-11-18T03:15:27.297+0000] {logging_mixin.py:190} INFO - [2024-11-18T03:15:27.297+0000] {dag.py:3229} INFO - Sync 1 DAGs
[2024-11-18T03:15:27.434+0000] {logging_mixin.py:190} INFO - [2024-11-18T03:15:27.434+0000] {dag.py:4156} INFO - Setting next_dagrun for tutorial to 2024-11-17 00:00:00+00:00, run_after=2024-11-18 00:00:00+00:00
[2024-11-18T03:15:27.506+0000] {processor.py:208} INFO - Processing /home/airflow/.local/lib/python3.12/site-packages/airflow/example_dags/tutorial.py took 0.531 seconds
[2024-11-18T03:15:58.383+0000] {processor.py:186} INFO - Started process (PID=2523) to work on /home/airflow/.local/lib/python3.12/site-packages/airflow/example_dags/tutorial.py
[2024-11-18T03:15:58.384+0000] {processor.py:914} INFO - Processing file /home/airflow/.local/lib/python3.12/site-packages/airflow/example_dags/tutorial.py for tasks to queue
[2024-11-18T03:15:58.391+0000] {logging_mixin.py:190} INFO - [2024-11-18T03:15:58.391+0000] {dagbag.py:587} INFO - Filling up the DagBag from /home/airflow/.local/lib/python3.12/site-packages/airflow/example_dags/tutorial.py
[2024-11-18T03:15:58.497+0000] {processor.py:925} INFO - DAG(s) 'tutorial' retrieved from /home/airflow/.local/lib/python3.12/site-packages/airflow/example_dags/tutorial.py
[2024-11-18T03:15:58.542+0000] {logging_mixin.py:190} INFO - [2024-11-18T03:15:58.542+0000] {dag.py:3229} INFO - Sync 1 DAGs
[2024-11-18T03:15:58.569+0000] {logging_mixin.py:190} INFO - [2024-11-18T03:15:58.569+0000] {dag.py:4156} INFO - Setting next_dagrun for tutorial to 2024-11-17 00:00:00+00:00, run_after=2024-11-18 00:00:00+00:00
[2024-11-18T03:15:58.599+0000] {processor.py:208} INFO - Processing /home/airflow/.local/lib/python3.12/site-packages/airflow/example_dags/tutorial.py took 0.260 seconds
[2024-11-18T03:16:29.261+0000] {processor.py:186} INFO - Started process (PID=2585) to work on /home/airflow/.local/lib/python3.12/site-packages/airflow/example_dags/tutorial.py
[2024-11-18T03:16:29.272+0000] {processor.py:914} INFO - Processing file /home/airflow/.local/lib/python3.12/site-packages/airflow/example_dags/tutorial.py for tasks to queue
[2024-11-18T03:16:29.308+0000] {logging_mixin.py:190} INFO - [2024-11-18T03:16:29.304+0000] {dagbag.py:587} INFO - Filling up the DagBag from /home/airflow/.local/lib/python3.12/site-packages/airflow/example_dags/tutorial.py
[2024-11-18T03:16:29.507+0000] {processor.py:925} INFO - DAG(s) 'tutorial' retrieved from /home/airflow/.local/lib/python3.12/site-packages/airflow/example_dags/tutorial.py
[2024-11-18T03:16:29.534+0000] {logging_mixin.py:190} INFO - [2024-11-18T03:16:29.534+0000] {dag.py:3229} INFO - Sync 1 DAGs
[2024-11-18T03:16:29.611+0000] {logging_mixin.py:190} INFO - [2024-11-18T03:16:29.611+0000] {dag.py:4156} INFO - Setting next_dagrun for tutorial to 2024-11-17 00:00:00+00:00, run_after=2024-11-18 00:00:00+00:00
[2024-11-18T03:16:29.657+0000] {processor.py:208} INFO - Processing /home/airflow/.local/lib/python3.12/site-packages/airflow/example_dags/tutorial.py took 0.436 seconds
[2024-11-18T03:16:59.988+0000] {processor.py:186} INFO - Started process (PID=2646) to work on /home/airflow/.local/lib/python3.12/site-packages/airflow/example_dags/tutorial.py
[2024-11-18T03:16:59.990+0000] {processor.py:914} INFO - Processing file /home/airflow/.local/lib/python3.12/site-packages/airflow/example_dags/tutorial.py for tasks to queue
[2024-11-18T03:16:59.993+0000] {logging_mixin.py:190} INFO - [2024-11-18T03:16:59.992+0000] {dagbag.py:587} INFO - Filling up the DagBag from /home/airflow/.local/lib/python3.12/site-packages/airflow/example_dags/tutorial.py
[2024-11-18T03:17:00.006+0000] {processor.py:925} INFO - DAG(s) 'tutorial' retrieved from /home/airflow/.local/lib/python3.12/site-packages/airflow/example_dags/tutorial.py
[2024-11-18T03:17:00.034+0000] {logging_mixin.py:190} INFO - [2024-11-18T03:17:00.033+0000] {dag.py:3229} INFO - Sync 1 DAGs
[2024-11-18T03:17:00.161+0000] {logging_mixin.py:190} INFO - [2024-11-18T03:17:00.161+0000] {dag.py:4156} INFO - Setting next_dagrun for tutorial to 2024-11-17 00:00:00+00:00, run_after=2024-11-18 00:00:00+00:00
[2024-11-18T03:17:00.213+0000] {processor.py:208} INFO - Processing /home/airflow/.local/lib/python3.12/site-packages/airflow/example_dags/tutorial.py took 0.239 seconds
